<span class="irc-date">[0:11]</span> <span class="irc-navy">* DDRBoxman (~DDRBoxman@pool-71-246-197-190.washdc.fios.verizon.net) Quit (Quit: Leaving)</span><br />
<span class="irc-date">[0:11]</span> <span class="irc-green">* thedeanius (~dean@adsl-64-123-118-240.dsl.wchtks.swbell.net) has joined this channel.</span><br />
<span class="irc-date">[0:11]</span> <span class="irc-navy">* dasunsrule32 (~dasunsrul@149-169-244-230.nat.asu.edu) Quit (Ping timeout: 245 seconds)</span><br />
<span class="irc-date">[0:12]</span> <span class="irc-green">* dasunsrule32 (~dasunsrul@149-169-244-230.nat.asu.edu) has joined this channel.</span><br />
<span class="irc-date">[0:43]</span> <span class="irc-navy">* neldar (~neldar@dsl-217-172-110.pool.bitel.net) Quit (Quit: Leaving.)</span><br />
<span class="irc-date">[0:48]</span> <span class="irc-green">* wArri` (~dave.will@rrcs-72-45-254-78.nys.biz.rr.com) has joined this channel.</span><br />
<span class="irc-date">[0:48]</span> <span class="irc-navy">* wArri (~dave.will@rrcs-72-45-254-78.nys.biz.rr.com) Quit (Ping timeout: 264 seconds)</span><br />
<span class="irc-date">[1:30]</span> <span class="irc-green">* ciwrl|turkey is now known as ciwrl|away</span><br />
<span class="irc-date">[1:38]</span> <span class="irc-green">* noobnl (~noob@unaffiliated/noobnl) has joined this channel.</span><br />
<span class="irc-date">[1:58]</span> <span class="irc-green">* wArri` is now known as wArri</span><br />
<span class="irc-date">[2:33]</span> <span class="irc-green">* Kaik541 (~nertz@174.111.246.12) has joined this channel.</span><br />
<span class="irc-date">[3:00]</span> <span class="irc-black">&lt;Kaik541&gt; since I doubt any of us Americans will be on tomorrow (probably not many of us actually online right now), happy Turkey Day everyone :D</span><br />
<span class="irc-date">[3:22]</span> <span class="irc-black">&lt;Unhelpful&gt; gobble gobble</span><br />
<span class="irc-date">[3:25]</span> <span class="irc-black">&lt;Kaik541&gt; I made my first pecan pie today, and to anyone who likes pecan pie... you disgust me</span><br />
<span class="irc-date">[3:25]</span> <span class="irc-black">&lt;Kaik541&gt; it's basically nuts in floating sugar</span><br />
<span class="irc-date">[3:26]</span> <span class="irc-black">&lt;thedood&gt; high five Kaik541</span><br />
<span class="irc-date">[3:26]</span> <span class="irc-black">&lt;thedood&gt; my mom just said derby pie is pecan pie with chocolate chips</span><br />
<span class="irc-date">[3:26]</span> <span class="irc-black">&lt;thedood&gt; i think both are disguisting</span><br />
<span class="irc-date">[3:27]</span> <span class="irc-black">&lt;Kaik541&gt; I seriously just sat there looking at it going "this is corn syrup, butter, sugar, and eggs... might as well chug the stuff they make soda out of"</span><br />
<span class="irc-date">[3:28]</span> <span class="irc-black">&lt;Kaik541&gt; and I've never even heard of derby pie, but I'm not a fan of chocolate so I don't know what to think about that</span><br />
<span class="irc-date">[3:41]</span> <span class="irc-black">&lt;Unhelpful&gt; Kaik541: did you not use bourbon? :P</span><br />
<span class="irc-date">[3:47]</span> <span class="irc-black">&lt;Kaik541&gt; in the cooking? no</span><br />
<span class="irc-date">[3:47]</span> <span class="irc-black">&lt;Kaik541&gt; while cooking... today I went with sierra nevada pale ale</span><br />
<span class="irc-date">[3:51]</span> <span class="irc-black">&lt;Kaik541&gt; tomorrow will probably be a day of "Rolling Rock"</span><br />
<span class="irc-date">[3:58]</span> <span class="irc-navy">* noobnl (~noob@unaffiliated/noobnl) Quit ()</span><br />
<span class="irc-date">[4:08]</span> <span class="irc-green">* skeeterslint (~skeetersl@c-71-192-215-99.hsd1.ma.comcast.net) has joined this channel.</span><br />
<span class="irc-date">[4:38]</span> <span class="irc-green">* vikas776 (7ab08093@gateway/web/freenode/ip.122.176.128.147) has joined this channel.</span><br />
<span class="irc-date">[4:53]</span> <span class="irc-green">* jt1134 is now known as jtBeerFckinRun</span><br />
