<span class="irc-date">[0:06]</span> <span class="irc-navy">* TMC_Sherpa (~user@c-24-15-177-87.hsd1.il.comcast.net) Quit (Quit: TMC_Sherpa)</span><br />
<span class="irc-date">[0:21]</span> <span class="irc-navy">* gdanko (~gdanko@66-162-32-185.static.twtelecom.net) Quit (Quit: This computer has gone to sleep)</span><br />
<span class="irc-date">[0:29]</span> <span class="irc-green">* skeeterslint (~skeetersl@c-71-192-215-99.hsd1.ma.comcast.net) has joined this channel.</span><br />
<span class="irc-date">[0:32]</span> <span class="irc-navy">* jt|ZOMGFoodTime (~jt1134@c-71-207-226-80.hsd1.al.comcast.net) Quit (Quit: Leaving)</span><br />
<span class="irc-date">[0:35]</span> <span class="irc-black">&lt;Unhelpful&gt; coolya: to avoid having to convert the filesystems on-phone? ext2-&gt;ext4 is pretty simple, but rfs-&gt;ext4 and vice versa can really only happen via backup-format-restore</span><br />
<span class="irc-date">[0:40]</span> <span class="irc-green">* jt1134 (~jt1134@c-71-207-226-80.hsd1.al.comcast.net) has joined this channel.</span><br />
<span class="irc-date">[0:50]</span> <span class="irc-green">* skeeterslint is now known as skeeter|away</span><br />
<span class="irc-date">[0:51]</span> <span class="irc-navy">* skeeter|away (~skeetersl@c-71-192-215-99.hsd1.ma.comcast.net) Quit (Remote host closed the connection)</span><br />
<span class="irc-date">[1:24]</span> <span class="irc-green">* skeeterslint (~skeetersl@c-71-192-215-99.hsd1.ma.comcast.net) has joined this channel.</span><br />
<span class="irc-date">[1:46]</span> <span class="irc-black">&lt;Unhelpful&gt; also we should *not* be using data=writeback or barrier=0 :P</span><br />
<span class="irc-date">[1:47]</span> <span class="irc-navy">* skeeterslint (~skeetersl@c-71-192-215-99.hsd1.ma.comcast.net) Quit (Remote host closed the connection)</span><br />
<span class="irc-date">[1:49]</span> <span class="irc-green">* skeeterslint (~skeetersl@c-71-192-215-99.hsd1.ma.comcast.net) has joined this channel.</span><br />
<span class="irc-date">[1:50]</span> <span class="irc-black">&lt;noobnl&gt; make: *** [out/target/common/obj/JAVA_LIBRARIES/core_intermediates/classes.dex] Killed</span><br />
<span class="irc-date">[1:50]</span> <span class="irc-black">&lt;noobnl&gt; make: *** Waiting for unfinished jobs....</span><br />
<span class="irc-date">[1:51]</span> <span class="irc-black">&lt;noobnl&gt;  memory?  not enough memory?</span><br />
<span class="irc-date">[1:51]</span> <span class="irc-black">&lt;Unhelpful&gt; both of these options increase the chance that files will be left in an inconsistent state after crash or power loss - and afaik there's no proper umount etc on shutdown, it's *always* pretty much sync;poweroff;</span><br />
<span class="irc-date">[1:51]</span> <span class="irc-black">&lt;Unhelpful&gt; noobnl: ask dmesg, but my first thought is that it's an OOM kill, yeah.</span><br />
<span class="irc-date">[1:51]</span> <span class="irc-black">&lt;noobnl&gt; oom?</span><br />
<span class="irc-date">[1:52]</span> <span class="irc-black">&lt;Unhelpful&gt; Out Of Memory, sorry. :)</span><br />
<span class="irc-date">[1:52]</span> <span class="irc-black">&lt;noobnl&gt; [264860.511213] Out of memory: kill process 21031 (make) score 1977511 or a child</span><br />
<span class="irc-date">[1:52]</span> <span class="irc-black">&lt;noobnl&gt; [264860.511222] Killed process 23721 (java)</span><br />
<span class="irc-date">[1:52]</span> <span class="irc-black">&lt;noobnl&gt;  look like i was right!</span><br />
<span class="irc-date">[1:52]</span> <span class="irc-black">&lt;Unhelpful&gt; the kernel has a, um, system for selecting something to kill when there's been an allocation failure.</span><br />
<span class="irc-date">[1:52]</span> <span class="irc-black">&lt;Unhelpful&gt; often it works pretty well ;)</span><br />
<span class="irc-date">[1:54]</span> <span class="irc-black">&lt;noobnl&gt;  it didn't kill the memory leak</span><br />
<span class="irc-date">[1:55]</span> <span class="irc-black">&lt;noobnl&gt; fu kernel</span><br />
<span class="irc-date">[1:58]</span> <span class="irc-black">&lt;noobnl&gt;  i have no swap</span><br />
<span class="irc-date">[1:58]</span> <span class="irc-black">&lt;noobnl&gt;  wtf</span><br />
<span class="irc-date">[2:12]</span> <span class="irc-green">* jt1134 is now known as jt|BooBtime</span><br />
<span class="irc-date">[2:28]</span> <span class="irc-green">* kmobs (~kmobs@you.got.kanged.net) has joined this channel.</span><br />
<span class="irc-date">[2:28]</span> <span class="irc-green">* rwicl|work (work@work.com) has joined this channel.</span><br />
<span class="irc-date">[2:39]</span> <span class="irc-navy">* thedeanius (~dean@c-24-2-24-87.hsd1.mo.comcast.net) Quit (Quit: thedeanius)</span><br />
<span class="irc-date">[2:42]</span> <span class="irc-green">* Scepterr|AFD is now known as Scepterr|AFK</span><br />
<span class="irc-date">[2:42]</span> <span class="irc-green">* Scepterr|AFK is now known as Scepterr|AFD</span><br />
<span class="irc-date">[2:52]</span> <span class="irc-navy">* awiaI9000test (~darkBiLLy@212.36.222.87.dynamic.jazztel.es) Quit (Ping timeout: 276 seconds)</span><br />
<span class="irc-date">[3:03]</span> <span class="irc-green">* awiaI9000test (~darkBiLLy@212.36.222.87.dynamic.jazztel.es) has joined this channel.</span><br />
<span class="irc-date">[3:33]</span> <span class="irc-green">* thedeanius (~dean@c-24-2-24-87.hsd1.mo.comcast.net) has joined this channel.</span><br />
<span class="irc-date">[3:37]</span> <span class="irc-black">&lt;Unhelpful&gt; bugger, this build boots UI but setup wizard crashes on the ime selection</span><br />
<span class="irc-date">[3:47]</span> <span class="irc-navy">* awiaI9000test (~darkBiLLy@212.36.222.87.dynamic.jazztel.es) Quit (Ping timeout: 276 seconds)</span><br />
<span class="irc-date">[3:52]</span> <span class="irc-green">* Kaik541 (~nertz@cpe-174-111-246-012.triad.res.rr.com) has joined this channel.</span><br />
<span class="irc-date">[4:09]</span> <span class="irc-navy">* thedeanius (~dean@c-24-2-24-87.hsd1.mo.comcast.net) Quit (Quit: thedeanius)</span><br />
<span class="irc-date">[4:15]</span> <span class="irc-navy">* neldar (~neldar@dsl25-237.pool.bitel.net) Quit (Disconnected by services)</span><br />
<span class="irc-date">[4:15]</span> <span class="irc-green">* neldar1 (~neldar@dsl-217-166-102.pool.bitel.net) has joined this channel.</span><br />
<span class="irc-date">[4:15]</span> <span class="irc-green">* neldar1 is now known as neldar</span><br />
<span class="irc-date">[4:15]</span> <span class="irc-black">&lt;- *neldar* Bot Sentry eingeschalten:  Sie werden jetzt ignoriert!  Ihre Nachricht wird übermittelt wenn sie die folgenden Fragen innerhalb von 10 Minuten richtig beantworten:  Wie buchstabieren sie das Ergebnis (Zahl) aus 10 geteilt durch zwei?</span><br />
<span class="irc-date">[4:17]</span> <span class="irc-green">* jt|BooBtime is now known as jt1134</span><br />
<span class="irc-date">[4:26]</span> <span class="irc-green">* ciwrl|away is now known as ciwrl</span><br />
<span class="irc-date">[4:53]</span> <span class="irc-green">* thedeanius (~dean@c-24-2-24-87.hsd1.mo.comcast.net) has joined this channel.</span><br />
<span class="irc-date">[5:08]</span> <span class="irc-green">* forcystos (625528ef@gateway/web/freenode/ip.98.85.40.239) has joined this channel.</span><br />
<span class="irc-date">[5:09]</span> <span class="irc-navy">* thedeanius (~dean@c-24-2-24-87.hsd1.mo.comcast.net) Quit (Quit: thedeanius)</span><br />
<span class="irc-date">[5:09]</span> <span class="irc-black">&lt;forcystos&gt; could someone update the cmsgs manifest to include codeworkx's platform_hardware_alsa_sound?</span><br />
<span class="irc-date">[5:11]</span> <span class="irc-navy">* forcystos (625528ef@gateway/web/freenode/ip.98.85.40.239) Quit (Client Quit)</span><br />
<span class="irc-date">[5:12]</span> <span class="irc-black">&lt;skeeterslint&gt; I think its in there forcystos</span><br />
<span class="irc-date">[5:20]</span> <span class="irc-navy">* skeeterslint (~skeetersl@c-71-192-215-99.hsd1.ma.comcast.net) Quit (Remote host closed the connection)</span><br />
<span class="irc-date">[5:21]</span> <span class="irc-green">* skeeterslint (~skeetersl@c-71-192-215-99.hsd1.ma.comcast.net) has joined this channel.</span><br />
<span class="irc-date">[5:23]</span> <span class="irc-navy">* skeeterslint (~skeetersl@c-71-192-215-99.hsd1.ma.comcast.net) Quit (Remote host closed the connection)</span><br />
<span class="irc-date">[5:23]</span> <span class="irc-green">* skeeterslint (~skeetersl@c-71-192-215-99.hsd1.ma.comcast.net) has joined this channel.</span><br />
<span class="irc-date">[5:41]</span> <span class="irc-black">&lt;noobnl&gt; skeeterslint and forcystos are epic developers Unhelpful  thedood and atinm|away</span><br />
<span class="irc-date">[5:54]</span> <span class="irc-navy">* wArri (~dave.will@rrcs-72-45-254-78.nys.biz.rr.com) Quit (Read error: Connection reset by peer)</span><br />
<span class="irc-date">[5:59]</span> <span class="irc-navy">* noobnl (~noob@unaffiliated/noobnl) Quit (Ping timeout: 255 seconds)</span><br />
<span class="irc-date">[6:11]</span> <span class="irc-green">* noobnl (~noob@unaffiliated/noobnl) has joined this channel.</span><br />
<span class="irc-date">[6:11]</span> <span class="irc-green">* noobnl (~noob@unaffiliated/noobnl) has left this channel.</span><br />
<span class="irc-date">[6:21]</span> <span class="irc-green">* noobnl (~noob@unaffiliated/noobnl) has joined this channel.</span><br />
<span class="irc-date">[6:22]</span> <span class="irc-black">&lt;noobnl&gt; Scepterr|AFD</span><br />
<span class="irc-date">[6:22]</span> <span class="irc-black">&lt;noobnl&gt; skeeterslint*</span><br />
<span class="irc-date">[6:22]</span> <span class="irc-black">&lt;noobnl&gt; we need to talk</span><br />
<span class="irc-date">[6:22]</span> <span class="irc-black">&lt;noobnl&gt;  we are getting data but ip based protocal is used</span><br />
<span class="irc-date">[6:45]</span> <span class="irc-green">* jt1134 is now known as jt|sleepyface</span><br />
<span class="irc-date">[6:57]</span> <span class="irc-green">* codeworkx (~yaaic@tmo-098-16.customers.d1-online.com) has joined this channel.</span><br />
<span class="irc-date">[6:57]</span> <span class="irc-navy">* codeworkx (~yaaic@tmo-098-16.customers.d1-online.com) Quit (Client Quit)</span><br />
<span class="irc-date">[6:58]</span> <span class="irc-green">* codeworkx (~yaaic@tmo-098-16.customers.d1-online.com) has joined this channel.</span><br />
<span class="irc-date">[7:29]</span> <span class="irc-navy">* Kaik541 (~nertz@cpe-174-111-246-012.triad.res.rr.com) Quit (Ping timeout: 240 seconds)</span><br />
<span class="irc-date">[7:59]</span> <span class="irc-navy">* codeworkx (~yaaic@tmo-098-16.customers.d1-online.com) Quit (Ping timeout: 250 seconds)</span><br />
<span class="irc-date">[8:13]</span> <span class="irc-green">* ciwrl is now known as ciwrl|away</span><br />
<span class="irc-date">[8:14]</span> <span class="irc-navy">* noobnl (~noob@unaffiliated/noobnl) Quit (Ping timeout: 264 seconds)</span><br />
<span class="irc-date">[8:23]</span> <span class="irc-green">* noobnl (~noob@host-174-22-220-24.midco.net) has joined this channel.</span><br />
<span class="irc-date">[8:23]</span> <span class="irc-navy">* noobnl (~noob@host-174-22-220-24.midco.net) Quit (Changing host)</span><br />
<span class="irc-date">[8:23]</span> <span class="irc-green">* noobnl (~noob@unaffiliated/noobnl) has joined this channel.</span><br />
<span class="irc-date">[8:59]</span> <span class="irc-green">* Scepterr|AFD is now known as Scepterr|AFK</span><br />
<span class="irc-date">[9:22]</span> <span class="irc-navy">* skeeterslint (~skeetersl@c-71-192-215-99.hsd1.ma.comcast.net) Quit (Quit: Leaving)</span><br />
<span class="irc-date">[9:24]</span> <span class="irc-green">* Scepterr|AFK is now known as Scepterr|AFD</span><br />
<span class="irc-date">[10:27]</span> <span class="irc-green">* codeworkx (~yaaic@tmo-098-16.customers.d1-online.com) has joined this channel.</span><br />
<span class="irc-date">[11:39]</span> <span class="irc-navy">* codeworkx (~yaaic@tmo-098-16.customers.d1-online.com) Quit (Ping timeout: 265 seconds)</span><br />
<span class="irc-date">[12:16]</span> <span class="irc-green">* awiaI9000test (~darkBiLLy@232.36.222.87.dynamic.jazztel.es) has joined this channel.</span><br />
<span class="irc-date">[13:17]</span> <span class="irc-navy">* atinm|away (~atin@unaffiliated/atinm) Quit (Quit: atinm|away)</span><br />
<span class="irc-date">[13:40]</span> <span class="irc-green">* gdanko (~gdanko@66-162-32-185.static.twtelecom.net) has joined this channel.</span><br />
<span class="irc-date">[13:45]</span> <span class="irc-black">&lt;gdanko&gt; I think I figured out why my radio was broken.</span><br />
<span class="irc-date">[13:46]</span> <span class="irc-black">&lt;gdanko&gt; There was an extra "rild.libargs=-d /dev/ttyS0 \" in full_captivate.mk. Only one had the "[SPACE]" fix in it. So maybe the busted one overrode the good one and busted radio? Maybe.. we'll see.</span><br />
<span class="irc-date">[13:50]</span> <span class="irc-green">* thedeanius (~dean@64.151.21.178) has joined this channel.</span><br />
<span class="irc-date">[13:56]</span> <span class="irc-black">&lt;Unhelpful&gt; gdanko: i only see it once in mine...</span><br />
<span class="irc-date">[13:56]</span> <span class="irc-black">&lt;gdanko&gt; Unhelpful I had it twice in build.prop</span><br />
<span class="irc-date">[13:56]</span> <span class="irc-black">&lt;gdanko&gt; one sec</span><br />
<span class="irc-date">[13:57]</span> <span class="irc-black">&lt;gdanko&gt; <a href="https://github.com/cmsgs/android_device_samsung_captivate/commit/41814ab03cbfda1332a04953c23a0ebb4a0a7511">https://github.com/cmsgs/android_device_samsung_captivate/commit/41814ab03cbfda1332a04953c23a0ebb4a0a7511</a></span><br />
<span class="irc-date">[13:57]</span> <span class="irc-black">&lt;gdanko&gt; I am not sure why there was an extra in there. I just happened to catch it yesterday.</span><br />
<span class="irc-date">[14:00]</span> <span class="irc-black">&lt;gdanko&gt; I am watching the Trans X "Living on Video" video and these Commodore PETs are badass!</span><br />
<span class="irc-date">[14:03]</span> <span class="irc-brick">* gdanko is writing test cases for Yahoo!'s UDB proxy</span><br />
<span class="irc-date">[14:03]</span> <span class="irc-black">&lt;gdanko&gt; and a test script as well :P</span><br />
<span class="irc-date">[14:06]</span> <span class="irc-black">&lt;gdanko&gt; I am torn.. perl is more of a standard but PHP is so much easier to code in</span><br />
<span class="irc-date">[14:13]</span> <span class="irc-black">&lt;Unhelpful&gt; python. always. :P</span><br />
<span class="irc-date">[14:14]</span> <span class="irc-black">&lt;gdanko&gt; how the !@#$ do you disable ai within the vim editor :P</span><br />
<span class="irc-date">[14:14]</span> <span class="irc-black">&lt;gdanko&gt; ai is the bane of my existence</span><br />
<span class="irc-date">[14:14]</span> <span class="irc-black">&lt;gdanko&gt; aha :set noai</span><br />
<span class="irc-date">[14:15]</span> <span class="irc-black">&lt;gdanko&gt; I am old.. sheesh.. I started coding in 1979 on a PET.</span><br />
<span class="irc-date">[14:16]</span> <span class="irc-green">* forcystos (~forcystos@adsl-85-40-239.mco.bellsouth.net) has joined this channel.</span><br />
<span class="irc-date">[14:18]</span> <span class="irc-navy">* forcystos (~forcystos@adsl-85-40-239.mco.bellsouth.net) Quit (Client Quit)</span><br />
<span class="irc-date">[14:34]</span> <span class="irc-green">* wArri (~dave.will@rrcs-72-45-254-78.nys.biz.rr.com) has joined this channel.</span><br />
<span class="irc-date">[14:39]</span> <span class="irc-green">* codeworkx (~codeworkx@95-89-111-251-dynip.superkabel.de) has joined this channel.</span><br />
<span class="irc-date">[14:49]</span> <span class="irc-black">&lt;gdanko&gt; make: *** No rule to make target `vendor/cyanogen/proprietary/RomManager.apk', needed by `out/target/product/captivate/system/app/RomManager.apk'.  Stop</span><br />
<span class="irc-date">[14:49]</span> <span class="irc-black">&lt;gdanko&gt; are we including RomManager?</span><br />
<span class="irc-date">[14:50]</span> <span class="irc-black">&lt;codeworkx&gt; yes</span><br />
<span class="irc-date">[14:50]</span> <span class="irc-black">&lt;codeworkx&gt; vendor/cyanogen/get-rommanager</span><br />
<span class="irc-date">[14:50]</span> <span class="irc-black">&lt;gdanko&gt; oh damnit forgot about that script :-)</span><br />
<span class="irc-date">[14:51]</span> <span class="irc-black">&lt;gdanko&gt; codeworkx: I think I know why radio was busted for me. Testing it out.</span><br />
<span class="irc-date">[14:54]</span> <span class="irc-black">&lt;codeworkx&gt; efs?</span><br />
<span class="irc-date">[14:55]</span> <span class="irc-black">&lt;gdanko&gt; no.. where the rild args get split in half because of foreach</span><br />
<span class="irc-date">[14:55]</span> <span class="irc-black">&lt;gdanko&gt; there were two definitions for rild args in full_captivate.mk for some reason</span><br />
<span class="irc-date">[14:55]</span> <span class="irc-black">&lt;gdanko&gt; the bad one clobbered the good one</span><br />
<span class="irc-date">[14:55]</span> <span class="irc-black">&lt;gdanko&gt; so in build.prop rild args was split in two</span><br />
<span class="irc-date">[14:56]</span> <span class="irc-black">&lt;gdanko&gt; grrr build error</span><br />
<span class="irc-date">[14:56]</span> <span class="irc-black">&lt;gdanko&gt; make: *** [out/target/product/captivate/obj/EXECUTABLES/recovery_intermediates/extendedcommands.o] Error 1</span><br />
<span class="irc-date">[14:56]</span> <span class="irc-black">&lt;gdanko&gt; I just repo sync'd this am too</span><br />
<span class="irc-date">[14:57]</span> <span class="irc-black">&lt;Unhelpful&gt; gdanko: heh, i feel young now. i started on apple ][ :D</span><br />
<span class="irc-date">[14:57]</span> <span class="irc-black">&lt;gdanko&gt; hahah we had those in high school</span><br />
<span class="irc-date">[14:57]</span> <span class="irc-black">&lt;gdanko&gt; i started in 5th grade Unhelpful</span><br />
<span class="irc-date">[14:57]</span> <span class="irc-black">&lt;codeworkx&gt; gdanko, you're holding it the wrong way</span><br />
<span class="irc-date">[14:57]</span> <span class="irc-black">&lt;Unhelpful&gt; yeah, about the same for me :)</span><br />
<span class="irc-date">[14:57]</span> <span class="irc-black">&lt;Unhelpful&gt; only, my 5th grade was later than yours. :D</span><br />
<span class="irc-date">[14:58]</span> <span class="irc-black">&lt;gdanko&gt; well im older :P</span><br />
<span class="irc-date">[14:58]</span> <span class="irc-black">&lt;gdanko&gt; codeworkx: eh?</span><br />
<span class="irc-date">[14:58]</span> <span class="irc-black">&lt;gdanko&gt; these guys LOVE perl here so i kinda have to use it.</span><br />
<span class="irc-date">[14:59]</span> <span class="irc-black">&lt;Unhelpful&gt; actually might've been 3rd or 4th now i think of it. by high school it was the iigs and macs were starting to be more popular in education than the ii line.</span><br />
<span class="irc-date">[14:59]</span> <span class="irc-black">&lt;gdanko&gt; we had a handful of macs in HS, mostly the //e</span><br />
