<span class="irc-date">[0:07]</span> <span class="irc-navy">* thedeanius (~dean@64.151.21.178) Quit (Read error: Operation timed out)</span><br />
<span class="irc-date">[0:22]</span> <span class="irc-green">* thedeanius (~dean@64.151.21.178) has joined this channel.</span><br />
<span class="irc-date">[0:23]</span> <span class="irc-navy">* thedeanius (~dean@64.151.21.178) Quit (Client Quit)</span><br />
<span class="irc-date">[0:28]</span> <span class="irc-navy">* coolya (~kolja@85.8.74.199) Quit (Ping timeout: 265 seconds)</span><br />
<span class="irc-date">[0:29]</span> <span class="irc-green">* gdanko (~gdanko@99-33-178-151.lightspeed.simica.sbcglobal.net) has joined this channel.</span><br />
<span class="irc-date">[0:30]</span> <span class="irc-navy">* gdanko (~gdanko@99-33-178-151.lightspeed.simica.sbcglobal.net) Quit (Client Quit)</span><br />
<span class="irc-date">[1:16]</span> <span class="irc-green">* fenfir (~zach@r74-192-97-47.tyrdcmta01.tylrtx.tl.dh.suddenlink.net) has joined this channel.</span><br />
<span class="irc-date">[2:09]</span> <span class="irc-navy">* fenfir (~zach@r74-192-97-47.tyrdcmta01.tylrtx.tl.dh.suddenlink.net) Quit (Read error: Connection reset by peer)</span><br />
<span class="irc-date">[2:13]</span> <span class="irc-green">* thedeanius (~dean@c-24-2-24-87.hsd1.mo.comcast.net) has joined this channel.</span><br />
<span class="irc-date">[3:36]</span> <span class="irc-navy">* awiaI9000test (~darkBiLLy@108.36.222.87.dynamic.jazztel.es) Quit (Ping timeout: 276 seconds)</span><br />
<span class="irc-date">[3:48]</span> <span class="irc-green">* ciwrl|away is now known as ciwrl</span><br />
<span class="irc-date">[3:57]</span> <span class="irc-green">* dasunsrule32 (~dasunsrul@christiantechsaz.com) has joined this channel.</span><br />
<span class="irc-date">[4:15]</span> <span class="irc-green">* neldar1 (~neldar@dsl107-233.pool.bitel.net) has joined this channel.</span><br />
<span class="irc-date">[4:15]</span> <span class="irc-navy">* neldar (~neldar@dsl108-65.pool.bitel.net) Quit (Disconnected by services)</span><br />
<span class="irc-date">[4:15]</span> <span class="irc-black">&lt;- *neldar1* Bot Sentry eingeschalten:  Sie werden jetzt ignoriert!  Ihre Nachricht wird übermittelt wenn sie die folgenden Fragen innerhalb von 10 Minuten richtig beantworten:  How do you spell the result of ten div_ided by 2?</span><br />
<span class="irc-date">[4:19]</span> <span class="irc-navy">* neldar1 (~neldar@dsl107-233.pool.bitel.net) Quit (Ping timeout: 240 seconds)</span><br />
<span class="irc-date">[4:20]</span> <span class="irc-green">* neldar (~neldar@dsl24-9.pool.bitel.net) has joined this channel.</span><br />
<span class="irc-date">[4:27]</span> <span class="irc-green">* gdanko_home (~gdanko_ho@99-33-178-151.lightspeed.simica.sbcglobal.net) has joined this channel.</span><br />
<span class="irc-date">[4:41]</span> <span class="irc-green">* jt1134 (~jt1134@c-71-207-226-80.hsd1.al.comcast.net) has joined this channel.</span><br />
<span class="irc-date">[4:43]</span> <span class="irc-black">&lt;gdanko_home&gt; Hello</span><br />
<span class="irc-date">[5:01]</span> <span class="irc-black">&lt;rhcp&gt; how goes it boys?</span><br />
<span class="irc-date">[5:37]</span> <span class="irc-navy">* magote (~magote@a79-169-106-110.cpe.netcabo.pt) Quit (Ping timeout: 272 seconds)</span><br />
<span class="irc-date">[5:39]</span> <span class="irc-green">* fenfir (~fenfir@m4f2836d0.tmodns.net) has joined this channel.</span><br />
<span class="irc-date">[5:41]</span> <span class="irc-green">* magote (~magote@a79-169-106-110.cpe.netcabo.pt) has joined this channel.</span><br />
<span class="irc-date">[5:49]</span> <span class="irc-navy">* dasunsrule32 (~dasunsrul@christiantechsaz.com) Quit (Ping timeout: 255 seconds)</span><br />
<span class="irc-date">[5:51]</span> <span class="irc-navy">* fenfir (~fenfir@m4f2836d0.tmodns.net) Quit (Ping timeout: 260 seconds)</span><br />
<span class="irc-date">[6:06]</span> <span class="irc-green">* Kaik541 (~nertz@cpe-174-111-246-012.triad.res.rr.com) has joined this channel.</span><br />
<span class="irc-date">[6:12]</span> <span class="irc-green">* izibi (~julian@unaffiliated/izibi) has joined this channel.</span><br />
<span class="irc-date">[6:27]</span> <span class="irc-navy">* skeeterslint (~skeetersl@c-71-192-215-99.hsd1.ma.comcast.net) Quit (Quit: Leaving)</span><br />
<span class="irc-date">[6:48]</span> <span class="irc-navy">* jt1134 (~jt1134@c-71-207-226-80.hsd1.al.comcast.net) Quit (Quit: Leaving)</span><br />
<span class="irc-date">[6:59]</span> <span class="irc-navy">* Kaik541 (~nertz@cpe-174-111-246-012.triad.res.rr.com) Quit (Ping timeout: 250 seconds)</span><br />
<span class="irc-date">[7:15]</span> <span class="irc-green">* jt1134 (~jt1134@c-71-207-226-80.hsd1.al.comcast.net) has joined this channel.</span><br />
<span class="irc-date">[7:19]</span> <span class="irc-green">* jt1134 is now known as jt1134|sleep</span><br />
<span class="irc-date">[7:51]</span> <span class="irc-navy">* thedeanius (~dean@c-24-2-24-87.hsd1.mo.comcast.net) Quit (Quit: thedeanius)</span><br />
