<span class="irc-date">[0:02]</span> <span class="irc-green">* jt1134 (~jt1134@c-71-207-226-80.hsd1.al.comcast.net) has joined this channel.</span><br />
<span class="irc-date">[1:10]</span> <span class="irc-navy">* noobnl (~noob@unaffiliated/noobnl) Quit ()</span><br />
<span class="irc-date">[1:57]</span> <span class="irc-green">* noobnl (~noob@unaffiliated/noobnl) has joined this channel.</span><br />
<span class="irc-date">[2:39]</span> <span class="irc-green">* kmobs is now known as kmobs|raep</span><br />
<span class="irc-date">[3:15]</span> <span class="irc-green">* kmobs|raep is now known as kmobs</span><br />
<span class="irc-date">[3:16]</span> <span class="irc-green">* thedeanius (~dean@c-24-2-24-87.hsd1.mo.comcast.net) has joined this channel.</span><br />
<span class="irc-date">[3:20]</span> <span class="irc-green">* Kaik541 (~nertz@cpe-174-111-246-012.triad.res.rr.com) has joined this channel.</span><br />
<span class="irc-date">[3:45]</span> <span class="irc-navy">* jeagoss (jef@i.kanged.kingklick.org) Quit (Ping timeout: 255 seconds)</span><br />
<span class="irc-date">[3:48]</span> <span class="irc-green">* jeagoss (jef@i.kanged.kingklick.org) has joined this channel.</span><br />
<span class="irc-date">[4:14]</span> <span class="irc-green">* skeeter|away is now known as skeeterslint</span><br />
<span class="irc-date">[5:35]</span> <span class="irc-navy">* wArri (~dave.will@rrcs-72-45-254-78.nys.biz.rr.com) Quit (Ping timeout: 245 seconds)</span><br />
<span class="irc-date">[5:37]</span> <span class="irc-green">* kmobs is now known as kmobs|raep</span><br />
<span class="irc-date">[5:40]</span> <span class="irc-green">* kmobs|raep is now known as kmobs</span><br />
<span class="irc-date">[5:42]</span> <span class="irc-green">* wArri (~dave.will@rrcs-72-45-254-78.nys.biz.rr.com) has joined this channel.</span><br />
<span class="irc-date">[5:49]</span> <span class="irc-navy">* wArri (~dave.will@rrcs-72-45-254-78.nys.biz.rr.com) Quit (Ping timeout: 255 seconds)</span><br />
<span class="irc-date">[5:53]</span> <span class="irc-green">* wArri (~dave.will@rrcs-72-45-254-78.nys.biz.rr.com) has joined this channel.</span><br />
<span class="irc-date">[6:12]</span> <span class="irc-navy">* cob (~conrado@swan.dds.nl) Quit (Read error: Operation timed out)</span><br />
<span class="irc-date">[6:19]</span> <span class="irc-navy">* thedeanius (~dean@c-24-2-24-87.hsd1.mo.comcast.net) Quit (Quit: thedeanius)</span><br />
<span class="irc-date">[6:22]</span> <span class="irc-green">* cob (~conrado@swan.dds.nl) has joined this channel.</span><br />
<span class="irc-date">[6:28]</span> <span class="irc-navy">* shad0wf0x (~shad0w@d149-67-84-103.try.wideopenwest.com) Quit (Ping timeout: 276 seconds)</span><br />
<span class="irc-date">[8:05]</span> <span class="irc-navy">* skeeterslint (~skeetersl@c-71-192-215-99.hsd1.ma.comcast.net) Quit (Remote host closed the connection)</span><br />
<span class="irc-date">[8:15]</span> <span class="irc-navy">* Kaik541 (~nertz@cpe-174-111-246-012.triad.res.rr.com) Quit (Quit: Leaving)</span><br />
<span class="irc-date">[8:18]</span> <span class="irc-green">* wArri` (~dave.will@rrcs-72-45-254-78.nys.biz.rr.com) has joined this channel.</span><br />
<span class="irc-date">[8:20]</span> <span class="irc-navy">* wArri (~dave.will@rrcs-72-45-254-78.nys.biz.rr.com) Quit (Ping timeout: 245 seconds)</span><br />
<span class="irc-date">[8:32]</span> <span class="irc-green">* GuiPer_ (c3fa8fd4@gateway/web/freenode/ip.195.250.143.212) has joined this channel.</span><br />
<span class="irc-date">[10:47]</span> <span class="irc-green">* neldar (~neldar@dsl104-77.pool.bitel.net) has joined this channel.</span><br />
<span class="irc-date">[10:47]</span> <span class="irc-black">&lt;- *neldar* Bot Sentry eingeschalten:  Sie werden jetzt ignoriert!  Ihre Nachricht wird übermittelt wenn sie die folgenden Fragen innerhalb von 10 Minuten richtig beantworten:  Wie buchstabieren sie das Ergebnis (Zahl) aus 10 geteilt durch zwei?</span><br />
<span class="irc-date">[11:28]</span> <span class="irc-navy">* GuiPer_ (c3fa8fd4@gateway/web/freenode/ip.195.250.143.212) Quit (Ping timeout: 265 seconds)</span><br />
<span class="irc-date">[12:26]</span> <span class="irc-green">* thedeanius (~dean@c-24-2-24-87.hsd1.mo.comcast.net) has joined this channel.</span><br />
<span class="irc-date">[12:27]</span> <span class="irc-navy">* thedeanius (~dean@c-24-2-24-87.hsd1.mo.comcast.net) Quit (Client Quit)</span><br />
<span class="irc-date">[12:45]</span> <span class="irc-black">&lt;cob&gt; Finally managed to get the whole repo at 40KB/s</span><br />
<span class="irc-date">[12:45]</span> <span class="irc-black">&lt;cob&gt; (sometimes the crappy 3G connection would break and I'd have to start all over)</span><br />
<span class="irc-date">[13:01]</span> <span class="irc-green">* GuiPer_ (c3fa8fd4@gateway/web/freenode/ip.195.250.143.212) has joined this channel.</span><br />
<span class="irc-date">[13:03]</span> <span class="irc-black">&lt;cob&gt; there are different instructions on the Wiki and on the Developer Only Thread on XDA. The XDA thread points me to the repo from codeworkx and the wiki the cmsgs repo. Is there any difference?</span><br />
<span class="irc-date">[13:06]</span> <span class="irc-black">&lt;GuiPer_&gt; repo from codeworkx is mostly for i9000, use it if you have this device</span><br />
<span class="irc-date">[13:06]</span> <span class="irc-black">&lt;GuiPer_&gt; the repo from cmsgs is mostly for american versions of the galaxy s</span><br />
<span class="irc-date">[13:16]</span> <span class="irc-black">&lt;cob&gt; ah shit</span><br />
<span class="irc-date">[13:16]</span> <span class="irc-black">&lt;cob&gt; i got the wrong repo</span><br />
<span class="irc-date">[13:16]</span> <span class="irc-black">&lt;cob&gt; do I have to download the whole thing or is there some way to grab stuff from it?</span><br />
<span class="irc-date">[13:17]</span> <span class="irc-black">&lt;cob&gt; I mean, the different stuff</span><br />
<span class="irc-date">[13:17]</span> <span class="irc-black">&lt;cob&gt; coz ... I'm on a shitty 3G connection</span><br />
<span class="irc-date">[13:17]</span> <span class="irc-black">&lt;GuiPer_&gt; i dont think so :(</span><br />
<span class="irc-date">[13:17]</span> <span class="irc-black">&lt;GuiPer_&gt; only manually I would say</span><br />
<span class="irc-date">[13:18]</span> <span class="irc-black">&lt;cob&gt; I think downloading it again would be faster</span><br />
<span class="irc-date">[13:22]</span> <span class="irc-green">* shad0wf0x (~shad0w@d149-67-84-103.try.wideopenwest.com) has joined this channel.</span><br />
<span class="irc-date">[13:26]</span> <span class="irc-black">&lt;cob&gt; hell, lets see what happens if I just re-init the repo and fetch it over this one</span><br />
<span class="irc-date">[13:26]</span> <span class="irc-navy">* neldar (~neldar@dsl104-77.pool.bitel.net) Quit (Quit: Leaving.)</span><br />
<span class="irc-date">[13:37]</span> <span class="irc-black">&lt;cob&gt; great, it seems to be skipping the stuff I already have</span><br />
<span class="irc-date">[13:38]</span> <span class="irc-black">&lt;cob&gt; hope it'll be okay to work on this</span><br />
<span class="irc-date">[13:38]</span> <span class="irc-black">&lt;cob&gt; nice, synced</span><br />
<span class="irc-date">[13:43]</span> <span class="irc-black">&lt;GuiPer_&gt; good luck :D</span><br />
<span class="irc-date">[13:43]</span> <span class="irc-black">&lt;GuiPer_&gt; i had some troubles with it, hope it works</span><br />
<span class="irc-date">[13:44]</span> <span class="irc-black">&lt;cob&gt; building? yeah... there were some kinks. sorted them all out. problem was when I tried to do "lunch" it didn't find the specs for the phone</span><br />
<span class="irc-date">[13:44]</span> <span class="irc-black">&lt;cob&gt; also, some missing instructions about starting the adb server</span><br />
<span class="irc-date">[13:45]</span> <span class="irc-black">&lt;cob&gt; ... but I really guess they're trying to make this as noob unfriendly as possible to deter people from trying.</span><br />
<span class="irc-date">[13:45]</span> <span class="irc-black">&lt;cob&gt; so they get less whinny bitches here</span><br />
<span class="irc-date">[13:46]</span> <span class="irc-black">&lt;GuiPer_&gt; its already enough of them</span><br />
<span class="irc-date">[13:46]</span> <span class="irc-black">&lt;cob&gt; w00t, and it worked</span><br />
<span class="irc-date">[13:46]</span> <span class="irc-black">&lt;GuiPer_&gt; btw i guess you dont need the adb thing</span><br />
<span class="irc-date">[13:46]</span> <span class="irc-black">&lt;GuiPer_&gt; not so sure but i think its deprecated</span><br />
<span class="irc-date">[13:46]</span> <span class="irc-black">&lt;GuiPer_&gt; the get files</span><br />
<span class="irc-date">[13:47]</span> <span class="irc-black">&lt;cob&gt; oh, I don't know... but the instructions said it, so I followed</span><br />
<span class="irc-date">[13:47]</span> <span class="irc-black">&lt;GuiPer_&gt; i guess it cames all on prebuilt but no problem :D</span><br />
<span class="irc-date">[13:47]</span> <span class="irc-black">&lt;cob&gt; okay, so.... building. lets see where it breaks</span><br />
<span class="irc-date">[13:48]</span> <span class="irc-black">&lt;cob&gt; i think I'll go take a shower while this works</span><br />
<span class="irc-date">[13:49]</span> <span class="irc-black">&lt;GuiPer_&gt; should take at least 30 minutes, depending on your pc</span><br />
<span class="irc-date">[13:49]</span> <span class="irc-black">&lt;GuiPer_&gt; plus some 15 for kernel if you want to compile it also</span><br />
<span class="irc-date">[13:49]</span> <span class="irc-black">&lt;cob&gt; yeah, I'm going to be messing on that...</span><br />
<span class="irc-date">[13:49]</span> <span class="irc-black">&lt;cob&gt; my phone is different,its the i9000B</span><br />
<span class="irc-date">[13:50]</span> <span class="irc-black">&lt;cob&gt; bbl</span><br />
