<span class="irc-date">[0:00]</span> <span class="irc-black">&lt;gdanko&gt; no man.. i didnt know about the ssh and keys... i simply did git clone.. and git push via https url</span><br />
<span class="irc-date">[0:00]</span> <span class="irc-black">&lt;thedood&gt; me toothat shouldn't even work</span><br />
<span class="irc-date">[0:00]</span> <span class="irc-black">&lt;thedood&gt; -me too*</span><br />
<span class="irc-date">[0:02]</span> <span class="irc-black">&lt;gdanko&gt; all better</span><br />
<span class="irc-date">[0:02]</span> <span class="irc-black">&lt;gdanko&gt; im set</span><br />
<span class="irc-date">[0:02]</span> <span class="irc-black">&lt;thedood&gt; yay</span><br />
<span class="irc-date">[0:02]</span> <span class="irc-black">&lt;thedood&gt; now you has ssh key</span><br />
<span class="irc-date">[0:02]</span> <span class="irc-black">&lt;gdanko&gt; i'll validate my changes then i have to logout for a bit</span><br />
<span class="irc-date">[0:02]</span> <span class="irc-black">&lt;gdanko&gt; and build tonight</span><br />
<span class="irc-date">[0:02]</span> <span class="irc-black">&lt;thedood&gt; ohh</span><br />
<span class="irc-date">[0:02]</span> <span class="irc-black">&lt;thedood&gt; time to reflash</span><br />
<span class="irc-date">[0:03]</span> <span class="irc-black">&lt;codeworkx&gt; damn. my phone is diying</span><br />
<span class="irc-date">[0:03]</span> <span class="irc-navy">* TMC_Sherpa (~user@c-24-15-177-87.hsd1.il.comcast.net) Quit (Quit: TMC_Sherpa)</span><br />
<span class="irc-date">[0:03]</span> <span class="irc-black">&lt;gdanko&gt; <a href="https://github.com/cmsgs/android_device_samsung_captivate/commit/0ec2e3015024bb56ed07bd46e6269564e3be368e">https://github.com/cmsgs/android_device_samsung_captivate/commit/0ec2e3015024bb56ed07bd46e6269564e3be368e</a></span><br />
<span class="irc-date">[0:04]</span> <span class="irc-black">&lt;thedood&gt; gdanko: you have the other fixes?</span><br />
<span class="irc-date">[0:04]</span> <span class="irc-black">&lt;thedood&gt; you need your init.rc mod, and your BoardConfig.mk change</span><br />
<span class="irc-date">[0:04]</span> <span class="irc-black">&lt;thedood&gt; but yes, that looks right</span><br />
<span class="irc-date">[0:05]</span> <span class="irc-black">&lt;gdanko&gt; BoardConfig.mk is there</span><br />
<span class="irc-date">[0:06]</span> <span class="irc-black">&lt;thedood&gt; omg bekit</span><br />
<span class="irc-date">[0:06]</span> <span class="irc-black">&lt;gdanko&gt; i dont maintain init.rc.. codeworkx does</span><br />
<span class="irc-date">[0:06]</span> <span class="irc-black">&lt;codeworkx&gt; init.rc changes are already done</span><br />
<span class="irc-date">[0:06]</span> <span class="irc-black">&lt;codeworkx&gt; @gdanko</span><br />
<span class="irc-date">[0:06]</span> <span class="irc-black">&lt;gdanko&gt; thedood: <a href="https://github.com/cmsgs/android_device_samsung_captivate/commit/b45b9f2a195626a3c26683dabd75f239ce2269d3#diff-0">https://github.com/cmsgs/android_device_samsung_captivate/commit/b45b9f2a195626a3c26683dabd75f239ce2269d3#diff-0</a></span><br />
<span class="irc-date">[0:06]</span> <span class="irc-black">&lt;gdanko&gt; codeworkx: awesome</span><br />
<span class="irc-date">[0:06]</span> <span class="irc-black">&lt;gdanko&gt; bbiab guys</span><br />
<span class="irc-date">[0:07]</span> <span class="irc-black">&lt;thedood&gt; sick</span><br />
<span class="irc-date">[0:07]</span> <span class="irc-black">&lt;thedood&gt; later</span><br />
<span class="irc-date">[0:07]</span> <span class="irc-black">&lt;gdanko&gt; l8r</span><br />
<span class="irc-date">[0:07]</span> <span class="irc-navy">* gdanko (~gdanko@66-162-32-185.static.twtelecom.net) Quit (Quit: This computer has gone to sleep)</span><br />
<span class="irc-date">[0:08]</span> <span class="irc-black">&lt;codeworkx&gt; i think my internal sd is fucked up</span><br />
<span class="irc-date">[0:08]</span> <span class="irc-black">&lt;thedood&gt; oh?</span><br />
<span class="irc-date">[0:09]</span> <span class="irc-black">&lt;thedood&gt; you may have formatted it funky</span><br />
<span class="irc-date">[0:09]</span> <span class="irc-black">&lt;codeworkx&gt; i just copied update.zip to it. now its doing crazy shit</span><br />
<span class="irc-date">[0:09]</span> <span class="irc-black">&lt;codeworkx&gt; whole android crashes. after reboot it tries to fix sdcard but then crashes too</span><br />
<span class="irc-date">[0:10]</span> <span class="irc-black">&lt;thedood&gt; sounds like project voodoo</span><br />
<span class="irc-date">[0:10]</span> <span class="irc-black">&lt;codeworkx&gt; my backups are there xD</span><br />
<span class="irc-date">[0:10]</span> <span class="irc-black">&lt;codeworkx&gt; echo /dev/block/mmcblk0 &gt; /sys/devices/platform/s3c-usbgadget/gadget/lun1/file</span><br />
<span class="irc-date">[0:10]</span> <span class="irc-black">&lt;codeworkx&gt; best command ever</span><br />
<span class="irc-date">[0:11]</span> <span class="irc-black">&lt;thedood&gt; what's that do?</span><br />
<span class="irc-date">[0:11]</span> <span class="irc-black">&lt;codeworkx&gt; mounts sdcards to usb</span><br />
<span class="irc-date">[0:11]</span> <span class="irc-black">&lt;codeworkx&gt; eg at recovery</span><br />
<span class="irc-date">[0:15]</span> <span class="irc-black">&lt;thedood&gt; yeah</span><br />
<span class="irc-date">[0:15]</span> <span class="irc-black">&lt;thedood&gt; i did not know that</span><br />
<span class="irc-date">[0:31]</span> <span class="irc-black">&lt;codeworkx&gt;  /mnt/sdcard/media/music and music points to media. unendless loop</span><br />
<span class="irc-date">[0:35]</span> <span class="irc-black">&lt;thedood&gt; uh</span><br />
<span class="irc-date">[0:35]</span> <span class="irc-black">&lt;thedood&gt; i don't have media/music</span><br />
<span class="irc-date">[0:35]</span> <span class="irc-black">&lt;thedood&gt; watch one of the 'she ate a whole xxx' video</span><br />
<span class="irc-date">[0:35]</span> <span class="irc-black">&lt;thedood&gt; damnit</span><br />
<span class="irc-date">[0:36]</span> <span class="irc-black">&lt;codeworkx&gt; dd if=/dev/zero of=/dev/block/mmcblk0p1</span><br />
<span class="irc-date">[0:36]</span> <span class="irc-black">&lt;thedood&gt; i'm pretty sure you did something weird to your mmc</span><br />
<span class="irc-date">[0:36]</span> <span class="irc-black">&lt;codeworkx&gt; if this doesn't fix it, i'll have to send it back to samsung -.-</span><br />
<span class="irc-date">[0:36]</span> <span class="irc-black">&lt;thedood&gt; nowai</span><br />
<span class="irc-date">[0:37]</span> <span class="irc-black">&lt;codeworkx&gt; i just copied update.zip through usb to sdcard</span><br />
<span class="irc-date">[0:37]</span> <span class="irc-black">&lt;codeworkx&gt; nothing else</span><br />
<span class="irc-date">[0:37]</span> <span class="irc-black">&lt;codeworkx&gt; then it was fucked up</span><br />
<span class="irc-date">[0:39]</span> <span class="irc-black">&lt;GuiPer&gt; :S</span><br />
<span class="irc-date">[0:40]</span> <span class="irc-black">&lt;GuiPer&gt; hope you solve it</span><br />
<span class="irc-date">[0:41]</span> <span class="irc-black">&lt;codeworkx&gt; yeah, with my very big hammer</span><br />
<span class="irc-date">[0:41]</span> <span class="irc-black">&lt;codeworkx&gt; solved all problems till now</span><br />
<span class="irc-date">[0:41]</span> <span class="irc-black">&lt;coolya&gt; dd if=dev/null is the universal filesystem error fix :-D</span><br />
<span class="irc-date">[0:41]</span> <span class="irc-black">&lt;GuiPer&gt; flashing potential fix to tetherings</span><br />
<span class="irc-date">[0:42]</span> <span class="irc-brick">* Unhelpful thinks that if just formatting it doesn't help nothing else is likely to :P</span><br />
<span class="irc-date">[0:43]</span> <span class="irc-black">&lt;codeworkx&gt; oO</span><br />
<span class="irc-date">[0:43]</span> <span class="irc-black">&lt;codeworkx&gt; unhelpful... damn</span><br />
<span class="irc-date">[0:43]</span> <span class="irc-black">&lt;codeworkx&gt; dont do that</span><br />
<span class="irc-date">[0:43]</span> <span class="irc-black">&lt;codeworkx&gt; this is my holy green little droid! cant live without</span><br />
<span class="irc-date">[0:43]</span> <span class="irc-black">&lt;Unhelpful&gt; codeworkx: well, you could use dd and *then* format it :P</span><br />
<span class="irc-date">[0:43]</span> <span class="irc-black">&lt;thedood&gt; dudes</span><br />
<span class="irc-date">[0:43]</span> <span class="irc-black">&lt;codeworkx&gt; already trying</span><br />
<span class="irc-date">[0:43]</span> <span class="irc-black">&lt;thedood&gt; use a full stock odin</span><br />
<span class="irc-date">[0:44]</span> <span class="irc-black">&lt;codeworkx&gt; odin doesn't touch sdcard i think</span><br />
<span class="irc-date">[0:44]</span> <span class="irc-black">&lt;codeworkx&gt; maybe i should try fdisk</span><br />
<span class="irc-date">[0:44]</span> <span class="irc-black">&lt;Unhelpful&gt; i beileve the "master clear" option in odin will format sdcard...</span><br />
<span class="irc-date">[0:44]</span> <span class="irc-black">&lt;codeworkx&gt; uhhhh</span><br />
<span class="irc-date">[0:44]</span> <span class="irc-black">&lt;codeworkx&gt; efs, too? xD</span><br />
<span class="irc-date">[0:45]</span> <span class="irc-black">&lt;Unhelpful&gt; does it? damn. :(</span><br />
<span class="irc-date">[0:45]</span> <span class="irc-black">&lt;codeworkx&gt; dont know</span><br />
<span class="irc-date">[0:45]</span> <span class="irc-black">&lt;codeworkx&gt; will try it ;-)</span><br />
<span class="irc-date">[0:46]</span> <span class="irc-black">&lt;Unhelpful&gt; really just formatting it ought to do. :P</span><br />
<span class="irc-date">[0:46]</span> <span class="irc-black">&lt;thedood&gt; yeah</span><br />
<span class="irc-date">[0:46]</span> <span class="irc-black">&lt;thedood&gt; shit's jacked</span><br />
<span class="irc-date">[0:47]</span> <span class="irc-black">&lt;codeworkx&gt; ok, need windoze</span><br />
<span class="irc-date">[0:47]</span> <span class="irc-black">&lt;GuiPer&gt; I/DEBUG   ( 2384):     beb02be4  0000dd85  /system/bin/iptables</span><br />
<span class="irc-date">[0:47]</span> <span class="irc-black">&lt;codeworkx&gt; brb</span><br />
<span class="irc-date">[0:47]</span> <span class="irc-black">&lt;GuiPer&gt; I/logwrapper( 2383): /system/bin/iptables terminated by signal 11</span><br />
<span class="irc-date">[0:47]</span> <span class="irc-black">&lt;GuiPer&gt; :(</span><br />
<span class="irc-date">[0:47]</span> <span class="irc-black">&lt;GuiPer&gt; oki problem now on iptables...</span><br />
<span class="irc-date">[0:47]</span> <span class="irc-black">&lt;codeworkx&gt; u fucked it up!</span><br />
<span class="irc-date">[0:47]</span> <span class="irc-black">&lt;GuiPer&gt; not on tethering side</span><br />
<span class="irc-date">[0:47]</span> <span class="irc-black">&lt;coolya&gt; lol</span><br />
<span class="irc-date">[0:48]</span> <span class="irc-black">&lt;codeworkx&gt; no problem. need more errors. fixing errors makes fun</span><br />
<span class="irc-date">[0:48]</span> <span class="irc-black">&lt;codeworkx&gt; xD</span><br />
<span class="irc-date">[0:48]</span> <span class="irc-green">* neldar (~neldar@dsl-217-165-89.pool.bitel.net) has joined this channel.</span><br />
<span class="irc-date">[0:48]</span> <span class="irc-black">&lt;- *neldar* Bot Sentry eingeschalten:  Sie werden jetzt ignoriert!  Ihre Nachricht wird übermittelt wenn sie die folgenden Fragen innerhalb von 10 Minuten richtig beantworten:  Wie buchstabieren sie die Zahl 10?</span><br />
<span class="irc-date">[0:48]</span> <span class="irc-black">&lt;thedood&gt; there's still something very fucked</span><br />
<span class="irc-date">[0:48]</span> <span class="irc-black">&lt;GuiPer&gt; can i send you the corrected file via mail?</span><br />
<span class="irc-date">[0:48]</span> <span class="irc-black">&lt;thedood&gt; i lost my ability to apps2sd froyo style</span><br />
<span class="irc-date">[0:48]</span> <span class="irc-navy">* codeworkx (~codeworkx@95-89-111-251-dynip.superkabel.de) Quit (Remote host closed the connection)</span><br />
<span class="irc-date">[0:48]</span> <span class="irc-brick">* Unhelpful saw that when he tried see if bad iptables were to blame for his troubles w/ dns on wifi</span><br />
<span class="irc-date">[0:49]</span> <span class="irc-black">&lt;Unhelpful&gt; but i'm starting to think my dns server needs a kick because i'm noticing problems browsing on wifi in cognition as well as cm</span><br />
<span class="irc-date">[0:52]</span> <span class="irc-green">* codeworkx (~codeworkx@95-89-111-251-dynip.superkabel.de) has joined this channel.</span><br />
<span class="irc-date">[0:53]</span> <span class="irc-black">&lt;codeworkx&gt; hmm. theres no master clear</span><br />
<span class="irc-date">[0:54]</span> <span class="irc-brick">* Unhelpful thinks that may be only in the odin OCD?</span><br />
<span class="irc-date">[0:55]</span> <span class="irc-navy">* GuiPer (~GuiPer@ip-86-49-25-242.net.upcbroadband.cz) Quit (Ping timeout: 245 seconds)</span><br />
<span class="irc-date">[0:56]</span> <span class="irc-black">&lt;codeworkx&gt; Boot your phone up normally with usb debugging on         Click Master Clear</span><br />
<span class="irc-date">[0:56]</span> <span class="irc-black">&lt;codeworkx&gt; haha</span><br />
<span class="irc-date">[0:56]</span> <span class="irc-black">&lt;codeworkx&gt; i'm not able to boot up xD</span><br />
<span class="irc-date">[0:58]</span> <span class="irc-black">&lt;Unhelpful&gt; can you boot recovery? and do you have a kernel handy w/ clockwork recovery in the initramfs?</span><br />
<span class="irc-date">[0:58]</span> <span class="irc-black">&lt;codeworkx&gt; yes</span><br />
<span class="irc-date">[0:59]</span> <span class="irc-black">&lt;Unhelpful&gt; you could try to format mmcblk0p1 w/ fat.format?</span><br />
<span class="irc-date">[0:59]</span> <span class="irc-black">&lt;codeworkx&gt; said success but the damn unendless folder is still there</span><br />
<span class="irc-date">[0:59]</span> <span class="irc-black">&lt;codeworkx&gt; and fsck goes totally crazy</span><br />
<span class="irc-date">[0:59]</span> <span class="irc-black">&lt;Unhelpful&gt; maybe try mkdosfs (or is it mkfs.msdos?)</span><br />
<span class="irc-date">[1:00]</span> <span class="irc-green">* atinm is now known as atinm|away</span><br />
<span class="irc-date">[1:01]</span> <span class="irc-black">&lt;thedood&gt; do you have something crazy in your init.rc that symlinks the folders?</span><br />
<span class="irc-date">[1:01]</span> <span class="irc-black">&lt;Unhelpful&gt; if you see impossible filesystem contents, something is wrong w the filesystem. and if they're still there after a format program says it worked, it lied to you.</span><br />
<span class="irc-date">[1:02]</span> <span class="irc-black">&lt;Unhelpful&gt; thedood: vfat doesn't even have symlinks...</span><br />
<span class="irc-date">[1:02]</span> <span class="irc-black">&lt;thedood&gt; speaking of wrong</span><br />
<span class="irc-date">[1:02]</span> <span class="irc-black">&lt;thedood&gt; /dev/block/vold/179:9    14.9G      9.8G      5.1G  66% /mnt/sdcard</span><br />
<span class="irc-date">[1:02]</span> <span class="irc-black">&lt;thedood&gt; /dev/block/vold/179:9    13.0G      3.6G      9.5G  27% /mnt/secure/asec</span><br />
<span class="irc-date">[1:02]</span> <span class="irc-black">&lt;thedood&gt; /dev/block/vold/179:1    13.0G      3.6G      9.5G  27% /mnt/emmc</span><br />
<span class="irc-date">[1:02]</span> <span class="irc-black">&lt;thedood&gt; /dev/block/vold/179:1    13.0G      3.6G      9.5G  27% /mnt/secure/asec</span><br />
<span class="irc-date">[1:02]</span> <span class="irc-black">&lt;thedood&gt; ^^^ that shit is wrrrroooooong</span><br />
<span class="irc-date">[1:02]</span> <span class="irc-black">&lt;Unhelpful&gt; rfs does, but mmcblk0p1 should not be mounted as rfs.</span><br />
<span class="irc-date">[1:03]</span> <span class="irc-black">&lt;Unhelpful&gt; thedood: that's what bind mounts look like in df...</span><br />
<span class="irc-date">[1:03]</span> <span class="irc-black">&lt;thedood&gt; why is it bind mounting asec twice?</span><br />
<span class="irc-date">[1:03]</span> <span class="irc-black">&lt;thedood&gt; also...where would it be doing that</span><br />
<span class="irc-date">[1:03]</span> <span class="irc-black">&lt;Unhelpful&gt; that i don't know. :)</span><br />
<span class="irc-date">[1:03]</span> <span class="irc-black">&lt;Unhelpful&gt; just saying, a bind mount looks munt like another mount of the same filesystem</span><br />
<span class="irc-date">[1:03]</span> <span class="irc-black">&lt;Unhelpful&gt; or can in the right utilities, anyway.</span><br />
<span class="irc-date">[1:04]</span> <span class="irc-black">&lt;thedood&gt; oh oh oh</span><br />
<span class="irc-date">[1:04]</span> <span class="irc-black">&lt;thedood&gt; i see my problem</span><br />
<span class="irc-date">[1:05]</span> <span class="irc-black">&lt;Unhelpful&gt; oh?</span><br />
<span class="irc-date">[1:05]</span> <span class="irc-black">&lt;thedood&gt; well</span><br />
<span class="irc-date">[1:05]</span> <span class="irc-black">&lt;thedood&gt; maybe</span><br />
<span class="irc-date">[1:05]</span> <span class="irc-black">&lt;thedood&gt; sammy does to asec's</span><br />
<span class="irc-date">[1:05]</span> <span class="irc-black">&lt;thedood&gt; two*</span><br />
<span class="irc-date">[1:08]</span> <span class="irc-black">&lt;Unhelpful&gt; makes... perfect... sense? :/</span><br />
<span class="irc-date">[1:08]</span> <span class="irc-black">&lt;codeworkx&gt; -&gt; /system/xbin/busybox mkdosfs /dev/block/mmcblk0p1 mkdosfs: lseek: Value too large for defined data type</span><br />
<span class="irc-date">[1:09]</span> <span class="irc-black">&lt;Unhelpful&gt; hah, wtf. fdisk and make sure the partition table is valid?</span><br />
<span class="irc-date">[1:11]</span> <span class="irc-black">&lt;codeworkx&gt; : /dev/block/mmcblk0p1               5      757760     6062048   c Win95 FAT32 (LBA) Partition 1 does not end on cylinder boundary</span><br />
<span class="irc-date">[1:17]</span> <span class="irc-black">&lt;codeworkx&gt; windows tries to format my card xD</span><br />
<span class="irc-date">[1:19]</span> <span class="irc-black">&lt;codeworkx&gt; oh, think that will take 15 minutes</span><br />
<span class="irc-date">[1:19]</span> <span class="irc-navy">* noobnl (~noob@unaffiliated/noobnl) Quit (Ping timeout: 265 seconds)</span><br />
<span class="irc-date">[1:19]</span> <span class="irc-black">&lt;codeworkx&gt; hope it works</span><br />
<span class="irc-date">[1:25]</span> <span class="irc-green">* noobnl (~noob@host-174-22-220-24.midco.net) has joined this channel.</span><br />
<span class="irc-date">[1:25]</span> <span class="irc-navy">* noobnl (~noob@host-174-22-220-24.midco.net) Quit (Changing host)</span><br />
<span class="irc-date">[1:25]</span> <span class="irc-green">* noobnl (~noob@unaffiliated/noobnl) has joined this channel.</span><br />
<span class="irc-date">[1:32]</span> <span class="irc-green">* forcystos (625521bf@gateway/web/freenode/ip.98.85.33.191) has joined this channel.</span><br />
<span class="irc-date">[1:36]</span> <span class="irc-green">* Kaik541 (~nertz@cpe-174-111-246-012.triad.res.rr.com) has joined this channel.</span><br />
<span class="irc-date">[1:38]</span> <span class="irc-green">* awiaI9000test (~darkBiLLy@24.36.222.87.dynamic.jazztel.es) has joined this channel.</span><br />
<span class="irc-date">[1:41]</span> <span class="irc-black">&lt;Kaik541&gt; heh, I find it funny how many typo's show up in samsung's stuff</span><br />
<span class="irc-date">[1:41]</span> <span class="irc-black">&lt;Kaik541&gt; "externel" sd card</span><br />
<span class="irc-date">[1:41]</span> <span class="irc-black">&lt;Kaik541&gt; "update is failed"</span><br />
<span class="irc-date">[1:41]</span> <span class="irc-black">&lt;Kaik541&gt; "appling changes"</span><br />
<span class="irc-date">[1:58]</span> <span class="irc-black">&lt;Unhelpful&gt; yay for the power of ESL ;)</span><br />
<span class="irc-date">[2:03]</span> <span class="irc-black">&lt;noobnl&gt; ffu</span><br />
<span class="irc-date">[2:04]</span> <span class="irc-black">&lt;noobnl&gt; i got it booting</span><br />
<span class="irc-date">[2:04]</span> <span class="irc-black">&lt;noobnl&gt;  but fcloses everywhere</span><br />
<span class="irc-date">[2:04]</span> <span class="irc-black">&lt;noobnl&gt;  32 kernel</span><br />
<span class="irc-date">[2:04]</span> <span class="irc-black">&lt;noobnl&gt; using</span><br />
<span class="irc-date">[2:04]</span> <span class="irc-black">&lt;noobnl&gt; help?</span><br />
<span class="irc-date">[2:05]</span> <span class="irc-black">&lt;noobnl&gt;  or i should use the ultilty?</span><br />
<span class="irc-date">[2:05]</span> <span class="irc-black">&lt;Unhelpful&gt; noobnl: are you using /cache/dalvik-cache for the dalvik system cache?</span><br />
<span class="irc-date">[2:05]</span> <span class="irc-black">&lt;noobnl&gt; yes</span><br />
<span class="irc-date">[2:06]</span> <span class="irc-black">&lt;noobnl&gt; i set the permission</span><br />
<span class="irc-date">[2:06]</span> <span class="irc-black">&lt;noobnl&gt;  manually</span><br />
<span class="irc-date">[2:06]</span> <span class="irc-black">&lt;noobnl&gt; i am running the stock dk05</span><br />
<span class="irc-date">[2:06]</span> <span class="irc-black">&lt;noobnl&gt;  kernel</span><br />
<span class="irc-date">[2:06]</span> <span class="irc-black">&lt;Unhelpful&gt; yeah, well, i got that even w/ permissions fixed. what's in your logcat?</span><br />
<span class="irc-date">[2:07]</span> <span class="irc-black">&lt;noobnl&gt; ,,</span><br />
<span class="irc-date">[2:07]</span> <span class="irc-black">&lt;noobnl&gt; i can't use adb</span><br />
<span class="irc-date">[2:08]</span> <span class="irc-navy">* forcystos (625521bf@gateway/web/freenode/ip.98.85.33.191) Quit (Ping timeout: 265 seconds)</span><br />
<span class="irc-date">[2:08]</span> <span class="irc-black">&lt;skeeterslint&gt; noobnl yuo got cm6 booting with the dk05 kernel?</span><br />
<span class="irc-date">[2:08]</span> <span class="irc-black">&lt;noobnl&gt;  because it the stock dk05 kernel</span><br />
<span class="irc-date">[2:09]</span> <span class="irc-black">&lt;noobnl&gt; yup</span><br />
<span class="irc-date">[2:09]</span> <span class="irc-black">&lt;noobnl&gt;  runing fine</span><br />
<span class="irc-date">[2:09]</span> <span class="irc-black">&lt;noobnl&gt;  but fcloses</span><br />
<span class="irc-date">[2:09]</span> <span class="irc-black">&lt;skeeterslint&gt; hmmm i tried it the other day it wouldn't boot</span><br />
<span class="irc-date">[2:09]</span> <span class="irc-black">&lt;Unhelpful&gt; oh, ick. anway, you might want to add vm.dalvik.dexopt-data-only=1 to build.prop</span><br />
<span class="irc-date">[2:09]</span> <span class="irc-black">&lt;Unhelpful&gt; also modify initramfs to start adb :)</span><br />
<span class="irc-date">[2:10]</span> <span class="irc-black">&lt;noobnl&gt;  # mkdir /cache/dalvik-cache</span><br />
<span class="irc-date">[2:10]</span> <span class="irc-black">&lt;noobnl&gt; kdir /cache/dalvik-cache</span><br />
<span class="irc-date">[2:10]</span> <span class="irc-black">&lt;noobnl&gt;  #  chown system system /cache/dalvik-cache</span><br />
<span class="irc-date">[2:10]</span> <span class="irc-black">&lt;noobnl&gt; chown system system /cache/dalvik-cache</span><br />
<span class="irc-date">[2:10]</span> <span class="irc-black">&lt;noobnl&gt;  # chmod 0771 /cache/dalvik-cache</span><br />
<span class="irc-date">[2:10]</span> <span class="irc-black">&lt;noobnl&gt; i have recovery</span><br />
<span class="irc-date">[2:10]</span> <span class="irc-black">&lt;noobnl&gt; lol</span><br />
<span class="irc-date">[2:10]</span> <span class="irc-black">&lt;noobnl&gt; ty Unhelpful</span><br />
<span class="irc-date">[2:11]</span> <span class="irc-black">&lt;Unhelpful&gt; /cache/dalvik-cache simply refused to work for me</span><br />
<span class="irc-date">[2:13]</span> <span class="irc-navy">* noobnl (~noob@unaffiliated/noobnl) Quit (Read error: Connection reset by peer)</span><br />
<span class="irc-date">[2:14]</span> <span class="irc-green">* noobnl (~noob@host-174-22-220-24.midco.net) has joined this channel.</span><br />
<span class="irc-date">[2:14]</span> <span class="irc-navy">* noobnl (~noob@host-174-22-220-24.midco.net) Quit (Changing host)</span><br />
<span class="irc-date">[2:14]</span> <span class="irc-green">* noobnl (~noob@unaffiliated/noobnl) has joined this channel.</span><br />
<span class="irc-date">[2:14]</span> <span class="irc-black">&lt;codeworkx&gt; still formating -,-</span><br />
<span class="irc-date">[2:15]</span> <span class="irc-black">&lt;codeworkx&gt; unhelpful /cache is too small for CM</span><br />
<span class="irc-date">[2:15]</span> <span class="irc-black">&lt;codeworkx&gt; symlink dalvik-cache to dbdata</span><br />
<span class="irc-date">[2:15]</span> <span class="irc-black">&lt;codeworkx&gt; theres enough space</span><br />
<span class="irc-date">[2:16]</span> <span class="irc-green">* wArri (~dave.will@rrcs-72-45-254-78.nys.biz.rr.com) has joined this channel.</span><br />
<span class="irc-date">[2:16]</span> <span class="irc-black">&lt;Unhelpful&gt; codeworkx: that failed for me also, i was never able to find a cause but vm.dalvik.dexopt-data-only=1 worked for me and making a symlink, even after checking permissions on the target, didn't.</span><br />
<span class="irc-date">[2:18]</span> <span class="irc-black">&lt;noobnl&gt;  sensdor working!</span><br />
<span class="irc-date">[2:20]</span> <span class="irc-black">&lt;noobnl&gt;  fcloses still Unhelpful</span><br />
<span class="irc-date">[2:20]</span> <span class="irc-black">&lt;Unhelpful&gt; then you need to find some way to get logcat :/</span><br />
<span class="irc-date">[2:20]</span> <span class="irc-black">&lt;codeworkx&gt; yeah, 50% formated</span><br />
<span class="irc-date">[2:21]</span> <span class="irc-black">&lt;Unhelpful&gt; format should take *seconds* :/</span><br />
<span class="irc-date">[2:21]</span> <span class="irc-black">&lt;codeworkx&gt; windows -&gt; usb -&gt; phone</span><br />
<span class="irc-date">[2:22]</span> <span class="irc-black">&lt;codeworkx&gt; no quickformat</span><br />
<span class="irc-date">[2:32]</span> <span class="irc-green">* forcystos (625521bf@gateway/web/freenode/ip.98.85.33.191) has joined this channel.</span><br />
<span class="irc-date">[2:35]</span> <span class="irc-navy">* noobnl (~noob@unaffiliated/noobnl) Quit (Ping timeout: 245 seconds)</span><br />
<span class="irc-date">[2:35]</span> <span class="irc-green">* noobnl (~noob@unaffiliated/noobnl) has joined this channel.</span><br />
<span class="irc-date">[2:37]</span> <span class="irc-black">&lt;forcystos&gt; any luck with this stupid ubi.img?</span><br />
<span class="irc-date">[2:39]</span> <span class="irc-green">* gdanko (~gdanko@99-33-178-151.lightspeed.simica.sbcglobal.net) has joined this channel.</span><br />
<span class="irc-date">[2:39]</span> <span class="irc-black">&lt;Kaik541&gt; don't think so, ChrisSoyars was taking a look at it but I don't know what turned up from that</span><br />
<span class="irc-date">[2:39]</span> <span class="irc-black">&lt;Kaik541&gt; funny that news sites are already reporting on how "xda is on the case"</span><br />
<span class="irc-date">[2:41]</span> <span class="irc-black">&lt;forcystos&gt; lol</span><br />
<span class="irc-date">[2:41]</span> <span class="irc-black">&lt;codeworkx&gt; aren't we? xD</span><br />
<span class="irc-date">[2:42]</span> <span class="irc-black">&lt;forcystos&gt; what about the modem.img, that should be simpler</span><br />
<span class="irc-date">[2:42]</span> <span class="irc-black">&lt;Kaik541&gt; it's just funny how fast it goes from "oh look a leaked firmware" to Z0MG XDA</span><br />
<span class="irc-date">[2:43]</span> <span class="irc-black">&lt;codeworkx&gt; lol</span><br />
<span class="irc-date">[2:43]</span> <span class="irc-black">&lt;codeworkx&gt; "Looking through your website www.cyanogenmod.com information on whether the Russian could not find."</span><br />
<span class="irc-date">[2:43]</span> <span class="irc-black">&lt;codeworkx&gt; my website?</span><br />
<span class="irc-date">[2:43]</span> <span class="irc-black">&lt;codeworkx&gt; zomfg</span><br />
<span class="irc-date">[2:44]</span> <span class="irc-black">&lt;codeworkx&gt; I#m google, i'm samsung and now i'm cyanogen</span><br />
<span class="irc-date">[2:44]</span> <span class="irc-black">&lt;codeworkx&gt; wtf</span><br />
<span class="irc-date">[2:44]</span> <span class="irc-black">&lt;codeworkx&gt; damn xda noobs</span><br />
<span class="irc-date">[2:44]</span> <span class="irc-black">&lt;Kaik541&gt; hahahaha, also "the Russian could not find!"</span><br />
<span class="irc-date">[2:44]</span> <span class="irc-black">&lt;Kaik541&gt; I'd love to know what that means</span><br />
<span class="irc-date">[2:44]</span> <span class="irc-black">&lt;codeworkx&gt; he's searching for a russion cyanogenmod version</span><br />
<span class="irc-date">[2:45]</span> <span class="irc-black">&lt;Kaik541&gt; ah ok</span><br />
<span class="irc-date">[2:45]</span> <span class="irc-black">&lt;Kaik541&gt; I am very bad at deciphering Engrish</span><br />
<span class="irc-date">[2:45]</span> <span class="irc-black">&lt;forcystos&gt; this article mentions an "RFS ubifs", might be useful <a href="http://wiki.debian.org/InstallingDebianOn/Sharp/PC-Z1NetWalker">http://wiki.debian.org/InstallingDebianOn/Sharp/PC-Z1NetWalker</a></span><br />
<span class="irc-date">[2:45]</span> <span class="irc-navy">* gdanko (~gdanko@99-33-178-151.lightspeed.simica.sbcglobal.net) Quit (Ping timeout: 272 seconds)</span><br />
<span class="irc-date">[2:46]</span> <span class="irc-black">&lt;Kaik541&gt; but see, I'm wondering if it REALLY is rfs</span><br />
<span class="irc-date">[2:46]</span> <span class="irc-black">&lt;Kaik541&gt; samfirmware has very garbled English and may not understand</span><br />
<span class="irc-date">[2:46]</span> <span class="irc-black">&lt;Kaik541&gt; the thing they reference is "btrfs_something"</span><br />
<span class="irc-date">[2:46]</span> <span class="irc-black">&lt;Kaik541&gt; btrfs is a filesystem itself</span><br />
<span class="irc-date">[2:47]</span> <span class="irc-black">&lt;Kaik541&gt; and in fact, the most common thing I find when searching for ubi/ubifs is meego references, and meego uses btrfs and ubifs</span><br />
<span class="irc-date">[2:50]</span> <span class="irc-green">* gdanko (~gdanko@nat/yahoo/x-ukljpoxqiyruuipy) has joined this channel.</span><br />
<span class="irc-date">[2:54]</span> <span class="irc-black">&lt;gdanko&gt; building</span><br />
<span class="irc-date">[2:59]</span> <span class="irc-black">&lt;forcystos&gt; noobnl?</span><br />
<span class="irc-date">[3:05]</span> <span class="irc-black">&lt;skeeterslint&gt; anyone know what builds libaudio.so or is it a propritary file?</span><br />
<span class="irc-date">[3:07]</span> <span class="irc-green">* thedeanius (~dean@c-24-2-24-87.hsd1.mo.comcast.net) has joined this channel.</span><br />
<span class="irc-date">[3:13]</span> <span class="irc-black">&lt;gdanko&gt; i am told we should not pull it in</span><br />
<span class="irc-date">[3:13]</span> <span class="irc-black">&lt;thedeanius&gt; hi</span><br />
<span class="irc-date">[3:13]</span> <span class="irc-black">&lt;gdanko&gt; libaudio.so is the cause of many pains</span><br />
<span class="irc-date">[3:13]</span> <span class="irc-black">&lt;gdanko&gt; hi thedeanius</span><br />
<span class="irc-date">[3:14]</span> <span class="irc-black">&lt;thedeanius&gt; what have i missed in the last 5 hours?</span><br />
<span class="irc-date">[3:14]</span> <span class="irc-black">&lt;thedeanius&gt; had to take the kiddo to a rawk show</span><br />
<span class="irc-date">[3:14]</span> <span class="irc-black">&lt;gdanko&gt; wut show?</span><br />
<span class="irc-date">[3:14]</span> <span class="irc-black">&lt;Kaik541&gt; we invented cold fusion, but we lost the recipe =(</span><br />
<span class="irc-date">[3:14]</span> <span class="irc-black">&lt;thedeanius&gt; pretty cool.. theres a rock band here that caters to the toddler crownd</span><br />
<span class="irc-date">[3:14]</span> <span class="irc-black">&lt;thedeanius&gt; crowd</span><br />
<span class="irc-date">[3:14]</span> <span class="irc-black">&lt;gdanko&gt; how old ur kid</span><br />
<span class="irc-date">[3:14]</span> <span class="irc-black">&lt;thedeanius&gt; they're called The DooDads</span><br />
<span class="irc-date">[3:14]</span> <span class="irc-black">&lt;thedeanius&gt; 3</span><br />
<span class="irc-date">[3:15]</span> <span class="irc-black">&lt;gdanko&gt; nice!</span><br />
<span class="irc-date">[3:16]</span> <span class="irc-brick">* Unhelpful recommends Sandra Boynton (you probably already have board books she wrote, but there is music as well) or the kids' albums by They Might Be Giants</span><br />
<span class="irc-date">[3:16]</span> <span class="irc-black">&lt;Unhelpful&gt; mostly for being music "for kids" that adults can stand to listen to.</span><br />
<span class="irc-date">[3:17]</span> <span class="irc-black">&lt;gdanko&gt; how can i see history for a file in git?</span><br />
<span class="irc-date">[3:17]</span> <span class="irc-black">&lt;Unhelpful&gt; gdanko: git log &lt;file&gt;? :)</span><br />
<span class="irc-date">[3:17]</span> <span class="irc-black">&lt;Kaik541&gt; on github, there's a "history" tab</span><br />
<span class="irc-date">[3:18]</span> <span class="irc-black">&lt;gdanko&gt; Unhelpful: ok smarty.... im an svn guy :P</span><br />
<span class="irc-date">[3:18]</span> <span class="irc-black">&lt;noobnl&gt; fucfuu</span><br />
<span class="irc-date">[3:19]</span> <span class="irc-green">* codeworkx_ (~codeworkx@95-89-111-251-dynip.superkabel.de) has joined this channel.</span><br />
<span class="irc-date">[3:20]</span> <span class="irc-black">&lt;thedeanius&gt; she love The Wiggles</span><br />
<span class="irc-date">[3:20]</span> <span class="irc-black">&lt;thedeanius&gt; i will have to check out the gisnts</span><br />
<span class="irc-date">[3:20]</span> <span class="irc-black">&lt;thedeanius&gt; giants</span><br />
<span class="irc-date">[3:20]</span> <span class="irc-black">&lt;noobnl&gt; cm6 boots but it crashes due to initram compatability</span><br />
<span class="irc-date">[3:21]</span> <span class="irc-black">&lt;noobnl&gt;  waiting for  source</span><br />
<span class="irc-date">[3:21]</span> <span class="irc-black">&lt;codeworkx_&gt; pew pew sdcard repaired</span><br />
<span class="irc-date">[3:21]</span> <span class="irc-navy">* codeworkx_ (~codeworkx@95-89-111-251-dynip.superkabel.de) Quit (Client Quit)</span><br />
<span class="irc-date">[3:22]</span> <span class="irc-black">&lt;noobnl&gt; ' can somebody guide me to replacing initramfs?</span><br />
<span class="irc-date">[3:22]</span> <span class="irc-black">&lt;noobnl&gt;  in a stock kernel</span><br />
<span class="irc-date">[3:23]</span> <span class="irc-black">&lt;forcystos&gt; why is there a problem in initramfs?</span><br />
<span class="irc-date">[3:23]</span> <span class="irc-navy">* codeworkx (~codeworkx@95-89-111-251-dynip.superkabel.de) Quit (Ping timeout: 276 seconds)</span><br />
<span class="irc-date">[3:24]</span> <span class="irc-navy">* RJMJR69 (~Administr@c-98-229-71-92.hsd1.ma.comcast.net) Quit (Ping timeout: 240 seconds)</span><br />
<span class="irc-date">[3:24]</span> <span class="irc-black">&lt;noobnl&gt; dk05 kernel doesn't have an  proper initram for cm6 forcystos</span><br />
<span class="irc-date">[3:24]</span> <span class="irc-green">* codeworkx (~codeworkx@95-89-111-251-dynip.superkabel.de) has joined this channel.</span><br />
<span class="irc-date">[3:25]</span> <span class="irc-black">&lt;gdanko&gt; hi codeworkx</span><br />
<span class="irc-date">[3:25]</span> <span class="irc-black">&lt;codeworkx&gt; hi</span><br />
<span class="irc-date">[3:37]</span> <span class="irc-navy">* neldar (~neldar@dsl-217-165-89.pool.bitel.net) Quit (Quit: Leaving.)</span><br />
<span class="irc-date">[3:38]</span> <span class="irc-navy">* forcystos (625521bf@gateway/web/freenode/ip.98.85.33.191) Quit (Quit: Page closed)</span><br />
<span class="irc-date">[3:44]</span> <span class="irc-black">&lt;codeworkx&gt; wuhuu. emmc is working fine, voice search is working</span><br />
<span class="irc-date">[3:46]</span> <span class="irc-black">&lt;gdanko&gt; im downloading the files from my work comp.</span><br />
<span class="irc-date">[3:55]</span> <span class="irc-navy">* gdanko (~gdanko@nat/yahoo/x-ukljpoxqiyruuipy) Quit (Ping timeout: 265 seconds)</span><br />
<span class="irc-date">[4:00]</span> <span class="irc-green">* gdanko (~gdanko@99-33-178-151.lightspeed.simica.sbcglobal.net) has joined this channel.</span><br />
<span class="irc-date">[4:18]</span> <span class="irc-black">&lt;codeworkx&gt; damn. 5:20 am. should take some sleep</span><br />
<span class="irc-date">[4:21]</span> <span class="irc-black">&lt;Kaik541&gt; goodnight codeworkx</span><br />
<span class="irc-date">[4:21]</span> <span class="irc-black">&lt;codeworkx&gt; thank u</span><br />
<span class="irc-date">[4:22]</span> <span class="irc-green">* codeworkx is now known as codeworkx|sleep</span><br />
<span class="irc-date">[4:35]</span> <span class="irc-black">&lt;Unhelpful&gt; thedeanius: TMBG have a rather long list of *not* childrens' albums, just so you know. the kids' ones are "No!", "Here Come the ABCs", "Here Come the 123s", and "Here Comes Science"</span><br />
<span class="irc-date">[4:36]</span> <span class="irc-black">&lt;thedeanius&gt; Unhelpful: awesome, thanx for the info</span><br />
<span class="irc-date">[4:38]</span> <span class="irc-navy">* awiaI9000test (~darkBiLLy@24.36.222.87.dynamic.jazztel.es) Quit (Ping timeout: 276 seconds)</span><br />
<span class="irc-date">[4:40]</span> <span class="irc-black">&lt;Unhelpful&gt; the first of those is probably best for 3 years... although it's never too early to tell kids about computers, physics, chemistry, and evolution. :P</span><br />
<span class="irc-date">[4:41]</span> <span class="irc-black">&lt;Kaik541&gt; BLASPHEMY!!!!@!@! :D</span><br />
<span class="irc-date">[4:42]</span> <span class="irc-black">&lt;Unhelpful&gt; quiet you ;P</span><br />
<span class="irc-date">[4:57]</span> <span class="irc-green">* forcystos (625521bf@gateway/web/freenode/ip.98.85.33.191) has joined this channel.</span><br />
<span class="irc-date">[4:58]</span> <span class="irc-navy">* noobnl (~noob@unaffiliated/noobnl) Quit (Ping timeout: 252 seconds)</span><br />
<span class="irc-date">[4:59]</span> <span class="irc-navy">* forcystos (625521bf@gateway/web/freenode/ip.98.85.33.191) Quit (Client Quit)</span><br />
