<span class="irc-date">[0:00]</span> <span class="irc-green">* noobnl (~noob@host-174-22-220-24.midco.net) has joined this channel.</span><br />
<span class="irc-date">[0:00]</span> <span class="irc-navy">* noobnl (~noob@host-174-22-220-24.midco.net) Quit (Changing host)</span><br />
<span class="irc-date">[0:00]</span> <span class="irc-green">* noobnl (~noob@unaffiliated/noobnl) has joined this channel.</span><br />
<span class="irc-date">[0:05]</span> <span class="irc-black">&lt;atinm|away&gt; skeeterslint: you have access to write to android_device_samsung_vibrant on cmsgs</span><br />
<span class="irc-date">[0:06]</span> <span class="irc-black">&lt;atinm|away&gt; so  you can just add it as a remote and push to it</span><br />
<span class="irc-date">[0:06]</span> <span class="irc-black">&lt;skeeterslint&gt; yeah i been trying to figure out how to do it</span><br />
<span class="irc-date">[0:06]</span> <span class="irc-black">&lt;skeeterslint&gt; git is a pretty new thing for me</span><br />
<span class="irc-date">[0:07]</span> <span class="irc-black">&lt;atinm|away&gt; go into the directory</span><br />
<span class="irc-date">[0:08]</span> <span class="irc-black">&lt;atinm|away&gt; git remote add cmsgs git@github.com:cmsgs/android_device_samsung_vibrant.git</span><br />
<span class="irc-date">[0:08]</span> <span class="irc-black">&lt;atinm|away&gt; and then you should be able to push to cmsgs</span><br />
<span class="irc-date">[0:09]</span> <span class="irc-black">&lt;skeeterslint&gt; ah ok thank you</span><br />
<span class="irc-date">[0:09]</span> <span class="irc-black">&lt;atinm|away&gt; tho you first have to handle merges etc if you have any</span><br />
<span class="irc-date">[0:09]</span> <span class="irc-black">&lt;skeeterslint&gt; i was wondering if i had to add it first</span><br />
<span class="irc-date">[0:09]</span> <span class="irc-black">&lt;atinm|away&gt; git pull from it, then push.</span><br />
<span class="irc-date">[0:09]</span> <span class="irc-black">&lt;atinm|away&gt; pull, merge, push</span><br />
<span class="irc-date">[0:09]</span> <span class="irc-black">&lt;skeeterslint&gt; although i don't need to be added to the vibrant repo just the epic one</span><br />
<span class="irc-date">[0:09]</span> <span class="irc-black">&lt;atinm|away&gt; oh, your pull request was going to vibrant</span><br />
<span class="irc-date">[0:09]</span> <span class="irc-black">&lt;skeeterslint&gt; i was trying to get noobnl to tell me how to do it but thats worse then pulling teeth</span><br />
<span class="irc-date">[0:10]</span> <span class="irc-black">&lt;atinm|away&gt; :)</span><br />
<span class="irc-date">[0:10]</span> <span class="irc-black">&lt;skeeterslint&gt; yeah i think i mighta clicked the wrong repo</span><br />
<span class="irc-date">[0:10]</span> <span class="irc-black">&lt;skeeterslint&gt; was late and noobnl had me confused</span><br />
<span class="irc-date">[0:10]</span> <span class="irc-black">&lt;atinm|away&gt; you already have access to the epic.</span><br />
<span class="irc-date">[0:10]</span> <span class="irc-black">&lt;atinm|away&gt; so same deal</span><br />
<span class="irc-date">[0:11]</span> <span class="irc-black">&lt;atinm|away&gt; git remote add cmsgs git@github.com:cmsgs/android_device_samsung_epic.git</span><br />
<span class="irc-date">[0:11]</span> <span class="irc-black">&lt;skeeterslint&gt; ok thanks</span><br />
<span class="irc-date">[0:11]</span> <span class="irc-black">&lt;atinm|away&gt; and the pull, you'll have merges most probably - figure that out and the push to it</span><br />
<span class="irc-date">[0:11]</span> <span class="irc-black">&lt;atinm|away&gt; <a href="http://cheat.errtheblog.com/s/git/">http://cheat.errtheblog.com/s/git/</a></span><br />
<span class="irc-date">[0:12]</span> <span class="irc-black">&lt;atinm|away&gt; that's what I use to for quick reference on git</span><br />
<span class="irc-date">[0:14]</span> <span class="irc-black">&lt;atinm|away&gt; git help remote etc works pretty well too</span><br />
<span class="irc-date">[0:14]</span> <span class="irc-black">&lt;atinm|away&gt; but sometimes you don't know what command you are looking for :)</span><br />
<span class="irc-date">[0:14]</span> <span class="irc-black">&lt;skeeterslint&gt; yeah git seems to be a pretty indepth tool</span><br />
<span class="irc-date">[0:15]</span> <span class="irc-black">&lt;atinm|away&gt; it is like totally awesome :)</span><br />
<span class="irc-date">[0:15]</span> <span class="irc-black">&lt;atinm|away&gt; (even though I argued for using bzr at work...)</span><br />
<span class="irc-date">[0:15]</span> <span class="irc-black">&lt;atinm|away&gt; figured it is easier than git for normal usage.</span><br />
<span class="irc-date">[0:15]</span> <span class="irc-black">&lt;atinm|away&gt; in a work setting when everyone is in the same location.</span><br />
<span class="irc-date">[0:16]</span> <span class="irc-black">&lt;atinm|away&gt; so I spend a lot of time typing "git diff" and then having to type bzr diff at work since it seems my fingers got trained to use git a lot quicker than using bzr</span><br />
<span class="irc-date">[0:17]</span> <span class="irc-black">&lt;rwicl|work&gt; git ftw</span><br />
<span class="irc-date">[0:17]</span> <span class="irc-navy">* neldar (~neldar@dsl-217-173-87.pool.bitel.net) Quit (Quit: Leaving.)</span><br />
<span class="irc-date">[0:17]</span> <span class="irc-black">&lt;skeeterslint&gt; git's letters are closer togther on the keyboard :)</span><br />
<span class="irc-date">[1:01]</span> <span class="irc-navy">* noobnl (~noob@unaffiliated/noobnl) Quit ()</span><br />
<span class="irc-date">[1:02]</span> <span class="irc-navy">* thedeanius (~dean@64.151.21.178) Quit (Ping timeout: 245 seconds)</span><br />
<span class="irc-date">[1:19]</span> <span class="irc-green">* Kaik541 (~nertz@cpe-174-111-246-012.triad.res.rr.com) has joined this channel.</span><br />
<span class="irc-date">[1:21]</span> <span class="irc-brown">-jordan.freenode.net- *** Looking up your hostname...</span><br />
<span class="irc-date">[1:21]</span> <span class="irc-brown">-jordan.freenode.net- *** Checking Ident</span><br />
<span class="irc-date">[1:21]</span> <span class="irc-brown">-jordan.freenode.net- *** No Ident response</span><br />
<span class="irc-date">[1:21]</span> <span class="irc-brown">-jordan.freenode.net- *** Found your hostname</span><br />
<span class="irc-date">[1:21]</span> <span class="irc-red">[frigg VERSION]</span><br />
<span class="irc-date">[1:21]</span> <span class="irc-green">* cmsgsteam-logger (~PircBot@cmsgs.com) has joined this channel.</span><br />
<span class="irc-date">[1:21]</span> <span class="irc-green">* Topic is 'SGS CM6 developers and testers (and other kernel and android hackers) - <a href="http://www.cmsgs.com/'">http://www.cmsgs.com/'</a></span><br />
<span class="irc-date">[1:21]</span> <span class="irc-green">* Set by atinm|nite!~atin@unaffiliated/atinm on Sat Oct 30 03:39:24 GMT 2010</span><br />
<span class="irc-date">[1:21]</span> <span class="irc-brown">-ChanServ- [#__topsecret__] SGS-CM6 developers and testers only pls. Others could be kickbanned if not contributing to the channel's function.</span><br />
<span class="irc-date">[1:21]</span> <span class="irc-green">* ChanServ sets mode +o cmsgsteam-logger</span><br />
<span class="irc-date">[1:21]</span> <span class="irc-navy">* atinm|away (~atin@unaffiliated/atinm) Quit (Quit: atinm|away)</span><br />
<span class="irc-date">[1:38]</span> <span class="irc-navy">* izibi (~julian@unaffiliated/izibi) Quit (Ping timeout: 260 seconds)</span><br />
<span class="irc-date">[1:41]</span> <span class="irc-green">* thedeanius (~dean@c-24-2-24-87.hsd1.mo.comcast.net) has joined this channel.</span><br />
<span class="irc-date">[1:55]</span> <span class="irc-green">* gdanko (~gdanko@166.134.80.236) has joined this channel.</span><br />
<span class="irc-date">[1:58]</span> <span class="irc-green">* gdanko_ (~gdanko@166.134.80.236) has joined this channel.</span><br />
<span class="irc-date">[1:58]</span> <span class="irc-navy">* gdanko (~gdanko@166.134.80.236) Quit (Read error: Connection reset by peer)</span><br />
<span class="irc-date">[1:58]</span> <span class="irc-black">&lt;gdanko_&gt; hey hey</span><br />
<span class="irc-date">[1:58]</span> <span class="irc-black">&lt;gdanko_&gt; still waiting!</span><br />
<span class="irc-date">[1:58]</span> <span class="irc-green">* gdanko_ is now known as gdanko</span><br />
<span class="irc-date">[1:59]</span> <span class="irc-black">&lt;gdanko&gt; been in the hospital for 10 hours</span><br />
