<span class="irc-date">[0:03]</span> <span class="irc-green">* magote (~magote@a79-169-106-110.cpe.netcabo.pt) has joined this channel.</span><br />
<span class="irc-date">[0:07]</span> <span class="irc-green">* hceylan (~hceylan@95.65.134.228) has joined this channel.</span><br />
<span class="irc-date">[0:07]</span> <span class="irc-black">&lt;hceylan&gt; huy guys</span><br />
<span class="irc-date">[0:08]</span> <span class="irc-black">&lt;hceylan&gt; I was trying to port CM on Galaxy Tab</span><br />
<span class="irc-date">[0:08]</span> <span class="irc-black">&lt;hceylan&gt; I stumbled upon your project</span><br />
<span class="irc-date">[0:08]</span> <span class="irc-black">&lt;hceylan&gt; is there any work in progress for SGT?</span><br />
<span class="irc-date">[0:42]</span> <span class="irc-black">&lt;hceylan&gt; any1 aroun?</span><br />
<span class="irc-date">[0:42]</span> <span class="irc-black">&lt;hceylan&gt; any1 around?</span><br />
<span class="irc-date">[1:08]</span> <span class="irc-green">* chek0v (~chek0v@unaffiliated/chek0v) has joined this channel.</span><br />
<span class="irc-date">[1:24]</span> <span class="irc-navy">* thedeanius (~dean@c-24-2-24-87.hsd1.mo.comcast.net) Quit (Quit: thedeanius)</span><br />
<span class="irc-date">[1:40]</span> <span class="irc-green">* thedeanius (~dean@c-24-2-24-87.hsd1.mo.comcast.net) has joined this channel.</span><br />
<span class="irc-date">[1:57]</span> <span class="irc-black">&lt;rhcp&gt; hceylan: You can hang around</span><br />
<span class="irc-date">[1:57]</span> <span class="irc-navy">* hceylan (~hceylan@95.65.134.228) Quit (Ping timeout: 255 seconds)</span><br />
<span class="irc-date">[1:57]</span> <span class="irc-black">&lt;rhcp&gt; people are working on getting the nexus S rom ported to the SGS</span><br />
<span class="irc-date">[2:57]</span> <span class="irc-navy">* thedeanius (~dean@c-24-2-24-87.hsd1.mo.comcast.net) Quit (Quit: thedeanius)</span><br />
<span class="irc-date">[3:28]</span> <span class="irc-green">* skeeterslint (~skeetersl@c-71-192-215-99.hsd1.ma.comcast.net) has joined this channel.</span><br />
<span class="irc-date">[3:48]</span> <span class="irc-green">* ciwrl is now known as ciwrl|away</span><br />
<span class="irc-date">[3:55]</span> <span class="irc-green">* dasunsrule32 (~dasunsrul@christiantechsaz.com) has joined this channel.</span><br />
<span class="irc-date">[4:17]</span> <span class="irc-navy">* neldar (~neldar@dsl105-235.pool.bitel.net) Quit (Ping timeout: 255 seconds)</span><br />
<span class="irc-date">[4:30]</span> <span class="irc-green">* neldar (~neldar@dsl-217-166-28.pool.bitel.net) has joined this channel.</span><br />
<span class="irc-date">[4:30]</span> <span class="irc-black">&lt;- *neldar* Bot Sentry eingeschalten:  Sie werden jetzt ignoriert!  Ihre Nachricht wird übermittelt wenn sie die folgenden Fragen innerhalb von 10 Minuten richtig beantworten:  How do you spell the result of ten div_ided by 2?</span><br />
<span class="irc-date">[5:04]</span> <span class="irc-navy">* neldar (~neldar@dsl-217-166-28.pool.bitel.net) Quit (Quit: Leaving.)</span><br />
<span class="irc-date">[5:23]</span> <span class="irc-navy">* dasunsrule32 (~dasunsrul@christiantechsaz.com) Quit (Ping timeout: 260 seconds)</span><br />
<span class="irc-date">[5:25]</span> <span class="irc-navy">* jt|FOOD|blackops (~jt1134@c-71-207-226-80.hsd1.al.comcast.net) Quit (Ping timeout: 240 seconds)</span><br />
<span class="irc-date">[5:39]</span> <span class="irc-green">* jt|FOOD|blackops (~jt1134@c-71-207-226-80.hsd1.al.comcast.net) has joined this channel.</span><br />
<span class="irc-date">[9:07]</span> <span class="irc-green">* coolya|away is now known as coolya</span><br />
<span class="irc-date">[9:18]</span> <span class="irc-green">* hceylan (~hceylan@213.248.153.186) has joined this channel.</span><br />
<span class="irc-date">[9:41]</span> <span class="irc-navy">* skeeterslint (~skeetersl@c-71-192-215-99.hsd1.ma.comcast.net) Quit (Quit: Leaving)</span><br />
<span class="irc-date">[13:09]</span> <span class="irc-navy">* hceylan (~hceylan@213.248.153.186) Quit (Ping timeout: 272 seconds)</span><br />
<span class="irc-date">[13:24]</span> <span class="irc-green">* hceylan (~hceylan@178.241.253.194) has joined this channel.</span><br />
<span class="irc-date">[13:37]</span> <span class="irc-green">* hceylan_ (~hceylan@188.57.55.166) has joined this channel.</span><br />
<span class="irc-date">[13:38]</span> <span class="irc-green">* thedeanius (~dean@64.151.21.178) has joined this channel.</span><br />
<span class="irc-date">[13:40]</span> <span class="irc-navy">* hceylan (~hceylan@178.241.253.194) Quit (Ping timeout: 264 seconds)</span><br />
<span class="irc-date">[13:44]</span> <span class="irc-green">* hceylan__ (~hceylan@213.248.153.186) has joined this channel.</span><br />
<span class="irc-date">[13:47]</span> <span class="irc-navy">* hceylan_ (~hceylan@188.57.55.166) Quit (Ping timeout: 240 seconds)</span><br />
<span class="irc-date">[13:49]</span> <span class="irc-navy">* hceylan__ (~hceylan@213.248.153.186) Quit (Ping timeout: 276 seconds)</span><br />
<span class="irc-date">[13:52]</span> <span class="irc-green">* hceylan__ (~hceylan@178.241.205.150) has joined this channel.</span><br />
<span class="irc-date">[14:09]</span> <span class="irc-navy">* jt|FOOD|blackops (~jt1134@c-71-207-226-80.hsd1.al.comcast.net) Quit (Remote host closed the connection)</span><br />
<span class="irc-date">[14:14]</span> <span class="irc-green">* neldar (~neldar@dsl-217-166-28.pool.bitel.net) has joined this channel.</span><br />
<span class="irc-date">[14:14]</span> <span class="irc-black">&lt;- *neldar* Bot Sentry eingeschalten:  Sie werden jetzt ignoriert!  Ihre Nachricht wird übermittelt wenn sie die folgenden Fragen innerhalb von 10 Minuten richtig beantworten:  How do you spell the result of ten div_ided by 2?</span><br />
<span class="irc-date">[14:14]</span> <span class="irc-green">* hceylan (~hceylan@178.240.83.238) has joined this channel.</span><br />
<span class="irc-date">[14:15]</span> <span class="irc-navy">* hceylan__ (~hceylan@178.241.205.150) Quit (Ping timeout: 264 seconds)</span><br />
<span class="irc-date">[14:23]</span> <span class="irc-black">&lt;hceylan&gt; huy guys</span><br />
<span class="irc-date">[14:23]</span> <span class="irc-black">&lt;hceylan&gt; I was trying to port CM on Galaxy Tab</span><br />
<span class="irc-date">[14:23]</span> <span class="irc-black">&lt;hceylan&gt; I stumbled upon your project</span><br />
<span class="irc-date">[14:24]</span> <span class="irc-black">&lt;hceylan&gt; is there any work in progress for SGT?</span><br />
<span class="irc-date">[14:25]</span> <span class="irc-black">&lt;coolya&gt; hi</span><br />
<span class="irc-date">[14:25]</span> <span class="irc-black">&lt;coolya&gt; i don't think anybody here is working on SGT ... SGS only here i think</span><br />
<span class="irc-date">[14:26]</span> <span class="irc-black">&lt;hceylan&gt; OK, then I plan to work on SGT</span><br />
<span class="irc-date">[14:26]</span> <span class="irc-black">&lt;hceylan&gt; Can I ask a Samsung noob question?</span><br />
<span class="irc-date">[14:27]</span> <span class="irc-black">&lt;hceylan&gt; I am trying to extract the kernel from the orginal rom</span><br />
<span class="irc-date">[14:27]</span> <span class="irc-black">&lt;hceylan&gt; the initramsf tools has a utility</span><br />
<span class="irc-date">[14:28]</span> <span class="irc-black">&lt;hceylan&gt; but this doesn't work on SGT boot.img</span><br />
<span class="irc-date">[14:28]</span> <span class="irc-black">&lt;hceylan&gt; is there a way to find out the layout of this boot img?</span><br />
<span class="irc-date">[14:30]</span> <span class="irc-black">&lt;coolya&gt; not sure what SGT uses ... SGS uses zImages</span><br />
<span class="irc-date">[14:32]</span> <span class="irc-green">* hceylan_ (~hceylan@213.248.153.186) has joined this channel.</span><br />
<span class="irc-date">[14:33]</span> <span class="irc-navy">* hceylan (~hceylan@178.240.83.238) Quit (Ping timeout: 265 seconds)</span><br />
<span class="irc-date">[14:41]</span> <span class="irc-green">* codeworkx (~codeworkx@95-89-111-251-dynip.superkabel.de) has joined this channel.</span><br />
<span class="irc-date">[15:04]</span> <span class="irc-green">* atinm (~atin@unaffiliated/atinm) has joined this channel.</span><br />
<span class="irc-date">[15:04]</span> <span class="irc-green">* ChanServ sets mode +o atinm</span><br />
<span class="irc-date">[15:05]</span> <span class="irc-black">&lt;atinm&gt; howdy ppl</span><br />
<span class="irc-date">[15:05]</span> <span class="irc-black">&lt;atinm&gt; looks like it stopped snowing here . . .</span><br />
<span class="irc-date">[15:06]</span> <span class="irc-black">&lt;atinm&gt; also, I have done zero - like seriously zero on sgs. preparing for a lawsuit.</span><br />
<span class="irc-date">[15:06]</span> <span class="irc-black">&lt;atinm&gt; hey gdanko_home</span><br />
<span class="irc-date">[15:06]</span> <span class="irc-black">&lt;atinm&gt; hey - also, SGT == Galaxy Tab?</span><br />
<span class="irc-date">[15:07]</span> <span class="irc-black">&lt;atinm&gt; and has the kernel source been released for it?</span><br />
<span class="irc-date">[15:11]</span> <span class="irc-black">&lt;atinm&gt; hceylan_: hey, welcome. I just saw your request for initramfs code for the galaxy tab</span><br />
<span class="irc-date">[15:12]</span> <span class="irc-black">&lt;atinm&gt; you really only need that if you don't have kernel source or cannot build a working version. I haven't got a tab, so I haven't done anything with that code to support anything other than the phones it happens to work with ;)</span><br />
<span class="irc-date">[15:21]</span> <span class="irc-black">&lt;hceylan_&gt; atinm: thanks for the information, I'll try to build my own kernel then</span><br />
<span class="irc-date">[15:22]</span> <span class="irc-black">&lt;coolya&gt; secret bootlogo on SGS: <a href="http://dl.dropbox.com/u/4077110/kamoso_27042010_160455.ogv">http://dl.dropbox.com/u/4077110/kamoso_27042010_160455.ogv</a> :-D</span><br />
<span class="irc-date">[15:22]</span> <span class="irc-black">&lt;atinm&gt; you can stick around and ask us if you are having trouble building</span><br />
<span class="irc-date">[15:23]</span> <span class="irc-black">&lt;atinm&gt; since this is sgs related, and tab is also sgs, you might as well</span><br />
<span class="irc-date">[15:23]</span> <span class="irc-black">&lt;hceylan_&gt; atinm: I really appriciate that. I am 10+ linux java dev but new to android and modding</span><br />
<span class="irc-date">[15:23]</span> <span class="irc-black">&lt;atinm&gt; (I wish there was a way to rename the channel :)  = #sgs-hackers seems like a better name :) )</span><br />
<span class="irc-date">[15:23]</span> <span class="irc-black">&lt;hceylan_&gt; ı was cloning the product from crespo... do you think it makes more sense to clone from SGS?</span><br />
<span class="irc-date">[15:24]</span> <span class="irc-black">&lt;atinm&gt; I think the source is actually available right from opensource.samsung.com</span><br />
<span class="irc-date">[15:24]</span> <span class="irc-black">&lt;atinm&gt; <a href="http://www.androidtablets.net/forum/samsung-galaxy-tab/2323-samsung-galaxy-tab-source-code-released.html">http://www.androidtablets.net/forum/samsung-galaxy-tab/2323-samsung-galaxy-tab-source-code-released.html</a></span><br />
<span class="irc-date">[15:24]</span> <span class="irc-black">&lt;hceylan_&gt; atinm: my first target to forget about hardware and make a bootable gingerbread</span><br />
<span class="irc-date">[15:24]</span> <span class="irc-black">&lt;hceylan_&gt; then will try to add the devices</span><br />
<span class="irc-date">[15:24]</span> <span class="irc-black">&lt;atinm&gt; what version of the sgs tab do you have?</span><br />
<span class="irc-date">[15:24]</span> <span class="irc-black">&lt;hceylan_&gt; I did find the opensource.samsun.com but still thanks, you are being a lot helping...</span><br />
<span class="irc-date">[15:24]</span> <span class="irc-black">&lt;hceylan_&gt; :)</span><br />
<span class="irc-date">[15:25]</span> <span class="irc-black">&lt;hceylan_&gt; P1000 EURO</span><br />
<span class="irc-date">[15:25]</span> <span class="irc-black">&lt;hceylan_&gt; Very nice, definitely worth the money</span><br />
<span class="irc-date">[15:25]</span> <span class="irc-black">&lt;atinm&gt; so GT-P1000 - download the code from samsung.</span><br />
<span class="irc-date">[15:25]</span> <span class="irc-black">&lt;atinm&gt; and build the kernel using that.</span><br />
<span class="irc-date">[15:25]</span> <span class="irc-black">&lt;hceylan_&gt; Just hate the proprietey stuff, same goes for my htc sense</span><br />
<span class="irc-date">[15:25]</span> <span class="irc-black">&lt;atinm&gt; then use the work we're doing here</span><br />
<span class="irc-date">[15:25]</span> <span class="irc-black">&lt;hceylan_&gt; I use CM on HTC desire too...</span><br />
<span class="irc-date">[15:25]</span> <span class="irc-black">&lt;atinm&gt; for getting gingerbread up.</span><br />
<span class="irc-date">[15:25]</span> <span class="irc-black">&lt;hceylan_&gt; And I hate that it doesn't have ful gapps, and ugly phone interface</span><br />
<span class="irc-date">[15:26]</span> <span class="irc-black">&lt;coolya&gt; kernel 2.6.35 is nearly ready for the sgs</span><br />
<span class="irc-date">[15:26]</span> <span class="irc-black">&lt;hceylan_&gt; thanks atinm I'll report back</span><br />
<span class="irc-date">[15:26]</span> <span class="irc-black">&lt;atinm&gt; coolya - cool, then hceylan_ might be able to use that too.</span><br />
<span class="irc-date">[15:27]</span> <span class="irc-black">&lt;coolya&gt; yes i hope so</span><br />
<span class="irc-date">[15:27]</span> <span class="irc-black">&lt;atinm&gt; tho don't know much about the tab so the details might still have to be worked out</span><br />
<span class="irc-date">[15:28]</span> <span class="irc-black">&lt;hceylan_&gt; I guess you guys haven't committed the gingerbread branch yet to manifest project</span><br />
<span class="irc-date">[15:29]</span> <span class="irc-black">&lt;hceylan_&gt; Do you have any progress at all there?</span><br />
<span class="irc-date">[15:29]</span> <span class="irc-black">&lt;atinm&gt; hceylan_: no, we haven't - but check out coolya or codeworkx</span><br />
<span class="irc-date">[15:29]</span> <span class="irc-black">&lt;atinm&gt; on github</span><br />
<span class="irc-date">[15:29]</span> <span class="irc-black">&lt;hceylan_&gt; OK</span><br />
<span class="irc-date">[15:29]</span> <span class="irc-black">&lt;atinm&gt; they have the most complete set right now</span><br />
<span class="irc-date">[15:29]</span> <span class="irc-black">&lt;atinm&gt; and they're the defacto gingerbread manifest right now and are pointing out to other repos</span><br />
<span class="irc-date">[15:30]</span> <span class="irc-black">&lt;hceylan_&gt; should I fork from coolya then?</span><br />
<span class="irc-date">[15:30]</span> <span class="irc-black">&lt;atinm&gt; for the device specific stuff that they don't support themselves</span><br />
<span class="irc-date">[15:30]</span> <span class="irc-black">&lt;atinm&gt; we'll eventually try to flip this so that cmsgs becomes the manifest that points out to their repos ;)</span><br />
<span class="irc-date">[15:30]</span> <span class="irc-black">&lt;atinm&gt; codeworkx I think - coolya? which should be look at?</span><br />
<span class="irc-date">[15:30]</span> <span class="irc-black">&lt;hceylan_&gt; OK I'll fork from coolya then</span><br />
<span class="irc-date">[15:30]</span> <span class="irc-black">&lt;coolya&gt; my repo is gingerbread AOSP at the moment, when we have all the hardware up and running we will merge cm</span><br />
<span class="irc-date">[15:30]</span> <span class="irc-black">&lt;hceylan_&gt; OK</span><br />
<span class="irc-date">[15:30]</span> <span class="irc-black">&lt;hceylan_&gt; coolya: OK</span><br />
<span class="irc-date">[15:31]</span> <span class="irc-black">&lt;atinm&gt; I'm just following coolya on twitter to get his updates :)</span><br />
<span class="irc-date">[15:31]</span> <span class="irc-black">&lt;atinm&gt; because coolya and codeworkx haven't set up their repos to automatically update twitter</span><br />
<span class="irc-date">[15:31]</span> <span class="irc-black">&lt;hceylan_&gt; is it coolya @ twitter?</span><br />
<span class="irc-date">[15:32]</span> <span class="irc-black">&lt;atinm&gt; I only have a vague idea of where they are</span><br />
<span class="irc-date">[15:32]</span> <span class="irc-black">&lt;coolya&gt; damn, now i know what i wanted to do all the time ;-)</span><br />
<span class="irc-date">[15:32]</span> <span class="irc-black">&lt;atinm&gt; it is actually dumdidum</span><br />
<span class="irc-date">[15:32]</span> <span class="irc-black">&lt;hceylan_&gt; thc atinm</span><br />
<span class="irc-date">[15:32]</span> <span class="irc-black">&lt;coolya&gt; its @dumdidum</span><br />
<span class="irc-date">[15:32]</span> <span class="irc-black">&lt;hceylan_&gt; thx atinm</span><br />
<span class="irc-date">[15:33]</span> <span class="irc-black">&lt;codeworkx&gt; fork his kernel, make your modifications (clean, not dirty) and send pull requests</span><br />
<span class="irc-date">[15:34]</span> <span class="irc-black">&lt;atinm&gt; hey gdanko_home - whenever you are here, update me on your and unhelpful's progress</span><br />
<span class="irc-date">[15:35]</span> <span class="irc-black">&lt;atinm&gt; codeworkx - who owns the primary manifest right now, you or coolya?</span><br />
<span class="irc-date">[15:35]</span> <span class="irc-black">&lt;hceylan_&gt; I guess some of the android devs are on xmas vacation... git is sooo fast :)</span><br />
<span class="irc-date">[15:35]</span> <span class="irc-black">&lt;atinm&gt; which should I point to?</span><br />
<span class="irc-date">[15:35]</span> <span class="irc-black">&lt;codeworkx&gt; my manifest is froyo cm, coolyas is gingerbread</span><br />
<span class="irc-date">[15:36]</span> <span class="irc-black">&lt;atinm&gt; codeworkx: ok. you had pointed your manifest to my gingerbread vendor etc</span><br />
<span class="irc-date">[15:36]</span> <span class="irc-black">&lt;codeworkx&gt; yes on coolyas repo</span><br />
<span class="irc-date">[15:36]</span> <span class="irc-black">&lt;atinm&gt; but coolya has kept his clean right now, nothing but SGS</span><br />
<span class="irc-date">[15:36]</span> <span class="irc-black">&lt;codeworkx&gt; <a href="https://github.com/coolya/android">https://github.com/coolya/android</a></span><br />
<span class="irc-date">[15:36]</span> <span class="irc-black">&lt;codeworkx&gt; have a look at readme</span><br />
<span class="irc-date">[15:37]</span> <span class="irc-black">&lt;atinm&gt; I saw - the default.xml doesn't have anything but crespo and galaxys tho</span><br />
<span class="irc-date">[15:37]</span> <span class="irc-black">&lt;atinm&gt; oh wait</span><br />
<span class="irc-date">[15:37]</span> <span class="irc-black">&lt;atinm&gt; there it is</span><br />
<span class="irc-date">[15:37]</span> <span class="irc-black">&lt;atinm&gt; missed it the first time :)</span><br />
<span class="irc-date">[15:38]</span> <span class="irc-black">&lt;codeworkx&gt; the kernel should work for your device too</span><br />
<span class="irc-date">[15:38]</span> <span class="irc-black">&lt;codeworkx&gt; added button mappings for your device</span><br />
<span class="irc-date">[15:38]</span> <span class="irc-black">&lt;codeworkx&gt; but vibrant mappings are missing</span><br />
<span class="irc-date">[15:38]</span> <span class="irc-black">&lt;atinm&gt; yes, I'm sorry - I meant the vendor stuff. I see galaxys and captivate now. no crespo or anything else.</span><br />
<span class="irc-date">[15:38]</span> <span class="irc-black">&lt;codeworkx&gt; only things we need</span><br />
<span class="irc-date">[15:39]</span> <span class="irc-black">&lt;codeworkx&gt; but you should merge your captivate with our galaxys. we've done some changes</span><br />
<span class="irc-date">[15:39]</span> <span class="irc-black">&lt;codeworkx&gt; since your last merge</span><br />
<span class="irc-date">[15:40]</span> <span class="irc-black">&lt;coolya&gt; we need a working recovery! :-D</span><br />
<span class="irc-date">[15:40]</span> <span class="irc-black">&lt;coolya&gt; i'm tired of "flashing" with adb</span><br />
<span class="irc-date">[15:42]</span> <span class="irc-black">&lt;atinm&gt; ok (thook</span><br />
<span class="irc-date">[15:42]</span> <span class="irc-black">&lt;atinm&gt; ok</span><br />
<span class="irc-date">[15:42]</span> <span class="irc-black">&lt;codeworkx&gt; yes atinm, think this is your part xD</span><br />
<span class="irc-date">[15:42]</span> <span class="irc-black">&lt;coolya&gt; :-D</span><br />
<span class="irc-date">[15:43]</span> <span class="irc-black">&lt;atinm&gt; yes, I'm going to look at it today</span><br />
<span class="irc-date">[15:43]</span> <span class="irc-black">&lt;atinm&gt; need something to do that I can actually do</span><br />
<span class="irc-date">[15:43]</span> <span class="irc-black">&lt;atinm&gt; given that I am so distracted because of this lawsuit</span><br />
<span class="irc-date">[15:44]</span> <span class="irc-black">&lt;hceylan_&gt; What lawsuit are you guys talking about, out of curiosity?</span><br />
<span class="irc-date">[15:44]</span> <span class="irc-black">&lt;coolya&gt; because of work you did on the sgs?</span><br />
<span class="irc-date">[15:45]</span> <span class="irc-black">&lt;atinm&gt; oh nothing related to sgs - sorry</span><br />
<span class="irc-date">[15:45]</span> <span class="irc-black">&lt;codeworkx&gt; atinm: <a href="https://github.com/coolya/android_device_samsung_galaxys/commit/6bc133e3bf1fd17af0ecb6c96953b5ced8624e76">https://github.com/coolya/android_device_samsung_galaxys/commit/6bc133e3bf1fd17af0ecb6c96953b5ced8624e76</a></span><br />
<span class="irc-date">[15:45]</span> <span class="irc-black">&lt;atinm&gt; we were in the process of buying a house and the sellers screwed up so we did not close the deal</span><br />
<span class="irc-date">[15:45]</span> <span class="irc-black">&lt;codeworkx&gt; i've already tried something but it's not ok</span><br />
<span class="irc-date">[15:45]</span> <span class="irc-black">&lt;codeworkx&gt; and recovery always SEGFAULT if i call it at shell</span><br />
<span class="irc-date">[15:45]</span> <span class="irc-black">&lt;atinm&gt; but are saying "we" screwed up, and are saying they will keep the deposit, so we're suing them</span><br />
<span class="irc-date">[15:45]</span> <span class="irc-black">&lt;hceylan_&gt; oh, seeing the lawsuit, I though samsung suing you guys... )</span><br />
<span class="irc-date">[15:46]</span> <span class="irc-black">&lt;hceylan_&gt; good luck with the law suit</span><br />
<span class="irc-date">[15:46]</span> <span class="irc-black">&lt;atinm&gt; nah . . . we're actually helping them ;)</span><br />
<span class="irc-date">[15:46]</span> <span class="irc-black">&lt;atinm&gt; by making their phone better (and we're not selling it)</span><br />
<span class="irc-date">[15:46]</span> <span class="irc-black">&lt;coolya&gt; they are learning from us :-D</span><br />
<span class="irc-date">[15:46]</span> <span class="irc-black">&lt;codeworkx&gt; our communication with samsung was not bad at all</span><br />
<span class="irc-date">[15:46]</span> <span class="irc-black">&lt;hceylan_&gt; yes but in HTC's case HTC was pretty pissed off with its stuff being redistributed, but in samsung's case it is open source...</span><br />
<span class="irc-date">[15:47]</span> <span class="irc-black">&lt;atinm&gt; exactly. the nexus s is a lot closer to where we were trying to get</span><br />
<span class="irc-date">[15:47]</span> <span class="irc-black">&lt;codeworkx&gt; they've no problem with community projects</span><br />
<span class="irc-date">[15:47]</span> <span class="irc-black">&lt;atinm&gt; hceylan_: samsung actually does release a lot of the source (tho by no means all . . .)</span><br />
<span class="irc-date">[15:47]</span> <span class="irc-black">&lt;hceylan_&gt; atinm: good to know thx....</span><br />
<span class="irc-date">[15:48]</span> <span class="irc-black">&lt;coolya&gt; all the binaries on the phone are distributeted unter apache licencs afaik, so thany can't sue us even if they want ;-)</span><br />
<span class="irc-date">[15:48]</span> <span class="irc-black">&lt;codeworkx&gt; they like what we're doing. but they don't like people who are bricking their phones with community stuff and demanding support from samsung</span><br />
<span class="irc-date">[15:48]</span> <span class="irc-black">&lt;hceylan_&gt; when I see the word 'lawsuit', I always say yet another one, ypou have the big guys these they, all of them sue each other... :)</span><br />
<span class="irc-date">[15:49]</span> <span class="irc-black">&lt;hceylan_&gt; iphone, htc, nokai etc</span><br />
<span class="irc-date">[15:50]</span> <span class="irc-black">&lt;coolya&gt; software patents crap ... :-( ... motorola holds some double click patent and sue MS for violating it</span><br />
<span class="irc-date">[15:50]</span> <span class="irc-black">&lt;atinm&gt; thedood, I dunno why your jvm was so screwed up from running LogBot for the logging here</span><br />
<span class="irc-date">[15:50]</span> <span class="irc-black">&lt;coolya&gt; totally crazy</span><br />
<span class="irc-date">[15:50]</span> <span class="irc-black">&lt;hceylan_&gt; how are you guys rating galaxy S over HTC Desire?</span><br />
<span class="irc-date">[15:50]</span> <span class="irc-black">&lt;atinm&gt; the logger has been running on my puny linux box for like a month now without needing a reboot</span><br />
<span class="irc-date">[15:50]</span> <span class="irc-black">&lt;atinm&gt; and the computer is still fine and I am still developing on it</span><br />
<span class="irc-date">[15:50]</span> <span class="irc-black">&lt;atinm&gt; I did have to reboot because ubuntu wanted to update the kernel</span><br />
<span class="irc-date">[15:50]</span> <span class="irc-black">&lt;atinm&gt; but other than that, nothing.</span><br />
<span class="irc-date">[15:53]</span> <span class="irc-black">&lt;coolya&gt; atinm: can we conect my repos to the cmsgs twitter acc?</span><br />
<span class="irc-date">[15:53]</span> <span class="irc-black">&lt;atinm&gt; coolya yes</span><br />
<span class="irc-date">[15:54]</span> <span class="irc-black">&lt;atinm&gt; but it has to be done per repo</span><br />
<span class="irc-date">[15:54]</span> <span class="irc-black">&lt;atinm&gt; go into a repo on github.com, go into the admin page</span><br />
<span class="irc-date">[15:54]</span> <span class="irc-black">&lt;coolya&gt; can pm me the oauths?</span><br />
<span class="irc-date">[15:54]</span> <span class="irc-black">&lt;coolya&gt; then i'll do that</span><br />
<span class="irc-date">[15:54]</span> <span class="irc-black">&lt;atinm&gt; and one of the links is service hooks where twitter is one of the options</span><br />
<span class="irc-date">[15:55]</span> <span class="irc-black">&lt;atinm&gt; it asks you to do the oauth - it'll connect to your account.</span><br />
<span class="irc-date">[15:55]</span> <span class="irc-black">&lt;atinm&gt; I guess I could figure out what cmsgs's one is</span><br />
<span class="irc-date">[15:55]</span> <span class="irc-black">&lt;atinm&gt; because cmsgs does it too.</span><br />
<span class="irc-date">[15:55]</span> <span class="irc-black">&lt;coolya&gt; ok</span><br />
