<span class="irc-date">[0:15]</span> <span class="irc-green">* ciwrl|away is now known as ciwrl|food</span><br />
<span class="irc-date">[1:04]</span> <span class="irc-green">* ciwrl|food is now known as ciwrl</span><br />
<span class="irc-date">[2:47]</span> <span class="irc-navy">* noobnl (~noob@unaffiliated/noobnl) Quit ()</span><br />
<span class="irc-date">[2:53]</span> <span class="irc-navy">* skeeterslint (~skeetersl@c-71-192-215-99.hsd1.ma.comcast.net) Quit (Quit: Leaving)</span><br />
<span class="irc-date">[3:44]</span> <span class="irc-navy">* neldar1 (~neldar@dsl-217-170-16.pool.bitel.net) Quit (Quit: Leaving.)</span><br />
<span class="irc-date">[4:13]</span> <span class="irc-green">* ciwrl_ (~ciwrl@pool-96-255-73-180.washdc.fios.verizon.net) has joined this channel.</span><br />
<span class="irc-date">[4:13]</span> <span class="irc-navy">* ciwrl (~ciwrl@pool-96-255-73-180.washdc.fios.verizon.net) Quit (Disconnected by services)</span><br />
<span class="irc-date">[4:13]</span> <span class="irc-green">* ciwrl_ is now known as ciwrl</span><br />
<span class="irc-date">[5:10]</span> <span class="irc-green">* noobnl (~noob@unaffiliated/noobnl) has joined this channel.</span><br />
<span class="irc-date">[6:16]</span> <span class="irc-navy">* birdman (~bird@24.246.130.106) Quit (Read error: Connection reset by peer)</span><br />
<span class="irc-date">[6:16]</span> <span class="irc-green">* birdman (~bird@24.246.130.106) has joined this channel.</span><br />
<span class="irc-date">[6:39]</span> <span class="irc-green">* ciwrl is now known as ciwrl|ota</span><br />
<span class="irc-date">[6:39]</span> <span class="irc-green">* ciwrl|ota is now known as ciwrl|</span><br />
<span class="irc-date">[6:40]</span> <span class="irc-green">* ciwrl| is now known as ciwrl|afk</span><br />
<span class="irc-date">[6:47]</span> <span class="irc-green">* jt1134 is now known as jt|sleepyface</span><br />
<span class="irc-date">[8:51]</span> <span class="irc-green">* skeeterslint (~skeetersl@c-71-192-215-99.hsd1.ma.comcast.net) has joined this channel.</span><br />
<span class="irc-date">[11:06]</span> <span class="irc-navy">* noobnl (~noob@unaffiliated/noobnl) Quit (Ping timeout: 240 seconds)</span><br />
<span class="irc-date">[11:06]</span> <span class="irc-green">* noobnl (~noob@unaffiliated/noobnl) has joined this channel.</span><br />
<span class="irc-date">[11:10]</span> <span class="irc-navy">* skeeterslint (~skeetersl@c-71-192-215-99.hsd1.ma.comcast.net) Quit (Quit: Leaving)</span><br />
<span class="irc-date">[14:00]</span> <span class="irc-navy">* wArri` (~dave.will@rrcs-72-45-254-78.nys.biz.rr.com) Quit (Quit: ( www.nnscript.com :: NoNameScript 4.22 :: www.esnation.com ))</span><br />
<span class="irc-date">[14:09]</span> <span class="irc-green">* gdanko (~gdanko@66-162-32-185.static.twtelecom.net) has joined this channel.</span><br />
<span class="irc-date">[14:14]</span> <span class="irc-green">* neldar (~neldar@dsl-217-161-79.pool.bitel.net) has joined this channel.</span><br />
<span class="irc-date">[14:14]</span> <span class="irc-black">&lt;- *neldar* Bot Sentry eingeschalten:  Sie werden jetzt ignoriert!  Ihre Nachricht wird übermittelt wenn sie die folgenden Fragen innerhalb von 10 Minuten richtig beantworten:  Wie buchstabieren sie das Ergebnis (Zahl) aus 10 geteilt durch zwei?</span><br />
<span class="irc-date">[14:36]</span> <span class="irc-black">&lt;gdanko&gt; hi neldar</span><br />
<span class="irc-date">[14:39]</span> <span class="irc-black">&lt;neldar&gt; hi gdanko</span><br />
<span class="irc-date">[14:40]</span> <span class="irc-black">&lt;gdanko&gt; how goes it?</span><br />
<span class="irc-date">[14:43]</span> <span class="irc-navy">* magote (~magoteI90@a79-169-106-110.cpe.netcabo.pt) Quit ()</span><br />
<span class="irc-date">[14:55]</span> <span class="irc-black">&lt;neldar&gt; gdanko are you german?</span><br />
<span class="irc-date">[14:58]</span> <span class="irc-black">&lt;gdanko&gt; I am not. Mostly Irish.</span><br />
<span class="irc-date">[14:59]</span> <span class="irc-black">&lt;gdanko&gt; My mom's family name is McGonigle, originally McConigly way back in the day.</span><br />
<span class="irc-date">[15:05]</span> <span class="irc-black">&lt;neldar&gt; I got you confused with someone else :)</span><br />
<span class="irc-date">[15:06]</span> <span class="irc-black">&lt;gdanko&gt; No problem. :)</span><br />
<span class="irc-date">[15:06]</span> <span class="irc-black">&lt;gdanko&gt; I need codeworkx to show up. :P</span><br />
<span class="irc-date">[15:06]</span> <span class="irc-black">&lt;neldar&gt; i think he is still working</span><br />
<span class="irc-date">[15:06]</span> <span class="irc-black">&lt;gdanko&gt; oh, okay.</span><br />
<span class="irc-date">[15:07]</span> <span class="irc-black">&lt;gdanko&gt; I am told the reoriented kernel sources are usable now. I would like to know where to find these so I can build a Captivate kernel.</span><br />
<span class="irc-date">[15:18]</span> <span class="irc-green">* izibi (~julian@unaffiliated/izibi) has joined this channel.</span><br />
<span class="irc-date">[15:46]</span> <span class="irc-green">* ciwrl (~ciwrl@96.255.73.180) has joined this channel.</span><br />
<span class="irc-date">[15:48]</span> <span class="irc-navy">* ciwrl|afk (~ciwrl@pool-96-255-73-180.washdc.fios.verizon.net) Quit (Ping timeout: 276 seconds)</span><br />
<span class="irc-date">[16:08]</span> <span class="irc-black">&lt;gdanko&gt; where on github is aries_cm_defconfig?</span><br />
<span class="irc-date">[16:25]</span> <span class="irc-green">* forcystos (62553b3d@gateway/web/freenode/ip.98.85.59.61) has joined this channel.</span><br />
<span class="irc-date">[16:30]</span> <span class="irc-navy">* forcystos (62553b3d@gateway/web/freenode/ip.98.85.59.61) Quit (Quit: Page closed)</span><br />
<span class="irc-date">[16:44]</span> <span class="irc-black">&lt;gdanko&gt; -bash-2.05b$ uptime</span><br />
<span class="irc-date">[16:44]</span> <span class="irc-black">&lt;gdanko&gt;  8:44AM  up 1843 days, 18:17, 1 user, load averages: 0.00, 0.00, 0.00</span><br />
<span class="irc-date">[16:59]</span> <span class="irc-navy">* neldar (~neldar@dsl-217-161-79.pool.bitel.net) Quit (Quit: Leaving.)</span><br />
<span class="irc-date">[17:41]</span> <span class="irc-green">* skeeterslint (~skeetersl@c-71-192-215-99.hsd1.ma.comcast.net) has joined this channel.</span><br />
<span class="irc-date">[17:54]</span> <span class="irc-black">&lt;rhcp&gt; Model: SGH-T959 | Code: TMB | Version: T959UVJL1/T959TMBJL1/T959UVJL1/T959UVJL1 | Date: 07.12.2010 10:29 | Size: 185,23 MB | ID: 3320671744</span><br />
