<span class="irc-date">[0:05]</span> <span class="irc-navy">* izibi (~julian@unaffiliated/izibi) Quit (Ping timeout: 255 seconds)</span><br />
<span class="irc-date">[0:11]</span> <span class="irc-green">* dasunsrule32 (~dasunsrul@christiantechsaz.com) has joined this channel.</span><br />
<span class="irc-date">[0:27]</span> <span class="irc-navy">* dasunsrule32 (~dasunsrul@christiantechsaz.com) Quit (Ping timeout: 276 seconds)</span><br />
<span class="irc-date">[1:06]</span> <span class="irc-green">* gdanko_home (~gdanko_ho@99-33-178-151.lightspeed.simica.sbcglobal.net) has joined this channel.</span><br />
<span class="irc-date">[1:37]</span> <span class="irc-green">* Kaik541 (~nertz@cpe-174-111-246-012.triad.res.rr.com) has joined this channel.</span><br />
<span class="irc-date">[1:54]</span> <span class="irc-navy">* jt1134 (~jt1134@c-71-207-226-80.hsd1.al.comcast.net) Quit (Quit: Leaving)</span><br />
<span class="irc-date">[2:00]</span> <span class="irc-green">* awiaI9000test (~darkBiLLy@28.36.222.87.dynamic.jazztel.es) has joined this channel.</span><br />
<span class="irc-date">[2:37]</span> <span class="irc-navy">* thedeanius (~dean@c-24-2-24-87.hsd1.mo.comcast.net) Quit (Quit: thedeanius)</span><br />
<span class="irc-date">[3:54]</span> <span class="irc-green">* jt1134 (~jt1134@c-71-207-226-80.hsd1.al.comcast.net) has joined this channel.</span><br />
<span class="irc-date">[4:11]</span> <span class="irc-green">* ciwrl|around is now known as ciwrl|away</span><br />
<span class="irc-date">[4:11]</span> <span class="irc-navy">* neldar (~neldar@dsl25-45.pool.bitel.net) Quit (Quit: Leaving.)</span><br />
<span class="irc-date">[4:34]</span> <span class="irc-green">* dasunsrule32 (~dasunsrul@christiantechsaz.com) has joined this channel.</span><br />
<span class="irc-date">[4:42]</span> <span class="irc-navy">* jt1134 (~jt1134@c-71-207-226-80.hsd1.al.comcast.net) Quit (Ping timeout: 240 seconds)</span><br />
<span class="irc-date">[4:51]</span> <span class="irc-green">* neldar (~neldar@dsl-217-172-50.pool.bitel.net) has joined this channel.</span><br />
<span class="irc-date">[4:51]</span> <span class="irc-black">&lt;- *neldar* Bot Sentry eingeschalten:  Sie werden jetzt ignoriert!  Ihre Nachricht wird übermittelt wenn sie die folgenden Fragen innerhalb von 10 Minuten richtig beantworten:  How do you spell the result of ten div_ided by 2?</span><br />
<span class="irc-date">[4:56]</span> <span class="irc-green">* jt1134 (~jt1134@c-71-207-226-80.hsd1.al.comcast.net) has joined this channel.</span><br />
<span class="irc-date">[5:13]</span> <span class="irc-navy">* Kaik541 (~nertz@cpe-174-111-246-012.triad.res.rr.com) Quit (Quit: Leaving)</span><br />
<span class="irc-date">[5:41]</span> <span class="irc-black">&lt;gdanko_home&gt; hi</span><br />
<span class="irc-date">[6:35]</span> <span class="irc-black">&lt;dasunsrule32&gt; hi</span><br />
<span class="irc-date">[6:38]</span> <span class="irc-navy">* skeeterslint (~skeetersl@c-71-192-215-99.hsd1.ma.comcast.net) Quit (Quit: Leaving)</span><br />
<span class="irc-date">[7:04]</span> <span class="irc-navy">* neldar (~neldar@dsl-217-172-50.pool.bitel.net) Quit (Ping timeout: 250 seconds)</span><br />
<span class="irc-date">[7:11]</span> <span class="irc-navy">* dasunsrule32 (~dasunsrul@christiantechsaz.com) Quit (Ping timeout: 255 seconds)</span><br />
<span class="irc-date">[8:25]</span> <span class="irc-navy">* ciwrl|away (~ciwrl@pool-96-255-73-180.washdc.fios.verizon.net) Quit (Ping timeout: 240 seconds)</span><br />
<span class="irc-date">[8:30]</span> <span class="irc-green">* ciwrl (~ciwrl@pool-173-79-22-43.washdc.fios.verizon.net) has joined this channel.</span><br />
<span class="irc-date">[8:31]</span> <span class="irc-green">* ciwrl is now known as ciwrl|away</span><br />
<span class="irc-date">[9:27]</span> <span class="irc-green">* coolya|away is now known as coolya</span><br />
<span class="irc-date">[10:09]</span> <span class="irc-green">* izibi (~julian@unaffiliated/izibi) has joined this channel.</span><br />
<span class="irc-date">[10:19]</span> <span class="irc-green">* codeworkx (~codeworkx@p5081ECF3.dip.t-dialin.net) has joined this channel.</span><br />
<span class="irc-date">[10:19]</span> <span class="irc-green">* codeworkx_ (~codeworkx@p5081ECF3.dip.t-dialin.net) has joined this channel.</span><br />
<span class="irc-date">[10:20]</span> <span class="irc-navy">* codeworkx_ (~codeworkx@p5081ECF3.dip.t-dialin.net) Quit (Read error: Connection reset by peer)</span><br />
<span class="irc-date">[10:45]</span> <span class="irc-navy">* codeworkx (~codeworkx@p5081ECF3.dip.t-dialin.net) Quit (Ping timeout: 240 seconds)</span><br />
<span class="irc-date">[11:01]</span> <span class="irc-green">* codeworkx (~codeworkx@p5081ECF3.dip.t-dialin.net) has joined this channel.</span><br />
<span class="irc-date">[11:06]</span> <span class="irc-navy">* codeworkx (~codeworkx@p5081ECF3.dip.t-dialin.net) Quit (Ping timeout: 255 seconds)</span><br />
<span class="irc-date">[11:14]</span> <span class="irc-green">* codeworkx (~codeworkx@p5081ECF3.dip.t-dialin.net) has joined this channel.</span><br />
<span class="irc-date">[11:22]</span> <span class="irc-green">* magote (~magote@a79-169-106-110.cpe.netcabo.pt) has joined this channel.</span><br />
<span class="irc-date">[11:38]</span> <span class="irc-navy">* codeworkx (~codeworkx@p5081ECF3.dip.t-dialin.net) Quit (Ping timeout: 260 seconds)</span><br />
<span class="irc-date">[11:47]</span> <span class="irc-green">* codeworkx (~codeworkx@p5081ECF3.dip.t-dialin.net) has joined this channel.</span><br />
