<span class="irc-date">[0:11]</span> <span class="irc-navy">* coolya (~kolja@xdslcc229.osnanet.de) Quit (Ping timeout: 265 seconds)</span><br />
<span class="irc-date">[0:30]</span> <span class="irc-green">* thedeanius (~dean@c-24-2-24-87.hsd1.mo.comcast.net) has joined this channel.</span><br />
<span class="irc-date">[0:53]</span> <span class="irc-green">* jt|AFK (~jt1134@c-71-207-226-80.hsd1.al.comcast.net) has left this channel.</span><br />
<span class="irc-date">[1:17]</span> <span class="irc-navy">* GuiPer (~GuiPer@155.Red-79-155-213.dynamicIP.rima-tde.net) Quit (Ping timeout: 245 seconds)</span><br />
<span class="irc-date">[2:15]</span> <span class="irc-black">&lt;noobnl&gt; victory_8G_100528.pit Odin3+v1.61.exe</span><br />
<span class="irc-date">[2:17]</span> <span class="irc-green">* gdanko (~gdanko@nat/yahoo/x-zlcqillpacwegjsc) has joined this channel.</span><br />
<span class="irc-date">[2:18]</span> <span class="irc-black">&lt;gdanko&gt; hi</span><br />
<span class="irc-date">[2:19]</span> <span class="irc-black">&lt;Kaik541&gt; hey</span><br />
<span class="irc-date">[2:19]</span> <span class="irc-black">&lt;gdanko&gt; how goes it</span><br />
<span class="irc-date">[2:20]</span> <span class="irc-black">&lt;Kaik541&gt; good, been real quiet in here today from the looks of the logs :P</span><br />
<span class="irc-date">[2:20]</span> <span class="irc-black">&lt;gdanko&gt; i was jumping up and down about a setting not taking</span><br />
<span class="irc-date">[2:20]</span> <span class="irc-black">&lt;gdanko&gt; then i relalize i forgot to repo sync :/</span><br />
<span class="irc-date">[2:21]</span> <span class="irc-black">&lt;gdanko&gt; bbiab dinner time</span><br />
<span class="irc-date">[2:22]</span> <span class="irc-black">&lt;Unhelpful&gt; gdanko: it looks like extracting superuser, su, and busybox from vendor firmware got into cm_sgs... ok to remove?</span><br />
<span class="irc-date">[2:39]</span> <span class="irc-black">&lt;noobnl&gt; yes Unhelpful</span><br />
<span class="irc-date">[2:43]</span> <span class="irc-navy">* gdanko (~gdanko@nat/yahoo/x-zlcqillpacwegjsc) Quit (Quit: This computer has gone to sleep)</span><br />
<span class="irc-date">[3:18]</span> <span class="irc-navy">* awiaI9000test (~darkBiLLy@78.36.222.87.dynamic.jazztel.es) Quit (Ping timeout: 276 seconds)</span><br />
<span class="irc-date">[3:25]</span> <span class="irc-green">* codeworkx (~codeworkx@95-89-111-251-dynip.superkabel.de) has joined this channel.</span><br />
<span class="irc-date">[3:37]</span> <span class="irc-green">* gdanko (~gdanko@99-33-178-151.lightspeed.simica.sbcglobal.net) has joined this channel.</span><br />
<span class="irc-date">[3:39]</span> <span class="irc-green">* gdanko_ (~gdanko@nat/yahoo/x-zqlnzueygqkwwxvr) has joined this channel.</span><br />
<span class="irc-date">[3:40]</span> <span class="irc-black">&lt;gdanko_&gt; Unhelpful: if su, busybox, and superuser are pulled in elsewhere we can yank from cappy specific</span><br />
<span class="irc-date">[3:42]</span> <span class="irc-black">&lt;Unhelpful&gt; gdanko_: well, in cm they should be *built*, not pulled from from vendor firmware (which shouldn't have them, anyway)</span><br />
<span class="irc-date">[3:43]</span> <span class="irc-navy">* gdanko (~gdanko@99-33-178-151.lightspeed.simica.sbcglobal.net) Quit (Ping timeout: 276 seconds)</span><br />
<span class="irc-date">[3:43]</span> <span class="irc-black">&lt;gdanko_&gt; it was probably testing crap so if you want, feel free to remove. if not, i will.</span><br />
<span class="irc-date">[3:55]</span> <span class="irc-brick">* gdanko_ crosses fingers</span><br />
<span class="irc-date">[3:55]</span> <span class="irc-black">&lt;gdanko_&gt; btw, 3 files removed and checked in</span><br />
<span class="irc-date">[3:56]</span> <span class="irc-black">&lt;gdanko_&gt; i got radio</span><br />
<span class="irc-date">[3:56]</span> <span class="irc-black">&lt;gdanko_&gt; i got a boot</span><br />
<span class="irc-date">[3:56]</span> <span class="irc-black">&lt;gdanko_&gt; :)</span><br />
<span class="irc-date">[3:56]</span> <span class="irc-black">&lt;gdanko_&gt; cm6 is working on captivate</span><br />
<span class="irc-date">[3:57]</span> <span class="irc-black">&lt;gdanko_&gt; wiping data</span><br />
<span class="irc-date">[3:58]</span> <span class="irc-green">* gdanko_ is now known as gdanko</span><br />
<span class="irc-date">[3:59]</span> <span class="irc-black">&lt;gdanko&gt; hmm after factory reset i am stuck on at&amp;t screen</span><br />
