<span class="irc-date">[0:11]</span> <span class="irc-navy">* dasunsrule32 (~dasunsrul@christiantechsaz.com) Quit (Ping timeout: 264 seconds)</span><br />
<span class="irc-date">[1:19]</span> <span class="irc-navy">* neldar (~neldar@dsl-217-160-244.pool.bitel.net) Quit (Quit: Leaving.)</span><br />
<span class="irc-date">[2:18]</span> <span class="irc-green">* dasunsrule32 (~dasunsrul@christiantechsaz.com) has joined this channel.</span><br />
<span class="irc-date">[2:23]</span> <span class="irc-navy">* dasunsrule32 (~dasunsrul@christiantechsaz.com) Quit (Ping timeout: 246 seconds)</span><br />
<span class="irc-date">[3:06]</span> <span class="irc-navy">* skeeterslint (~skeetersl@c-71-192-215-99.hsd1.ma.comcast.net) Quit (Remote host closed the connection)</span><br />
<span class="irc-date">[4:05]</span> <span class="irc-green">* thedeanius (~dean@c-24-2-24-87.hsd1.mo.comcast.net) has joined this channel.</span><br />
<span class="irc-date">[5:59]</span> <span class="irc-navy">* thedeanius (~dean@c-24-2-24-87.hsd1.mo.comcast.net) Quit (Quit: thedeanius)</span><br />
<span class="irc-date">[9:38]</span> <span class="irc-green">* thedood is now known as thedood|blooped</span><br />
<span class="irc-date">[11:04]</span> <span class="irc-green">* codeworkx (~codeworkx@95-89-111-251-dynip.superkabel.de) has joined this channel.</span><br />
<span class="irc-date">[11:44]</span> <span class="irc-green">* thedood|blooped is now known as thedood|away</span><br />
<span class="irc-date">[12:22]</span> <span class="irc-brown">-Martinp23- [Global Notice] As the first parts of the world start to enter 2011, all of us here at freenode &amp; PDPC would like to wish you a fantastic New Year and a great 2011. This is the only global notice we'll send about the new year celebrations - further messages will be sent using wallops - do /umode +w to see them (and if you want to join the party, /j #freenode-newyears). Thanks for flying freenode over 2010 and here's to 2011!</span><br />
<span class="irc-date">[14:11]</span> <span class="irc-navy">* Disconnected.</span><br />
<span class="irc-date">[14:11]</span> <span class="irc-brown">-holmes.freenode.net- *** Looking up your hostname...</span><br />
<span class="irc-date">[14:11]</span> <span class="irc-brown">-holmes.freenode.net- *** Checking Ident</span><br />
<span class="irc-date">[14:11]</span> <span class="irc-brown">-holmes.freenode.net- *** No Ident response</span><br />
<span class="irc-date">[14:11]</span> <span class="irc-brown">-holmes.freenode.net- *** Found your hostname</span><br />
<span class="irc-date">[14:15]</span> <span class="irc-brown">-hubbard.freenode.net- *** Looking up your hostname...</span><br />
<span class="irc-date">[14:15]</span> <span class="irc-brown">-hubbard.freenode.net- *** Checking Ident</span><br />
<span class="irc-date">[14:15]</span> <span class="irc-brown">-hubbard.freenode.net- *** No Ident response</span><br />
<span class="irc-date">[14:15]</span> <span class="irc-brown">-hubbard.freenode.net- *** Found your hostname</span><br />
<span class="irc-date">[14:15]</span> <span class="irc-green">* cmsgsteam-logger (~PircBot@cmsgs.com) has joined this channel.</span><br />
<span class="irc-date">[14:15]</span> <span class="irc-green">* Topic is 'SGS CyanogenMod developers and testers (and other kernel and android hackers) - <a href="http://www.cmsgs.com/'">http://www.cmsgs.com/'</a></span><br />
<span class="irc-date">[14:15]</span> <span class="irc-green">* Set by atinm|night!~atin@unaffiliated/atinm on Sun Dec 19 02:05:32 GMT 2010</span><br />
<span class="irc-date">[14:15]</span> <span class="irc-brown">-ChanServ- [#__topsecret__] SGS-CM6 developers and testers only pls. Others could be kickbanned if not contributing to the channel's function.</span><br />
<span class="irc-date">[14:15]</span> <span class="irc-green">* ChanServ sets mode +o cmsgsteam-logger</span><br />
<span class="irc-date">[14:57]</span> <span class="irc-navy">* atinm (~atin@unaffiliated/atinm) Quit (Quit: atinm)</span><br />
<span class="irc-date">[19:21]</span> <span class="irc-brown">-barjavel.freenode.net- *** Looking up your hostname...</span><br />
<span class="irc-date">[19:21]</span> <span class="irc-brown">-barjavel.freenode.net- *** Checking Ident</span><br />
<span class="irc-date">[19:21]</span> <span class="irc-brown">-barjavel.freenode.net- *** No Ident response</span><br />
<span class="irc-date">[19:21]</span> <span class="irc-brown">-barjavel.freenode.net- *** Found your hostname</span><br />
<span class="irc-date">[19:21]</span> <span class="irc-green">* cmsgsteam-logger (~PircBot@cmsgs.com) has joined this channel.</span><br />
<span class="irc-date">[19:21]</span> <span class="irc-green">* Topic is 'SGS CyanogenMod developers and testers (and other kernel and android hackers) - <a href="http://www.cmsgs.com/'">http://www.cmsgs.com/'</a></span><br />
<span class="irc-date">[19:21]</span> <span class="irc-green">* Set by atinm|night!~atin@unaffiliated/atinm on Sun Dec 19 02:05:32 GMT 2010</span><br />
<span class="irc-date">[19:21]</span> <span class="irc-brown">-ChanServ- [#__topsecret__] SGS-CM6 developers and testers only pls. Others could be kickbanned if not contributing to the channel's function.</span><br />
<span class="irc-date">[19:21]</span> <span class="irc-green">* ChanServ sets mode +o cmsgsteam-logger</span><br />
<span class="irc-date">[19:40]</span> <span class="irc-navy">* skeeterslint (~skeetersl@c-71-192-215-99.hsd1.ma.comcast.net) Quit (Quit: Leaving)</span><br />
<span class="irc-date">[19:55]</span> <span class="irc-green">* coolya is now known as coolya|away</span><br />
