<span class="irc-date">[0:05]</span> <span class="irc-green">* skeetes|away is now known as skeeterslint</span><br />
<span class="irc-date">[0:21]</span> <span class="irc-navy">* neldar (~neldar@dsl104-77.pool.bitel.net) Quit (Quit: Leaving.)</span><br />
<span class="irc-date">[0:28]</span> <span class="irc-green">* thedeanius (~dean@c-24-2-24-87.hsd1.mo.comcast.net) has joined this channel.</span><br />
<span class="irc-date">[1:45]</span> <span class="irc-navy">* thedeanius (~dean@c-24-2-24-87.hsd1.mo.comcast.net) Quit (Quit: thedeanius)</span><br />
<span class="irc-date">[2:08]</span> <span class="irc-navy">* shad0wf0x (~shad0w@d149-67-84-103.try.wideopenwest.com) Quit (Ping timeout: 255 seconds)</span><br />
<span class="irc-date">[2:14]</span> <span class="irc-green">* shad0wf0x (~shad0w@d149-67-84-103.try.wideopenwest.com) has joined this channel.</span><br />
<span class="irc-date">[2:29]</span> <span class="irc-green">* thedeanius (~dean@c-24-2-24-87.hsd1.mo.comcast.net) has joined this channel.</span><br />
<span class="irc-date">[2:43]</span> <span class="irc-green">* noobnl is now known as noobUSA</span><br />
<span class="irc-date">[2:44]</span> <span class="irc-green">* noobUSA is now known as noob</span><br />
<span class="irc-date">[2:45]</span> <span class="irc-green">* noob is now known as noobUSA</span><br />
<span class="irc-date">[2:46]</span> <span class="irc-green">* noobUSA is now known as noobnl</span><br />
<span class="irc-date">[2:51]</span> <span class="irc-green">* noobnl is now known as noobn1</span><br />
<span class="irc-date">[2:51]</span> <span class="irc-green">* noobn1 is now known as noobnl</span><br />
<span class="irc-date">[4:44]</span> <span class="irc-green">* noobnl0 (~noob@unaffiliated/noobnl) has joined this channel.</span><br />
<span class="irc-date">[4:47]</span> <span class="irc-navy">* noobnl (~noob@unaffiliated/noobnl) Quit (Ping timeout: 240 seconds)</span><br />
<span class="irc-date">[4:47]</span> <span class="irc-green">* noobnl (~noob@unaffiliated/noobnl) has joined this channel.</span><br />
<span class="irc-date">[4:48]</span> <span class="irc-navy">* noobnl0 (~noob@unaffiliated/noobnl) Quit (Ping timeout: 240 seconds)</span><br />
<span class="irc-date">[5:25]</span> <span class="irc-navy">* skeeterslint (~skeetersl@c-71-192-215-99.hsd1.ma.comcast.net) Quit (Remote host closed the connection)</span><br />
<span class="irc-date">[5:49]</span> <span class="irc-green">* rjmjr69 (~Administr@c-24-62-52-123.hsd1.ma.comcast.net) has joined this channel.</span><br />
<span class="irc-date">[5:56]</span> <span class="irc-navy">* thedeanius (~dean@c-24-2-24-87.hsd1.mo.comcast.net) Quit (Quit: thedeanius)</span><br />
<span class="irc-date">[6:49]</span> <span class="irc-green">* izibi (~julian@unaffiliated/izibi) has joined this channel.</span><br />
<span class="irc-date">[7:30]</span> <span class="irc-green">* Scepterr|AFD is now known as Scepterr|AFK</span><br />
<span class="irc-date">[7:37]</span> <span class="irc-green">* Scepterr|AFK is now known as Scepterr|AFD</span><br />
<span class="irc-date">[7:53]</span> <span class="irc-navy">* izibi (~julian@unaffiliated/izibi) Quit (Ping timeout: 260 seconds)</span><br />
<span class="irc-date">[8:47]</span> <span class="irc-navy">* noobnl (~noob@unaffiliated/noobnl) Quit ()</span><br />
<span class="irc-date">[12:28]</span> <span class="irc-green">* neldar (~neldar@dsl-217-174-103.pool.bitel.net) has joined this channel.</span><br />
<span class="irc-date">[12:28]</span> <span class="irc-black">&lt;- *neldar* Bot Sentry eingeschalten:  Sie werden jetzt ignoriert!  Ihre Nachricht wird übermittelt wenn sie die folgenden Fragen innerhalb von 10 Minuten richtig beantworten:  Wie buchstabieren sie das Ergebnis (Zahl) aus 10 geteilt durch zwei?</span><br />
<span class="irc-date">[13:43]</span> <span class="irc-black">&lt;dasunsrule32&gt; whee, completely, permantently bricked my vibrant last night. :(</span><br />
<span class="irc-date">[14:18]</span> <span class="irc-green">* gdanko (~gdanko@66-162-32-185.static.twtelecom.net) has joined this channel.</span><br />
<span class="irc-date">[14:18]</span> <span class="irc-black">&lt;gdanko&gt; Morning folks.</span><br />
<span class="irc-date">[14:45]</span> <span class="irc-green">* codeworkx (~codeworkx@95-89-111-251-dynip.superkabel.de) has joined this channel.</span><br />
<span class="irc-date">[14:45]</span> <span class="irc-black">&lt;gdanko&gt; Hi codeworkx</span><br />
<span class="irc-date">[14:46]</span> <span class="irc-black">&lt;codeworkx&gt; hi gdanko</span><br />
<span class="irc-date">[14:47]</span> <span class="irc-black">&lt;gdanko&gt; how's it going?</span><br />
<span class="irc-date">[14:58]</span> <span class="irc-green">* skeeterslint (~skeetersl@c-71-192-215-99.hsd1.ma.comcast.net) has joined this channel.</span><br />
<span class="irc-date">[15:23]</span> <span class="irc-green">* izibi (~julian@unaffiliated/izibi) has joined this channel.</span><br />
<span class="irc-date">[15:38]</span> <span class="irc-navy">* rjmjr69 (~Administr@c-24-62-52-123.hsd1.ma.comcast.net) Quit (Read error: No route to host)</span><br />
<span class="irc-date">[15:43]</span> <span class="irc-green">* skeeterslint is now known as skeeter|away</span><br />
<span class="irc-date">[15:48]</span> <span class="irc-green">* magote (~magoteI90@a79-169-106-110.cpe.netcabo.pt) has joined this channel.</span><br />
<span class="irc-date">[16:22]</span> <span class="irc-green">* cob_ is now known as cob</span><br />
<span class="irc-date">[16:34]</span> <span class="irc-black">&lt;dasunsrule32&gt; anonymous: i was flashing the jk6 modem and it failed, miserably</span><br />
<span class="irc-date">[16:35]</span> <span class="irc-black">&lt;dasunsrule32&gt; got a screen full of orange hexadecimal text, powered the phone off, and it wouldn't power any more</span><br />
<span class="irc-date">[16:35]</span> <span class="irc-black">&lt;dasunsrule32&gt; :(</span><br />
<span class="irc-date">[16:50]</span> <span class="irc-green">* forcystos (6255a954@gateway/web/freenode/ip.98.85.169.84) has joined this channel.</span><br />
<span class="irc-date">[16:51]</span> <span class="irc-black">&lt;forcystos&gt; is there a reason why extract-files would be skipping files without returning an error?</span><br />
<span class="irc-date">[16:52]</span> <span class="irc-black">&lt;forcystos&gt; I'm missing a load of things clearly listed in extract-files, and getting no errors when executing it</span><br />
<span class="irc-date">[16:53]</span> <span class="irc-navy">* cob (~conrado@swan.dds.nl) Quit (Quit: Changing server)</span><br />
<span class="irc-date">[16:53]</span> <span class="irc-green">* cob (~conrado@swan.dds.nl) has joined this channel.</span><br />
<span class="irc-date">[16:54]</span> <span class="irc-navy">* cob (~conrado@swan.dds.nl) Quit (Client Quit)</span><br />
<span class="irc-date">[16:57]</span> <span class="irc-black">&lt;forcystos&gt; okay... extract-files isn't even creating the dirs if you remove everything</span><br />
<span class="irc-date">[16:58]</span> <span class="irc-green">* cob (~conrado@swan.dds.nl) has joined this channel.</span><br />
<span class="irc-date">[17:09]</span> <span class="irc-navy">* forcystos (6255a954@gateway/web/freenode/ip.98.85.169.84) Quit (Quit: Page closed)</span><br />
<span class="irc-date">[17:16]</span> <span class="irc-green">* thedeanius (~dean@64.151.21.178) has joined this channel.</span><br />
<span class="irc-date">[17:23]</span> <span class="irc-navy">* codeworkx (~codeworkx@95-89-111-251-dynip.superkabel.de) Quit (Remote host closed the connection)</span><br />
<span class="irc-date">[17:36]</span> <span class="irc-green">* rjmjr69 (~Administr@c-24-62-52-123.hsd1.ma.comcast.net) has joined this channel.</span><br />
<span class="irc-date">[17:51]</span> <span class="irc-navy">* magote (~magoteI90@a79-169-106-110.cpe.netcabo.pt) Quit (Ping timeout: 240 seconds)</span><br />
