<span class="irc-date">[0:07]</span> <span class="irc-green">* ciwrl is now known as ciwrl|away</span><br />
<span class="irc-date">[0:11]</span> <span class="irc-green">* coolya_ (~coolya@microdoof.net) has joined this channel.</span><br />
<span class="irc-date">[0:12]</span> <span class="irc-navy">* coolya (~kolja@xdslcd152.osnanet.de) Quit (Quit: Leaving.)</span><br />
<span class="irc-date">[0:20]</span> <span class="irc-green">* coolya_ is now known as coolya</span><br />
<span class="irc-date">[0:49]</span> <span class="irc-green">* skeeterslint (~skeetersl@c-71-192-215-99.hsd1.ma.comcast.net) has joined this channel.</span><br />
<span class="irc-date">[1:16]</span> <span class="irc-navy">* skeeterslint (~skeetersl@c-71-192-215-99.hsd1.ma.comcast.net) Quit (Quit: Leaving)</span><br />
<span class="irc-date">[2:12]</span> <span class="irc-navy">* izibi (~julian@unaffiliated/izibi) Quit (Ping timeout: 255 seconds)</span><br />
<span class="irc-date">[2:46]</span> <span class="irc-green">* jt1134 (~jt1134@c-71-207-226-80.hsd1.al.comcast.net) has joined this channel.</span><br />
<span class="irc-date">[3:37]</span> <span class="irc-black">&lt;magote&gt; coolya, something i can help test for I9000 or something like that?</span><br />
<span class="irc-date">[3:56]</span> <span class="irc-green">* dasunsrule32 (~dasunsrul@christiantechsaz.com) has joined this channel.</span><br />
<span class="irc-date">[4:00]</span> <span class="irc-black">&lt;gdanko_home&gt; hi</span><br />
<span class="irc-date">[4:07]</span> <span class="irc-green">* Kaik541 (~nertz@cpe-174-111-246-012.triad.res.rr.com) has joined this channel.</span><br />
<span class="irc-date">[4:07]</span> <span class="irc-navy">* dasunsrule32 (~dasunsrul@christiantechsaz.com) Quit (Ping timeout: 265 seconds)</span><br />
<span class="irc-date">[4:16]</span> <span class="irc-green">* neldar1 (~neldar@dsl25-45.pool.bitel.net) has joined this channel.</span><br />
<span class="irc-date">[4:16]</span> <span class="irc-black">&lt;- *neldar1* Bot Sentry eingeschalten:  Sie werden jetzt ignoriert!  Ihre Nachricht wird übermittelt wenn sie die folgenden Fragen innerhalb von 10 Minuten richtig beantworten:  How do you spell the result of ten div_ided by 2?</span><br />
<span class="irc-date">[4:16]</span> <span class="irc-navy">* neldar (~neldar@dsl24-9.pool.bitel.net) Quit (Disconnected by services)</span><br />
<span class="irc-date">[4:18]</span> <span class="irc-navy">* awiaI9000test (~darkBiLLy@108.36.222.87.dynamic.jazztel.es) Quit (Ping timeout: 250 seconds)</span><br />
<span class="irc-date">[4:21]</span> <span class="irc-navy">* jt1134 (~jt1134@c-71-207-226-80.hsd1.al.comcast.net) Quit (Ping timeout: 240 seconds)</span><br />
<span class="irc-date">[4:34]</span> <span class="irc-black">&lt;gdanko_home&gt; I am going to get a second phone so I can tinker with my Captivate w/o worry</span><br />
<span class="irc-date">[4:35]</span> <span class="irc-black">&lt;gdanko_home&gt; Unhelpful: have you ever tried to do the software update and got that could not communicate with the server error?</span><br />
<span class="irc-date">[4:35]</span> <span class="irc-green">* jt1134 (~jt1134@c-71-207-226-80.hsd1.al.comcast.net) has joined this channel.</span><br />
<span class="irc-date">[4:36]</span> <span class="irc-black">&lt;Unhelpful&gt; i can't really recall.</span><br />
<span class="irc-date">[4:38]</span> <span class="irc-green">* dasunsrule32 (~dasunsrul@christiantechsaz.com) has joined this channel.</span><br />
<span class="irc-date">[5:00]</span> <span class="irc-navy">* gdanko_home (~gdanko_ho@99-33-178-151.lightspeed.simica.sbcglobal.net) Quit (Remote host closed the connection)</span><br />
<span class="irc-date">[6:13]</span> <span class="irc-green">* jt1134 is now known as jt1134|sleepz</span><br />
<span class="irc-date">[6:25]</span> <span class="irc-navy">* noobnl (~noob@unaffiliated/noobnl) Quit (Read error: Connection reset by peer)</span><br />
<span class="irc-date">[6:25]</span> <span class="irc-green">* noobnl (~noob@unaffiliated/noobnl) has joined this channel.</span><br />
<span class="irc-date">[6:28]</span> <span class="irc-green">* noobnl0 (~noob@unaffiliated/noobnl) has joined this channel.</span><br />
<span class="irc-date">[6:32]</span> <span class="irc-navy">* noobnl (~noob@unaffiliated/noobnl) Quit (Ping timeout: 264 seconds)</span><br />
<span class="irc-date">[7:23]</span> <span class="irc-green">* noobnl0 is now known as noobnl</span><br />
<span class="irc-date">[8:15]</span> <span class="irc-navy">* magote (~magote@a79-169-106-110.cpe.netcabo.pt) Quit (Ping timeout: 255 seconds)</span><br />
<span class="irc-date">[8:19]</span> <span class="irc-green">* magote (~magote@a79-169-106-110.cpe.netcabo.pt) has joined this channel.</span><br />
<span class="irc-date">[8:37]</span> <span class="irc-navy">* dasunsrule32 (~dasunsrul@christiantechsaz.com) Quit (Ping timeout: 250 seconds)</span><br />
<span class="irc-date">[8:59]</span> <span class="irc-green">* coolya is now known as coolya|away</span><br />
<span class="irc-date">[9:22]</span> <span class="irc-green">* izibi (~julian@unaffiliated/izibi) has joined this channel.</span><br />
<span class="irc-date">[9:55]</span> <span class="irc-navy">* magote (~magote@a79-169-106-110.cpe.netcabo.pt) Quit (Read error: Connection reset by peer)</span><br />
<span class="irc-date">[9:58]</span> <span class="irc-green">* magote (~magote@a79-169-106-110.cpe.netcabo.pt) has joined this channel.</span><br />
