<span class="irc-date">[0:12]</span> <span class="irc-green">* skeeterslint (~skeetersl@c-71-192-215-99.hsd1.ma.comcast.net) has joined this channel.</span><br />
<span class="irc-date">[0:21]</span> <span class="irc-green">* jt|ZOMGSleep is now known as jt1134</span><br />
<span class="irc-date">[0:39]</span> <span class="irc-green">* thedeanius (~dean@c-24-2-24-87.hsd1.mo.comcast.net) has joined this channel.</span><br />
<span class="irc-date">[0:56]</span> <span class="irc-navy">* gdanko (~gdanko@66-162-32-185.static.twtelecom.net) Quit (Quit: This computer has gone to sleep)</span><br />
<span class="irc-date">[1:36]</span> <span class="irc-navy">* skeeterslint (~skeetersl@c-71-192-215-99.hsd1.ma.comcast.net) Quit (Remote host closed the connection)</span><br />
<span class="irc-date">[1:36]</span> <span class="irc-green">* skeeterslint (~skeetersl@c-71-192-215-99.hsd1.ma.comcast.net) has joined this channel.</span><br />
<span class="irc-date">[1:50]</span> <span class="irc-green">* ciwrl|away is now known as ciwrl</span><br />
<span class="irc-date">[2:21]</span> <span class="irc-green">* jt1134 is now known as jt|makinLove</span><br />
<span class="irc-date">[2:22]</span> <span class="irc-green">* shad0wf0x (~shad0w@d149-67-84-103.try.wideopenwest.com) has joined this channel.</span><br />
<span class="irc-date">[2:40]</span> <span class="irc-green">* rhcp (rhcp@unaffiliated/rhcp) has joined this channel.</span><br />
<span class="irc-date">[2:41]</span> <span class="irc-black">&lt;rhcp&gt; pretty cool of samsung to steal curios work eh</span><br />
<span class="irc-date">[2:41]</span> <span class="irc-black">&lt;rhcp&gt; nexus s running ext4</span><br />
<span class="irc-date">[2:45]</span> <span class="irc-black">&lt;Unhelpful&gt; *steal*?</span><br />
<span class="irc-date">[2:45]</span> <span class="irc-black">&lt;Unhelpful&gt; using ext4 as a default filesystem is not even close to "stealing" anything.</span><br />
<span class="irc-date">[2:50]</span> <span class="irc-black">&lt;rhcp&gt; well</span><br />
<span class="irc-date">[2:50]</span> <span class="irc-black">&lt;rhcp&gt; idea anyway</span><br />
<span class="irc-date">[2:50]</span> <span class="irc-black">&lt;rhcp&gt; sorry for the mis-wording :)</span><br />
<span class="irc-date">[2:51]</span> <span class="irc-black">&lt;rhcp&gt; I wonder if their 2.2 for gal S will convert us to EXT4</span><br />
<span class="irc-date">[2:51]</span> <span class="irc-black">&lt;rhcp&gt; it should be simple for them to do</span><br />
<span class="irc-date">[2:53]</span> <span class="irc-black">&lt;skeeterslint&gt; none of the leaks for the epic have as yet convert us to ext4</span><br />
<span class="irc-date">[2:54]</span> <span class="irc-black">&lt;skeeterslint&gt; and the last leak was supposedly a release canidate</span><br />
<span class="irc-date">[2:54]</span> <span class="irc-black">&lt;rhcp&gt; dono why they wont</span><br />
<span class="irc-date">[2:54]</span> <span class="irc-black">&lt;rhcp&gt; simple as hell i would say</span><br />
<span class="irc-date">[2:54]</span> <span class="irc-black">&lt;skeeterslint&gt; and very benifical from the sounds of it</span><br />
<span class="irc-date">[2:54]</span> <span class="irc-black">&lt;rhcp&gt; If i had to guess they COULD drop 2.3 on us</span><br />
<span class="irc-date">[2:55]</span> <span class="irc-black">&lt;rhcp&gt; with EXT3</span><br />
<span class="irc-date">[2:55]</span> <span class="irc-black">&lt;rhcp&gt; err</span><br />
<span class="irc-date">[2:55]</span> <span class="irc-black">&lt;rhcp&gt; ext4</span><br />
<span class="irc-date">[2:55]</span> <span class="irc-black">&lt;rhcp&gt; as the two phones are pretty much identifcal</span><br />
<span class="irc-date">[2:55]</span> <span class="irc-black">&lt;rhcp&gt; identical</span><br />
<span class="irc-date">[2:55]</span> <span class="irc-black">&lt;skeeterslint&gt; i think i heard that ext was the default filesystem for 2.3</span><br />
<span class="irc-date">[2:55]</span> <span class="irc-black">&lt;skeeterslint&gt; ext4</span><br />
<span class="irc-date">[2:55]</span> <span class="irc-black">&lt;rhcp&gt; Yea it is</span><br />
<span class="irc-date">[2:55]</span> <span class="irc-black">&lt;rhcp&gt; so this has be very curious</span><br />
<span class="irc-date">[2:55]</span> <span class="irc-black">&lt;skeeterslint&gt; so it would be lame of them to give us 2.3 with no ext4</span><br />
<span class="irc-date">[2:56]</span> <span class="irc-black">&lt;rhcp&gt; so this has me very curious</span><br />
<span class="irc-date">[2:56]</span> <span class="irc-black">&lt;rhcp&gt; rather</span><br />
<span class="irc-date">[2:56]</span> <span class="irc-black">&lt;rhcp&gt; I was checking out their /dev/block setup and /efs</span><br />
<span class="irc-date">[2:56]</span> <span class="irc-black">&lt;rhcp&gt; odd nv_data.bin</span><br />
<span class="irc-date">[2:56]</span> <span class="irc-black">&lt;rhcp&gt; std /dev/block</span><br />
