<span class="irc-date">[0:37]</span> <span class="irc-green">* neldar (~neldar@dsl-217-164-118.pool.bitel.net) has joined this channel.</span><br />
<span class="irc-date">[0:37]</span> <span class="irc-black">&lt;- *neldar* Bot Sentry eingeschalten:  Sie werden jetzt ignoriert!  Ihre Nachricht wird übermittelt wenn sie die folgenden Fragen innerhalb von 10 Minuten richtig beantworten:  Wie buchstabieren sie das Ergebnis (Zahl) aus 10 geteilt durch zwei?</span><br />
<span class="irc-date">[1:13]</span> <span class="irc-green">* thedeanius (~dean@c-24-2-24-87.hsd1.mo.comcast.net) has joined this channel.</span><br />
<span class="irc-date">[1:14]</span> <span class="irc-black">&lt;thedeanius&gt; wassup and shit?</span><br />
<span class="irc-date">[2:01]</span> <span class="irc-navy">* Disconnected.</span><br />
<span class="irc-date">[2:50]</span> <span class="irc-brown">-anthony.freenode.net- *** Looking up your hostname...</span><br />
<span class="irc-date">[2:50]</span> <span class="irc-brown">-anthony.freenode.net- *** Checking Ident</span><br />
<span class="irc-date">[2:50]</span> <span class="irc-brown">-anthony.freenode.net- *** No Ident response</span><br />
<span class="irc-date">[2:50]</span> <span class="irc-brown">-anthony.freenode.net- *** Found your hostname</span><br />
<span class="irc-date">[2:50]</span> <span class="irc-red">[frigg VERSION]</span><br />
<span class="irc-date">[2:50]</span> <span class="irc-green">* cmsgsteam-logger (~PircBot@cmsgs.com) has joined this channel.</span><br />
<span class="irc-date">[2:50]</span> <span class="irc-green">* Topic is 'SGS CM6 developers and testers (and other kernel and android hackers) - <a href="http://www.cmsgs.com/'">http://www.cmsgs.com/'</a></span><br />
<span class="irc-date">[2:50]</span> <span class="irc-green">* Set by atinm|nite!~atin@unaffiliated/atinm on Sat Oct 30 03:39:24 GMT 2010</span><br />
<span class="irc-date">[2:50]</span> <span class="irc-brown">-ChanServ- [#__topsecret__] SGS-CM6 developers and testers only pls. Others could be kickbanned if not contributing to the channel's function.</span><br />
<span class="irc-date">[2:50]</span> <span class="irc-green">* ChanServ sets mode +o cmsgsteam-logger</span><br />
<span class="irc-date">[4:01]</span> <span class="irc-green">* ciwrl is now known as ciwrl|away</span><br />
<span class="irc-date">[4:01]</span> <span class="irc-green">* rjmjr69 (~Administr@c-98-229-71-92.hsd1.ma.comcast.net) has joined this channel.</span><br />
<span class="irc-date">[4:04]</span> <span class="irc-green">* skeeterslint (~skeetersl@c-71-192-215-99.hsd1.ma.comcast.net) has joined this channel.</span><br />
<span class="irc-date">[4:15]</span> <span class="irc-black">&lt;skeeterslint&gt; can anyone point me in the right direction on getting the volume,camera and power keys working on the epic?just a nudge in the right direction is all I am looking for.</span><br />
<span class="irc-date">[4:16]</span> <span class="irc-green">* neldar1 (~neldar@dsl-217-173-87.pool.bitel.net) has joined this channel.</span><br />
<span class="irc-date">[4:16]</span> <span class="irc-navy">* neldar (~neldar@dsl-217-164-118.pool.bitel.net) Quit (Disconnected by services)</span><br />
<span class="irc-date">[4:16]</span> <span class="irc-green">* neldar1 is now known as neldar</span><br />
<span class="irc-date">[4:16]</span> <span class="irc-black">&lt;- *neldar* Bot Sentry eingeschalten:  Sie werden jetzt ignoriert!  Ihre Nachricht wird übermittelt wenn sie die folgenden Fragen innerhalb von 10 Minuten richtig beantworten:  Wie buchstabieren sie das Ergebnis (Zahl) aus 10 geteilt durch zwei?</span><br />
<span class="irc-date">[4:44]</span> <span class="irc-green">* ciwrl|away is now known as ciwrl</span><br />
<span class="irc-date">[4:49]</span> <span class="irc-green">* ciwrl is now known as ciwrl|Dexter</span><br />
<span class="irc-date">[5:17]</span> <span class="irc-navy">* neldar (~neldar@dsl-217-173-87.pool.bitel.net) Quit (Quit: Leaving.)</span><br />
<span class="irc-date">[5:59]</span> <span class="irc-green">* ciwrl|Dexter is now known as ciwrl|dead</span><br />
<span class="irc-date">[6:47]</span> <span class="irc-green">* GuiPer (~GuiPer@ip-86-49-25-242.net.upcbroadband.cz) has joined this channel.</span><br />
<span class="irc-date">[7:16]</span> <span class="irc-green">* ciwrl|dead is now known as ciwrl|afk</span><br />
<span class="irc-date">[7:38]</span> <span class="irc-navy">* GuiPer (~GuiPer@ip-86-49-25-242.net.upcbroadband.cz) Quit (Ping timeout: 245 seconds)</span><br />
<span class="irc-date">[7:43]</span> <span class="irc-navy">* thedeanius (~dean@c-24-2-24-87.hsd1.mo.comcast.net) Quit (Quit: thedeanius)</span><br />
<span class="irc-date">[7:52]</span> <span class="irc-navy">* noobnl (~noob@unaffiliated/noobnl) Quit ()</span><br />
<span class="irc-date">[8:48]</span> <span class="irc-navy">* skeeterslint (~skeetersl@c-71-192-215-99.hsd1.ma.comcast.net) Quit (Quit: Leaving)</span><br />
<span class="irc-date">[10:16]</span> <span class="irc-navy">* rjmjr69 (~Administr@c-98-229-71-92.hsd1.ma.comcast.net) Quit (Ping timeout: 245 seconds)</span><br />
<span class="irc-date">[11:52]</span> <span class="irc-green">* noobnl (~noob@unaffiliated/noobnl) has joined this channel.</span><br />
<span class="irc-date">[11:52]</span> <span class="irc-navy">* noobnl (~noob@unaffiliated/noobnl) Quit (Client Quit)</span><br />
<span class="irc-date">[12:10]</span> <span class="irc-black">&lt;atinm&gt; unhelpful: I guess we could just put the whole switch in an #ifdef/#else/#endif and have a galaxys part that has the download mode</span><br />
<span class="irc-date">[12:11]</span> <span class="irc-black">&lt;atinm&gt; (we're carrying on a conversation that started early yesterday ;) )</span><br />
<span class="irc-date">[12:12]</span> <span class="irc-green">* thedeanius (~dean@c-24-2-24-87.hsd1.mo.comcast.net) has joined this channel.</span><br />
<span class="irc-date">[12:17]</span> <span class="irc-navy">* thedeanius (~dean@c-24-2-24-87.hsd1.mo.comcast.net) Quit (Client Quit)</span><br />
<span class="irc-date">[13:09]</span> <span class="irc-green">* neldar (~neldar@dsl-217-173-87.pool.bitel.net) has joined this channel.</span><br />
<span class="irc-date">[13:09]</span> <span class="irc-black">&lt;- *neldar* Bot Sentry eingeschalten:  Sie werden jetzt ignoriert!  Ihre Nachricht wird übermittelt wenn sie die folgenden Fragen innerhalb von 10 Minuten richtig beantworten:  Wie buchstabieren sie das Ergebnis (Zahl) aus 10 geteilt durch zwei?</span><br />
<span class="irc-date">[13:35]</span> <span class="irc-green">* thedeanius (~dean@64.151.21.178) has joined this channel.</span><br />
<span class="irc-date">[13:41]</span> <span class="irc-green">* atinm is now known as atinm|away\</span><br />
<span class="irc-date">[13:41]</span> <span class="irc-green">* atinm|away\ is now known as atinm|away</span><br />
<span class="irc-date">[13:44]</span> <span class="irc-black">&lt;Unhelpful&gt; atinm: really? i think it would be better to have a few smaller ones...</span><br />
<span class="irc-date">[13:50]</span> <span class="irc-navy">* thedeanius (~dean@64.151.21.178) Quit (Remote host closed the connection)</span><br />
<span class="irc-date">[13:50]</span> <span class="irc-green">* thedeanius (~dean@64.151.21.178) has joined this channel.</span><br />
<span class="irc-date">[14:36]</span> <span class="irc-green">* codeworkx (~codeworkx@95-89-111-251-dynip.superkabel.de) has joined this channel.</span><br />
<span class="irc-date">[16:42]</span> <span class="irc-navy">* codeworkx (~codeworkx@95-89-111-251-dynip.superkabel.de) Quit (Remote host closed the connection)</span><br />
<span class="irc-date">[16:44]</span> <span class="irc-green">* skeeterslint (~skeetersl@c-71-192-215-99.hsd1.ma.comcast.net) has joined this channel.</span><br />
<span class="irc-date">[16:50]</span> <span class="irc-green">* izibi (~julian@unaffiliated/izibi) has joined this channel.</span><br />
<span class="irc-date">[17:52]</span> <span class="irc-green">* vikas776 (7ab09d9a@gateway/web/freenode/ip.122.176.157.154) has joined this channel.</span><br />
<span class="irc-date">[17:54]</span> <span class="irc-black">&lt;vikas776&gt; hey guys i have query when i flash cm kernel , it shows a andriod logo as boot animation and after flashing zip file . it shows cyanomod logo  .. As i have only one request i want that androd logo or boot animation  and dont want default animation  . Is it possible ?</span><br />
<span class="irc-date">[17:57]</span> <span class="irc-green">* skeeterslint is now known as skeeter|away</span><br />
<span class="irc-date">[18:06]</span> <span class="irc-green">* thedood is now known as thedood|away</span><br />
<span class="irc-date">[18:13]</span> <span class="irc-green">* thedood|away is now known as thedood</span><br />
<span class="irc-date">[18:14]</span> <span class="irc-black">&lt;vikas776&gt; hey dood</span><br />
<span class="irc-date">[18:15]</span> <span class="irc-black">&lt;thedood&gt; well</span><br />
<span class="irc-date">[18:15]</span> <span class="irc-black">&lt;thedood&gt; put whatever boot animation you want in /data/local .... problem solved :\</span><br />
<span class="irc-date">[18:15]</span> <span class="irc-black">&lt;vikas776&gt; hehe but the boot animation in kenel</span><br />
<span class="irc-date">[18:15]</span> <span class="irc-black">&lt;vikas776&gt; is what i want</span><br />
<span class="irc-date">[18:16]</span> <span class="irc-black">&lt;vikas776&gt; can i get any direction :P</span><br />
<span class="irc-date">[18:17]</span> <span class="irc-black">&lt;vikas776&gt; plss :)</span><br />
<span class="irc-date">[18:17]</span> <span class="irc-black">&lt;thedood&gt; uh</span><br />
<span class="irc-date">[18:17]</span> <span class="irc-black">&lt;thedood&gt; there is no boot animation in the karanal</span><br />
<span class="irc-date">[18:17]</span> <span class="irc-black">&lt;thedood&gt; if you need directions i suggest google maps, it's the best</span><br />
<span class="irc-date">[18:18]</span> <span class="irc-black">&lt;vikas776&gt; hhee</span><br />
<span class="irc-date">[18:18]</span> <span class="irc-black">&lt;vikas776&gt; hmm when i flash cm-6 kernel tar file using odin over stock samsung firmware it shows a boot logo</span><br />
<span class="irc-date">[18:19]</span> <span class="irc-black">&lt;thedood&gt; pixplzkthz</span><br />
<span class="irc-date">[18:19]</span> <span class="irc-black">&lt;thedood&gt; i don't know what the 'default' is you're referring to</span><br />
<span class="irc-date">[18:19]</span> <span class="irc-black">&lt;thedood&gt; tbh, bootanimation questions make me want to rape small animals</span><br />
<span class="irc-date">[18:19]</span> <span class="irc-black">&lt;thedood&gt; you being the small animal</span><br />
<span class="irc-date">[18:19]</span> <span class="irc-black">&lt;vikas776&gt; aww i m really sorry</span><br />
<span class="irc-date">[18:19]</span> <span class="irc-black">&lt;thedood&gt; it's ok</span><br />
<span class="irc-date">[18:20]</span> <span class="irc-black">&lt;thedood&gt; just think of the children</span><br />
<span class="irc-date">[18:20]</span> <span class="irc-black">&lt;vikas776&gt; :|</span><br />
<span class="irc-date">[18:20]</span> <span class="irc-black">&lt;vikas776&gt; no no sorry u carry on ur work</span><br />
<span class="irc-date">[18:20]</span> <span class="irc-black">&lt;vikas776&gt; i will find it something :|</span><br />
<span class="irc-date">[18:21]</span> <span class="irc-black">&lt;vikas776&gt; hmm k</span><br />
<span class="irc-date">[18:21]</span> <span class="irc-black">&lt;vikas776&gt; i give u full explaination</span><br />
<span class="irc-date">[18:21]</span> <span class="irc-black">&lt;vikas776&gt; first i have a stock firmware   after than i flash the CM-GalaxyS-Kernel-initial.tar</span><br />
<span class="irc-date">[18:22]</span> <span class="irc-black">&lt;vikas776&gt; this shows a sexy boot logo</span><br />
<span class="irc-date">[18:22]</span> <span class="irc-black">&lt;vikas776&gt; while booting</span><br />
<span class="irc-date">[18:22]</span> <span class="irc-black">&lt;vikas776&gt; but when i install the CM6.1-GalaxyS-BETA2 file</span><br />
<span class="irc-date">[18:22]</span> <span class="irc-black">&lt;vikas776&gt; sorry for my bad english . my native is not english</span><br />
<span class="irc-date">[18:23]</span> <span class="irc-black">&lt;vikas776&gt; yes but i dont want it</span><br />
<span class="irc-date">[18:23]</span> <span class="irc-black">&lt;vikas776&gt; i want the same andriod boot animation</span><br />
<span class="irc-date">[18:25]</span> <span class="irc-black">&lt;vikas776&gt; ohk thanks i got it</span><br />
<span class="irc-date">[18:25]</span> <span class="irc-black">&lt;vikas776&gt; sorry for wasting ur precious time and sorry for my bad english</span><br />
<span class="irc-date">[18:27]</span> <span class="irc-black">&lt;vikas776&gt; oh</span><br />
<span class="irc-date">[18:27]</span> <span class="irc-black">&lt;vikas776&gt; u r becoming father</span><br />
<span class="irc-date">[18:27]</span> <span class="irc-black">&lt;vikas776&gt; oh</span><br />
<span class="irc-date">[18:27]</span> <span class="irc-black">&lt;vikas776&gt; aww</span><br />
<span class="irc-date">[18:28]</span> <span class="irc-black">&lt;vikas776&gt; then u can make more fun of me if u want i dont feel bad :)</span><br />
<span class="irc-date">[18:28]</span> <span class="irc-black">&lt;vikas776&gt; u had a quite  a bad week end</span><br />
<span class="irc-date">[18:29]</span> <span class="irc-black">&lt;vikas776&gt; u should go to sleep for a while . my noob advice :)</span><br />
<span class="irc-date">[18:34]</span> <span class="irc-navy">* vikas776 (7ab09d9a@gateway/web/freenode/ip.122.176.157.154) Quit (Ping timeout: 265 seconds)</span><br />
<span class="irc-date">[18:38]</span> <span class="irc-green">* skeeter|away is now known as skeeterslint</span><br />
<span class="irc-date">[19:11]</span> <span class="irc-navy">* thedeanius (~dean@64.151.21.178) Quit (Quit: thedeanius)</span><br />
<span class="irc-date">[19:24]</span> <span class="irc-black">&lt;KaikHole&gt; &lt;anonymous&gt; &gt;3 &lt;--- your heart looks scary</span><br />
<span class="irc-date">[19:28]</span> <span class="irc-black">&lt;atinm|away&gt; f'ing idiot driving a rental car hit my legally *parked* car, sitting in a metered spot, while backing out of a driveway across the street! Dented my fender so I couldn't drive the car!</span><br />
<span class="irc-date">[19:28]</span> <span class="irc-black">&lt;atinm|away&gt; he actually had to go across two lanes of a pretty busy road to manage this.</span><br />
<span class="irc-date">[19:29]</span> <span class="irc-green">* ciwrl|afk is now known as ciwrl|away</span><br />
<span class="irc-date">[19:29]</span> <span class="irc-black">&lt;KaikHole&gt; no one seems to be having a good post-thanksgiving week =(</span><br />
<span class="irc-date">[19:29]</span> <span class="irc-black">&lt;atinm|away&gt; and of course, he's from Palo Alto . . . hit my car in a suburb of Boston.</span><br />
<span class="irc-date">[19:29]</span> <span class="irc-navy">* jt|FOOD (~jt1134@c-71-207-226-80.hsd1.al.comcast.net) Quit (Ping timeout: 240 seconds)</span><br />
<span class="irc-date">[19:30]</span> <span class="irc-black">&lt;atinm|away&gt; so its a rental car too. more hassles for everyone.</span><br />
<span class="irc-date">[19:30]</span> <span class="irc-black">&lt;atinm|away&gt; idiot.</span><br />
<span class="irc-date">[19:30]</span> <span class="irc-black">&lt;atinm|away&gt; so pissed.</span><br />
<span class="irc-date">[19:30]</span> <span class="irc-black">&lt;atinm|away&gt; his was a toyota. mine is a goddamn Audi TT.</span><br />
<span class="irc-date">[19:31]</span> <span class="irc-black">&lt;atinm|away&gt; luckily people saw him, took down his number and one woman actually made him stop and leave a note</span><br />
<span class="irc-date">[19:31]</span> <span class="irc-black">&lt;atinm|away&gt; and then pointed us to the store he went into</span><br />
<span class="irc-date">[19:31]</span> <span class="irc-black">&lt;atinm|away&gt; so I went in and talked to him. he did give me all his info - so hopefully not a big deal.</span><br />
<span class="irc-date">[19:31]</span> <span class="irc-black">&lt;KaikHole&gt; wow, he was just gonna drive away</span><br />
<span class="irc-date">[19:31]</span> <span class="irc-black">&lt;KaikHole&gt; what a douche</span><br />
<span class="irc-date">[19:32]</span> <span class="irc-green">* KaikHole is now known as Kaik541</span><br />
<span class="irc-date">[19:32]</span> <span class="irc-black">&lt;atinm|away&gt; yeah, but once the woman made him stop, he actually got out and went into a pizza place across the street</span><br />
<span class="irc-date">[19:32]</span> <span class="irc-black">&lt;atinm|away&gt; so I followed him in. ruined his lunch hopefully.</span><br />
<span class="irc-date">[19:33]</span> <span class="irc-black">&lt;atinm|away&gt; like he's ruined mine. pain in the ass.</span><br />
<span class="irc-date">[19:33]</span> <span class="irc-black">&lt;atinm|away&gt; I took a day off for this . ..</span><br />
<span class="irc-date">[19:33]</span> <span class="irc-black">&lt;atinm|away&gt; bah.</span><br />
<span class="irc-date">[19:34]</span> <span class="irc-black">&lt;Kaik541&gt; everyone seems to have stress coming their way</span><br />
<span class="irc-date">[19:34]</span> <span class="irc-black">&lt;Kaik541&gt; what happened to holiday season being good times/relaxing?</span><br />
<span class="irc-date">[19:43]</span> <span class="irc-green">* jt|FOOD (~jt1134@c-71-207-226-80.hsd1.al.comcast.net) has joined this channel.</span><br />
<span class="irc-date">[20:16]</span> <span class="irc-green">* thedeanius (~dean@64.151.21.178) has joined this channel.</span><br />
<span class="irc-date">[20:18]</span> <span class="irc-green">* gdanko (~gdanko@nat/yahoo/x-khatcrjhvnjzgrug) has joined this channel.</span><br />
<span class="irc-date">[20:18]</span> <span class="irc-black">&lt;gdanko&gt; hmmm</span><br />
<span class="irc-date">[20:18]</span> <span class="irc-black">&lt;gdanko&gt; build/core/product_config.mk:190: *** _nic.PRODUCTS.[[vendor/cyanogen/products/cyanogen_ace.mk]]: "vendor/cyanogen/products/cyanogen_ace.mk" does not exist.  Stop.</span><br />
<span class="irc-date">[20:18]</span> <span class="irc-black">&lt;gdanko&gt; ** Don't have a product spec for: 'cyanogen_captivate'</span><br />
<span class="irc-date">[20:18]</span> <span class="irc-black">&lt;gdanko&gt; ** Do you have the right repo manifest?</span><br />
<span class="irc-date">[20:19]</span> <span class="irc-black">&lt;skeeterslint&gt; i had that last night</span><br />
<span class="irc-date">[20:19]</span> <span class="irc-black">&lt;skeeterslint&gt; then once you download the device files for that its gonna complain about an nvidia device</span><br />
<span class="irc-date">[20:20]</span> <span class="irc-black">&lt;gdanko&gt; well lame</span><br />
<span class="irc-date">[20:20]</span> <span class="irc-black">&lt;gdanko&gt; how do we remove those</span><br />
<span class="irc-date">[20:20]</span> <span class="irc-black">&lt;skeeterslint&gt; then once thats all done it will still not wanna run lunch</span><br />
<span class="irc-date">[20:20]</span> <span class="irc-black">&lt;gdanko&gt; I thought we could remove from vendor/cyanogen/products/blah.mk</span><br />
<span class="irc-date">[20:20]</span> <span class="irc-black">&lt;gdanko&gt; then itd work</span><br />
<span class="irc-date">[20:20]</span> <span class="irc-black">&lt;skeeterslint&gt; i tried that</span><br />
<span class="irc-date">[20:21]</span> <span class="irc-black">&lt;skeeterslint&gt; so i added all the device files it wanted and i still get this</span><br />
<span class="irc-date">[20:21]</span> <span class="irc-black">&lt;skeeterslint&gt; Which would you like? [generic-eng] 40</span><br />
<span class="irc-date">[20:21]</span> <span class="irc-black">&lt;skeeterslint&gt; build/core/product_config.mk:199: *** No matches for product "cyanogen_epic".  Stop.</span><br />
<span class="irc-date">[20:21]</span> <span class="irc-black">&lt;skeeterslint&gt; ** Don't have a product spec for: 'cyanogen_epic'</span><br />
<span class="irc-date">[20:21]</span> <span class="irc-black">&lt;skeeterslint&gt; ** Do you have the right repo manifest?</span><br />
<span class="irc-date">[20:21]</span> <span class="irc-black">&lt;skeeterslint&gt; skeeterslint@skeeterslint-desktop:~/devfolder/cmfroyo$</span><br />
<span class="irc-date">[20:22]</span> <span class="irc-black">&lt;gdanko&gt; yep</span><br />
<span class="irc-date">[20:22]</span> <span class="irc-black">&lt;gdanko&gt; i wanna know who broke it :)</span><br />
<span class="irc-date">[20:22]</span> <span class="irc-green">* codeworkx (~codeworkx@95-89-111-251-dynip.superkabel.de) has joined this channel.</span><br />
<span class="irc-date">[20:24]</span> <span class="irc-black">&lt;codeworkx&gt; hate tethering, hate alsa, hate samsung</span><br />
<span class="irc-date">[20:24]</span> <span class="irc-black">&lt;gdanko&gt; haha</span><br />
<span class="irc-date">[20:24]</span> <span class="irc-black">&lt;gdanko&gt; in the hospital now</span><br />
<span class="irc-date">[20:24]</span> <span class="irc-black">&lt;gdanko&gt; w/wife</span><br />
<span class="irc-date">[20:25]</span> <span class="irc-black">&lt;gdanko&gt; damn</span><br />
<span class="irc-date">[20:25]</span> <span class="irc-black">&lt;Kaik541&gt; gdanko: thought the baby wasn't due till Weds</span><br />
<span class="irc-date">[20:25]</span> <span class="irc-black">&lt;gdanko&gt; oh remove their devices from the manifest?</span><br />
<span class="irc-date">[20:25]</span> <span class="irc-black">&lt;codeworkx&gt; we have to merge mainline changes every day</span><br />
<span class="irc-date">[20:25]</span> <span class="irc-black">&lt;gdanko&gt; coming early</span><br />
<span class="irc-date">[20:26]</span> <span class="irc-black">&lt;gdanko&gt; i blame samsung</span><br />
<span class="irc-date">[20:26]</span> <span class="irc-black">&lt;codeworkx&gt; you can simply merge cmsgs with my repo if i havent done before you. ;-)</span><br />
<span class="irc-date">[20:27]</span> <span class="irc-black">&lt;Kaik541&gt; that sounded way dirtier than you meant it to</span><br />
<span class="irc-date">[20:28]</span> <span class="irc-black">&lt;gdanko&gt; can os x mount system.img?</span><br />
<span class="irc-date">[20:29]</span> <span class="irc-black">&lt;Kaik541&gt; anonymous: bow chicka bow wow</span><br />
<span class="irc-date">[20:29]</span> <span class="irc-black">&lt;Kaik541&gt; gdanko: I think so</span><br />
<span class="irc-date">[20:29]</span> <span class="irc-black">&lt;gdanko&gt; i need a file and not near linux</span><br />
<span class="irc-date">[20:29]</span> <span class="irc-black">&lt;Kaik541&gt; I feel like mount -o loop still works in OS X since it's darwin</span><br />
<span class="irc-date">[20:30]</span> <span class="irc-black">&lt;gdanko&gt; Password:</span><br />
<span class="irc-date">[20:30]</span> <span class="irc-black">&lt;gdanko&gt; mount: -o loop: option not supported</span><br />
<span class="irc-date">[20:30]</span> <span class="irc-black">&lt;Kaik541&gt; then again, I could be wrong</span><br />
<span class="irc-date">[20:31]</span> <span class="irc-black">&lt;Kaik541&gt; well, doesn't osx have a native mounting operation? can't you open it in disk utility?</span><br />
<span class="irc-date">[20:31]</span> <span class="irc-black">&lt;codeworkx&gt; wtf is osx?</span><br />
<span class="irc-date">[20:31]</span> <span class="irc-black">&lt;codeworkx&gt; its something to eat?</span><br />
<span class="irc-date">[20:32]</span> <span class="irc-black">&lt;gdanko&gt; Mac OS X</span><br />
<span class="irc-date">[20:33]</span> <span class="irc-black">&lt;codeworkx&gt; thats still existing?</span><br />
<span class="irc-date">[20:33]</span> <span class="irc-black">&lt;gdanko&gt; apparently so</span><br />
<span class="irc-date">[20:33]</span> <span class="irc-black">&lt;Kaik541&gt; it's relatively popular in the US</span><br />
<span class="irc-date">[20:33]</span> <span class="irc-black">&lt;Kaik541&gt; especially in the northeast and west coast</span><br />
<span class="irc-date">[20:33]</span> <span class="irc-black">&lt;codeworkx&gt; wtf</span><br />
<span class="irc-date">[20:33]</span> <span class="irc-black">&lt;gdanko&gt; codeworkx: im at the hospital, no access to linux now.</span><br />
<span class="irc-date">[20:34]</span> <span class="irc-black">&lt;Kaik541&gt; OS X accounts for something like 20% of the commercial desktop users I think, and I wouldn't be surprised to find the vast majority of them are in the US</span><br />
<span class="irc-date">[20:35]</span> <span class="irc-black">&lt;codeworkx&gt; on normal hardware or on bad apple hardware?</span><br />
<span class="irc-date">[20:35]</span> <span class="irc-black">&lt;Kaik541&gt; apple hardware</span><br />
<span class="irc-date">[20:35]</span> <span class="irc-black">&lt;Kaik541&gt; legally, it's the only thing OS X can run on (though that's completely artificial, I'm dual-booting windows 7 and os x on my netbook)</span><br />
<span class="irc-date">[20:53]</span> <span class="irc-navy">* Kaik541 (~nertz@cpe-174-111-246-012.triad.res.rr.com) Quit (Ping timeout: 255 seconds)</span><br />
