<span class="irc-date">[0:15]</span> <span class="irc-navy">* GuiPer (~GuiPer@107.120.broadband11.iol.cz) Quit (Ping timeout: 264 seconds)</span><br />
<span class="irc-date">[1:39]</span> <span class="irc-navy">* izibi (~julian@unaffiliated/izibi) Quit (Ping timeout: 250 seconds)</span><br />
<span class="irc-date">[1:43]</span> <span class="irc-navy">* coolya|away (~kolja@xdslex005.osnanet.de) Quit (Quit: Leaving.)</span><br />
<span class="irc-date">[1:43]</span> <span class="irc-green">* coolya (~kolja@xdslex005.osnanet.de) has joined this channel.</span><br />
<span class="irc-date">[2:05]</span> <span class="irc-navy">* noobnl (~noob@unaffiliated/noobnl) Quit ()</span><br />
<span class="irc-date">[2:10]</span> <span class="irc-green">* noobnl (~noob@unaffiliated/noobnl) has joined this channel.</span><br />
<span class="irc-date">[2:16]</span> <span class="irc-navy">* noobnl (~noob@unaffiliated/noobnl) Quit ()</span><br />
<span class="irc-date">[2:34]</span> <span class="irc-navy">* shad0wf0x (~shad0w@d149-67-84-103.try.wideopenwest.com) Quit (Read error: Connection reset by peer)</span><br />
<span class="irc-date">[2:59]</span> <span class="irc-green">* noobnl (~noob@unaffiliated/noobnl) has joined this channel.</span><br />
<span class="irc-date">[3:17]</span> <span class="irc-black">&lt;codeworkx&gt; cm build system compiles samsung kernelz!!!!</span><br />
<span class="irc-date">[3:40]</span> <span class="irc-black">&lt;rwicl|work&gt; partay!</span><br />
<span class="irc-date">[3:42]</span> <span class="irc-green">* rhcp_ (rhcp@matrix.efnet.net) has joined this channel.</span><br />
<span class="irc-date">[3:42]</span> <span class="irc-black">&lt;rhcp_&gt; Sup codeworkx :)</span><br />
<span class="irc-date">[4:05]</span> <span class="irc-green">* jt|crawlspace is now known as jt1134</span><br />
<span class="irc-date">[4:07]</span> <span class="irc-navy">* codeworkx (~codeworkx@95-89-111-251-dynip.superkabel.de) Quit (Read error: Connection reset by peer)</span><br />
<span class="irc-date">[4:16]</span> <span class="irc-navy">* neldar (~neldar@dsl-217-166-24.pool.bitel.net) Quit (Disconnected by services)</span><br />
<span class="irc-date">[4:16]</span> <span class="irc-green">* neldar1 (~neldar@dsl24-18.pool.bitel.net) has joined this channel.</span><br />
<span class="irc-date">[4:16]</span> <span class="irc-black">&lt;- *neldar1* Bot Sentry eingeschalten:  Sie werden jetzt ignoriert!  Ihre Nachricht wird übermittelt wenn sie die folgenden Fragen innerhalb von 10 Minuten richtig beantworten:  Wie buchstabieren sie das Ergebnis (Zahl) aus 10 geteilt durch zwei?</span><br />
<span class="irc-date">[5:02]</span> <span class="irc-green">* ciwrl|away is now known as ciwrl|food</span><br />
<span class="irc-date">[5:17]</span> <span class="irc-navy">* coolya (~kolja@xdslex005.osnanet.de) Quit (Ping timeout: 240 seconds)</span><br />
<span class="irc-date">[5:33]</span> <span class="irc-green">* coolya (~kolja@xdslca118.osnanet.de) has joined this channel.</span><br />
<span class="irc-date">[5:52]</span> <span class="irc-green">* ciwrl|food is now known as ciwrl</span><br />
<span class="irc-date">[7:08]</span> <span class="irc-green">* rjmjr69 is now known as WhoCaresKN_</span><br />
<span class="irc-date">[7:10]</span> <span class="irc-green">* WhoCaresKN_ is now known as Rjmjr69</span><br />
<span class="irc-date">[7:19]</span> <span class="irc-green">* Rjmjr69 is now known as MeatCurtainsSUck</span><br />
<span class="irc-date">[7:20]</span> <span class="irc-green">* MeatCurtainsSUck is now known as rjmjr69</span><br />
<span class="irc-date">[9:58]</span> <span class="irc-green">* ciwrl is now known as ciwrl|away</span><br />
<span class="irc-date">[10:12]</span> <span class="irc-navy">* noobnl (~noob@unaffiliated/noobnl) Quit ()</span><br />
<span class="irc-date">[11:02]</span> <span class="irc-green">* izibi (~julian@unaffiliated/izibi) has joined this channel.</span><br />
<span class="irc-date">[11:21]</span> <span class="irc-green">* GuiPer (~GuiPer@107.120.broadband11.iol.cz) has joined this channel.</span><br />
<span class="irc-date">[11:37]</span> <span class="irc-green">* noobnl (~noob@unaffiliated/noobnl) has joined this channel.</span><br />
<span class="irc-date">[11:47]</span> <span class="irc-navy">* noobnl (~noob@unaffiliated/noobnl) Quit ()</span><br />
<span class="irc-date">[12:24]</span> <span class="irc-green">* codeworkx (~codeworkx@95-89-111-251-dynip.superkabel.de) has joined this channel.</span><br />
<span class="irc-date">[13:23]</span> <span class="irc-navy">* jeagoss (jef@i.kanged.kingklick.org) Quit (Ping timeout: 255 seconds)</span><br />
<span class="irc-date">[13:27]</span> <span class="irc-black">&lt;codeworkx&gt; does anyone know if its possible to tell the build system that we use zImages instead of kernel and ramdisk.img ?</span><br />
<span class="irc-date">[13:40]</span> <span class="irc-navy">* Pedlar (~mkoenig@vps4590.inmotionhosting.com) Quit (Ping timeout: 260 seconds)</span><br />
<span class="irc-date">[13:40]</span> <span class="irc-green">* Pedlar (~mkoenig@vps4590.inmotionhosting.com) has joined this channel.</span><br />
<span class="irc-date">[13:41]</span> <span class="irc-green">* jeagoss (jef@i.kanged.kingklick.org) has joined this channel.</span><br />
<span class="irc-date">[14:07]</span> <span class="irc-navy">* neldar1 (~neldar@dsl24-18.pool.bitel.net) Quit (Quit: Leaving.)</span><br />
<span class="irc-date">[15:29]</span> <span class="irc-black">&lt;atinm|away&gt; codeworkx: no - that was something both me and Unhelpful were going to get into making work</span><br />
<span class="irc-date">[15:30]</span> <span class="irc-black">&lt;atinm|away&gt; but somehow never got around to it. I guess that's one thing I should go back to.</span><br />
<span class="irc-date">[15:31]</span> <span class="irc-black">&lt;atinm|away&gt; its is a pity because the whole kernel + ramdisk.img thing is an Android-ism when the zImage was a standard way to do linux already and they could have just kept that.</span><br />
<span class="irc-date">[15:34]</span> <span class="irc-black">&lt;codeworkx&gt; i'll implement it. but i think we'll never be able to go to mainline xD</span><br />
<span class="irc-date">[15:36]</span> <span class="irc-navy">* GuiPer (~GuiPer@107.120.broadband11.iol.cz) Quit (Ping timeout: 276 seconds)</span><br />
<span class="irc-date">[15:37]</span> <span class="irc-black">&lt;atinm|away&gt; go for it, we might be able to make it hardware dependent and then it could go into mainline</span><br />
<span class="irc-date">[15:38]</span> <span class="irc-black">&lt;coolya&gt; i hate power VR and i hate samsung!</span><br />
<span class="irc-date">[15:39]</span> <span class="irc-black">&lt;atinm|away&gt; lol - I just hate any hardware maker that doens't make their software specs public.</span><br />
<span class="irc-date">[15:39]</span> <span class="irc-black">&lt;atinm|away&gt; I'd be find with samsung the power VR if all the specs were public, the apis were public so we could implement stuff ourselves and fix bugs</span><br />
<span class="irc-date">[15:39]</span> <span class="irc-green">* atinm|away is now known as atinm</span><br />
<span class="irc-date">[15:39]</span> <span class="irc-black">&lt;coolya&gt; i samsung would have released anything related to opencore ... but i just can't get video playback wor right</span><br />
<span class="irc-date">[15:40]</span> <span class="irc-black">&lt;coolya&gt; *work</span><br />
<span class="irc-date">[15:41]</span> <span class="irc-black">&lt;coolya&gt; Graphicsdriver giving me invalid argument error</span><br />
<span class="irc-date">[15:41]</span> <span class="irc-black">&lt;atinm&gt; back in a bit . . . was just checking in to see if gdanko had come back</span><br />
<span class="irc-date">[15:41]</span> <span class="irc-black">&lt;atinm&gt; and figured out why he was having issues with the current checked in build</span><br />
<span class="irc-date">[15:41]</span> <span class="irc-black">&lt;atinm&gt; before I start mucking around too</span><br />
<span class="irc-date">[15:55]</span> <span class="irc-black">&lt;rhcp_&gt; They dont want to because their code sux :/</span><br />
