<span class="irc-date">[0:08]</span> <span class="irc-brick">* Unhelpful has laggy video playback, messed up colors (possibly output is being decoded to a different YUV format than expected?), but does have a picture. for camera i get b/w preview, crash on capture, crash on starting video camera mode. :/</span><br />
<span class="irc-date">[0:08]</span> <span class="irc-black">&lt;Unhelpful&gt; gdanko: it's been *very* easy for me to break adb.:/</span><br />
<span class="irc-date">[0:11]</span> <span class="irc-black">&lt;gdanko&gt; stop and start usb debugging fixed it</span><br />
<span class="irc-date">[0:21]</span> <span class="irc-green">* skeeterslint is now known as skeeters|away</span><br />
<span class="irc-date">[0:22]</span> <span class="irc-brick">* Unhelpful starts adbd unconditionally in recovery mode ;)</span><br />
<span class="irc-date">[0:23]</span> <span class="irc-black">&lt;gdanko&gt; Unhelpful: I finally did that new adbd and couldnt reboot recovery via adb  to flash it ;)</span><br />
<span class="irc-date">[0:23]</span> <span class="irc-black">&lt;gdanko&gt; All good now</span><br />
<span class="irc-date">[0:28]</span> <span class="irc-navy">* gdanko (~gdanko@66-162-32-185.static.twtelecom.net) Quit (Quit: This computer has gone to sleep)</span><br />
<span class="irc-date">[1:18]</span> <span class="irc-navy">* jt1134 (~jt1134@c-71-207-226-80.hsd1.al.comcast.net) Quit (Ping timeout: 240 seconds)</span><br />
<span class="irc-date">[1:31]</span> <span class="irc-green">* jt1134 (~jt1134@c-71-207-226-80.hsd1.al.comcast.net) has joined this channel.</span><br />
<span class="irc-date">[1:58]</span> <span class="irc-green">* vikas776 (7aa25978@gateway/web/freenode/ip.122.162.89.120) has joined this channel.</span><br />
<span class="irc-date">[2:12]</span> <span class="irc-navy">* vikas776 (7aa25978@gateway/web/freenode/ip.122.162.89.120) Quit (Quit: Page closed)</span><br />
<span class="irc-date">[2:27]</span> <span class="irc-navy">* neldar (~neldar@dsl-217-167-48.pool.bitel.net) Quit (Quit: Leaving.)</span><br />
<span class="irc-date">[3:43]</span> <span class="irc-green">* thedeanius (~dean@c-24-2-24-87.hsd1.mo.comcast.net) has joined this channel.</span><br />
<span class="irc-date">[3:53]</span> <span class="irc-green">* jt1134 is now known as jt|ZOMGSleep</span><br />
<span class="irc-date">[4:11]</span> <span class="irc-green">* ciwrl|away is now known as ciwrl</span><br />
<span class="irc-date">[4:17]</span> <span class="irc-navy">* thedeanius (~dean@c-24-2-24-87.hsd1.mo.comcast.net) Quit (Quit: thedeanius)</span><br />
<span class="irc-date">[4:40]</span> <span class="irc-green">* gdanko (~gdanko@99-33-178-151.lightspeed.simica.sbcglobal.net) has joined this channel.</span><br />
<span class="irc-date">[4:44]</span> <span class="irc-navy">* gdanko (~gdanko@99-33-178-151.lightspeed.simica.sbcglobal.net) Quit (Ping timeout: 260 seconds)</span><br />
<span class="irc-date">[4:49]</span> <span class="irc-green">* gdanko (~gdanko@nat/yahoo/x-cuyvwdfwesgdthcp) has joined this channel.</span><br />
<span class="irc-date">[4:58]</span> <span class="irc-green">* thedeanius (~dean@c-24-2-24-87.hsd1.mo.comcast.net) has joined this channel.</span><br />
<span class="irc-date">[5:07]</span> <span class="irc-black">&lt;gdanko&gt; hi</span><br />
<span class="irc-date">[5:11]</span> <span class="irc-navy">* gdanko (~gdanko@nat/yahoo/x-cuyvwdfwesgdthcp) Quit (Quit: This computer has gone to sleep)</span><br />
<span class="irc-date">[5:20]</span> <span class="irc-green">* kernelzilla (~patrick@174-26-86-34.phnx.qwest.net) has joined this channel.</span><br />
<span class="irc-date">[6:00]</span> <span class="irc-green">* neldar (~neldar@dsl-217-169-92.pool.bitel.net) has joined this channel.</span><br />
<span class="irc-date">[6:00]</span> <span class="irc-black">&lt;- *neldar* Bot Sentry eingeschalten:  Sie werden jetzt ignoriert!  Ihre Nachricht wird übermittelt wenn sie die folgenden Fragen innerhalb von 10 Minuten richtig beantworten:  How do you spell the result of ten div_ided by 2?</span><br />
<span class="irc-date">[6:02]</span> <span class="irc-navy">* thedeanius (~dean@c-24-2-24-87.hsd1.mo.comcast.net) Quit (Quit: thedeanius)</span><br />
<span class="irc-date">[6:22]</span> <span class="irc-green">* thedeanius (~dean@c-24-2-24-87.hsd1.mo.comcast.net) has joined this channel.</span><br />
<span class="irc-date">[6:22]</span> <span class="irc-navy">* thedeanius (~dean@c-24-2-24-87.hsd1.mo.comcast.net) Quit (Client Quit)</span><br />
<span class="irc-date">[8:27]</span> <span class="irc-navy">* ciwrl (~ciwrl@pool-96-255-73-180.washdc.fios.verizon.net) Quit (Quit: restarting)</span><br />
<span class="irc-date">[8:36]</span> <span class="irc-green">* ciwrl (~ciwrl@pool-96-255-73-180.washdc.fios.verizon.net) has joined this channel.</span><br />
<span class="irc-date">[9:20]</span> <span class="irc-navy">* noobnl0 (~noob@unaffiliated/noobnl) Quit ()</span><br />
<span class="irc-date">[9:21]</span> <span class="irc-black">&lt;Unhelpful&gt; jt|ZOMGSleep: fyi i tried using built-from-source rild. it appears that if i don't use libril, libreference-ril, and rild from samsung that things fail one way or another - without the libs rild won't run because it fails to load libsec-ril, and with just the libs rild can't communicate properly. seems i need all three :(</span><br />
<span class="irc-date">[9:58]</span> <span class="irc-navy">* birdman-bbl (~bird@24.246.130.106) Quit (Read error: Connection reset by peer)</span><br />
<span class="irc-date">[9:58]</span> <span class="irc-green">* birdman-bbl (~bird@24.246.130.106) has joined this channel.</span><br />
<span class="irc-date">[10:31]</span> <span class="irc-green">* GuiPer_ (c3fa8fd4@gateway/web/freenode/ip.195.250.143.212) has joined this channel.</span><br />
<span class="irc-date">[11:04]</span> <span class="irc-green">* ciwrl is now known as ciwrl|away</span><br />
<span class="irc-date">[13:16]</span> <span class="irc-navy">* skeeters|away (~skeetersl@c-71-192-215-99.hsd1.ma.comcast.net) Quit (Remote host closed the connection)</span><br />
<span class="irc-date">[13:38]</span> <span class="irc-green">* gdanko (~gdanko@66-162-32-185.static.twtelecom.net) has joined this channel.</span><br />
<span class="irc-date">[13:39]</span> <span class="irc-green">* noobnl (~noob@unaffiliated/noobnl) has joined this channel.</span><br />
<span class="irc-date">[13:55]</span> <span class="irc-navy">* rjmjr69 (~Administr@c-24-62-52-123.hsd1.ma.comcast.net) Quit (Read error: No route to host)</span><br />
<span class="irc-date">[14:09]</span> <span class="irc-navy">* gdanko (~gdanko@66-162-32-185.static.twtelecom.net) Quit (Quit: Leaving)</span><br />
<span class="irc-date">[14:28]</span> <span class="irc-navy">* noobnl (~noob@unaffiliated/noobnl) Quit (Ping timeout: 276 seconds)</span><br />
<span class="irc-date">[14:41]</span> <span class="irc-green">* gdanko (~gdanko@66-162-32-185.static.twtelecom.net) has joined this channel.</span><br />
<span class="irc-date">[15:02]</span> <span class="irc-green">* izibi (~julian@unaffiliated/izibi) has joined this channel.</span><br />
<span class="irc-date">[15:27]</span> <span class="irc-green">* skeeterslint (~skeetersl@c-71-192-215-99.hsd1.ma.comcast.net) has joined this channel.</span><br />
<span class="irc-date">[15:54]</span> <span class="irc-navy">* skeeterslint (~skeetersl@c-71-192-215-99.hsd1.ma.comcast.net) Quit (Quit: Leaving)</span><br />
<span class="irc-date">[16:27]</span> <span class="irc-black">&lt;dasunsrule32&gt; change the channel name to sgs-cm7? :p</span><br />
<span class="irc-date">[17:15]</span> <span class="irc-navy">* GuiPer_ (c3fa8fd4@gateway/web/freenode/ip.195.250.143.212) Quit (Ping timeout: 265 seconds)</span><br />
<span class="irc-date">[17:18]</span> <span class="irc-green">* codeworkx (~codeworkx@95-89-111-251-dynip.superkabel.de) has joined this channel.</span><br />
<span class="irc-date">[17:36]</span> <span class="irc-black">&lt;gdanko&gt; hmm no</span><br />
<span class="irc-date">[19:14]</span> <span class="irc-green">* coolya (~kolja@xdslt079.osnanet.de) has joined this channel.</span><br />
<span class="irc-date">[19:44]</span> <span class="irc-navy">* codeworkx (~codeworkx@95-89-111-251-dynip.superkabel.de) Quit (Read error: Connection reset by peer)</span><br />
<span class="irc-date">[19:45]</span> <span class="irc-green">* GuiPer (~GuiPer@ip-86-49-25-242.net.upcbroadband.cz) has joined this channel.</span><br />
<span class="irc-date">[19:52]</span> <span class="irc-green">* birdman-bbl is now known as birdman</span><br />
<span class="irc-date">[19:53]</span> <span class="irc-navy">* coolya (~kolja@xdslt079.osnanet.de) Quit (Ping timeout: 265 seconds)</span><br />
