<span class="irc-date">[0:13]</span> <span class="irc-navy">* izibi (~julian@unaffiliated/izibi) Quit (Ping timeout: 264 seconds)</span><br />
<span class="irc-date">[0:14]</span> <span class="irc-navy">* atinm (~atin@unaffiliated/atinm) Quit (Quit: atinm)</span><br />
<span class="irc-date">[0:22]</span> <span class="irc-navy">* magote (~magote@a79-169-106-110.cpe.netcabo.pt) Quit ()</span><br />
<span class="irc-date">[0:38]</span> <span class="irc-green">* Kaik541 (~nertz@cpe-174-111-246-012.triad.res.rr.com) has joined this channel.</span><br />
<span class="irc-date">[0:42]</span> <span class="irc-green">* fenfir (~zach@r74-192-97-47.tyrdcmta01.tylrtx.tl.dh.suddenlink.net) has joined this channel.</span><br />
<span class="irc-date">[0:50]</span> <span class="irc-green">* noobnl (~noob@unaffiliated/noobnl) has joined this channel.</span><br />
<span class="irc-date">[1:00]</span> <span class="irc-black">&lt;Unhelpful&gt; doesn't for me... maybe something was fixed, or broken, in the repo between my build and yours?</span><br />
<span class="irc-date">[1:03]</span> <span class="irc-navy">* coolya (~kolja@xdslp244.osnanet.de) Quit (Ping timeout: 265 seconds)</span><br />
<span class="irc-date">[1:17]</span> <span class="irc-green">* magote (~magote@a79-169-106-110.cpe.netcabo.pt) has joined this channel.</span><br />
<span class="irc-date">[1:18]</span> <span class="irc-navy">* magote (~magote@a79-169-106-110.cpe.netcabo.pt) Quit (Client Quit)</span><br />
<span class="irc-date">[1:19]</span> <span class="irc-green">* magote (~magote@a79-169-106-110.cpe.netcabo.pt) has joined this channel.</span><br />
<span class="irc-date">[1:31]</span> <span class="irc-navy">* magote (~magote@a79-169-106-110.cpe.netcabo.pt) Quit (Ping timeout: 265 seconds)</span><br />
<span class="irc-date">[1:34]</span> <span class="irc-green">* magote (~magote@a79-169-106-110.cpe.netcabo.pt) has joined this channel.</span><br />
<span class="irc-date">[1:41]</span> <span class="irc-navy">* magote (~magote@a79-169-106-110.cpe.netcabo.pt) Quit (Ping timeout: 240 seconds)</span><br />
<span class="irc-date">[1:47]</span> <span class="irc-green">* magote (~magote@a79-169-106-110.cpe.netcabo.pt) has joined this channel.</span><br />
<span class="irc-date">[2:19]</span> <span class="irc-navy">* neldar (~neldar@dsl-217-170-246.pool.bitel.net) Quit (Quit: Leaving.)</span><br />
<span class="irc-date">[2:28]</span> <span class="irc-navy">* magote (~magote@a79-169-106-110.cpe.netcabo.pt) Quit (Ping timeout: 276 seconds)</span><br />
<span class="irc-date">[2:32]</span> <span class="irc-green">* magote (~magote@a79-169-106-110.cpe.netcabo.pt) has joined this channel.</span><br />
<span class="irc-date">[2:52]</span> <span class="irc-green">* noobnl0 (~noob@unaffiliated/noobnl) has joined this channel.</span><br />
<span class="irc-date">[2:55]</span> <span class="irc-navy">* noobnl (~noob@unaffiliated/noobnl) Quit (Ping timeout: 265 seconds)</span><br />
<span class="irc-date">[2:55]</span> <span class="irc-green">* noobnl0 is now known as noobnl</span><br />
