<span class="irc-date">[1:05]</span> <span class="irc-navy">* kernelzilla (~patrick@174-17-86-134.phnx.qwest.net) Quit (Quit: updating kernel with: <a href="http://bit.ly/e8af4G)">http://bit.ly/e8af4G)</a></span><br />
<span class="irc-date">[1:08]</span> <span class="irc-green">* noobnl (~noob@host-174-22-220-24.midco.net) has joined this channel.</span><br />
<span class="irc-date">[1:08]</span> <span class="irc-navy">* noobnl (~noob@host-174-22-220-24.midco.net) Quit (Changing host)</span><br />
<span class="irc-date">[1:08]</span> <span class="irc-green">* noobnl (~noob@unaffiliated/noobnl) has joined this channel.</span><br />
<span class="irc-date">[1:17]</span> <span class="irc-brick">* Unhelpful is pretty sure you can't really make a neutron bomb "undetectable" :P</span><br />
<span class="irc-date">[1:22]</span> <span class="irc-navy">* noobnl (~noob@unaffiliated/noobnl) Quit ()</span><br />
<span class="irc-date">[1:38]</span> <span class="irc-green">* noobnl (~noob@host-174-22-220-24.midco.net) has joined this channel.</span><br />
<span class="irc-date">[1:38]</span> <span class="irc-navy">* noobnl (~noob@host-174-22-220-24.midco.net) Quit (Changing host)</span><br />
<span class="irc-date">[1:38]</span> <span class="irc-green">* noobnl (~noob@unaffiliated/noobnl) has joined this channel.</span><br />
<span class="irc-date">[1:38]</span> <span class="irc-green">* kernelzilla (~patrick@174-26-90-82.phnx.qwest.net) has joined this channel.</span><br />
<span class="irc-date">[2:22]</span> <span class="irc-green">* Kaik541 (~nertz@cpe-174-111-246-012.triad.res.rr.com) has joined this channel.</span><br />
<span class="irc-date">[2:51]</span> <span class="irc-navy">* codeworkx (~codeworkx@95-89-111-251-dynip.superkabel.de) Quit (Ping timeout: 245 seconds)</span><br />
<span class="irc-date">[4:11]</span> <span class="irc-navy">* noobnl (~noob@unaffiliated/noobnl) Quit ()</span><br />
<span class="irc-date">[4:12]</span> <span class="irc-green">* skeeterslint (~skeetersl@c-71-192-215-99.hsd1.ma.comcast.net) has joined this channel.</span><br />
<span class="irc-date">[4:12]</span> <span class="irc-black">&lt;Unhelpful&gt; it looks like upstream merged bmlunlock under external</span><br />
<span class="irc-date">[5:39]</span> <span class="irc-green">* noobnl (~noob@host-174-22-220-24.midco.net) has joined this channel.</span><br />
<span class="irc-date">[5:39]</span> <span class="irc-navy">* noobnl (~noob@host-174-22-220-24.midco.net) Quit (Changing host)</span><br />
<span class="irc-date">[5:39]</span> <span class="irc-green">* noobnl (~noob@unaffiliated/noobnl) has joined this channel.</span><br />
<span class="irc-date">[5:51]</span> <span class="irc-green">* gdanko (~gdanko@nat/yahoo/x-jkraybangfmafpqu) has joined this channel.</span><br />
<span class="irc-date">[5:52]</span> <span class="irc-black">&lt;gdanko&gt; hi</span><br />
<span class="irc-date">[5:52]</span> <span class="irc-black">&lt;gdanko&gt; hope you all had an enjoyable thanksgiving</span><br />
<span class="irc-date">[5:55]</span> <span class="irc-black">&lt;Unhelpful&gt; indeed</span><br />
<span class="irc-date">[5:57]</span> <span class="irc-black">&lt;Unhelpful&gt; blaaaaargh wonder where i went wrong :|</span><br />
<span class="irc-date">[5:57]</span> <span class="irc-black">&lt;Unhelpful&gt; wait... *neutrino* bomb? i don't think anybody knows how to make one of *those*. or *why* to. ;)</span><br />
<span class="irc-date">[6:20]</span> <span class="irc-green">* coolya (~kolja@xdslcn104.osnanet.de) has joined this channel.</span><br />
<span class="irc-date">[6:21]</span> <span class="irc-black">&lt;gdanko&gt; baby coming monday</span><br />
<span class="irc-date">[6:21]</span> <span class="irc-black">&lt;gdanko&gt; any big changes since wednesday??</span><br />
<span class="irc-date">[6:23]</span> <span class="irc-black">&lt;Unhelpful&gt; dunno... i just tried to sync all of our branched repos and have something that won't build. i think going forward what i maybe ought to do is check out from cm's repo, add the cmsgs ones as remotes, and merge them in to get stuff to work on.</span><br />
<span class="irc-date">[6:26]</span> <span class="irc-green">* jt|famtime is now known as jt|sleepyface</span><br />
<span class="irc-date">[6:28]</span> <span class="irc-navy">* gdanko (~gdanko@nat/yahoo/x-jkraybangfmafpqu) Quit (Ping timeout: 264 seconds)</span><br />
<span class="irc-date">[8:59]</span> <span class="irc-green">* izibi (~julian@unaffiliated/izibi) has joined this channel.</span><br />
<span class="irc-date">[9:14]</span> <span class="irc-navy">* Unhelpful (~quassel@rockbox/developer/Unhelpful) Quit (Remote host closed the connection)</span><br />
<span class="irc-date">[9:38]</span> <span class="irc-navy">* skeeterslint (~skeetersl@c-71-192-215-99.hsd1.ma.comcast.net) Quit (Quit: Leaving)</span><br />
<span class="irc-date">[9:44]</span> <span class="irc-green">* Unhelpful (~quassel@rockbox/developer/Unhelpful) has joined this channel.</span><br />
<span class="irc-date">[9:44]</span> <span class="irc-green">* ChanServ sets mode +o Unhelpful</span><br />
<span class="irc-date">[10:01]</span> <span class="irc-navy">* Unhelpful (~quassel@rockbox/developer/Unhelpful) Quit (Remote host closed the connection)</span><br />
<span class="irc-date">[10:02]</span> <span class="irc-green">* Unhelpful (~quassel@rockbox/developer/Unhelpful) has joined this channel.</span><br />
<span class="irc-date">[10:02]</span> <span class="irc-green">* ChanServ sets mode +o Unhelpful</span><br />
<span class="irc-date">[10:03]</span> <span class="irc-navy">* Unhelpful (~quassel@rockbox/developer/Unhelpful) Quit (Remote host closed the connection)</span><br />
<span class="irc-date">[10:03]</span> <span class="irc-green">* Unhelpful (~quassel@rockbox/developer/Unhelpful) has joined this channel.</span><br />
<span class="irc-date">[10:03]</span> <span class="irc-green">* ChanServ sets mode +o Unhelpful</span><br />
<span class="irc-date">[11:00]</span> <span class="irc-green">* cob|fishing is now known as cob</span><br />
<span class="irc-date">[11:21]</span> <span class="irc-green">* codeworkx (~codeworkx@95-89-111-251-dynip.superkabel.de) has joined this channel.</span><br />
<span class="irc-date">[11:26]</span> <span class="irc-navy">* noobnl (~noob@unaffiliated/noobnl) Quit ()</span><br />
<span class="irc-date">[14:10]</span> <span class="irc-navy">* coolya (~kolja@xdslcn104.osnanet.de) Quit (Ping timeout: 265 seconds)</span><br />
<span class="irc-date">[15:47]</span> <span class="irc-green">* atinm (~atin@unaffiliated/atinm) has joined this channel.</span><br />
<span class="irc-date">[15:47]</span> <span class="irc-green">* ChanServ sets mode +o atinm</span><br />
<span class="irc-date">[15:47]</span> <span class="irc-green">* atinm is now known as atinm|away</span><br />
<span class="irc-date">[16:37]</span> <span class="irc-navy">* wArri (~dave.will@rrcs-72-45-254-78.nys.biz.rr.com) Quit (Read error: Connection reset by peer)</span><br />
<span class="irc-date">[17:32]</span> <span class="irc-green">* wArri (~dave.will@rrcs-72-45-254-78.nys.biz.rr.com) has joined this channel.</span><br />
<span class="irc-date">[17:53]</span> <span class="irc-green">* shad0wf0x (~shad0w@d149-67-84-103.try.wideopenwest.com) has joined this channel.</span><br />
<span class="irc-date">[18:00]</span> <span class="irc-green">* coolya (~kolja@xdslcn104.osnanet.de) has joined this channel.</span><br />
<span class="irc-date">[18:31]</span> <span class="irc-navy">* Kaik541 (~nertz@cpe-174-111-246-012.triad.res.rr.com) Quit (Ping timeout: 245 seconds)</span><br />
<span class="irc-date">[18:35]</span> <span class="irc-navy">* ciwrl|away (~ciwrl@pool-96-255-2-50.washdc.fios.verizon.net) Quit (Ping timeout: 245 seconds)</span><br />
<span class="irc-date">[18:36]</span> <span class="irc-navy">* cmsgsteam-logger (~PircBot@unaffiliated/atinm) Quit (Ping timeout: 245 seconds)</span><br />
<span class="irc-date">[18:36]</span> <span class="irc-navy">* Disconnected.</span><br />
<span class="irc-date">[18:39]</span> <span class="irc-brown">-brown.freenode.net- *** Looking up your hostname...</span><br />
<span class="irc-date">[18:39]</span> <span class="irc-brown">-brown.freenode.net- *** Checking Ident</span><br />
<span class="irc-date">[18:39]</span> <span class="irc-brown">-brown.freenode.net- *** No Ident response</span><br />
<span class="irc-date">[18:39]</span> <span class="irc-brown">-brown.freenode.net- *** Found your hostname</span><br />
<span class="irc-date">[18:39]</span> <span class="irc-brown">-brown.freenode.net- *** Looking up your hostname...</span><br />
<span class="irc-date">[18:39]</span> <span class="irc-brown">-brown.freenode.net- *** Checking Ident</span><br />
<span class="irc-date">[18:39]</span> <span class="irc-brown">-brown.freenode.net- *** No Ident response</span><br />
<span class="irc-date">[18:39]</span> <span class="irc-brown">-brown.freenode.net- *** Found your hostname</span><br />
<span class="irc-date">[18:39]</span> <span class="irc-brown">-brown.freenode.net- *** Looking up your hostname...</span><br />
<span class="irc-date">[18:39]</span> <span class="irc-brown">-brown.freenode.net- *** Checking Ident</span><br />
<span class="irc-date">[18:39]</span> <span class="irc-brown">-brown.freenode.net- *** No Ident response</span><br />
<span class="irc-date">[18:39]</span> <span class="irc-brown">-brown.freenode.net- *** Found your hostname</span><br />
<span class="irc-date">[18:40]</span> <span class="irc-brown">-brown.freenode.net- *** Looking up your hostname...</span><br />
<span class="irc-date">[18:40]</span> <span class="irc-brown">-brown.freenode.net- *** Checking Ident</span><br />
<span class="irc-date">[18:40]</span> <span class="irc-brown">-brown.freenode.net- *** No Ident response</span><br />
<span class="irc-date">[18:40]</span> <span class="irc-brown">-brown.freenode.net- *** Couldn't look up your hostname</span><br />
<span class="irc-date">[18:40]</span> <span class="irc-red">[frigg VERSION]</span><br />
<span class="irc-date">[18:46]</span> <span class="irc-brown">-barjavel.freenode.net- *** Looking up your hostname...</span><br />
<span class="irc-date">[18:46]</span> <span class="irc-brown">-barjavel.freenode.net- *** Checking Ident</span><br />
<span class="irc-date">[18:46]</span> <span class="irc-brown">-barjavel.freenode.net- *** No Ident response</span><br />
<span class="irc-date">[18:46]</span> <span class="irc-brown">-barjavel.freenode.net- *** Found your hostname</span><br />
<span class="irc-date">[18:46]</span> <span class="irc-red">[frigg VERSION]</span><br />
<span class="irc-date">[18:47]</span> <span class="irc-green">* cmsgsteam-logger (~PircBot@cmsgs.com) has joined this channel.</span><br />
<span class="irc-date">[18:47]</span> <span class="irc-green">* Topic is 'SGS CM6 developers and testers (and other kernel and android hackers) - <a href="http://www.cmsgs.com/'">http://www.cmsgs.com/'</a></span><br />
<span class="irc-date">[18:47]</span> <span class="irc-green">* Set by atinm|nite!~atin@unaffiliated/atinm on Sat Oct 30 03:39:24 GMT 2010</span><br />
<span class="irc-date">[18:47]</span> <span class="irc-brown">-ChanServ- [#__topsecret__] SGS-CM6 developers and testers only pls. Others could be kickbanned if not contributing to the channel's function.</span><br />
<span class="irc-date">[18:47]</span> <span class="irc-green">* ChanServ sets mode +o cmsgsteam-logger</span><br />
<span class="irc-date">[18:48]</span> <span class="irc-green">* shad0wf0x_ is now known as shad0wf0x</span><br />
<span class="irc-date">[18:50]</span> <span class="irc-green">* skeeterslint (~skeetersl@c-71-192-215-99.hsd1.ma.comcast.net) has joined this channel.</span><br />
<span class="irc-date">[18:56]</span> <span class="irc-green">* jt1134_ (~jt1134@c-71-207-226-80.hsd1.al.comcast.net) has joined this channel.</span><br />
<span class="irc-date">[18:58]</span> <span class="irc-green">* neldar (~neldar@dsl-217-175-94.pool.bitel.net) has joined this channel.</span><br />
<span class="irc-date">[18:58]</span> <span class="irc-black">&lt;- *neldar* Bot Sentry eingeschalten:  Sie werden jetzt ignoriert!  Ihre Nachricht wird übermittelt wenn sie die folgenden Fragen innerhalb von 10 Minuten richtig beantworten:  Wie buchstabieren sie das Ergebnis (Zahl) aus 10 geteilt durch zwei?</span><br />
