<span class="irc-date">[0:08]</span> <span class="irc-black">&lt;noobnl&gt; fffffffffffffuuuuuuu</span><br />
<span class="irc-date">[0:09]</span> <span class="irc-black">&lt;noobnl&gt;  i cannot get the radio  data or wifi working...</span><br />
<span class="irc-date">[0:40]</span> <span class="irc-black">&lt;skeeterslint&gt; anyone know how to fix this error?</span><br />
<span class="irc-date">[0:40]</span> <span class="irc-black">&lt;skeeterslint&gt; packages/apps/Music/src/com/android/music/MediaPlaybackService.java:386: method does not override a method from its superclass</span><br />
<span class="irc-date">[0:40]</span> <span class="irc-black">&lt;skeeterslint&gt;         @Override</span><br />
<span class="irc-date">[0:40]</span> <span class="irc-black">&lt;skeeterslint&gt;          ^</span><br />
<span class="irc-date">[0:41]</span> <span class="irc-navy">* neldar (~neldar@dsl26-183.pool.bitel.net) Quit (Quit: Leaving.)</span><br />
<span class="irc-date">[0:50]</span> <span class="irc-navy">* coolya (~kolja@xdsl-92-252-7-196.dip.osnanet.de) Quit (Quit: Leaving.)</span><br />
<span class="irc-date">[0:51]</span> <span class="irc-green">* coolya (~kolja@xdsl-92-252-7-196.dip.osnanet.de) has joined this channel.</span><br />
<span class="irc-date">[1:08]</span> <span class="irc-green">* neldar (~neldar@dsl26-183.pool.bitel.net) has joined this channel.</span><br />
<span class="irc-date">[1:08]</span> <span class="irc-black">&lt;- *neldar* Bot Sentry eingeschalten:  Sie werden jetzt ignoriert!  Ihre Nachricht wird übermittelt wenn sie die folgenden Fragen innerhalb von 10 Minuten richtig beantworten:  Wie buchstabieren sie die Zahl 10?</span><br />
<span class="irc-date">[1:11]</span> <span class="irc-navy">* neldar (~neldar@dsl26-183.pool.bitel.net) Quit (Remote host closed the connection)</span><br />
<span class="irc-date">[1:15]</span> <span class="irc-green">* neldar (~neldar@dsl26-183.pool.bitel.net) has joined this channel.</span><br />
<span class="irc-date">[1:15]</span> <span class="irc-black">&lt;- *neldar* Bot Sentry eingeschalten:  Sie werden jetzt ignoriert!  Ihre Nachricht wird übermittelt wenn sie die folgenden Fragen innerhalb von 10 Minuten richtig beantworten:  Wie buchstabieren sie die Zahl 10?</span><br />
<span class="irc-date">[1:18]</span> <span class="irc-green">* forcystos (625528ef@gateway/web/freenode/ip.98.85.40.239) has joined this channel.</span><br />
<span class="irc-date">[1:43]</span> <span class="irc-black">&lt;thedeanius&gt; um...</span><br />
<span class="irc-date">[1:43]</span> <span class="irc-black">&lt;thedeanius&gt; anyone here?</span><br />
<span class="irc-date">[1:56]</span> <span class="irc-navy">* izibi (~julian@unaffiliated/izibi) Quit (Ping timeout: 276 seconds)</span><br />
<span class="irc-date">[2:20]</span> <span class="irc-black">&lt;forcystos&gt; any idea as to how come "about phone" isn't populated when logcat -b radio shows the radio returning phone number, min, and other values?</span><br />
<span class="irc-date">[2:21]</span> <span class="irc-navy">* forcystos (625528ef@gateway/web/freenode/ip.98.85.40.239) Quit (Quit: Page closed)</span><br />
<span class="irc-date">[2:28]</span> <span class="irc-green">* jt1134 (~jt1134@c-71-207-226-80.hsd1.al.comcast.net) has joined this channel.</span><br />
<span class="irc-date">[2:29]</span> <span class="irc-black">&lt;Unhelpful&gt; did we mean to commit extraction of su, busybox, and Superuser.apk to extract-files.sh for captivate?</span><br />
<span class="irc-date">[2:46]</span> <span class="irc-green">* jt1134 is now known as jt|BeerRun</span><br />
<span class="irc-date">[3:30]</span> <span class="irc-black">&lt;noobnl&gt; PRODUCT_PROPERTY_OVERRIDES += \</span><br />
<span class="irc-date">[3:30]</span> <span class="irc-black">&lt;noobnl&gt;     ro.sf.lcd_density=240 \</span><br />
<span class="irc-date">[3:30]</span> <span class="irc-black">&lt;noobnl&gt;     rild.libpath=/system/lib/libsec-ril40.so \</span><br />
<span class="irc-date">[3:30]</span> <span class="irc-black">&lt;noobnl&gt;   	rild.libargs=-d /dev/ttyS0 \</span><br />
<span class="irc-date">[3:30]</span> <span class="irc-black">&lt;noobnl&gt;     wifi.interface=eth0 \</span><br />
<span class="irc-date">[3:30]</span> <span class="irc-black">&lt;noobnl&gt;     wifi.supplicant_scan_interval=15 \</span><br />
<span class="irc-date">[3:30]</span> <span class="irc-black">&lt;noobnl&gt; 	net.cdma.pppd.authtype=require-pap \</span><br />
<span class="irc-date">[3:30]</span> <span class="irc-black">&lt;noobnl&gt; 	net.cdma.pppd.user=user SprintNextel \</span><br />
<span class="irc-date">[3:30]</span> <span class="irc-black">&lt;noobnl&gt; 	net.cdma.datalinkinterface=/dev/ttyCDMA0 \</span><br />
<span class="irc-date">[3:30]</span> <span class="irc-black">&lt;noobnl&gt; 	net.interfaces.defaultroute=cdma \</span><br />
<span class="irc-date">[3:30]</span> <span class="irc-black">&lt;noobnl&gt; 	net.cdma.ppp.interface=ppp0 \</span><br />
<span class="irc-date">[3:30]</span> <span class="irc-black">&lt;noobnl&gt; 	net.connectivity.type=CDMA1 \</span><br />
<span class="irc-date">[3:30]</span> <span class="irc-black">&lt;noobnl&gt; 	gsm.operator.alpha=Sprint \</span><br />
<span class="irc-date">[3:30]</span> <span class="irc-black">&lt;noobnl&gt; 	gsm.operator.numeric=310120 \</span><br />
<span class="irc-date">[3:30]</span> <span class="irc-black">&lt;noobnl&gt; samsung fail</span><br />
<span class="irc-date">[3:33]</span> <span class="irc-navy">* neldar (~neldar@dsl26-183.pool.bitel.net) Quit (Quit: Leaving.)</span><br />
<span class="irc-date">[3:38]</span> <span class="irc-black">&lt;skeeterslint&gt; wheres that stuff from noobnl?</span><br />
<span class="irc-date">[3:43]</span> <span class="irc-black">&lt;noobnl&gt; getprop</span><br />
<span class="irc-date">[3:44]</span> <span class="irc-black">&lt;noobnl&gt; i had to change it a bit</span><br />
<span class="irc-date">[3:44]</span> <span class="irc-black">&lt;noobnl&gt;  that what sammy is using skeeterslint</span><br />
<span class="irc-date">[3:47]</span> <span class="irc-black">&lt;noobnl&gt; skeeterslint]</span><br />
<span class="irc-date">[3:48]</span> <span class="irc-black">&lt;noobnl&gt; wtf sammy</span><br />
<span class="irc-date">[3:48]</span> <span class="irc-black">&lt;noobnl&gt; service recovery /system/bin/recovery</span><br />
<span class="irc-date">[3:48]</span> <span class="irc-black">&lt;noobnl&gt; 	oneshot</span><br />
<span class="irc-date">[3:48]</span> <span class="irc-black">&lt;noobnl&gt;  in system?</span><br />
<span class="irc-date">[3:48]</span> <span class="irc-black">&lt;noobnl&gt;  wtf!</span><br />
<span class="irc-date">[3:48]</span> <span class="irc-black">&lt;noobnl&gt;  fail!</span><br />
<span class="irc-date">[3:54]</span> <span class="irc-black">&lt;Unhelpful&gt; noobnl: yeah, they moved recovery into system on captivate w/ the froyo leak, too</span><br />
<span class="irc-date">[3:54]</span> <span class="irc-black">&lt;Unhelpful&gt; and agree, it's fail.</span><br />
<span class="irc-date">[3:59]</span> <span class="irc-green">* jt|BeerRun is now known as jt1134</span><br />
