<span class="irc-date">[0:32]</span> <span class="irc-navy">* rjmjr69 (~Administr@c-24-62-52-123.hsd1.ma.comcast.net) Quit (Read error: No route to host)</span><br />
<span class="irc-date">[0:44]</span> <span class="irc-green">* shad0wf0x_ (~shad0w@d149-67-84-103.try.wideopenwest.com) has joined this channel.</span><br />
<span class="irc-date">[0:47]</span> <span class="irc-navy">* shad0wf0x (~shad0w@d149-67-84-103.try.wideopenwest.com) Quit (Ping timeout: 255 seconds)</span><br />
<span class="irc-date">[0:47]</span> <span class="irc-green">* skeeter|away is now known as skeeterslint</span><br />
<span class="irc-date">[0:48]</span> <span class="irc-green">* forcystos (625522b2@gateway/web/freenode/ip.98.85.34.178) has joined this channel.</span><br />
<span class="irc-date">[0:52]</span> <span class="irc-navy">* neldar (~neldar@dsl-217-174-103.pool.bitel.net) Quit (Quit: Leaving.)</span><br />
<span class="irc-date">[1:04]</span> <span class="irc-black">&lt;forcystos&gt; is something broken in the platform, or am I stupid somehow? <a href="http://pastebin.com/K7hB91qk">http://pastebin.com/K7hB91qk</a></span><br />
<span class="irc-date">[1:25]</span> <span class="irc-navy">* izibi (~julian@unaffiliated/izibi) Quit (Ping timeout: 255 seconds)</span><br />
<span class="irc-date">[1:26]</span> <span class="irc-green">* shad0wf0x_ is now known as shad0wf0x</span><br />
<span class="irc-date">[1:59]</span> <span class="irc-navy">* jt1134 (~jt1134@c-71-207-226-80.hsd1.al.comcast.net) Quit (Quit: Leaving)</span><br />
<span class="irc-date">[2:12]</span> <span class="irc-green">* dasunsrule32 (~dasunsrul@christiantechsaz.com) has joined this channel.</span><br />
<span class="irc-date">[2:19]</span> <span class="irc-navy">* dasunsrule32 (~dasunsrul@christiantechsaz.com) Quit (Ping timeout: 250 seconds)</span><br />
<span class="irc-date">[2:42]</span> <span class="irc-green">* wArri` is now known as wArri</span><br />
<span class="irc-date">[3:57]</span> <span class="irc-navy">* skeeterslint (~skeetersl@c-71-192-215-99.hsd1.ma.comcast.net) Quit (Quit: Leaving)</span><br />
<span class="irc-date">[3:58]</span> <span class="irc-green">* forcystos (625522b2@gateway/web/freenode/ip.98.85.34.178) has left this channel.</span><br />
<span class="irc-date">[6:10]</span> <span class="irc-green">* gdanko (~gdanko@166.135.91.135) has joined this channel.</span><br />
<span class="irc-date">[6:13]</span> <span class="irc-green">* rjmjr69 (~Administr@c-24-62-52-123.hsd1.ma.comcast.net) has joined this channel.</span><br />
<span class="irc-date">[6:16]</span> <span class="irc-navy">* gdanko (~gdanko@166.135.91.135) Quit (Ping timeout: 265 seconds)</span><br />
<span class="irc-date">[6:22]</span> <span class="irc-green">* gdanko (~gdanko@nat/yahoo/x-rrnjusputczqvhcj) has joined this channel.</span><br />
<span class="irc-date">[6:26]</span> <span class="irc-green">* noobnl (~noob@unaffiliated/noobnl) has joined this channel.</span><br />
<span class="irc-date">[6:32]</span> <span class="irc-navy">* rjmjr69 (~Administr@c-24-62-52-123.hsd1.ma.comcast.net) Quit (Ping timeout: 245 seconds)</span><br />
<span class="irc-date">[6:45]</span> <span class="irc-black">&lt;gdanko&gt; hi noobnl</span><br />
<span class="irc-date">[6:45]</span> <span class="irc-black">&lt;gdanko&gt; im back in the hosp :(</span><br />
<span class="irc-date">[6:59]</span> <span class="irc-navy">* ciwrl|away (~ciwrl@pool-173-73-43-217.washdc.fios.verizon.net) Quit (Read error: Connection reset by peer)</span><br />
<span class="irc-date">[6:59]</span> <span class="irc-green">* ciwrl (~ciwrl@pool-173-73-43-217.washdc.fios.verizon.net) has joined this channel.</span><br />
<span class="irc-date">[7:18]</span> <span class="irc-navy">* noobnl (~noob@unaffiliated/noobnl) Quit ()</span><br />
<span class="irc-date">[7:19]</span> <span class="irc-black">&lt;Unhelpful&gt; um, why does cmsgs need a fork of android_device_htc_ace?</span><br />
<span class="irc-date">[7:22]</span> <span class="irc-black">&lt;gdanko&gt; you tell me</span><br />
<span class="irc-date">[7:22]</span> <span class="irc-black">&lt;gdanko&gt; codeworkx repo still dies on recovery</span><br />
<span class="irc-date">[7:23]</span> <span class="irc-black">&lt;thedood&gt; i know why</span><br />
<span class="irc-date">[7:23]</span> <span class="irc-black">&lt;Unhelpful&gt; i can't tell you, i didn't do it!</span><br />
<span class="irc-date">[7:23]</span> <span class="irc-black">&lt;thedood&gt; because we use cyanogen's vendor</span><br />
<span class="irc-date">[7:24]</span> <span class="irc-black">&lt;thedood&gt; which pulls in all new device repos</span><br />
<span class="irc-date">[7:24]</span> <span class="irc-black">&lt;thedood&gt; so we need to update the manifest to pull ace</span><br />
<span class="irc-date">[7:24]</span> <span class="irc-black">&lt;thedood&gt; and harmony</span><br />
<span class="irc-date">[7:24]</span> <span class="irc-black">&lt;Unhelpful&gt; thedood: yes, but can't we use cyanogen's repo for ace?</span><br />
<span class="irc-date">[7:24]</span> <span class="irc-black">&lt;thedood&gt; yes</span><br />
<span class="irc-date">[7:24]</span> <span class="irc-black">&lt;Unhelpful&gt; why have we cloned a repo we're not forking? :P</span><br />
<span class="irc-date">[7:24]</span> <span class="irc-black">&lt;thedood&gt; that's why we have to add to to the manifest.xml</span><br />
<span class="irc-date">[7:24]</span> <span class="irc-black">&lt;thedood&gt; we haven't</span><br />
<span class="irc-date">[7:25]</span> <span class="irc-black">&lt;thedood&gt; vendor/cyanogen/products/cyanogen_ace.mk is looking for it</span><br />
<span class="irc-date">[7:25]</span> <span class="irc-black">&lt;Unhelpful&gt; then this is what? <a href="https://github.com/cmsgs/android_device_htc_ace">https://github.com/cmsgs/android_device_htc_ace</a></span><br />
<span class="irc-date">[7:25]</span> <span class="irc-black">&lt;thedood&gt; oh</span><br />
<span class="irc-date">[7:25]</span> <span class="irc-black">&lt;thedood&gt; that's new to me</span><br />
<span class="irc-date">[7:25]</span> <span class="irc-brick">* thedood goes back to what he was doing...</span><br />
<span class="irc-date">[7:25]</span> <span class="irc-black">&lt;thedood&gt; brb</span><br />
<span class="irc-date">[7:26]</span> <span class="irc-black">&lt;gdanko&gt; codeworkx repo still complains about bootable recovery and cmsgs has these issues... im going back to seinfeld. i have a crappy hospital bed so im grumpy</span><br />
<span class="irc-date">[7:28]</span> <span class="irc-black">&lt;gdanko&gt; gimme the damn info on how to update the manifest and ill do it myself</span><br />
<span class="irc-date">[7:28]</span> <span class="irc-black">&lt;gdanko&gt; i wanna build this sob :)</span><br />
<span class="irc-date">[7:29]</span> <span class="irc-black">&lt;Unhelpful&gt; thedood: yeah, i have a plain CM checkout that i'm adding cmsgs bits to. if we can get the device stuff merged upstream i'd like to work on preparing the other stuff to be pushed upstream.</span><br />
<span class="irc-date">[7:29]</span> <span class="irc-black">&lt;Unhelpful&gt; so i look at cmsgs and find a fork of something we shouldn't need to change :/</span><br />
<span class="irc-date">[7:29]</span> <span class="irc-black">&lt;gdanko&gt; how many sgs-specific changes were made to the code?</span><br />
<span class="irc-date">[7:30]</span> <span class="irc-brick">* gdanko wants a nexus s</span><br />
<span class="irc-date">[7:31]</span> <span class="irc-black">&lt;gdanko&gt; wife has an infection :(</span><br />
<span class="irc-date">[7:35]</span> <span class="irc-black">&lt;thedood&gt; bloop</span><br />
<span class="irc-date">[7:35]</span> <span class="irc-black">&lt;thedood&gt; i might have accidentally forked that</span><br />
<span class="irc-date">[7:35]</span> <span class="irc-black">&lt;gdanko&gt; oops</span><br />
<span class="irc-date">[7:44]</span> <span class="irc-green">* GuiPer (~GuiPer@ip-86-49-25-242.net.upcbroadband.cz) has joined this channel.</span><br />
<span class="irc-date">[8:04]</span> <span class="irc-navy">* gdanko (~gdanko@nat/yahoo/x-rrnjusputczqvhcj) Quit (Quit: This computer has gone to sleep)</span><br />
<span class="irc-date">[8:08]</span> <span class="irc-brick">* Unhelpful would assume the other things are mostly valid?</span><br />
<span class="irc-date">[8:09]</span> <span class="irc-black">&lt;Unhelpful&gt; not that it matters because i am repeatedly failing to clone android_device_samsung_vibrant. this only ever seems to happen w/ github repos, and only when connected over my cell. "remote end hung up unexpectedly" D:</span><br />
<span class="irc-date">[9:05]</span> <span class="irc-green">* GuiPer_ (c3fa8fd4@gateway/web/freenode/ip.195.250.143.212) has joined this channel.</span><br />
<span class="irc-date">[10:34]</span> <span class="irc-green">* neldar (~neldar@dsl-217-162-71.pool.bitel.net) has joined this channel.</span><br />
<span class="irc-date">[10:34]</span> <span class="irc-black">&lt;- *neldar* Bot Sentry eingeschalten:  Sie werden jetzt ignoriert!  Ihre Nachricht wird übermittelt wenn sie die folgenden Fragen innerhalb von 10 Minuten richtig beantworten:  Wie buchstabieren sie das Ergebnis (Zahl) aus 10 geteilt durch zwei?</span><br />
<span class="irc-date">[10:40]</span> <span class="irc-navy">* neldar (~neldar@dsl-217-162-71.pool.bitel.net) Quit (Quit: Leaving.)</span><br />
<span class="irc-date">[11:09]</span> <span class="irc-black">&lt;GuiPer_&gt; tethering is working</span><br />
<span class="irc-date">[11:09]</span> <span class="irc-black">&lt;GuiPer_&gt; both wifi and usb :)</span><br />
<span class="irc-date">[11:14]</span> <span class="irc-black">&lt;Unhelpful&gt; yaaaay :)</span><br />
<span class="irc-date">[12:12]</span> <span class="irc-navy">* wArri (~dave.will@rrcs-72-45-254-78.nys.biz.rr.com) Quit (Ping timeout: 240 seconds)</span><br />
<span class="irc-date">[13:20]</span> <span class="irc-green">* codeworkx (~codeworkx@95-89-111-251-dynip.superkabel.de) has joined this channel.</span><br />
<span class="irc-date">[13:50]</span> <span class="irc-green">* izibi (~julian@unaffiliated/izibi) has joined this channel.</span><br />
<span class="irc-date">[14:03]</span> <span class="irc-green">* dasunsrule32 (~dasunsrul@christiantechsaz.com) has joined this channel.</span><br />
<span class="irc-date">[14:53]</span> <span class="irc-brown">-anthony.freenode.net- *** Looking up your hostname...</span><br />
<span class="irc-date">[14:53]</span> <span class="irc-brown">-anthony.freenode.net- *** Checking Ident</span><br />
<span class="irc-date">[14:53]</span> <span class="irc-brown">-anthony.freenode.net- *** No Ident response</span><br />
<span class="irc-date">[14:53]</span> <span class="irc-brown">-anthony.freenode.net- *** Found your hostname</span><br />
<span class="irc-date">[14:53]</span> <span class="irc-red">[frigg VERSION]</span><br />
<span class="irc-date">[14:53]</span> <span class="irc-green">* cmsgsteam-logger (~PircBot@cmsgs.com) has joined this channel.</span><br />
<span class="irc-date">[14:53]</span> <span class="irc-green">* Topic is 'SGS CM6 developers and testers (and other kernel and android hackers) - <a href="http://www.cmsgs.com/'">http://www.cmsgs.com/'</a></span><br />
<span class="irc-date">[14:53]</span> <span class="irc-green">* Set by atinm|nite!~atin@unaffiliated/atinm on Sat Oct 30 03:39:24 GMT 2010</span><br />
<span class="irc-date">[14:53]</span> <span class="irc-brown">-anthony.freenode.net- [freenode-info] please register your nickname...don't forget to auto-identify! <a href="http://freenode.net/faq.shtml#nicksetup">http://freenode.net/faq.shtml#nicksetup</a></span><br />
<span class="irc-date">[14:53]</span> <span class="irc-brown">-ChanServ- [#__topsecret__] SGS-CM6 developers and testers only pls. Others could be kickbanned if not contributing to the channel's function.</span><br />
<span class="irc-date">[14:53]</span> <span class="irc-green">* ChanServ sets mode +o cmsgsteam-logger</span><br />
<span class="irc-date">[15:11]</span> <span class="irc-navy">* GuiPer_ (c3fa8fd4@gateway/web/freenode/ip.195.250.143.212) Quit (Ping timeout: 265 seconds)</span><br />
<span class="irc-date">[16:11]</span> <span class="irc-navy">* magote (~magoteI90@a79-169-106-110.cpe.netcabo.pt) Quit (Ping timeout: 255 seconds)</span><br />
<span class="irc-date">[16:34]</span> <span class="irc-black">&lt;dasunsrule32&gt; anonymous: Well, I was able to get around the "orange screen of death"</span><br />
<span class="irc-date">[16:34]</span> <span class="irc-black">&lt;dasunsrule32&gt; :)</span><br />
<span class="irc-date">[16:34]</span> <span class="irc-black">&lt;dasunsrule32&gt; I thought I was perma bricked :p</span><br />
<span class="irc-date">[16:37]</span> <span class="irc-black">&lt;dasunsrule32&gt; anonymous: hehe, no</span><br />
<span class="irc-date">[16:37]</span> <span class="irc-black">&lt;dasunsrule32&gt; If you get the orange text, and power the phone off, it seemingly won't power on anymore</span><br />
<span class="irc-date">[16:37]</span> <span class="irc-black">&lt;dasunsrule32&gt; I found that you can power it again, by pressing and holding vol up + pwr, it will turn on after 5 seconds</span><br />
<span class="irc-date">[16:38]</span> <span class="irc-black">&lt;dasunsrule32&gt; then immediately do the download mode combo as it's powering on, bam, download mode :)</span><br />
<span class="irc-date">[16:38]</span> <span class="irc-black">&lt;dasunsrule32&gt; Working on flashing the jk2 modem again</span><br />
<span class="irc-date">[16:38]</span> <span class="irc-black">&lt;dasunsrule32&gt; I thought I was a goner</span><br />
<span class="irc-date">[16:38]</span> <span class="irc-black">&lt;dasunsrule32&gt; it will not accept the jk6 modem</span><br />
<span class="irc-date">[16:39]</span> <span class="irc-black">&lt;dasunsrule32&gt; over heimdall or odin</span><br />
<span class="irc-date">[16:46]</span> <span class="irc-green">* gdanko (~gdanko@nat/yahoo/x-uxubexvrfqlspfga) has joined this channel.</span><br />
<span class="irc-date">[16:46]</span> <span class="irc-black">&lt;gdanko&gt; hi</span><br />
<span class="irc-date">[16:56]</span> <span class="irc-green">* neldar (~neldar@dsl-217-162-71.pool.bitel.net) has joined this channel.</span><br />
<span class="irc-date">[16:56]</span> <span class="irc-black">&lt;- *neldar* Bot Sentry eingeschalten:  Sie werden jetzt ignoriert!  Ihre Nachricht wird übermittelt wenn sie die folgenden Fragen innerhalb von 10 Minuten richtig beantworten:  Wie buchstabieren sie das Ergebnis (Zahl) aus 10 geteilt durch zwei?</span><br />
<span class="irc-date">[16:59]</span> <span class="irc-navy">* gdanko (~gdanko@nat/yahoo/x-uxubexvrfqlspfga) Quit (Quit: This computer has gone to sleep)</span><br />
<span class="irc-date">[17:20]</span> <span class="irc-black">&lt;dasunsrule32&gt; hi</span><br />
<span class="irc-date">[17:23]</span> <span class="irc-black">&lt;dasunsrule32&gt; Hooray, I am back and kicking :)</span><br />
<span class="irc-date">[17:40]</span> <span class="irc-green">* magote (~magoteI90@a79-169-106-110.cpe.netcabo.pt) has joined this channel.</span><br />
<span class="irc-date">[17:49]</span> <span class="irc-green">* coolya (~kolja@xdsleu255.osnanet.de) has joined this channel.</span><br />
<span class="irc-date">[17:57]</span> <span class="irc-navy">* GuiPer (~GuiPer@ip-86-49-25-242.net.upcbroadband.cz) Quit (Ping timeout: 245 seconds)</span><br />
<span class="irc-date">[18:07]</span> <span class="irc-green">* ciwrl is now known as ciwrl|afk</span><br />
<span class="irc-date">[18:07]</span> <span class="irc-navy">* codeworkx (~codeworkx@95-89-111-251-dynip.superkabel.de) Quit (Remote host closed the connection)</span><br />
<span class="irc-date">[18:08]</span> <span class="irc-navy">* magote (~magoteI90@a79-169-106-110.cpe.netcabo.pt) Quit (Ping timeout: 276 seconds)</span><br />
<span class="irc-date">[18:11]</span> <span class="irc-green">* gdanko (~gdanko@nat/yahoo/x-bibuiejniqtguzxw) has joined this channel.</span><br />
<span class="irc-date">[18:12]</span> <span class="irc-green">* Kaik541 (~nertz@cpe-174-111-246-012.triad.res.rr.com) has joined this channel.</span><br />
<span class="irc-date">[18:18]</span> <span class="irc-green">* codeworkx (~codeworkx@95-89-111-251-dynip.superkabel.de) has joined this channel.</span><br />
<span class="irc-date">[18:19]</span> <span class="irc-green">* wArri (~dave.will@rrcs-72-45-254-78.nys.biz.rr.com) has joined this channel.</span><br />
<span class="irc-date">[18:23]</span> <span class="irc-black">&lt;gdanko&gt; wife still in the hospital.</span><br />
<span class="irc-date">[18:25]</span> <span class="irc-black">&lt;Kaik541&gt; did the baby come yet?</span><br />
<span class="irc-date">[18:25]</span> <span class="irc-black">&lt;Kaik541&gt; I've been mia past couple days</span><br />
<span class="irc-date">[18:26]</span> <span class="irc-navy">* wArri (~dave.will@rrcs-72-45-254-78.nys.biz.rr.com) Quit (Ping timeout: 255 seconds)</span><br />
<span class="irc-date">[18:30]</span> <span class="irc-green">* wArri (~dave.will@rrcs-72-45-254-78.nys.biz.rr.com) has joined this channel.</span><br />
<span class="irc-date">[18:52]</span> <span class="irc-green">* magote (~magoteI90@a79-169-106-110.cpe.netcabo.pt) has joined this channel.</span><br />
<span class="irc-date">[18:56]</span> <span class="irc-navy">* codeworkx (~codeworkx@95-89-111-251-dynip.superkabel.de) Quit (Read error: Connection reset by peer)</span><br />
<span class="irc-date">[19:03]</span> <span class="irc-green">* codeworkx (~codeworkx@95-89-111-251-dynip.superkabel.de) has joined this channel.</span><br />
<span class="irc-date">[19:15]</span> <span class="irc-navy">* magote (~magoteI90@a79-169-106-110.cpe.netcabo.pt) Quit (Ping timeout: 240 seconds)</span><br />
<span class="irc-date">[19:33]</span> <span class="irc-green">* atinm (~atin@unaffiliated/atinm) has joined this channel.</span><br />
<span class="irc-date">[19:33]</span> <span class="irc-green">* ChanServ sets mode +o atinm</span><br />
<span class="irc-date">[19:34]</span> <span class="irc-black">&lt;atinm&gt; the Heimdall guy just created a repo for the official Heimdall, so I've pointed the cmsgs/Heimdall repo to that instead of mine now</span><br />
<span class="irc-date">[19:34]</span> <span class="irc-black">&lt;atinm&gt; he seems to have done the same mods I'd made, so it should work the same.</span><br />
<span class="irc-date">[19:35]</span> <span class="irc-navy">* Kaik541 (~nertz@cpe-174-111-246-012.triad.res.rr.com) Quit (Ping timeout: 255 seconds)</span><br />
<span class="irc-date">[19:37]</span> <span class="irc-black">&lt;atinm&gt; his repo has stuff for osx and linux both</span><br />
<span class="irc-date">[19:37]</span> <span class="irc-black">&lt;atinm&gt; well, and Win32</span><br />
<span class="irc-date">[19:38]</span> <span class="irc-black">&lt;atinm&gt; so even windows ppl don't have to use Odin anymore</span><br />
<span class="irc-date">[19:38]</span> <span class="irc-black">&lt;thedood&gt; is is the new version</span><br />
<span class="irc-date">[19:38]</span> <span class="irc-black">&lt;thedood&gt; 1.3 or whatever?</span><br />
<span class="irc-date">[19:38]</span> <span class="irc-black">&lt;atinm&gt; 1.1.0</span><br />
<span class="irc-date">[19:38]</span> <span class="irc-black">&lt;thedood&gt; i noticed i got a new version in arch</span><br />
<span class="irc-date">[19:39]</span> <span class="irc-black">&lt;atinm&gt; at least, that is what he called it. I just reforked from that, dropping my code</span><br />
<span class="irc-date">[19:40]</span> <span class="irc-black">&lt;atinm&gt; his new version is cleaner code - more C++. But works the same.</span><br />
<span class="irc-date">[19:40]</span> <span class="irc-black">&lt;atinm&gt; and doesnt' require a PIT file which was my main complaint with the original code</span><br />
<span class="irc-date">[19:40]</span> <span class="irc-black">&lt;atinm&gt; he even has a gui front end if one wants . . . I don't so I haven't tried building that</span><br />
<span class="irc-date">[19:43]</span> <span class="irc-black">&lt;atinm&gt; because it requires Qt . . . and the whole point was to do it from the cmd line for me so I don't care about the gui.</span><br />
<span class="irc-date">[19:44]</span> <span class="irc-black">&lt;atinm&gt; so, I think I'm finally going to have some time to start working on this stuff again - need to talk with Unhelpful and gdanko to figure out where captivate is at :)</span><br />
<span class="irc-date">[19:55]</span> <span class="irc-black">&lt;atinm&gt; codeworkx: finally got the forums to be visible :)</span><br />
<span class="irc-date">[19:55]</span> <span class="irc-black">&lt;atinm&gt; so right now only your question about filesystem is there :)</span><br />
<span class="irc-date">[19:55]</span> <span class="irc-black">&lt;atinm&gt; hopefully more ppl will see the forum now</span><br />
<span class="irc-date">[19:55]</span> <span class="irc-black">&lt;codeworkx&gt; hehe</span><br />
<span class="irc-date">[19:55]</span> <span class="irc-black">&lt;atinm&gt; (and ext4 is good)</span><br />
<span class="irc-date">[20:00]</span> <span class="irc-green">* atinm is now known as atinm|away</span><br />
<span class="irc-date">[20:01]</span> <span class="irc-navy">* codeworkx (~codeworkx@95-89-111-251-dynip.superkabel.de) Quit (Remote host closed the connection)</span><br />
<span class="irc-date">[20:04]</span> <span class="irc-black">&lt;thedood&gt; i love my trolly friends sometimes <a href="http://imgur.com/sfl9Q.jpg">http://imgur.com/sfl9Q.jpg</a></span><br />
<span class="irc-date">[20:08]</span> <span class="irc-green">* codeworkx (~codeworkx@95-89-111-251-dynip.superkabel.de) has joined this channel.</span><br />
<span class="irc-date">[20:24]</span> <span class="irc-black">&lt;gdanko&gt; atinm|away: i am here now</span><br />
<span class="irc-date">[20:31]</span> <span class="irc-green">* atinm|away is now known as atinm</span><br />
<span class="irc-date">[20:31]</span> <span class="irc-black">&lt;atinm&gt; sorry, was on the phone with the real estate lawyer :)</span><br />
<span class="irc-date">[20:32]</span> <span class="irc-black">&lt;atinm&gt; since it is getting close to closing.</span><br />
<span class="irc-date">[20:32]</span> <span class="irc-black">&lt;gdanko&gt; good luck!</span><br />
<span class="irc-date">[20:32]</span> <span class="irc-black">&lt;atinm&gt; so - what are you working on right now? what is the "next" thing to work on</span><br />
<span class="irc-date">[20:32]</span> <span class="irc-black">&lt;atinm&gt; so I can get into it as well</span><br />
<span class="irc-date">[20:32]</span> <span class="irc-black">&lt;atinm&gt; I haven't seen any checkins from you recently</span><br />
<span class="irc-date">[20:32]</span> <span class="irc-black">&lt;atinm&gt; in fact, haven't seen any checkins from anyone . . .</span><br />
<span class="irc-date">[20:33]</span> <span class="irc-black">&lt;atinm&gt; well, codeworkx I have seen :)</span><br />
<span class="irc-date">[20:34]</span> <span class="irc-black">&lt;atinm&gt; can you check in your changes so I can start from that?</span><br />
<span class="irc-date">[20:34]</span> <span class="irc-black">&lt;codeworkx&gt; fixed tethering and bluetooth but got some problems on framework</span><br />
<span class="irc-date">[20:34]</span> <span class="irc-black">&lt;codeworkx&gt; phone is crashing</span><br />
<span class="irc-date">[20:35]</span> <span class="irc-black">&lt;codeworkx&gt; will push if it's stable</span><br />
<span class="irc-date">[20:35]</span> <span class="irc-black">&lt;atinm&gt; remember, we are allowed to check into cmsgs even if things aren't quite complete - if it compiles and is at a stage that others can help with, check it in!</span><br />
<span class="irc-date">[20:36]</span> <span class="irc-black">&lt;atinm&gt; the key is "if others can help with it" - if you are close, then you can wait.</span><br />
<span class="irc-date">[20:36]</span> <span class="irc-black">&lt;atinm&gt; but I hate it if we're all working from different sources but trying to fix the same things.</span><br />
<span class="irc-date">[20:37]</span> <span class="irc-black">&lt;atinm&gt; it'll be different once we're stable . . . then we'll be a lot more anal about checkins, and ideally there will not be a cmsgs and will just be CyanogenMod</span><br />
<span class="irc-date">[20:37]</span> <span class="irc-black">&lt;gdanko&gt; right!</span><br />
<span class="irc-date">[20:37]</span> <span class="irc-black">&lt;codeworkx&gt; you can always merge my repos</span><br />
<span class="irc-date">[20:37]</span> <span class="irc-black">&lt;codeworkx&gt; into cmsgs</span><br />
<span class="irc-date">[20:38]</span> <span class="irc-black">&lt;atinm&gt; I don't know which ones I should and what changes I should take etc - you're the guru there, I'm hoping you'll do it and then just move to working on cmsgs repos directly.</span><br />
<span class="irc-date">[20:38]</span> <span class="irc-black">&lt;codeworkx&gt; my repo is always very experimental.</span><br />
<span class="irc-date">[20:39]</span> <span class="irc-black">&lt;codeworkx&gt; dont want to make cmsgs experimental xD</span><br />
<span class="irc-date">[20:39]</span> <span class="irc-black">&lt;atinm&gt; hey, right now it looks like you're farthest along tho - so you are allowed to</span><br />
<span class="irc-date">[20:39]</span> <span class="irc-black">&lt;atinm&gt; oh, cmsgs is experimental until it is stable :)</span><br />
<span class="irc-date">[20:39]</span> <span class="irc-black">&lt;atinm&gt; which is sure isn't righ tnow</span><br />
<span class="irc-date">[20:39]</span> <span class="irc-black">&lt;codeworkx&gt; mine is very very very very experimental xD</span><br />
<span class="irc-date">[20:40]</span> <span class="irc-black">&lt;codeworkx&gt; will merge all stuff later</span><br />
<span class="irc-date">[20:40]</span> <span class="irc-black">&lt;atinm&gt; whenever you hit a point where you are checking into your repo, just merge to cmsgs as well. easiest that way. I've given up on my own repos and just use cmsgs directly</span><br />
<span class="irc-date">[20:41]</span> <span class="irc-black">&lt;atinm&gt; but whenever you feel comfortable is fine. what I fear is that everyone will be going to your repos for somethings, and then gdanko's for others etc . . .</span><br />
<span class="irc-date">[20:41]</span> <span class="irc-black">&lt;atinm&gt; and we lost the whole point of cmsgs</span><br />
<span class="irc-date">[20:42]</span> <span class="irc-black">&lt;atinm&gt; but I guess I can start watching your repos</span><br />
<span class="irc-date">[20:42]</span> <span class="irc-black">&lt;atinm&gt; and merging myself :)</span><br />
<span class="irc-date">[20:42]</span> <span class="irc-black">&lt;atinm&gt; might be the most I can do right now!</span><br />
<span class="irc-date">[20:42]</span> <span class="irc-black">&lt;atinm&gt; until the house purchase is done</span><br />
<span class="irc-date">[20:44]</span> <span class="irc-black">&lt;atinm&gt; ah crap - you have 19 repos!</span><br />
<span class="irc-date">[20:45]</span> <span class="irc-black">&lt;gdanko&gt; yeah we need to centralize</span><br />
<span class="irc-date">[20:50]</span> <span class="irc-black">&lt;atinm&gt; maybe we can at least centralize captivate.</span><br />
<span class="irc-date">[20:50]</span> <span class="irc-black">&lt;atinm&gt; since only captivate ppl want that right now! ;)</span><br />
<span class="irc-date">[20:51]</span> <span class="irc-black">&lt;atinm&gt; and I'll see if I can merge other people's repos into cmsgs</span><br />
<span class="irc-date">[20:51]</span> <span class="irc-navy">* dasunsrule32 (~dasunsrul@christiantechsaz.com) Quit (Quit: WeeChat 0.3.2)</span><br />
<span class="irc-date">[20:52]</span> <span class="irc-black">&lt;codeworkx&gt; i'll not merge frameworkss/base</span><br />
<span class="irc-date">[20:52]</span> <span class="irc-black">&lt;codeworkx&gt; delete it on cmsgs and fork from me</span><br />
<span class="irc-date">[20:52]</span> <span class="irc-black">&lt;atinm&gt; k.</span><br />
<span class="irc-date">[20:52]</span> <span class="irc-green">* magote (~magoteI90@a79-169-106-110.cpe.netcabo.pt) has joined this channel.</span><br />
<span class="irc-date">[20:54]</span> <span class="irc-black">&lt;atinm&gt; guess I should confirm with the other phone ppl before I do that . . . I don't know what frameworks/base does so I'm not a good person to decide what goes in</span><br />
<span class="irc-date">[20:55]</span> <span class="irc-black">&lt;gdanko&gt; im pulling codeworkx stuff now.. gonna try</span><br />
<span class="irc-date">[20:55]</span> <span class="irc-black">&lt;atinm&gt; ok</span><br />
<span class="irc-date">[20:55]</span> <span class="irc-black">&lt;atinm&gt; lemme know - thedood, can you do that same?</span><br />
<span class="irc-date">[20:55]</span> <span class="irc-black">&lt;gdanko&gt; im trying to see why i get the bootable recovery error</span><br />
<span class="irc-date">[20:55]</span> <span class="irc-black">&lt;gdanko&gt; gonna compare boardconfig</span><br />
<span class="irc-date">[20:56]</span> <span class="irc-black">&lt;atinm&gt; thedood: pull codeworkx' android_frameworks_base and see if that is fine for vibrant?</span><br />
<span class="irc-date">[20:56]</span> <span class="irc-black">&lt;atinm&gt; and the epic and fascinate ppl too. cmsgs' doesn't look like any work has been done on it, so can't be a bad thing to do to refork</span><br />
<span class="irc-date">[20:57]</span> <span class="irc-green">* dasunsrule32 (~dasunsrul@christiantechsaz.com) has joined this channel.</span><br />
<span class="irc-date">[20:57]</span> <span class="irc-black">&lt;atinm&gt; wait, it is already forked from codeworkx'</span><br />
<span class="irc-date">[20:57]</span> <span class="irc-black">&lt;atinm&gt; who did that ;)</span><br />
<span class="irc-date">[20:59]</span> <span class="irc-black">&lt;atinm&gt; still - confirm it works . . . I am going to build now too and see where my phone is at.</span><br />
<span class="irc-date">[20:59]</span> <span class="irc-black">&lt;atinm&gt; gdanko: are there changes you need to check in?</span><br />
<span class="irc-date">[20:59]</span> <span class="irc-black">&lt;atinm&gt; gah!! Mac Mail sucks.</span><br />
<span class="irc-date">[20:59]</span> <span class="irc-black">&lt;atinm&gt; it cannot handle a 6GB mailbox . . .</span><br />
<span class="irc-date">[21:00]</span> <span class="irc-black">&lt;atinm&gt; and imap . . . is continuously refreshing and killing my machine. need a different email client for mac.</span><br />
<span class="irc-date">[21:00]</span> <span class="irc-black">&lt;dasunsrule32&gt; heh</span><br />
<span class="irc-date">[21:00]</span> <span class="irc-black">&lt;dasunsrule32&gt; could've told you that lol</span><br />
<span class="irc-date">[21:00]</span> <span class="irc-black">&lt;dasunsrule32&gt; :)</span><br />
<span class="irc-date">[21:00]</span> <span class="irc-black">&lt;dasunsrule32&gt; 6GB mailbox is rather large though :p</span><br />
<span class="irc-date">[21:00]</span> <span class="irc-black">&lt;atinm&gt; yeah - I never delete emails from my work account</span><br />
<span class="irc-date">[21:00]</span> <span class="irc-black">&lt;dasunsrule32&gt; lol</span><br />
<span class="irc-date">[21:00]</span> <span class="irc-black">&lt;dasunsrule32&gt; me either</span><br />
<span class="irc-date">[21:00]</span> <span class="irc-black">&lt;atinm&gt; until they complain about running out of space</span><br />
<span class="irc-date">[21:00]</span> <span class="irc-black">&lt;dasunsrule32&gt; I am at 2GB</span><br />
<span class="irc-date">[21:00]</span> <span class="irc-black">&lt;dasunsrule32&gt; :p</span><br />
<span class="irc-date">[21:01]</span> <span class="irc-black">&lt;dasunsrule32&gt; I am pushing my quota</span><br />
<span class="irc-date">[21:01]</span> <span class="irc-black">&lt;dasunsrule32&gt; lol</span><br />
<span class="irc-date">[21:01]</span> <span class="irc-black">&lt;codeworkx&gt; my complete build is wokring on vibrant and captivate</span><br />
<span class="irc-date">[21:01]</span> <span class="irc-black">&lt;dasunsrule32&gt; I want more space</span><br />
<span class="irc-date">[21:01]</span> <span class="irc-black">&lt;dasunsrule32&gt; oooo</span><br />
<span class="irc-date">[21:01]</span> <span class="irc-black">&lt;atinm&gt; so I've told myself I'll delete one week per day of emails until I am back to some normal number</span><br />
<span class="irc-date">[21:01]</span> <span class="irc-black">&lt;dasunsrule32&gt; :)</span><br />
<span class="irc-date">[21:01]</span> <span class="irc-black">&lt;dasunsrule32&gt; codeworkx: everything works?</span><br />
<span class="irc-date">[21:01]</span> <span class="irc-black">&lt;atinm&gt; still - Mac Mail sucks</span><br />
<span class="irc-date">[21:01]</span> <span class="irc-black">&lt;dasunsrule32&gt; atinm: not</span><br />
<span class="irc-date">[21:01]</span> <span class="irc-black">&lt;dasunsrule32&gt; lol</span><br />
<span class="irc-date">[21:01]</span> <span class="irc-black">&lt;codeworkx&gt; normally you need only an modified kernel</span><br />
<span class="irc-date">[21:01]</span> <span class="irc-black">&lt;dasunsrule32&gt; codeworkx: do you have some directions to test this?</span><br />
<span class="irc-date">[21:01]</span> <span class="irc-black">&lt;atinm&gt; codeworkx: it works with the reorient kernel?</span><br />
<span class="irc-date">[21:01]</span> <span class="irc-black">&lt;codeworkx&gt; yes</span><br />
<span class="irc-date">[21:02]</span> <span class="irc-black">&lt;dasunsrule32&gt; or a vibrant kernel that will work with it</span><br />
<span class="irc-date">[21:02]</span> <span class="irc-black">&lt;dasunsrule32&gt; I will do some testing</span><br />
<span class="irc-date">[21:02]</span> <span class="irc-black">&lt;dasunsrule32&gt; :)</span><br />
<span class="irc-date">[21:02]</span> <span class="irc-black">&lt;atinm&gt; k</span><br />
<span class="irc-date">[21:02]</span> <span class="irc-black">&lt;dasunsrule32&gt; brb</span><br />
<span class="irc-date">[21:02]</span> <span class="irc-black">&lt;atinm&gt; I'm going to build and see. i have never used the reorient kernel so that should be interesting :)</span><br />
<span class="irc-date">[21:06]</span> <span class="irc-black">&lt;atinm&gt; hrm, had to fix the manifest. and repo sync again - missing device_htc_ace</span><br />
<span class="irc-date">[21:07]</span> <span class="irc-black">&lt;gdanko&gt; yes i get that error too</span><br />
<span class="irc-date">[21:07]</span> <span class="irc-black">&lt;atinm&gt; emacs ../android/default.xml</span><br />
<span class="irc-date">[21:07]</span> <span class="irc-black">&lt;atinm&gt; frick</span><br />
<span class="irc-date">[21:07]</span> <span class="irc-black">&lt;gdanko&gt; i tried to edit the xml and then i get another error :o</span><br />
<span class="irc-date">[21:08]</span> <span class="irc-black">&lt;atinm&gt; fixed that too just now</span><br />
<span class="irc-date">[21:08]</span> <span class="irc-black">&lt;coolya&gt; samn wifi :-D</span><br />
<span class="irc-date">[21:08]</span> <span class="irc-black">&lt;atinm&gt; wait until I'm done with repo sync :)</span><br />
<span class="irc-date">[21:08]</span> <span class="irc-black">&lt;coolya&gt; damn</span><br />
<span class="irc-date">[21:09]</span> <span class="irc-black">&lt;atinm&gt; coolya: codeworkx: android_device_samsung_galaxys - use yours or cmsgs?</span><br />
<span class="irc-date">[21:10]</span> <span class="irc-black">&lt;coolya&gt; should use our</span><br />
<span class="irc-date">[21:10]</span> <span class="irc-black">&lt;atinm&gt; hrm, it is forked from codeworkx and seems to say it was updated 4 hours ago</span><br />
<span class="irc-date">[21:10]</span> <span class="irc-black">&lt;atinm&gt; so maybe codeworkx has been checking into cmsgs?</span><br />
<span class="irc-date">[21:10]</span> <span class="irc-black">&lt;atinm&gt; gdanko: repo sync works now</span><br />
<span class="irc-date">[21:12]</span> <span class="irc-black">&lt;codeworkx&gt; updating cmsgs right now</span><br />
<span class="irc-date">[21:12]</span> <span class="irc-black">&lt;codeworkx&gt; you should have a look at <a href="https://github.com/cmsgs/android_device_samsung_galaxys">https://github.com/cmsgs/android_device_samsung_galaxys</a></span><br />
<span class="irc-date">[21:12]</span> <span class="irc-black">&lt;codeworkx&gt; and <a href="https://github.com/codeworkx/proprietary_vendor_samsung/tree/froyo/GT-I9000/">https://github.com/codeworkx/proprietary_vendor_samsung/tree/froyo/GT-I9000/</a></span><br />
<span class="irc-date">[21:13]</span> <span class="irc-black">&lt;codeworkx&gt; vendor blobs</span><br />
<span class="irc-date">[21:13]</span> <span class="irc-black">&lt;atinm&gt; k</span><br />
<span class="irc-date">[21:13]</span> <span class="irc-black">&lt;dasunsrule32&gt; Ok</span><br />
<span class="irc-date">[21:15]</span> <span class="irc-black">&lt;atinm&gt; f! missing something else now</span><br />
<span class="irc-date">[21:17]</span> <span class="irc-black">&lt;codeworkx&gt; ?</span><br />
<span class="irc-date">[21:18]</span> <span class="irc-black">&lt;atinm&gt; nvidia_harmony</span><br />
<span class="irc-date">[21:18]</span> <span class="irc-black">&lt;atinm&gt; from our manifest</span><br />
<span class="irc-date">[21:19]</span> <span class="irc-black">&lt;atinm&gt; lunch cyanogen_captivate-eng complained. fixed . . .</span><br />
<span class="irc-date">[21:19]</span> <span class="irc-black">&lt;atinm&gt; so need another repo sync</span><br />
<span class="irc-date">[21:20]</span> <span class="irc-black">&lt;atinm&gt; hopefully have everything now</span><br />
<span class="irc-date">[21:21]</span> <span class="irc-black">&lt;codeworkx&gt; coolya/android_system_hardware_gps_nmea</span><br />
<span class="irc-date">[21:21]</span> <span class="irc-black">&lt;codeworkx&gt; now it should be complete</span><br />
<span class="irc-date">[21:23]</span> <span class="irc-black">&lt;gdanko&gt; atinm: cmsgs or codeworkx?</span><br />
<span class="irc-date">[21:23]</span> <span class="irc-black">&lt;atinm&gt; cmsgs</span><br />
<span class="irc-date">[21:23]</span> <span class="irc-black">&lt;codeworkx&gt; cmsgs</span><br />
<span class="irc-date">[21:23]</span> <span class="irc-black">&lt;gdanko&gt; ok</span><br />
<span class="irc-date">[21:23]</span> <span class="irc-black">&lt;gdanko&gt; i will try shortly</span><br />
<span class="irc-date">[21:26]</span> <span class="irc-black">&lt;gdanko&gt; how many changes has CM masde to frameworks?</span><br />
<span class="irc-date">[21:27]</span> <span class="irc-black">&lt;codeworkx&gt; hmm. some ;-)</span><br />
<span class="irc-date">[21:27]</span> <span class="irc-black">&lt;gdanko&gt; designgears says it is a lot</span><br />
<span class="irc-date">[21:27]</span> <span class="irc-black">&lt;codeworkx&gt; framworks/base is updated every day</span><br />
<span class="irc-date">[21:28]</span> <span class="irc-black">&lt;gdanko&gt; sure but is it a large number of changes the way samsung has made?</span><br />
<span class="irc-date">[21:28]</span> <span class="irc-black">&lt;codeworkx&gt; yes</span><br />
<span class="irc-date">[21:28]</span> <span class="irc-black">&lt;gdanko&gt; what do the changes do?</span><br />
<span class="irc-date">[21:28]</span> <span class="irc-black">&lt;codeworkx&gt; ril, touchwiz, internal sdcard, camera and so on</span><br />
<span class="irc-date">[21:29]</span> <span class="irc-black">&lt;gdanko&gt; just in general.. not specific to sgs</span><br />
<span class="irc-date">[21:29]</span> <span class="irc-black">&lt;codeworkx&gt; i think partialy</span><br />
<span class="irc-date">[21:30]</span> <span class="irc-black">&lt;codeworkx&gt; e.g. they've hacked video calling in</span><br />
<span class="irc-date">[21:30]</span> <span class="irc-black">&lt;gdanko&gt; the cmsgs frameworks changes are to fix the stuff that samsung hused up though, tight?</span><br />
<span class="irc-date">[21:30]</span> <span class="irc-black">&lt;gdanko&gt; right</span><br />
<span class="irc-date">[21:30]</span> <span class="irc-black">&lt;codeworkx&gt; yes</span><br />
<span class="irc-date">[21:30]</span> <span class="irc-black">&lt;gdanko&gt; but we're not fundamentally changing the way it works</span><br />
<span class="irc-date">[21:30]</span> <span class="irc-black">&lt;codeworkx&gt; no</span><br />
<span class="irc-date">[21:30]</span> <span class="irc-black">&lt;gdanko&gt; DG is nuts then :))</span><br />
<span class="irc-date">[21:30]</span> <span class="irc-black">&lt;codeworkx&gt; partialy</span><br />
<span class="irc-date">[21:30]</span> <span class="irc-black">&lt;codeworkx&gt; coolya has rewritten some ril stuff</span><br />
<span class="irc-date">[21:31]</span> <span class="irc-black">&lt;codeworkx&gt; but you cannot change things, you've no sources for</span><br />
<span class="irc-date">[21:31]</span> <span class="irc-black">&lt;gdanko&gt; i need to learn java, dang it.</span><br />
<span class="irc-date">[21:31]</span> <span class="irc-black">&lt;gdanko&gt; right</span><br />
<span class="irc-date">[21:31]</span> <span class="irc-black">&lt;coolya&gt; hopfully i can send the pull request for the ril things tomorrow</span><br />
<span class="irc-date">[21:31]</span> <span class="irc-black">&lt;codeworkx&gt; every file u have to use from samsung is a bad file ;-)</span><br />
<span class="irc-date">[21:31]</span> <span class="irc-black">&lt;gdanko&gt; no argument</span><br />
<span class="irc-date">[21:31]</span> <span class="irc-black">&lt;gdanko&gt; if the stock ramdisk has no ril arguments, where did samsung put em?</span><br />
<span class="irc-date">[21:32]</span> <span class="irc-black">&lt;coolya&gt; in the props</span><br />
<span class="irc-date">[21:32]</span> <span class="irc-black">&lt;codeworkx&gt; build.prop</span><br />
<span class="irc-date">[21:32]</span> <span class="irc-black">&lt;gdanko&gt; and we moved them to ramdisk?</span><br />
<span class="irc-date">[21:33]</span> <span class="irc-black">&lt;coolya&gt; yes</span><br />
<span class="irc-date">[21:33]</span> <span class="irc-black">&lt;coolya&gt; we had strange problems when it was in props</span><br />
<span class="irc-date">[21:33]</span> <span class="irc-black">&lt;coolya&gt; rild did not detect them right</span><br />
<span class="irc-date">[21:34]</span> <span class="irc-black">&lt;gdanko&gt; that makes sense</span><br />
<span class="irc-date">[21:35]</span> <span class="irc-black">&lt;codeworkx&gt; if you get compile errors pleaso logcat</span><br />
<span class="irc-date">[21:35]</span> <span class="irc-black">&lt;codeworkx&gt; pastebin xD</span><br />
<span class="irc-date">[21:39]</span> <span class="irc-black">&lt;gdanko&gt; i will, once code is sync'd</span><br />
<span class="irc-date">[21:44]</span> <span class="irc-black">&lt;atinm&gt; I'm still working on it - merges and shit from CM.</span><br />
<span class="irc-date">[21:44]</span> <span class="irc-black">&lt;atinm&gt; thedood managed to lose the cyanogen_captivate,epic,fascinate,galaxys from AndroidProducts.mk :)</span><br />
<span class="irc-date">[21:44]</span> <span class="irc-black">&lt;atinm&gt; during the merge</span><br />
<span class="irc-date">[21:46]</span> <span class="irc-black">&lt;atinm&gt; gdanko: ok - you should be able to repo sync and lunch now</span><br />
<span class="irc-date">[21:47]</span> <span class="irc-black">&lt;atinm&gt; running the make now - so will be done by tomorrow . . .</span><br />
<span class="irc-date">[21:47]</span> <span class="irc-navy">* magote (~magoteI90@a79-169-106-110.cpe.netcabo.pt) Quit ()</span><br />
<span class="irc-date">[21:48]</span> <span class="irc-black">&lt;atinm&gt; (I'm talking about cmsgs only - codeworkx has forked his repos for cmsgs and so that's where I'd like us to work and merge stuff that is missing)</span><br />
<span class="irc-date">[21:50]</span> <span class="irc-black">&lt;codeworkx&gt; one day i fixed wifi, next day we fixed tethering and after that i've broken xD</span><br />
<span class="irc-date">[21:51]</span> <span class="irc-green">* jt1134 (~jt1134@c-71-207-226-80.hsd1.al.comcast.net) has joined this channel.</span><br />
<span class="irc-date">[21:51]</span> <span class="irc-black">&lt;gdanko&gt; ok i am finishing the sync</span><br />
<span class="irc-date">[21:53]</span> <span class="irc-black">&lt;gdanko&gt; I updated BoardConfig.mk so hopefully I won't have issues.</span><br />
<span class="irc-date">[21:56]</span> <span class="irc-black">&lt;gdanko&gt; ok here we go</span><br />
<span class="irc-date">[21:58]</span> <span class="irc-black">&lt;coolya&gt; what cpu hase your mashine ?</span><br />
