<span class="irc-date">[0:03]</span> <span class="irc-black">&lt;gdanko&gt; damn you codeworkx :P</span><br />
<span class="irc-date">[0:05]</span> <span class="irc-navy">* gdanko (~gdanko@66-162-32-185.static.twtelecom.net) Quit (Quit: This computer has gone to sleep)</span><br />
<span class="irc-date">[0:15]</span> <span class="irc-black">&lt;GuiPer&gt; well tethering is closer :(</span><br />
<span class="irc-date">[0:16]</span> <span class="irc-black">&lt;GuiPer&gt; et = ioctl(mSock, fnum, &amp;wrq);</span><br />
<span class="irc-date">[0:16]</span> <span class="irc-black">&lt;GuiPer&gt; this shit is returning -1 :(</span><br />
<span class="irc-date">[0:22]</span> <span class="irc-green">* Kaik541 (~nertz@cpe-174-111-246-012.triad.res.rr.com) has joined this channel.</span><br />
<span class="irc-date">[0:25]</span> <span class="irc-navy">* GuiPer (~GuiPer@26.Red-79-152-182.dynamicIP.rima-tde.net) Quit (Ping timeout: 245 seconds)</span><br />
<span class="irc-date">[0:44]</span> <span class="irc-green">* thedeanius (~dean@c-24-2-24-87.hsd1.mo.comcast.net) has joined this channel.</span><br />
<span class="irc-date">[1:04]</span> <span class="irc-green">* jeagoss (jef@i.kanged.kingklick.org) has joined this channel.</span><br />
<span class="irc-date">[1:47]</span> <span class="irc-black">&lt;thedood&gt; jeagoss: hi hi, oh hi</span><br />
<span class="irc-date">[2:21]</span> <span class="irc-black">&lt;thedood&gt; thedeanius: yamon?</span><br />
<span class="irc-date">[2:21]</span> <span class="irc-black">&lt;thedeanius&gt; eh?</span><br />
<span class="irc-date">[2:22]</span> <span class="irc-black">&lt;thedood&gt; er?</span><br />
<span class="irc-date">[2:25]</span> <span class="irc-green">* forcystos (~forcystos@adsl-85-40-239.mco.bellsouth.net) has joined this channel.</span><br />
<span class="irc-date">[2:31]</span> <span class="irc-navy">* forcystos (~forcystos@adsl-85-40-239.mco.bellsouth.net) Quit (Quit: Bye)</span><br />
<span class="irc-date">[2:37]</span> <span class="irc-green">* forcystos (625528ef@gateway/web/freenode/ip.98.85.40.239) has joined this channel.</span><br />
<span class="irc-date">[2:41]</span> <span class="irc-black">&lt;thedood&gt; story of my life</span><br />
<span class="irc-date">[2:43]</span> <span class="irc-black">&lt;noobnl&gt; thedood</span><br />
<span class="irc-date">[2:44]</span> <span class="irc-black">&lt;noobnl&gt;  can you access the admin of cmsgs</span><br />
<span class="irc-date">[2:44]</span> <span class="irc-black">&lt;thedood&gt; ha</span><br />
<span class="irc-date">[2:44]</span> <span class="irc-black">&lt;thedood&gt; i can't access SHIT at the moment</span><br />
<span class="irc-date">[2:44]</span> <span class="irc-black">&lt;thedood&gt; my dev laptop won't boot</span><br />
<span class="irc-date">[2:44]</span> <span class="irc-black">&lt;noobnl&gt; oh</span><br />
<span class="irc-date">[2:44]</span> <span class="irc-black">&lt;noobnl&gt; sorry</span><br />
<span class="irc-date">[2:44]</span> <span class="irc-black">&lt;thedood&gt; yeah</span><br />
<span class="irc-date">[2:44]</span> <span class="irc-black">&lt;thedood&gt; like as of 10 minutes ago</span><br />
<span class="irc-date">[2:44]</span> <span class="irc-black">&lt;thedood&gt; my only other ssh key is on my work machine</span><br />
<span class="irc-date">[2:44]</span> <span class="irc-black">&lt;noobnl&gt;  bbut your an it guy!? fix it!</span><br />
<span class="irc-date">[2:45]</span> <span class="irc-black">&lt;thedood&gt; sure</span><br />
<span class="irc-date">[2:45]</span> <span class="irc-black">&lt;thedood&gt; when i don't have to leave for home in 30 minutes</span><br />
<span class="irc-date">[2:45]</span> <span class="irc-black">&lt;thedood&gt; home as in kentucky</span><br />
<span class="irc-date">[2:45]</span> <span class="irc-black">&lt;noobnl&gt; forcystos is my successor</span><br />
<span class="irc-date">[2:46]</span> <span class="irc-black">&lt;noobnl&gt;  i think he will be maintaining it</span><br />
<span class="irc-date">[2:46]</span> <span class="irc-black">&lt;forcystos&gt; it's not like you're gonna die lol</span><br />
<span class="irc-date">[2:46]</span> <span class="irc-black">&lt;thedood&gt; oh</span><br />
<span class="irc-date">[2:46]</span> <span class="irc-black">&lt;noobnl&gt; lol</span><br />
<span class="irc-date">[2:46]</span> <span class="irc-black">&lt;thedood&gt; i can get in via web</span><br />
<span class="irc-date">[2:46]</span> <span class="irc-black">&lt;thedood&gt; i just can't push code</span><br />
<span class="irc-date">[2:46]</span> <span class="irc-black">&lt;noobnl&gt; ok</span><br />
<span class="irc-date">[2:47]</span> <span class="irc-black">&lt;thedood&gt; at least, i think</span><br />
<span class="irc-date">[2:47]</span> <span class="irc-black">&lt;thedood&gt; but i still have to get ready to leave</span><br />
<span class="irc-date">[2:47]</span> <span class="irc-black">&lt;forcystos&gt; I'm not in a hurry though, it's not like I have something to push atm</span><br />
<span class="irc-date">[2:47]</span> <span class="irc-black">&lt;thedood&gt; but forcystos just gtalk me thedudesandroid@gmail.com if you need anything tomorrow after 6am when i get to ky</span><br />
<span class="irc-date">[2:47]</span> <span class="irc-black">&lt;thedood&gt; cool</span><br />
<span class="irc-date">[2:48]</span> <span class="irc-black">&lt;thedood&gt; i broked my computer</span><br />
<span class="irc-date">[2:48]</span> <span class="irc-navy">* wArri (~dave.will@rrcs-72-45-254-78.nys.biz.rr.com) Quit (Ping timeout: 255 seconds)</span><br />
<span class="irc-date">[2:49]</span> <span class="irc-black">&lt;noobnl&gt; maybe my  vendor is too perfect :P forcystos</span><br />
<span class="irc-date">[2:49]</span> <span class="irc-black">&lt;thedood&gt; eloel</span><br />
<span class="irc-date">[2:54]</span> <span class="irc-green">* wArri (~dave.will@rrcs-72-45-254-78.nys.biz.rr.com) has joined this channel.</span><br />
<span class="irc-date">[2:56]</span> <span class="irc-navy">* jeagoss (jef@i.kanged.kingklick.org) Quit (Quit: leaving)</span><br />
<span class="irc-date">[3:04]</span> <span class="irc-navy">* forcystos (625528ef@gateway/web/freenode/ip.98.85.40.239) Quit (Quit: Page closed)</span><br />
<span class="irc-date">[3:09]</span> <span class="irc-black">&lt;thedood&gt; ever*</span><br />
<span class="irc-date">[3:26]</span> <span class="irc-navy">* thedeanius (~dean@c-24-2-24-87.hsd1.mo.comcast.net) Quit (Quit: thedeanius)</span><br />
<span class="irc-date">[3:36]</span> <span class="irc-navy">* neldar (~neldar@dsl-217-166-102.pool.bitel.net) Quit (Quit: Leaving.)</span><br />
<span class="irc-date">[4:10]</span> <span class="irc-green">* thedeanius (~dean@c-24-2-24-87.hsd1.mo.comcast.net) has joined this channel.</span><br />
<span class="irc-date">[4:40]</span> <span class="irc-green">* ciwrl|away is now known as ciwrl</span><br />
<span class="irc-date">[4:43]</span> <span class="irc-green">* skeeter|away is now known as skeeterslint</span><br />
<span class="irc-date">[4:45]</span> <span class="irc-navy">* noobnl (noob@unaffiliated/noobnl) Quit ()</span><br />
<span class="irc-date">[4:45]</span> <span class="irc-navy">* thedeanius (~dean@c-24-2-24-87.hsd1.mo.comcast.net) Quit (Quit: thedeanius)</span><br />
<span class="irc-date">[4:47]</span> <span class="irc-green">* jeagoss (jef@i.kanged.kingklick.org) has joined this channel.</span><br />
<span class="irc-date">[4:56]</span> <span class="irc-green">* ciwrl is now known as ciwrl|Chuck</span><br />
<span class="irc-date">[5:14]</span> <span class="irc-green">* jt1134 is now known as jt|cigBRB</span><br />
<span class="irc-date">[5:18]</span> <span class="irc-navy">* coolya (~kolja@xdslca103.osnanet.de) Quit (Ping timeout: 265 seconds)</span><br />
<span class="irc-date">[5:31]</span> <span class="irc-green">* coolya (~kolja@xdslca223.osnanet.de) has joined this channel.</span><br />
<span class="irc-date">[5:48]</span> <span class="irc-green">* ciwrl|Chuck is now known as ciwrl|Dexter</span><br />
<span class="irc-date">[6:14]</span> <span class="irc-navy">* coolya (~kolja@xdslca223.osnanet.de) Quit (Quit: Leaving.)</span><br />
<span class="irc-date">[6:51]</span> <span class="irc-navy">* Kaik541 (~nertz@cpe-174-111-246-012.triad.res.rr.com) Quit (Quit: Leaving)</span><br />
<span class="irc-date">[6:53]</span> <span class="irc-green">* ciwrl|Dexter is now known as ciwrl|dead</span><br />
<span class="irc-date">[7:31]</span> <span class="irc-green">* GuiPer (~GuiPer@26.Red-79-152-182.dynamicIP.rima-tde.net) has joined this channel.</span><br />
<span class="irc-date">[7:45]</span> <span class="irc-navy">* GuiPer (~GuiPer@26.Red-79-152-182.dynamicIP.rima-tde.net) Quit (Ping timeout: 245 seconds)</span><br />
<span class="irc-date">[9:54]</span> <span class="irc-green">* noobnl (noob@host-174-22-220-24.midco.net) has joined this channel.</span><br />
<span class="irc-date">[9:54]</span> <span class="irc-navy">* noobnl (noob@host-174-22-220-24.midco.net) Quit (Changing host)</span><br />
<span class="irc-date">[9:54]</span> <span class="irc-green">* noobnl (noob@unaffiliated/noobnl) has joined this channel.</span><br />
<span class="irc-date">[9:58]</span> <span class="irc-green">* ciwrl|dead is now known as ciwrl|away</span><br />
<span class="irc-date">[10:31]</span> <span class="irc-green">* noobnl0 (~noob@host-174-22-220-24.midco.net) has joined this channel.</span><br />
<span class="irc-date">[10:31]</span> <span class="irc-navy">* noobnl0 (~noob@host-174-22-220-24.midco.net) Quit (Changing host)</span><br />
<span class="irc-date">[10:31]</span> <span class="irc-green">* noobnl0 (~noob@unaffiliated/noobnl) has joined this channel.</span><br />
<span class="irc-date">[10:31]</span> <span class="irc-green">* skeeterslint is now known as skeeters|zzz</span><br />
<span class="irc-date">[10:35]</span> <span class="irc-navy">* noobnl (noob@unaffiliated/noobnl) Quit (Ping timeout: 245 seconds)</span><br />
<span class="irc-date">[10:35]</span> <span class="irc-green">* noobnl0 is now known as noobnl</span><br />
<span class="irc-date">[10:50]</span> <span class="irc-navy">* wArri (~dave.will@rrcs-72-45-254-78.nys.biz.rr.com) Quit (Read error: Connection reset by peer)</span><br />
<span class="irc-date">[10:50]</span> <span class="irc-green">* wArri (~dave.will@rrcs-72-45-254-78.nys.biz.rr.com) has joined this channel.</span><br />
<span class="irc-date">[11:12]</span> <span class="irc-green">* birdman (~bird@24.246.130.106) has joined this channel.</span><br />
<span class="irc-date">[12:16]</span> <span class="irc-navy">* ciwrl|away (~ciwrl@pool-96-255-50-226.washdc.fios.verizon.net) Quit ()</span><br />
<span class="irc-date">[13:08]</span> <span class="irc-green">* atinm (~atin@unaffiliated/atinm) has left this channel.</span><br />
<span class="irc-date">[13:50]</span> <span class="irc-green">* gdanko (~gdanko@66-162-32-185.static.twtelecom.net) has joined this channel.</span><br />
<span class="irc-date">[13:53]</span> <span class="irc-black">&lt;gdanko&gt; Howdy</span><br />
<span class="irc-date">[14:00]</span> <span class="irc-black">&lt;cob&gt; lo</span><br />
<span class="irc-date">[14:11]</span> <span class="irc-black">&lt;gdanko&gt; How's it going, cob?</span><br />
<span class="irc-date">[14:20]</span> <span class="irc-green">* atinm (~amalaviya@unaffiliated/atinm) has joined this channel.</span><br />
<span class="irc-date">[14:20]</span> <span class="irc-green">* ChanServ sets mode +o atinm</span><br />
<span class="irc-date">[14:21]</span> <span class="irc-black">&lt;atinm&gt; guess I should start paying attention again to what we're doing here! I've been too busy on work and home buying front!</span><br />
<span class="irc-date">[14:21]</span> <span class="irc-black">&lt;gdanko&gt; How is that going, atinm?</span><br />
<span class="irc-date">[14:21]</span> <span class="irc-black">&lt;atinm&gt; good - closing middle of next month</span><br />
<span class="irc-date">[14:22]</span> <span class="irc-black">&lt;atinm&gt; dealing with architects and contractors now</span><br />
<span class="irc-date">[14:22]</span> <span class="irc-black">&lt;gdanko&gt; I am re-repo-syncing. I got build errors because of codeworkx's bootable/recovery. thedood suggested I should not use his and pull CM's instead.</span><br />
<span class="irc-date">[14:22]</span> <span class="irc-black">&lt;atinm&gt; since we want to do some remodeling before we move in</span><br />
<span class="irc-date">[14:22]</span> <span class="irc-black">&lt;gdanko&gt; Congratulations, my friend.</span><br />
<span class="irc-date">[14:22]</span> <span class="irc-black">&lt;gdanko&gt; atinm: Ever buy a home before?</span><br />
<span class="irc-date">[14:22]</span> <span class="irc-black">&lt;atinm&gt; yeah</span><br />
<span class="irc-date">[14:22]</span> <span class="irc-black">&lt;atinm&gt; this is second</span><br />
<span class="irc-date">[14:22]</span> <span class="irc-black">&lt;atinm&gt; second time</span><br />
<span class="irc-date">[14:22]</span> <span class="irc-black">&lt;atinm&gt; so I know the pain :)</span><br />
<span class="irc-date">[14:22]</span> <span class="irc-black">&lt;gdanko&gt; We bought one in '05 during the peak of the market. Now it's worth 120k less than we owe. We're renting it out just to break even.</span><br />
<span class="irc-date">[14:22]</span> <span class="irc-black">&lt;gdanko&gt; Yes. it is a pain.</span><br />
<span class="irc-date">[14:23]</span> <span class="irc-black">&lt;atinm&gt; not looking forward to the work that homes require - we sold our last one when we moved to Seattle and have been renting since we came back to the Boston area</span><br />
<span class="irc-date">[14:23]</span> <span class="irc-black">&lt;atinm&gt; and had happily forgotten about all the work!</span><br />
<span class="irc-date">[14:23]</span> <span class="irc-black">&lt;gdanko&gt; We got our current home in Feb 2009. 404k for 3,000 square feet in Southern CA.</span><br />
<span class="irc-date">[14:23]</span> <span class="irc-black">&lt;atinm&gt; wow!</span><br />
<span class="irc-date">[14:23]</span> <span class="irc-black">&lt;atinm&gt; I didn't think anything came in under a million :)</span><br />
<span class="irc-date">[14:23]</span> <span class="irc-black">&lt;gdanko&gt; Our previous home is ~50 years old and we put a fair amount into it.</span><br />
<span class="irc-date">[14:23]</span> <span class="irc-black">&lt;atinm&gt; for that square footage</span><br />
<span class="irc-date">[14:24]</span> <span class="irc-black">&lt;gdanko&gt; Oh that was true years ago.</span><br />
<span class="irc-date">[14:24]</span> <span class="irc-black">&lt;gdanko&gt; Now the prices tanked, plus we got 4.25 fixed :)</span><br />
<span class="irc-date">[14:24]</span> <span class="irc-black">&lt;atinm&gt; I don't even want to say how much we're spending!</span><br />
<span class="irc-date">[14:24]</span> <span class="irc-black">&lt;gdanko&gt; Fess up!</span><br />
<span class="irc-date">[14:24]</span> <span class="irc-black">&lt;atinm&gt; and that doesn't even include the remodel!</span><br />
<span class="irc-date">[14:25]</span> <span class="irc-black">&lt;gdanko&gt; Ever been to Balboa Park in San Diego?</span><br />
<span class="irc-date">[14:25]</span> <span class="irc-black">&lt;gdanko&gt; eeeeyikes</span><br />
<span class="irc-date">[14:26]</span> <span class="irc-black">&lt;atinm&gt; so there is an issue with recovery?</span><br />
<span class="irc-date">[14:26]</span> <span class="irc-black">&lt;gdanko&gt; Well</span><br />
<span class="irc-date">[14:26]</span> <span class="irc-black">&lt;gdanko&gt; Here's my history.</span><br />
<span class="irc-date">[14:27]</span> <span class="irc-black">&lt;gdanko&gt; I had busted radio</span><br />
<span class="irc-date">[14:27]</span> <span class="irc-black">&lt;atinm&gt; I know we went from my version to the standard CM version on cmsgs repos</span><br />
<span class="irc-date">[14:27]</span> <span class="irc-black">&lt;gdanko&gt; And I noticed I had two rild arg entries in build.prop.. One busted and one not.</span><br />
<span class="irc-date">[14:27]</span> <span class="irc-black">&lt;gdanko&gt; For some reason, full_captivate had a second entry... I've since fixed that.</span><br />
<span class="irc-date">[14:27]</span> <span class="irc-black">&lt;gdanko&gt; I repo sync'd</span><br />
<span class="irc-date">[14:27]</span> <span class="irc-black">&lt;atinm&gt; ok</span><br />
<span class="irc-date">[14:27]</span> <span class="irc-black">&lt;gdanko&gt; And then got tons of bootable recovery errors</span><br />
<span class="irc-date">[14:28]</span> <span class="irc-black">&lt;gdanko&gt; thedood said use CM's recovery</span><br />
<span class="irc-date">[14:28]</span> <span class="irc-black">&lt;gdanko&gt; but in the manifest.xml, codeworkx</span><br />
<span class="irc-date">[14:28]</span> <span class="irc-black">&lt;atinm&gt; I think our repos now point to CM's recovery</span><br />
<span class="irc-date">[14:28]</span> <span class="irc-black">&lt;gdanko&gt; is listed for that</span><br />
<span class="irc-date">[14:28]</span> <span class="irc-black">&lt;atinm&gt; oh</span><br />
<span class="irc-date">[14:28]</span> <span class="irc-black">&lt;atinm&gt; it changed?</span><br />
<span class="irc-date">[14:28]</span> <span class="irc-black">&lt;atinm&gt; brb, let me check</span><br />
<span class="irc-date">[14:28]</span> <span class="irc-green">* neldar (~neldar@dsl-217-172-110.pool.bitel.net) has joined this channel.</span><br />
<span class="irc-date">[14:28]</span> <span class="irc-black">&lt;- *neldar* Bot Sentry eingeschalten:  Sie werden jetzt ignoriert!  Ihre Nachricht wird übermittelt wenn sie die folgenden Fragen innerhalb von 10 Minuten richtig beantworten:  Wie buchstabieren sie das Ergebnis (Zahl) aus 10 geteilt durch zwei?</span><br />
<span class="irc-date">[14:28]</span> <span class="irc-black">&lt;gdanko&gt; so then when I repo sync I was also getting some coolya gps error</span><br />
<span class="irc-date">[14:28]</span> <span class="irc-black">&lt;atinm&gt; I thought we'd just gone from my repo to CM's.</span><br />
<span class="irc-date">[14:28]</span> <span class="irc-black">&lt;gdanko&gt; I blasted the whole thing and I am pulling it down fresh</span><br />
<span class="irc-date">[14:29]</span> <span class="irc-black">&lt;gdanko&gt; that what thedood mentioned but I was still pulling code's</span><br />
<span class="irc-date">[14:29]</span> <span class="irc-black">&lt;gdanko&gt; so let me sync fresh and see what the manifest says</span><br />
<span class="irc-date">[14:29]</span> <span class="irc-black">&lt;atinm&gt; &lt;project path="bootable/recovery" name="CyanogenMod/android_bootable_recovery" remote="github" /&gt;</span><br />
<span class="irc-date">[14:29]</span> <span class="irc-black">&lt;atinm&gt; it looks like it is going to CM now</span><br />
<span class="irc-date">[14:29]</span> <span class="irc-black">&lt;atinm&gt; yeah</span><br />
<span class="irc-date">[14:29]</span> <span class="irc-black">&lt;gdanko&gt; whew</span><br />
<span class="irc-date">[14:29]</span> <span class="irc-black">&lt;gdanko&gt; ok in 6 hours after the sync I will let you know ;)</span><br />
<span class="irc-date">[14:29]</span> <span class="irc-black">&lt;atinm&gt; repo sync</span><br />
<span class="irc-date">[14:29]</span> <span class="irc-black">&lt;atinm&gt; lol :)</span><br />
<span class="irc-date">[14:29]</span> <span class="irc-black">&lt;gdanko&gt; yeap.. doing a fresh sync</span><br />
<span class="irc-date">[14:29]</span> <span class="irc-black">&lt;atinm&gt; yeah . . . I am so far behind, it'll take me all day today to repo sync too</span><br />
<span class="irc-date">[14:30]</span> <span class="irc-black">&lt;gdanko&gt; atinm: I had the bad boy working but only if i didnt whack my caches.</span><br />
<span class="irc-date">[14:30]</span> <span class="irc-black">&lt;atinm&gt; got my home machine set up so I can get at it via dyndns now</span><br />
<span class="irc-date">[14:30]</span> <span class="irc-black">&lt;atinm&gt; so I can let the repo sync go while I'm working..</span><br />
<span class="irc-date">[14:30]</span> <span class="irc-black">&lt;gdanko&gt; If I factory wipe i'd be stuck on the ATT screen because of some errors.</span><br />
<span class="irc-date">[14:30]</span> <span class="irc-black">&lt;atinm&gt; I saw that yesterday - you and unhelpful were talking about the caches</span><br />
<span class="irc-date">[14:30]</span> <span class="irc-black">&lt;gdanko&gt; yeap... it'll be another 45 min or so</span><br />
<span class="irc-date">[14:31]</span> <span class="irc-black">&lt;gdanko&gt; well i put in full_captivate that option thedood brought up</span><br />
<span class="irc-date">[14:31]</span> <span class="irc-black">&lt;atinm&gt; but haven't solved the wipe cache issue yet?</span><br />
<span class="irc-date">[14:31]</span> <span class="irc-black">&lt;gdanko&gt; not yet.. trying a new build today</span><br />
<span class="irc-date">[14:31]</span> <span class="irc-black">&lt;atinm&gt; (I'm out of touch - so need to catch up ...)</span><br />
<span class="irc-date">[14:31]</span> <span class="irc-black">&lt;atinm&gt; ok</span><br />
<span class="irc-date">[14:31]</span> <span class="irc-black">&lt;gdanko&gt; we really need to put the things that are common across all SGS devices in one place</span><br />
<span class="irc-date">[14:32]</span> <span class="irc-black">&lt;gdanko&gt; then have the device-specific stuff in their areas.. eg; if all phones need the egl libs, put them in a common spot</span><br />
<span class="irc-date">[14:32]</span> <span class="irc-black">&lt;atinm&gt; yes. and I am having trouble with some things being branches and others not.</span><br />
<span class="irc-date">[14:32]</span> <span class="irc-black">&lt;gdanko&gt; makes it less likely for the different device trees to get out of sync</span><br />
<span class="irc-date">[14:32]</span> <span class="irc-black">&lt;gdanko&gt; Unhelpful mentioned that and I fully agree</span><br />
<span class="irc-date">[14:32]</span> <span class="irc-black">&lt;gdanko&gt; We also need a test case to be performed after each new rev</span><br />
<span class="irc-date">[14:33]</span> <span class="irc-black">&lt;gdanko&gt; Test the major/minor items</span><br />
<span class="irc-date">[14:33]</span> <span class="irc-black">&lt;atinm&gt; ok, when unhelpful comes awake, lets discuss. I know wes had created the code.googlepages thing but is anyone using it?</span><br />
<span class="irc-date">[14:33]</span> <span class="irc-black">&lt;atinm&gt; or should we be creating our own bugzilla or something?</span><br />
<span class="irc-date">[14:33]</span> <span class="irc-black">&lt;gdanko&gt; well I don't know. I've been in the same boat, preparing for my new baby.</span><br />
<span class="irc-date">[14:33]</span> <span class="irc-black">&lt;gdanko&gt; And Thanksgiving.</span><br />
<span class="irc-date">[14:34]</span> <span class="irc-black">&lt;atinm&gt; yeah - we need you to finish before the baby ;)</span><br />
<span class="irc-date">[14:34]</span> <span class="irc-black">&lt;gdanko&gt; hahahaha</span><br />
<span class="irc-date">[14:34]</span> <span class="irc-black">&lt;atinm&gt; <a href="http://code.google.com/p/cmsgsteam/issues/list">http://code.google.com/p/cmsgsteam/issues/list</a></span><br />
<span class="irc-date">[14:35]</span> <span class="irc-black">&lt;atinm&gt; need to talk to wesgarner to give us all access.</span><br />
<span class="irc-date">[14:35]</span> <span class="irc-black">&lt;atinm&gt; I can't seem to create anything there</span><br />
<span class="irc-date">[14:35]</span> <span class="irc-black">&lt;atinm&gt; oh wait, now I can.</span><br />
<span class="irc-date">[14:35]</span> <span class="irc-black">&lt;gdanko&gt; Does anyone know how to dissect boot.bin in a safe manner?</span><br />
<span class="irc-date">[14:36]</span> <span class="irc-black">&lt;atinm&gt; not me..</span><br />
<span class="irc-date">[14:36]</span> <span class="irc-black">&lt;atinm&gt; back in a bit</span><br />
<span class="irc-date">[14:36]</span> <span class="irc-black">&lt;atinm&gt; going to do some resyncs</span><br />
<span class="irc-date">[14:36]</span> <span class="irc-black">&lt;gdanko&gt; ok</span><br />
<span class="irc-date">[14:36]</span> <span class="irc-black">&lt;gdanko&gt; yep back to my flowchart</span><br />
<span class="irc-date">[14:37]</span> <span class="irc-black">&lt;nitam|work&gt; and work . . .</span><br />
<span class="irc-date">[14:39]</span> <span class="irc-black">&lt;Unhelpful&gt; gdanko: need a nice debugger for ARM. IDA is pretty popular. afaik no safe way to test modifications.</span><br />
<span class="irc-date">[14:45]</span> <span class="irc-green">* GuiPer (~GuiPer@79.152.182.26) has joined this channel.</span><br />
<span class="irc-date">[14:45]</span> <span class="irc-black">&lt;gdanko&gt; Damn AT&amp;T :)</span><br />
<span class="irc-date">[14:54]</span> <span class="irc-black">&lt;gdanko&gt; &lt;project path="bootable/recovery" name="codeworkx/android_bootable_recovery" remote="github" /&gt;</span><br />
<span class="irc-date">[14:54]</span> <span class="irc-black">&lt;gdanko&gt; mnita|work: Which repo did you init? I am still getting codeworkx' stuff./</span><br />
