<span class="irc-date">[0:02]</span> <span class="irc-green">* aestil (63152f36@gateway/web/freenode/ip.99.21.47.54) has left this channel.</span><br />
<span class="irc-date">[0:02]</span> <span class="irc-black">&lt;rhcp_&gt; what do you mean?</span><br />
<span class="irc-date">[0:02]</span> <span class="irc-black">&lt;rhcp_&gt; how full of shit i am?</span><br />
<span class="irc-date">[0:03]</span> <span class="irc-black">&lt;rhcp_&gt; its the same phone as the galaxy S</span><br />
<span class="irc-date">[0:03]</span> <span class="irc-black">&lt;rhcp_&gt; only with a google stamp</span><br />
<span class="irc-date">[0:03]</span> <span class="irc-black">&lt;thedood&gt; 11:40  &lt;gdanko&gt; <a href="http://www.slashgear.com/samsung-galaxy-s2-i9200-tipped-2ghz-720p-super-amoled-display-and-more-0592814/">http://www.slashgear.com/samsung-galaxy-s2-i9200-tipped-2ghz-720p-super-amoled-display-and-more-0592814/</a></span><br />
<span class="irc-date">[0:03]</span> <span class="irc-black">&lt;thedood&gt; 11:40  &lt;gdanko&gt; yea</span><br />
<span class="irc-date">[0:03]</span> <span class="irc-black">&lt;magote&gt; codeworkx, are you merging the Multilanguage stuff from CM into your build? Only have 5 or 6 locales to choose on my phone, no love for the Portuguese people :P</span><br />
<span class="irc-date">[0:04]</span> <span class="irc-black">&lt;rhcp_&gt; thedood: what phone is that?</span><br />
<span class="irc-date">[0:04]</span> <span class="irc-black">&lt;magote&gt; I just can't believe how google can release a developer phone with closed source stuff :X</span><br />
<span class="irc-date">[0:04]</span> <span class="irc-black">&lt;rhcp_&gt; thats not the nexus S</span><br />
<span class="irc-date">[0:04]</span> <span class="irc-black">&lt;rhcp_&gt; thats for sure</span><br />
<span class="irc-date">[0:05]</span> <span class="irc-black">&lt;thedood&gt; yeah</span><br />
<span class="irc-date">[0:05]</span> <span class="irc-black">&lt;rhcp_&gt; so why are you saying im full of shit again?</span><br />
<span class="irc-date">[0:05]</span> <span class="irc-black">&lt;thedood&gt; nowhere in that article does it say i9200 == nexus s</span><br />
<span class="irc-date">[0:05]</span> <span class="irc-black">&lt;thedood&gt; yet</span><br />
<span class="irc-date">[0:05]</span> <span class="irc-black">&lt;thedood&gt; the 'leak' is a 9200</span><br />
<span class="irc-date">[0:05]</span> <span class="irc-black">&lt;rhcp_&gt; Yea</span><br />
<span class="irc-date">[0:05]</span> <span class="irc-black">&lt;rhcp_&gt; you do know they change names right?</span><br />
<span class="irc-date">[0:05]</span> <span class="irc-black">&lt;thedood&gt; omg</span><br />
<span class="irc-date">[0:06]</span> <span class="irc-black">&lt;thedood&gt; call me when you have something</span><br />
<span class="irc-date">[0:06]</span> <span class="irc-black">&lt;thedood&gt; i'll be waiting</span><br />
<span class="irc-date">[0:06]</span> <span class="irc-black">&lt;magote&gt; i've seen info somewhere that NS = I9020</span><br />
<span class="irc-date">[0:06]</span> <span class="irc-black">&lt;thedood&gt; <a href="http://www.gsmarena.com/samsung_i9020_aka_nexus_s_is_the_next_google_phone-news-2071.php">http://www.gsmarena.com/samsung_i9020_aka_nexus_s_is_the_next_google_phone-news-2071.php</a></span><br />
<span class="irc-date">[0:06]</span> <span class="irc-navy">* gdanko (~gdanko@66-162-32-185.static.twtelecom.net) Quit (Ping timeout: 245 seconds)</span><br />
<span class="irc-date">[0:06]</span> <span class="irc-black">&lt;rhcp_&gt; thats her</span><br />
<span class="irc-date">[0:07]</span> <span class="irc-black">&lt;thedood&gt; yep</span><br />
<span class="irc-date">[0:07]</span> <span class="irc-black">&lt;thedood&gt; the 9020</span><br />
<span class="irc-date">[0:07]</span> <span class="irc-black">&lt;thedood&gt; thanks for playing</span><br />
<span class="irc-date">[0:07]</span> <span class="irc-black">&lt;rhcp_&gt; what can i say. insider gives us firmware/ubi image saying "XXXXX" we leak</span><br />
<span class="irc-date">[0:07]</span> <span class="irc-black">&lt;thedood&gt; like i continue to say</span><br />
<span class="irc-date">[0:07]</span> <span class="irc-black">&lt;rhcp_&gt; as i said in posts</span><br />
<span class="irc-date">[0:07]</span> <span class="irc-black">&lt;rhcp_&gt; we can stop</span><br />
<span class="irc-date">[0:08]</span> <span class="irc-black">&lt;rhcp_&gt; and * may wait</span><br />
<span class="irc-date">[0:08]</span> <span class="irc-black">&lt;thedood&gt; leak something worth using</span><br />
<span class="irc-date">[0:08]</span> <span class="irc-black">&lt;rhcp_&gt; we leak all</span><br />
<span class="irc-date">[0:08]</span> <span class="irc-black">&lt;thedood&gt; or leak something accurate</span><br />
<span class="irc-date">[0:08]</span> <span class="irc-black">&lt;thedood&gt; or at least when you leak something label it correctly</span><br />
<span class="irc-date">[0:08]</span> <span class="irc-black">&lt;thedood&gt; but know what you're leaking</span><br />
<span class="irc-date">[0:08]</span> <span class="irc-black">&lt;rhcp_&gt; wasnt I</span><br />
<span class="irc-date">[0:08]</span> <span class="irc-black">&lt;rhcp_&gt; samfirmware labeled it</span><br />
<span class="irc-date">[0:08]</span> <span class="irc-black">&lt;thedood&gt; 9200</span><br />
<span class="irc-date">[0:08]</span> <span class="irc-green">* bickman2k (~bickman2k@c-69-254-232-26.hsd1.ks.comcast.net) has left this channel.</span><br />
<span class="irc-date">[0:08]</span> <span class="irc-black">&lt;thedood&gt; yeah</span><br />
<span class="irc-date">[0:08]</span> <span class="irc-black">&lt;thedood&gt; i don't have time for this</span><br />
<span class="irc-date">[0:08]</span> <span class="irc-black">&lt;thedood&gt; show me a 2.3 nexus s leak</span><br />
<span class="irc-date">[0:08]</span> <span class="irc-black">&lt;rhcp_&gt; nor do i</span><br />
<span class="irc-date">[0:08]</span> <span class="irc-black">&lt;thedood&gt; or quit bragging</span><br />
<span class="irc-date">[0:09]</span> <span class="irc-black">&lt;thedood&gt; that's all i'm saying</span><br />
<span class="irc-date">[0:09]</span> <span class="irc-black">&lt;rhcp_&gt; We will</span><br />
<span class="irc-date">[0:09]</span> <span class="irc-black">&lt;rhcp_&gt; soon enough</span><br />
<span class="irc-date">[0:09]</span> <span class="irc-black">&lt;thedood&gt; sure</span><br />
<span class="irc-date">[0:09]</span> <span class="irc-black">&lt;thedood&gt; next week</span><br />
<span class="irc-date">[0:09]</span> <span class="irc-black">&lt;thedood&gt; w00t</span><br />
<span class="irc-date">[0:09]</span> <span class="irc-black">&lt;thedood&gt; hall hail b0rk</span><br />
<span class="irc-date">[0:10]</span> <span class="irc-black">&lt;thedood&gt; all i want you to admit is the rom you "leaked" has absolutely nothing to do with the nexus s</span><br />
<span class="irc-date">[0:10]</span> <span class="irc-black">&lt;thedood&gt; honesty is the best policy</span><br />
<span class="irc-date">[0:11]</span> <span class="irc-black">&lt;rhcp_&gt; We thought it was.</span><br />
<span class="irc-date">[0:11]</span> <span class="irc-black">&lt;thedood&gt; but you said</span><br />
<span class="irc-date">[0:11]</span> <span class="irc-black">&lt;thedood&gt; you had it in your hand</span><br />
<span class="irc-date">[0:11]</span> <span class="irc-black">&lt;rhcp_&gt; I did have one</span><br />
<span class="irc-date">[0:11]</span> <span class="irc-black">&lt;rhcp_&gt; the leak came from an insider</span><br />
<span class="irc-date">[0:11]</span> <span class="irc-black">&lt;rhcp_&gt; and i had it for 3 minutes</span><br />
<span class="irc-date">[0:12]</span> <span class="irc-black">&lt;rhcp_&gt; not really much i could do</span><br />
<span class="irc-date">[0:12]</span> <span class="irc-black">&lt;rhcp_&gt; and it was running some dev 2.2</span><br />
<span class="irc-date">[0:12]</span> <span class="irc-black">&lt;rhcp_&gt; so obvioulsy google stepped in</span><br />
<span class="irc-date">[0:12]</span> <span class="irc-black">&lt;rhcp_&gt; or put some pressure</span><br />
<span class="irc-date">[0:13]</span> <span class="irc-black">&lt;rhcp_&gt; I thought i did. what can i say</span><br />
<span class="irc-date">[0:13]</span> <span class="irc-black">&lt;rhcp_&gt; I go by what others tell me</span><br />
<span class="irc-date">[0:13]</span> <span class="irc-black">&lt;rhcp_&gt; just like EVERYONE else</span><br />
<span class="irc-date">[0:13]</span> <span class="irc-black">&lt;rhcp_&gt; yes</span><br />
<span class="irc-date">[0:14]</span> <span class="irc-black">&lt;rhcp_&gt; samsung eng. gives me this file. we pay. out it goes</span><br />
<span class="irc-date">[0:14]</span> <span class="irc-black">&lt;rhcp_&gt; simpe</span><br />
<span class="irc-date">[0:14]</span> <span class="irc-black">&lt;rhcp_&gt; how do you think those .enc files get decoded? magic/</span><br />
<span class="irc-date">[0:14]</span> <span class="irc-black">&lt;rhcp_&gt; $$</span><br />
<span class="irc-date">[0:15]</span> <span class="irc-black">&lt;rhcp_&gt; even for the galaxyS they had a JK6 and JK7</span><br />
<span class="irc-date">[0:15]</span> <span class="irc-black">&lt;rhcp_&gt; both were the same</span><br />
<span class="irc-date">[0:15]</span> <span class="irc-black">&lt;rhcp_&gt; mis-labeled and the fucker wanted to charge for both</span><br />
<span class="irc-date">[0:15]</span> <span class="irc-black">&lt;rhcp_&gt; same files</span><br />
<span class="irc-date">[0:15]</span> <span class="irc-black">&lt;rhcp_&gt; anyway. to make it short</span><br />
<span class="irc-date">[0:15]</span> <span class="irc-black">&lt;rhcp_&gt; I dont think you will see any US leaks</span><br />
<span class="irc-date">[0:16]</span> <span class="irc-black">&lt;rhcp_&gt; because we dont want to pay</span><br />
<span class="irc-date">[0:16]</span> <span class="irc-black">&lt;rhcp_&gt; since getting screwed</span><br />
<span class="irc-date">[0:16]</span> <span class="irc-black">&lt;rhcp_&gt; and no one gives a fuck</span><br />
<span class="irc-date">[0:16]</span> <span class="irc-black">&lt;rhcp_&gt; to even say thank you</span><br />
<span class="irc-date">[0:16]</span> <span class="irc-black">&lt;rhcp_&gt; leaked 2.2 roms? for vibrants</span><br />
<span class="irc-date">[0:16]</span> <span class="irc-black">&lt;rhcp_&gt; all kinds of shit</span><br />
<span class="irc-date">[0:17]</span> <span class="irc-black">&lt;rhcp_&gt; after 4 pages</span><br />
<span class="irc-date">[0:17]</span> <span class="irc-black">&lt;rhcp_&gt; yea</span><br />
<span class="irc-date">[0:17]</span> <span class="irc-black">&lt;rhcp_&gt; and i said 'your welcome"</span><br />
<span class="irc-date">[0:17]</span> <span class="irc-black">&lt;rhcp_&gt; yea it is</span><br />
<span class="irc-date">[0:17]</span> <span class="irc-black">&lt;rhcp_&gt; i only joined here 3 days ago :)</span><br />
<span class="irc-date">[0:17]</span> <span class="irc-black">&lt;rhcp_&gt; so thank you for saying thank you</span><br />
<span class="irc-date">[0:17]</span> <span class="irc-black">&lt;rhcp_&gt; if you did</span><br />
<span class="irc-date">[0:17]</span> <span class="irc-black">&lt;rhcp_&gt; codeworkx invited me</span><br />
<span class="irc-date">[0:17]</span> <span class="irc-black">&lt;rhcp_&gt; kk</span><br />
<span class="irc-date">[0:18]</span> <span class="irc-black">&lt;rhcp_&gt; you can all you want lol</span><br />
<span class="irc-date">[0:18]</span> <span class="irc-black">&lt;rhcp_&gt; what caqn we do</span><br />
<span class="irc-date">[0:18]</span> <span class="irc-black">&lt;rhcp_&gt; its like you buy a G2 from craigslist it works for 2 weeks</span><br />
<span class="irc-date">[0:18]</span> <span class="irc-black">&lt;rhcp_&gt; then poof</span><br />
<span class="irc-date">[0:18]</span> <span class="irc-black">&lt;rhcp_&gt; and the guy is gone</span><br />
<span class="irc-date">[0:18]</span> <span class="irc-black">&lt;rhcp_&gt; me too</span><br />
<span class="irc-date">[0:18]</span> <span class="irc-black">&lt;rhcp_&gt; and my mother fucked up our dinner</span><br />
<span class="irc-date">[0:18]</span> <span class="irc-black">&lt;rhcp_&gt; nothing to debate :)</span><br />
<span class="irc-date">[0:19]</span> <span class="irc-black">&lt;rhcp_&gt; we got fucked</span><br />
<span class="irc-date">[0:19]</span> <span class="irc-black">&lt;rhcp_&gt; she does</span><br />
<span class="irc-date">[0:19]</span> <span class="irc-black">&lt;rhcp_&gt; i cant stand her</span><br />
<span class="irc-date">[0:20]</span> <span class="irc-black">&lt;rhcp_&gt; its noting to do with that</span><br />
<span class="irc-date">[0:20]</span> <span class="irc-black">&lt;rhcp_&gt; Im with my wife here. shes from overseas</span><br />
<span class="irc-date">[0:20]</span> <span class="irc-black">&lt;rhcp_&gt; we used this address here. waiting to finish it</span><br />
<span class="irc-date">[0:20]</span> <span class="irc-black">&lt;rhcp_&gt; so we can get out</span><br />
<span class="irc-date">[0:20]</span> <span class="irc-black">&lt;rhcp_&gt; US govt yes</span><br />
<span class="irc-date">[0:20]</span> <span class="irc-black">&lt;rhcp_&gt; immergration papers</span><br />
<span class="irc-date">[0:23]</span> <span class="irc-black">&lt;rhcp_&gt; I used to :/</span><br />
<span class="irc-date">[0:23]</span> <span class="irc-black">&lt;rhcp_&gt; had an issue</span><br />
<span class="irc-date">[0:23]</span> <span class="irc-black">&lt;rhcp_&gt; no more now</span><br />
<span class="irc-date">[0:23]</span> <span class="irc-black">&lt;rhcp_&gt; more then you think</span><br />
<span class="irc-date">[0:23]</span> <span class="irc-black">&lt;rhcp_&gt; I lost 40K. and got it back.</span><br />
<span class="irc-date">[0:24]</span> <span class="irc-black">&lt;rhcp_&gt; after 5 months</span><br />
<span class="irc-date">[0:24]</span> <span class="irc-black">&lt;rhcp_&gt; was not fun running around with $500 bucks</span><br />
<span class="irc-date">[0:24]</span> <span class="irc-black">&lt;rhcp_&gt; in PH</span><br />
<span class="irc-date">[0:24]</span> <span class="irc-black">&lt;rhcp_&gt; they can take your funds with any court order</span><br />
<span class="irc-date">[0:24]</span> <span class="irc-black">&lt;rhcp_&gt; even fake</span><br />
<span class="irc-date">[0:24]</span> <span class="irc-black">&lt;rhcp_&gt; no one checks</span><br />
<span class="irc-date">[0:25]</span> <span class="irc-navy">* noobnl (~noob@unaffiliated/noobnl) Quit (Ping timeout: 240 seconds)</span><br />
<span class="irc-date">[0:25]</span> <span class="irc-black">&lt;rhcp_&gt; crazy shit</span><br />
<span class="irc-date">[0:26]</span> <span class="irc-black">&lt;rhcp_&gt; hopefully by jan 3rd we are out in our condo in NC</span><br />
<span class="irc-date">[0:26]</span> <span class="irc-black">&lt;rhcp_&gt; and can relax for one month</span><br />
<span class="irc-date">[0:26]</span> <span class="irc-black">&lt;rhcp_&gt; then work</span><br />
<span class="irc-date">[0:36]</span> <span class="irc-green">* KaikHole (~nertz@cpe-174-111-246-012.triad.res.rr.com) has joined this channel.</span><br />
<span class="irc-date">[0:39]</span> <span class="irc-navy">* Kaik541 (~nertz@32.160.23.244) Quit (Ping timeout: 265 seconds)</span><br />
<span class="irc-date">[0:46]</span> <span class="irc-green">* KaikHole is now known as Kaik541</span><br />
<span class="irc-date">[0:51]</span> <span class="irc-black">&lt;Kaik541&gt; rhcp_: NC = north carolina?</span><br />
