<span class="irc-date">[0:38]</span> <span class="irc-green">* codeworkx_ (~codeworkx@95-89-111-251-dynip.superkabel.de) has joined this channel.</span><br />
<span class="irc-date">[0:43]</span> <span class="irc-green">* ChrisSoy1rs (~ctso@you.got.kanged.net) has joined this channel.</span><br />
<span class="irc-date">[0:43]</span> <span class="irc-navy">* ChrisSoyars (~ctso@you.got.kanged.net) Quit (Ping timeout: 240 seconds)</span><br />
<span class="irc-date">[0:43]</span> <span class="irc-green">* ChrisSoy1rs is now known as ChrisSoyars</span><br />
<span class="irc-date">[0:43]</span> <span class="irc-navy">* kmobs (~kmobs@you.got.kanged.net) Quit (Ping timeout: 264 seconds)</span><br />
<span class="irc-date">[0:43]</span> <span class="irc-navy">* codeworkx (~codeworkx@95-89-111-251-dynip.superkabel.de) Quit (Ping timeout: 264 seconds)</span><br />
<span class="irc-date">[0:45]</span> <span class="irc-black">&lt;Scepterr|AFD&gt; anybody have a samsung tab ?</span><br />
<span class="irc-date">[0:49]</span> <span class="irc-green">* kmobs (~kmobs@you.got.kanged.net) has joined this channel.</span><br />
<span class="irc-date">[1:11]</span> <span class="irc-navy">* jt1134_ (~jt1134@c-71-207-226-80.hsd1.al.comcast.net) Quit (Quit: Leaving)</span><br />
<span class="irc-date">[1:12]</span> <span class="irc-navy">* codeworkx_ (~codeworkx@95-89-111-251-dynip.superkabel.de) Quit (Read error: Connection reset by peer)</span><br />
<span class="irc-date">[1:16]</span> <span class="irc-green">* codeworkx (~codeworkx@95-89-111-251-dynip.superkabel.de) has joined this channel.</span><br />
<span class="irc-date">[1:18]</span> <span class="irc-green">* jt1134 (~jt1134@c-71-207-226-80.hsd1.al.comcast.net) has joined this channel.</span><br />
<span class="irc-date">[1:27]</span> <span class="irc-green">* Kaik541 (~nertz@cpe-174-111-246-012.triad.res.rr.com) has joined this channel.</span><br />
<span class="irc-date">[2:05]</span> <span class="irc-navy">* codeworkx (~codeworkx@95-89-111-251-dynip.superkabel.de) Quit (Remote host closed the connection)</span><br />
<span class="irc-date">[3:15]</span> <span class="irc-green">* kmobs is now known as kmobs|raep</span><br />
<span class="irc-date">[3:15]</span> <span class="irc-black">&lt;thedood|away&gt; i fixed stuffs</span><br />
<span class="irc-date">[3:15]</span> <span class="irc-black">&lt;thedood|away&gt; mostly just mainline updates and ugly merges</span><br />
<span class="irc-date">[3:20]</span> <span class="irc-green">* kmobs|raep is now known as kmobs</span><br />
<span class="irc-date">[3:22]</span> <span class="irc-brick">* Unhelpful has been thinking of looking for mergeable bits to push for upstream - [SPACE] support seems an easy choice, the various device/samsung/* things as well</span><br />
<span class="irc-date">[3:24]</span> <span class="irc-black">&lt;Unhelpful&gt; the reboot download support in recovery is probably not a problem as long as we make it target-specific</span><br />
<span class="irc-date">[3:25]</span> <span class="irc-black">&lt;thedood|away&gt; Unhelpful: i agree about [space] support</span><br />
<span class="irc-date">[3:26]</span> <span class="irc-black">&lt;thedood|away&gt; i may have broken something triyng to add in ace support</span><br />
<span class="irc-date">[3:26]</span> <span class="irc-black">&lt;thedood|away&gt; not that we need it</span><br />
<span class="irc-date">[3:26]</span> <span class="irc-green">* thedood|away is now known as thedood</span><br />
<span class="irc-date">[3:26]</span> <span class="irc-black">&lt;thedood&gt;  brb i need foods</span><br />
<span class="irc-date">[3:26]</span> <span class="irc-black">&lt;Unhelpful&gt; merging device/samsung/* seems safe too - it's not like it harms other targets, the only question imo is whether the new targets are buildable w/o the other changes</span><br />
<span class="irc-date">[3:28]</span> <span class="irc-black">&lt;Unhelpful&gt; no idea how to submit stuff that adds repos... just send in a patch and expect upstream to create android_device_samsung_* if accepted?</span><br />
<span class="irc-date">[3:31]</span> <span class="irc-green">* kmobs is now known as kmobs|raep</span><br />
<span class="irc-date">[4:05]</span> <span class="irc-black">&lt;thedood&gt; Unhelpful: we have to submit to gerrit</span><br />
<span class="irc-date">[4:05]</span> <span class="irc-black">&lt;thedood&gt; all the device repos need created first</span><br />
<span class="irc-date">[4:06]</span> <span class="irc-black">&lt;thedood&gt; i'll have to talk to cyanogen or chrissoyars</span><br />
<span class="irc-date">[4:15]</span> <span class="irc-green">* neldar1 (~neldar@dsl-217-164-118.pool.bitel.net) has joined this channel.</span><br />
<span class="irc-date">[4:15]</span> <span class="irc-navy">* neldar (~neldar@dsl26-95.pool.bitel.net) Quit (Disconnected by services)</span><br />
<span class="irc-date">[4:15]</span> <span class="irc-green">* neldar1 is now known as neldar</span><br />
<span class="irc-date">[4:15]</span> <span class="irc-black">&lt;- *neldar* Bot Sentry eingeschalten:  Sie werden jetzt ignoriert!  Ihre Nachricht wird übermittelt wenn sie die folgenden Fragen innerhalb von 10 Minuten richtig beantworten:  Wie buchstabieren sie das Ergebnis (Zahl) aus 10 geteilt durch zwei?</span><br />
<span class="irc-date">[4:23]</span> <span class="irc-navy">* neldar (~neldar@dsl-217-164-118.pool.bitel.net) Quit (Quit: Leaving.)</span><br />
<span class="irc-date">[4:42]</span> <span class="irc-green">* skeeterslint (~skeetersl@c-71-192-215-99.hsd1.ma.comcast.net) has joined this channel.</span><br />
<span class="irc-date">[4:44]</span> <span class="irc-navy">* rjmjr69-Nite (~Administr@c-98-229-71-92.hsd1.ma.comcast.net) Quit (Read error: Connection timed out)</span><br />
<span class="irc-date">[4:45]</span> <span class="irc-green">* rjmjr69-Nite (~Administr@c-98-229-71-92.hsd1.ma.comcast.net) has joined this channel.</span><br />
<span class="irc-date">[4:53]</span> <span class="irc-navy">* rjmjr69-Nite (~Administr@c-98-229-71-92.hsd1.ma.comcast.net) Quit (Ping timeout: 245 seconds)</span><br />
<span class="irc-date">[5:31]</span> <span class="irc-green">* ciwrl|away is now known as ciwrl</span><br />
<span class="irc-date">[6:54]</span> <span class="irc-green">* rjmjr69 (~Administr@c-98-229-71-92.hsd1.ma.comcast.net) has joined this channel.</span><br />
<span class="irc-date">[8:41]</span> <span class="irc-green">* jt1134 is now known as jt|sleepyface</span><br />
