<span class="irc-date">[0:06]</span> <span class="irc-navy">* izibi (~julian@unaffiliated/izibi) Quit (Ping timeout: 240 seconds)</span><br />
<span class="irc-date">[0:32]</span> <span class="irc-navy">* noobnl (~noob@unaffiliated/noobnl) Quit ()</span><br />
<span class="irc-date">[0:52]</span> <span class="irc-navy">* jt1134 (~jt1134@c-71-207-226-80.hsd1.al.comcast.net) Quit (Remote host closed the connection)</span><br />
<span class="irc-date">[0:59]</span> <span class="irc-navy">* GuiPer (~GuiPer@ip-86-49-25-242.net.upcbroadband.cz) Quit (Ping timeout: 245 seconds)</span><br />
<span class="irc-date">[1:02]</span> <span class="irc-black">&lt;atinm&gt; if it is proprietary, it is proprietary for everyone and distributing them in bin doesn't make it legal</span><br />
<span class="irc-date">[1:03]</span> <span class="irc-black">&lt;atinm&gt; so that is just an excuse</span><br />
<span class="irc-date">[1:03]</span> <span class="irc-green">* atinm is now known as atinm|away</span><br />
<span class="irc-date">[1:03]</span> <span class="irc-black">&lt;rhcp_&gt; ill get it :)</span><br />
<span class="irc-date">[1:04]</span> <span class="irc-black">&lt;rhcp_&gt; they will get soo bashed off XDA. a ban wont even be needed</span><br />
<span class="irc-date">[1:04]</span> <span class="irc-black">&lt;rhcp_&gt; :P</span><br />
<span class="irc-date">[1:04]</span> <span class="irc-black">&lt;atinm|away&gt; but like someone said - too many ppl have asked, no point. if they don't want to contribute fine . . . but they also use a lot of stuff from ppl who do contribute.</span><br />
<span class="irc-date">[1:04]</span> <span class="irc-black">&lt;rhcp_&gt; i know</span><br />
<span class="irc-date">[1:04]</span> <span class="irc-black">&lt;rhcp_&gt; and agree</span><br />
<span class="irc-date">[1:04]</span> <span class="irc-black">&lt;rhcp_&gt; but ill get it</span><br />
<span class="irc-date">[1:04]</span> <span class="irc-black">&lt;atinm|away&gt; nah -- too many ppl who are not devs use their stuff</span><br />
<span class="irc-date">[1:04]</span> <span class="irc-black">&lt;atinm|away&gt; I just ignore their stuff</span><br />
<span class="irc-date">[1:04]</span> <span class="irc-black">&lt;atinm|away&gt; until I see a git repo - it is dead to me ;)</span><br />
<span class="irc-date">[1:04]</span> <span class="irc-black">&lt;atinm|away&gt; the only ppl I am willing to take this shit from is the manufacturers - because I have no choice!</span><br />
<span class="irc-date">[1:05]</span> <span class="irc-black">&lt;atinm|away&gt; so unless they are willing to contribute to cmsgs - no point, we have enough ppl here who are working hard and will get this working without them if they don't want to be a part of it</span><br />
<span class="irc-date">[1:31]</span> <span class="irc-black">&lt;rhcp_&gt; hes coming online now</span><br />
<span class="irc-date">[1:32]</span> <span class="irc-green">* barakinflorida (48b86c02@gateway/web/freenode/ip.72.184.108.2) has joined this channel.</span><br />
<span class="irc-date">[1:32]</span> <span class="irc-black">&lt;rhcp_&gt; sup mate</span><br />
<span class="irc-date">[1:32]</span> <span class="irc-black">&lt;rhcp_&gt; :)</span><br />
<span class="irc-date">[1:32]</span> <span class="irc-black">&lt;barakinflorida&gt; not much... just got back home...</span><br />
<span class="irc-date">[1:34]</span> <span class="irc-black">&lt;rhcp_&gt; word</span><br />
<span class="irc-date">[1:34]</span> <span class="irc-black">&lt;rhcp_&gt; not sure if any of the mates are around</span><br />
<span class="irc-date">[1:34]</span> <span class="irc-black">&lt;rhcp_&gt; but they would love to see some githubs</span><br />
<span class="irc-date">[1:34]</span> <span class="irc-black">&lt;barakinflorida&gt; you do understand that we do not use github..</span><br />
<span class="irc-date">[1:34]</span> <span class="irc-black">&lt;rhcp_&gt; I do</span><br />
<span class="irc-date">[1:34]</span> <span class="irc-black">&lt;barakinflorida&gt; not that we are not willing to</span><br />
<span class="irc-date">[1:34]</span> <span class="irc-black">&lt;rhcp_&gt; do it for the sake of getting CM on samsung</span><br />
<span class="irc-date">[1:35]</span> <span class="irc-black">&lt;rhcp_&gt; the whole team here can merge/collerbrate changes</span><br />
<span class="irc-date">[1:35]</span> <span class="irc-black">&lt;rhcp_&gt; etc</span><br />
<span class="irc-date">[1:35]</span> <span class="irc-black">&lt;barakinflorida&gt; I talked to Eugene about it tonight and the fast fix will be that he is taring up his kernel source... and sending it to me..</span><br />
<span class="irc-date">[1:35]</span> <span class="irc-black">&lt;rhcp_&gt; k</span><br />
<span class="irc-date">[1:35]</span> <span class="irc-black">&lt;rhcp_&gt; then you can send it over to me i guess</span><br />
<span class="irc-date">[1:35]</span> <span class="irc-black">&lt;rhcp_&gt; and ill share</span><br />
<span class="irc-date">[1:35]</span> <span class="irc-black">&lt;barakinflorida&gt; I will then post it where anyone can dl it...</span><br />
<span class="irc-date">[1:36]</span> <span class="irc-black">&lt;rhcp_&gt; k</span><br />
<span class="irc-date">[1:36]</span> <span class="irc-black">&lt;rhcp_&gt; thats fine</span><br />
<span class="irc-date">[1:36]</span> <span class="irc-black">&lt;rhcp_&gt; the guys here will github it</span><br />
<span class="irc-date">[1:36]</span> <span class="irc-black">&lt;barakinflorida&gt; btw he switched kernel base ... you will see.</span><br />
<span class="irc-date">[1:37]</span> <span class="irc-black">&lt;rhcp_&gt; as long as it helps get CM on every galaxy :)</span><br />
<span class="irc-date">[1:37]</span> <span class="irc-black">&lt;barakinflorida&gt; he was scoring 1800+ on qudrant WITH rfs.. and that was not fully overclocked..</span><br />
<span class="irc-date">[1:37]</span> <span class="irc-black">&lt;rhcp_&gt; the phone is actually useful</span><br />
<span class="irc-date">[1:37]</span> <span class="irc-black">&lt;rhcp_&gt; I was scoring 2300</span><br />
<span class="irc-date">[1:37]</span> <span class="irc-black">&lt;rhcp_&gt; on CM</span><br />
<span class="irc-date">[1:37]</span> <span class="irc-black">&lt;barakinflorida&gt; same with him..</span><br />
<span class="irc-date">[1:38]</span> <span class="irc-black">&lt;rhcp_&gt; no overclocking at all</span><br />
<span class="irc-date">[1:38]</span> <span class="irc-black">&lt;rhcp_&gt; and all EXT4</span><br />
<span class="irc-date">[1:38]</span> <span class="irc-black">&lt;rhcp_&gt; except for EF</span><br />
<span class="irc-date">[1:38]</span> <span class="irc-black">&lt;barakinflorida&gt; but we wanted to bring rfs back</span><br />
<span class="irc-date">[1:38]</span> <span class="irc-black">&lt;rhcp_&gt; EFS</span><br />
<span class="irc-date">[1:38]</span> <span class="irc-black">&lt;barakinflorida&gt; unlike you we like the option</span><br />
<span class="irc-date">[1:38]</span> <span class="irc-black">&lt;rhcp_&gt; so when should we expect to see the src up?</span><br />
<span class="irc-date">[1:39]</span> <span class="irc-black">&lt;barakinflorida&gt; his upload speed is real bad .. but by morning..</span><br />
<span class="irc-date">[1:39]</span> <span class="irc-black">&lt;rhcp_&gt; ok</span><br />
<span class="irc-date">[1:39]</span> <span class="irc-black">&lt;barakinflorida&gt; this was good, i guess logging has its uses..</span><br />
<span class="irc-date">[1:39]</span> <span class="irc-black">&lt;barakinflorida&gt; l8er..</span><br />
<span class="irc-date">[1:39]</span> <span class="irc-black">&lt;rhcp_&gt; thank you for collab with him</span><br />
<span class="irc-date">[1:39]</span> <span class="irc-black">&lt;rhcp_&gt; for me</span><br />
<span class="irc-date">[1:40]</span> <span class="irc-black">&lt;barakinflorida&gt; np</span><br />
<span class="irc-date">[1:40]</span> <span class="irc-black">&lt;rhcp_&gt; Yea, thats why we do it on IRC</span><br />
<span class="irc-date">[1:40]</span> <span class="irc-black">&lt;rhcp_&gt; no need to ask people and shit</span><br />
<span class="irc-date">[1:40]</span> <span class="irc-black">&lt;rhcp_&gt; logs</span><br />
<span class="irc-date">[1:40]</span> <span class="irc-black">&lt;rhcp_&gt; incase you do some OMG</span><br />
<span class="irc-date">[1:40]</span> <span class="irc-black">&lt;rhcp_&gt; then forget how to do it again</span><br />
<span class="irc-date">[1:40]</span> <span class="irc-black">&lt;rhcp_&gt; log :)</span><br />
<span class="irc-date">[1:40]</span> <span class="irc-black">&lt;barakinflorida&gt; I get that... heading back out... getting some food... be on l8ter..</span><br />
<span class="irc-date">[1:40]</span> <span class="irc-black">&lt;rhcp_&gt; ok</span><br />
<span class="irc-date">[1:40]</span> <span class="irc-black">&lt;rhcp_&gt; l88r</span><br />
<span class="irc-date">[1:40]</span> <span class="irc-navy">* barakinflorida (48b86c02@gateway/web/freenode/ip.72.184.108.2) Quit (Quit: Page closed)</span><br />
<span class="irc-date">[1:41]</span> <span class="irc-black">&lt;rhcp_&gt; so there you have it</span><br />
<span class="irc-date">[1:42]</span> <span class="irc-black">&lt;atinm|away&gt; great - sorry, I should have said hi too</span><br />
<span class="irc-date">[1:42]</span> <span class="irc-black">&lt;atinm|away&gt; window was hidden</span><br />
<span class="irc-date">[1:42]</span> <span class="irc-black">&lt;rhcp_&gt; its ok</span><br />
<span class="irc-date">[1:42]</span> <span class="irc-black">&lt;atinm|away&gt; but we'll wait for the source. and the source isn't just kernel source is it?</span><br />
<span class="irc-date">[1:42]</span> <span class="irc-black">&lt;rhcp_&gt; I think so</span><br />
<span class="irc-date">[1:43]</span> <span class="irc-black">&lt;rhcp_&gt; 20:35 &lt; barakinflorida&gt; I talked to Eugene about it tonight and the fast fix will be that he is taring up his kernel source... and sending it to me..</span><br />
<span class="irc-date">[1:43]</span> <span class="irc-black">&lt;atinm|away&gt; ok...the kernel is the least of our problems...</span><br />
<span class="irc-date">[1:43]</span> <span class="irc-black">&lt;atinm|away&gt; but still, will be good to see it I guess</span><br />
<span class="irc-date">[1:43]</span> <span class="irc-black">&lt;rhcp_&gt; I thought kernel was a biggie</span><br />
<span class="irc-date">[1:44]</span> <span class="irc-black">&lt;atinm|away&gt; for CM6? no</span><br />
<span class="irc-date">[1:44]</span> <span class="irc-black">&lt;rhcp_&gt; can incorp his changes to fix up the GPS problems</span><br />
<span class="irc-date">[1:44]</span> <span class="irc-black">&lt;rhcp_&gt; keymapping for vibrant</span><br />
<span class="irc-date">[1:44]</span> <span class="irc-black">&lt;rhcp_&gt; etc</span><br />
<span class="irc-date">[1:44]</span> <span class="irc-black">&lt;atinm|away&gt; many of the problems (except GPS) are related to which kernel you use on which phone</span><br />
<span class="irc-date">[1:45]</span> <span class="irc-black">&lt;atinm|away&gt; since the only released code is the i9000, it hurts on the others</span><br />
<span class="irc-date">[1:45]</span> <span class="irc-black">&lt;atinm|away&gt; I don't use that kernel. I jsut use the leaked one and repack it</span><br />
<span class="irc-date">[1:45]</span> <span class="irc-black">&lt;atinm|away&gt; many of us do the same thing</span><br />
<span class="irc-date">[1:45]</span> <span class="irc-black">&lt;atinm|away&gt; leaked one for captivate that is</span><br />
<span class="irc-date">[1:45]</span> <span class="irc-black">&lt;atinm|away&gt; because I have the captivate</span><br />
<span class="irc-date">[1:46]</span> <span class="irc-black">&lt;rhcp_&gt; ah</span><br />
<span class="irc-date">[1:46]</span> <span class="irc-black">&lt;rhcp_&gt; so i fi were to flash a leaked 2.2 vibrant</span><br />
<span class="irc-date">[1:46]</span> <span class="irc-black">&lt;atinm|away&gt; so I don't run into any of the issues that others run into when they run the reorient kernel etc</span><br />
<span class="irc-date">[1:46]</span> <span class="irc-black">&lt;rhcp_&gt; kernel</span><br />
<span class="irc-date">[1:46]</span> <span class="irc-black">&lt;rhcp_&gt; Gps is gogo?</span><br />
<span class="irc-date">[1:46]</span> <span class="irc-black">&lt;atinm|away&gt; GPS is as bad as ever I think - I am still skeptical about anyone's fixes</span><br />
<span class="irc-date">[1:46]</span> <span class="irc-black">&lt;rhcp_&gt; eug's rom it locks in about 4 seconds</span><br />
<span class="irc-date">[1:46]</span> <span class="irc-black">&lt;atinm|away&gt; but that is the only thing I would want to pull in</span><br />
<span class="irc-date">[1:46]</span> <span class="irc-black">&lt;rhcp_&gt; outside</span><br />
<span class="irc-date">[1:46]</span> <span class="irc-black">&lt;rhcp_&gt; to be honest</span><br />
<span class="irc-date">[1:47]</span> <span class="irc-black">&lt;rhcp_&gt; I tested it</span><br />
<span class="irc-date">[1:47]</span> <span class="irc-black">&lt;atinm|away&gt; ok - that would be worth something.</span><br />
<span class="irc-date">[1:47]</span> <span class="irc-black">&lt;rhcp_&gt; check it out</span><br />
<span class="irc-date">[1:47]</span> <span class="irc-black">&lt;rhcp_&gt; macanut 13/14</span><br />
<span class="irc-date">[1:47]</span> <span class="irc-black">&lt;atinm|away&gt; (I still wouldn't use the reorient kernel etc because I don't care much about GPS and I prefer just playing with the captivate kernel so I don't have to deal with other issues)</span><br />
<span class="irc-date">[1:47]</span> <span class="irc-black">&lt;atinm|away&gt; but would be good to have regardless</span><br />
<span class="irc-date">[1:48]</span> <span class="irc-black">&lt;atinm|away&gt; once captivate kernel source gets released, the GPS code will get ported over</span><br />
<span class="irc-date">[1:48]</span> <span class="irc-black">&lt;atinm|away&gt; same for other phones - samsung will put it out</span><br />
<span class="irc-date">[1:49]</span> <span class="irc-black">&lt;rhcp_&gt; sooner or later :)</span><br />
<span class="irc-date">[1:49]</span> <span class="irc-black">&lt;atinm|away&gt; yeah</span><br />
<span class="irc-date">[1:49]</span> <span class="irc-black">&lt;atinm|away&gt; I would like to see how the GPS was fixed.</span><br />
<span class="irc-date">[1:49]</span> <span class="irc-black">&lt;atinm|away&gt; because I thought it was a driver issue</span><br />
<span class="irc-date">[1:49]</span> <span class="irc-black">&lt;rhcp_&gt; they have that tool</span><br />
<span class="irc-date">[1:49]</span> <span class="irc-black">&lt;rhcp_&gt; they relaesed</span><br />
<span class="irc-date">[1:49]</span> <span class="irc-black">&lt;rhcp_&gt; to fix gps</span><br />
<span class="irc-date">[1:49]</span> <span class="irc-black">&lt;rhcp_&gt; i never tested it</span><br />
<span class="irc-date">[1:49]</span> <span class="irc-black">&lt;atinm|away&gt; who does - samsung?</span><br />
<span class="irc-date">[1:49]</span> <span class="irc-black">&lt;rhcp_&gt; yes</span><br />
<span class="irc-date">[1:49]</span> <span class="irc-black">&lt;atinm|away&gt; that "restore" app?</span><br />
<span class="irc-date">[1:49]</span> <span class="irc-black">&lt;atinm|away&gt; yeah - never tried it either</span><br />
<span class="irc-date">[1:49]</span> <span class="irc-black">&lt;rhcp_&gt; cant be too hard to reverse eng</span><br />
<span class="irc-date">[1:49]</span> <span class="irc-black">&lt;rhcp_&gt; to see what it does</span><br />
<span class="irc-date">[1:50]</span> <span class="irc-black">&lt;atinm|away&gt; yeah</span><br />
<span class="irc-date">[1:50]</span> <span class="irc-black">&lt;atinm|away&gt; then it might not be a kernel change anyway</span><br />
<span class="irc-date">[1:50]</span> <span class="irc-black">&lt;rhcp_&gt; very true</span><br />
<span class="irc-date">[1:50]</span> <span class="irc-black">&lt;rhcp_&gt; need to check that file i guess</span><br />
<span class="irc-date">[1:50]</span> <span class="irc-black">&lt;rhcp_&gt; let me see if i can find it</span><br />
<span class="irc-date">[1:50]</span> <span class="irc-black">&lt;atinm|away&gt; ok, I have to go</span><br />
<span class="irc-date">[1:51]</span> <span class="irc-black">&lt;atinm|away&gt; still, barak does get a lot of stuff done - so having him around is going to be helpful just to talk</span><br />
<span class="irc-date">[1:51]</span> <span class="irc-black">&lt;atinm|away&gt; if he talks :)</span><br />
<span class="irc-date">[1:51]</span> <span class="irc-black">&lt;Unhelpful&gt; it *claims* only to restore all gps settings files to stock iirc</span><br />
<span class="irc-date">[1:51]</span> <span class="irc-black">&lt;atinm|away&gt; lately not a lot of talking going on.</span><br />
<span class="irc-date">[1:51]</span> <span class="irc-black">&lt;atinm|away&gt; Unhelpful: yeah - that is what I saw too</span><br />
<span class="irc-date">[1:51]</span> <span class="irc-black">&lt;Unhelpful&gt; but that wouldn't make things work :P</span><br />
<span class="irc-date">[1:51]</span> <span class="irc-black">&lt;atinm|away&gt; that it was a reset</span><br />
<span class="irc-date">[1:52]</span> <span class="irc-black">&lt;atinm|away&gt; which makes the GPS work for like 5 minutes</span><br />
<span class="irc-date">[1:52]</span> <span class="irc-black">&lt;atinm|away&gt; it works great when you walk out of the store ;)</span><br />
<span class="irc-date">[1:52]</span> <span class="irc-black">&lt;atinm|away&gt; after that not so much</span><br />
<span class="irc-date">[1:53]</span> <span class="irc-black">&lt;atinm|away&gt; well - off. unhelpful - your shift now ;)</span><br />
<span class="irc-date">[1:53]</span> <span class="irc-black">&lt;rhcp_&gt; ATTN #Vibrant users: We've created an app to help optimize GPS. Go to the Android Market &amp; search for GPSSamsungRestore: <a href="http://ow.ly/3hEpr">http://ow.ly/3hEpr</a></span><br />
<span class="irc-date">[1:54]</span> <span class="irc-black">&lt;rhcp_&gt; ah</span><br />
<span class="irc-date">[1:54]</span> <span class="irc-black">&lt;rhcp_&gt; its on market</span><br />
<span class="irc-date">[1:54]</span> <span class="irc-black">&lt;atinm|away&gt; "During online surveillance, there is an abundance of GPS tweaks that impair GPS performance. Often times, no backup is performed to restore values prior to modifications. Samsung has released an application that restores GPS settings to recommended factory defaults for optimum performance.  "</span><br />
<span class="irc-date">[1:54]</span> <span class="irc-black">&lt;atinm|away&gt; LOL</span><br />
<span class="irc-date">[1:54]</span> <span class="irc-black">&lt;atinm|away&gt; it is a f'ing reset</span><br />
<span class="irc-date">[1:54]</span> <span class="irc-black">&lt;rhcp_&gt; :)</span><br />
<span class="irc-date">[1:54]</span> <span class="irc-black">&lt;rhcp_&gt; yep</span><br />
<span class="irc-date">[1:55]</span> <span class="irc-black">&lt;atinm|away&gt; so I wonder what eugene/barak did</span><br />
<span class="irc-date">[1:55]</span> <span class="irc-black">&lt;atinm|away&gt; and whether it really is a kernel fix</span><br />
<span class="irc-date">[1:55]</span> <span class="irc-black">&lt;atinm|away&gt; well, g'nite</span><br />
<span class="irc-date">[1:56]</span> <span class="irc-black">&lt;rhcp_&gt; nite</span><br />
<span class="irc-date">[1:58]</span> <span class="irc-black">&lt;atinm|away&gt; lol - funny, you are selling your vibrant? :)</span><br />
<span class="irc-date">[1:58]</span> <span class="irc-black">&lt;rhcp_&gt; maybe</span><br />
<span class="irc-date">[1:58]</span> <span class="irc-black">&lt;rhcp_&gt; I have the G2</span><br />
<span class="irc-date">[1:58]</span> <span class="irc-black">&lt;rhcp_&gt; my wife has the HD2</span><br />
<span class="irc-date">[1:58]</span> <span class="irc-black">&lt;atinm|away&gt; yeah - just noticed in your "tweaking" posts in eugene's thread</span><br />
<span class="irc-date">[1:58]</span> <span class="irc-black">&lt;rhcp_&gt; Yea</span><br />
<span class="irc-date">[1:59]</span> <span class="irc-black">&lt;atinm|away&gt; be careful - you'll get swatted :)</span><br />
<span class="irc-date">[1:59]</span> <span class="irc-black">&lt;rhcp_&gt; its ok</span><br />
<span class="irc-date">[1:59]</span> <span class="irc-black">&lt;atinm|away&gt; gnite - for real :)</span><br />
<span class="irc-date">[1:59]</span> <span class="irc-black">&lt;rhcp_&gt; I swat them</span><br />
<span class="irc-date">[1:59]</span> <span class="irc-black">&lt;rhcp_&gt; as you saw</span><br />
<span class="irc-date">[1:59]</span> <span class="irc-black">&lt;rhcp_&gt; :P</span><br />
<span class="irc-date">[1:59]</span> <span class="irc-black">&lt;rhcp_&gt; nite !</span><br />
<span class="irc-date">[2:01]</span> <span class="irc-green">* shad0wf0x (~shad0w@d149-67-84-103.try.wideopenwest.com) has joined this channel.</span><br />
<span class="irc-date">[2:23]</span> <span class="irc-green">* noobnl (~noob@unaffiliated/noobnl) has joined this channel.</span><br />
<span class="irc-date">[2:38]</span> <span class="irc-navy">* noobnl (~noob@unaffiliated/noobnl) Quit ()</span><br />
<span class="irc-date">[2:48]</span> <span class="irc-black">&lt;rhcp_&gt; /wn/win 7</span><br />
<span class="irc-date">[3:47]</span> <span class="irc-navy">* rjmjr69 (~Administr@c-24-62-52-123.hsd1.ma.comcast.net) Quit (Quit: Leaving Biatchs)</span><br />
<span class="irc-date">[3:48]</span> <span class="irc-green">* rjmjr69 (~Administr@c-24-62-52-123.hsd1.ma.comcast.net) has joined this channel.</span><br />
<span class="irc-date">[3:55]</span> <span class="irc-green">* ciwrl is now known as ciwrl|away</span><br />
<span class="irc-date">[5:03]</span> <span class="irc-green">* rjmjr69 is now known as rjmjr69-brb</span><br />
<span class="irc-date">[5:12]</span> <span class="irc-green">* ciwrl|away is now known as ciwrl</span><br />
<span class="irc-date">[5:19]</span> <span class="irc-navy">* coolya (~kolja@xdslca118.osnanet.de) Quit (Ping timeout: 276 seconds)</span><br />
<span class="irc-date">[5:28]</span> <span class="irc-green">* Kaik541 (~nertz@cpe-174-111-246-012.triad.res.rr.com) has joined this channel.</span><br />
<span class="irc-date">[5:33]</span> <span class="irc-green">* coolya (~kolja@xdslch053.osnanet.de) has joined this channel.</span><br />
<span class="irc-date">[5:34]</span> <span class="irc-black">&lt;Kaik541&gt; reading through the logs, atinm|away: the Nexus S is a basically guaranteed device, eric schmidt brought it to the web 2.0 conference and showed it off for everyone</span><br />
<span class="irc-date">[5:34]</span> <span class="irc-black">&lt;Kaik541&gt; it seems people talk a heck of a lot more when I'm not around :P</span><br />
<span class="irc-date">[5:50]</span> <span class="irc-green">* ciwrl is now known as ciwrl|Dexter</span><br />
<span class="irc-date">[6:40]</span> <span class="irc-navy">* rjmjr69-brb (~Administr@c-24-62-52-123.hsd1.ma.comcast.net) Quit (Ping timeout: 245 seconds)</span><br />
<span class="irc-date">[6:42]</span> <span class="irc-green">* rjmjr69 (~Administr@c-24-62-52-123.hsd1.ma.comcast.net) has joined this channel.</span><br />
<span class="irc-date">[6:46]</span> <span class="irc-green">* ciwrl|Dexter is now known as ciwrl|dead</span><br />
<span class="irc-date">[7:08]</span> <span class="irc-black">&lt;rhcp_&gt; Kaik541: Yea it is</span><br />
<span class="irc-date">[7:08]</span> <span class="irc-black">&lt;rhcp_&gt; but ive seen one. held one. its a toy :P</span><br />
<span class="irc-date">[7:08]</span> <span class="irc-black">&lt;rhcp_&gt; NEVER should have let samsung touch it</span><br />
<span class="irc-date">[7:08]</span> <span class="irc-black">&lt;Kaik541&gt; it looks too plasticy</span><br />
<span class="irc-date">[7:08]</span> <span class="irc-black">&lt;Kaik541&gt; I'm spoiled by the metal backing of the captivate</span><br />
<span class="irc-date">[7:08]</span> <span class="irc-black">&lt;rhcp_&gt; if it wasnt for the gorilla glass even sgs sux really</span><br />
<span class="irc-date">[7:09]</span> <span class="irc-black">&lt;rhcp_&gt; make wise</span><br />
<span class="irc-date">[7:09]</span> <span class="irc-black">&lt;Kaik541&gt; again, spoiled by the Captivate :P AT&amp;T/Samsung made a good choice by making at least part of the back out of metal so it "feels" way more solid than the other variants</span><br />
<span class="irc-date">[7:09]</span> <span class="irc-black">&lt;rhcp_&gt; Yea, the vibrant sux ass</span><br />
<span class="irc-date">[7:10]</span> <span class="irc-black">&lt;rhcp_&gt; i almost smashed it 10 times prob</span><br />
<span class="irc-date">[7:12]</span> <span class="irc-black">&lt;Kaik541&gt; the only moment I worried about the safety of my phone was when it fell out of my top pocket from a second story</span><br />
<span class="irc-date">[7:12]</span> <span class="irc-black">&lt;Kaik541&gt; fortunately, landed on it's back on a pillow (hooray for dorms being emptied)</span><br />
<span class="irc-date">[7:15]</span> <span class="irc-black">&lt;rhcp_&gt; lucky you</span><br />
<span class="irc-date">[7:15]</span> <span class="irc-black">&lt;rhcp_&gt; I have a small spider crack on my glass</span><br />
<span class="irc-date">[7:15]</span> <span class="irc-black">&lt;rhcp_&gt; but it does nothing</span><br />
<span class="irc-date">[7:15]</span> <span class="irc-black">&lt;rhcp_&gt; wont even notice it. unless you know wher it is</span><br />
<span class="irc-date">[7:15]</span> <span class="irc-black">&lt;rhcp_&gt; near the black area</span><br />
<span class="irc-date">[7:16]</span> <span class="irc-black">&lt;Kaik541&gt; that would drive me mad, I have a single dead pixel on my laptop and I'm ready to replace it because of that</span><br />
<span class="irc-date">[7:19]</span> <span class="irc-black">&lt;rhcp_&gt; LOL</span><br />
<span class="irc-date">[7:19]</span> <span class="irc-black">&lt;rhcp_&gt; its in a box sitting in the corner really</span><br />
<span class="irc-date">[7:20]</span> <span class="irc-black">&lt;rhcp_&gt; I use my G2</span><br />
<span class="irc-date">[7:23]</span> <span class="irc-navy">* coolya (~kolja@xdslch053.osnanet.de) Quit (Quit: Leaving.)</span><br />
<span class="irc-date">[7:25]</span> <span class="irc-green">* coolya (~kolja@xdslch053.osnanet.de) has joined this channel.</span><br />
<span class="irc-date">[7:29]</span> <span class="irc-navy">* coolya (~kolja@xdslch053.osnanet.de) Quit (Ping timeout: 250 seconds)</span><br />
<span class="irc-date">[7:29]</span> <span class="irc-green">* GuiPer (~GuiPer@ip-86-49-25-242.net.upcbroadband.cz) has joined this channel.</span><br />
<span class="irc-date">[7:32]</span> <span class="irc-navy">* magote (~magoteI90@a79-169-106-110.cpe.netcabo.pt) Quit (Ping timeout: 240 seconds)</span><br />
<span class="irc-date">[7:38]</span> <span class="irc-green">* magote (~magoteI90@a79-169-106-110.cpe.netcabo.pt) has joined this channel.</span><br />
<span class="irc-date">[8:03]</span> <span class="irc-navy">* GuiPer (~GuiPer@ip-86-49-25-242.net.upcbroadband.cz) Quit (Ping timeout: 245 seconds)</span><br />
<span class="irc-date">[8:20]</span> <span class="irc-navy">* kernelzilla (~patrick@174-26-90-82.phnx.qwest.net) Quit (Ping timeout: 265 seconds)</span><br />
<span class="irc-date">[8:47]</span> <span class="irc-green">* ciwrl|dead is now known as ciwrl</span><br />
<span class="irc-date">[9:24]</span> <span class="irc-green">* ciwrl is now known as ciwrl|away</span><br />
<span class="irc-date">[11:21]</span> <span class="irc-green">* noobnl (~noob@unaffiliated/noobnl) has joined this channel.</span><br />
<span class="irc-date">[12:11]</span> <span class="irc-black">&lt;atinm|away&gt; 4 years! 4 years ago I woke up with a new (well, relatively speaking) liver and realized he was still in this world.</span><br />
<span class="irc-date">[12:11]</span> <span class="irc-green">* atinm|away is now known as atinm</span><br />
<span class="irc-date">[12:12]</span> <span class="irc-black">&lt;atinm&gt; I was.</span><br />
<span class="irc-date">[12:12]</span> <span class="irc-black">&lt;atinm&gt; life is good.</span><br />
<span class="irc-date">[12:12]</span> <span class="irc-black">&lt;atinm&gt; :)</span><br />
<span class="irc-date">[12:44]</span> <span class="irc-navy">* noobnl (~noob@unaffiliated/noobnl) Quit ()</span><br />
<span class="irc-date">[12:52]</span> <span class="irc-navy">* atinm (~atin@unaffiliated/atinm) Quit (Quit: atinm)</span><br />
<span class="irc-date">[13:28]</span> <span class="irc-green">* dasunsrule32 (~dasunsrul@uto-atechols-1.inre.asu.edu) has joined this channel.</span><br />
<span class="irc-date">[13:56]</span> <span class="irc-green">* gdanko (~gdanko@66-162-32-185.static.twtelecom.net) has joined this channel.</span><br />
<span class="irc-date">[13:58]</span> <span class="irc-navy">* rjmjr69 (~Administr@c-24-62-52-123.hsd1.ma.comcast.net) Quit (Quit: Leaving Biatchs)</span><br />
<span class="irc-date">[13:59]</span> <span class="irc-green">* rjmjr69 (~Administr@c-24-62-52-123.hsd1.ma.comcast.net) has joined this channel.</span><br />
<span class="irc-date">[14:23]</span> <span class="irc-green">* efeller_ is now known as efeller</span><br />
<span class="irc-date">[14:26]</span> <span class="irc-navy">* gdanko (~gdanko@66-162-32-185.static.twtelecom.net) Quit (Quit: Leaving)</span><br />
<span class="irc-date">[14:35]</span> <span class="irc-navy">* wArri (~dave.will@rrcs-72-45-254-78.nys.biz.rr.com) Quit (Read error: Connection reset by peer)</span><br />
<span class="irc-date">[14:40]</span> <span class="irc-green">* wArri (~dave.will@rrcs-72-45-254-78.nys.biz.rr.com) has joined this channel.</span><br />
<span class="irc-date">[15:11]</span> <span class="irc-green">* izibi (~julian@unaffiliated/izibi) has joined this channel.</span><br />
<span class="irc-date">[16:10]</span> <span class="irc-green">* KaikHole (~nertz@cpe-174-111-246-012.triad.res.rr.com) has joined this channel.</span><br />
<span class="irc-date">[16:12]</span> <span class="irc-navy">* Kaik541 (~nertz@cpe-174-111-246-012.triad.res.rr.com) Quit (Ping timeout: 240 seconds)</span><br />
<span class="irc-date">[16:23]</span> <span class="irc-green">* gdanko (~gdanko@66-162-32-185.static.twtelecom.net) has joined this channel.</span><br />
<span class="irc-date">[16:33]</span> <span class="irc-navy">* KaikHole (~nertz@cpe-174-111-246-012.triad.res.rr.com) Quit (Read error: Connection reset by peer)</span><br />
<span class="irc-date">[16:33]</span> <span class="irc-green">* KaikHole (~nertz@cpe-174-111-246-012.triad.res.rr.com) has joined this channel.</span><br />
<span class="irc-date">[16:43]</span> <span class="irc-navy">* KaikHole (~nertz@cpe-174-111-246-012.triad.res.rr.com) Quit (Read error: Connection reset by peer)</span><br />
<span class="irc-date">[16:43]</span> <span class="irc-green">* KaikHole (~nertz@cpe-174-111-246-012.triad.res.rr.com) has joined this channel.</span><br />
<span class="irc-date">[16:48]</span> <span class="irc-green">* Kaik541 (~nertz@cpe-174-111-246-012.triad.res.rr.com) has joined this channel.</span><br />
<span class="irc-date">[16:50]</span> <span class="irc-navy">* KaikHole (~nertz@cpe-174-111-246-012.triad.res.rr.com) Quit (Ping timeout: 260 seconds)</span><br />
<span class="irc-date">[16:54]</span> <span class="irc-navy">* Kaik541 (~nertz@cpe-174-111-246-012.triad.res.rr.com) Quit (Read error: Connection reset by peer)</span><br />
<span class="irc-date">[16:55]</span> <span class="irc-green">* Kaik541 (~nertz@cpe-174-111-246-012.triad.res.rr.com) has joined this channel.</span><br />
<span class="irc-date">[16:56]</span> <span class="irc-black">&lt;thedood&gt; well</span><br />
<span class="irc-date">[16:56]</span> <span class="irc-black">&lt;thedood&gt; i'm not working on shit till gingerbread</span><br />
<span class="irc-date">[16:56]</span> <span class="irc-black">&lt;thedood&gt; at lest for 10 days</span><br />
<span class="irc-date">[16:57]</span> <span class="irc-black">&lt;thedood&gt; i found a better clock/weather widget</span><br />
<span class="irc-date">[16:57]</span> <span class="irc-black">&lt;thedood&gt; ooops</span><br />
<span class="irc-date">[16:57]</span> <span class="irc-black">&lt;thedood&gt; wrong winder</span><br />
<span class="irc-date">[17:01]</span> <span class="irc-navy">* Kaik541 (~nertz@cpe-174-111-246-012.triad.res.rr.com) Quit (Ping timeout: 245 seconds)</span><br />
<span class="irc-date">[17:03]</span> <span class="irc-green">* Kaik541 (~nertz@cpe-174-111-246-012.triad.res.rr.com) has joined this channel.</span><br />
<span class="irc-date">[17:06]</span> <span class="irc-black">&lt;gdanko&gt; im ripping samsung a new one</span><br />
<span class="irc-date">[17:11]</span> <span class="irc-navy">* Kaik541 (~nertz@cpe-174-111-246-012.triad.res.rr.com) Quit (Ping timeout: 255 seconds)</span><br />
<span class="irc-date">[17:12]</span> <span class="irc-green">* Kaik541 (~nertz@cpe-174-111-246-012.triad.res.rr.com) has joined this channel.</span><br />
<span class="irc-date">[17:16]</span> <span class="irc-green">* KaikHole (~nertz@cpe-174-111-246-012.triad.res.rr.com) has joined this channel.</span><br />
<span class="irc-date">[17:18]</span> <span class="irc-navy">* Kaik541 (~nertz@cpe-174-111-246-012.triad.res.rr.com) Quit (Ping timeout: 265 seconds)</span><br />
<span class="irc-date">[17:23]</span> <span class="irc-navy">* KaikHole (~nertz@cpe-174-111-246-012.triad.res.rr.com) Quit (Ping timeout: 260 seconds)</span><br />
<span class="irc-date">[17:25]</span> <span class="irc-green">* Kaik541 (~nertz@cpe-174-111-246-012.triad.res.rr.com) has joined this channel.</span><br />
<span class="irc-date">[17:47]</span> <span class="irc-green">* noobnl (~noob@unaffiliated/noobnl) has joined this channel.</span><br />
<span class="irc-date">[17:55]</span> <span class="irc-navy">* Kaik541 (~nertz@cpe-174-111-246-012.triad.res.rr.com) Quit (Ping timeout: 245 seconds)</span><br />
<span class="irc-date">[17:55]</span> <span class="irc-green">* Kaik541 (~nertz@cpe-174-111-246-012.triad.res.rr.com) has joined this channel.</span><br />
