<span class="irc-date">[0:02]</span> <span class="irc-navy">* gdanko (~gdanko@66-162-32-185.static.twtelecom.net) Quit (Quit: This computer has gone to sleep)</span><br />
<span class="irc-date">[0:06]</span> <span class="irc-green">* ciwrl|away is now known as ciwrl</span><br />
<span class="irc-date">[0:07]</span> <span class="irc-navy">* GuiPer (~GuiPer@ip-86-49-25-242.net.upcbroadband.cz) Quit (Ping timeout: 245 seconds)</span><br />
<span class="irc-date">[0:22]</span> <span class="irc-green">* ciwrl is now known as ciwrl|food</span><br />
<span class="irc-date">[0:25]</span> <span class="irc-navy">* magote (~magote@a79-169-106-110.cpe.netcabo.pt) Quit (Ping timeout: 265 seconds)</span><br />
<span class="irc-date">[0:30]</span> <span class="irc-green">* magote (~magote@a79-169-106-110.cpe.netcabo.pt) has joined this channel.</span><br />
<span class="irc-date">[0:34]</span> <span class="irc-navy">* dasunsrule32 (~dasunsrul@christiantechsaz.com) Quit (Read error: Operation timed out)</span><br />
<span class="irc-date">[0:42]</span> <span class="irc-green">* thedeanius (~dean@c-24-2-24-87.hsd1.mo.comcast.net) has joined this channel.</span><br />
<span class="irc-date">[0:48]</span> <span class="irc-green">* ciwrl|food is now known as ciwrl</span><br />
<span class="irc-date">[0:59]</span> <span class="irc-green">* Kaik541 (~nertz@cpe-174-111-246-012.triad.res.rr.com) has joined this channel.</span><br />
<span class="irc-date">[1:06]</span> <span class="irc-brick">* Unhelpful adds a comma</span><br />
<span class="irc-date">[3:01]</span> <span class="irc-black">&lt;thedeanius&gt; ,</span><br />
<span class="irc-date">[3:08]</span> <span class="irc-navy">* Kaik541 (~nertz@cpe-174-111-246-012.triad.res.rr.com) Quit (Ping timeout: 260 seconds)</span><br />
<span class="irc-date">[3:36]</span> <span class="irc-navy">* jt1134 (~jt1134@c-71-207-226-80.hsd1.al.comcast.net) Quit (Ping timeout: 240 seconds)</span><br />
<span class="irc-date">[3:37]</span> <span class="irc-green">* jt1134 (~jt1134@c-71-207-226-80.hsd1.al.comcast.net) has joined this channel.</span><br />
<span class="irc-date">[4:04]</span> <span class="irc-green">* ciwrl is now known as ciwrl|afk</span><br />
<span class="irc-date">[4:08]</span> <span class="irc-navy">* thedeanius (~dean@c-24-2-24-87.hsd1.mo.comcast.net) Quit (Quit: thedeanius)</span><br />
<span class="irc-date">[4:15]</span> <span class="irc-navy">* neldar (~neldar@dsl25-228.pool.bitel.net) Quit (Read error: Operation timed out)</span><br />
<span class="irc-date">[4:28]</span> <span class="irc-green">* dasunsrule32 (~dasunsrul@christiantechsaz.com) has joined this channel.</span><br />
<span class="irc-date">[4:33]</span> <span class="irc-green">* neldar (~neldar@dsl108-65.pool.bitel.net) has joined this channel.</span><br />
<span class="irc-date">[4:33]</span> <span class="irc-black">&lt;- *neldar* Bot Sentry eingeschalten:  Sie werden jetzt ignoriert!  Ihre Nachricht wird übermittelt wenn sie die folgenden Fragen innerhalb von 10 Minuten richtig beantworten:  How do you spell the result of ten div_ided by 2?</span><br />
<span class="irc-date">[4:33]</span> <span class="irc-green">* kernelzilla (~patrick@63-225-215-29.phnx.qwest.net) has joined this channel.</span><br />
<span class="irc-date">[4:59]</span> <span class="irc-green">* skeeters|away is now known as skeeterslint</span><br />
<span class="irc-date">[5:06]</span> <span class="irc-green">* Kaik541 (~nertz@cpe-174-111-246-012.triad.res.rr.com) has joined this channel.</span><br />
<span class="irc-date">[5:21]</span> <span class="irc-navy">* dasunsrule32 (~dasunsrul@christiantechsaz.com) Quit (Ping timeout: 276 seconds)</span><br />
<span class="irc-date">[5:56]</span> <span class="irc-green">* jt1134 is now known as jt1134|sleepzzz</span><br />
<span class="irc-date">[6:00]</span> <span class="irc-navy">* noobnl (~noob@unaffiliated/noobnl) Quit (Read error: Connection reset by peer)</span><br />
<span class="irc-date">[6:01]</span> <span class="irc-green">* noobnl (~noob@unaffiliated/noobnl) has joined this channel.</span><br />
<span class="irc-date">[7:04]</span> <span class="irc-green">* codeworkx (~yaaic@tmo-105-57.customers.d1-online.com) has joined this channel.</span><br />
<span class="irc-date">[8:00]</span> <span class="irc-navy">* skeeterslint (~skeetersl@c-71-192-215-99.hsd1.ma.comcast.net) Quit (Quit: Leaving)</span><br />
<span class="irc-date">[8:01]</span> <span class="irc-green">* skeeterslint (~skeetersl@c-71-192-215-99.hsd1.ma.comcast.net) has joined this channel.</span><br />
<span class="irc-date">[8:01]</span> <span class="irc-green">* GuiPer (~GuiPer@ip-86-49-25-242.net.upcbroadband.cz) has joined this channel.</span><br />
<span class="irc-date">[8:40]</span> <span class="irc-black">&lt;krowedocx|work&gt; hi GuiPer</span><br />
<span class="irc-date">[8:51]</span> <span class="irc-black">&lt;GuiPer&gt; Hi xkrowedoc|work</span><br />
<span class="irc-date">[8:51]</span> <span class="irc-black">&lt;rhcp&gt; Sup xkrowedoc|work</span><br />
<span class="irc-date">[8:51]</span> <span class="irc-black">&lt;GuiPer&gt; got day off today, but im flighing home hopefully</span><br />
<span class="irc-date">[8:51]</span> <span class="irc-black">&lt;rhcp&gt; we finally got 2.2.1 runing on the nook tablet</span><br />
<span class="irc-date">[8:51]</span> <span class="irc-black">&lt;rhcp&gt; from B&amp;NN</span><br />
<span class="irc-date">[8:52]</span> <span class="irc-black">&lt;Kaik541&gt; rhcp: nice, makes the nookcolor seem like the best android tablet available on the market then :P</span><br />
<span class="irc-date">[8:53]</span> <span class="irc-black">&lt;GuiPer&gt; saw some nice commits from coolya :)</span><br />
<span class="irc-date">[8:53]</span> <span class="irc-black">&lt;GuiPer&gt; its going fast</span><br />
<span class="irc-date">[8:54]</span> <span class="irc-black">&lt;rhcp&gt; Kaik541: <a href="http://forum.xda-developers.com/showthread.php?p=10003934">http://forum.xda-developers.com/showthread.php?p=10003934</a></span><br />
<span class="irc-date">[8:54]</span> <span class="irc-black">&lt;rhcp&gt; we need some CM love</span><br />
<span class="irc-date">[8:54]</span> <span class="irc-black">&lt;rhcp&gt; and help</span><br />
<span class="irc-date">[8:54]</span> <span class="irc-black">&lt;rhcp&gt; if anyone has time #nookie</span><br />
<span class="irc-date">[8:54]</span> <span class="irc-black">&lt;rhcp&gt; i invite you all</span><br />
<span class="irc-date">[8:56]</span> <span class="irc-black">&lt;Kaik541&gt; if I knew anything, I'd help, but i'd be beyond useless since I don't know jack (nor own the device)</span><br />
<span class="irc-date">[8:57]</span> <span class="irc-black">&lt;rhcp&gt; well</span><br />
<span class="irc-date">[8:57]</span> <span class="irc-black">&lt;rhcp&gt; we are offering a device to a CM member</span><br />
<span class="irc-date">[8:57]</span> <span class="irc-black">&lt;rhcp&gt; who is willing to port</span><br />
<span class="irc-date">[8:58]</span> <span class="irc-black">&lt;rhcp&gt; we have two more to ship</span><br />
<span class="irc-date">[8:58]</span> <span class="irc-black">&lt;rhcp&gt; with funds</span><br />
<span class="irc-date">[8:59]</span> <span class="irc-black">&lt;Kaik541&gt; again, I'm useless :P lots of smart guys in #cyanogenmod though that wouldn't mind a new device to tinker with</span><br />
<span class="irc-date">[8:59]</span> <span class="irc-black">&lt;rhcp&gt; ive already got unofficall answrs</span><br />
<span class="irc-date">[9:00]</span> <span class="irc-navy">* skeeterslint (~skeetersl@c-71-192-215-99.hsd1.ma.comcast.net) Quit (Quit: Leaving)</span><br />
<span class="irc-date">[9:04]</span> <span class="irc-black">&lt;krowedocx|work&gt; wtf is nook?</span><br />
<span class="irc-date">[9:05]</span> <span class="irc-black">&lt;Kaik541&gt; it's an ereader/tablet device powered by android</span><br />
<span class="irc-date">[9:05]</span> <span class="irc-black">&lt;Kaik541&gt; made by a bookstore company called barnes &amp; noble</span><br />
<span class="irc-date">[9:07]</span> <span class="irc-black">&lt;Kaik541&gt; the original was more like the kindle, the new one is more like the galaxy tab (excet with a custom UI)</span><br />
<span class="irc-date">[9:12]</span> <span class="irc-navy">* GuiPer (~GuiPer@ip-86-49-25-242.net.upcbroadband.cz) Quit (Ping timeout: 245 seconds)</span><br />
<span class="irc-date">[9:44]</span> <span class="irc-navy">* Kaik541 (~nertz@cpe-174-111-246-012.triad.res.rr.com) Quit (Ping timeout: 264 seconds)</span><br />
<span class="irc-date">[11:18]</span> <span class="irc-green">* ciwrl|afk is now known as ciwrl|away</span><br />
<span class="irc-date">[11:41]</span> <span class="irc-green">* codeworkx (~yaaic@tmo-105-57.customers.d1-online.com) has joined this channel.</span><br />
<span class="irc-date">[11:48]</span> <span class="irc-navy">* codeworkx (~yaaic@tmo-105-57.customers.d1-online.com) Quit (Ping timeout: 260 seconds)</span><br />
<span class="irc-date">[13:27]</span> <span class="irc-green">* codeworkx (~yaaic@tmo-105-57.customers.d1-online.com) has joined this channel.</span><br />
<span class="irc-date">[13:35]</span> <span class="irc-green">* thedeanius (~dean@64.151.21.178) has joined this channel.</span><br />
<span class="irc-date">[14:16]</span> <span class="irc-navy">* magote (~magote@a79-169-106-110.cpe.netcabo.pt) Quit (Ping timeout: 255 seconds)</span><br />
<span class="irc-date">[14:20]</span> <span class="irc-green">* magote (~magote@a79-169-106-110.cpe.netcabo.pt) has joined this channel.</span><br />
<span class="irc-date">[14:27]</span> <span class="irc-navy">* codeworkx (~yaaic@tmo-105-57.customers.d1-online.com) Quit (Ping timeout: 240 seconds)</span><br />
<span class="irc-date">[14:43]</span> <span class="irc-green">* gdanko (~gdanko@66-162-32-185.static.twtelecom.net) has joined this channel.</span><br />
<span class="irc-date">[14:57]</span> <span class="irc-navy">* thedeanius (~dean@64.151.21.178) Quit (Quit: thedeanius)</span><br />
<span class="irc-date">[15:04]</span> <span class="irc-navy">* neldar (~neldar@dsl108-65.pool.bitel.net) Quit (Quit: Leaving.)</span><br />
<span class="irc-date">[15:26]</span> <span class="irc-green">* codeworkx (~codeworkx@95-89-111-251-dynip.superkabel.de) has joined this channel.</span><br />
<span class="irc-date">[15:34]</span> <span class="irc-navy">* magote (~magote@a79-169-106-110.cpe.netcabo.pt) Quit (Ping timeout: 240 seconds)</span><br />
<span class="irc-date">[15:39]</span> <span class="irc-green">* magote (~magote@a79-169-106-110.cpe.netcabo.pt) has joined this channel.</span><br />
<span class="irc-date">[15:53]</span> <span class="irc-green">* izibi (~julian@unaffiliated/izibi) has joined this channel.</span><br />
<span class="irc-date">[16:05]</span> <span class="irc-navy">* magote (~magote@a79-169-106-110.cpe.netcabo.pt) Quit (Ping timeout: 260 seconds)</span><br />
<span class="irc-date">[16:10]</span> <span class="irc-green">* magote (~magote@a79-169-102-73.cpe.netcabo.pt) has joined this channel.</span><br />
<span class="irc-date">[16:21]</span> <span class="irc-navy">* magote (~magote@a79-169-102-73.cpe.netcabo.pt) Quit (Ping timeout: 240 seconds)</span><br />
<span class="irc-date">[16:50]</span> <span class="irc-green">* thedeanius (~dean@64.151.21.178) has joined this channel.</span><br />
<span class="irc-date">[17:10]</span> <span class="irc-green">* awiaI9000test (~darkBiLLy@60.37.222.87.dynamic.jazztel.es) has joined this channel.</span><br />
<span class="irc-date">[17:16]</span> <span class="irc-green">* Kaik541 (~nertz@cpe-174-111-246-012.triad.res.rr.com) has joined this channel.</span><br />
<span class="irc-date">[17:41]</span> <span class="irc-green">* CAP3775 (~darkBiLLy@102.37.222.87.dynamic.jazztel.es) has joined this channel.</span><br />
<span class="irc-date">[17:42]</span> <span class="irc-green">* magote (~magote@a79-169-106-110.cpe.netcabo.pt) has joined this channel.</span><br />
<span class="irc-date">[17:44]</span> <span class="irc-navy">* awiaI9000test (~darkBiLLy@60.37.222.87.dynamic.jazztel.es) Quit (Ping timeout: 276 seconds)</span><br />
<span class="irc-date">[17:45]</span> <span class="irc-green">* coolya (~kolja@xdslw128.osnanet.de) has joined this channel.</span><br />
