<span class="irc-date">[0:01]</span> <span class="irc-navy">* izibi (~julian@unaffiliated/izibi) Quit (Ping timeout: 240 seconds)</span><br />
<span class="irc-date">[0:09]</span> <span class="irc-green">* skeeterslint (~skeetersl@c-71-192-215-99.hsd1.ma.comcast.net) has joined this channel.</span><br />
<span class="irc-date">[0:34]</span> <span class="irc-navy">* neldar (~neldar@dsl24-149.pool.bitel.net) Quit (Quit: Leaving.)</span><br />
<span class="irc-date">[0:36]</span> <span class="irc-green">* neldar (~neldar@dsl24-149.pool.bitel.net) has joined this channel.</span><br />
<span class="irc-date">[0:36]</span> <span class="irc-black">&lt;- *neldar* Bot Sentry eingeschalten:  Sie werden jetzt ignoriert!  Ihre Nachricht wird 端bermittelt wenn sie die folgenden Fragen innerhalb von 10 Minuten richtig beantworten:  Wie buchstabieren sie das Ergebnis (Zahl) aus 10 geteilt durch zwei?</span><br />
<span class="irc-date">[1:35]</span> <span class="irc-navy">* neldar (~neldar@dsl24-149.pool.bitel.net) Quit (Quit: Leaving.)</span><br />
<span class="irc-date">[2:10]</span> <span class="irc-green">* forcystos (625528ef@gateway/web/freenode/ip.98.85.40.239) has joined this channel.</span><br />
<span class="irc-date">[2:26]</span> <span class="irc-black">&lt;forcystos&gt; <a href="http://pastebin.com/PV7DjNRF">http://pastebin.com/PV7DjNRF</a> what the hell is harmony?</span><br />
<span class="irc-date">[2:46]</span> <span class="irc-black">&lt;Unhelpful&gt; harmony, how does it work?</span><br />
<span class="irc-date">[2:53]</span> <span class="irc-navy">* jtPassDaHellOut (~jt1134@c-71-207-226-80.hsd1.al.comcast.net) Quit (Quit: Leaving)</span><br />
<span class="irc-date">[2:55]</span> <span class="irc-navy">* forcystos (625528ef@gateway/web/freenode/ip.98.85.40.239) Quit (Quit: Page closed)</span><br />
<span class="irc-date">[3:14]</span> <span class="irc-green">* noobnl (~noob@host-174-22-220-24.midco.net) has joined this channel.</span><br />
<span class="irc-date">[3:14]</span> <span class="irc-navy">* noobnl (~noob@host-174-22-220-24.midco.net) Quit (Changing host)</span><br />
<span class="irc-date">[3:14]</span> <span class="irc-green">* noobnl (~noob@unaffiliated/noobnl) has joined this channel.</span><br />
<span class="irc-date">[3:16]</span> <span class="irc-green">* noobnl0 (~noob@unaffiliated/noobnl) has joined this channel.</span><br />
<span class="irc-date">[3:19]</span> <span class="irc-navy">* noobnl (~noob@unaffiliated/noobnl) Quit (Ping timeout: 265 seconds)</span><br />
<span class="irc-date">[6:11]</span> <span class="irc-black">&lt;ciwrl|away&gt; harmony = viewsonic g iirc</span><br />
<span class="irc-date">[6:11]</span> <span class="irc-black">&lt;ciwrl|away&gt; tegra tablet</span><br />
<span class="irc-date">[6:12]</span> <span class="irc-green">* noobnl (~noob@host-174-22-220-24.midco.net) has joined this channel.</span><br />
<span class="irc-date">[6:12]</span> <span class="irc-navy">* noobnl (~noob@host-174-22-220-24.midco.net) Quit (Changing host)</span><br />
<span class="irc-date">[6:12]</span> <span class="irc-green">* noobnl (~noob@unaffiliated/noobnl) has joined this channel.</span><br />
<span class="irc-date">[6:13]</span> <span class="irc-navy">* noobnl0 (~noob@unaffiliated/noobnl) Quit (Ping timeout: 245 seconds)</span><br />
<span class="irc-date">[7:26]</span> <span class="irc-navy">* skeeterslint (~skeetersl@c-71-192-215-99.hsd1.ma.comcast.net) Quit (Quit: Leaving)</span><br />
<span class="irc-date">[8:46]</span> <span class="irc-navy">* noobnl (~noob@unaffiliated/noobnl) Quit ()</span><br />
<span class="irc-date">[9:45]</span> <span class="irc-green">* neldar (~neldar@dsl-217-169-140.pool.bitel.net) has joined this channel.</span><br />
<span class="irc-date">[9:45]</span> <span class="irc-black">&lt;- *neldar* Bot Sentry eingeschalten:  Sie werden jetzt ignoriert!  Ihre Nachricht wird 端bermittelt wenn sie die folgenden Fragen innerhalb von 10 Minuten richtig beantworten:  Wie buchstabieren sie das Ergebnis (Zahl) aus 10 geteilt durch zwei?</span><br />
<span class="irc-date">[10:23]</span> <span class="irc-green">* rjmjr69 is now known as rjmjr69-Nite</span><br />
<span class="irc-date">[10:32]</span> <span class="irc-navy">* neldar (~neldar@dsl-217-169-140.pool.bitel.net) Quit (Quit: Leaving.)</span><br />
<span class="irc-date">[11:25]</span> <span class="irc-navy">* atinm|away (~atin@unaffiliated/atinm) Quit (Quit: atinm|away)</span><br />
<span class="irc-date">[11:31]</span> <span class="irc-black">&lt;cob&gt; is there a checklist for things to setup for compiling from source?</span><br />
<span class="irc-date">[11:32]</span> <span class="irc-black">&lt;cob&gt; I flashed the least old beta on my I9000B and it was working okay except for the touchscreen</span><br />
<span class="irc-date">[12:24]</span> <span class="irc-navy">* magote (~magoteI90@a79-169-106-110.cpe.netcabo.pt) Quit (Ping timeout: 265 seconds)</span><br />
<span class="irc-date">[12:27]</span> <span class="irc-green">* magote (~magoteI90@a79-169-106-110.cpe.netcabo.pt) has joined this channel.</span><br />
<span class="irc-date">[12:46]</span> <span class="irc-black">&lt;cob&gt; ahh, here's the howto on the topic. heh</span><br />
<span class="irc-date">[13:00]</span> <span class="irc-black">&lt;cob&gt; man, this will take a while at 40KB/s</span><br />
<span class="irc-date">[13:01]</span> <span class="irc-black">&lt;cob&gt; time to go buy a new surfboard I guess</span><br />
<span class="irc-date">[13:22]</span> <span class="irc-green">* izibi (~julian@unaffiliated/izibi) has joined this channel.</span><br />
<span class="irc-date">[13:32]</span> <span class="irc-green">* atinm (~amalaviya@unaffiliated/atinm) has joined this channel.</span><br />
<span class="irc-date">[13:32]</span> <span class="irc-green">* ChanServ sets mode +o atinm</span><br />
<span class="irc-date">[13:32]</span> <span class="irc-black">&lt;nitam|work&gt; at work . . . for real.</span><br />
<span class="irc-date">[13:33]</span> <span class="irc-black">&lt;nitam|work&gt; turns out US markets are open on friday - half day, but still - open.</span><br />
<span class="irc-date">[13:33]</span> <span class="irc-black">&lt;nitam|work&gt; (stock and futures markets I mean - not black friday retail markets :) )</span><br />
<span class="irc-date">[13:34]</span> <span class="irc-black">&lt;nitam|work&gt; crap. we complain about windows asking us to reboot after updates . . . I have to reboot my work linux machine after an update . . .</span><br />
<span class="irc-date">[13:34]</span> <span class="irc-black">&lt;nitam|work&gt; brb</span><br />
<span class="irc-date">[13:34]</span> <span class="irc-green">* nitam|work (work@work.com) has left this channel.</span><br />
<span class="irc-date">[13:36]</span> <span class="irc-green">* atinm (~amalaviya@unaffiliated/atinm) has joined this channel.</span><br />
<span class="irc-date">[13:36]</span> <span class="irc-green">* ChanServ sets mode +o atinm</span><br />
<span class="irc-date">[13:50]</span> <span class="irc-navy">* DJRichie (~djrichier@i.love.kingklick.org) Quit (*.net *.split)</span><br />
<span class="irc-date">[13:52]</span> <span class="irc-green">* DJRichie (~djrichier@i.love.kingklick.org) has joined this channel.</span><br />
<span class="irc-date">[14:21]</span> <span class="irc-green">* codeworkx (~codeworkx@95-89-111-251-dynip.superkabel.de) has joined this channel.</span><br />
<span class="irc-date">[14:52]</span> <span class="irc-black">&lt;nitam|work&gt; funny, it looks like I am spamming github with all the pushes to irc_logs :)</span><br />
<span class="irc-date">[15:11]</span> <span class="irc-navy">* codeworkx (~codeworkx@95-89-111-251-dynip.superkabel.de) Quit (Remote host closed the connection)</span><br />
<span class="irc-date">[15:34]</span> <span class="irc-black">&lt;nitam|work&gt; hrm, lets see..</span><br />
<span class="irc-date">[15:37]</span> <span class="irc-black">&lt;nitam|work&gt; hey thedood|away?</span><br />
<span class="irc-date">[15:57]</span> <span class="irc-green">* neldar (~neldar@dsl-217-169-140.pool.bitel.net) has joined this channel.</span><br />
<span class="irc-date">[15:57]</span> <span class="irc-black">&lt;- *neldar* Bot Sentry eingeschalten:  Sie werden jetzt ignoriert!  Ihre Nachricht wird 端bermittelt wenn sie die folgenden Fragen innerhalb von 10 Minuten richtig beantworten:  Wie buchstabieren sie das Ergebnis (Zahl) aus 10 geteilt durch zwei?</span><br />
<span class="irc-date">[15:58]</span> <span class="irc-navy">* neldar (~neldar@dsl-217-169-140.pool.bitel.net) Quit (Remote host closed the connection)</span><br />
<span class="irc-date">[16:00]</span> <span class="irc-green">* neldar (~neldar@dsl-217-169-140.pool.bitel.net) has joined this channel.</span><br />
<span class="irc-date">[16:00]</span> <span class="irc-black">&lt;- *neldar* Bot Sentry eingeschalten:  Sie werden jetzt ignoriert!  Ihre Nachricht wird 端bermittelt wenn sie die folgenden Fragen innerhalb von 10 Minuten richtig beantworten:  Wie buchstabieren sie das Ergebnis (Zahl) aus 10 geteilt durch zwei?</span><br />
<span class="irc-date">[16:54]</span> <span class="irc-navy">* dasunsrule32 (~dasunsrul@149-169-244-230.nat.asu.edu) Quit (Ping timeout: 240 seconds)</span><br />
<span class="irc-date">[17:13]</span> <span class="irc-green">* codeworkx (~codeworkx@95-89-111-251-dynip.superkabel.de) has joined this channel.</span><br />
<span class="irc-date">[18:08]</span> <span class="irc-green">* coolya (~kolja@xdslev207.osnanet.de) has joined this channel.</span><br />
<span class="irc-date">[18:16]</span> <span class="irc-navy">* ciwrl|away (~ciwrl@pool-96-255-50-226.washdc.fios.verizon.net) Quit (Ping timeout: 265 seconds)</span><br />
<span class="irc-date">[18:20]</span> <span class="irc-green">* ciwrl (~ciwrl@pool-96-255-2-50.washdc.fios.verizon.net) has joined this channel.</span><br />
<span class="irc-date">[18:27]</span> <span class="irc-green">* skeeterslint (~skeetersl@c-71-192-215-99.hsd1.ma.comcast.net) has joined this channel.</span><br />
<span class="irc-date">[18:35]</span> <span class="irc-green">* dasunsrule32 (~dasunsrul@149-169-129-190.nat.asu.edu) has joined this channel.</span><br />
<span class="irc-date">[19:15]</span> <span class="irc-navy">* codeworkx (~codeworkx@95-89-111-251-dynip.superkabel.de) Quit (Remote host closed the connection)</span><br />
<span class="irc-date">[19:22]</span> <span class="irc-green">* codeworkx (~codeworkx@95-89-111-251-dynip.superkabel.de) has joined this channel.</span><br />
<span class="irc-date">[19:23]</span> <span class="irc-black">&lt;cob&gt; atinm away?</span><br />
<span class="irc-date">[19:24]</span> <span class="irc-black">&lt;cob&gt; sorry was just ccccSUBSYSTEMS=="usb", ATTRS{idVendor}=="0bb4", ATTRS{idProduct}=="0c01", MODE="0666", OWNER="[user_name]" #Normal</span><br />
<span class="irc-date">[19:24]</span> <span class="irc-black">&lt;cob&gt; SUBSYSTEMS=="usb", ATTRS{idVendor}=="0bb4", ATTRS{idProduct}=="0c02", MODE="0666", OWNER="[user_name]" #Recovery</span><br />
<span class="irc-date">[19:24]</span> <span class="irc-black">&lt;cob&gt; SUBSYSTEMS=="usb", ATTRS{idVendor}=="0bb4", ATTRS{idProduct}=="0fff", MODE="0666", OWNER="[user_name]" #Fastboot</span><br />
<span class="irc-date">[19:25]</span> <span class="irc-black">&lt;cob&gt; gah</span><br />
<span class="irc-date">[19:25]</span> <span class="irc-black">&lt;cob&gt; this shit still happen man</span><br />
<span class="irc-date">[19:29]</span> <span class="irc-green">* ciwrl is now known as ciwrl|away</span><br />
<span class="irc-date">[19:31]</span> <span class="irc-black">&lt;nitam|work&gt; I'm sorry, what?</span><br />
<span class="irc-date">[19:32]</span> <span class="irc-black">&lt;cob&gt; just checking</span><br />
<span class="irc-date">[19:38]</span> <span class="irc-black">&lt;cob&gt; man, the android repo is taking forever on 40KB/s</span><br />
<span class="irc-date">[19:38]</span> <span class="irc-black">&lt;cob&gt; and I stopped it for a ouple of hours</span><br />
<span class="irc-date">[19:39]</span> <span class="irc-black">&lt;cob&gt; an ouple</span><br />
<span class="irc-date">[19:39]</span> <span class="irc-black">&lt;cob&gt; *</span><br />
<span class="irc-date">[19:39]</span> <span class="irc-black">&lt;cob&gt;   O</span><br />
<span class="irc-date">[19:39]</span> <span class="irc-black">&lt;cob&gt;      .</span><br />
<span class="irc-date">[19:40]</span> <span class="irc-green">* cob is now known as cob|fishing</span><br />
<span class="irc-date">[19:47]</span> <span class="irc-black">&lt;skeeterslint&gt; could someone add me to the epics devices files repo when time permits please</span><br />
<span class="irc-date">[19:55]</span> <span class="irc-navy">* coolya (~kolja@xdslev207.osnanet.de) Quit (Ping timeout: 255 seconds)</span><br />
<span class="irc-date">[20:00]</span> <span class="irc-black">&lt;nitam|work&gt; skeeterslint: android_device_samsung_epic?</span><br />
<span class="irc-date">[20:00]</span> <span class="irc-black">&lt;skeeterslint&gt; yeah please</span><br />
<span class="irc-date">[20:00]</span> <span class="irc-black">&lt;nitam|work&gt; added</span><br />
<span class="irc-date">[20:00]</span> <span class="irc-green">* coolya (~kolja@xdslev207.osnanet.de) has joined this channel.</span><br />
<span class="irc-date">[20:00]</span> <span class="irc-black">&lt;skeeterslint&gt; thanks</span><br />
<span class="irc-date">[20:01]</span> <span class="irc-black">&lt;nitam|work&gt; any others?</span><br />
<span class="irc-date">[20:01]</span> <span class="irc-black">&lt;skeeterslint&gt; just that one for now</span><br />
<span class="irc-date">[20:01]</span> <span class="irc-black">&lt;nitam|work&gt; anyone else?</span><br />
<span class="irc-date">[20:01]</span> <span class="irc-black">&lt;skeeterslint&gt; i think forcystos is working on a few too</span><br />
<span class="irc-date">[20:01]</span> <span class="irc-black">&lt;nitam|work&gt; he is already on that.</span><br />
<span class="irc-date">[20:02]</span> <span class="irc-black">&lt;skeeterslint&gt; yeah</span><br />
<span class="irc-date">[20:02]</span> <span class="irc-black">&lt;skeeterslint&gt; i think hes gonna start off with working on the framework</span><br />
<span class="irc-date">[20:05]</span> <span class="irc-black">&lt;cob|fishing&gt; what's this epimvx</span><br />
<span class="irc-date">[20:06]</span> <span class="irc-navy">* skeeterslint (~skeetersl@c-71-192-215-99.hsd1.ma.comcast.net) Quit (Remote host closed the connection)</span><br />
<span class="irc-date">[20:06]</span> <span class="irc-black">&lt;cob|fishing&gt; sorry, my see key is troublesom</span><br />
<span class="irc-date">[20:06]</span> <span class="irc-black">&lt;nitam|work&gt; sprint's galaxy s.</span><br />
<span class="irc-date">[20:08]</span> <span class="irc-black">&lt;cob|fishing&gt; i ordered a new keyboard from HK and its still not here</span><br />
<span class="irc-date">[20:08]</span> <span class="irc-black">&lt;cob|fishing&gt; lukily not a lot of words aktually use the fing see key</span><br />
<span class="irc-date">[20:09]</span> <span class="irc-black">&lt;cob|fishing&gt; makes hell for logins</span><br />
<span class="irc-date">[20:10]</span> <span class="irc-black">&lt;cob|fishing&gt; and the bits keep donloading and downloading... I'm tired of this 40KB/s</span><br />
<span class="irc-date">[20:10]</span> <span class="irc-black">&lt;cob|fishing&gt; whoa, 120 KiB/s</span><br />
<span class="irc-date">[20:11]</span> <span class="irc-black">&lt;cob|fishing&gt; go figure... now 40 again</span><br />
<span class="irc-date">[20:32]</span> <span class="irc-green">* nitam|work (work@work.com) has left this channel.</span><br />
<span class="irc-date">[20:44]</span> <span class="irc-black">&lt;cob|fishing&gt; wahhhhhh! there's so muh shit I don't need</span><br />
<span class="irc-date">[20:45]</span> <span class="irc-black">&lt;cob|fishing&gt; private repo all the way</span><br />
<span class="irc-date">[20:45]</span> <span class="irc-black">&lt;cob|fishing&gt; merge bak</span><br />
<span class="irc-date">[20:45]</span> <span class="irc-black">&lt;cob|fishing&gt; there's too muh duplimvx</span><br />
<span class="irc-date">[20:46]</span> <span class="irc-black">&lt;cob|fishing&gt; I'm sure</span><br />
<span class="irc-date">[20:46]</span> <span class="irc-black">&lt;cob|fishing&gt; hell yeh I'm strunk</span><br />
<span class="irc-date">[20:46]</span> <span class="irc-black">&lt;cob|fishing&gt; its friday, toch</span><br />
<span class="irc-date">[20:47]</span> <span class="irc-black">&lt;cob|fishing&gt; this keyboard glitsh doesn't help at all to hide it</span><br />
<span class="irc-date">[20:49]</span> <span class="irc-black">&lt;cob|fishing&gt; I'm so glad that I can flash my phone bak and forth</span><br />
<span class="irc-date">[20:50]</span> <span class="irc-black">&lt;cob|fishing&gt; the firmwar that kame standard on the friggin phone was just... bad</span><br />
<span class="irc-date">[20:50]</span> <span class="irc-black">&lt;cob|fishing&gt; jesus, at least the unbranded animations boot up nise</span><br />
<span class="irc-date">[20:51]</span> <span class="irc-black">&lt;cob|fishing&gt; best of all is getting rid of that friggin yahoo searhs bar</span><br />
<span class="irc-date">[20:52]</span> <span class="irc-black">&lt;cob|fishing&gt; I9000B running Argentina ROM</span><br />
<span class="irc-date">[20:52]</span> <span class="irc-black">&lt;cob|fishing&gt; Ekair</span><br />
<span class="irc-date">[20:52]</span> <span class="irc-black">&lt;cob|fishing&gt; Eclair</span><br />
<span class="irc-date">[20:53]</span> <span class="irc-black">&lt;cob|fishing&gt; okay, only issue with the cm 6 is the touchscreen for me at the mo</span><br />
<span class="irc-date">[20:54]</span> <span class="irc-black">&lt;cob|fishing&gt; something eating the sensor</span><br />
<span class="irc-date">[20:54]</span> <span class="irc-black">&lt;cob|fishing&gt; something eating the cpu there</span><br />
<span class="irc-date">[20:54]</span> <span class="irc-black">&lt;cob|fishing&gt; dunoo...</span><br />
<span class="irc-date">[20:54]</span> <span class="irc-black">&lt;cob|fishing&gt; it work okay sometimes, but grinds to a halt</span><br />
<span class="irc-date">[20:55]</span> <span class="irc-black">&lt;cob|fishing&gt; best I fix that first... waiting for fing download</span><br />
<span class="irc-date">[21:04]</span> <span class="irc-navy">* neldar (~neldar@dsl-217-169-140.pool.bitel.net) Quit (Quit: Leaving.)</span><br />
<span class="irc-date">[21:12]</span> <span class="irc-green">* noobnl (~noob@host-174-22-220-24.midco.net) has joined this channel.</span><br />
<span class="irc-date">[21:12]</span> <span class="irc-navy">* noobnl (~noob@host-174-22-220-24.midco.net) Quit (Changing host)</span><br />
<span class="irc-date">[21:12]</span> <span class="irc-green">* noobnl (~noob@unaffiliated/noobnl) has joined this channel.</span><br />
<span class="irc-date">[21:14]</span> <span class="irc-black">&lt;cob|fishing&gt; yeah I'm leaving... on the next train... that's mvx</span><br />
<span class="irc-date">[21:14]</span> <span class="irc-black">&lt;cob|fishing&gt; oming round again</span><br />
<span class="irc-date">[21:16]</span> <span class="irc-black">&lt;cob|fishing&gt; peaselair</span><br />
<span class="irc-date">[21:17]</span> <span class="irc-black">&lt;cob|fishing&gt; highly kompakt</span><br />
<span class="irc-date">[21:17]</span> <span class="irc-black">&lt;cob|fishing&gt; anyone haf a neutrino bomb handy?</span><br />
<span class="irc-date">[21:19]</span> <span class="irc-black">&lt;cob|fishing&gt; indetektible one</span><br />
<span class="irc-date">[21:19]</span> <span class="irc-black">&lt;cob|fishing&gt; hong kong is killing me...</span><br />
<span class="irc-date">[21:20]</span> <span class="irc-black">&lt;cob|fishing&gt; how long does it take to get a fing keygoard</span><br />
<span class="irc-date">[21:53]</span> <span class="irc-navy">* noobnl (~noob@unaffiliated/noobnl) Quit ()</span><br />
