<span class="irc-date">[0:03]</span> <span class="irc-navy">* gdanko (~gdanko@66-162-32-185.static.twtelecom.net) Quit (Quit: This computer has gone to sleep)</span><br />
<span class="irc-date">[0:21]</span> <span class="irc-black">&lt;skeeterslint&gt; anyone on that can give me some clues as to whats up with these errors and some ideas to fix them? <a href="http://pastebin.com/YTxgTC5j">http://pastebin.com/YTxgTC5j</a></span><br />
<span class="irc-date">[0:36]</span> <span class="irc-navy">* jt|AFK (~jt1134@c-71-207-226-80.hsd1.al.comcast.net) Quit (Quit: Leaving)</span><br />
<span class="irc-date">[2:20]</span> <span class="irc-green">* rjmjr69 (~Administr@c-24-62-52-123.hsd1.ma.comcast.net) has joined this channel.</span><br />
<span class="irc-date">[2:29]</span> <span class="irc-navy">* neldar (~neldar@dsl16-217.pool.bitel.net) Quit (Remote host closed the connection)</span><br />
<span class="irc-date">[3:07]</span> <span class="irc-green">* jeagoss_ (jef@i.kanged.kingklick.org) has joined this channel.</span><br />
<span class="irc-date">[3:08]</span> <span class="irc-green">* forcystos (~forcystos@adsl-85-57-57.mco.bellsouth.net) has joined this channel.</span><br />
<span class="irc-date">[3:09]</span> <span class="irc-navy">* jeagoss (jef@i.kanged.kingklick.org) Quit (Read error: Connection reset by peer)</span><br />
<span class="irc-date">[3:10]</span> <span class="irc-green">* jeagoss_ is now known as jeagoss</span><br />
<span class="irc-date">[3:23]</span> <span class="irc-green">* forcystos_ (~forcystos@108.109.91.29) has joined this channel.</span><br />
<span class="irc-date">[3:24]</span> <span class="irc-navy">* forcystos (~forcystos@adsl-85-57-57.mco.bellsouth.net) Quit (Ping timeout: 240 seconds)</span><br />
<span class="irc-date">[3:27]</span> <span class="irc-navy">* forcystos_ (~forcystos@108.109.91.29) Quit (Ping timeout: 240 seconds)</span><br />
<span class="irc-date">[3:29]</span> <span class="irc-black">&lt;Unhelpful&gt; noobnl: yah? :D</span><br />
<span class="irc-date">[3:30]</span> <span class="irc-black">&lt;Unhelpful&gt; gdanko: (for the logs) the console service is how adbd decides what shell to launch</span><br />
<span class="irc-date">[3:35]</span> <span class="irc-black">&lt;Unhelpful&gt; noobnl: added... was that all you wanted? :)</span><br />
<span class="irc-date">[3:35]</span> <span class="irc-green">* dasunsrule32 (~dasunsrul@christiantechsaz.com) has joined this channel.</span><br />
<span class="irc-date">[3:49]</span> <span class="irc-green">* gdanko (~gdanko@99-33-178-151.lightspeed.simica.sbcglobal.net) has joined this channel.</span><br />
<span class="irc-date">[3:54]</span> <span class="irc-navy">* gdanko (~gdanko@99-33-178-151.lightspeed.simica.sbcglobal.net) Quit (Ping timeout: 240 seconds)</span><br />
<span class="irc-date">[3:59]</span> <span class="irc-green">* gdanko (~gdanko@nat/yahoo/x-swwgaecbqzkeqnpn) has joined this channel.</span><br />
<span class="irc-date">[4:20]</span> <span class="irc-green">* ciwrl|away is now known as ciwrl</span><br />
<span class="irc-date">[4:35]</span> <span class="irc-green">* jt1134 (~jt1134@c-71-207-226-80.hsd1.al.comcast.net) has joined this channel.</span><br />
<span class="irc-date">[4:51]</span> <span class="irc-navy">* dasunsrule32 (~dasunsrul@christiantechsaz.com) Quit (*.net *.split)</span><br />
<span class="irc-date">[4:51]</span> <span class="irc-navy">* Pedlar (~mkoenig@vps4590.inmotionhosting.com) Quit (*.net *.split)</span><br />
<span class="irc-date">[4:51]</span> <span class="irc-navy">* cob (~conrado@swan.dds.nl) Quit (*.net *.split)</span><br />
<span class="irc-date">[4:51]</span> <span class="irc-navy">* wArri (~dave.will@rrcs-72-45-254-78.nys.biz.rr.com) Quit (*.net *.split)</span><br />
<span class="irc-date">[4:54]</span> <span class="irc-green">* wArri (~dave.will@rrcs-72-45-254-78.nys.biz.rr.com) has joined this channel.</span><br />
<span class="irc-date">[4:55]</span> <span class="irc-green">* Pedlar (~mkoenig@vps4590.inmotionhosting.com) has joined this channel.</span><br />
<span class="irc-date">[4:55]</span> <span class="irc-green">* cob (~conrado@swan.dds.nl) has joined this channel.</span><br />
<span class="irc-date">[4:56]</span> <span class="irc-green">* dasunsrule32 (~dasunsrul@christiantechsaz.com) has joined this channel.</span><br />
<span class="irc-date">[4:57]</span> <span class="irc-navy">* dasunsrule32 (~dasunsrul@christiantechsaz.com) Quit (*.net *.split)</span><br />
<span class="irc-date">[4:57]</span> <span class="irc-navy">* Pedlar (~mkoenig@vps4590.inmotionhosting.com) Quit (*.net *.split)</span><br />
<span class="irc-date">[4:57]</span> <span class="irc-navy">* cob (~conrado@swan.dds.nl) Quit (*.net *.split)</span><br />
<span class="irc-date">[4:57]</span> <span class="irc-navy">* wArri (~dave.will@rrcs-72-45-254-78.nys.biz.rr.com) Quit (*.net *.split)</span><br />
<span class="irc-date">[4:58]</span> <span class="irc-green">* dasunsrule32 (~dasunsrul@christiantechsaz.com) has joined this channel.</span><br />
<span class="irc-date">[4:58]</span> <span class="irc-green">* cob (~conrado@swan.dds.nl) has joined this channel.</span><br />
<span class="irc-date">[4:58]</span> <span class="irc-green">* Pedlar (~mkoenig@vps4590.inmotionhosting.com) has joined this channel.</span><br />
<span class="irc-date">[4:58]</span> <span class="irc-green">* wArri (~dave.will@rrcs-72-45-254-78.nys.biz.rr.com) has joined this channel.</span><br />
<span class="irc-date">[5:21]</span> <span class="irc-navy">* gdanko (~gdanko@nat/yahoo/x-swwgaecbqzkeqnpn) Quit (Quit: This computer has gone to sleep)</span><br />
<span class="irc-date">[5:38]</span> <span class="irc-green">* forcystos (62553939@gateway/web/freenode/ip.98.85.57.57) has joined this channel.</span><br />
<span class="irc-date">[5:47]</span> <span class="irc-black">&lt;forcystos&gt; samsung's camera libs have security checks? <a href="http://pastebin.com/ysgNH6kK">http://pastebin.com/ysgNH6kK</a></span><br />
<span class="irc-date">[6:09]</span> <span class="irc-black">&lt;forcystos&gt; does bluetooth work on cappy/vibe/i9?</span><br />
<span class="irc-date">[6:32]</span> <span class="irc-navy">* dasunsrule32 (~dasunsrul@christiantechsaz.com) Quit (Ping timeout: 260 seconds)</span><br />
