<span class="irc-date">[0:03]</span> <span class="irc-green">* jt1134 (~jt1134@c-71-207-226-80.hsd1.al.comcast.net) has joined this channel.</span><br />
<span class="irc-date">[0:40]</span> <span class="irc-black">&lt;noobnl&gt; poke</span><br />
<span class="irc-date">[0:46]</span> <span class="irc-navy">* izibi (~julian@unaffiliated/izibi) Quit (Read error: Operation timed out)</span><br />
<span class="irc-date">[0:54]</span> <span class="irc-navy">* thedeanius (~dean@c-24-2-24-87.hsd1.mo.comcast.net) Quit (Quit: thedeanius)</span><br />
<span class="irc-date">[1:34]</span> <span class="irc-green">* ciwrl is now known as ciwrl|afk</span><br />
<span class="irc-date">[3:26]</span> <span class="irc-green">* shad0wf0x (~shad0w@d149-67-84-103.try.wideopenwest.com) has joined this channel.</span><br />
<span class="irc-date">[3:30]</span> <span class="irc-green">* thedeanius (~dean@c-24-2-24-87.hsd1.mo.comcast.net) has joined this channel.</span><br />
<span class="irc-date">[3:31]</span> <span class="irc-navy">* thedeanius (~dean@c-24-2-24-87.hsd1.mo.comcast.net) Quit (Client Quit)</span><br />
<span class="irc-date">[4:14]</span> <span class="irc-green">* neldar1 (~neldar@dsl-217-165-122.pool.bitel.net) has joined this channel.</span><br />
<span class="irc-date">[4:14]</span> <span class="irc-navy">* neldar (~neldar@dsl-217-166-94.pool.bitel.net) Quit (Disconnected by services)</span><br />
<span class="irc-date">[4:14]</span> <span class="irc-black">&lt;- *neldar1* Bot Sentry eingeschalten:  Sie werden jetzt ignoriert!  Ihre Nachricht wird übermittelt wenn sie die folgenden Fragen innerhalb von 10 Minuten richtig beantworten:  How do you spell the result of ten divided by 2?</span><br />
<span class="irc-date">[4:25]</span> <span class="irc-green">* ciwrl|afk is now known as ciwrl</span><br />
<span class="irc-date">[5:08]</span> <span class="irc-green">* skeeterslint (~skeetersl@c-71-192-215-99.hsd1.ma.comcast.net) has joined this channel.</span><br />
<span class="irc-date">[7:18]</span> <span class="irc-black">&lt;skeeterslint&gt; anyone know why netcfg does this?  # netcfg</span><br />
<span class="irc-date">[7:18]</span> <span class="irc-black">&lt;skeeterslint&gt; link_image[2033]: failed to link netcfg</span><br />
<span class="irc-date">[7:18]</span> <span class="irc-black">&lt;skeeterslint&gt; CANNOT LINK EXECUTABLE</span><br />
<span class="irc-date">[7:18]</span> <span class="irc-black">&lt;skeeterslint&gt; ~ #</span><br />
<span class="irc-date">[7:54]</span> <span class="irc-green">* jt1134 is now known as jt|sleepMOFO</span><br />
<span class="irc-date">[7:54]</span> <span class="irc-green">* coolya (~kolja@xdslaq063.osnanet.de) has joined this channel.</span><br />
<span class="irc-date">[8:35]</span> <span class="irc-green">* jt|sleepMOFO is now known as jt|zombiesmoke</span><br />
<span class="irc-date">[9:32]</span> <span class="irc-green">* jt|zombiesmoke is now known as jt|sleep</span><br />
<span class="irc-date">[9:55]</span> <span class="irc-navy">* skeeterslint (~skeetersl@c-71-192-215-99.hsd1.ma.comcast.net) Quit (Quit: Leaving)</span><br />
<span class="irc-date">[10:31]</span> <span class="irc-green">* izibi (~julian@unaffiliated/izibi) has joined this channel.</span><br />
<span class="irc-date">[11:38]</span> <span class="irc-green">* ciwrl is now known as ciwrl|away</span><br />
<span class="irc-date">[12:29]</span> <span class="irc-green">* codeworkx (~codeworkx@95-89-111-251-dynip.superkabel.de) has joined this channel.</span><br />
<span class="irc-date">[13:20]</span> <span class="irc-navy">* DDRBoxman (DDRBoxman@pool-173-79-207-31.washdc.fios.verizon.net) Quit (Ping timeout: 264 seconds)</span><br />
<span class="irc-date">[14:17]</span> <span class="irc-navy">* shad0wf0x (~shad0w@d149-67-84-103.try.wideopenwest.com) Quit (Quit: ~ Trillian Astra - www.trillian.im ~)</span><br />
<span class="irc-date">[15:11]</span> <span class="irc-green">* thedeanius (~dean@c-24-2-24-87.hsd1.mo.comcast.net) has joined this channel.</span><br />
<span class="irc-date">[15:38]</span> <span class="irc-navy">* thedeanius (~dean@c-24-2-24-87.hsd1.mo.comcast.net) Quit (Quit: thedeanius)</span><br />
<span class="irc-date">[15:59]</span> <span class="irc-green">* wArri` (~dave.will@rrcs-72-45-254-78.nys.biz.rr.com) has joined this channel.</span><br />
<span class="irc-date">[16:03]</span> <span class="irc-green">* coolya (~kolja@xdslaq063.osnanet.de) has left this channel.</span><br />
<span class="irc-date">[16:03]</span> <span class="irc-navy">* wArri (~dave.will@rrcs-72-45-254-78.nys.biz.rr.com) Quit (Ping timeout: 264 seconds)</span><br />
<span class="irc-date">[16:05]</span> <span class="irc-green">* wArri` is now known as wArri</span><br />
<span class="irc-date">[16:06]</span> <span class="irc-navy">* noobnl (~noob@unaffiliated/noobnl) Quit ()</span><br />
<span class="irc-date">[16:11]</span> <span class="irc-green">* coolya (~kolja@xdslaq063.osnanet.de) has joined this channel.</span><br />
<span class="irc-date">[16:36]</span> <span class="irc-green">* kmobs_ (~kmobs@you.got.kanged.net) has joined this channel.</span><br />
<span class="irc-date">[16:41]</span> <span class="irc-navy">* kmobs (~kmobs@you.got.kanged.net) Quit (*.net *.split)</span><br />
<span class="irc-date">[17:37]</span> <span class="irc-green">* thedeanius (~dean@c-24-2-24-87.hsd1.mo.comcast.net) has joined this channel.</span><br />
<span class="irc-date">[17:37]</span> <span class="irc-navy">* thedeanius (~dean@c-24-2-24-87.hsd1.mo.comcast.net) Quit (Client Quit)</span><br />
<span class="irc-date">[18:43]</span> <span class="irc-green">* skeeterslint (~skeetersl@c-71-192-215-99.hsd1.ma.comcast.net) has joined this channel.</span><br />
<span class="irc-date">[19:55]</span> <span class="irc-navy">* coolya (~kolja@xdslaq063.osnanet.de) Quit (Ping timeout: 265 seconds)</span><br />
<span class="irc-date">[19:56]</span> <span class="irc-green">* noobnl (~noob@unaffiliated/noobnl) has joined this channel.</span><br />
