<span class="irc-date">[0:06]</span> <span class="irc-navy">* izibi (~julian@unaffiliated/izibi) Quit (Quit: leaving)</span><br />
<span class="irc-date">[0:07]</span> <span class="irc-green">* izibi (~julian@unaffiliated/izibi) has joined this channel.</span><br />
<span class="irc-date">[0:17]</span> <span class="irc-black">&lt;hceylan__&gt; any available to help with kernel compilation questions?</span><br />
<span class="irc-date">[0:26]</span> <span class="irc-green">* jt1134 is now known as jt|BBIAB</span><br />
<span class="irc-date">[0:40]</span> <span class="irc-green">* dasunsrule32 (~dasunsrul@christiantechsaz.com) has joined this channel.</span><br />
<span class="irc-date">[0:46]</span> <span class="irc-green">* ciwrl (~ciwrl@pool-173-79-22-43.washdc.fios.verizon.net) has joined this channel.</span><br />
<span class="irc-date">[1:07]</span> <span class="irc-navy">* dasunsrule32 (~dasunsrul@christiantechsaz.com) Quit (Ping timeout: 255 seconds)</span><br />
<span class="irc-date">[1:08]</span> <span class="irc-navy">* izibi (~julian@unaffiliated/izibi) Quit (Ping timeout: 260 seconds)</span><br />
<span class="irc-date">[2:53]</span> <span class="irc-navy">* thedeanius (~dean@c-24-2-24-87.hsd1.mo.comcast.net) Quit (Quit: thedeanius)</span><br />
<span class="irc-date">[3:07]</span> <span class="irc-green">* ciwrl is now known as ciwrl|away</span><br />
<span class="irc-date">[3:40]</span> <span class="irc-green">* jt|BBIAB is now known as jt|BlackOps</span><br />
<span class="irc-date">[4:15]</span> <span class="irc-green">* neldar1 (~neldar@dsl-217-161-157.pool.bitel.net) has joined this channel.</span><br />
<span class="irc-date">[4:15]</span> <span class="irc-navy">* neldar (~neldar@dsl-217-166-28.pool.bitel.net) Quit (Disconnected by services)</span><br />
<span class="irc-date">[4:15]</span> <span class="irc-green">* neldar1 is now known as neldar</span><br />
<span class="irc-date">[4:15]</span> <span class="irc-black">&lt;- *neldar* Bot Sentry eingeschalten:  Sie werden jetzt ignoriert!  Ihre Nachricht wird übermittelt wenn sie die folgenden Fragen innerhalb von 10 Minuten richtig beantworten:  How do you spell the result of ten div_ided by 2?</span><br />
<span class="irc-date">[4:26]</span> <span class="irc-green">* skeeterslint (~skeetersl@c-71-192-215-99.hsd1.ma.comcast.net) has joined this channel.</span><br />
<span class="irc-date">[4:52]</span> <span class="irc-green">* dasunsrule32 (~dasunsrul@christiantechsaz.com) has joined this channel.</span><br />
<span class="irc-date">[5:06]</span> <span class="irc-navy">* dasunsrule32 (~dasunsrul@christiantechsaz.com) Quit (Ping timeout: 264 seconds)</span><br />
<span class="irc-date">[5:34]</span> <span class="irc-green">* thedeanius (~dean@c-24-2-24-87.hsd1.mo.comcast.net) has joined this channel.</span><br />
<span class="irc-date">[5:50]</span> <span class="irc-navy">* neldar (~neldar@dsl-217-161-157.pool.bitel.net) Quit (Quit: Leaving.)</span><br />
<span class="irc-date">[6:31]</span> <span class="irc-green">* dasunsrule32 (~dasunsrul@christiantechsaz.com) has joined this channel.</span><br />
<span class="irc-date">[6:52]</span> <span class="irc-navy">* dasunsrule32 (~dasunsrul@christiantechsaz.com) Quit (Ping timeout: 255 seconds)</span><br />
<span class="irc-date">[6:57]</span> <span class="irc-navy">* skeeterslint (~skeetersl@c-71-192-215-99.hsd1.ma.comcast.net) Quit (Quit: Leaving)</span><br />
<span class="irc-date">[7:14]</span> <span class="irc-navy">* hceylan__ (~hceylan@213.248.153.186) Quit (Remote host closed the connection)</span><br />
<span class="irc-date">[7:17]</span> <span class="irc-green">* dasunsrule32 (~dasunsrul@christiantechsaz.com) has joined this channel.</span><br />
<span class="irc-date">[7:35]</span> <span class="irc-navy">* dasunsrule32 (~dasunsrul@christiantechsaz.com) Quit (Ping timeout: 272 seconds)</span><br />
<span class="irc-date">[10:10]</span> <span class="irc-green">* hceylan (~hceylan@213.248.153.186) has joined this channel.</span><br />
<span class="irc-date">[10:11]</span> <span class="irc-black">&lt;hceylan&gt; Hey anyone around for a little help</span><br />
<span class="irc-date">[10:11]</span> <span class="irc-black">&lt;hceylan&gt; I have successfully created a building product for Galaxy Tab</span><br />
<span class="irc-date">[10:11]</span> <span class="irc-black">&lt;hceylan&gt; But When I try to flash the rom using CW REcovery</span><br />
<span class="irc-date">[10:11]</span> <span class="irc-black">&lt;hceylan&gt; I get assertion errors for ro.XXX</span><br />
<span class="irc-date">[10:11]</span> <span class="irc-black">&lt;hceylan&gt; How I can work this around?</span><br />
<span class="irc-date">[12:23]</span> <span class="irc-navy">* thedeanius (~dean@c-24-2-24-87.hsd1.mo.comcast.net) Quit (Quit: thedeanius)</span><br />
<span class="irc-date">[12:44]</span> <span class="irc-green">* izibi (~julian@unaffiliated/izibi) has joined this channel.</span><br />
<span class="irc-date">[13:09]</span> <span class="irc-navy">* izibi (~julian@unaffiliated/izibi) Quit (Ping timeout: 240 seconds)</span><br />
<span class="irc-date">[13:17]</span> <span class="irc-green">* izibi (~julian@unaffiliated/izibi) has joined this channel.</span><br />
<span class="irc-date">[13:18]</span> <span class="irc-green">* thedeanius (~dean@64.151.21.178) has joined this channel.</span><br />
<span class="irc-date">[14:01]</span> <span class="irc-green">* dasunsrule32 (~dasunsrul@christiantechsaz.com) has joined this channel.</span><br />
<span class="irc-date">[15:12]</span> <span class="irc-green">* codeworkx (~codeworkx@95-89-111-251-dynip.superkabel.de) has joined this channel.</span><br />
<span class="irc-date">[15:44]</span> <span class="irc-green">* neldar (~neldar@dsl-217-161-157.pool.bitel.net) has joined this channel.</span><br />
<span class="irc-date">[15:44]</span> <span class="irc-black">&lt;- *neldar* Bot Sentry eingeschalten:  Sie werden jetzt ignoriert!  Ihre Nachricht wird übermittelt wenn sie die folgenden Fragen innerhalb von 10 Minuten richtig beantworten:  How do you spell the result of ten div_ided by 2?</span><br />
<span class="irc-date">[16:03]</span> <span class="irc-black">&lt;atinm&gt; hey coolya|away codeworkx - how is 2.6.35 coming?</span><br />
<span class="irc-date">[16:04]</span> <span class="irc-black">&lt;atinm&gt; and does your build actually try to use that kernel?</span><br />
<span class="irc-date">[16:05]</span> <span class="irc-black">&lt;atinm&gt; right now your repo is pointing at the source that looks like it is the nexus s (plus your changes to support SGS)</span><br />
<span class="irc-date">[16:05]</span> <span class="irc-black">&lt;atinm&gt; but since the captivate has a different orientation, we actually need branches</span><br />
<span class="irc-date">[16:06]</span> <span class="irc-black">&lt;atinm&gt; I'll fork yours and start modifying for captivate</span><br />
<span class="irc-date">[16:07]</span> <span class="irc-black">&lt;codeworkx&gt; no need for branches</span><br />
<span class="irc-date">[16:07]</span> <span class="irc-black">&lt;codeworkx&gt; captivate orientation is already in</span><br />
<span class="irc-date">[16:07]</span> <span class="irc-black">&lt;codeworkx&gt; CONFIG_SAMSUNG_CAPTIVATE</span><br />
<span class="irc-date">[16:07]</span> <span class="irc-black">&lt;atinm&gt; ok - just noticed that you have different build scripts</span><br />
<span class="irc-date">[16:07]</span> <span class="irc-black">&lt;atinm&gt; and different defconfigs</span><br />
<span class="irc-date">[16:07]</span> <span class="irc-black">&lt;atinm&gt; great</span><br />
<span class="irc-date">[16:07]</span> <span class="irc-black">&lt;codeworkx&gt; aries_captivate_defconfig</span><br />
<span class="irc-date">[16:07]</span> <span class="irc-black">&lt;codeworkx&gt; already done</span><br />
<span class="irc-date">[16:07]</span> <span class="irc-black">&lt;atinm&gt; great - thanks :)</span><br />
<span class="irc-date">[16:08]</span> <span class="irc-black">&lt;codeworkx&gt; but without recovery its a little bit tricky</span><br />
<span class="irc-date">[16:08]</span> <span class="irc-black">&lt;codeworkx&gt; flash kernel, erase_image system, adb push system</span><br />
<span class="irc-date">[16:08]</span> <span class="irc-black">&lt;atinm&gt; yes yes . . . I'm working on it, but wanted to make sure there were no holes left :)</span><br />
<span class="irc-date">[16:08]</span> <span class="irc-black">&lt;codeworkx&gt; set permissions manually</span><br />
<span class="irc-date">[16:41]</span> <span class="irc-green">* skeeterslint (~skeetersl@c-71-192-215-99.hsd1.ma.comcast.net) has joined this channel.</span><br />
<span class="irc-date">[16:51]</span> <span class="irc-black">&lt;hceylan&gt; atinm: I have build an ota zip file for SGT</span><br />
<span class="irc-date">[16:52]</span> <span class="irc-black">&lt;hceylan&gt; but I get "script aborted" error when I apply the zip</span><br />
<span class="irc-date">[16:52]</span> <span class="irc-black">&lt;hceylan&gt; do samsung devices support ota zips?</span><br />
<span class="irc-date">[16:53]</span> <span class="irc-black">&lt;atinm&gt; how are you trying to install it?</span><br />
<span class="irc-date">[16:58]</span> <span class="irc-black">&lt;hceylan&gt; using standrad CM 'make bacon' - copy onto sdcard - install from CW Recovery...</span><br />
<span class="irc-date">[16:59]</span> <span class="irc-black">&lt;hceylan&gt; atinm: do you guys use that program what was it called heim sth?</span><br />
<span class="irc-date">[16:59]</span> <span class="irc-black">&lt;atinm&gt; we do use heimdall</span><br />
<span class="irc-date">[16:59]</span> <span class="irc-black">&lt;hceylan&gt; OK, I'll learn to use heimdall</span><br />
<span class="irc-date">[16:59]</span> <span class="irc-black">&lt;hceylan&gt; is it supported on linux?</span><br />
<span class="irc-date">[17:00]</span> <span class="irc-black">&lt;hceylan&gt; or do I have to go to windows?</span><br />
<span class="irc-date">[17:00]</span> <span class="irc-black">&lt;atinm&gt; and I don't know what kind of .zip the system is producing right now</span><br />
<span class="irc-date">[17:00]</span> <span class="irc-black">&lt;hceylan&gt; is it supported on linux?</span><br />
<span class="irc-date">[17:00]</span> <span class="irc-black">&lt;atinm&gt; I haven't checked it yet</span><br />
<span class="irc-date">[17:00]</span> <span class="irc-black">&lt;atinm&gt; heimdall is supported on linux</span><br />
<span class="irc-date">[17:00]</span> <span class="irc-black">&lt;hceylan&gt; you use windows I am guessing then... :(</span><br />
<span class="irc-date">[17:00]</span> <span class="irc-black">&lt;hceylan&gt; oh yes</span><br />
<span class="irc-date">[17:00]</span> <span class="irc-black">&lt;atinm&gt; in fact, that was the whole point :)</span><br />
<span class="irc-date">[17:00]</span> <span class="irc-black">&lt;hceylan&gt; thank you yikes! :)</span><br />
<span class="irc-date">[17:01]</span> <span class="irc-black">&lt;atinm&gt; I do not ever go into windows</span><br />
<span class="irc-date">[17:01]</span> <span class="irc-black">&lt;atinm&gt; well, unless I want to go completely to stock - then I use something called Odin one-click</span><br />
<span class="irc-date">[17:01]</span> <span class="irc-black">&lt;atinm&gt; which exists for captivate - not sure about others</span><br />
<span class="irc-date">[17:03]</span> <span class="irc-black">&lt;hceylan&gt; OK. thanks...</span><br />
<span class="irc-date">[17:21]</span> <span class="irc-black">&lt;hceylan&gt; atinm: are you guys using heimdall, sort of syncing device with the ~/out/prodcut files?</span><br />
<span class="irc-date">[17:21]</span> <span class="irc-black">&lt;atinm&gt; actually it is more cmoplicated than that.</span><br />
<span class="irc-date">[17:21]</span> <span class="irc-black">&lt;hceylan&gt; ohh, no :(</span><br />
<span class="irc-date">[17:21]</span> <span class="irc-black">&lt;atinm&gt; I'll let coolya or codeworkx answer right now - I'm only working on the kernel and recovery at the moment</span><br />
<span class="irc-date">[17:22]</span> <span class="irc-black">&lt;atinm&gt; so haven't been using heimdall for anything except flashing the kernel</span><br />
<span class="irc-date">[17:22]</span> <span class="irc-black">&lt;hceylan&gt; atinm: thx anyway</span><br />
<span class="irc-date">[17:22]</span> <span class="irc-black">&lt;codeworkx&gt; made progress on recovery</span><br />
<span class="irc-date">[17:23]</span> <span class="irc-black">&lt;hceylan&gt; codeworkx: I managed to apply koush's CW Recovery onto the device</span><br />
<span class="irc-date">[17:23]</span> <span class="irc-black">&lt;codeworkx&gt; 3.0.0?</span><br />
<span class="irc-date">[17:23]</span> <span class="irc-black">&lt;hceylan&gt; let me check</span><br />
<span class="irc-date">[17:23]</span> <span class="irc-black">&lt;codeworkx&gt; it's orange</span><br />
<span class="irc-date">[17:23]</span> <span class="irc-black">&lt;codeworkx&gt; not green</span><br />
<span class="irc-date">[17:23]</span> <span class="irc-black">&lt;atinm&gt; how do I force 3.0.0 to convert the partitions to ext4?</span><br />
<span class="irc-date">[17:23]</span> <span class="irc-black">&lt;atinm&gt; just run restore?</span><br />
<span class="irc-date">[17:23]</span> <span class="irc-black">&lt;hceylan&gt; orange</span><br />
<span class="irc-date">[17:24]</span> <span class="irc-black">&lt;hceylan&gt; yes 3.0.0.0</span><br />
<span class="irc-date">[17:24]</span> <span class="irc-black">&lt;hceylan&gt; codeworkx: <a href="http://forum.xda-developers.com/showthread.php?t=870690">http://forum.xda-developers.com/showthread.php?t=870690</a></span><br />
<span class="irc-date">[17:25]</span> <span class="irc-black">&lt;hceylan&gt; Having managed to install CW REcovery, am I suppossed to be able to do zip installs with recovery?</span><br />
<span class="irc-date">[17:27]</span> <span class="irc-black">&lt;codeworkx&gt; but have a look at the installer script</span><br />
<span class="irc-date">[17:27]</span> <span class="irc-black">&lt;codeworkx&gt; try it</span><br />
<span class="irc-date">[17:27]</span> <span class="irc-black">&lt;codeworkx&gt; atinm, we've no rfs or ext4 anymore</span><br />
<span class="irc-date">[17:28]</span> <span class="irc-black">&lt;atinm&gt; wait, what?</span><br />
<span class="irc-date">[17:28]</span> <span class="irc-black">&lt;atinm&gt; yaffs2?</span><br />
<span class="irc-date">[17:28]</span> <span class="irc-black">&lt;codeworkx&gt;   1 /sdcard vfat /dev/block/mmcblk1p1 (null)</span><br />
<span class="irc-date">[17:28]</span> <span class="irc-black">&lt;codeworkx&gt;   2 /emmc vfat /dev/block/mmcblk0p1 (null)</span><br />
<span class="irc-date">[17:28]</span> <span class="irc-black">&lt;codeworkx&gt;   3 /system yaffs2 /dev/block/mtdblock2 (null)</span><br />
<span class="irc-date">[17:28]</span> <span class="irc-black">&lt;codeworkx&gt;   4 /cache yaffs2 /dev/block/mtdblock3 (null)</span><br />
<span class="irc-date">[17:28]</span> <span class="irc-black">&lt;codeworkx&gt;   5 /data ext4 /dev/block/mmcblk0p2 (null)</span><br />
<span class="irc-date">[17:28]</span> <span class="irc-black">&lt;codeworkx&gt; using 2.6.35</span><br />
<span class="irc-date">[17:28]</span> <span class="irc-black">&lt;codeworkx&gt; coolya got mtd working</span><br />
<span class="irc-date">[17:28]</span> <span class="irc-black">&lt;atinm&gt; cool - excellent!</span><br />
<span class="irc-date">[17:28]</span> <span class="irc-black">&lt;codeworkx&gt; ;-)</span><br />
<span class="irc-date">[17:28]</span> <span class="irc-black">&lt;atinm&gt; so you guys are able to boot and everything?</span><br />
<span class="irc-date">[17:29]</span> <span class="irc-black">&lt;codeworkx&gt; yes</span><br />
<span class="irc-date">[17:29]</span> <span class="irc-black">&lt;atinm&gt; ok - let me rebuild and see what happens</span><br />
<span class="irc-date">[17:29]</span> <span class="irc-black">&lt;codeworkx&gt; i'm using it since a few days as my daily driver xD</span><br />
<span class="irc-date">[17:30]</span> <span class="irc-black">&lt;codeworkx&gt; please compare aries_galaxys_defconfig and aries_captivate_defconfig</span><br />
<span class="irc-date">[17:30]</span> <span class="irc-black">&lt;codeworkx&gt; maybe we've forgotten something to add to captivate</span><br />
<span class="irc-date">[17:30]</span> <span class="irc-black">&lt;atinm&gt; ok</span><br />
<span class="irc-date">[17:31]</span> <span class="irc-black">&lt;codeworkx&gt; but the only differen thing should be CONFIG_SAMSUNG_GALAXYS &lt;-&gt; CONFIG_SAMSUNG_CAPTIVATE</span><br />
<span class="irc-date">[17:35]</span> <span class="irc-black">&lt;hceylan&gt; I am at loss....</span><br />
<span class="irc-date">[17:35]</span> <span class="irc-black">&lt;hceylan&gt; I have no knowledge of how to push the rom I build on SGT</span><br />
<span class="irc-date">[17:35]</span> <span class="irc-black">&lt;hceylan&gt; can s/o help me?</span><br />
<span class="irc-date">[17:40]</span> <span class="irc-black">&lt;codeworkx&gt; you're on 2.6.35?</span><br />
<span class="irc-date">[17:40]</span> <span class="irc-black">&lt;codeworkx&gt; with MTD?</span><br />
<span class="irc-date">[17:40]</span> <span class="irc-black">&lt;codeworkx&gt; coolyas repo?</span><br />
<span class="irc-date">[17:43]</span> <span class="irc-black">&lt;codeworkx&gt; hceylan</span><br />
<span class="irc-date">[17:58]</span> <span class="irc-black">&lt;hceylan&gt; sorry</span><br />
<span class="irc-date">[17:58]</span> <span class="irc-black">&lt;hceylan&gt; here know</span><br />
<span class="irc-date">[17:58]</span> <span class="irc-black">&lt;hceylan&gt; codeworkx: I thought you were talking to atinm</span><br />
<span class="irc-date">[18:30]</span> <span class="irc-black">&lt;hceylan&gt; codeworkx: can you help me?</span><br />
<span class="irc-date">[18:31]</span> <span class="irc-black">&lt;codeworkx&gt; which kernel?</span><br />
<span class="irc-date">[18:31]</span> <span class="irc-black">&lt;hceylan&gt; 2.6.35</span><br />
<span class="irc-date">[18:31]</span> <span class="irc-black">&lt;codeworkx&gt; umount -l /system</span><br />
<span class="irc-date">[18:31]</span> <span class="irc-black">&lt;hceylan&gt; but I cannot even install from recovery</span><br />
<span class="irc-date">[18:31]</span> <span class="irc-black">&lt;codeworkx&gt; erase_image system</span><br />
<span class="irc-date">[18:31]</span> <span class="irc-black">&lt;codeworkx&gt; adb push system/ /system</span><br />
<span class="irc-date">[18:31]</span> <span class="irc-black">&lt;codeworkx&gt; adb shell</span><br />
<span class="irc-date">[18:31]</span> <span class="irc-black">&lt;hceylan&gt; you mean the kernel running on recovery?</span><br />
<span class="irc-date">[18:31]</span> <span class="irc-black">&lt;codeworkx&gt; chmod -R 0755 /system/bin</span><br />
<span class="irc-date">[18:31]</span> <span class="irc-black">&lt;codeworkx&gt; chmod -R 0755 /system/xbin</span><br />
<span class="irc-date">[18:31]</span> <span class="irc-black">&lt;codeworkx&gt; chmod -R 0755 /system/vendor/bin</span><br />
<span class="irc-date">[18:32]</span> <span class="irc-black">&lt;hceylan&gt; existing kernel is 2.6.32.9</span><br />
<span class="irc-date">[18:33]</span> <span class="irc-black">&lt;codeworkx&gt; flash 2.6.35 with odin and do steps above</span><br />
<span class="irc-date">[18:33]</span> <span class="irc-black">&lt;hceylan&gt; ok thanks</span><br />
<span class="irc-date">[18:35]</span> <span class="irc-black">&lt;hceylan&gt; any pointers to "flash 2.6.35 with odin" as I am a noob in samsungland</span><br />
<span class="irc-date">[18:37]</span> <span class="irc-black">&lt;hceylan&gt; codeworkx: if you are not too busy??? sorry :(</span><br />
<span class="irc-date">[18:39]</span> <span class="irc-black">&lt;hceylan&gt; codeworkx: nevermind got it</span><br />
<span class="irc-date">[18:40]</span> <span class="irc-black">&lt;codeworkx&gt; zImage -&gt; tar -&gt; odin pda</span><br />
<span class="irc-date">[18:49]</span> <span class="irc-navy">* hceylan (~hceylan@213.248.153.186) Quit (Read error: Connection reset by peer)</span><br />
<span class="irc-date">[18:50]</span> <span class="irc-green">* hceylan (~hceylan@213.248.153.186) has joined this channel.</span><br />
<span class="irc-date">[18:55]</span> <span class="irc-navy">* hceylan (~hceylan@213.248.153.186) Quit (Remote host closed the connection)</span><br />
