<span class="irc-date">[1:26]</span> <span class="irc-green">* jt1134 is now known as jt|AFK</span><br />
<span class="irc-date">[1:37]</span> <span class="irc-green">* thedeanius (~dean@c-24-2-24-87.hsd1.mo.comcast.net) has joined this channel.</span><br />
<span class="irc-date">[5:37]</span> <span class="irc-navy">* thedeanius (~dean@c-24-2-24-87.hsd1.mo.comcast.net) Quit (Quit: thedeanius)</span><br />
<span class="irc-date">[6:33]</span> <span class="irc-green">* jt|AFK is now known as jt|sleepytime</span><br />
<span class="irc-date">[7:20]</span> <span class="irc-green">* hceylan (~hceylan@213.248.153.186) has joined this channel.</span><br />
<span class="irc-date">[8:06]</span> <span class="irc-green">* coolya|away is now known as coolya</span><br />
<span class="irc-date">[8:17]</span> <span class="irc-green">* codeworkx (~codeworkx@95-89-111-251-dynip.superkabel.de) has joined this channel.</span><br />
<span class="irc-date">[13:40]</span> <span class="irc-green">* thedeanius (~dean@64.151.21.178) has joined this channel.</span><br />
<span class="irc-date">[14:04]</span> <span class="irc-green">* dasunsrule32 (~dasunsrul@christiantechsaz.com) has joined this channel.</span><br />
<span class="irc-date">[14:51]</span> <span class="irc-green">* neldar (~neldar@dsl-217-160-244.pool.bitel.net) has joined this channel.</span><br />
<span class="irc-date">[14:51]</span> <span class="irc-black">&lt;- *neldar* Bot Sentry eingeschalten:  Sie werden jetzt ignoriert!  Ihre Nachricht wird übermittelt wenn sie die folgenden Fragen innerhalb von 10 Minuten richtig beantworten:  How do you spell the result of ten div_ided by 2?</span><br />
<span class="irc-date">[15:21]</span> <span class="irc-green">* coolya is now known as coolya|away</span><br />
<span class="irc-date">[15:24]</span> <span class="irc-green">* coolya|away is now known as coolya</span><br />
<span class="irc-date">[17:04]</span> <span class="irc-navy">* jt|sleepytime (~jt1134@c-71-207-226-80.hsd1.al.comcast.net) Quit (Remote host closed the connection)</span><br />
<span class="irc-date">[17:32]</span> <span class="irc-navy">* izibi (~julian@unaffiliated/izibi) Quit (Ping timeout: 265 seconds)</span><br />
<span class="irc-date">[17:33]</span> <span class="irc-green">* izibi (~julian@unaffiliated/izibi) has joined this channel.</span><br />
<span class="irc-date">[19:40]</span> <span class="irc-navy">* hceylan (~hceylan@213.248.153.186) Quit (Quit: Konversation terminated!)</span><br />
<span class="irc-date">[19:41]</span> <span class="irc-green">* hceylan (~hceylan@213.248.153.186) has joined this channel.</span><br />
<span class="irc-date">[19:55]</span> <span class="irc-green">* coolya is now known as coolya|away</span><br />
<span class="irc-date">[20:09]</span> <span class="irc-green">* coolya|away is now known as coolya</span><br />
<span class="irc-date">[20:51]</span> <span class="irc-black">&lt;gdanko_home&gt; how is progress?</span><br />
<span class="irc-date">[20:51]</span> <span class="irc-black">&lt;gdanko_home&gt; I am busier when NOT at work</span><br />
<span class="irc-date">[20:53]</span> <span class="irc-black">&lt;coolya&gt; 2.6.35 is running good, except some strange graphics problems :-(</span><br />
<span class="irc-date">[20:54]</span> <span class="irc-black">&lt;gdanko_home&gt; what is still broken?</span><br />
<span class="irc-date">[20:54]</span> <span class="irc-black">&lt;coolya&gt; sensors</span><br />
<span class="irc-date">[20:54]</span> <span class="irc-black">&lt;coolya&gt; video playback</span><br />
<span class="irc-date">[20:54]</span> <span class="irc-black">&lt;coolya&gt; camre</span><br />
<span class="irc-date">[20:54]</span> <span class="irc-black">&lt;coolya&gt; camera</span><br />
<span class="irc-date">[20:54]</span> <span class="irc-black">&lt;gdanko_home&gt; man</span><br />
<span class="irc-date">[20:55]</span> <span class="irc-black">&lt;coolya&gt; currently i'm working on compass and codeworkx on graphics</span><br />
<span class="irc-date">[20:56]</span> <span class="irc-black">&lt;codeworkx&gt; graphics suxxxx hard</span><br />
<span class="irc-date">[20:57]</span> <span class="irc-black">&lt;gdanko_home&gt; is it still hacked to hell and back?</span><br />
<span class="irc-date">[20:58]</span> <span class="irc-black">&lt;coolya&gt; the google kernel is clean code really a pleasure to read</span><br />
<span class="irc-date">[20:59]</span> <span class="irc-black">&lt;coolya&gt; but now we have to find out what is different in graphics and that code from samsung is a total mess, tons of #ifdef</span><br />
<span class="irc-date">[21:03]</span> <span class="irc-navy">* magote (~magote@a79-169-106-110.cpe.netcabo.pt) Quit (Ping timeout: 250 seconds)</span><br />
<span class="irc-date">[21:08]</span> <span class="irc-green">* magote (~magote@a79-169-106-110.cpe.netcabo.pt) has joined this channel.</span><br />
<span class="irc-date">[21:23]</span> <span class="irc-navy">* hceylan (~hceylan@213.248.153.186) Quit (Ping timeout: 240 seconds)</span><br />
<span class="irc-date">[21:24]</span> <span class="irc-green">* skeeterslint (~skeetersl@c-71-192-215-99.hsd1.ma.comcast.net) has joined this channel.</span><br />
<span class="irc-date">[21:26]</span> <span class="irc-green">* jt1134 (~jt1134@c-71-207-226-80.hsd1.al.comcast.net) has joined this channel.</span><br />
<span class="irc-date">[21:59]</span> <span class="irc-navy">* codeworkx (~codeworkx@95-89-111-251-dynip.superkabel.de) Quit (Read error: Connection reset by peer)</span><br />
<span class="irc-date">[22:02]</span> <span class="irc-black">&lt;jt1134&gt; anyone familiar with parsing raw sms data ?</span><br />
<span class="irc-date">[22:26]</span> <span class="irc-black">&lt;neldar&gt; coolya for eclipse there is solution to see the code like it is compiled by the selected kernel conf: <a href="http://simonkagstrom.livejournal.com/31079.html">http://simonkagstrom.livejournal.com/31079.html</a></span><br />
<span class="irc-date">[22:26]</span> <span class="irc-black">&lt;neldar&gt; and if you not already using eclipse, instructions howto set it up: <a href="http://wiki.eclipse.org/HowTo_use_the_CDT_to_navigate_Linux_kernel_source">http://wiki.eclipse.org/HowTo_use_the_CDT_to_navigate_Linux_kernel_source</a></span><br />
<span class="irc-date">[22:27]</span> <span class="irc-black">&lt;coolya&gt; thx i'll set it up tomorrow :-)</span><br />
<span class="irc-date">[22:33]</span> <span class="irc-navy">* thedeanius (~dean@64.151.21.178) Quit (Quit: thedeanius)</span><br />
