<span class="irc-date">[2:49]</span> <span class="irc-green">* forcystos (62553939@gateway/web/freenode/ip.98.85.57.57) has joined this channel.</span><br />
<span class="irc-date">[2:55]</span> <span class="irc-black">&lt;forcystos&gt; is there a way to run an executable or start a service from the framework?</span><br />
<span class="irc-date">[3:34]</span> <span class="irc-green">* ciwrl is now known as ciwrlaway</span><br />
<span class="irc-date">[3:45]</span> <span class="irc-green">* thedood is now known as thedood|dexter</span><br />
<span class="irc-date">[3:46]</span> <span class="irc-green">* DJRichie is now known as DJRichie|dexter</span><br />
<span class="irc-date">[3:51]</span> <span class="irc-green">* skeeterslint (~skeetersl@c-71-192-215-99.hsd1.ma.comcast.net) has joined this channel.</span><br />
<span class="irc-date">[4:12]</span> <span class="irc-green">* DJRichie|dexter is now known as DJRichie</span><br />
<span class="irc-date">[4:15]</span> <span class="irc-green">* neldar (~neldar@dsl16-217.pool.bitel.net) has joined this channel.</span><br />
<span class="irc-date">[4:15]</span> <span class="irc-black">&lt;- *neldar* Bot Sentry eingeschalten:  Sie werden jetzt ignoriert!  Ihre Nachricht wird übermittelt wenn sie die folgenden Fragen innerhalb von 10 Minuten richtig beantworten:  How do you spell the result of ten div_ided by 2?</span><br />
<span class="irc-date">[4:18]</span> <span class="irc-navy">* neldar1 (~neldar@dsl-217-165-122.pool.bitel.net) Quit (Ping timeout: 260 seconds)</span><br />
<span class="irc-date">[4:55]</span> <span class="irc-navy">* wArri (~dave.will@rrcs-72-45-254-78.nys.biz.rr.com) Quit (Ping timeout: 260 seconds)</span><br />
<span class="irc-date">[5:01]</span> <span class="irc-green">* thedood|dexter is now known as thedood</span><br />
<span class="irc-date">[5:03]</span> <span class="irc-black">&lt;noobnl0&gt; hi forcystos</span><br />
<span class="irc-date">[5:08]</span> <span class="irc-navy">* forcystos (62553939@gateway/web/freenode/ip.98.85.57.57) Quit (Ping timeout: 265 seconds)</span><br />
<span class="irc-date">[5:15]</span> <span class="irc-green">* wArri (~dave.will@rrcs-72-45-254-78.nys.biz.rr.com) has joined this channel.</span><br />
<span class="irc-date">[5:53]</span> <span class="irc-green">* noobnl0 is now known as noobnl</span><br />
<span class="irc-date">[6:09]</span> <span class="irc-green">* ciwrlaway is now known as ciwrl</span><br />
<span class="irc-date">[6:16]</span> <span class="irc-navy">* birdman (~bird@24.246.130.106) Quit (Read error: Connection reset by peer)</span><br />
<span class="irc-date">[6:16]</span> <span class="irc-green">* birdman (~bird@24.246.130.106) has joined this channel.</span><br />
<span class="irc-date">[6:50]</span> <span class="irc-green">* birdman (~bird@24.246.130.106) has left this channel.</span><br />
<span class="irc-date">[8:33]</span> <span class="irc-navy">* jt|sleep (~jt1134@c-71-207-226-80.hsd1.al.comcast.net) Quit (Quit: Leaving)</span><br />
<span class="irc-date">[8:37]</span> <span class="irc-navy">* skeeterslint (~skeetersl@c-71-192-215-99.hsd1.ma.comcast.net) Quit (Quit: Leaving)</span><br />
<span class="irc-date">[8:50]</span> <span class="irc-green">* jt1134 (~jt1134@c-71-207-226-80.hsd1.al.comcast.net) has joined this channel.</span><br />
<span class="irc-date">[8:54]</span> <span class="irc-green">* ciwrl is now known as ciwrl|away</span><br />
<span class="irc-date">[12:01]</span> <span class="irc-navy">* rjmjr69 (~Administr@c-24-62-52-123.hsd1.ma.comcast.net) Quit (Quit: Leaving Biatchs)</span><br />
<span class="irc-date">[12:17]</span> <span class="irc-navy">* magote (~magoteI90@a79-169-106-110.cpe.netcabo.pt) Quit ()</span><br />
<span class="irc-date">[13:38]</span> <span class="irc-green">* izibi (~julian@unaffiliated/izibi) has joined this channel.</span><br />
<span class="irc-date">[13:59]</span> <span class="irc-green">* gdanko (~gdanko@66-162-32-185.static.twtelecom.net) has joined this channel.</span><br />
<span class="irc-date">[16:15]</span> <span class="irc-green">* forcystos (~forcystos@adsl-85-57-57.mco.bellsouth.net) has joined this channel.</span><br />
<span class="irc-date">[16:27]</span> <span class="irc-black">&lt;forcystos&gt; Is there a reason why audio would work perfectly on aosp using cmsgs/hardware_alsa_audio but not on cm?</span><br />
<span class="irc-date">[16:54]</span> <span class="irc-black">&lt;Unhelpful&gt; dunno, i seem to have audio on cm (on captivate)</span><br />
<span class="irc-date">[17:18]</span> <span class="irc-green">* noobnl (~noob@unaffiliated/noobnl) has left this channel.</span><br />
<span class="irc-date">[17:27]</span> <span class="irc-black">&lt;forcystos&gt; Well on epic it works on aosp only using the same libs</span><br />
<span class="irc-date">[17:41]</span> <span class="irc-green">* AndChat- (~forcystos@adsl-85-57-57.mco.bellsouth.net) has joined this channel.</span><br />
<span class="irc-date">[17:41]</span> <span class="irc-navy">* forcystos (~forcystos@adsl-85-57-57.mco.bellsouth.net) Quit (Read error: Connection reset by peer)</span><br />
<span class="irc-date">[17:52]</span> <span class="irc-green">* AndChat- is now known as forcysto</span><br />
<span class="irc-date">[17:52]</span> <span class="irc-black">&lt;forcysto&gt; Crap</span><br />
<span class="irc-date">[17:52]</span> <span class="irc-green">* forcysto is now known as forcystos</span><br />
<span class="irc-date">[19:30]</span> <span class="irc-navy">* forcystos (~forcystos@adsl-85-57-57.mco.bellsouth.net) Quit (Ping timeout: 245 seconds)</span><br />
<span class="irc-date">[19:34]</span> <span class="irc-green">* coolya (~kolja@xdslo145.osnanet.de) has joined this channel.</span><br />
<span class="irc-date">[19:53]</span> <span class="irc-navy">* coolya (~kolja@xdslo145.osnanet.de) Quit (Ping timeout: 240 seconds)</span><br />
<span class="irc-date">[20:07]</span> <span class="irc-green">* coolya (~kolja@xdslcb177.osnanet.de) has joined this channel.</span><br />
<span class="irc-date">[21:21]</span> <span class="irc-black">&lt;gdanko&gt; howdy</span><br />
<span class="irc-date">[21:21]</span> <span class="irc-black">&lt;gdanko&gt; Hmm I built vim from source but when I run it in my shell I get file not found</span><br />
<span class="irc-date">[21:22]</span> <span class="irc-black">&lt;gdanko&gt; [21:22:33 /]# vim</span><br />
<span class="irc-date">[21:22]</span> <span class="irc-black">&lt;gdanko&gt; bash: /system/bin/vim: No such file or directory</span><br />
<span class="irc-date">[21:28]</span> <span class="irc-black">&lt;coolya&gt; you build it with android.mk ?</span><br />
<span class="irc-date">[21:28]</span> <span class="irc-black">&lt;coolya&gt; if not you will have to link it static, because android uses bionic and not libc</span><br />
<span class="irc-date">[21:34]</span> <span class="irc-black">&lt;gdanko&gt; i did not use android.mk. i linked it statically though.</span><br />
<span class="irc-date">[21:34]</span> <span class="irc-black">&lt;gdanko&gt; i built it the same way i built busybox and bash</span><br />
<span class="irc-date">[21:38]</span> <span class="irc-black">&lt;gdanko&gt; i had to build ncusrses for arm too</span><br />
<span class="irc-date">[21:39]</span> <span class="irc-black">&lt;gdanko&gt; my build line looks like this: vim_cv_memcpy_handles_overlap=no vim_cv_bcopy_handles_overlap=no vim_cv_memmove_handles_overlap=no vim_cv_stat_ignores_slash=no vim_cv_getcwd_broken=no vim_cv_tty_group=world vim_cv_terminfo=yes LDFLAGS="-L/android_build/ncurses_arm/lib" CFLAGS="-I/android_build/ncurses_arm/lib" vim_cv_toupper_broken=yes ARCH=arm CC=arm-none-linux-gnueabi-gcc ./configure --host=arm-eabi --with-tlib=ncurses --prefix=/andro</span><br />
<span class="irc-date">[21:39]</span> <span class="irc-black">&lt;gdanko&gt; id_build/arm_vim</span><br />
<span class="irc-date">[21:42]</span> <span class="irc-black">&lt;gdanko&gt; hm I think I have it fixed now</span><br />
<span class="irc-date">[21:43]</span> <span class="irc-black">&lt;gdanko&gt; yep: LDFLAGS="-L/android_build/ncurses_arm/lib -static" CFLAGS="-I/android_build/ncurses_arm/lib -static"</span><br />
<span class="irc-date">[21:45]</span> <span class="irc-green">* atinm (~amalaviya@unaffiliated/atinm) has joined this channel.</span><br />
<span class="irc-date">[21:45]</span> <span class="irc-green">* ChanServ sets mode +o atinm</span><br />
<span class="irc-date">[21:46]</span> <span class="irc-black">&lt;atinm&gt; hrm.</span><br />
<span class="irc-date">[21:46]</span> <span class="irc-black">&lt;atinm&gt; this looks like a netsplit?</span><br />
<span class="irc-date">[21:50]</span> <span class="irc-black">&lt;gdanko&gt; ok vim works but syntax highlighting does not.. arrrr</span><br />
<span class="irc-date">[22:01]</span> <span class="irc-green">* noobnl (~noob@unaffiliated/noobnl) has joined this channel.</span><br />
<span class="irc-date">[22:10]</span> <span class="irc-navy">* atinm (~amalaviya@unaffiliated/atinm) Quit (Quit: Leaving.)</span><br />
<span class="irc-date">[22:30]</span> <span class="irc-black">&lt;Unhelpful&gt; gdanko: -mandroid will take care of *most* of what you need ;)</span><br />
<span class="irc-date">[22:30]</span> <span class="irc-black">&lt;gdanko&gt; mandroid?</span><br />
<span class="irc-date">[22:32]</span> <span class="irc-black">&lt;Unhelpful&gt; yes. or use this: <a href="http://pastie.org/1374473">http://pastie.org/1374473</a></span><br />
<span class="irc-date">[22:32]</span> <span class="irc-black">&lt;Unhelpful&gt; depending on where your ndk is installed, of course. :)</span><br />
<span class="irc-date">[22:32]</span> <span class="irc-black">&lt;gdanko&gt; right.</span><br />
<span class="irc-date">[22:32]</span> <span class="irc-black">&lt;gdanko&gt; ok leme try that now :D</span><br />
<span class="irc-date">[22:40]</span> <span class="irc-black">&lt;gdanko&gt; Unhelpful: do you know where CM configures bash as the default shell for console sessions?</span><br />
<span class="irc-date">[22:46]</span> <span class="irc-black">&lt;Unhelpful&gt; i didn't know it *did*?</span><br />
<span class="irc-date">[22:46]</span> <span class="irc-black">&lt;gdanko&gt; if i adb shell i believe i am in bash :)</span><br />
<span class="irc-date">[22:47]</span> <span class="irc-black">&lt;gdanko&gt; and bash is present, as is /system/etc/bash</span><br />
<span class="irc-date">[22:48]</span> <span class="irc-black">&lt;gdanko&gt; I don't imagine it'd be installed but not set as default shell.</span><br />
<span class="irc-date">[22:52]</span> <span class="irc-black">&lt;Unhelpful&gt; ah, well, afaik adbd doesn't read the shell to use from a config.</span><br />
<span class="irc-date">[22:53]</span> <span class="irc-black">&lt;gdanko&gt; perhaps its the console service that fires up the shell</span><br />
<span class="irc-date">[22:53]</span> <span class="irc-black">&lt;Unhelpful&gt; i looked into this a while ago, the path is, or was, hard-coded in adbd.</span><br />
<span class="irc-date">[22:54]</span> <span class="irc-black">&lt;gdanko&gt; hmm interesting</span><br />
<span class="irc-date">[22:54]</span> <span class="irc-black">&lt;gdanko&gt; i'd think export SHELL= would work</span><br />
<span class="irc-date">[22:55]</span> <span class="irc-black">&lt;Unhelpful&gt; doubt it. :)</span><br />
