<span class="irc-date">[0:23]</span> <span class="irc-green">* coolya is now known as coolya|away</span><br />
<span class="irc-date">[0:26]</span> <span class="irc-navy">* codeworkx (~codeworkx@95-89-111-251-dynip.superkabel.de) Quit (Read error: Connection reset by peer)</span><br />
<span class="irc-date">[0:33]</span> <span class="irc-green">* cob_ (~conrado@swan.dds.nl) has joined this channel.</span><br />
<span class="irc-date">[0:33]</span> <span class="irc-green">* Pedlar_ (~mkoenig@vps4590.inmotionhosting.com) has joined this channel.</span><br />
<span class="irc-date">[0:38]</span> <span class="irc-navy">* neldar (~neldar@dsl-217-172-50.pool.bitel.net) Quit (*.net *.split)</span><br />
<span class="irc-date">[0:38]</span> <span class="irc-navy">* Pedlar (~mkoenig@vps4590.inmotionhosting.com) Quit (*.net *.split)</span><br />
<span class="irc-date">[0:38]</span> <span class="irc-navy">* cob (~conrado@swan.dds.nl) Quit (*.net *.split)</span><br />
<span class="irc-date">[0:53]</span> <span class="irc-green">* dasunsrule32 (~dasunsrul@christiantechsaz.com) has joined this channel.</span><br />
<span class="irc-date">[1:33]</span> <span class="irc-green">* CAP3775 (~darkBiLLy@28.36.222.87.dynamic.jazztel.es) has joined this channel.</span><br />
<span class="irc-date">[1:36]</span> <span class="irc-navy">* CAP3775 (~darkBiLLy@28.36.222.87.dynamic.jazztel.es) Quit (Client Quit)</span><br />
<span class="irc-date">[1:37]</span> <span class="irc-navy">* awiaI9000test (~darkBiLLy@28.36.222.87.dynamic.jazztel.es) Quit (Ping timeout: 276 seconds)</span><br />
<span class="irc-date">[1:48]</span> <span class="irc-navy">* dasunsrule32 (~dasunsrul@christiantechsaz.com) Quit (Ping timeout: 260 seconds)</span><br />
<span class="irc-date">[2:21]</span> <span class="irc-green">* Kaik541 (~nertz@cpe-174-111-246-012.triad.res.rr.com) has joined this channel.</span><br />
<span class="irc-date">[3:08]</span> <span class="irc-green">* dasunsrule32 (~dasunsrul@christiantechsaz.com) has joined this channel.</span><br />
<span class="irc-date">[3:17]</span> <span class="irc-navy">* izibi (~julian@unaffiliated/izibi) Quit (Ping timeout: 260 seconds)</span><br />
<span class="irc-date">[3:27]</span> <span class="irc-navy">* thedeanius (~dean@c-24-2-24-87.hsd1.mo.comcast.net) Quit (Quit: thedeanius)</span><br />
<span class="irc-date">[3:34]</span> <span class="irc-navy">* dasunsrule32 (~dasunsrul@christiantechsaz.com) Quit (Ping timeout: 250 seconds)</span><br />
<span class="irc-date">[4:23]</span> <span class="irc-navy">* Pedlar_ (~mkoenig@vps4590.inmotionhosting.com) Quit (*.net *.split)</span><br />
<span class="irc-date">[4:35]</span> <span class="irc-green">* Pedlar_ (~mkoenig@vps4590.inmotionhosting.com) has joined this channel.</span><br />
<span class="irc-date">[4:59]</span> <span class="irc-navy">* Kaik541 (~nertz@cpe-174-111-246-012.triad.res.rr.com) Quit (Quit: Leaving)</span><br />
<span class="irc-date">[5:04]</span> <span class="irc-navy">* MurrayCrimmus (~jt1134@c-71-207-226-80.hsd1.al.comcast.net) Quit (Ping timeout: 240 seconds)</span><br />
<span class="irc-date">[5:18]</span> <span class="irc-green">* MurrayCrimmus (~jt1134@c-71-207-226-80.hsd1.al.comcast.net) has joined this channel.</span><br />
<span class="irc-date">[6:12]</span> <span class="irc-green">* fenfir (~fenfir@m4b2836d0.tmodns.net) has joined this channel.</span><br />
<span class="irc-date">[8:04]</span> <span class="irc-navy">* skeeterslint (~skeetersl@c-71-192-215-99.hsd1.ma.comcast.net) Quit (Quit: Leaving)</span><br />
<span class="irc-date">[9:21]</span> <span class="irc-green">* coolya|away is now known as coolya</span><br />
<span class="irc-date">[10:00]</span> <span class="irc-navy">* fenfir (~fenfir@m4b2836d0.tmodns.net) Quit (Ping timeout: 264 seconds)</span><br />
<span class="irc-date">[10:07]</span> <span class="irc-green">* codeworkx (~codeworkx@95-89-111-251-dynip.superkabel.de) has joined this channel.</span><br />
<span class="irc-date">[10:10]</span> <span class="irc-black">&lt;rhcp&gt; lol</span><br />
<span class="irc-date">[10:10]</span> <span class="irc-black">&lt;rhcp&gt; #sprint #samsung #epic4g update postphoned <a href="http://bit.ly/g1sGOD">http://bit.ly/g1sGOD</a></span><br />
<span class="irc-date">[10:10]</span> <span class="irc-black">&lt;rhcp&gt; samsug is soo fail++</span><br />
<span class="irc-date">[10:10]</span> <span class="irc-black">&lt;rhcp&gt; sup codeworkx</span><br />
<span class="irc-date">[12:34]</span> <span class="irc-green">* izibi (~julian@unaffiliated/izibi) has joined this channel.</span><br />
<span class="irc-date">[12:51]</span> <span class="irc-green">* GuiPer (~GuiPer@bl13-67-136.dsl.telepac.pt) has joined this channel.</span><br />
<span class="irc-date">[13:22]</span> <span class="irc-green">* neldar (~neldar@dsl105-235.pool.bitel.net) has joined this channel.</span><br />
<span class="irc-date">[13:22]</span> <span class="irc-black">&lt;- *neldar* Bot Sentry eingeschalten:  Sie werden jetzt ignoriert!  Ihre Nachricht wird übermittelt wenn sie die folgenden Fragen innerhalb von 10 Minuten richtig beantworten:  How do you spell the result of ten div_ided by 2?</span><br />
<span class="irc-date">[13:32]</span> <span class="irc-navy">* magote (~magote@a79-169-106-110.cpe.netcabo.pt) Quit (Ping timeout: 240 seconds)</span><br />
<span class="irc-date">[13:36]</span> <span class="irc-green">* magote (~magote@a79-169-106-110.cpe.netcabo.pt) has joined this channel.</span><br />
