<span class="irc-date">[0:04]</span> <span class="irc-green">* neldar (~neldar@dsl-217-161-157.pool.bitel.net) has joined this channel.</span><br />
<span class="irc-date">[0:04]</span> <span class="irc-black">&lt;- *neldar* Bot Sentry eingeschalten:  Sie werden jetzt ignoriert!  Ihre Nachricht wird übermittelt wenn sie die folgenden Fragen innerhalb von 10 Minuten richtig beantworten:  How do you spell the result of ten div_ided by 2?</span><br />
<span class="irc-date">[0:32]</span> <span class="irc-black">&lt;rhcp&gt; 3.0?</span><br />
<span class="irc-date">[0:32]</span> <span class="irc-black">&lt;rhcp&gt; Yea</span><br />
<span class="irc-date">[0:32]</span> <span class="irc-black">&lt;rhcp&gt; cwm been around for awhile :)</span><br />
<span class="irc-date">[0:32]</span> <span class="irc-black">&lt;rhcp&gt; supportex EXT4</span><br />
<span class="irc-date">[0:32]</span> <span class="irc-black">&lt;rhcp&gt; <a href="http://gridlock.euroskank.com/">http://gridlock.euroskank.com/</a></span><br />
<span class="irc-date">[0:54]</span> <span class="irc-green">* noobnl is now known as condom</span><br />
<span class="irc-date">[0:55]</span> <span class="irc-green">* condom is now known as noobnl</span><br />
<span class="irc-date">[1:44]</span> <span class="irc-navy">* kernelzilla (~patrick@63-225-215-29.phnx.qwest.net) Quit (Quit: CAPSLOCK CAN BE REARRANGED TO SAY COCKSLAP)</span><br />
<span class="irc-date">[2:25]</span> <span class="irc-green">* jt1134 (~jt1134@c-71-207-226-80.hsd1.al.comcast.net) has joined this channel.</span><br />
<span class="irc-date">[2:34]</span> <span class="irc-navy">* birdman-food (48942cd5@gateway/web/freenode/ip.72.148.44.213) Quit (Ping timeout: 265 seconds)</span><br />
<span class="irc-date">[2:53]</span> <span class="irc-navy">* thedeanius (~dean@c-24-2-24-87.hsd1.mo.comcast.net) Quit (Quit: thedeanius)</span><br />
<span class="irc-date">[3:17]</span> <span class="irc-green">* magote (~magote@a79-169-106-110.cpe.netcabo.pt) has joined this channel.</span><br />
<span class="irc-date">[3:20]</span> <span class="irc-green">* jt1134 is now known as jt|BallmerPeak</span><br />
<span class="irc-date">[3:25]</span> <span class="irc-green">* thedeanius (~dean@c-24-2-24-87.hsd1.mo.comcast.net) has joined this channel.</span><br />
<span class="irc-date">[3:34]</span> <span class="irc-navy">* thedeanius (~dean@c-24-2-24-87.hsd1.mo.comcast.net) Quit (Quit: thedeanius)</span><br />
<span class="irc-date">[4:09]</span> <span class="irc-green">* thedeanius (~dean@c-24-2-24-87.hsd1.mo.comcast.net) has joined this channel.</span><br />
<span class="irc-date">[4:16]</span> <span class="irc-green">* neldar1 (~neldar@dsl-217-174-215.pool.bitel.net) has joined this channel.</span><br />
<span class="irc-date">[4:16]</span> <span class="irc-navy">* neldar (~neldar@dsl-217-161-157.pool.bitel.net) Quit (Disconnected by services)</span><br />
<span class="irc-date">[4:38]</span> <span class="irc-navy">* thedeanius (~dean@c-24-2-24-87.hsd1.mo.comcast.net) Quit (Quit: thedeanius)</span><br />
<span class="irc-date">[4:49]</span> <span class="irc-green">* thedeanius (~dean@c-24-2-24-87.hsd1.mo.comcast.net) has joined this channel.</span><br />
<span class="irc-date">[6:11]</span> <span class="irc-navy">* jt|BallmerPeak (~jt1134@c-71-207-226-80.hsd1.al.comcast.net) Quit (Ping timeout: 240 seconds)</span><br />
<span class="irc-date">[6:21]</span> <span class="irc-green">* kernelzilla (~patrick@63-225-214-48.phnx.qwest.net) has joined this channel.</span><br />
<span class="irc-date">[6:25]</span> <span class="irc-green">* jt|BallmerPeak (~jt1134@c-71-207-226-80.hsd1.al.comcast.net) has joined this channel.</span><br />
<span class="irc-date">[6:27]</span> <span class="irc-green">* jt|BallmerPeak is now known as jt1134</span><br />
<span class="irc-date">[7:12]</span> <span class="irc-green">* jt1134 is now known as jt|sleepyfaces</span><br />
<span class="irc-date">[7:19]</span> <span class="irc-navy">* Unhelpful (~quassel@rockbox/developer/Unhelpful) Quit (Read error: Connection reset by peer)</span><br />
<span class="irc-date">[7:19]</span> <span class="irc-green">* Unhelpful (~quassel@rockbox/developer/Unhelpful) has joined this channel.</span><br />
<span class="irc-date">[7:19]</span> <span class="irc-green">* ChanServ sets mode +o Unhelpful</span><br />
<span class="irc-date">[7:47]</span> <span class="irc-navy">* Unhelpful (~quassel@rockbox/developer/Unhelpful) Quit (Read error: Connection reset by peer)</span><br />
<span class="irc-date">[7:48]</span> <span class="irc-green">* Unhelpful (~quassel@rockbox/developer/Unhelpful) has joined this channel.</span><br />
<span class="irc-date">[7:48]</span> <span class="irc-green">* ChanServ sets mode +o Unhelpful</span><br />
<span class="irc-date">[12:53]</span> <span class="irc-navy">* jt|sleepyfaces (~jt1134@c-71-207-226-80.hsd1.al.comcast.net) Quit (Remote host closed the connection)</span><br />
<span class="irc-date">[12:55]</span> <span class="irc-navy">* thedeanius (~dean@c-24-2-24-87.hsd1.mo.comcast.net) Quit (Quit: thedeanius)</span><br />
<span class="irc-date">[13:46]</span> <span class="irc-green">* thedeanius (~dean@64.151.21.178) has joined this channel.</span><br />
<span class="irc-date">[14:03]</span> <span class="irc-green">* hceylan (~hceylan@88.247.133.63) has joined this channel.</span><br />
<span class="irc-date">[14:05]</span> <span class="irc-green">* dasunsrule32 (~dasunsrul@christiantechsaz.com) has joined this channel.</span><br />
<span class="irc-date">[14:32]</span> <span class="irc-green">* codeworkx (~codeworkx@95-89-111-251-dynip.superkabel.de) has joined this channel.</span><br />
<span class="irc-date">[14:59]</span> <span class="irc-navy">* hceylan (~hceylan@88.247.133.63) Quit (Remote host closed the connection)</span><br />
