<span class="irc-date">[0:03]</span> <span class="irc-navy">* gdanko (~gdanko@66-162-32-185.static.twtelecom.net) Quit (Quit: This computer has gone to sleep)</span><br />
<span class="irc-date">[0:16]</span> <span class="irc-green">* thedeanius (~dean@c-24-2-24-87.hsd1.mo.comcast.net) has joined this channel.</span><br />
<span class="irc-date">[0:30]</span> <span class="irc-black">&lt;rhcp&gt; you guys want me to invite curio?</span><br />
<span class="irc-date">[0:30]</span> <span class="irc-black">&lt;rhcp&gt; hes a close friend</span><br />
<span class="irc-date">[0:32]</span> <span class="irc-black">&lt;rhcp&gt; <a href="https://github.com/project-voodoo/samsung_initramfs/tree/master/froyo-t959uvjl4">https://github.com/project-voodoo/samsung_initramfs/tree/master/froyo-t959uvjl4</a></span><br />
<span class="irc-date">[0:32]</span> <span class="irc-black">&lt;noobnl&gt; supercorio?</span><br />
<span class="irc-date">[0:32]</span> <span class="irc-black">&lt;rhcp&gt; Yea</span><br />
<span class="irc-date">[0:32]</span> <span class="irc-black">&lt;rhcp&gt; im close with him</span><br />
<span class="irc-date">[0:32]</span> <span class="irc-black">&lt;rhcp&gt; if you guys want me to invite him here</span><br />
<span class="irc-date">[0:33]</span> <span class="irc-green">* izibi_ (~julian@unaffiliated/izibi) has joined this channel.</span><br />
<span class="irc-date">[0:35]</span> <span class="irc-navy">* izibi (~julian@unaffiliated/izibi) Quit (Ping timeout: 260 seconds)</span><br />
<span class="irc-date">[0:42]</span> <span class="irc-black">&lt;Unhelpful&gt; atinm: yah?</span><br />
<span class="irc-date">[0:43]</span> <span class="irc-black">&lt;Unhelpful&gt; have you tried the reoriented kernel w/ cm? gdanko said that got phone working for him... but for me it just broke radio entirely :(</span><br />
<span class="irc-date">[0:52]</span> <span class="irc-black">&lt;atinm|away&gt; rhcp we all know supercurio :)</span><br />
<span class="irc-date">[0:53]</span> <span class="irc-black">&lt;rhcp&gt; i know</span><br />
<span class="irc-date">[0:53]</span> <span class="irc-black">&lt;rhcp&gt; :)</span><br />
<span class="irc-date">[0:53]</span> <span class="irc-black">&lt;atinm|away&gt; unhelpful - been distracted - also been talking with gdanko about NS and how we can use it for us</span><br />
<span class="irc-date">[0:53]</span> <span class="irc-black">&lt;Unhelpful&gt; NS?</span><br />
<span class="irc-date">[0:53]</span> <span class="irc-black">&lt;atinm|away&gt; the hardware is close, but not quite</span><br />
<span class="irc-date">[0:53]</span> <span class="irc-black">&lt;atinm|away&gt; Nexus S</span><br />
<span class="irc-date">[0:53]</span> <span class="irc-black">&lt;Unhelpful&gt; oh, nexus S. not, say, NetScape. ;)</span><br />
<span class="irc-date">[0:54]</span> <span class="irc-black">&lt;atinm|away&gt; and they are putting up the code now - should be up</span><br />
<span class="irc-date">[0:54]</span> <span class="irc-black">&lt;atinm|away&gt; so my thought was to take the platform code from that, and try to use our kernel and change the initramfs as we have to</span><br />
<span class="irc-date">[0:54]</span> <span class="irc-black">&lt;atinm|away&gt; and see what falls out</span><br />
<span class="irc-date">[0:54]</span> <span class="irc-black">&lt;atinm|away&gt; since that is AOSP but on very similar hardware</span><br />
<span class="irc-date">[0:54]</span> <span class="irc-green">* atinm|away is now known as atinm</span><br />
<span class="irc-date">[0:55]</span> <span class="irc-black">&lt;Unhelpful&gt; i hear it doesn't use any RFS, yay. does it come with the other onenand driver components and j4fs though?</span><br />
<span class="irc-date">[0:55]</span> <span class="irc-black">&lt;atinm&gt; no, it has mtd</span><br />
<span class="irc-date">[0:55]</span> <span class="irc-black">&lt;atinm&gt; but we can't use it due to bootloader issues</span><br />
<span class="irc-date">[0:55]</span> <span class="irc-black">&lt;Unhelpful&gt; exactly. it would seem to me we can't use the kernel if we can't use j4fs :/</span><br />
<span class="irc-date">[0:55]</span> <span class="irc-black">&lt;atinm&gt; at least that is what codeworkx said. so we'd still have to use our kernel - but NS uses ext4 everywhere it seems</span><br />
<span class="irc-date">[0:56]</span> <span class="irc-black">&lt;atinm&gt; oh, I was thinking we use our kernel</span><br />
<span class="irc-date">[0:56]</span> <span class="irc-black">&lt;atinm&gt; but use their AOSP source</span><br />
<span class="irc-date">[0:56]</span> <span class="irc-black">&lt;Unhelpful&gt; ahhh, ok. :)</span><br />
<span class="irc-date">[0:56]</span> <span class="irc-black">&lt;atinm&gt; and see if we can get it to work since it is AOSP! On a Galaxy S!</span><br />
<span class="irc-date">[0:56]</span> <span class="irc-black">&lt;atinm&gt; ;)</span><br />
<span class="irc-date">[0:56]</span> <span class="irc-black">&lt;atinm&gt; and it is .32 on the kernel - so our 2.2 kernel should be damn close</span><br />
<span class="irc-date">[0:57]</span> <span class="irc-black">&lt;Unhelpful&gt; what about the radio? will a rild built from that source work with our modem.bin?</span><br />
<span class="irc-date">[0:57]</span> <span class="irc-black">&lt;atinm&gt; that is a good question - it seems SGS has a better chance of working</span><br />
<span class="irc-date">[0:58]</span> <span class="irc-black">&lt;atinm&gt; than us captive ppl</span><br />
<span class="irc-date">[0:58]</span> <span class="irc-black">&lt;atinm&gt; but we should try it - we might get to gingerbread before we get froyo ;)</span><br />
<span class="irc-date">[0:58]</span> <span class="irc-black">&lt;Unhelpful&gt; well, but i897 can use i9k or t959 modems without trouble ;)</span><br />
<span class="irc-date">[0:59]</span> <span class="irc-black">&lt;atinm&gt; except bluetooth</span><br />
<span class="irc-date">[0:59]</span> <span class="irc-black">&lt;atinm&gt; but yes</span><br />
<span class="irc-date">[0:59]</span> <span class="irc-green">* jt|sleepnsuch is now known as jt1134</span><br />
<span class="irc-date">[0:59]</span> <span class="irc-black">&lt;atinm&gt; lessee - where are the repos</span><br />
<span class="irc-date">[0:59]</span> <span class="irc-green">* gdanko (~gdanko@99-33-178-151.lightspeed.simica.sbcglobal.net) has joined this channel.</span><br />
