<span class="irc-date">[0:00]</span> <span class="irc-black">&lt;atinm&gt; yeah . . . going into each subdir and then using git on it is a pain</span><br />
<span class="irc-date">[0:00]</span> <span class="irc-black">&lt;atinm&gt; codeworkx: any idea where the libipt_* and libext_* functions are defined?</span><br />
<span class="irc-date">[0:00]</span> <span class="irc-black">&lt;gdanko&gt; successful build</span><br />
<span class="irc-date">[0:01]</span> <span class="irc-black">&lt;codeworkx&gt; hmm no</span><br />
<span class="irc-date">[0:01]</span> <span class="irc-black">&lt;atinm&gt; gdanko: wtf. I cant</span><br />
<span class="irc-date">[0:01]</span> <span class="irc-black">&lt;gdanko&gt; hmmmm</span><br />
<span class="irc-date">[0:01]</span> <span class="irc-black">&lt;gdanko&gt; i pulled cmsgs</span><br />
<span class="irc-date">[0:01]</span> <span class="irc-black">&lt;gdanko&gt; what is your latest error</span><br />
<span class="irc-date">[0:01]</span> <span class="irc-black">&lt;atinm&gt; lemme do it again</span><br />
<span class="irc-date">[0:01]</span> <span class="irc-black">&lt;atinm&gt; <a href="http://pastie.org/1345982">http://pastie.org/1345982</a></span><br />
<span class="irc-date">[0:01]</span> <span class="irc-black">&lt;gdanko&gt; and i did that git pull</span><br />
<span class="irc-date">[0:01]</span> <span class="irc-black">&lt;gdanko&gt; coolya mentioned</span><br />
<span class="irc-date">[0:01]</span> <span class="irc-black">&lt;atinm&gt; and lots of other libipt_* things</span><br />
<span class="irc-date">[0:02]</span> <span class="irc-black">&lt;atinm&gt; gdanko: yeah - I merged CM</span><br />
<span class="irc-date">[0:02]</span> <span class="irc-black">&lt;atinm&gt; and checked that in so we don't need to do the pull (I think)</span><br />
<span class="irc-date">[0:02]</span> <span class="irc-black">&lt;atinm&gt; hrm, it is getting frameworks again</span><br />
<span class="irc-date">[0:02]</span> <span class="irc-black">&lt;atinm&gt; maybe it works this time</span><br />
<span class="irc-date">[0:03]</span> <span class="irc-black">&lt;gdanko&gt; may be the case</span><br />
<span class="irc-date">[0:03]</span> <span class="irc-black">&lt;atinm&gt; frick. no.</span><br />
<span class="irc-date">[0:04]</span> <span class="irc-black">&lt;gdanko&gt; hmmmmmm</span><br />
<span class="irc-date">[0:04]</span> <span class="irc-black">&lt;gdanko&gt; is your build dying?</span><br />
<span class="irc-date">[0:04]</span> <span class="irc-black">&lt;gdanko&gt; ive had it look like it was complete but have errors up above</span><br />
<span class="irc-date">[0:05]</span> <span class="irc-black">&lt;atinm&gt; yeah, mine is dying</span><br />
<span class="irc-date">[0:05]</span> <span class="irc-black">&lt;gdanko&gt; weird</span><br />
<span class="irc-date">[0:05]</span> <span class="irc-black">&lt;atinm&gt; <a href="http://pastie.org/1346008">http://pastie.org/1346008</a></span><br />
<span class="irc-date">[0:05]</span> <span class="irc-black">&lt;gdanko&gt; i did repo sync</span><br />
<span class="irc-date">[0:05]</span> <span class="irc-black">&lt;gdanko&gt; then i did the git pull coolya mentioned</span><br />
<span class="irc-date">[0:05]</span> <span class="irc-black">&lt;gdanko&gt; ran the build, got the libcamera errors</span><br />
<span class="irc-date">[0:05]</span> <span class="irc-black">&lt;atinm&gt; ok, where it iptables.</span><br />
<span class="irc-date">[0:05]</span> <span class="irc-black">&lt;gdanko&gt; updated the extract</span><br />
<span class="irc-date">[0:05]</span> <span class="irc-black">&lt;gdanko&gt; re-ran and saw success</span><br />
<span class="irc-date">[0:06]</span> <span class="irc-black">&lt;atinm&gt; ugh.</span><br />
<span class="irc-date">[0:06]</span> <span class="irc-black">&lt;atinm&gt; I guess I should just see where iptables is, maybe that'll tell me something</span><br />
<span class="irc-date">[0:08]</span> <span class="irc-brick">* Unhelpful wonders why we should need anything samsung for iptables - it's very standard linux software.</span><br />
<span class="irc-date">[0:08]</span> <span class="irc-black">&lt;Unhelpful&gt; ...that they've presumably screwed up for us.</span><br />
<span class="irc-date">[0:10]</span> <span class="irc-black">&lt;gdanko&gt; hmm i am not seeing those errors</span><br />
<span class="irc-date">[0:10]</span> <span class="irc-black">&lt;atinm&gt; screw it - make clean</span><br />
<span class="irc-date">[0:11]</span> <span class="irc-black">&lt;gdanko&gt; i ended up doing that too :)</span><br />
<span class="irc-date">[0:11]</span> <span class="irc-black">&lt;codeworkx&gt; external/iptables</span><br />
<span class="irc-date">[0:12]</span> <span class="irc-black">&lt;atinm&gt; ok, guess that is it for the night ;)</span><br />
<span class="irc-date">[0:12]</span> <span class="irc-black">&lt;atinm&gt; codeworkx: yes, found that. most probably some objects were hanging around</span><br />
<span class="irc-date">[0:12]</span> <span class="irc-brick">* Unhelpful is currently rsync'ing a checkout he did on his home server, because github checkouts *always* time out here</span><br />
<span class="irc-date">[0:12]</span> <span class="irc-black">&lt;atinm&gt; well, I hope so anyway</span><br />
<span class="irc-date">[0:12]</span> <span class="irc-black">&lt;gdanko&gt; i am gonna flash this bad boy</span><br />
<span class="irc-date">[0:12]</span> <span class="irc-black">&lt;atinm&gt; k :)</span><br />
<span class="irc-date">[0:13]</span> <span class="irc-black">&lt;atinm&gt; my build is going to take a while...</span><br />
<span class="irc-date">[0:16]</span> <span class="irc-navy">* gdanko (~gdanko@nat/yahoo/x-bibuiejniqtguzxw) Quit (Quit: This computer has gone to sleep)</span><br />
<span class="irc-date">[0:19]</span> <span class="irc-green">* gdanko (~gdanko@99-33-178-151.lightspeed.simica.sbcglobal.net) has joined this channel.</span><br />
<span class="irc-date">[0:19]</span> <span class="irc-black">&lt;atinm&gt; gah . . . my computer's fan is trying to make it fly like a helicopter...</span><br />
<span class="irc-date">[0:20]</span> <span class="irc-black">&lt;atinm&gt; I guess the compile is heating up the cpus</span><br />
<span class="irc-date">[0:21]</span> <span class="irc-black">&lt;atinm&gt; gdanko: how do you flash this? I haven't flashed anything but kernel till now.</span><br />
<span class="irc-date">[0:21]</span> <span class="irc-black">&lt;atinm&gt; or anyone</span><br />
<span class="irc-date">[0:21]</span> <span class="irc-black">&lt;atinm&gt; this is make .img files?</span><br />
<span class="irc-date">[0:21]</span> <span class="irc-black">&lt;atinm&gt; making</span><br />
<span class="irc-date">[0:23]</span> <span class="irc-black">&lt;gdanko&gt; nandroid the img</span><br />
<span class="irc-date">[0:23]</span> <span class="irc-black">&lt;gdanko&gt; and then heimdall the kernel</span><br />
<span class="irc-date">[0:23]</span> <span class="irc-black">&lt;gdanko&gt; atinm: copy the system.img to /mnt/sdcard/clockworkmod/backup/cm6</span><br />
<span class="irc-date">[0:24]</span> <span class="irc-black">&lt;gdanko&gt; then busybox md5sum *img &gt; nandroid,md5</span><br />
<span class="irc-date">[0:24]</span> <span class="irc-black">&lt;gdanko&gt; back the badboy up and nandroid restore</span><br />
<span class="irc-date">[0:24]</span> <span class="irc-black">&lt;coolya&gt; i wrote some script that does all the work for you</span><br />
<span class="irc-date">[0:24]</span> <span class="irc-black">&lt;gdanko&gt; be back in a few.. getting ethan a treat.. hes been traumatized.</span><br />
<span class="irc-date">[0:24]</span> <span class="irc-black">&lt;gdanko&gt; coolya: me too :) system.sh</span><br />
<span class="irc-date">[0:24]</span> <span class="irc-black">&lt;coolya&gt; i could post it on pastebin if you want</span><br />
<span class="irc-date">[0:24]</span> <span class="irc-black">&lt;atinm&gt; coolya: yeah, please</span><br />
<span class="irc-date">[0:24]</span> <span class="irc-black">&lt;gdanko&gt; yea lemme see yours</span><br />
<span class="irc-date">[0:25]</span> <span class="irc-black">&lt;gdanko&gt; but mind automates it</span><br />
<span class="irc-date">[0:25]</span> <span class="irc-black">&lt;coolya&gt; it reboots into recovery, transfersfiles and restors</span><br />
<span class="irc-date">[0:25]</span> <span class="irc-black">&lt;coolya&gt; give me a second</span><br />
<span class="irc-date">[0:25]</span> <span class="irc-black">&lt;atinm&gt; pastie it, maybe we need another repo for utils like this.</span><br />
<span class="irc-date">[0:27]</span> <span class="irc-black">&lt;coolya&gt; <a href="http://pastebin.com/Cj6yZE94">http://pastebin.com/Cj6yZE94</a></span><br />
<span class="irc-date">[0:27]</span> <span class="irc-black">&lt;gdanko&gt; atinm: yes agree</span><br />
<span class="irc-date">[0:28]</span> <span class="irc-black">&lt;atinm&gt; git://github.com/cmsgs/utilities.git</span><br />
<span class="irc-date">[0:28]</span> <span class="irc-black">&lt;gdanko&gt; atinm: I have an extract-files generator that makes this kind of stuff much easier :)</span><br />
<span class="irc-date">[0:28]</span> <span class="irc-black">&lt;coolya&gt; yeah :-)</span><br />
<span class="irc-date">[0:29]</span> <span class="irc-black">&lt;atinm&gt; coolya: check it into that repo :)</span><br />
<span class="irc-date">[0:29]</span> <span class="irc-black">&lt;gdanko&gt; i will</span><br />
<span class="irc-date">[0:29]</span> <span class="irc-black">&lt;gdanko&gt; be back in an hour or so</span><br />
<span class="irc-date">[0:29]</span> <span class="irc-black">&lt;atinm&gt; and gdanko</span><br />
<span class="irc-date">[0:29]</span> <span class="irc-black">&lt;atinm&gt; ok</span><br />
<span class="irc-date">[0:29]</span> <span class="irc-black">&lt;gdanko&gt; gotta take ethan for a treat</span><br />
<span class="irc-date">[0:29]</span> <span class="irc-black">&lt;coolya&gt; i will do</span><br />
<span class="irc-date">[0:29]</span> <span class="irc-black">&lt;atinm&gt; k, have fun :)</span><br />
<span class="irc-date">[0:29]</span> <span class="irc-black">&lt;gdanko&gt; and i cleaned up repack-zImage</span><br />
<span class="irc-date">[0:29]</span> <span class="irc-black">&lt;gdanko&gt; make it halt on error</span><br />
<span class="irc-date">[0:30]</span> <span class="irc-black">&lt;gdanko&gt; and be more intelligent about which toolchain youre using</span><br />
<span class="irc-date">[0:30]</span> <span class="irc-black">&lt;atinm&gt; k, check it into git@github.com:cmsgs/initramfs-utils.git</span><br />
<span class="irc-date">[0:31]</span> <span class="irc-black">&lt;gdanko&gt; k</span><br />
<span class="irc-date">[0:31]</span> <span class="irc-black">&lt;atinm&gt; just gave you write access</span><br />
<span class="irc-date">[0:31]</span> <span class="irc-black">&lt;gdanko&gt; k</span><br />
<span class="irc-date">[0:34]</span> <span class="irc-black">&lt;coolya&gt; its up</span><br />
<span class="irc-date">[0:41]</span> <span class="irc-black">&lt;atinm&gt; great, thanks</span><br />
<span class="irc-date">[0:41]</span> <span class="irc-black">&lt;atinm&gt; I'm still building . . .</span><br />
<span class="irc-date">[0:41]</span> <span class="irc-black">&lt;coolya&gt; and this is the one and only real phone benchmark :-D <a href="https://github.com/coolya/vpenis">https://github.com/coolya/vpenis</a></span><br />
<span class="irc-date">[0:43]</span> <span class="irc-black">&lt;atinm&gt; lol</span><br />
<span class="irc-date">[0:44]</span> <span class="irc-black">&lt;coolya&gt; <a href="http://forum.xda-developers.com/showthread.php?t=853104&amp;highlight=vpenis">http://forum.xda-developers.com/showthread.php?t=853104&amp;highlight=vpenis</a> posted it on xda some time ago to point at those numbers that say nothing about the phone</span><br />
<span class="irc-date">[0:46]</span> <span class="irc-black">&lt;atinm&gt; we need a conversion to inches (or feet!) for americans. ;)</span><br />
<span class="irc-date">[0:47]</span> <span class="irc-black">&lt;coolya&gt; a friend is building an apk for that with some fancy anymation and result page ;-)</span><br />
<span class="irc-date">[0:49]</span> <span class="irc-black">&lt;atinm&gt; :)</span><br />
<span class="irc-date">[0:49]</span> <span class="irc-black">&lt;atinm&gt; my build is still only on libwebcore</span><br />
<span class="irc-date">[0:50]</span> <span class="irc-black">&lt;atinm&gt; I think I'm going to take a break - back later</span><br />
<span class="irc-date">[0:50]</span> <span class="irc-green">* atinm is now known as atinm|away</span><br />
<span class="irc-date">[0:50]</span> <span class="irc-black">&lt;coolya&gt; yes webkit take a long time</span><br />
<span class="irc-date">[0:50]</span> <span class="irc-black">&lt;coolya&gt; k ill go to slepp know</span><br />
<span class="irc-date">[1:20]</span> <span class="irc-black">&lt;codeworkx&gt; ok guys. pushed the tethering fix to cmsgs</span><br />
<span class="irc-date">[1:29]</span> <span class="irc-black">&lt;gdanko&gt; hi</span><br />
<span class="irc-date">[1:38]</span> <span class="irc-black">&lt;codeworkx&gt; <a href="http://www.codeworkx.de/download/cyanogenmod/CM6.1-GalaxyS-NIGHTLY.zip">http://www.codeworkx.de/download/cyanogenmod/CM6.1-GalaxyS-NIGHTLY.zip</a></span><br />
<span class="irc-date">[1:38]</span> <span class="irc-black">&lt;codeworkx&gt; &lt;- sleep</span><br />
<span class="irc-date">[1:38]</span> <span class="irc-black">&lt;codeworkx&gt; cya</span><br />
<span class="irc-date">[1:39]</span> <span class="irc-navy">* codeworkx (~codeworkx@95-89-111-251-dynip.superkabel.de) Quit (Remote host closed the connection)</span><br />
<span class="irc-date">[1:46]</span> <span class="irc-black">&lt;gdanko&gt; ok gonna go push it</span><br />
<span class="irc-date">[1:46]</span> <span class="irc-black">&lt;gdanko&gt; flash it</span><br />
<span class="irc-date">[1:48]</span> <span class="irc-navy">* coolya (~kolja@xdsleu255.osnanet.de) Quit (Quit: Leaving.)</span><br />
<span class="irc-date">[2:02]</span> <span class="irc-navy">* magote (c18982c3@gateway/web/freenode/ip.193.137.130.195) Quit (Quit: Page closed)</span><br />
<span class="irc-date">[2:06]</span> <span class="irc-green">* Kaik541 (~nertz@cpe-174-111-246-012.triad.res.rr.com) has joined this channel.</span><br />
<span class="irc-date">[2:26]</span> <span class="irc-navy">* gdanko (~gdanko@99-33-178-151.lightspeed.simica.sbcglobal.net) Quit (Quit: This computer has gone to sleep)</span><br />
<span class="irc-date">[2:27]</span> <span class="irc-green">* gdanko (~gdanko@99-33-178-151.lightspeed.simica.sbcglobal.net) has joined this channel.</span><br />
<span class="irc-date">[2:27]</span> <span class="irc-navy">* gdanko (~gdanko@99-33-178-151.lightspeed.simica.sbcglobal.net) Quit (Client Quit)</span><br />
<span class="irc-date">[2:32]</span> <span class="irc-navy">* dasunsrule32 (~dasunsrul@christiantechsaz.com) Quit (Ping timeout: 245 seconds)</span><br />
<span class="irc-date">[2:43]</span> <span class="irc-navy">* neldar (~neldar@dsl-217-162-71.pool.bitel.net) Quit (Quit: Leaving.)</span><br />
<span class="irc-date">[3:03]</span> <span class="irc-green">* noobnl (~noob@unaffiliated/noobnl) has joined this channel.</span><br />
<span class="irc-date">[3:50]</span> <span class="irc-navy">* Kaik541 (~nertz@cpe-174-111-246-012.triad.res.rr.com) Quit (Quit: Leaving)</span><br />
<span class="irc-date">[4:23]</span> <span class="irc-green">* gdanko (~gdanko@nat/yahoo/x-adqdydfmkkdjdkcp) has joined this channel.</span><br />
<span class="irc-date">[4:23]</span> <span class="irc-black">&lt;gdanko&gt; still get tons of FCs sfter flashing</span><br />
<span class="irc-date">[4:24]</span> <span class="irc-brick">* gdanko is back at the hospital</span><br />
<span class="irc-date">[4:43]</span> <span class="irc-black">&lt;Unhelpful&gt; aaaaaagh, have we just replaced external/iptables wholesale w/ samsung's version? :(</span><br />
<span class="irc-date">[4:48]</span> <span class="irc-black">&lt;gdanko&gt; Unhelpful: have you been able tyo boot cm6 on your cappy</span><br />
<span class="irc-date">[4:49]</span> <span class="irc-black">&lt;Unhelpful&gt; gdanko: i was a week or three ago...</span><br />
<span class="irc-date">[4:49]</span> <span class="irc-black">&lt;gdanko&gt; i am still chock full of FCs</span><br />
<span class="irc-date">[4:49]</span> <span class="irc-black">&lt;gdanko&gt; and i have to odin restore to get back to my old rom</span><br />
<span class="irc-date">[4:49]</span> <span class="irc-black">&lt;gdanko&gt; its weird</span><br />
<span class="irc-date">[4:50]</span> <span class="irc-black">&lt;gdanko&gt; original droid is 550mh?</span><br />
<span class="irc-date">[4:50]</span> <span class="irc-black">&lt;gdanko&gt; mhz</span><br />
<span class="irc-date">[4:51]</span> <span class="irc-green">* gdanko_ (~gdanko@166.135.243.3) has joined this channel.</span><br />
<span class="irc-date">[4:52]</span> <span class="irc-brick">* Unhelpful has made no attempt to convert to ext4 btw.</span><br />
<span class="irc-date">[4:52]</span> <span class="irc-black">&lt;gdanko_&gt; nor have i</span><br />
<span class="irc-date">[4:52]</span> <span class="irc-black">&lt;gdanko_&gt; i took codeworkx initramfs and modified it to use rfs</span><br />
<span class="irc-date">[4:54]</span> <span class="irc-black">&lt;gdanko_&gt; and i get no radio.. :(</span><br />
<span class="irc-date">[4:54]</span> <span class="irc-black">&lt;gdanko_&gt; i see the sginl bar but its mpty</span><br />
<span class="irc-date">[4:54]</span> <span class="irc-black">&lt;gdanko_&gt; signal</span><br />
<span class="irc-date">[4:54]</span> <span class="irc-black">&lt;gdanko_&gt; sorry, awkward typing space here</span><br />
<span class="irc-date">[4:55]</span> <span class="irc-navy">* gdanko (~gdanko@nat/yahoo/x-adqdydfmkkdjdkcp) Quit (Ping timeout: 265 seconds)</span><br />
<span class="irc-date">[5:01]</span> <span class="irc-green">* gdanko (~gdanko@nat/yahoo/x-gwgciqaoogenxeqs) has joined this channel.</span><br />
<span class="irc-date">[5:05]</span> <span class="irc-navy">* gdanko_ (~gdanko@166.135.243.3) Quit (Ping timeout: 276 seconds)</span><br />
<span class="irc-date">[5:09]</span> <span class="irc-black">&lt;gdanko&gt; atinm|away: I thought you granted me RW to initramfs utils</span><br />
<span class="irc-date">[5:11]</span> <span class="irc-black">&lt;gdanko&gt; i want to push my changes to repack</span><br />
<span class="irc-date">[5:30]</span> <span class="irc-green">* ciwrl|away is now known as ciwrl</span><br />
<span class="irc-date">[5:42]</span> <span class="irc-navy">* wArri (~dave.will@rrcs-72-45-254-78.nys.biz.rr.com) Quit (Ping timeout: 265 seconds)</span><br />
<span class="irc-date">[5:45]</span> <span class="irc-navy">* noobnl (~noob@unaffiliated/noobnl) Quit ()</span><br />
<span class="irc-date">[5:51]</span> <span class="irc-black">&lt;gdanko&gt; FYI: <a href="https://github.com/cmsgs/utilities/tree/master/generate-extract-files/">https://github.com/cmsgs/utilities/tree/master/generate-extract-files/</a></span><br />
<span class="irc-date">[5:53]</span> <span class="irc-green">* rjmjr69 (~Administr@c-24-62-52-123.hsd1.ma.comcast.net) has joined this channel.</span><br />
<span class="irc-date">[5:58]</span> <span class="irc-black">&lt;gdanko&gt; hi</span><br />
<span class="irc-date">[6:02]</span> <span class="irc-brick">* Unhelpful plays a game of watch-it-build</span><br />
<span class="irc-date">[6:02]</span> <span class="irc-black">&lt;gdanko&gt; 2 hour game</span><br />
<span class="irc-date">[6:02]</span> <span class="irc-black">&lt;gdanko&gt; :)</span><br />
<span class="irc-date">[6:03]</span> <span class="irc-black">&lt;gdanko&gt; Unhelpful: do you make an update.zip or do you nandroid&gt;?</span><br />
<span class="irc-date">[6:03]</span> <span class="irc-black">&lt;Unhelpful&gt; nandroid</span><br />
<span class="irc-date">[6:06]</span> <span class="irc-black">&lt;gdanko&gt; do you have problems restoring back to normal?</span><br />
<span class="irc-date">[6:10]</span> <span class="irc-black">&lt;Unhelpful&gt; i did the most recent time. i think it might be due to changes in recovery.</span><br />
<span class="irc-date">[6:10]</span> <span class="irc-black">&lt;gdanko&gt; yeah i had to bust out odin in my bootcamp partition</span><br />
<span class="irc-date">[6:10]</span> <span class="irc-black">&lt;gdanko&gt; pain</span><br />
<span class="irc-date">[6:10]</span> <span class="irc-black">&lt;Unhelpful&gt; you need to build yourself some heimdall ;)</span><br />
<span class="irc-date">[6:11]</span> <span class="irc-black">&lt;gdanko&gt; i have heimdall</span><br />
<span class="irc-date">[6:11]</span> <span class="irc-black">&lt;gdanko&gt; dont i need the rfs files?</span><br />
<span class="irc-date">[6:12]</span> <span class="irc-green">* coolya (~kolja@xdslex005.osnanet.de) has joined this channel.</span><br />
<span class="irc-date">[6:13]</span> <span class="irc-black">&lt;gdanko&gt; hi coolya</span><br />
<span class="irc-date">[6:22]</span> <span class="irc-black">&lt;Unhelpful&gt; gdanko: anything you can flash in odin, you should be able to flash in heimdall - you just need to unpack the tarfiles first.</span><br />
<span class="irc-date">[6:22]</span> <span class="irc-black">&lt;gdanko&gt; well i have my nandroid backup i wanna rrstore to</span><br />
<span class="irc-date">[6:22]</span> <span class="irc-black">&lt;gdanko&gt; i always backup right before i flash cm</span><br />
<span class="irc-date">[6:23]</span> <span class="irc-black">&lt;gdanko&gt; i assume atinm is asleep</span><br />
<span class="irc-date">[6:24]</span> <span class="irc-black">&lt;coolya&gt; hi</span><br />
<span class="irc-date">[6:24]</span> <span class="irc-black">&lt;gdanko&gt; Unhelpful: are you using a kernel using codeworkx initramfs?</span><br />
<span class="irc-date">[6:25]</span> <span class="irc-black">&lt;Unhelpful&gt; yes, minus the ext4 stuff</span><br />
<span class="irc-date">[6:25]</span> <span class="irc-black">&lt;gdanko&gt; me too</span><br />
<span class="irc-date">[6:26]</span> <span class="irc-black">&lt;gdanko&gt; lemme know if you get a ton of FCs</span><br />
<span class="irc-date">[6:27]</span> <span class="irc-black">&lt;gdanko&gt; mine is ji6 3e kernel with codeworkx initramfs - ext4</span><br />
<span class="irc-date">[6:27]</span> <span class="irc-black">&lt;coolya&gt; gdanko:was the image working ?</span><br />
<span class="irc-date">[6:27]</span> <span class="irc-black">&lt;gdanko&gt; coolya: i coud boot.. no phone signal and a bunch of fcs</span><br />
<span class="irc-date">[6:28]</span> <span class="irc-black">&lt;coolya&gt; is you phone gsm or cdma ?</span><br />
<span class="irc-date">[6:28]</span> <span class="irc-black">&lt;gdanko&gt; gsm</span><br />
<span class="irc-date">[6:29]</span> <span class="irc-black">&lt;gdanko&gt; i used to get phone on cm builds</span><br />
<span class="irc-date">[6:29]</span> <span class="irc-black">&lt;gdanko&gt; not anymore</span><br />
<span class="irc-date">[6:30]</span> <span class="irc-black">&lt;coolya&gt; strange, we nerver touched the hole ril thing only changed some things for signal strenght</span><br />
<span class="irc-date">[6:31]</span> <span class="irc-black">&lt;gdanko&gt; and if i boot into recovery in the kernel and wipe data, stuff is still there</span><br />
<span class="irc-date">[6:32]</span> <span class="irc-black">&lt;gdanko&gt; oh i think i need to edit the other .rc files to use rfs versus ext4</span><br />
<span class="irc-date">[6:32]</span> <span class="irc-black">&lt;gdanko&gt; in initrmfs</span><br />
<span class="irc-date">[6:35]</span> <span class="irc-black">&lt;Unhelpful&gt; erm... yes, obviously. :)</span><br />
<span class="irc-date">[6:35]</span> <span class="irc-black">&lt;gdanko&gt; busy day today :P</span><br />
<span class="irc-date">[6:37]</span> <span class="irc-black">&lt;gdanko&gt; working from home and chasing kids</span><br />
<span class="irc-date">[6:41]</span> <span class="irc-black">&lt;coolya&gt; i need more sleep :-)</span><br />
<span class="irc-date">[6:41]</span> <span class="irc-black">&lt;coolya&gt; will be back in some hours</span><br />
<span class="irc-date">[6:41]</span> <span class="irc-black">&lt;gdanko&gt; k</span><br />
<span class="irc-date">[6:42]</span> <span class="irc-navy">* coolya (~kolja@xdslex005.osnanet.de) Quit (Quit: Leaving.)</span><br />
<span class="irc-date">[7:11]</span> <span class="irc-navy">* gdanko (~gdanko@nat/yahoo/x-gwgciqaoogenxeqs) Quit (Quit: This computer has gone to sleep)</span><br />
<span class="irc-date">[8:10]</span> <span class="irc-green">* noobnl (~noob@unaffiliated/noobnl) has joined this channel.</span><br />
<span class="irc-date">[8:14]</span> <span class="irc-navy">* noobnl (~noob@unaffiliated/noobnl) Quit (Client Quit)</span><br />
<span class="irc-date">[9:24]</span> <span class="irc-black">&lt;Unhelpful&gt; darnit. :(</span><br />
<span class="irc-date">[9:26]</span> <span class="irc-black">&lt;Unhelpful&gt; gdanko: for whenever you get back, if you read the logs, my last results were a working boot, there's some kind of network issue though, i show a connection but can't resolve anything (nslookup w/ a server specified fails, although i can ping the nameserver). i *did* have issues restoring, and had to format /data, /dbdata, /cache, and /system to get restore to work - a flash via odin/heimdall of stock filesystems would achieve the same</span><br />
<span class="irc-date">[9:26]</span> <span class="irc-black">&lt;Unhelpful&gt; result, of course.</span><br />
<span class="irc-date">[10:20]</span> <span class="irc-green">* coolya (~kolja@xdslex005.osnanet.de) has joined this channel.</span><br />
<span class="irc-date">[10:29]</span> <span class="irc-green">* GuiPer (~GuiPer@ip-86-49-25-242.net.upcbroadband.cz) has joined this channel.</span><br />
<span class="irc-date">[11:24]</span> <span class="irc-navy">* GuiPer (~GuiPer@ip-86-49-25-242.net.upcbroadband.cz) Quit (Read error: No route to host)</span><br />
<span class="irc-date">[11:24]</span> <span class="irc-green">* GuiPer (~GuiPer@ip-86-49-25-242.net.upcbroadband.cz) has joined this channel.</span><br />
<span class="irc-date">[11:41]</span> <span class="irc-green">* ciwrl is now known as ciwrl|away</span><br />
<span class="irc-date">[11:43]</span> <span class="irc-green">* codeworkx (~codeworkx@95-89-111-251-dynip.superkabel.de) has joined this channel.</span><br />
<span class="irc-date">[11:44]</span> <span class="irc-navy">* GuiPer (~GuiPer@ip-86-49-25-242.net.upcbroadband.cz) Quit (Quit: GuiPer)</span><br />
<span class="irc-date">[11:44]</span> <span class="irc-green">* GuiPer (~GuiPer@ip-86-49-25-242.net.upcbroadband.cz) has joined this channel.</span><br />
<span class="irc-date">[11:58]</span> <span class="irc-navy">* GuiPer (~GuiPer@ip-86-49-25-242.net.upcbroadband.cz) Quit (Quit: GuiPer)</span><br />
<span class="irc-date">[11:59]</span> <span class="irc-green">* GuiPer (~GuiPer@ip-86-49-25-242.net.upcbroadband.cz) has joined this channel.</span><br />
<span class="irc-date">[12:21]</span> <span class="irc-green">* izibi_ (~julian@unaffiliated/izibi) has joined this channel.</span><br />
<span class="irc-date">[12:23]</span> <span class="irc-navy">* izibi (~julian@unaffiliated/izibi) Quit (Ping timeout: 276 seconds)</span><br />
<span class="irc-date">[12:26]</span> <span class="irc-green">* neldar (~neldar@dsl-217-166-24.pool.bitel.net) has joined this channel.</span><br />
<span class="irc-date">[12:26]</span> <span class="irc-black">&lt;- *neldar* Bot Sentry eingeschalten:  Sie werden jetzt ignoriert!  Ihre Nachricht wird übermittelt wenn sie die folgenden Fragen innerhalb von 10 Minuten richtig beantworten:  Wie buchstabieren sie das Ergebnis (Zahl) aus 10 geteilt durch zwei?</span><br />
<span class="irc-date">[13:27]</span> <span class="irc-black">&lt;coolya&gt; damn i begin ti hate gerrit</span><br />
<span class="irc-date">[14:00]</span> <span class="irc-green">* magote (~magoteI90@a79-169-106-110.cpe.netcabo.pt) has joined this channel.</span><br />
<span class="irc-date">[14:01]</span> <span class="irc-black">&lt;codeworkx&gt; how to kill "HTC Copyright" at Settings-&gt;Phoneinfo-&gt;Legal?</span><br />
<span class="irc-date">[14:01]</span> <span class="irc-black">&lt;codeworkx&gt; pm disable com.htc.copyright is one solution, but not nice</span><br />
<span class="irc-date">[14:16]</span> <span class="irc-navy">* GuiPer (~GuiPer@ip-86-49-25-242.net.upcbroadband.cz) Quit (Ping timeout: 245 seconds)</span><br />
<span class="irc-date">[15:01]</span> <span class="irc-green">* coolya is now known as coolya|away</span><br />
<span class="irc-date">[15:14]</span> <span class="irc-green">* wArri (~dave.will@rrcs-72-45-254-78.nys.biz.rr.com) has joined this channel.</span><br />
<span class="irc-date">[15:53]</span> <span class="irc-green">* GuiPer (~GuiPer@107.120.broadband11.iol.cz) has joined this channel.</span><br />
<span class="irc-date">[16:02]</span> <span class="irc-navy">* magote (~magoteI90@a79-169-106-110.cpe.netcabo.pt) Quit (Ping timeout: 240 seconds)</span><br />
<span class="irc-date">[16:44]</span> <span class="irc-green">* forcystos (625522b2@gateway/web/freenode/ip.98.85.34.178) has joined this channel.</span><br />
<span class="irc-date">[16:48]</span> <span class="irc-navy">* forcystos (625522b2@gateway/web/freenode/ip.98.85.34.178) Quit (Client Quit)</span><br />
<span class="irc-date">[16:50]</span> <span class="irc-green">* forcystos (625522b2@gateway/web/freenode/ip.98.85.34.178) has joined this channel.</span><br />
<span class="irc-date">[16:53]</span> <span class="irc-black">&lt;forcystos&gt; <a href="http://pastebin.com/G1YZLTU1">http://pastebin.com/G1YZLTU1</a> am I missing libs?</span><br />
