<span class="irc-date">[0:05]</span> <span class="irc-navy">* dasunsrule32 (~dasunsrul@christiantechsaz.com) Quit (Ping timeout: 240 seconds)</span><br />
<span class="irc-date">[0:12]</span> <span class="irc-green">* dasunsrule32 (~dasunsrul@christiantechsaz.com) has joined this channel.</span><br />
<span class="irc-date">[0:20]</span> <span class="irc-green">* ciwrl|food is now known as ciwr</span><br />
<span class="irc-date">[0:20]</span> <span class="irc-green">* ciwr is now known as ciwrl</span><br />
<span class="irc-date">[0:26]</span> <span class="irc-navy">* jt|store (~jt1134@c-71-207-226-80.hsd1.al.comcast.net) Quit (Ping timeout: 240 seconds)</span><br />
<span class="irc-date">[0:33]</span> <span class="irc-green">* jt1134 (~jt1134@c-71-207-226-80.hsd1.al.comcast.net) has joined this channel.</span><br />
<span class="irc-date">[0:34]</span> <span class="irc-green">* skeeterslint (~skeetersl@c-71-192-215-99.hsd1.ma.comcast.net) has joined this channel.</span><br />
<span class="irc-date">[10:39]</span> <span class="irc-brown">-anthony.freenode.net- *** Looking up your hostname...</span><br />
<span class="irc-date">[10:39]</span> <span class="irc-brown">-anthony.freenode.net- *** Checking Ident</span><br />
<span class="irc-date">[10:39]</span> <span class="irc-brown">-anthony.freenode.net- *** No Ident response</span><br />
<span class="irc-date">[10:39]</span> <span class="irc-brown">-anthony.freenode.net- *** Found your hostname</span><br />
<span class="irc-date">[10:39]</span> <span class="irc-green">* cmsgsteam-logger (~PircBot@cmsgs.com) has joined this channel.</span><br />
<span class="irc-date">[10:39]</span> <span class="irc-green">* Topic is 'SGS CyanogenMod developers and testers (and other kernel and android hackers) - <a href="http://www.cmsgs.com/'">http://www.cmsgs.com/'</a></span><br />
<span class="irc-date">[10:39]</span> <span class="irc-green">* Set by atinm|night!~atin@unaffiliated/atinm on Sun Dec 19 02:05:32 GMT 2010</span><br />
<span class="irc-date">[10:39]</span> <span class="irc-brown">-ChanServ- [#__topsecret__] SGS-CM6 developers and testers only pls. Others could be kickbanned if not contributing to the channel's function.</span><br />
<span class="irc-date">[10:39]</span> <span class="irc-green">* ChanServ sets mode +o cmsgsteam-logger</span><br />
<span class="irc-date">[10:50]</span> <span class="irc-green">* atinm (~atin@unaffiliated/atinm) has joined this channel.</span><br />
<span class="irc-date">[10:50]</span> <span class="irc-green">* ChanServ sets mode +o atinm</span><br />
<span class="irc-date">[11:03]</span> <span class="irc-navy">* noobnl (~noob@unaffiliated/noobnl) Quit (Ping timeout: 260 seconds)</span><br />
<span class="irc-date">[11:34]</span> <span class="irc-green">* noobnl (~noob@unaffiliated/noobnl) has joined this channel.</span><br />
