<span class="irc-date">[0:02]</span> <span class="irc-navy">* Scepterr (~Scepterr@mte.rootmy.mobi) Quit (Ping timeout: 250 seconds)</span><br />
<span class="irc-date">[0:03]</span> <span class="irc-green">* Scepterr (~Scepterr@mte.rootmy.mobi) has joined this channel.</span><br />
<span class="irc-date">[0:12]</span> <span class="irc-navy">* Zilch25 (~Zilch25@adsl-065-006-177-166.sip.bct.bellsouth.net) Quit ()</span><br />
<span class="irc-date">[0:21]</span> <span class="irc-black">&lt;atinm|away&gt; (try talking into the phone . . . maybe it'll hear)</span><br />
<span class="irc-date">[0:22]</span> <span class="irc-black">&lt;atinm|away&gt; unhelpful: do you remember what the vold device major/minor were for emmc?</span><br />
<span class="irc-date">[0:23]</span> <span class="irc-black">&lt;atinm|away&gt; 179:9?</span><br />
<span class="irc-date">[0:23]</span> <span class="irc-black">&lt;atinm|away&gt; 179:1 seems to be sdcard</span><br />
<span class="irc-date">[0:23]</span> <span class="irc-black">&lt;atinm|away&gt; and it thinks 179:9 is emmc</span><br />
<span class="irc-date">[0:23]</span> <span class="irc-black">&lt;atinm|away&gt; just want to make sure..</span><br />
<span class="irc-date">[0:24]</span> <span class="irc-black">&lt;atinm|away&gt; need to find the program USB Mass Storage that has the button for Turn on/off USB Storage</span><br />
<span class="irc-date">[0:24]</span> <span class="irc-black">&lt;atinm|away&gt; I think that might be what needs to know about emmc as well</span><br />
<span class="irc-date">[0:26]</span> <span class="irc-black">&lt;Unhelpful&gt; atinm|away: pretty sure those are correct.</span><br />
<span class="irc-date">[0:32]</span> <span class="irc-black">&lt;designfears&gt; hey atinm|away where'd you get your twitter avatar from</span><br />
<span class="irc-date">[0:33]</span> <span class="irc-black">&lt;atinm|away&gt; mymanga.com?</span><br />
<span class="irc-date">[0:33]</span> <span class="irc-black">&lt;atinm|away&gt; something like that</span><br />
<span class="irc-date">[0:33]</span> <span class="irc-black">&lt;atinm|away&gt; made it</span><br />
<span class="irc-date">[0:33]</span> <span class="irc-black">&lt;designfears&gt; ok thanks</span><br />
<span class="irc-date">[0:33]</span> <span class="irc-black">&lt;designfears&gt; yea a generator website right</span><br />
<span class="irc-date">[0:33]</span> <span class="irc-black">&lt;atinm|away&gt; right</span><br />
<span class="irc-date">[0:33]</span> <span class="irc-black">&lt;atinm|away&gt; you sort of choose features and add them</span><br />
<span class="irc-date">[0:34]</span> <span class="irc-black">&lt;designfears&gt; faceyourmanga.</span><br />
<span class="irc-date">[0:37]</span> <span class="irc-green">* chek0vv (~chek0v@i.see.deadpackets.com) has joined this channel.</span><br />
<span class="irc-date">[0:37]</span> <span class="irc-black">&lt;atinm|away&gt; yes, that sounds right</span><br />
<span class="irc-date">[0:38]</span> <span class="irc-navy">* iCEBrkr (~icebrkr@cyberdyne.org) Quit (Ping timeout: 240 seconds)</span><br />
<span class="irc-date">[0:38]</span> <span class="irc-green">* iCEBrkr (~icebrkr@cyberdyne.org) has joined this channel.</span><br />
<span class="irc-date">[0:54]</span> <span class="irc-green">* techmik (~techmik@c-76-109-173-83.hsd1.fl.comcast.net) has joined this channel.</span><br />
<span class="irc-date">[0:57]</span> <span class="irc-navy">* techmik_laptop (~techmik@c-76-109-173-83.hsd1.fl.comcast.net) Quit (Ping timeout: 252 seconds)</span><br />
<span class="irc-date">[0:57]</span> <span class="irc-green">* techmik is now known as techmik_laptop</span><br />
