<span class="irc-date">[1:14]</span> <span class="irc-navy">* kalpik_ (~kalpik@unaffiliated/kalpik) Quit (Ping timeout: 240 seconds)</span><br />
<span class="irc-date">[1:28]</span> <span class="irc-green">* kalpik (~kalpik@unaffiliated/kalpik) has joined this channel.</span><br />
<span class="irc-date">[1:37]</span> <span class="irc-green">* wArri (~dave.will@rrcs-72-45-254-78.nys.biz.rr.com) has joined this channel.</span><br />
<span class="irc-date">[2:47]</span> <span class="irc-navy">* kalpik (~kalpik@unaffiliated/kalpik) Quit (Quit: WeeChat 0.3.4)</span><br />
<span class="irc-date">[2:55]</span> <span class="irc-green">* kalpik (~kalpik@unaffiliated/kalpik) has joined this channel.</span><br />
<span class="irc-date">[4:23]</span> <span class="irc-navy">* jt1134 (~jt1134@c-71-207-226-80.hsd1.al.comcast.net) Quit (Quit: Leaving)</span><br />
<span class="irc-date">[4:25]</span> <span class="irc-green">* knowsnotmuch (~ashwinds@122.174.68.78) has joined this channel.</span><br />
<span class="irc-date">[4:25]</span> <span class="irc-black">&lt;knowsnotmuch&gt; having random reboots...</span><br />
<span class="irc-date">[4:26]</span> <span class="irc-black">&lt;knowsnotmuch&gt; is there anything i can provide to debug?</span><br />
<span class="irc-date">[4:26]</span> <span class="irc-black">&lt;knowsnotmuch&gt; just had one</span><br />
<span class="irc-date">[4:32]</span> <span class="irc-green">* jt1134 (~jt1134@c-71-207-226-80.hsd1.al.comcast.net) has joined this channel.</span><br />
<span class="irc-date">[4:33]</span> <span class="irc-navy">* knowsnotmuch (~ashwinds@122.174.68.78) Quit (Read error: Connection reset by peer)</span><br />
<span class="irc-date">[4:44]</span> <span class="irc-green">* knowsnotmuch (~ashwinds@122.174.68.78) has joined this channel.</span><br />
<span class="irc-date">[5:24]</span> <span class="irc-navy">* knowsnotmuch (~ashwinds@122.174.68.78) Quit (Quit: bfn)</span><br />
<span class="irc-date">[5:54]</span> <span class="irc-green">* knowsnotmuch (~ashwinds@122.174.68.78) has joined this channel.</span><br />
<span class="irc-date">[6:04]</span> <span class="irc-green">* zimmbi (~Adium@cable-static-242-48.eblcom.ch) has joined this channel.</span><br />
<span class="irc-date">[6:14]</span> <span class="irc-green">* knowsnotmuch (~ashwinds@122.174.68.78) has left this channel.</span><br />
<span class="irc-date">[6:39]</span> <span class="irc-black">&lt;UberPinguin&gt; Redesign of the UART transistor box, to get nearly all of the values in the table <a href="http://ompldr.org/vNzg1NQ/Resistors_Redesigned.png">http://ompldr.org/vNzg1NQ/Resistors_Redesigned.png</a></span><br />
<span class="irc-date">[6:39]</span> <span class="irc-black">&lt;UberPinguin&gt; 1000.070K and 1002K are too tight to get :/</span><br />
<span class="irc-date">[7:08]</span> <span class="irc-green">* jt1134 is now known as jt|BlackMFOps</span><br />
<span class="irc-date">[7:45]</span> <span class="irc-green">* knowsnotmuch (~ashwinds@115.242.227.43) has joined this channel.</span><br />
<span class="irc-date">[8:12]</span> <span class="irc-navy">* zimmbi (~Adium@cable-static-242-48.eblcom.ch) Quit (Ping timeout: 276 seconds)</span><br />
<span class="irc-date">[8:18]</span> <span class="irc-green">* zimmbi (~Adium@cable-static-242-48.eblcom.ch) has joined this channel.</span><br />
<span class="irc-date">[8:21]</span> <span class="irc-green">* riggnix (~riggnix@bulme34.htl-bulmegraz.ac.at) has joined this channel.</span><br />
<span class="irc-date">[8:34]</span> <span class="irc-navy">* knowsnotmuch (~ashwinds@115.242.227.43) Quit (Quit: bfn)</span><br />
<span class="irc-date">[8:54]</span> <span class="irc-green">* ciwrl|sick is now known as ciwrl|away</span><br />
<span class="irc-date">[8:55]</span> <span class="irc-navy">* zimmbi (~Adium@cable-static-242-48.eblcom.ch) Quit (Quit: Leaving.)</span><br />
<span class="irc-date">[9:02]</span> <span class="irc-navy">* kernelzilla (~patrick@174-26-71-61.phnx.qwest.net) Quit (Quit: bbl, honeycomb just dropped)</span><br />
<span class="irc-date">[12:07]</span> <span class="irc-green">* atinm|away (~atin@unaffiliated/atinm) has left this channel.</span><br />
<span class="irc-date">[12:14]</span> <span class="irc-navy">* ciwrl|away (~ciwrl@pool-173-73-39-184.washdc.fios.verizon.net) Quit ()</span><br />
<span class="irc-date">[12:41]</span> <span class="irc-navy">* thedeanius (~dean@c-24-2-24-87.hsd1.mo.comcast.net) Quit (Quit: thedeanius)</span><br />
<span class="irc-date">[12:42]</span> <span class="irc-navy">* kalpik (~kalpik@unaffiliated/kalpik) Quit (Ping timeout: 240 seconds)</span><br />
<span class="irc-date">[12:56]</span> <span class="irc-green">* kalpik (~kalpik@unaffiliated/kalpik) has joined this channel.</span><br />
<span class="irc-date">[13:03]</span> <span class="irc-navy">* riggnix (~riggnix@bulme34.htl-bulmegraz.ac.at) Quit ()</span><br />
<span class="irc-date">[14:02]</span> <span class="irc-green">* thedeanius (~dean@64.151.21.178) has joined this channel.</span><br />
<span class="irc-date">[14:24]</span> <span class="irc-navy">* jt|BlackMFOps (~jt1134@c-71-207-226-80.hsd1.al.comcast.net) Quit (Remote host closed the connection)</span><br />
<span class="irc-date">[14:45]</span> <span class="irc-green">* knowsnotmuch (~ashwinds@122.174.68.78) has joined this channel.</span><br />
<span class="irc-date">[14:46]</span> <span class="irc-navy">* knowsnotmuch (~ashwinds@122.174.68.78) Quit (Client Quit)</span><br />
<span class="irc-date">[15:33]</span> <span class="irc-green">* gdanko (~gdanko@66-162-32-185.static.twtelecom.net) has joined this channel.</span><br />
<span class="irc-date">[15:59]</span> <span class="irc-green">* hceylan (~hceylan@213.248.153.186) has joined this channel.</span><br />
<span class="irc-date">[15:59]</span> <span class="irc-black">&lt;hceylan&gt; Hello All...</span><br />
<span class="irc-date">[15:59]</span> <span class="irc-black">&lt;hceylan&gt; I am seeing galaxy tab on the repo list...</span><br />
<span class="irc-date">[16:00]</span> <span class="irc-black">&lt;hceylan&gt; is there anything done for galaxy tab that I can help testing on my tab?</span><br />
<span class="irc-date">[16:03]</span> <span class="irc-green">* Wout` (~Wout@s55927d21.adsl.wanadoo.nl) has joined this channel.</span><br />
<span class="irc-date">[16:36]</span> <span class="irc-green">* codeworkx (~codeworkx@95-89-111-251-dynip.superkabel.de) has joined this channel.</span><br />
<span class="irc-date">[16:38]</span> <span class="irc-green">* knowsnotmuch (~ashwinds@122.174.68.78) has joined this channel.</span><br />
<span class="irc-date">[16:39]</span> <span class="irc-black">&lt;knowsnotmuch&gt; hey codeworkx .. how can i help with the home key bug? logcat does not trap anything...</span><br />
<span class="irc-date">[16:40]</span> <span class="irc-black">&lt;codeworkx&gt; theres no home key bug</span><br />
<span class="irc-date">[16:40]</span> <span class="irc-black">&lt;knowsnotmuch&gt; codeworkx, the thing is if i open clock and click home key, it goes back .. but doesnt for say .. market</span><br />
<span class="irc-date">[16:40]</span> <span class="irc-black">&lt;knowsnotmuch&gt; or email</span><br />
<span class="irc-date">[16:40]</span> <span class="irc-black">&lt;knowsnotmuch&gt; ohh ok</span><br />
<span class="irc-date">[16:40]</span> <span class="irc-black">&lt;codeworkx&gt; market works fine</span><br />
<span class="irc-date">[16:40]</span> <span class="irc-black">&lt;codeworkx&gt; email works too</span><br />
<span class="irc-date">[16:40]</span> <span class="irc-black">&lt;knowsnotmuch&gt; codeworkx, ok..</span><br />
<span class="irc-date">[16:40]</span> <span class="irc-black">&lt;knowsnotmuch&gt; codeworkx, guess i will do a wipe and reinstall then</span><br />
<span class="irc-date">[16:41]</span> <span class="irc-black">&lt;knowsnotmuch&gt; i also seem to have lost my lockscreen and cant get it back</span><br />
<span class="irc-date">[16:47]</span> <span class="irc-green">* Gregounech (6dd2fb7a@gateway/web/freenode/ip.109.210.251.122) has joined this channel.</span><br />
<span class="irc-date">[16:47]</span> <span class="irc-black">&lt;Gregounech&gt; Hey all</span><br />
<span class="irc-date">[16:49]</span> <span class="irc-green">* birdman (~Steven@24.246.130.106) has joined this channel.</span><br />
<span class="irc-date">[16:51]</span> <span class="irc-black">&lt;Gregounech&gt; Bad news for you codeworkx : <a href="http://www.engadget.com/2011/01/31/intel-finds-sandy-bridge-chipset-design-flaw-shipments-stopped/">http://www.engadget.com/2011/01/31/intel-finds-sandy-bridge-chipset-design-flaw-shipments-stopped/</a></span><br />
<span class="irc-date">[16:52]</span> <span class="irc-black">&lt;hceylan&gt; Guys is there anything I can test on the Galaxy Tab?</span><br />
<span class="irc-date">[16:52]</span> <span class="irc-navy">* knowsnotmuch (~ashwinds@122.174.68.78) Quit (Read error: Connection reset by peer)</span><br />
<span class="irc-date">[16:52]</span> <span class="irc-green">* knowsnotmuch (~ashwinds@122.174.68.78) has joined this channel.</span><br />
<span class="irc-date">[16:53]</span> <span class="irc-green">* atinm (~amalaviya@unaffiliated/atinm) has joined this channel.</span><br />
<span class="irc-date">[16:53]</span> <span class="irc-green">* ChanServ sets mode +o atinm</span><br />
<span class="irc-date">[17:08]</span> <span class="irc-navy">* birdman (~Steven@24.246.130.106) Quit (Quit: Leaving)</span><br />
<span class="irc-date">[17:25]</span> <span class="irc-green">* zimmbi (~Adium@cable-static-242-48.eblcom.ch) has joined this channel.</span><br />
<span class="irc-date">[17:28]</span> <span class="irc-navy">* zimmbi (~Adium@cable-static-242-48.eblcom.ch) Quit (Client Quit)</span><br />
<span class="irc-date">[17:31]</span> <span class="irc-black">&lt;knowsnotmuch&gt; codeworkx, just an update - did a data wipe and the home key works just fine now</span><br />
<span class="irc-date">[17:34]</span> <span class="irc-black">&lt;codeworkx&gt; strange</span><br />
<span class="irc-date">[17:35]</span> <span class="irc-black">&lt;knowsnotmuch&gt; and with it returned my lockscreen too</span><br />
<span class="irc-date">[17:35]</span> <span class="irc-black">&lt;knowsnotmuch&gt; i thought lockscreen would be part of framework and i tried re-running the update.zip... but it didnt fix it. data wipe did</span><br />
<span class="irc-date">[17:37]</span> <span class="irc-black">&lt;knowsnotmuch&gt; codeworkx, on another problem i have - any known issues with cwm recovery? i had a backup from the 1st install i made (i think 29th version) - i tried to restore /data from it but it reported md5 mismatch</span><br />
<span class="irc-date">[17:37]</span> <span class="irc-black">&lt;knowsnotmuch&gt; even normal restore didnt work...</span><br />
<span class="irc-date">[17:37]</span> <span class="irc-black">&lt;knowsnotmuch&gt; i will try again with this kernel..</span><br />
<span class="irc-date">[17:37]</span> <span class="irc-black">&lt;knowsnotmuch&gt; but just want to check if there are any known issues</span><br />
<span class="irc-date">[17:40]</span> <span class="irc-black">&lt;codeworkx&gt; yes, md5 checksums are not written</span><br />
<span class="irc-date">[17:40]</span> <span class="irc-black">&lt;codeworkx&gt; dont know why</span><br />
<span class="irc-date">[17:41]</span> <span class="irc-black">&lt;knowsnotmuch&gt; ok...</span><br />
<span class="irc-date">[17:42]</span> <span class="irc-black">&lt;codeworkx&gt; have a look at recovery sources</span><br />
<span class="irc-date">[17:42]</span> <span class="irc-black">&lt;codeworkx&gt; maybe you'll find the problem</span><br />
<span class="irc-date">[17:43]</span> <span class="irc-black">&lt;knowsnotmuch&gt; not a dev... but will certainly give it a shot soon... perhaps tomorrow :)</span><br />
<span class="irc-date">[17:56]</span> <span class="irc-black">&lt;codeworkx&gt; <a href="https://github.com/CyanogenMod/android_bootable_recovery/blob/gingerbread/nandroid.c#L206">https://github.com/CyanogenMod/android_bootable_recovery/blob/gingerbread/nandroid.c#L206</a></span><br />
<span class="irc-date">[18:01]</span> <span class="irc-navy">* Wout` (~Wout@s55927d21.adsl.wanadoo.nl) Quit ()</span><br />
<span class="irc-date">[18:10]</span> <span class="irc-black">&lt;knowsnotmuch&gt; hmmm looks like only thing there that could go wrong is backup_path?</span><br />
<span class="irc-date">[18:13]</span> <span class="irc-navy">* dasunsrule32 (~dasunsrul@christiantechsaz.com) Quit (Ping timeout: 272 seconds)</span><br />
<span class="irc-date">[18:14]</span> <span class="irc-black">&lt;Gregounech&gt; Oh, I lost flac support in the latest nightly codeworkx</span><br />
<span class="irc-date">[18:14]</span> <span class="irc-black">&lt;Gregounech&gt; is this normal ?</span><br />
<span class="irc-date">[18:15]</span> <span class="irc-black">&lt;codeworkx&gt; audio codec?</span><br />
<span class="irc-date">[18:15]</span> <span class="irc-black">&lt;codeworkx&gt; dont know xD</span><br />
<span class="irc-date">[18:15]</span> <span class="irc-black">&lt;codeworkx&gt; we've nothing changed</span><br />
<span class="irc-date">[18:16]</span> <span class="irc-black">&lt;codeworkx&gt; <a href="https://github.com/CyanogenMod/android_frameworks_base/commit/49e185aaf0df23e1a472fe7edaf50de3c5550099">https://github.com/CyanogenMod/android_frameworks_base/commit/49e185aaf0df23e1a472fe7edaf50de3c5550099</a></span><br />
<span class="irc-date">[18:20]</span> <span class="irc-black">&lt;Gregounech&gt; okay, cause my phone doesn't want to read those anymore</span><br />
<span class="irc-date">[18:25]</span> <span class="irc-navy">* Gregounech (6dd2fb7a@gateway/web/freenode/ip.109.210.251.122) Quit (Quit: Page closed)</span><br />
<span class="irc-date">[18:33]</span> <span class="irc-green">* ciwrl (~ciwrl@pool-173-73-39-184.washdc.fios.verizon.net) has joined this channel.</span><br />
<span class="irc-date">[19:11]</span> <span class="irc-green">* ciwrl is now known as ciwrl|away</span><br />
<span class="irc-date">[19:13]</span> <span class="irc-navy">* knowsnotmuch (~ashwinds@122.174.68.78) Quit (Quit: Zzzz)</span><br />
<span class="irc-date">[19:17]</span> <span class="irc-green">* knowsnotmuch (~ashwinds@122.174.68.78) has joined this channel.</span><br />
<span class="irc-date">[19:19]</span> <span class="irc-green">* zimmbi1 (~Adium@cable-static-242-48.eblcom.ch) has joined this channel.</span><br />
<span class="irc-date">[19:20]</span> <span class="irc-black">&lt;zimmbi1&gt; is it possible to switch back to a standard rom anytime?</span><br />
<span class="irc-date">[20:03]</span> <span class="irc-black">&lt;magote&gt; zimmbi1, just flash a stock rom with pit and repartition checked</span><br />
<span class="irc-date">[20:06]</span> <span class="irc-navy">* hceylan (~hceylan@213.248.153.186) Quit (Remote host closed the connection)</span><br />
<span class="irc-date">[20:06]</span> <span class="irc-black">&lt;zimmbi1&gt; ok thank you</span><br />
<span class="irc-date">[20:23]</span> <span class="irc-navy">* knowsnotmuch (~ashwinds@122.174.68.78) Quit (Quit: bfn)</span><br />
<span class="irc-date">[20:42]</span> <span class="irc-black">&lt;codeworkx&gt; can someone create a video of cm7 on sgs?</span><br />
<span class="irc-date">[20:43]</span> <span class="irc-black">&lt;zimmbi1&gt; i can tomorrow if u want</span><br />
<span class="irc-date">[20:43]</span> <span class="irc-black">&lt;zimmbi1&gt; what should be in the video</span><br />
<span class="irc-date">[20:43]</span> <span class="irc-green">* kernelzilla (~patrick@174-26-71-61.phnx.qwest.net) has joined this channel.</span><br />
<span class="irc-date">[20:44]</span> <span class="irc-black">&lt;zimmbi1&gt; question: quadrant is not fully working atm, right?</span><br />
<span class="irc-date">[20:50]</span> <span class="irc-black">&lt;codeworkx&gt; right</span><br />
<span class="irc-date">[20:51]</span> <span class="irc-black">&lt;codeworkx&gt; adw, phone info, theme chooser should be in the video</span><br />
<span class="irc-date">[20:53]</span> <span class="irc-green">* coolya|away is now known as coolya</span><br />
<span class="irc-date">[20:54]</span> <span class="irc-black">&lt;zimmbi1&gt; ok i see what i can do, cu tomorrow</span><br />
<span class="irc-date">[20:54]</span> <span class="irc-navy">* zimmbi1 (~Adium@cable-static-242-48.eblcom.ch) Quit (Quit: Leaving.)</span><br />
<span class="irc-date">[21:07]</span> <span class="irc-green">* birdman (~Steven@24.246.130.106) has joined this channel.</span><br />
<span class="irc-date">[21:08]</span> <span class="irc-black">&lt;birdman&gt; coolya, do i have to wipe a newly made mtd partition before i can mount it?</span><br />
<span class="irc-date">[21:08]</span> <span class="irc-black">&lt;birdman&gt; im having troubles getting my mtdpartitions mounted in a .32 kernel</span><br />
<span class="irc-date">[21:09]</span> <span class="irc-black">&lt;coolya&gt; yes you have to run erase_image &lt;partition name&gt; e.g. system</span><br />
<span class="irc-date">[21:09]</span> <span class="irc-black">&lt;coolya&gt; you are running mtd on .32? :-)</span><br />
<span class="irc-date">[21:09]</span> <span class="irc-black">&lt;birdman&gt; do i have to format it as yaffs2 or will that be done for me?</span><br />
<span class="irc-date">[21:09]</span> <span class="irc-black">&lt;birdman&gt; coolya, yup :)</span><br />
<span class="irc-date">[21:09]</span> <span class="irc-black">&lt;coolya&gt; yaffs will format it when there is no fs</span><br />
<span class="irc-date">[21:10]</span> <span class="irc-black">&lt;birdman&gt; coolya, using the stock mtd's that it seems to have set up automagically</span><br />
<span class="irc-date">[21:10]</span> <span class="irc-black">&lt;birdman&gt; i dont quite trust them tho</span><br />
<span class="irc-date">[21:10]</span> <span class="irc-black">&lt;birdman&gt; /dev/block # cat /proc/mtd</span><br />
<span class="irc-date">[21:10]</span> <span class="irc-black">&lt;birdman&gt; dev:    size   erasesize  name</span><br />
<span class="irc-date">[21:10]</span> <span class="irc-black">&lt;birdman&gt; mtd0: 00040000 00040000 "misc"</span><br />
<span class="irc-date">[21:10]</span> <span class="irc-black">&lt;birdman&gt; mtd6: 14800000 00040000 "userdata"</span><br />
<span class="irc-date">[21:10]</span> <span class="irc-black">&lt;birdman&gt; /dev/block # uname -r</span><br />
<span class="irc-date">[21:10]</span> <span class="irc-black">&lt;birdman&gt; 2.6.32.9</span><br />
<span class="irc-date">[21:10]</span> <span class="irc-black">&lt;birdman&gt; /dev/block #</span><br />
<span class="irc-date">[21:11]</span> <span class="irc-black">&lt;birdman&gt; strangely it gave me a misc partition :o</span><br />
<span class="irc-date">[21:11]</span> <span class="irc-black">&lt;birdman&gt; i wonder if my bootloader supports that...</span><br />
<span class="irc-date">[21:12]</span> <span class="irc-black">&lt;coolya&gt; :-D</span><br />
<span class="irc-date">[21:12]</span> <span class="irc-black">&lt;coolya&gt; birdman: you can mount param.lfs as ext2 ?</span><br />
<span class="irc-date">[21:12]</span> <span class="irc-black">&lt;coolya&gt; had no luck when i did it</span><br />
<span class="irc-date">[21:13]</span> <span class="irc-black">&lt;birdman&gt; ive done it before, in .29, but i think i had to keep the param.ko module</span><br />
<span class="irc-date">[21:14]</span> <span class="irc-black">&lt;birdman&gt; /dev/block # erase_image /dev/block/mtdblock4</span><br />
<span class="irc-date">[21:14]</span> <span class="irc-black">&lt;birdman&gt; can't find /dev/block/mtdblock4 partition/dev/block #</span><br />
<span class="irc-date">[21:14]</span> <span class="irc-black">&lt;coolya&gt; hmm i noticed on .32 when you try to mount something and it is going wron it mounts param.lfs at that place</span><br />
<span class="irc-date">[21:15]</span> <span class="irc-black">&lt;coolya&gt; mtd4 dosen show in proc/mtd ?</span><br />
<span class="irc-date">[21:15]</span> <span class="irc-black">&lt;birdman&gt; it does</span><br />
<span class="irc-date">[21:15]</span> <span class="irc-black">&lt;birdman&gt; and its there</span><br />
<span class="irc-date">[21:15]</span> <span class="irc-black">&lt;birdman&gt; but erase_image cant find it...</span><br />
<span class="irc-date">[21:15]</span> <span class="irc-black">&lt;coolya&gt; then you have to do erase_image &lt;name from /proc/mtd&gt;</span><br />
<span class="irc-date">[21:16]</span> <span class="irc-black">&lt;birdman&gt; cannot find mtd4</span><br />
<span class="irc-date">[21:16]</span> <span class="irc-black">&lt;birdman&gt; oh there we go</span><br />
<span class="irc-date">[21:16]</span> <span class="irc-black">&lt;birdman&gt; now how to i mount it? :P</span><br />
<span class="irc-date">[21:16]</span> <span class="irc-black">&lt;birdman&gt; mount -t yaffs2 /dev/block/mtdblock4 /system doesnt work</span><br />
<span class="irc-date">[21:17]</span> <span class="irc-black">&lt;birdman&gt; says "no such device"</span><br />
<span class="irc-date">[21:17]</span> <span class="irc-green">* jt1134 (~jt1134@c-71-207-226-80.hsd1.al.comcast.net) has joined this channel.</span><br />
<span class="irc-date">[21:18]</span> <span class="irc-black">&lt;coolya&gt; can you cd to /system ?</span><br />
<span class="irc-date">[21:19]</span> <span class="irc-black">&lt;birdman&gt; well thats shady, rebooted the phone after erase_image and my kernel is apparently gone....</span><br />
<span class="irc-date">[21:19]</span> <span class="irc-black">&lt;birdman&gt; hurray for download mode</span><br />
<span class="irc-date">[21:19]</span> <span class="irc-black">&lt;coolya&gt; :-D</span><br />
<span class="irc-date">[21:20]</span> <span class="irc-black">&lt;birdman&gt; maybe i shouldnt trust these shady mtd partitions</span><br />
<span class="irc-date">[21:24]</span> <span class="irc-black">&lt;coolya&gt; if we could see the addresses where the pratitions start</span><br />
<span class="irc-date">[21:24]</span> <span class="irc-black">&lt;coolya&gt; we could see whats mapped where</span><br />
<span class="irc-date">[21:24]</span> <span class="irc-black">&lt;birdman&gt; its all there in the code</span><br />
<span class="irc-date">[21:24]</span> <span class="irc-black">&lt;birdman&gt; ill pastebin the stock mtd partition layout</span><br />
<span class="irc-date">[21:24]</span> <span class="irc-black">&lt;birdman&gt; its kinda weird</span><br />
<span class="irc-date">[21:25]</span> <span class="irc-black">&lt;birdman&gt; coolya, <a href="http://pastebin.com/Dfe8JAus">http://pastebin.com/Dfe8JAus</a></span><br />
<span class="irc-date">[21:26]</span> <span class="irc-black">&lt;coolya&gt; wooooo</span><br />
<span class="irc-date">[21:26]</span> <span class="irc-black">&lt;coolya&gt; that is dangerous :-D</span><br />
<span class="irc-date">[21:27]</span> <span class="irc-black">&lt;coolya&gt; what partition did you erase ?</span><br />
<span class="irc-date">[21:27]</span> <span class="irc-black">&lt;birdman&gt; system</span><br />
<span class="irc-date">[21:27]</span> <span class="irc-black">&lt;birdman&gt; 4</span><br />
<span class="irc-date">[21:27]</span> <span class="irc-black">&lt;birdman&gt; my phones ok...booting up now after a complete heimdall restore</span><br />
<span class="irc-date">[21:28]</span> <span class="irc-black">&lt;coolya&gt; yes is should be but it is very near to the sbl</span><br />
<span class="irc-date">[21:29]</span> <span class="irc-black">&lt;birdman&gt; im gonna just use the ones i had set up in .35</span><br />
<span class="irc-date">[21:30]</span> <span class="irc-black">&lt;coolya&gt; are you sure that they are right? the values looked very high to me when i looked at you source</span><br />
<span class="irc-date">[21:31]</span> <span class="irc-black">&lt;birdman&gt; yeah, pretty sure</span><br />
<span class="irc-date">[21:35]</span> <span class="irc-black">&lt;birdman&gt; however, it looks like my board doesn't isn't supposed to have its modem in a mtd partition...userdata goes till the end</span><br />
<span class="irc-date">[21:35]</span> <span class="irc-black">&lt;birdman&gt; and that layout is from s5pc110.c</span><br />
<span class="irc-date">[21:38]</span> <span class="irc-black">&lt;coolya&gt; damn github webinterface is broken for me :-(</span><br />
<span class="irc-date">[21:39]</span> <span class="irc-black">&lt;birdman&gt; :(</span><br />
<span class="irc-date">[21:45]</span> <span class="irc-black">&lt;coolya&gt; your /system is ~390MB ?</span><br />
<span class="irc-date">[21:46]</span> <span class="irc-black">&lt;birdman&gt; hold on ill get exact sizes in a second</span><br />
<span class="irc-date">[21:46]</span> <span class="irc-black">&lt;birdman&gt; attempting to change the mtd partitions seems to have broken it :/</span><br />
<span class="irc-date">[21:46]</span> <span class="irc-black">&lt;birdman&gt; the kernel that is</span><br />
<span class="irc-date">[21:49]</span> <span class="irc-black">&lt;birdman&gt; <a href="http://pastebin.com/wKA7ziEh">http://pastebin.com/wKA7ziEh</a></span><br />
<span class="irc-date">[21:49]</span> <span class="irc-black">&lt;birdman&gt; coolya, ^^</span><br />
<span class="irc-date">[21:50]</span> <span class="irc-green">* Clust3r_ (~Clust3r@gateway.area-hosting.com) has joined this channel.</span><br />
<span class="irc-date">[21:51]</span> <span class="irc-black">&lt;coolya&gt; hmm</span><br />
<span class="irc-date">[21:51]</span> <span class="irc-black">&lt;birdman&gt; i dont think 256K pages are supported by this code...that may be why</span><br />
<span class="irc-date">[21:51]</span> <span class="irc-black">&lt;birdman&gt; i fail...lol</span><br />
<span class="irc-date">[21:56]</span> <span class="irc-black">&lt;birdman&gt; the first 512K is bootloader stuff right?</span><br />
<span class="irc-date">[21:56]</span> <span class="irc-black">&lt;coolya&gt; es</span><br />
<span class="irc-date">[21:56]</span> <span class="irc-black">&lt;coolya&gt; yes</span><br />
<span class="irc-date">[21:57]</span> <span class="irc-green">* dasunsrule32 (~dasunsrul@christiantechsaz.com) has joined this channel.</span><br />
<span class="irc-date">[21:57]</span> <span class="irc-black">&lt;birdman&gt; so - 		.offset		= (512*SZ_1K), should be safe right?</span><br />
<span class="irc-date">[21:57]</span> <span class="irc-black">&lt;birdman&gt; to start recovery at?</span><br />
<span class="irc-date">[21:58]</span> <span class="irc-black">&lt;coolya&gt; that is the PBL</span><br />
<span class="irc-date">[21:59]</span> <span class="irc-black">&lt;coolya&gt; then there is SBL and param.lfs stuff</span><br />
<span class="irc-date">[21:59]</span> <span class="irc-black">&lt;codeworkx&gt; erase_image system</span><br />
<span class="irc-date">[21:59]</span> <span class="irc-black">&lt;birdman&gt; ahhh</span><br />
<span class="irc-date">[21:59]</span> <span class="irc-black">&lt;codeworkx&gt; erase_image boot</span><br />
<span class="irc-date">[22:00]</span> <span class="irc-black">&lt;codeworkx&gt; erase_image misc</span><br />
<span class="irc-date">[22:00]</span> <span class="irc-black">&lt;codeworkx&gt; and so on</span><br />
<span class="irc-date">[22:01]</span> <span class="irc-black">&lt;birdman&gt; :)</span><br />
<span class="irc-date">[22:01]</span> <span class="irc-black">&lt;codeworkx&gt; flash_image system system.img</span><br />
<span class="irc-date">[22:01]</span> <span class="irc-black">&lt;codeworkx&gt; fyi</span><br />
<span class="irc-date">[22:01]</span> <span class="irc-navy">* jt1134 (~jt1134@c-71-207-226-80.hsd1.al.comcast.net) Quit (Quit: Leaving)</span><br />
<span class="irc-date">[22:02]</span> <span class="irc-green">* jt1134 (~jt1134@c-71-207-226-80.hsd1.al.comcast.net) has joined this channel.</span><br />
<span class="irc-date">[22:02]</span> <span class="irc-navy">* dasunsrule32 (~dasunsrul@christiantechsaz.com) Quit (Ping timeout: 265 seconds)</span><br />
<span class="irc-date">[22:03]</span> <span class="irc-black">&lt;birdman&gt; coolya, so the recovery partition actually starts quite a ways down then</span><br />
<span class="irc-date">[22:03]</span> <span class="irc-green">* dasunsrule32 (~dasunsrul@christiantechsaz.com) has joined this channel.</span><br />
<span class="irc-date">[22:04]</span> <span class="irc-black">&lt;birdman&gt; codeworkx, can i use flash_image to flash a zimage?</span><br />
<span class="irc-date">[22:05]</span> <span class="irc-black">&lt;coolya&gt; kernel should start at .offset		= (72*SZ_256K),</span><br />
<span class="irc-date">[22:05]</span> <span class="irc-black">&lt;coolya&gt; if the layout is the same as the GT-I9000</span><br />
<span class="irc-date">[22:06]</span> <span class="irc-black">&lt;birdman&gt; i know it starts there, but when i set that up...it got all pissy and wouldnt start adb</span><br />
<span class="irc-date">[22:09]</span> <span class="irc-black">&lt;codeworkx&gt; try it</span><br />
<span class="irc-date">[22:09]</span> <span class="irc-black">&lt;codeworkx&gt; our bootloader likes it</span><br />
<span class="irc-date">[22:09]</span> <span class="irc-black">&lt;codeworkx&gt; flash_image boot zImage</span><br />
<span class="irc-date">[22:10]</span> <span class="irc-black">&lt;codeworkx&gt; at updater script you can use write_raw_image to write the zImage to boot</span><br />
<span class="irc-date">[22:12]</span> <span class="irc-black">&lt;nitam|work&gt; I miss being able to play with my phone...</span><br />
<span class="irc-date">[22:12]</span> <span class="irc-black">&lt;nitam|work&gt; but very hard to get motivated with the captivate is like a step-child for Samsung.</span><br />
<span class="irc-date">[22:12]</span> <span class="irc-black">&lt;birdman&gt; it would help if i compiled yaffs2 into my kernel...</span><br />
<span class="irc-date">[22:12]</span> <span class="irc-black">&lt;coolya&gt; :-D</span><br />
<span class="irc-date">[22:13]</span> <span class="irc-black">&lt;nitam|work&gt; I wish Samsung would just dump all the code they have, and let us port gingerbread rather than trying to do it themselves</span><br />
<span class="irc-date">[22:13]</span> <span class="irc-black">&lt;nitam|work&gt; just dump the drivers damn it ...</span><br />
<span class="irc-date">[22:13]</span> <span class="irc-black">&lt;nitam|work&gt; we can do the rest.</span><br />
<span class="irc-date">[22:13]</span> <span class="irc-black">&lt;birdman&gt; coolya, -&gt; /dev/block/mtdblock2 on /system type yaffs2 (ro,relatime)</span><br />
<span class="irc-date">[22:13]</span> <span class="irc-brick">* birdman jumps around for joy :)</span><br />
<span class="irc-date">[22:13]</span> <span class="irc-black">&lt;coolya&gt; yeah :-D</span><br />
<span class="irc-date">[22:14]</span> <span class="irc-black">&lt;birdman&gt; bet i can adb push an entire android filesystem into here now and it'll boot? :)</span><br />
<span class="irc-date">[22:14]</span> <span class="irc-black">&lt;nitam|work&gt; :)</span><br />
<span class="irc-date">[22:15]</span> <span class="irc-black">&lt;nitam|work&gt; birdman: which model phone?</span><br />
<span class="irc-date">[22:16]</span> <span class="irc-black">&lt;birdman&gt; mnita|work, fascinate</span><br />
<span class="irc-date">[22:16]</span> <span class="irc-black">&lt;coolya&gt; birdman: yes but you have adjust some permissions on the bin and vendor/bin folder to make files executable</span><br />
<span class="irc-date">[22:16]</span> <span class="irc-black">&lt;nitam|work&gt; that does it . . . captivate sucks and captivate developers are lazy ;)</span><br />
<span class="irc-date">[22:17]</span> <span class="irc-black">&lt;birdman&gt; coolya, yupps :)</span><br />
<span class="irc-date">[22:17]</span> <span class="irc-navy">* jt1134 (~jt1134@c-71-207-226-80.hsd1.al.comcast.net) Quit (Quit: Leaving)</span><br />
<span class="irc-date">[22:17]</span> <span class="irc-black">&lt;birdman&gt; mnita|work, could be worse</span><br />
<span class="irc-date">[22:17]</span> <span class="irc-black">&lt;birdman&gt; you could have an epic</span><br />
<span class="irc-date">[22:18]</span> <span class="irc-black">&lt;nitam|work&gt; right now it looks like unhelpful and gdanko have given up on porting cm7/gingerbread to captivate.</span><br />
<span class="irc-date">[22:18]</span> <span class="irc-black">&lt;nitam|work&gt; and so have i.</span><br />
<span class="irc-date">[22:18]</span> <span class="irc-black">&lt;codeworkx&gt; atinm, some people at sgs cm forums are playing with gingerbread on cap</span><br />
<span class="irc-date">[22:18]</span> <span class="irc-black">&lt;nitam|work&gt; link?</span><br />
<span class="irc-date">[22:18]</span> <span class="irc-black">&lt;nitam|work&gt; need to know where they are at.</span><br />
<span class="irc-date">[22:19]</span> <span class="irc-black">&lt;nitam|work&gt; I was able to boot, but then things don't work right (no wake etc)</span><br />
<span class="irc-date">[22:19]</span> <span class="irc-black">&lt;nitam|work&gt; and it looks like driver issues</span><br />
<span class="irc-date">[22:19]</span> <span class="irc-black">&lt;codeworkx&gt; <a href="http://forum.cyanogenmod.com/topic/14168-gt-i9000-cm7-work-in-progress/">http://forum.cyanogenmod.com/topic/14168-gt-i9000-cm7-work-in-progress/</a></span><br />
<span class="irc-date">[22:19]</span> <span class="irc-black">&lt;codeworkx&gt; they've used se i9000 stuff, so i created a captivate repo</span><br />
<span class="irc-date">[22:20]</span> <span class="irc-black">&lt;codeworkx&gt; <a href="https://github.com/coolya/android">https://github.com/coolya/android</a></span><br />
<span class="irc-date">[22:20]</span> <span class="irc-black">&lt;codeworkx&gt; follow this readme</span><br />
<span class="irc-date">[22:20]</span> <span class="irc-black">&lt;codeworkx&gt; and after you've built kernel + android you can use releasetools/initial_captivate.sh</span><br />
<span class="irc-date">[22:20]</span> <span class="irc-black">&lt;codeworkx&gt; to create something flashable</span><br />
<span class="irc-date">[22:21]</span> <span class="irc-black">&lt;codeworkx&gt; here are the scripts we're using: <a href="https://github.com/coolya/release-tools">https://github.com/coolya/release-tools</a></span><br />
<span class="irc-date">[22:21]</span> <span class="irc-black">&lt;nitam|work&gt; yes, I used those too when I was able to boot. no changes to the kernel source?</span><br />
<span class="irc-date">[22:21]</span> <span class="irc-black">&lt;codeworkx&gt; efsbackup -&gt; new kernel -&gt; initial update -&gt; boot and have fun</span><br />
<span class="irc-date">[22:21]</span> <span class="irc-black">&lt;birdman&gt; ive got a bowl of bootloops</span><br />
<span class="irc-date">[22:22]</span> <span class="irc-green">* jt1134 (~jt1134@c-71-207-226-80.hsd1.al.comcast.net) has joined this channel.</span><br />
<span class="irc-date">[22:22]</span> <span class="irc-black">&lt;nitam|work&gt; my problem was not being able to wake screen with power button, i2c errors in touchkey driver</span><br />
<span class="irc-date">[22:22]</span> <span class="irc-black">&lt;nitam|work&gt; I'll try again.</span><br />
<span class="irc-date">[22:22]</span> <span class="irc-black">&lt;codeworkx&gt; yes give it a try</span><br />
<span class="irc-date">[22:23]</span> <span class="irc-black">&lt;codeworkx&gt; hope it works and you're motivated again to support us on this shit. lets pwn samsung</span><br />
<span class="irc-date">[22:24]</span> <span class="irc-black">&lt;coolya&gt; codeworkx found out something about the screen problem on the weekend</span><br />
<span class="irc-date">[22:24]</span> <span class="irc-black">&lt;codeworkx&gt; MDNIE causes the screen to sleep forever ;-)</span><br />
<span class="irc-date">[22:24]</span> <span class="irc-black">&lt;nitam|work&gt; ah, ok - maybe that will help</span><br />
<span class="irc-date">[22:25]</span> <span class="irc-black">&lt;nitam|work&gt; my screen was definitely asleep  :)</span><br />
<span class="irc-date">[22:25]</span> <span class="irc-black">&lt;codeworkx&gt; if mdnie is enabled and the screen goes off, it will never wake up</span><br />
<span class="irc-date">[22:25]</span> <span class="irc-black">&lt;codeworkx&gt; but i've disabled mdnie on the defconfigs</span><br />
<span class="irc-date">[22:25]</span> <span class="irc-black">&lt;codeworkx&gt; now</span><br />
<span class="irc-date">[22:25]</span> <span class="irc-black">&lt;codeworkx&gt; so you can build as it is</span><br />
<span class="irc-date">[22:25]</span> <span class="irc-black">&lt;codeworkx&gt; should work fine</span><br />
<span class="irc-date">[22:25]</span> <span class="irc-black">&lt;nitam|work&gt; and kdebug was dumping error writing to some i2c address on the touchkey (0x20 was the address)</span><br />
<span class="irc-date">[22:26]</span> <span class="irc-black">&lt;nitam|work&gt; and I thought I had to go port the melfas-touchkey driver and was totally discouraged and stopped.</span><br />
<span class="irc-date">[22:26]</span> <span class="irc-black">&lt;nitam|work&gt; I'll try again. have to repo sync etc again :)</span><br />
<span class="irc-date">[22:27]</span> <span class="irc-black">&lt;birdman&gt; coolya, turns out the j4fs module cant be loaded when mtd is enabled</span><br />
<span class="irc-date">[22:27]</span> <span class="irc-black">&lt;birdman&gt; so there must be some workaround to get param.lfs mounted</span><br />
<span class="irc-date">[22:32]</span> <span class="irc-black">&lt;Unhelpful&gt; no,i juts haven't been working on anything at present. :P</span><br />
<span class="irc-date">[22:34]</span> <span class="irc-black">&lt;coolya&gt; ok who is the lucky guy that has to reverse engineer ? :-D</span><br />
<span class="irc-date">[22:35]</span> <span class="irc-black">&lt;nitam|work&gt; Unhelpful: me neither. well, I have - I cloned a poker stats tracking repo and have been doing some development in python related to that ;)</span><br />
<span class="irc-date">[22:35]</span> <span class="irc-black">&lt;Unhelpful&gt; well if codeworkx is right maybe atinm doesn't have a keyboard driver problem at all ;)</span><br />
<span class="irc-date">[22:35]</span> <span class="irc-brick">* Unhelpful has meant to work on audiomangler next. for a while now. :P</span><br />
<span class="irc-date">[22:36]</span> <span class="irc-black">&lt;nitam|work&gt; yeah, that's what I'm hoping. the other captivate users on the thread would have seen it</span><br />
<span class="irc-date">[22:36]</span> <span class="irc-black">&lt;nitam|work&gt; so right now my github is all android + a poker database ;)</span><br />
<span class="irc-date">[22:39]</span> <span class="irc-black">&lt;nitam|work&gt; well, log on from home later..</span><br />
<span class="irc-date">[22:39]</span> <span class="irc-green">* nitam|work (work@work.com) has left this channel.</span><br />
<span class="irc-date">[22:43]</span> <span class="irc-black">&lt;birdman&gt; coolya, thats you :)</span><br />
<span class="irc-date">[22:56]</span> <span class="irc-black">&lt;coolya&gt; :-)</span><br />
