<span class="irc-date">[0:00]</span> <span class="irc-black">&lt;atinm&gt; yup -- melfas even wants to download firmware.</span><br />
<span class="irc-date">[0:01]</span> <span class="irc-black">&lt;atinm&gt; frick.</span><br />
<span class="irc-date">[0:16]</span> <span class="irc-black">&lt;atinm&gt; the i2c driver model has changed since .32 even so the melfas-touchkey driver from froyo isn't quite right anymore</span><br />
<span class="irc-date">[0:16]</span> <span class="irc-black">&lt;atinm&gt; needs to get ported.</span><br />
<span class="irc-date">[0:17]</span> <span class="irc-black">&lt;atinm&gt; Unhelpful: if you see this, take a look at what I'm talking about - the cypress-touchkey.c doesn't work on captivate, we need the melfas-touchkey.c and melfas_download.c that downloads the firmware to the chip and makes it work</span><br />
<span class="irc-date">[0:17]</span> <span class="irc-black">&lt;atinm&gt; or gdanko for that matter</span><br />
<span class="irc-date">[0:17]</span> <span class="irc-black">&lt;atinm&gt; I'm beat . . . so going to take a break now</span><br />
<span class="irc-date">[0:19]</span> <span class="irc-green">* atinm is now known as atinm|away</span><br />
<span class="irc-date">[0:21]</span> <span class="irc-black">&lt;atinm|away&gt; oh cool - seahawks are leading saints!</span><br />
<span class="irc-date">[0:22]</span> <span class="irc-navy">* dasunsrule32 (~dasunsrul@christiantechsaz.com) Quit (Ping timeout: 240 seconds)</span><br />
<span class="irc-date">[0:44]</span> <span class="irc-green">* coolya is now known as coolya|away</span><br />
<span class="irc-date">[1:01]</span> <span class="irc-navy">* neldar (~neldar@dsl21-104.pool.bitel.net) Quit (Quit: Leaving.)</span><br />
<span class="irc-date">[1:22]</span> <span class="irc-black">&lt;atinm|away&gt; oo la la - .37 actually has a new melfas touckey driver</span><br />
<span class="irc-date">[2:07]</span> <span class="irc-black">&lt;atinm|away&gt; crap . . . doesn't work. it seems our chip is a little different.</span><br />
<span class="irc-date">[2:07]</span> <span class="irc-black">&lt;atinm|away&gt; even tho the comments say they are both mcs 5080</span><br />
<span class="irc-date">[2:24]</span> <span class="irc-navy">* codeworkx (~codeworkx@95-89-111-251-dynip.superkabel.de) Quit (Read error: Connection reset by peer)</span><br />
<span class="irc-date">[2:26]</span> <span class="irc-navy">* magote (~magote@a79-169-106-110.cpe.netcabo.pt) Quit (Ping timeout: 276 seconds)</span><br />
<span class="irc-date">[2:29]</span> <span class="irc-green">* magote (~magote@a79-169-106-110.cpe.netcabo.pt) has joined this channel.</span><br />
<span class="irc-date">[2:45]</span> <span class="irc-navy">* atinm|away (~atin@unaffiliated/atinm) Quit (Read error: Connection reset by peer)</span><br />
<span class="irc-date">[2:49]</span> <span class="irc-green">* atinm (~atin@unaffiliated/atinm) has joined this channel.</span><br />
<span class="irc-date">[2:49]</span> <span class="irc-green">* ChanServ sets mode +o atinm</span><br />
<span class="irc-date">[3:14]</span> <span class="irc-green">* atinm is now known as atinm|away</span><br />
<span class="irc-date">[3:53]</span> <span class="irc-black">&lt;Unhelpful&gt; and apparently i'm the guy to port kernel drivers?!</span><br />
<span class="irc-date">[3:53]</span> <span class="irc-green">* dasunsrule32 (~dasunsrul@christiantechsaz.com) has joined this channel.</span><br />
<span class="irc-date">[4:07]</span> <span class="irc-navy">* atinm|away (~atin@unaffiliated/atinm) Quit (Quit: atinm|away)</span><br />
<span class="irc-date">[11:26]</span> <span class="irc-brown">-barjavel.freenode.net- *** Looking up your hostname...</span><br />
<span class="irc-date">[11:26]</span> <span class="irc-brown">-barjavel.freenode.net- *** Checking Ident</span><br />
<span class="irc-date">[11:26]</span> <span class="irc-brown">-barjavel.freenode.net- *** No Ident response</span><br />
<span class="irc-date">[11:26]</span> <span class="irc-brown">-barjavel.freenode.net- *** Found your hostname</span><br />
<span class="irc-date">[11:26]</span> <span class="irc-green">* cmsgsteam-logger (~PircBot@cmsgs.com) has joined this channel.</span><br />
<span class="irc-date">[11:26]</span> <span class="irc-green">* Topic is 'SGS CyanogenMod developers and testers (and other kernel and android hackers) - <a href="http://www.cmsgs.com/'">http://www.cmsgs.com/'</a></span><br />
<span class="irc-date">[11:26]</span> <span class="irc-green">* Set by atinm|night!~atin@unaffiliated/atinm on Sun Dec 19 02:05:32 GMT 2010</span><br />
<span class="irc-date">[11:26]</span> <span class="irc-brown">-ChanServ- [#__topsecret__] SGS-CM6 developers and testers only pls. Others could be kickbanned if not contributing to the channel's function.</span><br />
<span class="irc-date">[11:26]</span> <span class="irc-green">* ChanServ sets mode +o cmsgsteam-logger</span><br />
<span class="irc-date">[11:28]</span> <span class="irc-black">&lt;atinm&gt; unhelpful - you're the guy who can help me figure out what can be done :)</span><br />
<span class="irc-date">[11:28]</span> <span class="irc-black">&lt;atinm&gt; I'm unhappy . . .</span><br />
<span class="irc-date">[11:29]</span> <span class="irc-black">&lt;atinm&gt; need the stupid melfas-touchkey driver ported over to .35 to make captivate+gingerbread work</span><br />
<span class="irc-date">[11:29]</span> <span class="irc-green">* kernelzilla (~patrick@174-26-93-73.phnx.qwest.net) has joined this channel.</span><br />
<span class="irc-date">[11:29]</span> <span class="irc-black">&lt;atinm&gt; I am looking around - maybe someone else has the .35 kernel working on captivate</span><br />
<span class="irc-date">[11:35]</span> <span class="irc-black">&lt;atinm&gt; nope - looks like coolya kernel is farthest along</span><br />
<span class="irc-date">[12:04]</span> <span class="irc-green">* neldar (~neldar@dsl-217-160-24.pool.bitel.net) has joined this channel.</span><br />
<span class="irc-date">[12:04]</span> <span class="irc-black">&lt;- *neldar* Bot Sentry eingeschalten:  Sie werden jetzt ignoriert!  Ihre Nachricht wird übermittelt wenn sie die folgenden Fragen innerhalb von 10 Minuten richtig beantworten:  How do you spell the result of ten div_ided by 2?</span><br />
<span class="irc-date">[12:10]</span> <span class="irc-black">&lt;atinm&gt; neldar - you poked around in the melfas and cypress drivers for backlight?</span><br />
<span class="irc-date">[12:12]</span> <span class="irc-black">&lt;coolya&gt; kernel driver for accelerometer: kanged :-D</span><br />
<span class="irc-date">[12:18]</span> <span class="irc-navy">* ciwrl|away (~ciwrl@pool-173-79-22-43.washdc.fios.verizon.net) Quit ()</span><br />
<span class="irc-date">[12:44]</span> <span class="irc-black">&lt;atinm&gt; I give up.</span><br />
<span class="irc-date">[12:45]</span> <span class="irc-black">&lt;atinm&gt; the .32 and .29 drivers use qt602240 touchscreen and melfas keypad drivers</span><br />
<span class="irc-date">[12:45]</span> <span class="irc-black">&lt;atinm&gt; for captivate</span><br />
<span class="irc-date">[12:45]</span> <span class="irc-black">&lt;atinm&gt; neither of which exist in .35 from samsung. they do exist on the mainline in .36</span><br />
<span class="irc-date">[12:46]</span> <span class="irc-black">&lt;atinm&gt; and just pulling them in doesn't work</span><br />
<span class="irc-date">[12:47]</span> <span class="irc-black">&lt;atinm&gt; we seem to be missing firmware files</span><br />
<span class="irc-date">[12:47]</span> <span class="irc-black">&lt;atinm&gt; that I didn't find in the tree</span><br />
<span class="irc-date">[12:54]</span> <span class="irc-navy">* neldar (~neldar@dsl-217-160-24.pool.bitel.net) Quit (Quit: Leaving.)</span><br />
<span class="irc-date">[12:57]</span> <span class="irc-black">&lt;coolya&gt; thats bad :-(</span><br />
