<span class="irc-date">[0:07]</span> <span class="irc-green">* jt1134 is now known as jt|NapTime</span><br />
<span class="irc-date">[11:03]</span> <span class="irc-brown">-barjavel.freenode.net- *** Looking up your hostname...</span><br />
<span class="irc-date">[11:03]</span> <span class="irc-brown">-barjavel.freenode.net- *** Checking Ident</span><br />
<span class="irc-date">[11:03]</span> <span class="irc-brown">-barjavel.freenode.net- *** No Ident response</span><br />
<span class="irc-date">[11:03]</span> <span class="irc-brown">-barjavel.freenode.net- *** Found your hostname</span><br />
<span class="irc-date">[11:03]</span> <span class="irc-green">* cmsgsteam-logger (~PircBot@cmsgs.com) has joined this channel.</span><br />
<span class="irc-date">[11:03]</span> <span class="irc-green">* Topic is 'SGS CyanogenMod developers and testers (and other kernel and android hackers) - <a href="http://www.cmsgs.com/'">http://www.cmsgs.com/'</a></span><br />
<span class="irc-date">[11:03]</span> <span class="irc-green">* Set by atinm|night!~atin@unaffiliated/atinm on Sun Dec 19 02:05:32 GMT 2010</span><br />
<span class="irc-date">[11:03]</span> <span class="irc-brown">-ChanServ- [#__topsecret__] SGS-CM6 developers and testers only pls. Others could be kickbanned if not contributing to the channel's function.</span><br />
<span class="irc-date">[11:03]</span> <span class="irc-green">* ChanServ sets mode +o cmsgsteam-logger</span><br />
<span class="irc-date">[12:26]</span> <span class="irc-navy">* TCMAN-dmg (~Dominik@99-103-196-195.lightspeed.sntcca.sbcglobal.net) Quit (Quit: Leaving)</span><br />
<span class="irc-date">[12:47]</span> <span class="irc-navy">* zimmbi (~Adium@147.88.200.112) Quit (Quit: Leaving.)</span><br />
<span class="irc-date">[12:50]</span> <span class="irc-navy">* kalpik (~kalpik@unaffiliated/kalpik) Quit (Ping timeout: 276 seconds)</span><br />
<span class="irc-date">[13:56]</span> <span class="irc-green">* kalpik (~kalpik@unaffiliated/kalpik) has joined this channel.</span><br />
<span class="irc-date">[14:15]</span> <span class="irc-green">* gdanko (~gdanko@66-162-32-185.static.twtelecom.net) has joined this channel.</span><br />
<span class="irc-date">[14:41]</span> <span class="irc-green">* codeworkx (~codeworkx@95-89-111-251-dynip.superkabel.de) has joined this channel.</span><br />
<span class="irc-date">[15:14]</span> <span class="irc-navy">* magote (~magote@a79-169-106-110.cpe.netcabo.pt) Quit (Ping timeout: 260 seconds)</span><br />
<span class="irc-date">[15:22]</span> <span class="irc-green">* magote (~magote@a79-169-106-110.cpe.netcabo.pt) has joined this channel.</span><br />
<span class="irc-date">[16:02]</span> <span class="irc-green">* zimmbi1 (~Adium@cable-static-242-48.eblcom.ch) has joined this channel.</span><br />
<span class="irc-date">[16:18]</span> <span class="irc-navy">* codeworkx (~codeworkx@95-89-111-251-dynip.superkabel.de) Quit (Read error: Connection reset by peer)</span><br />
<span class="irc-date">[16:20]</span> <span class="irc-green">* codeworkx (~codeworkx@95-89-111-251-dynip.superkabel.de) has joined this channel.</span><br />
<span class="irc-date">[16:20]</span> <span class="irc-navy">* zimmbi1 (~Adium@cable-static-242-48.eblcom.ch) Quit (Quit: Leaving.)</span><br />
<span class="irc-date">[16:28]</span> <span class="irc-green">* Gregounech (6dd0fb2f@gateway/web/freenode/ip.109.208.251.47) has joined this channel.</span><br />
<span class="irc-date">[16:28]</span> <span class="irc-black">&lt;Gregounech&gt; Hey all !</span><br />
<span class="irc-date">[16:28]</span> <span class="irc-black">&lt;Gregounech&gt; :) New update being uploaded !</span><br />
<span class="irc-date">[16:29]</span> <span class="irc-black">&lt;iCEBrkr&gt; G'morning!</span><br />
<span class="irc-date">[16:30]</span> <span class="irc-black">&lt;iCEBrkr&gt; codeworkx: What git repo am I looking at to get the working CM build you posted about the other day?</span><br />
<span class="irc-date">[16:31]</span> <span class="irc-black">&lt;codeworkx&gt; github.com/coolya</span><br />
<span class="irc-date">[16:31]</span> <span class="irc-black">&lt;codeworkx&gt; for i9000 and captivate</span><br />
<span class="irc-date">[16:32]</span> <span class="irc-black">&lt;iCEBrkr&gt; Ok</span><br />
<span class="irc-date">[16:32]</span> <span class="irc-black">&lt;Gregounech&gt; What's new for today's update codeworkx ?</span><br />
<span class="irc-date">[16:32]</span> <span class="irc-black">&lt;iCEBrkr&gt; <a href="http://www.cmsgs.com/mediawiki/index.php?title=Build_CyanogenMod_for_Samsung_Vibrant">http://www.cmsgs.com/mediawiki/index.php?title=Build_CyanogenMod_for_Samsung_Vibrant</a></span><br />
<span class="irc-date">[16:32]</span> <span class="irc-black">&lt;codeworkx&gt; nothing special</span><br />
<span class="irc-date">[16:32]</span> <span class="irc-black">&lt;iCEBrkr&gt; Is that relevant?</span><br />
<span class="irc-date">[16:32]</span> <span class="irc-black">&lt;codeworkx&gt; no</span><br />
<span class="irc-date">[16:32]</span> <span class="irc-black">&lt;iCEBrkr&gt; :(</span><br />
<span class="irc-date">[16:32]</span> <span class="irc-black">&lt;Gregounech&gt; Is the FLAC dedoding fixed or should I post it in issues list ?</span><br />
<span class="irc-date">[16:32]</span> <span class="irc-black">&lt;Gregounech&gt; decoding</span><br />
<span class="irc-date">[16:32]</span> <span class="irc-black">&lt;codeworkx&gt; <a href="https://github.com/coolya/android/blob/master/README">https://github.com/coolya/android/blob/master/README</a></span><br />
<span class="irc-date">[16:33]</span> <span class="irc-black">&lt;iCEBrkr&gt; codeworkx: perfect</span><br />
<span class="irc-date">[16:33]</span> <span class="irc-black">&lt;codeworkx&gt; dont know if flac is working</span><br />
<span class="irc-date">[16:35]</span> <span class="irc-black">&lt;Gregounech&gt; okay gonna try</span><br />
<span class="irc-date">[16:35]</span> <span class="irc-black">&lt;Gregounech&gt; cause it was working before 30/01 update</span><br />
<span class="irc-date">[16:38]</span> <span class="irc-black">&lt;iCEBrkr&gt; Come'on git..</span><br />
<span class="irc-date">[16:38]</span> <span class="irc-black">&lt;iCEBrkr&gt; grrr</span><br />
<span class="irc-date">[16:38]</span> <span class="irc-black">&lt;iCEBrkr&gt; fatal: protocol error: bad line length character: git:</span><br />
<span class="irc-date">[16:40]</span> <span class="irc-green">* knowsnotmuch (~ashwinds@122.174.130.0) has joined this channel.</span><br />
<span class="irc-date">[16:46]</span> <span class="irc-black">&lt;knowsnotmuch&gt; aha new update... changelog? mainline syncs?</span><br />
<span class="irc-date">[16:47]</span> <span class="irc-black">&lt;Gregounech&gt; nothing much I think</span><br />
<span class="irc-date">[16:47]</span> <span class="irc-black">&lt;Gregounech&gt; [17:32] &lt;codeworkx&gt; nothing special</span><br />
<span class="irc-date">[16:47]</span> <span class="irc-black">&lt;knowsnotmuch&gt; ohh ok</span><br />
<span class="irc-date">[16:47]</span> <span class="irc-black">&lt;Gregounech&gt; so probably only minor bugfixes</span><br />
<span class="irc-date">[16:47]</span> <span class="irc-black">&lt;Gregounech&gt; i'm downloading it atm</span><br />
<span class="irc-date">[16:50]</span> <span class="irc-green">* thedeanius (~dean@64.151.21.178) has joined this channel.</span><br />
<span class="irc-date">[16:51]</span> <span class="irc-green">* zimmbi (~Adium@cable-static-242-48.eblcom.ch) has joined this channel.</span><br />
<span class="irc-date">[16:53]</span> <span class="irc-navy">* knowsnotmuch (~ashwinds@122.174.130.0) Quit (Read error: Connection reset by peer)</span><br />
<span class="irc-date">[16:53]</span> <span class="irc-green">* knowsnotmuch (~ashwinds@122.174.130.0) has joined this channel.</span><br />
<span class="irc-date">[16:54]</span> <span class="irc-navy">* zimmbi (~Adium@cable-static-242-48.eblcom.ch) Quit (Client Quit)</span><br />
<span class="irc-date">[16:55]</span> <span class="irc-black">&lt;iCEBrkr&gt; github isn't cooperating today.</span><br />
<span class="irc-date">[16:58]</span> <span class="irc-black">&lt;codeworkx&gt; right. github is fucked up</span><br />
