<span class="irc-date">[15:34]</span> <span class="irc-brown">-barjavel.freenode.net- *** Looking up your hostname...</span><br />
<span class="irc-date">[15:34]</span> <span class="irc-brown">-barjavel.freenode.net- *** Checking Ident</span><br />
<span class="irc-date">[15:34]</span> <span class="irc-brown">-barjavel.freenode.net- *** No Ident response</span><br />
<span class="irc-date">[15:34]</span> <span class="irc-brown">-barjavel.freenode.net- *** Found your hostname</span><br />
<span class="irc-date">[15:34]</span> <span class="irc-green">* cmsgsteam-logger (~PircBot@cmsgs.com) has joined this channel.</span><br />
<span class="irc-date">[15:34]</span> <span class="irc-green">* Topic is 'SGS CyanogenMod developers and testers (and other kernel and android hackers) - <a href="http://www.cmsgs.com/'">http://www.cmsgs.com/'</a></span><br />
<span class="irc-date">[15:34]</span> <span class="irc-green">* Set by atinm|night!~atin@unaffiliated/atinm on Sun Dec 19 02:05:32 GMT 2010</span><br />
<span class="irc-date">[15:34]</span> <span class="irc-brown">-ChanServ- [#__topsecret__] SGS-CM6 developers and testers only pls. Others could be kickbanned if not contributing to the channel's function.</span><br />
<span class="irc-date">[15:34]</span> <span class="irc-green">* ChanServ sets mode +o cmsgsteam-logger</span><br />
<span class="irc-date">[15:34]</span> <span class="irc-black">&lt;atinm&gt; there we go</span><br />
<span class="irc-date">[15:34]</span> <span class="irc-black">&lt;atinm&gt; wonder what happened to it - it said it was still up</span><br />
<span class="irc-date">[15:34]</span> <span class="irc-black">&lt;atinm&gt; but wasn't logged in :)</span><br />
<span class="irc-date">[15:36]</span> <span class="irc-black">&lt;atinm&gt; k, good - I'll come by this afternoon or evening then</span><br />
<span class="irc-date">[15:36]</span> <span class="irc-black">&lt;GuiPer_&gt; ok, let me know :)</span><br />
<span class="irc-date">[15:37]</span> <span class="irc-black">&lt;GuiPer_&gt; maybe ytt3r will release it working meanwhile</span><br />
<span class="irc-date">[15:37]</span> <span class="irc-black">&lt;atinm&gt; one of these days I want all our separate repos to come back to cmsgs ... too painful following all these upstream repos</span><br />
<span class="irc-date">[15:38]</span> <span class="irc-black">&lt;UberPinguin&gt; ++</span><br />
<span class="irc-date">[15:38]</span> <span class="irc-black">&lt;atinm&gt; wish there was a "clone" everything from coolya</span><br />
<span class="irc-date">[15:38]</span> <span class="irc-black">&lt;atinm&gt; and then merge everything from each device . . .</span><br />
<span class="irc-date">[15:38]</span> <span class="irc-black">&lt;UberPinguin&gt; ^ This is why, for example, the E17 project chose SVN.  None of this fragmentation.</span><br />
<span class="irc-date">[15:38]</span> <span class="irc-black">&lt;atinm&gt; git makes it easy to fragment ...</span><br />
<span class="irc-date">[15:38]</span> <span class="irc-black">&lt;UberPinguin&gt; *nod*</span><br />
<span class="irc-date">[15:39]</span> <span class="irc-black">&lt;UberPinguin&gt; I like using git in general, but it does make it very very easy to fork and fragment</span><br />
<span class="irc-date">[15:39]</span> <span class="irc-black">&lt;atinm&gt; I just need time to do it...and then beg coolya/codeworkx to start working in cmsgs repos :)</span><br />
<span class="irc-date">[15:39]</span> <span class="irc-black">&lt;UberPinguin&gt; Am I remembering correctly that you work on the Epic?</span><br />
<span class="irc-date">[15:39]</span> <span class="irc-black">&lt;atinm&gt; unless someone else wants to take up the challenge to merge everything</span><br />
<span class="irc-date">[15:39]</span> <span class="irc-black">&lt;codeworkx&gt; cmsgs repo is totally fucked up xD</span><br />
<span class="irc-date">[15:39]</span> <span class="irc-black">&lt;UberPinguin&gt; lol</span><br />
<span class="irc-date">[15:40]</span> <span class="irc-black">&lt;codeworkx&gt; have to clean it completely first</span><br />
<span class="irc-date">[15:40]</span> <span class="irc-black">&lt;atinm&gt; codeworkx: happy to just go delete the thing and start from scratch! first need to find out if anyone is using cmsgs repos for anything</span><br />
<span class="irc-date">[15:40]</span> <span class="irc-black">&lt;codeworkx&gt; noobnl epic?</span><br />
<span class="irc-date">[15:40]</span> <span class="irc-black">&lt;atinm&gt; I think he might be. need to confirm.</span><br />
<span class="irc-date">[15:40]</span> <span class="irc-black">&lt;atinm&gt; I'm on captivate.</span><br />
<span class="irc-date">[15:40]</span> <span class="irc-black">&lt;codeworkx&gt; we can create a new git account</span><br />
<span class="irc-date">[15:41]</span> <span class="irc-black">&lt;UberPinguin&gt; ok</span><br />
<span class="irc-date">[15:41]</span> <span class="irc-black">&lt;codeworkx&gt; because epic is too different</span><br />
<span class="irc-date">[15:41]</span> <span class="irc-black">&lt;UberPinguin&gt; Ah yeah, captivate</span><br />
<span class="irc-date">[15:41]</span> <span class="irc-black">&lt;UberPinguin&gt; We have a bunch of those at work now</span><br />
<span class="irc-date">[15:41]</span> <span class="irc-black">&lt;atinm&gt; yeah, ytt3r and company have been pulling from coolya and doing mods and sending pull requests back</span><br />
<span class="irc-date">[15:42]</span> <span class="irc-black">&lt;atinm&gt; maybe epic should have its own :)</span><br />
<span class="irc-date">[15:42]</span> <span class="irc-black">&lt;UberPinguin&gt; heh</span><br />
<span class="irc-date">[15:42]</span> <span class="irc-black">&lt;atinm&gt; I want to try to keep cmsgs account since it is a nice name for the team :)</span><br />
<span class="irc-date">[15:42]</span> <span class="irc-black">&lt;codeworkx&gt; so noobl should make room for us on cmsgs xD</span><br />
<span class="irc-date">[15:42]</span> <span class="irc-black">&lt;UberPinguin&gt; I've been trying like hell to get a bootable kernel built for Epic, but all I've got so far are boot loops</span><br />
<span class="irc-date">[15:43]</span> <span class="irc-black">&lt;atinm&gt; and it was working well with twitter hooks etc</span><br />
<span class="irc-date">[15:43]</span> <span class="irc-black">&lt;codeworkx&gt; we can name the team "teamhacksung"</span><br />
<span class="irc-date">[15:43]</span> <span class="irc-black">&lt;atinm&gt; I'll try to do a cleanup merge</span><br />
<span class="irc-date">[15:43]</span> <span class="irc-black">&lt;UberPinguin&gt; haha</span><br />
<span class="irc-date">[15:44]</span> <span class="irc-black">&lt;codeworkx&gt; seems i got rid of the data problems</span><br />
<span class="irc-date">[15:53]</span> <span class="irc-black">&lt;GuiPer_&gt; nice one :)</span><br />
<span class="irc-date">[15:57]</span> <span class="irc-navy">* kalpik (~kalpik@unaffiliated/kalpik) Quit (Quit: WeeChat 0.3.4)</span><br />
