<span class="irc-date">[0:40]</span> <span class="irc-green">* deodexed|PC (~deodexed@alldroid/admin/Deodexed) has joined this channel.</span><br />
<span class="irc-date">[0:59]</span> <span class="irc-navy">* deodexed|PC (~deodexed@alldroid/admin/Deodexed) Quit (Quit: Gotta go find your mom! She misses me!)</span><br />
<span class="irc-date">[1:40]</span> <span class="irc-black">&lt;noobnl&gt;  can somebody fork this <a href="https://github.com/noobnl/android_device_samsung_common">https://github.com/noobnl/android_device_samsung_common</a></span><br />
<span class="irc-date">[1:55]</span> <span class="irc-green">* neldar (~neldar@dsl110-197.pool.bitel.net) has joined this channel.</span><br />
<span class="irc-date">[1:55]</span> <span class="irc-black">&lt;- *neldar* Bot Sentry eingeschalten:  Sie werden jetzt ignoriert!  Ihre Nachricht wird übermittelt wenn sie die folgenden Fragen innerhalb von 10 Minuten richtig beantworten:  How do you spell the result of ten div_ided by 2?</span><br />
<span class="irc-date">[17:18]</span> <span class="irc-brown">-sendak.freenode.net- *** Looking up your hostname...</span><br />
<span class="irc-date">[17:18]</span> <span class="irc-brown">-sendak.freenode.net- *** Checking Ident</span><br />
<span class="irc-date">[17:18]</span> <span class="irc-brown">-sendak.freenode.net- *** No Ident response</span><br />
<span class="irc-date">[17:18]</span> <span class="irc-brown">-sendak.freenode.net- *** Found your hostname</span><br />
<span class="irc-date">[17:18]</span> <span class="irc-green">* cmsgsteam-logger (~PircBot@cmsgs.com) has joined this channel.</span><br />
<span class="irc-date">[17:18]</span> <span class="irc-green">* Topic is 'SGS CyanogenMod developers and testers (and other kernel and android hackers) - <a href="http://www.cmsgs.com/'">http://www.cmsgs.com/'</a></span><br />
<span class="irc-date">[17:18]</span> <span class="irc-green">* Set by atinm|night!~atin@unaffiliated/atinm on Sun Dec 19 02:05:32 GMT 2010</span><br />
<span class="irc-date">[17:18]</span> <span class="irc-brown">-ChanServ- [#__topsecret__] SGS-CM6 developers and testers only pls. Others could be kickbanned if not contributing to the channel's function.</span><br />
<span class="irc-date">[17:18]</span> <span class="irc-green">* ChanServ sets mode +o cmsgsteam-logger</span><br />
<span class="irc-date">[17:35]</span> <span class="irc-green">* skeeterslint (~skeetersl@c-71-192-215-99.hsd1.ma.comcast.net) has joined this channel.</span><br />
<span class="irc-date">[17:39]</span> <span class="irc-green">* GuiPer (~GuiPer@ip-86-49-25-242.net.upcbroadband.cz) has joined this channel.</span><br />
<span class="irc-date">[17:45]</span> <span class="irc-black">&lt;birdman&gt; skeeterslint, you and i - we are screwed out of new kernels for a long while</span><br />
<span class="irc-date">[17:46]</span> <span class="irc-black">&lt;birdman&gt; xD</span><br />
<span class="irc-date">[17:46]</span> <span class="irc-black">&lt;skeeterslint&gt; whys that?</span><br />
<span class="irc-date">[17:46]</span> <span class="irc-black">&lt;birdman&gt; dpram</span><br />
<span class="irc-date">[17:46]</span> <span class="irc-black">&lt;birdman&gt; the kernel has to have dpram0 for the radio to work</span><br />
<span class="irc-date">[17:46]</span> <span class="irc-black">&lt;skeeterslint&gt; the model in the kernel source won't work for us?</span><br />
<span class="irc-date">[17:46]</span> <span class="irc-black">&lt;birdman&gt; nope</span><br />
<span class="irc-date">[17:47]</span> <span class="irc-black">&lt;skeeterslint&gt; figureds</span><br />
<span class="irc-date">[17:47]</span> <span class="irc-black">&lt;birdman&gt; xD</span><br />
<span class="irc-date">[17:47]</span> <span class="irc-black">&lt;skeeterslint&gt; fuckin samsung</span><br />
<span class="irc-date">[17:48]</span> <span class="irc-green">* thedood|away is now known as thedood</span><br />
<span class="irc-date">[18:10]</span> <span class="irc-navy">* birdman (~Steven@24.246.130.106) Quit (Quit: Leaving)</span><br />
<span class="irc-date">[18:43]</span> <span class="irc-green">* coolya|away is now known as coolya</span><br />
<span class="irc-date">[19:56]</span> <span class="irc-green">* coolya is now known as coolya|away</span><br />
<span class="irc-date">[19:57]</span> <span class="irc-black">&lt;noobnl&gt; skeeterslint</span><br />
<span class="irc-date">[19:58]</span> <span class="irc-green">* coolya|away is now known as coolya</span><br />
<span class="irc-date">[19:58]</span> <span class="irc-black">&lt;skeeterslint&gt; whats up noobnl?</span><br />
<span class="irc-date">[19:58]</span> <span class="irc-black">&lt;noobnl&gt; the dpram modules can be build  from source</span><br />
<span class="irc-date">[19:59]</span> <span class="irc-black">&lt;skeeterslint&gt; i know its in the kernel source now but i am not sure if it will work for us or not</span><br />
<span class="irc-date">[20:00]</span> <span class="irc-black">&lt;noobnl&gt;  well i am baking gingerbread</span><br />
<span class="irc-date">[20:00]</span> <span class="irc-black">&lt;noobnl&gt; :P</span><br />
<span class="irc-date">[20:01]</span> <span class="irc-black">&lt;noobnl&gt; kernel is not important now</span><br />
<span class="irc-date">[21:16]</span> <span class="irc-green">* coolya is now known as coolya|away</span><br />
<span class="irc-date">[21:45]</span> <span class="irc-navy">* dasunsrule32 (~dasunsrul@christiantechsaz.com) Quit (Ping timeout: 260 seconds)</span><br />
<span class="irc-date">[21:51]</span> <span class="irc-green">* deodexed|PC (~deodexed@alldroid/admin/Deodexed) has joined this channel.</span><br />
<span class="irc-date">[21:54]</span> <span class="irc-navy">* codeworkx (~codeworkx@95-89-111-251-dynip.superkabel.de) Quit (Read error: Connection reset by peer)</span><br />
<span class="irc-date">[22:27]</span> <span class="irc-green">* dasunsrule32 (~dasunsrul@168.158.192.243) has joined this channel.</span><br />
<span class="irc-date">[22:29]</span> <span class="irc-green">* thedood is now known as thedood|away</span><br />
<span class="irc-date">[22:42]</span> <span class="irc-black">&lt;UberPinguin&gt; skeeterslint: Can you point me to a working kernel config?  I don't know what I'm missing in mine, but it won't boot</span><br />
