<span class="irc-date">[0:01]</span> <span class="irc-black">&lt;techmik_laptop&gt; hmmmm</span><br />
<span class="irc-date">[0:02]</span> <span class="irc-black">&lt;techmik_laptop&gt; i can install quassel thruu kde, just like i did konvo? maybe it'll work with audio and sasl......</span><br />
<span class="irc-date">[0:07]</span> <span class="irc-brick">* Unhelpful thought you could have phonon-for-windows?</span><br />
<span class="irc-date">[0:08]</span> <span class="irc-black">&lt;Unhelpful&gt; "thru kde"? KDE is a desktop environment, not a package manager. :P</span><br />
<span class="irc-date">[0:10]</span> <span class="irc-black">&lt;techmik_laptop&gt; kde for windows installer offers quassel, as well as konvo</span><br />
<span class="irc-date">[0:12]</span> <span class="irc-black">&lt;Unhelpful&gt; GAROS? ;)</span><br />
<span class="irc-date">[0:21]</span> <span class="irc-black">&lt;coolya&gt; damn everything i touched today broke</span><br />
<span class="irc-date">[0:21]</span> <span class="irc-black">&lt;coolya&gt; nook: installed new nightly, gpu not working</span><br />
<span class="irc-date">[0:22]</span> <span class="irc-black">&lt;coolya&gt; sgs: ril not working didn't change anything that should affect that and it was working fine 2 days before ...</span><br />
<span class="irc-date">[0:22]</span> <span class="irc-black">&lt;coolya&gt; fuck it</span><br />
<span class="irc-date">[0:22]</span> <span class="irc-black">&lt;coolya&gt; i'm going to sleep</span><br />
<span class="irc-date">[0:25]</span> <span class="irc-green">* techmik (~techmik@c-76-109-173-83.hsd1.fl.comcast.net) has joined this channel.</span><br />
<span class="irc-date">[0:25]</span> <span class="irc-green">* ChanServ sets mode +o techmik</span><br />
<span class="irc-date">[0:26]</span> <span class="irc-black">&lt;techmik&gt; the quick brown fox jumps over the lazy dog</span><br />
<span class="irc-date">[0:26]</span> <span class="irc-black">&lt;techmik&gt; yay!!!!!</span><br />
<span class="irc-date">[0:26]</span> <span class="irc-brick">* techmik dances</span><br />
<span class="irc-date">[0:26]</span> <span class="irc-black">&lt;Unhelpful&gt; wat?</span><br />
<span class="irc-date">[0:27]</span> <span class="irc-black">&lt;techmik&gt; backon konvo in windows and my keyboard is actually showing what i type</span><br />
<span class="irc-date">[0:28]</span> <span class="irc-black">&lt;techmik_laptop&gt; techmik</span><br />
<span class="irc-date">[0:29]</span> <span class="irc-black">&lt;techmik&gt; and the sound and highlight work</span><br />
<span class="irc-date">[0:29]</span> <span class="irc-black">&lt;Unhelpful&gt; real os :P</span><br />
<span class="irc-date">[0:29]</span> <span class="irc-black">&lt;Unhelpful&gt; ...RealOS? [BUFFERING]</span><br />
<span class="irc-date">[0:33]</span> <span class="irc-black">&lt;atinm|away&gt; Kaik541: can you test 5/15 build</span><br />
<span class="irc-date">[0:33]</span> <span class="irc-black">&lt;atinm|away&gt; for backlight?</span><br />
<span class="irc-date">[0:33]</span> <span class="irc-black">&lt;atinm|away&gt; or techmik</span><br />
<span class="irc-date">[0:33]</span> <span class="irc-black">&lt;atinm|away&gt; see if you can get it lower?</span><br />
<span class="irc-date">[0:33]</span> <span class="irc-black">&lt;techmik&gt; sure</span><br />
<span class="irc-date">[0:33]</span> <span class="irc-black">&lt;Kaik541&gt; sorry I'm in the middle of some--</span><br />
<span class="irc-date">[0:33]</span> <span class="irc-black">&lt;Kaik541&gt; techmik is on it</span><br />
<span class="irc-date">[0:35]</span> <span class="irc-black">&lt;techmik&gt; where?</span><br />
<span class="irc-date">[0:35]</span> <span class="irc-black">&lt;techmik&gt; in rom manager i see 5/19 and 5/17</span><br />
<span class="irc-date">[0:36]</span> <span class="irc-black">&lt;atinm|away&gt; if you have any saved</span><br />
<span class="irc-date">[0:37]</span> <span class="irc-black">&lt;atinm|away&gt; Tho I see the driver actually setting brightness to 1</span><br />
<span class="irc-date">[0:37]</span> <span class="irc-black">&lt;atinm|away&gt; doesn't affect the fb</span><br />
<span class="irc-date">[0:37]</span> <span class="irc-black">&lt;techmik&gt; ok</span><br />
<span class="irc-date">[0:39]</span> <span class="irc-black">&lt;techmik&gt; i have i 5/14, does that work?</span><br />
<span class="irc-date">[0:42]</span> <span class="irc-black">&lt;atinm|away&gt; sure</span><br />
<span class="irc-date">[0:43]</span> <span class="irc-black">&lt;techmik&gt; k</span><br />
<span class="irc-date">[0:45]</span> <span class="irc-black">&lt;atinm|away&gt; I'll be back</span><br />
<span class="irc-date">[0:51]</span> <span class="irc-black">&lt;techmik&gt; ok, booted</span><br />
<span class="irc-date">[0:53]</span> <span class="irc-green">* coolya is now known as coolya|away</span><br />
<span class="irc-date">[0:56]</span> <span class="irc-black">&lt;atinm|away&gt; k</span><br />
<span class="irc-date">[0:56]</span> <span class="irc-black">&lt;atinm|away&gt; so change the light levels</span><br />
<span class="irc-date">[0:56]</span> <span class="irc-black">&lt;atinm|away&gt; use custom</span><br />
<span class="irc-date">[0:57]</span> <span class="irc-black">&lt;atinm|away&gt; and see if you can get it down to 1</span><br />
<span class="irc-date">[0:57]</span> <span class="irc-black">&lt;atinm|away&gt; which should be too dark to read.</span><br />
