<span class="irc-date">[0:02]</span> <span class="irc-black">&lt;zachy_md|busy&gt; oh great - that bloddy repo is in a broken state (upstream - not cmsgsteam related) :(</span><br />
<span class="irc-date">[0:02]</span> <span class="irc-black">&lt;zachy_md|busy&gt; can't re-build android &amp; initram :(</span><br />
<span class="irc-date">[0:03]</span> <span class="irc-black">&lt;zachy_md|busy&gt; packages/apps/Nfc/src/com/android/nfc/NfcService.java:43: cannot find symbol</span><br />
<span class="irc-date">[0:05]</span> <span class="irc-black">&lt;atinm&gt; damn it, where is the code in CM that handles light sensor readings</span><br />
<span class="irc-date">[0:05]</span> <span class="irc-black">&lt;techmik67&gt; wouldnt it be one of the things guiper changed?</span><br />
<span class="irc-date">[0:05]</span> <span class="irc-black">&lt;atinm&gt; no, this is above the layer that he changed</span><br />
<span class="irc-date">[0:06]</span> <span class="irc-black">&lt;techmik67&gt; ah</span><br />
<span class="irc-date">[0:08]</span> <span class="irc-black">&lt;techmik67&gt; take a picturei in portrait orientation</span><br />
<span class="irc-date">[0:08]</span> <span class="irc-black">&lt;techmik67&gt; =)</span><br />
<span class="irc-date">[0:27]</span> <span class="irc-black">&lt;zachy_md|busy&gt; guys, currently I'm restoring a backup what would I need to do to just update the initramfs ?</span><br />
<span class="irc-date">[0:27]</span> <span class="irc-black">&lt;zachy_md|busy&gt; for a new kernel</span><br />
<span class="irc-date">[0:28]</span> <span class="irc-black">&lt;techmik67&gt; not sure</span><br />
<span class="irc-date">[0:28]</span> <span class="irc-black">&lt;zachy_md|busy&gt; ok that's fine thanks anyway techmik67 !</span><br />
<span class="irc-date">[0:28]</span> <span class="irc-black">&lt;zachy_md|busy&gt; hopefully when it has finished I'll be able to figure it out =)</span><br />
<span class="irc-date">[0:29]</span> <span class="irc-black">&lt;techmik67&gt; i d/l'd the aosp gingerbread 2.3.4 and pushed to my github =)</span><br />
<span class="irc-date">[0:29]</span> <span class="irc-black">&lt;techmik67&gt; so i can play</span><br />
<span class="irc-date">[0:30]</span> <span class="irc-black">&lt;techmik67&gt; well, push almost finished</span><br />
<span class="irc-date">[0:35]</span> <span class="irc-black">&lt;zachy_md|busy&gt; nice :)</span><br />
<span class="irc-date">[0:36]</span> <span class="irc-black">&lt;atinm&gt; debugging the light sensor issue</span><br />
<span class="irc-date">[0:36]</span> <span class="irc-black">&lt;atinm&gt; I don't actually know what the raw light sensor reading is</span><br />
<span class="irc-date">[0:36]</span> <span class="irc-black">&lt;atinm&gt; is there an app for that?</span><br />
<span class="irc-date">[0:37]</span> <span class="irc-black">&lt;techmik67&gt; i dont know, that sounds like a question for unhelpful</span><br />
<span class="irc-date">[0:37]</span> <span class="irc-black">&lt;techmik67&gt; =)</span><br />
<span class="irc-date">[0:37]</span> <span class="irc-navy">* kalpik (~kalpik@unaffiliated/kalpik) Quit (Ping timeout: 260 seconds)</span><br />
<span class="irc-date">[0:42]</span> <span class="irc-green">* TMC_Sherpa (~jeff@67.173.42.196) has joined this channel.</span><br />
<span class="irc-date">[0:50]</span> <span class="irc-green">* kalpik (~kalpik@unaffiliated/kalpik) has joined this channel.</span><br />
<span class="irc-date">[1:11]</span> <span class="irc-black">&lt;gehzumteufel&gt; atinm: You can read it from cm settings, display, automatic brightness, click the check box for custom settings, then click edit settings</span><br />
<span class="irc-date">[1:11]</span> <span class="irc-black">&lt;gehzumteufel&gt; err click edit other levels</span><br />
<span class="irc-date">[1:11]</span> <span class="irc-black">&lt;atinm&gt; yeah, but that is only showing two values.</span><br />
<span class="irc-date">[1:12]</span> <span class="irc-black">&lt;TMC_Sherpa&gt; hrm, I have a GPIO change in setup_sdhci.c in  universal_sdhci2_cfg_ext_cd...kinda worried about breaking stuff if I mess with it</span><br />
<span class="irc-date">[1:12]</span> <span class="irc-black">&lt;atinm&gt; the question is whether samsung's libsensors returns just 6 and 5000</span><br />
<span class="irc-date">[1:12]</span> <span class="irc-black">&lt;atinm&gt; or something more</span><br />
<span class="irc-date">[1:12]</span> <span class="irc-black">&lt;gehzumteufel&gt; Ah</span><br />
<span class="irc-date">[1:13]</span> <span class="irc-black">&lt;gehzumteufel&gt; There is an app I got</span><br />
<span class="irc-date">[1:13]</span> <span class="irc-black">&lt;gehzumteufel&gt; It's called Light Tester</span><br />
<span class="irc-date">[1:13]</span> <span class="irc-black">&lt;gehzumteufel&gt; <a href="https://market.android.com/details?id=com.woodc.lumens&amp;feature=search_result">https://market.android.com/details?id=com.woodc.lumens&amp;feature=search_result</a></span><br />
<span class="irc-date">[1:13]</span> <span class="irc-black">&lt;gehzumteufel&gt; It appears that 6 and 5000 are all it will show</span><br />
<span class="irc-date">[1:15]</span> <span class="irc-black">&lt;atinm&gt; totally sucks.</span><br />
<span class="irc-date">[1:15]</span> <span class="irc-black">&lt;atinm&gt; our open source lib does better</span><br />
<span class="irc-date">[1:15]</span> <span class="irc-black">&lt;gehzumteufel&gt; heh</span><br />
<span class="irc-date">[1:15]</span> <span class="irc-black">&lt;atinm&gt; but it doesn't have compass</span><br />
<span class="irc-date">[1:15]</span> <span class="irc-black">&lt;atinm&gt; so either we have light or compass</span><br />
<span class="irc-date">[1:15]</span> <span class="irc-black">&lt;gehzumteufel&gt; Personally, fuck the compass. lol</span><br />
<span class="irc-date">[1:16]</span> <span class="irc-black">&lt;techmik67&gt; uh, thxc, but fuck trhe light sensor</span><br />
<span class="irc-date">[1:16]</span> <span class="irc-black">&lt;techmik67&gt; much rather have a compass</span><br />
<span class="irc-date">[1:16]</span> <span class="irc-black">&lt;gehzumteufel&gt; lol</span><br />
<span class="irc-date">[1:17]</span> <span class="irc-brick">* Unhelpful still wants to test using our OSS lib and geomagneticd</span><br />
<span class="irc-date">[1:17]</span> <span class="irc-black">&lt;Unhelpful&gt; i really think it doesn't need to talk to anybody else... but otoh i was never able to get prior versions to work. ;)</span><br />
<span class="irc-date">[1:27]</span> <span class="irc-black">&lt;atinm&gt; our light sensor works</span><br />
<span class="irc-date">[1:27]</span> <span class="irc-black">&lt;atinm&gt; theirs doesn't</span><br />
<span class="irc-date">[1:27]</span> <span class="irc-black">&lt;atinm&gt; stupid nitwit thing.</span><br />
<span class="irc-date">[1:29]</span> <span class="irc-black">&lt;atinm&gt; on our previous version, I'd get values between 0 and 160 right now</span><br />
<span class="irc-date">[1:29]</span> <span class="irc-black">&lt;atinm&gt; here I'm getting 0 and 5000</span><br />
<span class="irc-date">[1:29]</span> <span class="irc-black">&lt;atinm&gt; 6-5000</span><br />
<span class="irc-date">[1:30]</span> <span class="irc-black">&lt;atinm&gt; and CM seems to think ranges are allowed to be between 0-3000</span><br />
<span class="irc-date">[1:30]</span> <span class="irc-black">&lt;atinm&gt; which is also weird</span><br />
<span class="irc-date">[1:30]</span> <span class="irc-black">&lt;atinm&gt; can't figure out where that is coming from</span><br />
<span class="irc-date">[1:34]</span> <span class="irc-green">* Kaik541 (~IWasNever@cpe-70-112-175-254.austin.res.rr.com) has joined this channel.</span><br />
<span class="irc-date">[1:38]</span> <span class="irc-navy">* Kaik541 (~IWasNever@cpe-70-112-175-254.austin.res.rr.com) Quit (Client Quit)</span><br />
<span class="irc-date">[1:41]</span> <span class="irc-black">&lt;zachy_md|busy&gt; Hi atinm just a short question: how can I only update the initramfs ? I need an updated initramfs and the rest of the repo is broken (2.3.4 updates)</span><br />
<span class="irc-date">[1:42]</span> <span class="irc-black">&lt;atinm&gt; we build the initramfs from a bunch of stuff</span><br />
<span class="irc-date">[1:42]</span> <span class="irc-black">&lt;atinm&gt; in the repo</span><br />
<span class="irc-date">[1:42]</span> <span class="irc-black">&lt;atinm&gt; there isn't just an initramfs repo</span><br />
<span class="irc-date">[1:42]</span> <span class="irc-black">&lt;zachy_md|busy&gt; atinm oh - that's bad :\</span><br />
<span class="irc-date">[1:42]</span> <span class="irc-black">&lt;atinm&gt; you went and synced?</span><br />
<span class="irc-date">[1:42]</span> <span class="irc-black">&lt;zachy_md|busy&gt; atinm yeah but I restored an old state :)</span><br />
<span class="irc-date">[1:43]</span> <span class="irc-black">&lt;zachy_md|busy&gt; atinm from 23rd</span><br />
<span class="irc-date">[1:43]</span> <span class="irc-black">&lt;atinm&gt; right now is not a good time to sync</span><br />
<span class="irc-date">[1:43]</span> <span class="irc-black">&lt;chaembian&gt; Good morning!</span><br />
<span class="irc-date">[1:43]</span> <span class="irc-black">&lt;zachy_md|busy&gt; Morning chaembian :)</span><br />
<span class="irc-date">[1:43]</span> <span class="irc-black">&lt;atinm&gt; if they've started putting in 2.3.4, we have to avoid syncing for a bit</span><br />
<span class="irc-date">[1:43]</span> <span class="irc-black">&lt;atinm&gt; because a lot of shit will break</span><br />
<span class="irc-date">[1:43]</span> <span class="irc-black">&lt;chaembian&gt; hey zachy_md|busy :)</span><br />
<span class="irc-date">[1:43]</span> <span class="irc-black">&lt;zachy_md|busy&gt; atinm well - that's bad timing :(</span><br />
<span class="irc-date">[1:44]</span> <span class="irc-black">&lt;atinm&gt; I only sync when I am going to do an update</span><br />
<span class="irc-date">[1:44]</span> <span class="irc-black">&lt;atinm&gt; keeps things simpler</span><br />
<span class="irc-date">[1:44]</span> <span class="irc-black">&lt;zachy_md|busy&gt; atinm me too - but this time I got a bad timing :( you synced yesterday ?</span><br />
<span class="irc-date">[1:44]</span> <span class="irc-black">&lt;atinm&gt; most things upstream don't really change much for us.</span><br />
<span class="irc-date">[1:44]</span> <span class="irc-black">&lt;atinm&gt; I synced this morning</span><br />
<span class="irc-date">[1:45]</span> <span class="irc-black">&lt;zachy_md|busy&gt; the only thing that is needed is the recovery.cpio right ?</span><br />
<span class="irc-date">[1:45]</span> <span class="irc-black">&lt;atinm&gt; right</span><br />
<span class="irc-date">[1:45]</span> <span class="irc-black">&lt;zachy_md|busy&gt; I mean the built one</span><br />
<span class="irc-date">[1:46]</span> <span class="irc-black">&lt;atinm&gt; yes</span><br />
<span class="irc-date">[1:46]</span> <span class="irc-black">&lt;zachy_md|busy&gt; atinm would you or someone else share them with me ?</span><br />
<span class="irc-date">[1:47]</span> <span class="irc-black">&lt;atinm&gt; I don't have one at the moment because I've  been screwing with light sensor lib</span><br />
<span class="irc-date">[1:47]</span> <span class="irc-black">&lt;zachy_md|busy&gt; ah - ok</span><br />
<span class="irc-date">[1:47]</span> <span class="irc-black">&lt;atinm&gt; so it will be quite broken</span><br />
<span class="irc-date">[1:47]</span> <span class="irc-black">&lt;zachy_md|busy&gt; atinm no prob :)</span><br />
<span class="irc-date">[1:48]</span> <span class="irc-black">&lt;zachy_md|busy&gt; hopefully kang or one of the other devs have them available :)</span><br />
<span class="irc-date">[1:48]</span> <span class="irc-black">&lt;zachy_md|busy&gt; so I'll bother them tomorrow ;)</span><br />
<span class="irc-date">[1:54]</span> <span class="irc-black">&lt;techmik67&gt; i dont know if its the gpio patch of sometihng else i never noticed before.... seems to be sleeping better..... sec.</span><br />
