<span class="irc-date">[0:24]</span> <span class="irc-green">* neldar (~neldar@dsl22-215.pool.bitel.net) has joined this channel.</span><br />
<span class="irc-date">[0:24]</span> <span class="irc-black">&lt;- *neldar* Bot Sentry eingeschalten:  Sie werden jetzt ignoriert!  Ihre Nachricht wird übermittelt wenn sie die folgenden Fragen innerhalb von 10 Minuten richtig beantworten:  How do you spell the result of ten div_ided by 2?</span><br />
<span class="irc-date">[0:26]</span> <span class="irc-green">* jt1134 (~jt1134@c-71-207-226-80.hsd1.al.comcast.net) has joined this channel.</span><br />
<span class="irc-date">[2:58]</span> <span class="irc-green">* TCMAN-web (8b5ffb16@gateway/web/freenode/ip.139.95.251.22) has joined this channel.</span><br />
<span class="irc-date">[2:58]</span> <span class="irc-black">&lt;TCMAN-web&gt; hi everyone!</span><br />
<span class="irc-date">[3:30]</span> <span class="irc-green">* rjmjr69 (~Administr@c-24-62-52-123.hsd1.ma.comcast.net) has joined this channel.</span><br />
<span class="irc-date">[3:36]</span> <span class="irc-navy">* neldar (~neldar@dsl22-215.pool.bitel.net) Quit (Disconnected by services)</span><br />
<span class="irc-date">[3:36]</span> <span class="irc-green">* neldar1 (~neldar@dsl22-105.pool.bitel.net) has joined this channel.</span><br />
<span class="irc-date">[3:37]</span> <span class="irc-navy">* TCMAN-web (8b5ffb16@gateway/web/freenode/ip.139.95.251.22) Quit (Quit: Page closed)</span><br />
<span class="irc-date">[3:38]</span> <span class="irc-navy">* neldar1 (~neldar@dsl22-105.pool.bitel.net) Quit (Client Quit)</span><br />
<span class="irc-date">[3:47]</span> <span class="irc-navy">* kalpik (~kalpik@unaffiliated/kalpik) Quit (Ping timeout: 240 seconds)</span><br />
<span class="irc-date">[3:51]</span> <span class="irc-green">* kalpik (~kalpik@unaffiliated/kalpik) has joined this channel.</span><br />
<span class="irc-date">[3:56]</span> <span class="irc-navy">* kalpik (~kalpik@unaffiliated/kalpik) Quit (Ping timeout: 240 seconds)</span><br />
<span class="irc-date">[4:20]</span> <span class="irc-green">* kalpik (~kalpik@unaffiliated/kalpik) has joined this channel.</span><br />
<span class="irc-date">[4:41]</span> <span class="irc-black">&lt;dasunsrule32&gt; Eugene released the Vibrant Source</span><br />
<span class="irc-date">[4:42]</span> <span class="irc-black">&lt;dasunsrule32&gt; <a href="http://goo.gl/SeiaT">http://goo.gl/SeiaT</a></span><br />
<span class="irc-date">[6:44]</span> <span class="irc-green">* jt1134 is now known as jt|SleepyFace</span><br />
<span class="irc-date">[7:19]</span> <span class="irc-green">* ciwrl|away is now known as ciwrl|Fringe</span><br />
<span class="irc-date">[7:36]</span> <span class="irc-navy">* rjmjr69 (~Administr@c-24-62-52-123.hsd1.ma.comcast.net) Quit (Read error: Connection reset by peer)</span><br />
<span class="irc-date">[7:39]</span> <span class="irc-green">* codeworkx (~codeworkx@95-89-111-251-dynip.superkabel.de) has joined this channel.</span><br />
<span class="irc-date">[7:46]</span> <span class="irc-green">* ytt3r (~evan@adsl-88-105-214.asm.bellsouth.net) has joined this channel.</span><br />
<span class="irc-date">[7:47]</span> <span class="irc-black">&lt;ytt3r&gt; Hey guys</span><br />
<span class="irc-date">[7:47]</span> <span class="irc-black">&lt;ytt3r&gt; I don't know if you saw,</span><br />
<span class="irc-date">[7:47]</span> <span class="irc-black">&lt;ytt3r&gt; I have a team organized to develop the Captivate ROM</span><br />
<span class="irc-date">[7:52]</span> <span class="irc-black">&lt;codeworkx&gt; talk to atinm, he has some experience with the cap</span><br />
<span class="irc-date">[7:57]</span> <span class="irc-green">* coolya|away is now known as coolya</span><br />
<span class="irc-date">[7:58]</span> <span class="irc-black">&lt;ytt3r&gt; I just outlined bugs and fixes we have on another channel; We have the kernel reoriented (but that was part of the source), we have the headset jack fixed from my commit earlier. There was a bug in the headset jack that I found in coolya's git that I have yet to commit. For bugs, we have the obvious bugs that are already known, and we also have the fact that the kernel doesn't compile with the reorientations (#if, #else).</span><br />
<span class="irc-date">[7:59]</span> <span class="irc-black">&lt;ytt3r&gt; coolya: I made an error in my code; at line 282 in sec_jack.c, there needs to be a semicolon before return 0;</span><br />
<span class="irc-date">[8:01]</span> <span class="irc-black">&lt;coolya&gt; oh I see, I will fixit</span><br />
<span class="irc-date">[8:06]</span> <span class="irc-green">* knowsnotmuch (~ashwinds@122.174.134.201) has joined this channel.</span><br />
<span class="irc-date">[8:06]</span> <span class="irc-black">&lt;ytt3r&gt; I also need to fix vold.fstab. One other interesting thing to note: The Captivate has the same chip as the Nexus 1 for noise canceling. The only driver availible is in Rogers 2.1 source.</span><br />
<span class="irc-date">[8:08]</span> <span class="irc-black">&lt;ytt3r&gt; That's it for me, I'll be back tomorrow (late tonight for you guys :p)</span><br />
<span class="irc-date">[8:09]</span> <span class="irc-green">* zimmbi (~Adium@cable-static-242-48.eblcom.ch) has joined this channel.</span><br />
<span class="irc-date">[8:13]</span> <span class="irc-black">&lt;ytt3r&gt; nice, just got the commit coolya :)</span><br />
<span class="irc-date">[8:23]</span> <span class="irc-navy">* knowsnotmuch (~ashwinds@122.174.134.201) Quit (Quit: Zzzz)</span><br />
<span class="irc-date">[8:47]</span> <span class="irc-green">* ciwrl|Fringe is now known as ciwrl|away</span><br />
