<span class="irc-date">[0:07]</span> <span class="irc-green">* jt|sleepyface is now known as jt|WORKING</span><br />
<span class="irc-date">[0:12]</span> <span class="irc-green">* thedeanius (~dean@c-24-2-24-87.hsd1.mo.comcast.net) has joined this channel.</span><br />
<span class="irc-date">[0:24]</span> <span class="irc-navy">* neldar (~neldar@dsl-217-164-156.pool.bitel.net) Quit (Quit: Leaving.)</span><br />
<span class="irc-date">[10:40]</span> <span class="irc-brown">-anthony.freenode.net- *** Looking up your hostname...</span><br />
<span class="irc-date">[10:40]</span> <span class="irc-brown">-anthony.freenode.net- *** Checking Ident</span><br />
<span class="irc-date">[10:40]</span> <span class="irc-brown">-anthony.freenode.net- *** Found your hostname</span><br />
<span class="irc-date">[10:40]</span> <span class="irc-brown">-anthony.freenode.net- *** No Ident response</span><br />
<span class="irc-date">[10:40]</span> <span class="irc-green">* cmsgsteam-logger (~PircBot@cmsgs.com) has joined this channel.</span><br />
<span class="irc-date">[10:40]</span> <span class="irc-green">* Topic is 'SGS CyanogenMod developers and testers (and other kernel and android hackers) - <a href="http://www.cmsgs.com/'">http://www.cmsgs.com/'</a></span><br />
<span class="irc-date">[10:40]</span> <span class="irc-green">* Set by atinm|night!~atin@unaffiliated/atinm on Sun Dec 19 02:05:32 GMT 2010</span><br />
<span class="irc-date">[10:40]</span> <span class="irc-brown">-ChanServ- [#__topsecret__] SGS-CM6 developers and testers only pls. Others could be kickbanned if not contributing to the channel's function.</span><br />
<span class="irc-date">[10:40]</span> <span class="irc-green">* ChanServ sets mode +o cmsgsteam-logger</span><br />
<span class="irc-date">[13:58]</span> <span class="irc-green">* thedeanius (~dean@64.151.21.178) has joined this channel.</span><br />
<span class="irc-date">[14:27]</span> <span class="irc-navy">* magote (~magote@a79-169-106-110.cpe.netcabo.pt) Quit (Ping timeout: 240 seconds)</span><br />
<span class="irc-date">[14:32]</span> <span class="irc-green">* magote (~magote@a79-169-106-110.cpe.netcabo.pt) has joined this channel.</span><br />
<span class="irc-date">[14:50]</span> <span class="irc-green">* birdman (~Steven@24.246.130.106) has joined this channel.</span><br />
<span class="irc-date">[15:31]</span> <span class="irc-navy">* jeagoss (jef@i.kanged.kingklick.org) Quit (Ping timeout: 255 seconds)</span><br />
<span class="irc-date">[15:32]</span> <span class="irc-green">* jeagoss (jef@i.kanged.kingklick.org) has joined this channel.</span><br />
<span class="irc-date">[15:37]</span> <span class="irc-navy">* jeagoss (jef@i.kanged.kingklick.org) Quit (Ping timeout: 255 seconds)</span><br />
<span class="irc-date">[15:38]</span> <span class="irc-green">* jeagoss (jef@i.kanged.kingklick.org) has joined this channel.</span><br />
<span class="irc-date">[15:59]</span> <span class="irc-green">* jscurtu (~jscurtu@020-130-088-212.ip-addr.teresto.net) has left this channel.</span><br />
