<span class="irc-date">[0:01]</span> <span class="irc-black">&lt;Kaik541&gt; so sad to see $500+ go down the drain like that though</span><br />
<span class="irc-date">[0:01]</span> <span class="irc-black">&lt;chek0v&gt; for real</span><br />
<span class="irc-date">[0:01]</span> <span class="irc-black">&lt;chek0v&gt; id put a bullet in both of them</span><br />
<span class="irc-date">[0:01]</span> <span class="irc-black">&lt;chek0v&gt; for less than $500</span><br />
<span class="irc-date">[0:02]</span> <span class="irc-black">&lt;Kaik541&gt; I'd just keep the ipad for free</span><br />
<span class="irc-date">[0:03]</span> <span class="irc-black">&lt;Unhelpful&gt; coolya: ok, i was apparently not completely successful at breaking the dependcy between kernel and recovery.img. there is a circular dependency there, and make decides to break it at recovery.img-&gt;kernel, so the kernel build is permitted to proceed before recovery.img is complete.</span><br />
<span class="irc-date">[0:04]</span> <span class="irc-black">&lt;coolya&gt; the only thing apple products are good for: <a href="http://www.youtube.com/watch?v=lAl28d6tbko">http://www.youtube.com/watch?v=lAl28d6tbko</a></span><br />
<span class="irc-date">[0:05]</span> <span class="irc-black">&lt;chek0v&gt; now now</span><br />
<span class="irc-date">[0:05]</span> <span class="irc-black">&lt;chek0v&gt; if it werent for apple</span><br />
<span class="irc-date">[0:05]</span> <span class="irc-black">&lt;chek0v&gt; we'd proabbaly all be using a symbian phone right now.</span><br />
<span class="irc-date">[0:05]</span> <span class="irc-black">&lt;Kaik541&gt; <a href="http://www.youtube.com/watch?v=ZvG0fbdMwGc">http://www.youtube.com/watch?v=ZvG0fbdMwGc</a></span><br />
<span class="irc-date">[0:05]</span> <span class="irc-black">&lt;chek0v&gt; think about that for a while.</span><br />
<span class="irc-date">[0:06]</span> <span class="irc-black">&lt;coolya&gt; i would be using my n900 :-P</span><br />
<span class="irc-date">[0:06]</span> <span class="irc-black">&lt;Kaik541&gt; oh I agree, iOS caught everyone else unawares, so caused a lot of innovation</span><br />
<span class="irc-date">[0:06]</span> <span class="irc-black">&lt;Kaik541&gt; though I'd still like to see a meego phone</span><br />
<span class="irc-date">[0:06]</span> <span class="irc-black">&lt;chek0v&gt; coolya: yeah i cant even front</span><br />
<span class="irc-date">[0:06]</span> <span class="irc-black">&lt;chek0v&gt; i had a n90something</span><br />
<span class="irc-date">[0:06]</span> <span class="irc-black">&lt;chek0v&gt; the candybar with the big camera on the back</span><br />
<span class="irc-date">[0:06]</span> <span class="irc-black">&lt;coolya&gt; or even better, a FIC Openmoko 2 ... or similar</span><br />
<span class="irc-date">[0:06]</span> <span class="irc-black">&lt;chek0v&gt; it was a nice phone, high build quality</span><br />
<span class="irc-date">[0:06]</span> <span class="irc-black">&lt;chek0v&gt; yueah openmoko</span><br />
<span class="irc-date">[0:06]</span> <span class="irc-black">&lt;chek0v&gt; that shit was a joke</span><br />
<span class="irc-date">[0:06]</span> <span class="irc-black">&lt;chek0v&gt; the not funny kind.</span><br />
<span class="irc-date">[0:07]</span> <span class="irc-black">&lt;coolya&gt; the hardware was a joke ... yep</span><br />
<span class="irc-date">[0:07]</span> <span class="irc-black">&lt;chek0v&gt; it could have been a good idea</span><br />
<span class="irc-date">[0:07]</span> <span class="irc-black">&lt;chek0v&gt; well it was a good idea, just poorly executed</span><br />
<span class="irc-date">[0:08]</span> <span class="irc-black">&lt;chek0v&gt; <a href="http://www.pulster.de/d__om_a7__OpenMoko_Freerunner_A7991.htm">http://www.pulster.de/d__om_a7__OpenMoko_Freerunner_A7991.htm</a></span><br />
<span class="irc-date">[0:08]</span> <span class="irc-black">&lt;coolya&gt; too less devs working on it and a lot hardware problem in beginning</span><br />
<span class="irc-date">[0:08]</span> <span class="irc-black">&lt;chek0v&gt; i mean whats not to like about that</span><br />
<span class="irc-date">[0:08]</span> <span class="irc-black">&lt;chek0v&gt; its so stylish and compact</span><br />
<span class="irc-date">[0:10]</span> <span class="irc-black">&lt;Kaik541&gt; looks like that kin phone</span><br />
<span class="irc-date">[0:11]</span> <span class="irc-black">&lt;Kaik541&gt; <a href="http://i.i.com.com/cnwk.1d/sc/34057898-2-440-OVR-1.gif">http://i.i.com.com/cnwk.1d/sc/34057898-2-440-OVR-1.gif</a></span><br />
<span class="irc-date">[0:11]</span> <span class="irc-black">&lt;coolya&gt; lol the phone that got obosolet the day it lunched</span><br />
<span class="irc-date">[0:11]</span> <span class="irc-black">&lt;Kaik541&gt; beyond obsolete</span><br />
<span class="irc-date">[0:12]</span> <span class="irc-black">&lt;techmik67&gt; i think i like thiis   <a href="http://www.newegg.com/Product/Product.aspx?Item=N82E16834115989">http://www.newegg.com/Product/Product.aspx?Item=N82E16834115989</a></span><br />
<span class="irc-date">[0:12]</span> <span class="irc-black">&lt;Kaik541&gt; the only cool feature about it was the online sync with "the studio"</span><br />
<span class="irc-date">[0:12]</span> <span class="irc-black">&lt;techmik67&gt; needs extra ram tho</span><br />
<span class="irc-date">[0:17]</span> <span class="irc-navy">* dalingrin (~erik@173.218.151.241) Quit (Remote host closed the connection)</span><br />
<span class="irc-date">[0:25]</span> <span class="irc-black">&lt;Unhelpful&gt; coolya: i think i may have a cleaner and more-working break for that dependency :)</span><br />
<span class="irc-date">[0:25]</span> <span class="irc-black">&lt;coolya&gt; :-)</span><br />
<span class="irc-date">[0:29]</span> <span class="irc-black">&lt;codeworkx&gt; loooool <a href="http://www.youtube.com/watch?v=FF4EEt6W9s8&amp;feature=relmfu">http://www.youtube.com/watch?v=FF4EEt6W9s8&amp;feature=relmfu</a></span><br />
<span class="irc-date">[0:30]</span> <span class="irc-navy">* stickpin (~stickpin@84.94.109.203.cable.012.net.il) Quit (Ping timeout: 276 seconds)</span><br />
<span class="irc-date">[0:31]</span> <span class="irc-black">&lt;Kaik541&gt; codeworkx, didn't you already send that?</span><br />
<span class="irc-date">[0:31]</span> <span class="irc-black">&lt;codeworkx&gt; false link, sry</span><br />
<span class="irc-date">[0:31]</span> <span class="irc-black">&lt;codeworkx&gt; <a href="http://img821.imageshack.us/i/29590302.jpg/">http://img821.imageshack.us/i/29590302.jpg/</a></span><br />
<span class="irc-date">[0:31]</span> <span class="irc-black">&lt;codeworkx&gt; this one</span><br />
<span class="irc-date">[0:31]</span> <span class="irc-black">&lt;codeworkx&gt; 1 2 4 5 0</span><br />
<span class="irc-date">[0:32]</span> <span class="irc-black">&lt;codeworkx&gt; the new captivate feature</span><br />
<span class="irc-date">[0:32]</span> <span class="irc-black">&lt;coolya&gt; lol</span><br />
<span class="irc-date">[0:32]</span> <span class="irc-black">&lt;Kaik541&gt; weird</span><br />
<span class="irc-date">[0:32]</span> <span class="irc-black">&lt;Kaik541&gt; mine works fine</span><br />
<span class="irc-date">[0:32]</span> <span class="irc-black">&lt;Kaik541&gt; just built a few hours ago</span><br />
<span class="irc-date">[0:37]</span> <span class="irc-navy">* codeworkx (~codeworkx@95-89-111-251-dynip.superkabel.de) Quit (Read error: Connection reset by peer)</span><br />
<span class="irc-date">[0:41]</span> <span class="irc-black">&lt;techmik67&gt; Kaik541: i notice your response to the peopl ewith running out of space issues.... i have, i am ashamed to admit, like 150 apps and get no warnings about anything</span><br />
<span class="irc-date">[0:42]</span> <span class="irc-black">&lt;Kaik541&gt; it's different for which apps you're installing</span><br />
<span class="irc-date">[0:42]</span> <span class="irc-black">&lt;Kaik541&gt; I have about 50ish</span><br />
<span class="irc-date">[0:42]</span> <span class="irc-black">&lt;techmik67&gt; i dont think i ever deleted an app i installed</span><br />
<span class="irc-date">[0:42]</span> <span class="irc-black">&lt;techmik67&gt; packrat</span><br />
<span class="irc-date">[0:42]</span> <span class="irc-black">&lt;Kaik541&gt; and I have 117 MB free</span><br />
<span class="irc-date">[0:43]</span> <span class="irc-black">&lt;techmik67&gt; ok, i have only 35mb free</span><br />
<span class="irc-date">[0:43]</span> <span class="irc-black">&lt;techmik67&gt; time to clean out!</span><br />
<span class="irc-date">[0:46]</span> <span class="irc-black">&lt;dasunsrule32&gt; i need to grab a logcat, keep getting force closes with gapps and the browser</span><br />
<span class="irc-date">[0:58]</span> <span class="irc-black">&lt;atinm|cooking&gt; I think I've got 3 apps installed.</span><br />
<span class="irc-date">[0:58]</span> <span class="irc-green">* atinm|cooking is now known as atinm</span><br />
<span class="irc-date">[0:58]</span> <span class="irc-black">&lt;atinm&gt; well, besides what the phone came with</span><br />
<span class="irc-date">[0:58]</span> <span class="irc-black">&lt;techmik67&gt; wow... waking dogs, brb</span><br />
<span class="irc-date">[0:59]</span> <span class="irc-black">&lt;techmik67&gt; walking*</span><br />
<span class="irc-date">[0:59]</span> <span class="irc-black">&lt;atinm&gt; too much pain because of flashing all the time</span><br />
<span class="irc-date">[0:59]</span> <span class="irc-black">&lt;atinm&gt; now I leave it</span><br />
<span class="irc-date">[0:59]</span> <span class="irc-black">&lt;atinm&gt; cooking done, eating done. I was a star.</span><br />
<span class="irc-date">[1:00]</span> <span class="irc-black">&lt;atinm&gt; spaghetti melanzana</span><br />
<span class="irc-date">[1:00]</span> <span class="irc-black">&lt;Kaik541&gt; haha, and I'm having sausages wrapped in pancakes on a stick for dinner</span><br />
<span class="irc-date">[1:00]</span> <span class="irc-black">&lt;atinm&gt; hopefully I get some leeway for a day or two.</span><br />
<span class="irc-date">[1:00]</span> <span class="irc-black">&lt;Kaik541&gt; BREAKFAST CORNDOG</span><br />
<span class="irc-date">[1:01]</span> <span class="irc-black">&lt;atinm&gt; oh, and salad with dressing not out of a bottle.</span><br />
<span class="irc-date">[1:01]</span> <span class="irc-black">&lt;atinm&gt; and I come back to sec_fucking_jack.c</span><br />
<span class="irc-date">[1:02]</span> <span class="irc-black">&lt;atinm&gt; anyone on kang kernel?</span><br />
<span class="irc-date">[1:02]</span> <span class="irc-black">&lt;atinm&gt; Kaik541: ?</span><br />
<span class="irc-date">[1:03]</span> <span class="irc-black">&lt;Kaik541&gt; nope, I've just been building default</span><br />
<span class="irc-date">[1:03]</span> <span class="irc-black">&lt;atinm&gt; you were - can you test 4 pole jack?</span><br />
<span class="irc-date">[1:03]</span> <span class="irc-black">&lt;atinm&gt; with his kernel?</span><br />
<span class="irc-date">[1:03]</span> <span class="irc-black">&lt;ytt3r&gt; wait atinm what about that fix theescapist submitted?</span><br />
<span class="irc-date">[1:03]</span> <span class="irc-black">&lt;atinm&gt; I don't want to flash it - I've gone mine spewing dmesg</span><br />
<span class="irc-date">[1:03]</span> <span class="irc-black">&lt;atinm&gt; which</span><br />
<span class="irc-date">[1:04]</span> <span class="irc-black">&lt;Kaik541&gt; is this in regard to the headset that came with the phone?</span><br />
<span class="irc-date">[1:04]</span> <span class="irc-black">&lt;Kaik541&gt; because I no longer have that</span><br />
<span class="irc-date">[1:04]</span> <span class="irc-black">&lt;Kaik541&gt; it got left in the box when I moved</span><br />
<span class="irc-date">[1:04]</span> <span class="irc-black">&lt;ytt3r&gt; brb unity on 10.10 fails</span><br />
<span class="irc-date">[1:05]</span> <span class="irc-navy">* ytt3r (~evan@adsl-88-56-225.asm.bellsouth.net) Quit (Quit: Leaving)</span><br />
<span class="irc-date">[1:05]</span> <span class="irc-black">&lt;atinm&gt; crap</span><br />
<span class="irc-date">[1:05]</span> <span class="irc-black">&lt;Kaik541&gt; sorry =(</span><br />
<span class="irc-date">[1:06]</span> <span class="irc-black">&lt;atinm&gt; and what fix was ytt3r talking about</span><br />
<span class="irc-date">[1:06]</span> <span class="irc-black">&lt;atinm&gt; the last commit I see was yesterday</span><br />
<span class="irc-date">[1:06]</span> <span class="irc-green">* ytt3r (~evan@adsl-88-56-225.asm.bellsouth.net) has joined this channel.</span><br />
<span class="irc-date">[1:06]</span> <span class="irc-black">&lt;atinm&gt; ytt3r: what fix - I don't see it</span><br />
<span class="irc-date">[1:06]</span> <span class="irc-black">&lt;ytt3r&gt; it was a while back</span><br />
<span class="irc-date">[1:07]</span> <span class="irc-black">&lt;Unhelpful&gt; coolya: i think i have this fixed. should we change the hack_PRODUCT_OUT to local_PRODUCT_OUT maybe?</span><br />
<span class="irc-date">[1:07]</span> <span class="irc-black">&lt;ytt3r&gt; actually I submitted it but the escapist coded it</span><br />
<span class="irc-date">[1:07]</span> <span class="irc-black">&lt;atinm&gt; link</span><br />
<span class="irc-date">[1:07]</span> <span class="irc-black">&lt;ytt3r&gt; sec</span><br />
<span class="irc-date">[1:07]</span> <span class="irc-black">&lt;atinm&gt; and if it was a while back, it didn't fix it.</span><br />
<span class="irc-date">[1:07]</span> <span class="irc-black">&lt;atinm&gt; I know what you're talking about</span><br />
<span class="irc-date">[1:07]</span> <span class="irc-black">&lt;atinm&gt; that didn't fix the 4pole issue</span><br />
<span class="irc-date">[1:08]</span> <span class="irc-black">&lt;atinm&gt; shoot, guess I should flash a voodoo kernel and dirty my phone for a little bit</span><br />
<span class="irc-date">[1:08]</span> <span class="irc-black">&lt;ytt3r&gt; <a href="https://github.com/coolya/android_kernel_samsung/commit/b09602ad2688338eb494fc69ab52b081b1fc72e0">https://github.com/coolya/android_kernel_samsung/commit/b09602ad2688338eb494fc69ab52b081b1fc72e0</a></span><br />
<span class="irc-date">[1:08]</span> <span class="irc-black">&lt;atinm&gt; please forgive me</span><br />
<span class="irc-date">[1:08]</span> <span class="irc-black">&lt;ytt3r&gt; That was really screwey though, forgot a semicolon or something</span><br />
<span class="irc-date">[1:08]</span> <span class="irc-black">&lt;ytt3r&gt; what exactly are you trying to fix?</span><br />
<span class="irc-date">[1:09]</span> <span class="irc-black">&lt;atinm&gt; yes, we have it</span><br />
<span class="irc-date">[1:09]</span> <span class="irc-black">&lt;Kaik541&gt; when you have headset plugged in, it thinks the microphone on the phone is what you should talk to</span><br />
<span class="irc-date">[1:09]</span> <span class="irc-black">&lt;atinm&gt; it basically doesn't recognize a 4pole headset</span><br />
<span class="irc-date">[1:09]</span> <span class="irc-black">&lt;atinm&gt; it doesn't recognize any so defaults to 3pole</span><br />
<span class="irc-date">[1:09]</span> <span class="irc-black">&lt;ytt3r&gt; I see... That's definitely bad.</span><br />
<span class="irc-date">[1:13]</span> <span class="irc-brick">* Unhelpful doesn't imagine they really want vars named hack_FOO upstream</span><br />
<span class="irc-date">[1:13]</span> <span class="irc-black">&lt;ytt3r&gt; well I can't test anything so I'm not sure how helpful I'll be. I don't have a headset with a mic.</span><br />
<span class="irc-date">[1:13]</span> <span class="irc-black">&lt;atinm&gt; oh well, his didn't work either</span><br />
<span class="irc-date">[1:14]</span> <span class="irc-black">&lt;atinm&gt; ytt3r: you guys throw away the samsung one? :)</span><br />
<span class="irc-date">[1:14]</span> <span class="irc-black">&lt;atinm&gt; it doesn't stay in my ear, so I never use it - but good to test with</span><br />
<span class="irc-date">[1:14]</span> <span class="irc-black">&lt;ytt3r&gt; lost it,,, actually I think my gramma ran it over in her landrover</span><br />
<span class="irc-date">[1:14]</span> <span class="irc-black">&lt;atinm&gt; anyway, kang's kernel has the same bug</span><br />
<span class="irc-date">[1:14]</span> <span class="irc-black">&lt;ytt3r&gt; lol</span><br />
<span class="irc-date">[1:15]</span> <span class="irc-black">&lt;atinm&gt; well, that'll teach you.</span><br />
<span class="irc-date">[1:16]</span> <span class="irc-black">&lt;ytt3r&gt; well I don't know what I can do but I'll look through sec_jack and see if anything jumps out at me</span><br />
<span class="irc-date">[1:23]</span> <span class="irc-green">* coolya is now known as coolya|away</span><br />
<span class="irc-date">[1:32]</span> <span class="irc-black">&lt;rhcp&gt; atinm: did you need something</span><br />
<span class="irc-date">[1:33]</span> <span class="irc-black">&lt;rhcp&gt; i saw you said my name</span><br />
<span class="irc-date">[1:33]</span> <span class="irc-black">&lt;atinm&gt; yeah, was wondering if you had an updated new favorite hackingtosh</span><br />
<span class="irc-date">[1:34]</span> <span class="irc-black">&lt;atinm&gt; or is the costco one still the favorite</span><br />
<span class="irc-date">[1:36]</span> <span class="irc-black">&lt;rhcp&gt; costco's</span><br />
<span class="irc-date">[1:36]</span> <span class="irc-black">&lt;rhcp&gt; both of them</span><br />
<span class="irc-date">[1:36]</span> <span class="irc-black">&lt;rhcp&gt; easy install</span><br />
<span class="irc-date">[1:37]</span> <span class="irc-black">&lt;rhcp&gt; 90 day return policy afaik</span><br />
<span class="irc-date">[1:42]</span> <span class="irc-black">&lt;atinm&gt; thanks</span><br />
<span class="irc-date">[1:42]</span> <span class="irc-black">&lt;atinm&gt; coolya|away: select S3C_DEV_HSMMC2 if GALAXYS</span><br />
<span class="irc-date">[1:43]</span> <span class="irc-black">&lt;atinm&gt; what is this - mach-s5pv210/Kconfig</span><br />
<span class="irc-date">[1:43]</span> <span class="irc-black">&lt;atinm&gt; <a href="https://github.com/xcaliburinhand/linux_samsung_galaxys_port/commit/f2444723cd478b575e5d6c86420e0d85bcd8a5a6">https://github.com/xcaliburinhand/linux_samsung_galaxys_port/commit/f2444723cd478b575e5d6c86420e0d85bcd8a5a6</a></span><br />
<span class="irc-date">[1:45]</span> <span class="irc-navy">* dasunsrule32 (~cm7_rulz@christiantechsaz.com) Quit (Ping timeout: 246 seconds)</span><br />
<span class="irc-date">[1:48]</span> <span class="irc-black">&lt;Unhelpful&gt; coolya|away: i'm flattening this some before commit. you may need to force pull on android_build, not sure.</span><br />
<span class="irc-date">[2:00]</span> <span class="irc-green">* h8rift is now known as h8|away</span><br />
<span class="irc-date">[2:07]</span> <span class="irc-black">&lt;Unhelpful&gt; wow, is cyanogenmod-dev always so... silent? :/</span><br />
<span class="irc-date">[2:11]</span> <span class="irc-black">&lt;ytt3r&gt; hey Unhelpful want to be an oxymoron?</span><br />
<span class="irc-date">[2:12]</span> <span class="irc-black">&lt;Unhelpful&gt; thank you for at least using different words because i have so heard that one before.</span><br />
<span class="irc-date">[2:12]</span> <span class="irc-black">&lt;ytt3r&gt; I need the clockworkmod update package</span><br />
<span class="irc-date">[2:12]</span> <span class="irc-black">&lt;Unhelpful&gt; the what?</span><br />
<span class="irc-date">[2:12]</span> <span class="irc-black">&lt;ytt3r&gt; the update.zip that sits on the sdcard</span><br />
<span class="irc-date">[2:12]</span> <span class="irc-black">&lt;Unhelpful&gt; ok...?</span><br />
<span class="irc-date">[2:13]</span> <span class="irc-black">&lt;ytt3r&gt; you know, you go to reinstall packages and it loads clockworkmod recovery on stock</span><br />
<span class="irc-date">[2:15]</span> <span class="irc-black">&lt;techmik67&gt; i sent it</span><br />
<span class="irc-date">[2:16]</span> <span class="irc-black">&lt;ytt3r&gt; =]</span><br />
<span class="irc-date">[2:16]</span> <span class="irc-green">* Yangtse (~Yangtse@117.136.5.83) has joined this channel.</span><br />
<span class="irc-date">[2:16]</span> <span class="irc-navy">* Yangtse (~Yangtse@117.136.5.83) Quit (Client Quit)</span><br />
<span class="irc-date">[2:16]</span> <span class="irc-black">&lt;Unhelpful&gt; yes, i don't actually know how to build one of those, i just have recovery built in :)</span><br />
<span class="irc-date">[2:19]</span> <span class="irc-green">* designfears (~df@cpe-184-57-163-79.cinci.res.rr.com) has joined this channel.</span><br />
<span class="irc-date">[2:24]</span> <span class="irc-green">* teamhacksung (~teamhacks@sh1-ext.rs.github.com) has joined this channel.</span><br />
<span class="irc-date">[2:24]</span> <span class="irc-black">&lt;teamhacksung&gt; android_kernel_samsung: android-samsung-2.6.35 Andrew Mahone * 3b50045 (7 files in 2 dirs): Allow config to select premade or fresh-built initramfs, use fresh-built for captivate. ...</span><br />
<span class="irc-date">[2:24]</span> <span class="irc-black">&lt;teamhacksung&gt; android_kernel_samsung: android-samsung-2.6.35 Andrew Mahone * f396aaa (2 files in 2 dirs): Merge branch 'android-samsung-2.6.35' of git://github.com/teamhacksung/android_kernel_samsung into android-samsung-2.6.35</span><br />
<span class="irc-date">[2:24]</span> <span class="irc-black">&lt;teamhacksung&gt; android_kernel_samsung: android-samsung-2.6.35 commits e6a92b9...f396aaa - <a href="http://bit.ly/dUgifg">http://bit.ly/dUgifg</a></span><br />
<span class="irc-date">[2:24]</span> <span class="irc-green">* teamhacksung (~teamhacks@sh1-ext.rs.github.com) has left this channel.</span><br />
<span class="irc-date">[2:24]</span> <span class="irc-black">&lt;Unhelpful&gt; hear it comes :)</span><br />
<span class="irc-date">[2:24]</span> <span class="irc-black">&lt;Unhelpful&gt; here rather. geez.</span><br />
<span class="irc-date">[2:26]</span> <span class="irc-black">&lt;Kaik541&gt; Unhelpful, your name is too similar to one of my favorite singers</span><br />
<span class="irc-date">[2:26]</span> <span class="irc-black">&lt;Unhelpful&gt; hm?</span><br />
<span class="irc-date">[2:27]</span> <span class="irc-black">&lt;Kaik541&gt; Andrew Mahone right?</span><br />
<span class="irc-date">[2:27]</span> <span class="irc-black">&lt;Kaik541&gt; too similar to Andrew McMahon</span><br />
<span class="irc-date">[2:30]</span> <span class="irc-green">* teamhacksung (~teamhacks@sh1-ext.rs.github.com) has joined this channel.</span><br />
<span class="irc-date">[2:30]</span> <span class="irc-black">&lt;teamhacksung&gt; android_device_samsung_captivate: gingerbread Andrew Mahone * e3351af (6 files in 1 dirs): Make recovery-ramdisk.img build by core buildsystem a usable mixed boot/recovery ramdisk. ...</span><br />
<span class="irc-date">[2:30]</span> <span class="irc-black">&lt;teamhacksung&gt; android_device_samsung_captivate: gingerbread Andrew Mahone * 887d345 (2 files in 1 dirs): More work on building full initramfs and kernel. ...</span><br />
<span class="irc-date">[2:30]</span> <span class="irc-black">&lt;teamhacksung&gt; android_device_samsung_captivate: gingerbread Andrew Mahone * 68848b4 (4 files in 1 dirs): Split options for building kernel from CM bootimage and building recovery to support boot. ...</span><br />
<span class="irc-date">[2:30]</span> <span class="irc-black">&lt;teamhacksung&gt; android_device_samsung_captivate: gingerbread commits 5149261...68848b4 - <a href="http://bit.ly/gjwOov">http://bit.ly/gjwOov</a></span><br />
<span class="irc-date">[2:30]</span> <span class="irc-green">* teamhacksung (~teamhacks@sh1-ext.rs.github.com) has left this channel.</span><br />
<span class="irc-date">[2:36]</span> <span class="irc-green">* GuiPer (~GuiPer@ip-86-49-25-242.net.upcbroadband.cz) has joined this channel.</span><br />
<span class="irc-date">[2:38]</span> <span class="irc-navy">* designfears (~df@cpe-184-57-163-79.cinci.res.rr.com) Quit (Ping timeout: 264 seconds)</span><br />
<span class="irc-date">[2:39]</span> <span class="irc-black">&lt;atinm&gt; so I pulled in all of <a href="https://github.com/xcaliburinhand/linux_samsung_galaxys_port/commit/1ffd9d109da33947def2db23fcb0800df7137381#commitcomment-292173">https://github.com/xcaliburinhand/linux_samsung_galaxys_port/commit/1ffd9d109da33947def2db23fcb0800df7137381#commitcomment-292173</a></span><br />
<span class="irc-date">[2:39]</span> <span class="irc-black">&lt;atinm&gt; but doesn't seem to have helped.</span><br />
<span class="irc-date">[2:40]</span> <span class="irc-black">&lt;atinm&gt; (changing CONFIG_XXXX.. to ours of course)</span><br />
<span class="irc-date">[2:40]</span> <span class="irc-green">* designfears (~df@cpe-184-57-163-79.cinci.res.rr.com) has joined this channel.</span><br />
<span class="irc-date">[2:41]</span> <span class="irc-black">&lt;techmik67&gt; so Unhelpful what do we do different in the build process?</span><br />
<span class="irc-date">[2:42]</span> <span class="irc-black">&lt;Unhelpful&gt; ...you just build whatever top-level target you want, and it will generate a fresh initramfs and kernel if needed. :)</span><br />
<span class="irc-date">[2:42]</span> <span class="irc-black">&lt;Unhelpful&gt; if you want to modify the kernel config, you can use make menuconfig in out/target/product/captivate/kernel_build</span><br />
<span class="irc-date">[2:43]</span> <span class="irc-black">&lt;techmik67&gt; great... skip the 2 step, kernel then rom... just build.sh captivate and you're good? excellent</span><br />
<span class="irc-date">[2:43]</span> <span class="irc-black">&lt;techmik67&gt; making it idiot proof =P</span><br />
<span class="irc-date">[2:43]</span> <span class="irc-black">&lt;Unhelpful&gt; if that doesn't exist you can do make out/target/product/captivate/kernel_build/.config to place a default config</span><br />
<span class="irc-date">[2:45]</span> <span class="irc-black">&lt;Unhelpful&gt; so we force off the magnetometer now? ;(</span><br />
<span class="irc-date">[2:45]</span> <span class="irc-black">&lt;Unhelpful&gt; the magnetometer is not wrong. the derived orientation is wrong. :P</span><br />
<span class="irc-date">[2:48]</span> <span class="irc-black">&lt;atinm&gt; think Guiper did that until we fix it</span><br />
<span class="irc-date">[2:49]</span> <span class="irc-black">&lt;Unhelpful&gt; what he disabled is not what needs fixed, though.</span><br />
<span class="irc-date">[2:49]</span> <span class="irc-black">&lt;atinm&gt; well yeah - it might have been that the end result was bad so . . . don't ask me! that's what I think happened! :)</span><br />
<span class="irc-date">[2:50]</span> <span class="irc-black">&lt;Unhelpful&gt; did anybody bother to verify the axes from the magnetometer were rght on other targets?</span><br />
<span class="irc-date">[2:51]</span> <span class="irc-black">&lt;Kaik541&gt; so wait</span><br />
<span class="irc-date">[2:51]</span> <span class="irc-black">&lt;Kaik541&gt; with this new build system we don't have to build kernel first?</span><br />
<span class="irc-date">[2:52]</span> <span class="irc-black">&lt;Kaik541&gt; just make -jX otapackage will do it?</span><br />
<span class="irc-date">[2:52]</span> <span class="irc-black">&lt;Kaik541&gt; I went off to go eat some dinner and now we have a new build process?</span><br />
<span class="irc-date">[2:52]</span> <span class="irc-black">&lt;Unhelpful&gt; I HAVE BEEN WORKING ON THIS ALL WEEK :P</span><br />
<span class="irc-date">[2:52]</span> <span class="irc-black">&lt;Unhelpful&gt; and not quietly either.</span><br />
<span class="irc-date">[2:53]</span> <span class="irc-black">&lt;atinm&gt; he just committed it :)</span><br />
<span class="irc-date">[2:53]</span> <span class="irc-black">&lt;Kaik541&gt; oh I know, I just want to make sure I'm doing it right</span><br />
<span class="irc-date">[2:53]</span> <span class="irc-black">&lt;atinm&gt; i cannot bloody get the adc to read.</span><br />
<span class="irc-date">[2:54]</span> <span class="irc-black">&lt;techmik67&gt; i'm just using the lazy way.... ./build.sh captivate</span><br />
<span class="irc-date">[2:54]</span> <span class="irc-black">&lt;techmik67&gt; in a minute</span><br />
<span class="irc-date">[2:54]</span> <span class="irc-navy">* GuiPer (~GuiPer@ip-86-49-25-242.net.upcbroadband.cz) Quit (Ping timeout: 255 seconds)</span><br />
<span class="irc-date">[2:55]</span> <span class="irc-black">&lt;atinm&gt; argh!!! #if defined(CONFIG_GALAXYS_CAPTIVATE)</span><br />
<span class="irc-date">[2:55]</span> <span class="irc-black">&lt;atinm&gt; of course it won't work ... idiot.</span><br />
<span class="irc-date">[2:55]</span> <span class="irc-black">&lt;techmik67&gt; lol</span><br />
<span class="irc-date">[2:56]</span> <span class="irc-black">&lt;atinm&gt; god, looking at that code for 10 minutes trying to figure out whether the GPIO is correct.</span><br />
<span class="irc-date">[3:00]</span> <span class="irc-black">&lt;atinm&gt; yes!!</span><br />
<span class="irc-date">[3:01]</span> <span class="irc-black">&lt;atinm&gt; &lt;6&gt;[   49.998543] determine_jack_type: adc = 1909</span><br />
<span class="irc-date">[3:01]</span> <span class="irc-black">&lt;atinm&gt; &lt;7&gt;[   49.998740] sec_jack_set_type: enable send/end</span><br />
<span class="irc-date">[3:01]</span> <span class="irc-black">&lt;atinm&gt; &lt;6&gt;[   49.998857] sec_jack_set_type : jack_type = 1</span><br />
<span class="irc-date">[3:01]</span> <span class="irc-black">&lt;atinm&gt; 1 == 4Pole</span><br />
<span class="irc-date">[3:01]</span> <span class="irc-black">&lt;Kaik541&gt; woo</span><br />
<span class="irc-date">[3:01]</span> <span class="irc-black">&lt;techmik67&gt; woohoo =)</span><br />
<span class="irc-date">[3:02]</span> <span class="irc-black">&lt;atinm&gt; no buttons yet</span><br />
<span class="irc-date">[3:03]</span> <span class="irc-black">&lt;atinm&gt; and no mic.</span><br />
<span class="irc-date">[3:03]</span> <span class="irc-black">&lt;atinm&gt; :)</span><br />
<span class="irc-date">[3:03]</span> <span class="irc-black">&lt;atinm&gt; but it at least knew what ti was.</span><br />
<span class="irc-date">[3:33]</span> <span class="irc-black">&lt;Unhelpful&gt; atinm: yay!</span><br />
<span class="irc-date">[3:33]</span> <span class="irc-black">&lt;Unhelpful&gt; now figure out how to support four-pole independent-ground headphones. ;)</span><br />
<span class="irc-date">[3:34]</span> <span class="irc-black">&lt;atinm&gt; I'm still trying to get the damn mic to work</span><br />
<span class="irc-date">[3:34]</span> <span class="irc-black">&lt;Unhelpful&gt; for the audiophiles!</span><br />
<span class="irc-date">[3:34]</span> <span class="irc-black">&lt;atinm&gt; the phone recognized the headset as 4pole</span><br />
<span class="irc-date">[3:34]</span> <span class="irc-black">&lt;atinm&gt; but didn't enable mic</span><br />
<span class="irc-date">[3:35]</span> <span class="irc-black">&lt;Unhelpful&gt; on desktop devices aiui the driver is responsible for that sort of audio routing decision... but i have this feeling on android you probably just report it to userspace?</span><br />
<span class="irc-date">[3:38]</span> <span class="irc-black">&lt;Kaik541&gt; atinm, <a href="https://github.com/xcaliburinhand/I9000-Reoriented-for-I897-Froyo/commit/d281f8617cc0618cc17eb486894580f490fb350c">https://github.com/xcaliburinhand/I9000-Reoriented-for-I897-Froyo/commit/d281f8617cc0618cc17eb486894580f490fb350c</a> ?</span><br />
<span class="irc-date">[3:38]</span> <span class="irc-black">&lt;atinm&gt; I found that . . .</span><br />
<span class="irc-date">[3:39]</span> <span class="irc-black">&lt;atinm&gt; decided to first make sure all the mach stuff was happenign cprrectly</span><br />
<span class="irc-date">[3:39]</span> <span class="irc-black">&lt;atinm&gt; back in a few</span><br />
<span class="irc-date">[3:56]</span> <span class="irc-black">&lt;Scepterr&gt; atinm: any luck with patches ?</span><br />
<span class="irc-date">[3:56]</span> <span class="irc-black">&lt;atinm&gt; maybe I should look at voodoo sound code.</span><br />
<span class="irc-date">[3:57]</span> <span class="irc-black">&lt;atinm&gt; tho curio doesn't ahve gingerbread working on sgs I think</span><br />
<span class="irc-date">[3:57]</span> <span class="irc-black">&lt;atinm&gt; so maybe he hasn't done anyting yet</span><br />
<span class="irc-date">[3:58]</span> <span class="irc-black">&lt;atinm&gt; or their headphones don't work either</span><br />
<span class="irc-date">[3:58]</span> <span class="irc-black">&lt;atinm&gt; Scepterr: nope. he threw a hissy fit.</span><br />
<span class="irc-date">[3:58]</span> <span class="irc-black">&lt;atinm&gt; Scepterr: said he'd deleted everything and that he was going to work on something more fun.</span><br />
<span class="irc-date">[3:58]</span> <span class="irc-black">&lt;Scepterr&gt; hah</span><br />
<span class="irc-date">[3:59]</span> <span class="irc-black">&lt;atinm&gt; more fun == "no one telling him he needs to give back source to the open source community under GPL"</span><br />
<span class="irc-date">[3:59]</span> <span class="irc-black">&lt;atinm&gt; which basically means he's never going to release a kernel again</span><br />
<span class="irc-date">[3:59]</span> <span class="irc-black">&lt;atinm&gt; I wish Android wasn't Apache license..</span><br />
<span class="irc-date">[4:00]</span> <span class="irc-black">&lt;ytt3r&gt; who hissyfitted?</span><br />
<span class="irc-date">[4:00]</span> <span class="irc-black">&lt;atinm&gt; eugene</span><br />
<span class="irc-date">[4:00]</span> <span class="irc-black">&lt;Unhelpful&gt; it wolud need to be, though, or to have a plugin exception clause to allow closed runtime libraries, or it wouldn't work for manufacturers :(</span><br />
<span class="irc-date">[4:01]</span> <span class="irc-black">&lt;atinm&gt; yeah . . . still, sort of a pity that people like him are using what is open source and closing it</span><br />
<span class="irc-date">[4:01]</span> <span class="irc-black">&lt;atinm&gt; while using anything others in the community contribute.</span><br />
<span class="irc-date">[4:07]</span> <span class="irc-black">&lt;Unhelpful&gt; does teamhacksung not know that we have a fork for android_build?</span><br />
<span class="irc-date">[4:32]</span> <span class="irc-black">&lt;Kaik541&gt; Unhelpful, when I tried running ./build.sh captivate otapackage I get <a href="http://pastebin.com/m76dsHLW">http://pastebin.com/m76dsHLW</a></span><br />
<span class="irc-date">[4:32]</span> <span class="irc-black">&lt;Kaik541&gt; kernel was never built it seems</span><br />
<span class="irc-date">[4:33]</span> <span class="irc-black">&lt;Unhelpful&gt; Kaik541: i was afraid something like this might happen, you need the new forked android_build. :/</span><br />
<span class="irc-date">[4:34]</span> <span class="irc-black">&lt;Kaik541&gt; well poopy</span><br />
<span class="irc-date">[4:35]</span> <span class="irc-black">&lt;Kaik541&gt; so the repo's xml has to be pointed to the new android_build or else this method will not work</span><br />
<span class="irc-date">[4:35]</span> <span class="irc-black">&lt;techmik67&gt; so if i git clone it and replace my build directory it should work, yes?</span><br />
<span class="irc-date">[4:35]</span> <span class="irc-black">&lt;Kaik541&gt; I saw (what looked like) it trying to build the kernel at the start of the build though</span><br />
<span class="irc-date">[4:36]</span> <span class="irc-black">&lt;Unhelpful&gt; i *already* checked in the change to the xml.</span><br />
<span class="irc-date">[4:37]</span> <span class="irc-black">&lt;Kaik541&gt; hmm then why did it not come down with my repo sync? :(</span><br />
<span class="irc-date">[4:37]</span> <span class="irc-black">&lt;Unhelpful&gt; the trouble imo is probably that the xml treats teamhacksung@github and CyanogenMod@github as the same remote.</span><br />
<span class="irc-date">[4:37]</span> <span class="irc-black">&lt;Unhelpful&gt; so the remote didn't change, just the paths. :/</span><br />
<span class="irc-date">[4:38]</span> <span class="irc-black">&lt;Kaik541&gt; <a href="https://github.com/teamhacksung/android/blob/gingerbread/default.xml#L22">https://github.com/teamhacksung/android/blob/gingerbread/default.xml#L22</a></span><br />
<span class="irc-date">[4:38]</span> <span class="irc-black">&lt;Kaik541&gt; just change that?</span><br />
<span class="irc-date">[4:39]</span> <span class="irc-green">* teamhacksung (~teamhacks@sh1-ext.rs.github.com) has joined this channel.</span><br />
<span class="irc-date">[4:39]</span> <span class="irc-black">&lt;teamhacksung&gt; android: gingerbread Andrew Mahone * a270043 (1 files in 1 dirs): Fork android_build. - <a href="http://bit.ly/eLx9aM">http://bit.ly/eLx9aM</a></span><br />
<span class="irc-date">[4:39]</span> <span class="irc-green">* teamhacksung (~teamhacks@sh1-ext.rs.github.com) has left this channel.</span><br />
<span class="irc-date">[4:39]</span> <span class="irc-black">&lt;Unhelpful&gt; huh, i thought i had pushed that already ;)</span><br />
<span class="irc-date">[4:39]</span> <span class="irc-black">&lt;chek0v&gt; ./wrists</span><br />
<span class="irc-date">[4:40]</span> <span class="irc-black">&lt;techmik67&gt; i just synced and got a new manifest</span><br />
<span class="irc-date">[4:40]</span> <span class="irc-black">&lt;Kaik541&gt; haha, so it should work now if I resync</span><br />
<span class="irc-date">[4:42]</span> <span class="irc-black">&lt;Unhelpful&gt; should</span><br />
<span class="irc-date">[4:46]</span> <span class="irc-black">&lt;Unhelpful&gt; these macros break my brain: <a href="http://pastie.org/1638323">http://pastie.org/1638323</a></span><br />
<span class="irc-date">[4:47]</span> <span class="irc-black">&lt;atinm&gt; :)</span><br />
<span class="irc-date">[4:47]</span> <span class="irc-green">* birdman (~Steven@border.benihana.com) has joined this channel.</span><br />
<span class="irc-date">[4:47]</span> <span class="irc-black">&lt;techmik67&gt; scary stuff =</span><br />
<span class="irc-date">[4:47]</span> <span class="irc-black">&lt;techmik67&gt; )</span><br />
<span class="irc-date">[4:51]</span> <span class="irc-black">&lt;Unhelpful&gt; const_add will return the other operand if either operand can be determined to be constant and is zero. const_mul will return 0 under the same condition. and yes, gcc really really will apparently do an add (a,b) even if it knows one is zero. :(</span><br />
<span class="irc-date">[4:53]</span> <span class="irc-black">&lt;chek0v&gt; Unhelpful: lol</span><br />
<span class="irc-date">[4:53]</span> <span class="irc-black">&lt;Unhelpful&gt; yet it will not do anything for x * 1</span><br />
<span class="irc-date">[4:54]</span> <span class="irc-black">&lt;chek0v&gt; is it a fair comparison?&gt;</span><br />
<span class="irc-date">[4:54]</span> <span class="irc-black">&lt;chek0v&gt; an operator vs a function call</span><br />
<span class="irc-date">[4:54]</span> <span class="irc-black">&lt;Unhelpful&gt; it's a macro, not a function call.</span><br />
<span class="irc-date">[4:54]</span> <span class="irc-black">&lt;chek0v&gt; ah</span><br />
<span class="irc-date">[4:54]</span> <span class="irc-black">&lt;chek0v&gt; still</span><br />
<span class="irc-date">[4:55]</span> <span class="irc-black">&lt;chek0v&gt; i guess id want to se the macro :P</span><br />
<span class="irc-date">[4:55]</span> <span class="irc-black">&lt;Unhelpful&gt; __builtin_constant_p is a builtin that returns whether the compiler knows if the expression is constant or not, so it's clearly not a function in the normal sense ;)</span><br />
<span class="irc-date">[4:55]</span> <span class="irc-black">&lt;chek0v&gt; no, the __ helps</span><br />
<span class="irc-date">[4:55]</span> <span class="irc-black">&lt;chek0v&gt; :P</span><br />
<span class="irc-date">[4:55]</span> <span class="irc-black">&lt;Unhelpful&gt; ...they're the ones i just pastebinned :)</span><br />
<span class="irc-date">[4:55]</span> <span class="irc-black">&lt;chek0v&gt; see ther eyou go assuming i read anythign other than like the last 2 lines of conversation :P</span><br />
<span class="irc-date">[4:56]</span> <span class="irc-black">&lt;techmik67&gt; apparantly, this project is "old"</span><br />
<span class="irc-date">[4:56]</span> <span class="irc-black">&lt;chek0v&gt; yeah. thats pretty baller</span><br />
<span class="irc-date">[4:56]</span> <span class="irc-black">&lt;chek0v&gt; im sure thats useful to somebody, somewhere</span><br />
<span class="irc-date">[4:57]</span> <span class="irc-black">&lt;techmik67&gt; [23:39] &lt;designgears&gt; YAY, OMG, WHY HAVE CM ON THE CAPTIVATE (now that is is 8months only and everyone is itching to move to something better)</span><br />
<span class="irc-date">[4:57]</span> <span class="irc-black">&lt;techmik67&gt; so much hate</span><br />
<span class="irc-date">[4:57]</span> <span class="irc-black">&lt;chek0v&gt; lol</span><br />
<span class="irc-date">[4:58]</span> <span class="irc-black">&lt;techmik67&gt; cant we all just get along?</span><br />
<span class="irc-date">[4:58]</span> <span class="irc-black">&lt;chek0v&gt; why did he waste all this time on fucking captivate roms then</span><br />
<span class="irc-date">[4:58]</span> <span class="irc-black">&lt;techmik67&gt; =)</span><br />
<span class="irc-date">[4:58]</span> <span class="irc-black">&lt;chek0v&gt; its 8 months old</span><br />
<span class="irc-date">[4:58]</span> <span class="irc-black">&lt;chek0v&gt; nobody gives a shit right?</span><br />
<span class="irc-date">[4:58]</span> <span class="irc-black">&lt;chek0v&gt; you knew he had to get butt hurt.</span><br />
<span class="irc-date">[4:59]</span> <span class="irc-black">&lt;Unhelpful&gt; chek0v: i'm using them now! i'm doing some things with vectors that i know have compile-time constant zeroes, but i wanted a generic macro to do the manipulations rather than have to decompose the whole operation myself and eliminate the zero terms.</span><br />
<span class="irc-date">[5:00]</span> <span class="irc-black">&lt;atinm&gt; CM7 only started when Nexus S came out</span><br />
<span class="irc-date">[5:00]</span> <span class="irc-black">&lt;atinm&gt; and he still think his ROM kitchen crap is the same level of difficulty.</span><br />
<span class="irc-date">[5:00]</span> <span class="irc-black">&lt;chek0v&gt; atinm: im not even sure it really matters, its a pretty ridiculous comment from the guy who has invested 100% of his time in the captivate.</span><br />
<span class="irc-date">[5:00]</span> <span class="irc-black">&lt;atinm&gt; not worth it.</span><br />
<span class="irc-date">[5:01]</span> <span class="irc-black">&lt;Unhelpful&gt; specifically, multiplying quaternions that each have one or two zero terms</span><br />
<span class="irc-date">[5:01]</span> <span class="irc-black">&lt;chek0v&gt; Unhelpful: thats making my head tired</span><br />
<span class="irc-date">[5:01]</span> <span class="irc-black">&lt;chek0v&gt; im goign to have to googl quaternions</span><br />
<span class="irc-date">[5:02]</span> <span class="irc-black">&lt;Unhelpful&gt; you know complex numbers? with that fun i, the imaginary square root of -1?</span><br />
<span class="irc-date">[5:03]</span> <span class="irc-black">&lt;chek0v&gt; Unhelpful: i never took anything beyond algebra and statistics :)</span><br />
<span class="irc-date">[5:03]</span> <span class="irc-black">&lt;Unhelpful&gt; well, add two more uniqe roots of -1 j and k such that ijk = -1 :/</span><br />
<span class="irc-date">[5:03]</span> <span class="irc-black">&lt;chek0v&gt; but im glad there are people like you who did</span><br />
<span class="irc-date">[5:03]</span> <span class="irc-black">&lt;chek0v&gt; so that one day when i need this skill to solve a problem</span><br />
<span class="irc-date">[5:03]</span> <span class="irc-black">&lt;chek0v&gt; ill know who to call.</span><br />
<span class="irc-date">[5:03]</span> <span class="irc-black">&lt;chek0v&gt; and you better answer.</span><br />
<span class="irc-date">[5:04]</span> <span class="irc-black">&lt;Unhelpful&gt; hah, HELL no. :)</span><br />
<span class="irc-date">[5:04]</span> <span class="irc-black">&lt;chek0v&gt; wasnt it einstein who said never memorize anything you can look up in 2 min? ium pretty sure i can dial you in less than 2 min :P</span><br />
<span class="irc-date">[5:05]</span> <span class="irc-black">&lt;Kaik541&gt; Unhelpful, can I call you if I ever have to use a lifeline on "who wants to be a millionaire?"</span><br />
<span class="irc-date">[5:05]</span> <span class="irc-black">&lt;chek0v&gt; Kaik541: hahaha i was thinking exactly that</span><br />
<span class="irc-date">[5:05]</span> <span class="irc-black">&lt;chek0v&gt; i would lose, because Unhelpful wouldnt answer.</span><br />
<span class="irc-date">[5:05]</span> <span class="irc-black">&lt;Unhelpful&gt; call watson!</span><br />
<span class="irc-date">[5:05]</span> <span class="irc-black">&lt;Kaik541&gt; knowing him, he'd be rambling on about a filesystem I've never heard of</span><br />
<span class="irc-date">[5:05]</span> <span class="irc-black">&lt;chek0v&gt; what is RFS</span><br />
<span class="irc-date">[5:05]</span> <span class="irc-black">&lt;Kaik541&gt; when the question is "which is the tallest mountain"</span><br />
<span class="irc-date">[5:05]</span> <span class="irc-black">&lt;chek0v&gt; CHARRLESSS NOOOOO</span><br />
<span class="irc-date">[5:06]</span> <span class="irc-black">&lt;Unhelpful&gt; Kaik541: YOUR MOM LOL.</span><br />
<span class="irc-date">[5:07]</span> <span class="irc-black">&lt;Kaik541&gt; exactly.</span><br />
<span class="irc-date">[5:08]</span> <span class="irc-black">&lt;atinm&gt; Kaik541: can you watch that video? :)</span><br />
<span class="irc-date">[5:08]</span> <span class="irc-black">&lt;atinm&gt; I'm falling asleep</span><br />
<span class="irc-date">[5:09]</span> <span class="irc-black">&lt;Kaik541&gt; what video?</span><br />
<span class="irc-date">[5:10]</span> <span class="irc-black">&lt;Kaik541&gt; oh the mobiletechvideo</span><br />
<span class="irc-date">[5:10]</span> <span class="irc-black">&lt;atinm&gt; <a href="http://forum.xda-developers.com/showpost.php?p=11873255&amp;postcount=1133">http://forum.xda-developers.com/showpost.php?p=11873255&amp;postcount=1133</a></span><br />
<span class="irc-date">[5:10]</span> <span class="irc-black">&lt;atinm&gt; yeah</span><br />
<span class="irc-date">[5:10]</span> <span class="irc-black">&lt;Kaik541&gt; oh god a how to install... fun</span><br />
<span class="irc-date">[5:10]</span> <span class="irc-black">&lt;atinm&gt; he asked me to put it in the op</span><br />
<span class="irc-date">[5:10]</span> <span class="irc-black">&lt;Kaik541&gt; yeah I'll watch it to see if it's any good</span><br />
<span class="irc-date">[5:10]</span> <span class="irc-black">&lt;ytt3r&gt; me too</span><br />
<span class="irc-date">[5:10]</span> <span class="irc-black">&lt;atinm&gt; I figured he's put in the work, if it is halfway decent, I'd put it</span><br />
<span class="irc-date">[5:10]</span> <span class="irc-black">&lt;chek0v&gt; yikes</span><br />
<span class="irc-date">[5:10]</span> <span class="irc-black">&lt;chek0v&gt; "an awesome piece of work from the cyanogen mod team"</span><br />
<span class="irc-date">[5:11]</span> <span class="irc-black">&lt;chek0v&gt; heh</span><br />
<span class="irc-date">[5:11]</span> <span class="irc-black">&lt;Kaik541&gt; yeah...</span><br />
<span class="irc-date">[5:11]</span> <span class="irc-black">&lt;Kaik541&gt; cmsgs team :P</span><br />
<span class="irc-date">[5:11]</span> <span class="irc-black">&lt;chek0v&gt; how about that</span><br />
<span class="irc-date">[5:11]</span> <span class="irc-black">&lt;chek0v&gt; so you guys just been like, bullshitting here duplicating effort? :P</span><br />
<span class="irc-date">[5:11]</span> <span class="irc-black">&lt;Kaik541&gt; let's make him refilm the entire video just to say "cmsgs team"</span><br />
<span class="irc-date">[5:11]</span> <span class="irc-green">* birdman is now known as birdman-zzzz</span><br />
<span class="irc-date">[5:12]</span> <span class="irc-black">&lt;Kaik541&gt; ok good, he covers 3 button</span><br />
<span class="irc-date">[5:12]</span> <span class="irc-black">&lt;Kaik541&gt; and a link to how to do it</span><br />
<span class="irc-date">[5:12]</span> <span class="irc-black">&lt;chek0v&gt; man if this video is generating donations for this guy</span><br />
<span class="irc-date">[5:13]</span> <span class="irc-black">&lt;Kaik541&gt; he does TONS of videos</span><br />
<span class="irc-date">[5:13]</span> <span class="irc-black">&lt;atinm&gt; doubt it.</span><br />
<span class="irc-date">[5:13]</span> <span class="irc-black">&lt;Kaik541&gt; every ROM on the forum</span><br />
<span class="irc-date">[5:13]</span> <span class="irc-black">&lt;Kaik541&gt; and he offers a lot of services</span><br />
<span class="irc-date">[5:13]</span> <span class="irc-black">&lt;atinm&gt; Mike someone is using Eugene's gingerbread?</span><br />
<span class="irc-date">[5:13]</span> <span class="irc-black">&lt;atinm&gt; wtf?</span><br />
<span class="irc-date">[5:13]</span> <span class="irc-black">&lt;Kaik541&gt; ?</span><br />
<span class="irc-date">[5:14]</span> <span class="irc-black">&lt;atinm&gt; (another post)</span><br />
<span class="irc-date">[5:14]</span> <span class="irc-black">&lt;atinm&gt; oh, he of course demonstrated the jig</span><br />
<span class="irc-date">[5:14]</span> <span class="irc-black">&lt;atinm&gt; as he sells those :)</span><br />
<span class="irc-date">[5:14]</span> <span class="irc-black">&lt;Kaik541&gt; yeah, he's one of the jig sellers</span><br />
<span class="irc-date">[5:15]</span> <span class="irc-black">&lt;chek0v&gt; wait</span><br />
<span class="irc-date">[5:15]</span> <span class="irc-black">&lt;Kaik541&gt; haha he doesn't tell people to put the zips on their phones until after flashing the kernel</span><br />
<span class="irc-date">[5:15]</span> <span class="irc-black">&lt;zerojay&gt; I made my own. Nearly destroyed myself doing it too. lol</span><br />
<span class="irc-date">[5:15]</span> <span class="irc-black">&lt;chek0v&gt; thie "jig" is that non cabled connector?</span><br />
<span class="irc-date">[5:15]</span> <span class="irc-black">&lt;Kaik541&gt; chek0v, yeah, just the microusb with 301 ohm resistors</span><br />
<span class="irc-date">[5:15]</span> <span class="irc-black">&lt;atinm&gt; s ok - work both ways, just didn't follow instructions ;)</span><br />
<span class="irc-date">[5:15]</span> <span class="irc-black">&lt;chek0v&gt; wait</span><br />
<span class="irc-date">[5:15]</span> <span class="irc-black">&lt;chek0v&gt; and all this thing does</span><br />
<span class="irc-date">[5:16]</span> <span class="irc-black">&lt;chek0v&gt; is simulate a cable</span><br />
<span class="irc-date">[5:16]</span> <span class="irc-black">&lt;Kaik541&gt; gets you into dl mode</span><br />
<span class="irc-date">[5:16]</span> <span class="irc-black">&lt;Kaik541&gt; no buttons</span><br />
<span class="irc-date">[5:16]</span> <span class="irc-black">&lt;zerojay&gt; Yeah.</span><br />
<span class="irc-date">[5:16]</span> <span class="irc-black">&lt;Kaik541&gt; just automatic download mode</span><br />
<span class="irc-date">[5:16]</span> <span class="irc-black">&lt;zerojay&gt; Only if your sbl is still working.</span><br />
<span class="irc-date">[5:16]</span> <span class="irc-black">&lt;chek0v&gt; yeah i thought they figured out how to write straight to the device via the port</span><br />
<span class="irc-date">[5:16]</span> <span class="irc-black">&lt;ytt3r&gt; that would be very cool</span><br />
<span class="irc-date">[5:16]</span> <span class="irc-black">&lt;chek0v&gt; i saw this once in the context of "debricking" phones</span><br />
<span class="irc-date">[5:16]</span> <span class="irc-black">&lt;atinm&gt; you know - i never use Odin ;)</span><br />
<span class="irc-date">[5:16]</span> <span class="irc-black">&lt;ytt3r&gt; heimdall ftw</span><br />
<span class="irc-date">[5:17]</span> <span class="irc-black">&lt;chek0v&gt; werd.</span><br />
<span class="irc-date">[5:17]</span> <span class="irc-black">&lt;atinm&gt; I saw that in the video and I thought wait ...</span><br />
<span class="irc-date">[5:17]</span> <span class="irc-black">&lt;atinm&gt; :)</span><br />
<span class="irc-date">[5:17]</span> <span class="irc-black">&lt;atinm&gt; ok, mic is still porked.</span><br />
<span class="irc-date">[5:17]</span> <span class="irc-black">&lt;Kaik541&gt; I used ODIN... too used to using my netbook</span><br />
<span class="irc-date">[5:17]</span> <span class="irc-black">&lt;atinm&gt; but the headset is recognized.</span><br />
<span class="irc-date">[5:17]</span> <span class="irc-black">&lt;chek0v&gt; yeah</span><br />
<span class="irc-date">[5:17]</span> <span class="irc-black">&lt;atinm&gt; crapola.</span><br />
<span class="irc-date">[5:17]</span> <span class="irc-black">&lt;chek0v&gt; see i thought they got like JTAG via the usb port or something</span><br />
<span class="irc-date">[5:17]</span> <span class="irc-black">&lt;ytt3r&gt; gotta love pork.</span><br />
<span class="irc-date">[5:17]</span> <span class="irc-black">&lt;chek0v&gt; how very dissapointing.</span><br />
<span class="irc-date">[5:17]</span> <span class="irc-black">&lt;zerojay&gt; No, nothing like that. lol</span><br />
<span class="irc-date">[5:17]</span> <span class="irc-black">&lt;zerojay&gt; I made my own ghetto style.</span><br />
<span class="irc-date">[5:18]</span> <span class="irc-black">&lt;zerojay&gt; Wrapped two 150 ohm resistors around each other, taped them.</span><br />
<span class="irc-date">[5:18]</span> <span class="irc-black">&lt;Kaik541&gt; chek0v, this guy provides JTAG too</span><br />
<span class="irc-date">[5:18]</span> <span class="irc-black">&lt;chek0v&gt; i really just have to stop reading these forums.</span><br />
<span class="irc-date">[5:18]</span> <span class="irc-black">&lt;Kaik541&gt; he best comment on my bootlogo</span><br />
<span class="irc-date">[5:19]</span> <span class="irc-black">&lt;ytt3r&gt; I hope he doesn't give me credit, last most people heard Iwas the one working on it</span><br />
<span class="irc-date">[5:19]</span> <span class="irc-black">&lt;techmik67&gt; it should say it does stuff... my lasting contrbution =P</span><br />
<span class="irc-date">[5:19]</span> <span class="irc-black">&lt;Kaik541&gt; ytt3r, yeah I somehow heard that out of the forums and wasl ike "wait, wut?"</span><br />
<span class="irc-date">[5:19]</span> <span class="irc-black">&lt;atinm&gt; ooh, lovely logo</span><br />
<span class="irc-date">[5:20]</span> <span class="irc-black">&lt;chek0v&gt; there codeworks gets props</span><br />
<span class="irc-date">[5:20]</span> <span class="irc-black">&lt;chek0v&gt; heh</span><br />
<span class="irc-date">[5:20]</span> <span class="irc-black">&lt;ytt3r&gt; codeworkx built the kernel?</span><br />
<span class="irc-date">[5:20]</span> <span class="irc-black">&lt;Kaik541&gt; yeah, codeworkx is our buildfarm for now</span><br />
<span class="irc-date">[5:20]</span> <span class="irc-black">&lt;zerojay&gt; They don't know any better.</span><br />
<span class="irc-date">[5:20]</span> <span class="irc-navy">* birdman-zzzz (~Steven@border.benihana.com) Quit (Ping timeout: 264 seconds)</span><br />
<span class="irc-date">[5:21]</span> <span class="irc-black">&lt;chek0v&gt; 351863043757901</span><br />
<span class="irc-date">[5:21]</span> <span class="irc-black">&lt;chek0v&gt; thats the IMEI btw.</span><br />
<span class="irc-date">[5:21]</span> <span class="irc-black">&lt;Kaik541&gt; ok yeah, I say this video is good enough for the OP... just include a disclaimer that you didn't make the video and it's only there as a suppliment</span><br />
<span class="irc-date">[5:21]</span> <span class="irc-black">&lt;atinm&gt; yeah, prefer him to build - he gets to do all</span><br />
<span class="irc-date">[5:21]</span> <span class="irc-black">&lt;chek0v&gt; "i wont show you that for too long"</span><br />
<span class="irc-date">[5:21]</span> <span class="irc-black">&lt;chek0v&gt; thankfully you can pause video.</span><br />
<span class="irc-date">[5:21]</span> <span class="irc-black">&lt;atinm&gt; lol :)</span><br />
<span class="irc-date">[5:21]</span> <span class="irc-black">&lt;Kaik541&gt; chek0v, I thought the same thing</span><br />
<span class="irc-date">[5:21]</span> <span class="irc-black">&lt;techmik67&gt; Kaik541:  because, back when,like a month ago, codeworkx posted on 1 of the cm forum threads that they did the main stuff but were NOT doing the captivate, and would welcome anyone who wanted to.... so ytt3r posted that me, him, h8, and a couple others were gonna try to pick it up.....</span><br />
<span class="irc-date">[5:21]</span> <span class="irc-black">&lt;techmik67&gt; so everyoe turen to yt3r</span><br />
<span class="irc-date">[5:22]</span> <span class="irc-black">&lt;techmik67&gt; his twitter blew up</span><br />
<span class="irc-date">[5:22]</span> <span class="irc-black">&lt;Kaik541&gt; yeah I remember going "... isn't he like 14?"</span><br />
<span class="irc-date">[5:22]</span> <span class="irc-black">&lt;chek0v&gt; lol</span><br />
<span class="irc-date">[5:22]</span> <span class="irc-black">&lt;ytt3r&gt; shameless plug</span><br />
<span class="irc-date">[5:22]</span> <span class="irc-black">&lt;ytt3r&gt; the jig lol</span><br />
<span class="irc-date">[5:22]</span> <span class="irc-black">&lt;uberushaximus&gt; wtf was that tweet that designgears made?</span><br />
<span class="irc-date">[5:22]</span> <span class="irc-black">&lt;uberushaximus&gt; TINY EPEEN DURHURR</span><br />
<span class="irc-date">[5:22]</span> <span class="irc-black">&lt;Kaik541&gt; the "cm7 is obsolete" one?</span><br />
<span class="irc-date">[5:22]</span> <span class="irc-black">&lt;Kaik541&gt; or the "ytt3r's epeen"?</span><br />
<span class="irc-date">[5:22]</span> <span class="irc-black">&lt;ytt3r&gt; both</span><br />
<span class="irc-date">[5:23]</span> <span class="irc-black">&lt;chek0v&gt; $8!!!</span><br />
<span class="irc-date">[5:23]</span> <span class="irc-black">&lt;chek0v&gt; for that jig</span><br />
<span class="irc-date">[5:23]</span> <span class="irc-black">&lt;chek0v&gt; wow!</span><br />
<span class="irc-date">[5:23]</span> <span class="irc-black">&lt;Kaik541&gt; it's not bad considering it's decently small, works, and included shipping</span><br />
<span class="irc-date">[5:23]</span> <span class="irc-black">&lt;ytt3r&gt; this channel is logged.</span><br />
<span class="irc-date">[5:23]</span> <span class="irc-black">&lt;Kaik541&gt; but you could make it yourself for like $2</span><br />
<span class="irc-date">[5:23]</span> <span class="irc-black">&lt;ytt3r&gt; lol</span><br />
<span class="irc-date">[5:23]</span> <span class="irc-black">&lt;chek0v&gt; Kaik541: im in the wrong business</span><br />
<span class="irc-date">[5:23]</span> <span class="irc-black">&lt;Kaik541&gt; just gotta take the time</span><br />
<span class="irc-date">[5:23]</span> <span class="irc-black">&lt;chek0v&gt; i need to be in the business of selling simple shit</span><br />
<span class="irc-date">[5:23]</span> <span class="irc-black">&lt;ytt3r&gt; actually I was thinking about getting one</span><br />
<span class="irc-date">[5:23]</span> <span class="irc-black">&lt;techmik67&gt; man... i'm hungry and dont wanna go out for food....... burger king is calling tho =)</span><br />
<span class="irc-date">[5:23]</span> <span class="irc-black">&lt;chek0v&gt; to stupid people.</span><br />
<span class="irc-date">[5:23]</span> <span class="irc-black">&lt;ytt3r&gt; I don't need one, but it looks nice</span><br />
<span class="irc-date">[5:23]</span> <span class="irc-black">&lt;atinm&gt; techmik67: no.</span><br />
<span class="irc-date">[5:24]</span> <span class="irc-black">&lt;Kaik541&gt; techmik67, no! whataburger!</span><br />
<span class="irc-date">[5:24]</span> <span class="irc-black">&lt;chek0v&gt; shits gonna kill you either way</span><br />
<span class="irc-date">[5:24]</span> <span class="irc-black">&lt;atinm&gt; &lt;-- does not eat junk anymore - any kind of junk.</span><br />
<span class="irc-date">[5:24]</span> <span class="irc-black">&lt;techmik67&gt; my choices atm are: walgreens, burger king, wendys</span><br />
<span class="irc-date">[5:24]</span> <span class="irc-black">&lt;chek0v&gt; walgreens dude, get apack of orbitz and a bottle of water</span><br />
<span class="irc-date">[5:24]</span> <span class="irc-black">&lt;chek0v&gt; supermodel breakfast</span><br />
<span class="irc-date">[5:24]</span> <span class="irc-black">&lt;techmik67&gt; lol</span><br />
<span class="irc-date">[5:24]</span> <span class="irc-black">&lt;Kaik541&gt; lol</span><br />
<span class="irc-date">[5:25]</span> <span class="irc-black">&lt;atinm&gt; easy to say until you suddenly face the guy with the black hood and weed whacker.</span><br />
<span class="irc-date">[5:25]</span> <span class="irc-black">&lt;chek0v&gt; cant have a cmsgs calendar without a sexy many like techmik67 on the cover.</span><br />
<span class="irc-date">[5:25]</span> <span class="irc-black">&lt;Kaik541&gt; atinm, your vision of the grim reaper sounds more like the mexicans who do yard work</span><br />
<span class="irc-date">[5:25]</span> <span class="irc-black">&lt;chek0v&gt; man*</span><br />
<span class="irc-date">[5:25]</span> <span class="irc-black">&lt;atinm&gt; (forget what that thing is call that takes heads . . . the thing that Death carries)</span><br />
<span class="irc-date">[5:25]</span> <span class="irc-black">&lt;techmik67&gt; =)</span><br />
<span class="irc-date">[5:25]</span> <span class="irc-black">&lt;ytt3r&gt; scythe</span><br />
<span class="irc-date">[5:25]</span> <span class="irc-black">&lt;Kaik541&gt; scythe</span><br />
<span class="irc-date">[5:25]</span> <span class="irc-black">&lt;uberushaximus&gt; dicks</span><br />
<span class="irc-date">[5:25]</span> <span class="irc-black">&lt;ytt3r&gt; lol</span><br />
<span class="irc-date">[5:25]</span> <span class="irc-black">&lt;atinm&gt; weed whacker, scythe . . . whatever :)</span><br />
<span class="irc-date">[5:25]</span> <span class="irc-black">&lt;chek0v&gt; lol</span><br />
<span class="irc-date">[5:25]</span> <span class="irc-black">&lt;chek0v&gt; LOL</span><br />
<span class="irc-date">[5:26]</span> <span class="irc-black">&lt;chek0v&gt; its totally the same. in mexico.</span><br />
<span class="irc-date">[5:26]</span> <span class="irc-black">&lt;Kaik541&gt; I like that DG thinks that you merely put the cyanogenmod "name" on this ROM</span><br />
<span class="irc-date">[5:26]</span> <span class="irc-black">&lt;atinm&gt; anyway - easy to say until  you face the grim reaper. I know. I did.</span><br />
<span class="irc-date">[5:26]</span> <span class="irc-black">&lt;ytt3r&gt; we did</span><br />
<span class="irc-date">[5:26]</span> <span class="irc-black">&lt;Kaik541&gt; as though this isn't done exactly the same way as cyanogenmod</span><br />
<span class="irc-date">[5:26]</span> <span class="irc-black">&lt;techmik67&gt; i go to burger king and get a chicken sandwich =P</span><br />
<span class="irc-date">[5:26]</span> <span class="irc-black">&lt;ytt3r&gt; it isn't</span><br />
<span class="irc-date">[5:26]</span> <span class="irc-black">&lt;atinm&gt; scary dude. don't want to deal.</span><br />
<span class="irc-date">[5:26]</span> <span class="irc-black">&lt;chek0v&gt; Kaik541: isnt this just cog</span><br />
<span class="irc-date">[5:26]</span> <span class="irc-black">&lt;chek0v&gt; rebranded?</span><br />
<span class="irc-date">[5:26]</span> <span class="irc-black">&lt;Kaik541&gt; ytt3r, this ROM isn't built from the ground up from source?</span><br />
<span class="irc-date">[5:27]</span> <span class="irc-black">&lt;chek0v&gt; someone needs to tweet a thanks to designgears for letting you rebrand cog as cm7.</span><br />
<span class="irc-date">[5:27]</span> <span class="irc-black">&lt;ytt3r&gt; since this isn't officially endorsed by cyanogenmod</span><br />
<span class="irc-date">[5:27]</span> <span class="irc-black">&lt;zerojay&gt; lol</span><br />
<span class="irc-date">[5:27]</span> <span class="irc-black">&lt;atinm&gt; where are you reading this stuff?</span><br />
<span class="irc-date">[5:27]</span> <span class="irc-black">&lt;Kaik541&gt; oh yeah, but we admit we're unofficial</span><br />
<span class="irc-date">[5:27]</span> <span class="irc-black">&lt;Kaik541&gt; we're CM7 based with as close to CM7 as you can be without being mainline</span><br />
<span class="irc-date">[5:27]</span> <span class="irc-black">&lt;ytt3r&gt; ^true</span><br />
<span class="irc-date">[5:27]</span> <span class="irc-black">&lt;atinm&gt; like everything gets instantly pulled into CM</span><br />
<span class="irc-date">[5:27]</span> <span class="irc-black">&lt;Kaik541&gt; though our devs are at least working to be mainline</span><br />
<span class="irc-date">[5:28]</span> <span class="irc-black">&lt;chek0v&gt; Kaik541: i think just "devs" is distinction enough for cms vs dg eh?</span><br />
<span class="irc-date">[5:28]</span> <span class="irc-black">&lt;atinm&gt; where is all this posted?</span><br />
<span class="irc-date">[5:28]</span> <span class="irc-black">&lt;chek0v&gt; atinm: i guess twitter</span><br />
<span class="irc-date">[5:28]</span> <span class="irc-black">&lt;techmik67&gt; ok, brb... gotta go to walgreens for a new bottle of soda anyway</span><br />
<span class="irc-date">[5:28]</span> <span class="irc-black">&lt;atinm&gt; or is it just his channel or something</span><br />
<span class="irc-date">[5:28]</span> <span class="irc-black">&lt;uberushaximus&gt; Hey guys, I'm designgears I occasionaly leak things and mangle a rom or two, am I cool?</span><br />
<span class="irc-date">[5:28]</span> <span class="irc-black">&lt;ytt3r&gt; bbiab, writing button mapping for the galaxy s from scratch</span><br />
<span class="irc-date">[5:28]</span> <span class="irc-black">&lt;Kaik541&gt; well when I say "our devs" I'm trying to suggest that atinm coolya|away and codeworkx get the credit (and unhelpful and guiper)</span><br />
<span class="irc-date">[5:28]</span> <span class="irc-black">&lt;techmik67&gt; +1 kaik</span><br />
<span class="irc-date">[5:29]</span> <span class="irc-black">&lt;chek0v&gt; dude i totally committed like, 0 lines of code</span><br />
<span class="irc-date">[5:29]</span> <span class="irc-black">&lt;Kaik541&gt; my job here is to let them go about their work while I yell at people on the forums</span><br />
<span class="irc-date">[5:29]</span> <span class="irc-black">&lt;atinm&gt; I'm just working on mic..</span><br />
<span class="irc-date">[5:29]</span> <span class="irc-black">&lt;techmik67&gt; i am crasah test dummy =P</span><br />
<span class="irc-date">[5:29]</span> <span class="irc-black">&lt;ytt3r&gt; I committed 3 lines that broke everything</span><br />
<span class="irc-date">[5:29]</span> <span class="irc-black">&lt;ytt3r&gt; lol</span><br />
<span class="irc-date">[5:29]</span> <span class="irc-black">&lt;techmik67&gt; crash</span><br />
<span class="irc-date">[5:29]</span> <span class="irc-black">&lt;chek0v&gt; ytt3r: a man after my own heart</span><br />
<span class="irc-date">[5:29]</span> <span class="irc-black">&lt;chek0v&gt; WRECKLESS</span><br />
<span class="irc-date">[5:29]</span> <span class="irc-black">&lt;Unhelpful&gt; i'm just working on orientation THIS IS MADNESS!!!</span><br />
<span class="irc-date">[5:29]</span> <span class="irc-black">&lt;Kaik541&gt; I made a bootlogo :D</span><br />
<span class="irc-date">[5:29]</span> <span class="irc-black">&lt;chek0v&gt; change control? i shit change controls.</span><br />
<span class="irc-date">[5:30]</span> <span class="irc-black">&lt;atinm&gt; its a lovely bootlogo tho</span><br />
<span class="irc-date">[5:30]</span> <span class="irc-black">&lt;techmik67&gt; ok, brb</span><br />
<span class="irc-date">[5:30]</span> <span class="irc-black">&lt;Kaik541&gt; tempted to add that little ducky to it</span><br />
<span class="irc-date">[5:30]</span> <span class="irc-black">&lt;chek0v&gt; and wreckless used in that context turns out to be a pretty great oxymoron</span><br />
<span class="irc-date">[5:30]</span> <span class="irc-black">&lt;Kaik541&gt; but that might be too far</span><br />
<span class="irc-date">[5:30]</span> <span class="irc-black">&lt;chek0v&gt; ill be writing that one down.</span><br />
<span class="irc-date">[5:30]</span> <span class="irc-black">&lt;atinm&gt; DG does realize that we wouldn't be allowed on the cyanogenmod threads, and they'd be quite pissed about it if we weren't basically accepted</span><br />
<span class="irc-date">[5:30]</span> <span class="irc-black">&lt;atinm&gt; and that it is jsut a question of time and bug fixing/merging</span><br />
<span class="irc-date">[5:31]</span> <span class="irc-black">&lt;atinm&gt; chek0v: it was a good one, I thought you did it intentionally :)</span><br />
<span class="irc-date">[5:31]</span> <span class="irc-black">&lt;Kaik541&gt; yeah, I'm sure the CM team looks at it and goes "well it's not official, but it's still 99% cyanogenmod, I hope they can fix up what needs to be and get merged with mainline"</span><br />
<span class="irc-date">[5:31]</span> <span class="irc-black">&lt;chek0v&gt; atinm: of course i did.</span><br />
<span class="irc-date">[5:31]</span> <span class="irc-black">&lt;chek0v&gt; :P</span><br />
<span class="irc-date">[5:32]</span> <span class="irc-black">&lt;atinm&gt; ok, gone for a bit</span><br />
<span class="irc-date">[5:32]</span> <span class="irc-black">&lt;Kaik541&gt; they're not shutting you guys down, so they just want you to make the last steps into "team-douche-hood"</span><br />
<span class="irc-date">[5:32]</span> <span class="irc-black">&lt;atinm&gt; f'ing mic.</span><br />
<span class="irc-date">[5:32]</span> <span class="irc-black">&lt;Kaik541&gt; one day, people will learn to read a FAQ</span><br />
<span class="irc-date">[5:33]</span> <span class="irc-black">&lt;Unhelpful&gt; apparently 'tis will eisner's 94th b-day.</span><br />
<span class="irc-date">[5:33]</span> <span class="irc-black">&lt;ytt3r&gt; atinm, I guess a diff between froyo source and gingerbread source won't help much?</span><br />
<span class="irc-date">[5:33]</span> <span class="irc-black">&lt;atinm&gt; too much crap - easier to go to the places one needs to look</span><br />
<span class="irc-date">[5:34]</span> <span class="irc-black">&lt;ytt3r&gt; you mean sec_jack or within it?</span><br />
<span class="irc-date">[5:34]</span> <span class="irc-black">&lt;Unhelpful&gt; atinm: is somebody *working* on getting this stuff merged upstream? because trying to talk in cyanogenmod-dev seems pointless. :/</span><br />
<span class="irc-date">[5:34]</span> <span class="irc-black">&lt;atinm&gt; coolya is trying - that's why we're not pulling things that would be hard to merge upstream</span><br />
<span class="irc-date">[5:34]</span> <span class="irc-black">&lt;atinm&gt; like voodoo</span><br />
<span class="irc-date">[5:34]</span> <span class="irc-black">&lt;atinm&gt; he tried to get recovery merged, don't think that worked.</span><br />
<span class="irc-date">[5:35]</span> <span class="irc-black">&lt;atinm&gt; it may end up being a real fork</span><br />
<span class="irc-date">[5:35]</span> <span class="irc-black">&lt;Unhelpful&gt; why? :/</span><br />
<span class="irc-date">[5:35]</span> <span class="irc-black">&lt;atinm&gt; but for now we're gonna try . . . basically if we can have a clean build system that follows their style, we're good</span><br />
<span class="irc-date">[5:35]</span> <span class="irc-black">&lt;atinm&gt; mostly because no one pays any attention . . .</span><br />
<span class="irc-date">[5:35]</span> <span class="irc-black">&lt;Kaik541&gt; is the reason why we have to use another kernel for efsbackup because we need to have the proper permissions on /efs so we can't just mount it as fat?</span><br />
<span class="irc-date">[5:36]</span> <span class="irc-black">&lt;atinm&gt; it is on too many phones I think, not enough ppl responsible</span><br />
<span class="irc-date">[5:36]</span> <span class="irc-black">&lt;atinm&gt; no idea. unhelpful would know better.</span><br />
<span class="irc-date">[5:36]</span> <span class="irc-green">* dasunsrule32 (~cm7_rulz@christiantechsaz.com) has joined this channel.</span><br />
<span class="irc-date">[5:36]</span> <span class="irc-black">&lt;Unhelpful&gt; Kaik541: i would imagine it's also relevant that stl devices are remapped vs the underlying flash and so you can't just mount the mtd as vfat. :P</span><br />
<span class="irc-date">[5:37]</span> <span class="irc-black">&lt;Kaik541&gt; but has the partition layout changed merely after flashing the kernel?</span><br />
<span class="irc-date">[5:38]</span> <span class="irc-black">&lt;Unhelpful&gt; atinm: yeah, i've worked on projects where it was hard to get people to commit to you, and projects where it was hard to get commit access yourself, but ones where it's both? i'm starting to think i know what *that's* like now. don't really enjoy it. :P</span><br />
<span class="irc-date">[5:38]</span> <span class="irc-black">&lt;dasunsrule32&gt; I am going to make a build of the new changes and test, anything I should worry about?</span><br />
<span class="irc-date">[5:38]</span> <span class="irc-black">&lt;atinm&gt; ytt3r: ignore the guy . . .</span><br />
<span class="irc-date">[5:38]</span> <span class="irc-black">&lt;Unhelpful&gt; Kaik541: i mean that when stl is running over the flash it can change the apparent ordering of the data.</span><br />
<span class="irc-date">[5:38]</span> <span class="irc-black">&lt;Kaik541&gt; ah ok, so you're just doing it from a "known safe" timeframe</span><br />
<span class="irc-date">[5:39]</span> <span class="irc-black">&lt;Unhelpful&gt; no, i mean that if we read the device as raw flash it  stands little chance of looking like a filesystem at all.</span><br />
<span class="irc-date">[5:40]</span> <span class="irc-black">&lt;Kaik541&gt; right</span><br />
<span class="irc-date">[5:40]</span> <span class="irc-black">&lt;atinm&gt; to bed . . . hae to be up early</span><br />
<span class="irc-date">[5:41]</span> <span class="irc-black">&lt;chek0v&gt; cya</span><br />
<span class="irc-date">[5:41]</span> <span class="irc-black">&lt;Unhelpful&gt; stl is a flash translation layer - it *pretends* to be a disk w/ more ordinary-sized blocks, but it's running on a flash where you can only erase a 256KiB block at one go and start filling in new contents.</span><br />
<span class="irc-date">[5:41]</span> <span class="irc-black">&lt;atinm&gt; no committing anything yet</span><br />
<span class="irc-date">[5:41]</span> <span class="irc-black">&lt;atinm&gt; want mic to work before I do.</span><br />
<span class="irc-date">[5:41]</span> <span class="irc-black">&lt;chek0v&gt; Unhelpful: and thats a cm7 thing isnt it</span><br />
<span class="irc-date">[5:41]</span> <span class="irc-black">&lt;chek0v&gt; treating the flash as a raw device</span><br />
<span class="irc-date">[5:41]</span> <span class="irc-black">&lt;chek0v&gt; or a cm thing in general</span><br />
<span class="irc-date">[5:41]</span> <span class="irc-black">&lt;Unhelpful&gt; chek0v: it's a we-don't-have-an-stl-driver thing.</span><br />
<span class="irc-date">[5:41]</span> <span class="irc-black">&lt;Kaik541&gt; lol</span><br />
<span class="irc-date">[5:41]</span> <span class="irc-black">&lt;Unhelpful&gt; stl, bml, and rfs are all proprietary.</span><br />
<span class="irc-date">[5:41]</span> <span class="irc-black">&lt;chek0v&gt; well, when you put it that way.</span><br />
<span class="irc-date">[5:41]</span> <span class="irc-black">&lt;chek0v&gt; gotcha</span><br />
<span class="irc-date">[5:42]</span> <span class="irc-green">* knowsnotmuch (~ashwinds@59.93.52.41) has joined this channel.</span><br />
<span class="irc-date">[5:42]</span> <span class="irc-black">&lt;atinm&gt; slapping his name on samsung is way cooler you know.</span><br />
<span class="irc-date">[5:42]</span> <span class="irc-black">&lt;atinm&gt; don't even have to write code.</span><br />
<span class="irc-date">[5:42]</span> <span class="irc-black">&lt;Unhelpful&gt; samsung provided them as modules with their firmwares. we don't have those modules for our devices because we're working from the nexus s source release, which doesn't use them.</span><br />
<span class="irc-date">[5:42]</span> <span class="irc-black">&lt;atinm&gt; *slaps head* why didn't I do that . . .</span><br />
<span class="irc-date">[5:42]</span> <span class="irc-black">&lt;chek0v&gt; code is for pussies</span><br />
<span class="irc-date">[5:42]</span> <span class="irc-black">&lt;chek0v&gt; Unhelpful: yeh</span><br />
<span class="irc-date">[5:43]</span> <span class="irc-black">&lt;atinm&gt; all this kernel bullshit is way too hard ;)</span><br />
<span class="irc-date">[5:43]</span> <span class="irc-black">&lt;Unhelpful&gt; so we really *can't* access the original  efs contents unless we want to reverse-engineer stl.</span><br />
<span class="irc-date">[5:43]</span> <span class="irc-black">&lt;chek0v&gt; its even harder when you dont do it, its like approaching impossible that that point</span><br />
<span class="irc-date">[5:43]</span> <span class="irc-black">&lt;atinm&gt; g'nite :)</span><br />
<span class="irc-date">[5:43]</span> <span class="irc-black">&lt;chek0v&gt; at</span><br />
<span class="irc-date">[5:43]</span> <span class="irc-green">* atinm is now known as atinm|night</span><br />
<span class="irc-date">[5:51]</span> <span class="irc-black">&lt;uberushaximus&gt; argh, why did I start looking at xda, my mind is melting</span><br />
<span class="irc-date">[5:51]</span> <span class="irc-black">&lt;techmik67&gt; back</span><br />
<span class="irc-date">[5:51]</span> <span class="irc-black">&lt;dasunsrule32&gt; uberushaximus: don't do it...</span><br />
<span class="irc-date">[5:51]</span> <span class="irc-black">&lt;Kaik541&gt; uberushaximus, you can see my patience slowly thin through the thread</span><br />
<span class="irc-date">[5:51]</span> <span class="irc-black">&lt;dasunsrule32&gt; a bunch of xtards</span><br />
<span class="irc-date">[5:51]</span> <span class="irc-black">&lt;Kaik541&gt; I go from answering calmly to "read the OP" and I'm about two days away from "come the fuck on"</span><br />
<span class="irc-date">[5:52]</span> <span class="irc-black">&lt;chek0v&gt; i guess you cant lock your own threads huh</span><br />
<span class="irc-date">[5:52]</span> <span class="irc-black">&lt;dasunsrule32&gt; which thread are you guys looking at? the one in the vibrant development?</span><br />
<span class="irc-date">[5:52]</span> <span class="irc-black">&lt;Kaik541&gt; we're all captivate</span><br />
<span class="irc-date">[5:52]</span> <span class="irc-black">&lt;dasunsrule32&gt; ah</span><br />
<span class="irc-date">[5:52]</span> <span class="irc-black">&lt;dasunsrule32&gt; looking..</span><br />
<span class="irc-date">[5:53]</span> <span class="irc-black">&lt;Kaik541&gt; me and techmik are responsible for attempting to "maintain order"</span><br />
<span class="irc-date">[5:53]</span> <span class="irc-black">&lt;Kaik541&gt; which is kinda like trying to teach a horse to fly</span><br />
<span class="irc-date">[5:53]</span> <span class="irc-black">&lt;atinm|night&gt; I am *glad* you are there Kaik541 and techmik67 - I would go nuts and get nothing done.</span><br />
<span class="irc-date">[5:53]</span> <span class="irc-black">&lt;atinm|night&gt; (my good night always takes a while . . .)</span><br />
<span class="irc-date">[5:53]</span> <span class="irc-black">&lt;Kaik541&gt; we're used to your long good nights :P</span><br />
<span class="irc-date">[5:53]</span> <span class="irc-black">&lt;techmik67&gt; thats our job =)... and gnite</span><br />
<span class="irc-date">[5:53]</span> <span class="irc-black">&lt;Kaik541&gt; and it's the least I do</span><br />
<span class="irc-date">[5:53]</span> <span class="irc-black">&lt;atinm|night&gt; (one more thing to look at - always)</span><br />
<span class="irc-date">[5:53]</span> <span class="irc-black">&lt;Kaik541&gt; least I can do*</span><br />
<span class="irc-date">[5:53]</span> <span class="irc-black">&lt;dasunsrule32&gt; Kaik541: is it a cm7 thread?</span><br />
<span class="irc-date">[5:53]</span> <span class="irc-black">&lt;Kaik541&gt; dasunsrule32, yes</span><br />
<span class="irc-date">[5:54]</span> <span class="irc-black">&lt;Kaik541&gt; <a href="http://forum.xda-developers.com/showthread.php?t=978150">http://forum.xda-developers.com/showthread.php?t=978150</a></span><br />
<span class="irc-date">[5:54]</span> <span class="irc-black">&lt;ytt3r&gt; like the first thing</span><br />
<span class="irc-date">[5:54]</span> <span class="irc-black">&lt;ytt3r&gt; brb</span><br />
<span class="irc-date">[5:54]</span> <span class="irc-black">&lt;dasunsrule32&gt; found it</span><br />
<span class="irc-date">[5:54]</span> <span class="irc-black">&lt;Kaik541&gt; oh geeze, havok physics engine coming to android</span><br />
<span class="irc-date">[5:55]</span> <span class="irc-black">&lt;uberushaximus&gt; is it on tegra only?</span><br />
<span class="irc-date">[5:55]</span> <span class="irc-black">&lt;dasunsrule32&gt; more battery drain?</span><br />
<span class="irc-date">[5:55]</span> <span class="irc-black">&lt;dasunsrule32&gt; :p</span><br />
<span class="irc-date">[5:55]</span> <span class="irc-black">&lt;Kaik541&gt; cit's being demoed on the xperia play</span><br />
<span class="irc-date">[5:55]</span> <span class="irc-black">&lt;Kaik541&gt; which is an adreno 205 chip</span><br />
<span class="irc-date">[5:55]</span> <span class="irc-black">&lt;dasunsrule32&gt; Kaik541: what a mess</span><br />
<span class="irc-date">[5:55]</span> <span class="irc-black">&lt;dasunsrule32&gt; lol</span><br />
<span class="irc-date">[5:55]</span> <span class="irc-black">&lt;Kaik541&gt; <a href="http://www.engadget.com/2011/03/05/havok-physics-engine-comes-to-android-2-3-demoed-on-xperia-play/">http://www.engadget.com/2011/03/05/havok-physics-engine-comes-to-android-2-3-demoed-on-xperia-play/</a></span><br />
<span class="irc-date">[5:56]</span> <span class="irc-black">&lt;techmik67&gt; i got a make mr proper error....</span><br />
<span class="irc-date">[5:56]</span> <span class="irc-black">&lt;dasunsrule32&gt; almost as bad as the cm7 thread in the vibrant dev section</span><br />
<span class="irc-date">[5:56]</span> <span class="irc-black">&lt;Kaik541&gt; dasunsrule32, wihch is why we added the FAQ and a number of other things</span><br />
<span class="irc-date">[5:56]</span> <span class="irc-black">&lt;Kaik541&gt; but still... the questions and comments are out of this world retarded sometimes</span><br />
<span class="irc-date">[5:56]</span> <span class="irc-black">&lt;techmik_laptop&gt; Using /home/techmik/android/system/kernel/samsung/2.6.35 as source for kernel</span><br />
<span class="irc-date">[5:56]</span> <span class="irc-black">&lt;techmik_laptop&gt;   /home/techmik/android/system/kernel/samsung/2.6.35 is not clean, please run 'make mrproper'</span><br />
<span class="irc-date">[5:58]</span> <span class="irc-black">&lt;dasunsrule32&gt; Kaik541: yea, I'm not touching that thread in the vib dev area</span><br />
<span class="irc-date">[5:59]</span> <span class="irc-black">&lt;dasunsrule32&gt; I've already explained things, and the lack of knowledge in that thread is baffling</span><br />
<span class="irc-date">[5:59]</span> <span class="irc-black">&lt;Kaik541&gt; dasunsrule32, atinm|night asked me and the others to try and keep the huddled masses in line</span><br />
<span class="irc-date">[5:59]</span> <span class="irc-black">&lt;Kaik541&gt; so we're trying</span><br />
<span class="irc-date">[5:59]</span> <span class="irc-black">&lt;dasunsrule32&gt; hehe</span><br />
