<span class="irc-date">[0:17]</span> <span class="irc-black">&lt;clandmeter&gt; lo codeworkx</span><br />
<span class="irc-date">[0:17]</span> <span class="irc-black">&lt;clandmeter&gt; enjoying your weekend?</span><br />
<span class="irc-date">[0:19]</span> <span class="irc-black">&lt;codeworkx&gt; sure</span><br />
<span class="irc-date">[0:20]</span> <span class="irc-black">&lt;codeworkx&gt; was atinm here?</span><br />
<span class="irc-date">[0:20]</span> <span class="irc-black">&lt;codeworkx&gt; need new build</span><br />
<span class="irc-date">[0:21]</span> <span class="irc-black">&lt;clandmeter&gt; i didnt see him</span><br />
<span class="irc-date">[0:21]</span> <span class="irc-black">&lt;devatwork&gt; How do u guys in irc do the "* slaps blahblah"</span><br />
<span class="irc-date">[0:21]</span> <span class="irc-black">&lt;devatwork&gt; ?</span><br />
<span class="irc-date">[0:21]</span> <span class="irc-brick">* codeworkx slaps devatwork</span><br />
<span class="irc-date">[0:22]</span> <span class="irc-black">&lt;devatwork&gt; yea that ^^</span><br />
<span class="irc-date">[0:22]</span> <span class="irc-black">&lt;clandmeter&gt;  /me</span><br />
<span class="irc-date">[0:22]</span> <span class="irc-brick">* devatwork woh</span><br />
<span class="irc-date">[0:22]</span> <span class="irc-black">&lt;devatwork&gt; ah cool</span><br />
<span class="irc-date">[0:22]</span> <span class="irc-black">&lt;devatwork&gt; thnx</span><br />
<span class="irc-date">[0:22]</span> <span class="irc-black">&lt;clandmeter&gt; lol</span><br />
<span class="irc-date">[0:22]</span> <span class="irc-brick">* codeworkx slaps devatwork again</span><br />
<span class="irc-date">[0:23]</span> <span class="irc-black">&lt;clandmeter&gt; for me its feel like telling this someone: look this should be a face :)</span><br />
<span class="irc-date">[0:23]</span> <span class="irc-black">&lt;codeworkx&gt; (-:</span><br />
<span class="irc-date">[0:23]</span> <span class="irc-black">&lt;clandmeter&gt; i counted the years today, its 12 years on irc</span><br />
<span class="irc-date">[0:24]</span> <span class="irc-black">&lt;codeworkx&gt; ¶-:</span><br />
<span class="irc-date">[0:24]</span> <span class="irc-black">&lt;clandmeter&gt; i feel old</span><br />
<span class="irc-date">[0:24]</span> <span class="irc-black">&lt;codeworkx&gt; how old are u?</span><br />
<span class="irc-date">[0:24]</span> <span class="irc-black">&lt;clandmeter&gt; 74</span><br />
<span class="irc-date">[0:24]</span> <span class="irc-black">&lt;clandmeter&gt; 1974</span><br />
<span class="irc-date">[0:24]</span> <span class="irc-black">&lt;clandmeter&gt; :)</span><br />
<span class="irc-date">[0:25]</span> <span class="irc-black">&lt;devatwork&gt; woh nice. So u were here from dawn of linux ?</span><br />
<span class="irc-date">[0:25]</span> <span class="irc-black">&lt;codeworkx&gt; linux was born straight after workd was born</span><br />
<span class="irc-date">[0:26]</span> <span class="irc-black">&lt;codeworkx&gt; world</span><br />
<span class="irc-date">[0:26]</span> <span class="irc-black">&lt;devatwork&gt; lol</span><br />
<span class="irc-date">[0:26]</span> <span class="irc-black">&lt;clandmeter&gt; i stated with 3.11 like most of us :)</span><br />
<span class="irc-date">[0:26]</span> <span class="irc-black">&lt;clandmeter&gt; started</span><br />
<span class="irc-date">[0:27]</span> <span class="irc-brick">* devatwork feels left out from "most of us" :(</span><br />
<span class="irc-date">[0:27]</span> <span class="irc-black">&lt;codeworkx&gt; 6.22</span><br />
<span class="irc-date">[0:27]</span> <span class="irc-black">&lt;codeworkx&gt; and 3.11</span><br />
<span class="irc-date">[0:28]</span> <span class="irc-black">&lt;clandmeter&gt; ddos :)</span><br />
<span class="irc-date">[0:28]</span> <span class="irc-black">&lt;clandmeter&gt; hand me over those floppies kiddy</span><br />
<span class="irc-date">[0:28]</span> <span class="irc-black">&lt;codeworkx&gt; oh, i started with c64</span><br />
<span class="irc-date">[0:29]</span> <span class="irc-brick">* clandmeter used msx</span><br />
<span class="irc-date">[0:29]</span> <span class="irc-black">&lt;codeworkx&gt; c64 is a beast.</span><br />
<span class="irc-date">[0:29]</span> <span class="irc-brick">* devatwork googles c64</span><br />
<span class="irc-date">[0:30]</span> <span class="irc-black">&lt;clandmeter&gt; lol</span><br />
<span class="irc-date">[0:30]</span> <span class="irc-black">&lt;clandmeter&gt; atari ST</span><br />
<span class="irc-date">[0:30]</span> <span class="irc-black">&lt;codeworkx&gt; devatwork: commodore</span><br />
<span class="irc-date">[0:31]</span> <span class="irc-black">&lt;devatwork&gt; Oh lol. nvm</span><br />
<span class="irc-date">[0:31]</span> <span class="irc-black">&lt;clandmeter&gt; i rememeberd playing ping the fist time</span><br />
<span class="irc-date">[0:31]</span> <span class="irc-black">&lt;clandmeter&gt; remember...</span><br />
<span class="irc-date">[0:31]</span> <span class="irc-black">&lt;clandmeter&gt; pong</span><br />
<span class="irc-date">[0:31]</span> <span class="irc-green">* wwyvern (~wwyvern@adsl-074-167-175-227.sip.jax.bellsouth.net) has joined this channel.</span><br />
<span class="irc-date">[0:31]</span> <span class="irc-green">* ChanServ sets mode +v wwyvern</span><br />
<span class="irc-date">[0:32]</span> <span class="irc-black">&lt;clandmeter&gt; codeworkx: which year are you?</span><br />
<span class="irc-date">[0:33]</span> <span class="irc-black">&lt;codeworkx&gt; 84</span><br />
<span class="irc-date">[0:34]</span> <span class="irc-black">&lt;clandmeter&gt; 84? and you played the commodore&gt;</span><br />
<span class="irc-date">[0:34]</span> <span class="irc-black">&lt;clandmeter&gt; ?</span><br />
<span class="irc-date">[0:34]</span> <span class="irc-black">&lt;clandmeter&gt; 2nd hand?</span><br />
<span class="irc-date">[0:34]</span> <span class="irc-black">&lt;codeworkx&gt; my father bought this beast</span><br />
<span class="irc-date">[0:35]</span> <span class="irc-black">&lt;Unhelpful&gt; codeworkx: what did you want? ;)</span><br />
<span class="irc-date">[0:35]</span> <span class="irc-black">&lt;codeworkx&gt; it's still working</span><br />
<span class="irc-date">[0:35]</span> <span class="irc-black">&lt;clandmeter&gt; i rememberd i used cassetes to record geames</span><br />
<span class="irc-date">[0:35]</span> <span class="irc-black">&lt;codeworkx&gt; and i'm having a lit of games xD</span><br />
<span class="irc-date">[0:35]</span> <span class="irc-black">&lt;clandmeter&gt; games</span><br />
<span class="irc-date">[0:35]</span> <span class="irc-black">&lt;clandmeter&gt; you could listen to them</span><br />
<span class="irc-date">[0:35]</span> <span class="irc-black">&lt;clandmeter&gt; :)</span><br />
<span class="irc-date">[0:35]</span> <span class="irc-black">&lt;codeworkx&gt; ya</span><br />
<span class="irc-date">[0:35]</span> <span class="irc-black">&lt;clandmeter&gt; uberl33t</span><br />
<span class="irc-date">[0:36]</span> <span class="irc-black">&lt;clandmeter&gt; peeeeeeepeeppeeep</span><br />
<span class="irc-date">[0:36]</span> <span class="irc-black">&lt;codeworkx&gt; unhelpful?</span><br />
<span class="irc-date">[0:36]</span> <span class="irc-black">&lt;Unhelpful&gt; [14:07:00] &lt;codeworkx&gt; Unhelpful: ping</span><br />
<span class="irc-date">[0:36]</span> <span class="irc-black">&lt;codeworkx&gt; nvm</span><br />
<span class="irc-date">[0:36]</span> <span class="irc-black">&lt;Unhelpful&gt; ah, k. :)</span><br />
<span class="irc-date">[0:37]</span> <span class="irc-black">&lt;codeworkx&gt; that way hours ago</span><br />
<span class="irc-date">[0:37]</span> <span class="irc-black">&lt;codeworkx&gt; was</span><br />
<span class="irc-date">[0:37]</span> <span class="irc-black">&lt;codeworkx&gt; damn phone keyboard</span><br />
<span class="irc-date">[0:38]</span> <span class="irc-black">&lt;clandmeter&gt; you are irc'ing on android?</span><br />
<span class="irc-date">[0:38]</span> <span class="irc-black">&lt;codeworkx&gt; yes</span><br />
<span class="irc-date">[0:39]</span> <span class="irc-black">&lt;codeworkx&gt; yaaic</span><br />
<span class="irc-date">[0:39]</span> <span class="irc-black">&lt;devatwork&gt; Ugh cm doesnt have enough themes for me to be content :(</span><br />
<span class="irc-date">[0:39]</span> <span class="irc-black">&lt;clandmeter&gt; codeworkx: you are really dedicated :p</span><br />
<span class="irc-date">[0:41]</span> <span class="irc-brick">* clandmeter loves german hefenweiser</span><br />
<span class="irc-date">[0:43]</span> <span class="irc-black">&lt;codeworkx&gt; hehe</span><br />
<span class="irc-date">[0:46]</span> <span class="irc-black">&lt;clandmeter&gt; german aldi rulez. its so much better then our dutch one</span><br />
<span class="irc-date">[1:01]</span> <span class="irc-brick">* Unhelpful is glad quasseldroid is finally something like a proper client</span><br />
<span class="irc-date">[1:02]</span> <span class="irc-black">&lt;clandmeter&gt; Unhelpful: are you in european timezone?</span><br />
<span class="irc-date">[1:03]</span> <span class="irc-black">&lt;Unhelpful&gt; Pennsylvania, USA (EST)</span><br />
<span class="irc-date">[1:04]</span> <span class="irc-black">&lt;clandmeter&gt; thats like 10pm now?</span><br />
<span class="irc-date">[1:04]</span> <span class="irc-black">&lt;Unhelpful&gt; 9pm</span><br />
<span class="irc-date">[1:04]</span> <span class="irc-black">&lt;clandmeter&gt; decent time still</span><br />
<span class="irc-date">[1:05]</span> <span class="irc-black">&lt;clandmeter&gt; we are over 3am now in eu</span><br />
<span class="irc-date">[1:05]</span> <span class="irc-black">&lt;Unhelpful&gt; then wtf are you doing awake? ;)</span><br />
<span class="irc-date">[1:05]</span> <span class="irc-black">&lt;clandmeter&gt; lol</span><br />
<span class="irc-date">[1:05]</span> <span class="irc-black">&lt;clandmeter&gt; im drinking german hefeweiser</span><br />
<span class="irc-date">[1:06]</span> <span class="irc-black">&lt;clandmeter&gt; you should try it</span><br />
<span class="irc-date">[1:07]</span> <span class="irc-black">&lt;Unhelpful&gt; i'm a mixed drinks guy :/</span><br />
<span class="irc-date">[1:08]</span> <span class="irc-black">&lt;Unhelpful&gt; i should make a mojito. if i had fresh limes.</span><br />
<span class="irc-date">[1:10]</span> <span class="irc-black">&lt;clandmeter&gt; we only drink that on special occacions :)</span><br />
<span class="irc-date">[1:11]</span> <span class="irc-black">&lt;clandmeter&gt; thats mostly in weekends</span><br />
<span class="irc-date">[1:12]</span> <span class="irc-black">&lt;clandmeter&gt; and mon-fri</span><br />
<span class="irc-date">[1:13]</span> <span class="irc-brick">* Unhelpful has an obscenely large bottle of decent white rum, that's a special occasion where mojitos are concerned. :P</span><br />
<span class="irc-date">[1:14]</span> <span class="irc-brick">* clandmeter likes capparignas</span><br />
<span class="irc-date">[1:14]</span> <span class="irc-brick">* clandmeter wanst to go back to brazil</span><br />
<span class="irc-date">[1:16]</span> <span class="irc-black">&lt;clandmeter&gt; Unhelpful: you ever had one of those?</span><br />
<span class="irc-date">[1:17]</span> <span class="irc-black">&lt;clandmeter&gt; my spelliing is terrible</span><br />
<span class="irc-date">[1:26]</span> <span class="irc-black">&lt;Unhelpful&gt; Never even heard of.</span><br />
<span class="irc-date">[1:28]</span> <span class="irc-black">&lt;clandmeter&gt; <a href="http://en.wikipedia.org/wiki/Caipirinha">http://en.wikipedia.org/wiki/Caipirinha</a></span><br />
<span class="irc-date">[1:32]</span> <span class="irc-black">&lt;devatwork&gt; xda needs a "Read the OP" bot :P</span><br />
<span class="irc-date">[1:33]</span> <span class="irc-black">&lt;atinm|away&gt; I am not here.</span><br />
<span class="irc-date">[1:33]</span> <span class="irc-black">&lt;atinm|away&gt; :)</span><br />
<span class="irc-date">[1:34]</span> <span class="irc-black">&lt;devatwork&gt; ^^ Contradiction :p</span><br />
<span class="irc-date">[1:34]</span> <span class="irc-black">&lt;clandmeter&gt; lo atinm|away</span><br />
<span class="irc-date">[1:34]</span> <span class="irc-black">&lt;clandmeter&gt; feeling better?</span><br />
<span class="irc-date">[1:34]</span> <span class="irc-black">&lt;atinm|away&gt; somewhat - enough to be able to sit and watch a badminton tournament that my friend is playing in</span><br />
<span class="irc-date">[1:34]</span> <span class="irc-black">&lt;atinm|away&gt; so was at tournament all day</span><br />
<span class="irc-date">[1:34]</span> <span class="irc-black">&lt;atinm|away&gt; a</span><br />
<span class="irc-date">[1:34]</span> <span class="irc-black">&lt;atinm|away&gt; nd</span><br />
<span class="irc-date">[1:35]</span> <span class="irc-black">&lt;atinm|away&gt; and now my abs hurt a lot (from the abdominal scar tissue from the surgery for liver transplant).</span><br />
<span class="irc-date">[1:35]</span> <span class="irc-black">&lt;atinm|away&gt; so going to lie down</span><br />
<span class="irc-date">[1:35]</span> <span class="irc-black">&lt;atinm|away&gt; can build wait till tomorrow?</span><br />
<span class="irc-date">[1:35]</span> <span class="irc-black">&lt;clandmeter&gt; its ok for me</span><br />
<span class="irc-date">[1:35]</span> <span class="irc-black">&lt;clandmeter&gt; my build works now</span><br />
<span class="irc-date">[1:35]</span> <span class="irc-black">&lt;devatwork&gt; Depends on whts new in the build :P....Just kidding</span><br />
<span class="irc-date">[1:35]</span> <span class="irc-black">&lt;clandmeter&gt; :p</span><br />
<span class="irc-date">[1:35]</span> <span class="irc-black">&lt;atinm|away&gt; codeworkx asked for new update</span><br />
<span class="irc-date">[1:36]</span> <span class="irc-black">&lt;clandmeter&gt; build instuctions are missing lzma</span><br />
<span class="irc-date">[1:36]</span> <span class="irc-black">&lt;atinm|away&gt; wasn't sure if it was urgent. I would like to fix the sdcard bug, but since its been there forever, Iwe can leave it in.</span><br />
<span class="irc-date">[1:37]</span> <span class="irc-black">&lt;atinm|away&gt; I'm thinking tomorrow.</span><br />
<span class="irc-date">[1:38]</span> <span class="irc-black">&lt;clandmeter&gt; atinm|away: get some sleep</span><br />
<span class="irc-date">[1:39]</span> <span class="irc-black">&lt;clandmeter&gt; eu ppl are sleeping anyways</span><br />
<span class="irc-date">[1:42]</span> <span class="irc-black">&lt;atinm|away&gt; ok, started build</span><br />
<span class="irc-date">[1:42]</span> <span class="irc-black">&lt;techmik&gt; i cant use newest build.... no sdcard.... no rom manager..... just /mnt/sdcard..... i built 3 times today, all the same.... also, from 2e stock, it didnt complete as update.zip.... had to boot cwm 2.5.1.2 (green text) and choose to flash initial zip from sdcard to get it to work....</span><br />
<span class="irc-date">[1:43]</span> <span class="irc-black">&lt;atinm|away&gt; techmik: from initial, or just the update itself?</span><br />
<span class="irc-date">[1:43]</span> <span class="irc-black">&lt;atinm|away&gt; well, I'm building, so will be able to test tomorrow</span><br />
<span class="irc-date">[1:44]</span> <span class="irc-black">&lt;devatwork&gt; When u guys say build, is it some private repo u guys r referring to ?</span><br />
<span class="irc-date">[1:44]</span> <span class="irc-black">&lt;devatwork&gt; Or its similar to repo sync &amp;&amp; ./build.sh galaxys ?</span><br />
<span class="irc-date">[1:44]</span> <span class="irc-black">&lt;devatwork&gt; ^^ aka wht i do</span><br />
<span class="irc-date">[1:44]</span> <span class="irc-black">&lt;techmik&gt; i flashed stock, then booted recovery with initial as update.zip.... it said installled, but booted back to stock again.... i renamed it back to update-cm-7-etc and used an old clockwork update.zip in recovery, and then it installed cm7</span><br />
<span class="irc-date">[1:45]</span> <span class="irc-black">&lt;techmik&gt; but, as i said, no /sdcard... its empty</span><br />
<span class="irc-date">[1:45]</span> <span class="irc-black">&lt;techmik&gt; and rom manager says i must flash, but wont work cause it sees no sdcard</span><br />
<span class="irc-date">[1:45]</span> <span class="irc-black">&lt;techmik&gt; all the files are there in /mnt/sdcard</span><br />
<span class="irc-date">[1:46]</span> <span class="irc-black">&lt;techmik&gt; check in the morning, dont mess with it and stay up tonite.....</span><br />
<span class="irc-date">[1:48]</span> <span class="irc-green">* blarg is now known as blargh</span><br />
<span class="irc-date">[1:48]</span> <span class="irc-green">* blargh is now known as blarghhhhhh</span><br />
<span class="irc-date">[1:53]</span> <span class="irc-black">&lt;atinm|away&gt; devatwork: yes</span><br />
<span class="irc-date">[1:53]</span> <span class="irc-black">&lt;atinm|away&gt; repo sync and build</span><br />
<span class="irc-date">[1:54]</span> <span class="irc-green">* atinm|away is now known as atinm|night</span><br />
<span class="irc-date">[1:55]</span> <span class="irc-black">&lt;atinm|night&gt; techmik: did you do this after codeworkx committed?</span><br />
<span class="irc-date">[1:55]</span> <span class="irc-black">&lt;techmik&gt; yes</span><br />
<span class="irc-date">[1:55]</span> <span class="irc-black">&lt;techmik&gt; but i am the only captivate who did i tihnk</span><br />
<span class="irc-date">[1:56]</span> <span class="irc-black">&lt;techmik&gt; so i would like confirmation that its not just me</span><br />
<span class="irc-date">[1:56]</span> <span class="irc-black">&lt;atinm|night&gt; can wait till tomorrow</span><br />
<span class="irc-date">[1:56]</span> <span class="irc-black">&lt;atinm|night&gt; good night</span><br />
<span class="irc-date">[1:57]</span> <span class="irc-black">&lt;techmik&gt; night</span><br />
