<span class="irc-date">[0:04]</span> <span class="irc-green">* kalpik (~kalpik@unaffiliated/kalpik) has joined this channel.</span><br />
<span class="irc-date">[0:15]</span> <span class="irc-green">* designfears (~df@cpe-184-57-163-79.cinci.res.rr.com) has joined this channel.</span><br />
<span class="irc-date">[0:16]</span> <span class="irc-navy">* stickpin (~stickpin@84.94.109.203.cable.012.net.il) Quit (Ping timeout: 260 seconds)</span><br />
<span class="irc-date">[0:29]</span> <span class="irc-green">* stickpin (~stickpin@84.94.109.203.cable.012.net.il) has joined this channel.</span><br />
<span class="irc-date">[0:43]</span> <span class="irc-navy">* freat (~ron@c-98-216-38-131.hsd1.ma.comcast.net) Quit (Ping timeout: 250 seconds)</span><br />
<span class="irc-date">[1:08]</span> <span class="irc-green">* birdman (~Steven@24.246.130.106) has joined this channel.</span><br />
<span class="irc-date">[1:17]</span> <span class="irc-navy">* stickpin (~stickpin@84.94.109.203.cable.012.net.il) Quit (Ping timeout: 276 seconds)</span><br />
<span class="irc-date">[1:31]</span> <span class="irc-green">* Yangtse (~Yangtse@117.136.5.73) has joined this channel.</span><br />
<span class="irc-date">[1:59]</span> <span class="irc-green">* atinm is now known as atinm|night</span><br />
<span class="irc-date">[2:08]</span> <span class="irc-navy">* mbizzle (~mbizzle@vp117018.reshsg.uci.edu) Quit (Quit: leaving)</span><br />
<span class="irc-date">[2:10]</span> <span class="irc-green">* embizzle_ (~mbizzle@vp117018.reshsg.uci.edu) has joined this channel.</span><br />
<span class="irc-date">[2:31]</span> <span class="irc-navy">* birdman (~Steven@24.246.130.106) Quit (Ping timeout: 255 seconds)</span><br />
<span class="irc-date">[2:34]</span> <span class="irc-navy">* designfears (~df@cpe-184-57-163-79.cinci.res.rr.com) Quit (Ping timeout: 250 seconds)</span><br />
<span class="irc-date">[2:35]</span> <span class="irc-green">* designfears (~df@cpe-184-57-163-79.cinci.res.rr.com) has joined this channel.</span><br />
<span class="irc-date">[3:05]</span> <span class="irc-green">* ciwrl|away is now known as ciwrl|food</span><br />
<span class="irc-date">[3:10]</span> <span class="irc-green">* mersault_ (~mersault@home.nullpointer.ca) has joined this channel.</span><br />
<span class="irc-date">[3:10]</span> <span class="irc-navy">* mersault_ (~mersault@home.nullpointer.ca) Quit (Remote host closed the connection)</span><br />
<span class="irc-date">[3:10]</span> <span class="irc-green">* mersault_ (~mersault@home.nullpointer.ca) has joined this channel.</span><br />
<span class="irc-date">[3:10]</span> <span class="irc-navy">* mersault (~mersault@206.248.172.98) Quit (Read error: Connection reset by peer)</span><br />
<span class="irc-date">[3:10]</span> <span class="irc-green">* mersault_ is now known as mersault</span><br />
<span class="irc-date">[3:10]</span> <span class="irc-green">* embizzle_ is now known as mbizzle</span><br />
<span class="irc-date">[3:13]</span> <span class="irc-green">* mersault_ (~mersault@home.nullpointer.ca) has joined this channel.</span><br />
<span class="irc-date">[3:14]</span> <span class="irc-navy">* mersault_ (~mersault@home.nullpointer.ca) Quit (Remote host closed the connection)</span><br />
<span class="irc-date">[3:14]</span> <span class="irc-green">* mersault_ (~mersault@home.nullpointer.ca) has joined this channel.</span><br />
<span class="irc-date">[3:14]</span> <span class="irc-green">* mersault__ (~mersault@home.nullpointer.ca) has joined this channel.</span><br />
<span class="irc-date">[3:17]</span> <span class="irc-navy">* mersault (~mersault@home.nullpointer.ca) Quit (Ping timeout: 246 seconds)</span><br />
<span class="irc-date">[3:17]</span> <span class="irc-green">* mersault__ is now known as mersault</span><br />
<span class="irc-date">[3:18]</span> <span class="irc-navy">* mersault_ (~mersault@home.nullpointer.ca) Quit (Ping timeout: 246 seconds)</span><br />
<span class="irc-date">[3:29]</span> <span class="irc-black">&lt;techmik67&gt; anyone around?</span><br />
<span class="irc-date">[3:31]</span> <span class="irc-black">&lt;uberushaximus&gt; No</span><br />
<span class="irc-date">[3:31]</span> <span class="irc-black">&lt;techmik67&gt; figured i'd ask a git question BEFORE i do it this time</span><br />
<span class="irc-date">[3:33]</span> <span class="irc-black">&lt;techmik67&gt; if i pull or merge, its my local sources i'm changing, right? not the source?</span><br />
<span class="irc-date">[3:34]</span> <span class="irc-black">&lt;techmik67&gt; as long as i dont push, i'm not changing the remote? i guess is my question.....</span><br />
<span class="irc-date">[3:36]</span> <span class="irc-black">&lt;mbizzle&gt; I think you are the remote</span><br />
<span class="irc-date">[3:37]</span> <span class="irc-black">&lt;mbizzle&gt; in git terminology, isn't the remote your workstation?</span><br />
<span class="irc-date">[3:37]</span> <span class="irc-black">&lt;techmik67&gt; i am using atinm as my source</span><br />
<span class="irc-date">[3:38]</span> <span class="irc-black">&lt;techmik67&gt; let me start over</span><br />
<span class="irc-date">[3:38]</span> <span class="irc-black">&lt;techmik67&gt; i have my build dirs from teamhacksung</span><br />
<span class="irc-date">[3:38]</span> <span class="irc-black">&lt;techmik67&gt; i went into 3 of tehm and created "test" branch</span><br />
<span class="irc-date">[3:39]</span> <span class="irc-black">&lt;mersault&gt; techmik67: I'm not a git person, but I believe a push is you pushing to the upstream repo. a pull is you basically suggesting a patch.</span><br />
<span class="irc-date">[3:39]</span> <span class="irc-black">&lt;mersault&gt; assuming you cloned or forked teamhacksung, for instance</span><br />
<span class="irc-date">[3:39]</span> <span class="irc-black">&lt;techmik67&gt; i want to confirm that push is th eONLY way i affect upsream</span><br />
<span class="irc-date">[3:39]</span> <span class="irc-black">&lt;mersault&gt; I know for a fact that push impacts the repo</span><br />
<span class="irc-date">[3:40]</span> <span class="irc-black">&lt;techmik67&gt; i now have 2 branches of a dir... gingerbread (main) and test</span><br />
<span class="irc-date">[3:40]</span> <span class="irc-black">&lt;mersault&gt; and I believe pull is the manner in which downstream folks signal to upstream folks to check out a patch</span><br />
<span class="irc-date">[3:41]</span> <span class="irc-black">&lt;mersault&gt; but how you specify them on the cli to impact or collect files into a single commit, I dunno</span><br />
<span class="irc-date">[3:43]</span> <span class="irc-black">&lt;techmik67&gt; i think i found what i need  <a href="http://gitref.org/remotes/#fetch">http://gitref.org/remotes/#fetch</a></span><br />
<span class="irc-date">[3:43]</span> <span class="irc-black">&lt;mersault&gt; for instance, I know the cyanogenmod team largely works by the devs issueing pull requests, and a much smaller group of people with push access reviewing the pull requests and then pushing them to the main repo</span><br />
<span class="irc-date">[3:44]</span> <span class="irc-black">&lt;techmik67&gt; yes i see that in the hierachy at cm and on github</span><br />
<span class="irc-date">[3:45]</span> <span class="irc-black">&lt;techmik67&gt; the link is the use of "pull" and "remote" i meant</span><br />
<span class="irc-date">[3:45]</span> <span class="irc-black">&lt;mersault&gt; keep in mind, I've never used git. just read up on alternatives while researching for work (eventually decided the costs weren't worth moving from svn)</span><br />
<span class="irc-date">[3:45]</span> <span class="irc-black">&lt;techmik67&gt; probably not explaining right.... i am NOT goood with git</span><br />
<span class="irc-date">[3:46]</span> <span class="irc-black">&lt;mersault&gt; I would assume, and this is an assumption, that pull is the verb and remote is the other end, whether upstream or downstream.</span><br />
<span class="irc-date">[3:47]</span> <span class="irc-black">&lt;mersault&gt; in your case (and the majority of) you'd be issuing a pull to the remote party (teamhacksung)</span><br />
<span class="irc-date">[3:47]</span> <span class="irc-black">&lt;techmik67&gt; if i am reading the page correctly, the fact that i pull from atinm because i "git remote add atinm......" in the directory, i didnt want to change his stuff (the upstream, as i understand the terminology)</span><br />
<span class="irc-date">[3:48]</span> <span class="irc-green">* Kaik541 (~Rawr@cpe-66-68-164-213.austin.res.rr.com) has joined this channel.</span><br />
<span class="irc-date">[3:48]</span> <span class="irc-black">&lt;techmik67&gt; i "git pull" and had to tweak and "git merge"</span><br />
<span class="irc-date">[3:48]</span> <span class="irc-black">&lt;techmik67&gt; and it wants me to commit</span><br />
<span class="irc-date">[3:48]</span> <span class="irc-black">&lt;techmik67&gt; and i wanna make sure its just MY local stuff i am changing</span><br />
<span class="irc-date">[3:48]</span> <span class="irc-black">&lt;techmik67&gt; which i think is the case</span><br />
<span class="irc-date">[3:53]</span> <span class="irc-black">&lt;Kaik541&gt; techmik67, have you played much with the headphone buttons yet?</span><br />
<span class="irc-date">[3:53]</span> <span class="irc-black">&lt;Kaik541&gt; as in, testing them</span><br />
<span class="irc-date">[3:54]</span> <span class="irc-black">&lt;techmik67&gt; i have stock headset... in call, it works</span><br />
<span class="irc-date">[3:54]</span> <span class="irc-black">&lt;techmik67&gt; not incall, starts music player for me</span><br />
<span class="irc-date">[3:54]</span> <span class="irc-black">&lt;techmik67&gt; and button press pauses</span><br />
<span class="irc-date">[3:55]</span> <span class="irc-black">&lt;Kaik541&gt; for me, single press = play/pause for either default music player or last player used (it controls pandora fine, but by default opens up "Music")</span><br />
<span class="irc-date">[3:55]</span> <span class="irc-black">&lt;Kaik541&gt; and double click = next in music, but not triple press = back</span><br />
<span class="irc-date">[3:55]</span> <span class="irc-black">&lt;techmik67&gt; didnt even know to try 2x and 3x</span><br />
<span class="irc-date">[3:56]</span> <span class="irc-black">&lt;Kaik541&gt; yeah double is supposed to do "next" and triple is supposed to do "back"</span><br />
<span class="irc-date">[3:56]</span> <span class="irc-black">&lt;Kaik541&gt; at least on stock</span><br />
<span class="irc-date">[3:57]</span> <span class="irc-black">&lt;Kaik541&gt; but pandora doesn't have a back option so can't test it there and I'm using honeycomb music player so maybe that's just broken</span><br />
<span class="irc-date">[3:58]</span> <span class="irc-navy">* designfears (~df@cpe-184-57-163-79.cinci.res.rr.com) Quit (Quit: Leaving)</span><br />
<span class="irc-date">[4:14]</span> <span class="irc-black">&lt;Kaik541&gt; looks liket he people working on epic aren't converting to MTD, interesting</span><br />
<span class="irc-date">[4:19]</span> <span class="irc-black">&lt;Kaik541&gt; yep they're staying on bml, curious as to how they're doing that</span><br />
<span class="irc-date">[4:19]</span> <span class="irc-black">&lt;Kaik541&gt; well, not so much how, but why</span><br />
<span class="irc-date">[4:39]</span> <span class="irc-black">&lt;Kaik541&gt; they're using froyo kernel it seems</span><br />
<span class="irc-date">[4:43]</span> <span class="irc-black">&lt;uberushaximus&gt; isn't the epic team still working on 6.1?</span><br />
<span class="irc-date">[4:49]</span> <span class="irc-black">&lt;Kaik541&gt; nope, they popped up to 7 now</span><br />
<span class="irc-date">[4:49]</span> <span class="irc-black">&lt;Kaik541&gt; first alpha got posted theo ther day... not sure if they're modifying framework manually still though</span><br />
<span class="irc-date">[4:49]</span> <span class="irc-black">&lt;Kaik541&gt; www.github.com/EpicCM</span><br />
<span class="irc-date">[4:54]</span> <span class="irc-green">* ciwrl|food is now known as ciwrl|around</span><br />
<span class="irc-date">[4:57]</span> <span class="irc-black">&lt;uberushaximus&gt; neato</span><br />
<span class="irc-date">[5:10]</span> <span class="irc-navy">* Msm903|pissed (~Msm903@c-68-49-81-211.hsd1.md.comcast.net) Quit (Ping timeout: 276 seconds)</span><br />
<span class="irc-date">[5:15]</span> <span class="irc-green">* Msm903|pissed (~Msm903@c-68-49-81-211.hsd1.md.comcast.net) has joined this channel.</span><br />
<span class="irc-date">[5:15]</span> <span class="irc-navy">* kalpik (~kalpik@unaffiliated/kalpik) Quit (Ping timeout: 240 seconds)</span><br />
<span class="irc-date">[5:20]</span> <span class="irc-navy">* Msm903|pissed (~Msm903@c-68-49-81-211.hsd1.md.comcast.net) Quit (Read error: Connection reset by peer)</span><br />
<span class="irc-date">[5:26]</span> <span class="irc-green">* Msm903|pissed (~Msm903@c-68-49-81-211.hsd1.md.comcast.net) has joined this channel.</span><br />
<span class="irc-date">[5:28]</span> <span class="irc-navy">* mbizzle (~mbizzle@vp117018.reshsg.uci.edu) Quit (Quit: leaving)</span><br />
<span class="irc-date">[5:32]</span> <span class="irc-navy">* techmik_laptop (~techmik@c-76-109-173-83.hsd1.fl.comcast.net) Quit (Quit: Konversation terminated!)</span><br />
<span class="irc-date">[5:33]</span> <span class="irc-green">* kalpik (~kalpik@unaffiliated/kalpik) has joined this channel.</span><br />
<span class="irc-date">[5:34]</span> <span class="irc-green">* techmik_laptop (~techmik@c-76-109-173-83.hsd1.fl.comcast.net) has joined this channel.</span><br />
<span class="irc-date">[5:59]</span> <span class="irc-navy">* Yangtse (~Yangtse@117.136.5.73) Quit (Quit: Bye)</span><br />
<span class="irc-date">[6:12]</span> <span class="irc-green">* coolya|away is now known as coolya</span><br />
<span class="irc-date">[6:23]</span> <span class="irc-green">* coolya is now known as coolya|away</span><br />
<span class="irc-date">[6:24]</span> <span class="irc-green">* evaluate (~cristi@unaffiliated/evaluate) has joined this channel.</span><br />
<span class="irc-date">[6:24]</span> <span class="irc-black">&lt;evaluate&gt; morning!</span><br />
<span class="irc-date">[6:25]</span> <span class="irc-black">&lt;techmik_laptop&gt; hiya</span><br />
<span class="irc-date">[6:28]</span> <span class="irc-black">&lt;techmik_laptop&gt; evaluate: i setup so when you push to atinm, i can pull hem and test</span><br />
<span class="irc-date">[6:29]</span> <span class="irc-black">&lt;evaluate&gt; It's just a couple more changes, so I don't think I'll push there. I guess you'll have to live with copy/pasting files this time and next time I'll make a fork on github myself and you can then pull from there.</span><br />
<span class="irc-date">[6:30]</span> <span class="irc-black">&lt;evaluate&gt; actually, beside the Settings apk it's just 2 more files.</span><br />
<span class="irc-date">[6:30]</span> <span class="irc-black">&lt;evaluate&gt; ok, 3</span><br />
<span class="irc-date">[6:30]</span> <span class="irc-black">&lt;evaluate&gt; :-p</span><br />
<span class="irc-date">[7:15]</span> <span class="irc-navy">* Kaik541 (~Rawr@cpe-66-68-164-213.austin.res.rr.com) Quit (Read error: Connection reset by peer)</span><br />
<span class="irc-date">[7:15]</span> <span class="irc-green">* Kaik541 (~Rawr@cpe-66-68-164-213.austin.res.rr.com) has joined this channel.</span><br />
<span class="irc-date">[7:16]</span> <span class="irc-navy">* KBme (~KBme@9angled-2-pt.tunnel.tserv5.lon1.ipv6.he.net) Quit (Ping timeout: 260 seconds)</span><br />
<span class="irc-date">[7:18]</span> <span class="irc-green">* techmik (~techmik@c-76-109-173-83.hsd1.fl.comcast.net) has joined this channel.</span><br />
<span class="irc-date">[7:18]</span> <span class="irc-navy">* h8|away (~h8rift@ip68-111-114-81.fv.ks.cox.net) Quit (Ping timeout: 246 seconds)</span><br />
<span class="irc-date">[7:18]</span> <span class="irc-navy">* TCMAN-dmg (~Dominik@99-103-196-195.lightspeed.sntcca.sbcglobal.net) Quit (Ping timeout: 246 seconds)</span><br />
<span class="irc-date">[7:19]</span> <span class="irc-navy">* dasunsrule32 (~dasunsrul@uto-atechols-2.inre.asu.edu) Quit (Ping timeout: 246 seconds)</span><br />
<span class="irc-date">[7:19]</span> <span class="irc-green">* KBme (~KBme@9angled-2-pt.tunnel.tserv5.lon1.ipv6.he.net) has joined this channel.</span><br />
<span class="irc-date">[7:22]</span> <span class="irc-navy">* techmik_laptop (~techmik@c-76-109-173-83.hsd1.fl.comcast.net) Quit (Ping timeout: 246 seconds)</span><br />
<span class="irc-date">[7:22]</span> <span class="irc-green">* h8|away (~h8rift@ip68-111-114-81.fv.ks.cox.net) has joined this channel.</span><br />
<span class="irc-date">[7:22]</span> <span class="irc-navy">* mersault (~mersault@home.nullpointer.ca) Quit (Read error: Connection reset by peer)</span><br />
<span class="irc-date">[7:24]</span> <span class="irc-green">* mersault (~mersault@home.nullpointer.ca) has joined this channel.</span><br />
<span class="irc-date">[7:24]</span> <span class="irc-green">* dasunsrule32 (~dasunsrul@uto-atechols-2.inre.asu.edu) has joined this channel.</span><br />
<span class="irc-date">[7:26]</span> <span class="irc-navy">* kalpik (~kalpik@unaffiliated/kalpik) Quit (Ping timeout: 252 seconds)</span><br />
<span class="irc-date">[7:26]</span> <span class="irc-green">* stickpin (~stickpin@80.178.4.245.adsl.012.net.il) has joined this channel.</span><br />
<span class="irc-date">[7:30]</span> <span class="irc-green">* TCMAN-dmg (~Dominik@99-103-196-195.lightspeed.sntcca.sbcglobal.net) has joined this channel.</span><br />
<span class="irc-date">[8:10]</span> <span class="irc-green">* Wout` (~Wout@s559776f4.adsl.wanadoo.nl) has joined this channel.</span><br />
<span class="irc-date">[8:28]</span> <span class="irc-green">* ciwrl|around is now known as ciwrl|away</span><br />
<span class="irc-date">[8:29]</span> <span class="irc-navy">* stickpin (~stickpin@80.178.4.245.adsl.012.net.il) Quit (Ping timeout: 260 seconds)</span><br />
<span class="irc-date">[8:33]</span> <span class="irc-green">* stickpin (~stickpin@80.178.4.245.adsl.012.net.il) has joined this channel.</span><br />
<span class="irc-date">[8:54]</span> <span class="irc-green">* enl_ (970c5cfe@gateway/web/freenode/ip.151.12.92.254) has joined this channel.</span><br />
<span class="irc-date">[9:01]</span> <span class="irc-navy">* YeahRight (morgoth@524955F5.cm-4-2b.dynamic.ziggo.nl) Quit (Ping timeout: 252 seconds)</span><br />
<span class="irc-date">[9:01]</span> <span class="irc-green">* YeahRight (morgoth@524955F5.cm-4-2b.dynamic.ziggo.nl) has joined this channel.</span><br />
<span class="irc-date">[9:25]</span> <span class="irc-green">* birdman (~Steven@24.246.130.106) has joined this channel.</span><br />
<span class="irc-date">[9:33]</span> <span class="irc-navy">* enl_ (970c5cfe@gateway/web/freenode/ip.151.12.92.254) Quit (Ping timeout: 252 seconds)</span><br />
<span class="irc-date">[9:35]</span> <span class="irc-navy">* birdman (~Steven@24.246.130.106) Quit (Ping timeout: 255 seconds)</span><br />
<span class="irc-date">[9:55]</span> <span class="irc-green">* birdman (~Steven@163.sub-75-225-79.myvzw.com) has joined this channel.</span><br />
<span class="irc-date">[9:57]</span> <span class="irc-black">&lt;atinm|night&gt; ok, here for a second</span><br />
<span class="irc-date">[9:58]</span> <span class="irc-black">&lt;atinm|night&gt; techmik: yes - only pushes affect upstream. you don't have rights to modify.</span><br />
<span class="irc-date">[9:58]</span> <span class="irc-green">* techmik is now known as techmik_laptop</span><br />
<span class="irc-date">[9:58]</span> <span class="irc-black">&lt;techmik_laptop&gt; excellent =)</span><br />
<span class="irc-date">[9:58]</span> <span class="irc-black">&lt;evaluate&gt; atinm|night, you made it a bit too complicated for me with all the branches and stuff. Would you mind if we do this with patches and then next time I do a change I make a fork on github and do it there?</span><br />
<span class="irc-date">[9:59]</span> <span class="irc-black">&lt;atinm|night&gt; for us it'll be the same - for example, I'm not going to pull patches into gingerbread - it'll always be in a branch</span><br />
<span class="irc-date">[9:59]</span> <span class="irc-black">&lt;atinm|night&gt; its only you for whom it is easier . . . for us its a pain in the ass.</span><br />
<span class="irc-date">[9:59]</span> <span class="irc-black">&lt;techmik_laptop&gt; maybe atinm can figure out the error.... when building from his branches, i get this error:</span><br />
<span class="irc-date">[9:59]</span> <span class="irc-black">&lt;atinm|night&gt; just switch branch, and push to it. it isn't that hard ...</span><br />
<span class="irc-date">[9:59]</span> <span class="irc-black">&lt;techmik_laptop&gt; build/core/base_rules.mk:162: *** vendor/cyanogen/cmds/am: MODULE.TARGET.JAVA_LIBRARIES.am already defined by frameworks/base/cmds/am.  Stop.</span><br />
<span class="irc-date">[10:00]</span> <span class="irc-black">&lt;atinm|night&gt; techmik_laptop: did you do any repo syncs?</span><br />
<span class="irc-date">[10:00]</span> <span class="irc-black">&lt;atinm|night&gt; or just switched branches?</span><br />
<span class="irc-date">[10:00]</span> <span class="irc-black">&lt;atinm|night&gt; I was able to build last night btw</span><br />
<span class="irc-date">[10:01]</span> <span class="irc-black">&lt;techmik_laptop&gt; i synced from mainline, built, checkout to his branch in the 3 directories and pulled</span><br />
<span class="irc-date">[10:01]</span> <span class="irc-black">&lt;techmik_laptop&gt; then build</span><br />
<span class="irc-date">[10:01]</span> <span class="irc-black">&lt;atinm|night&gt; ok, one sec</span><br />
<span class="irc-date">[10:01]</span> <span class="irc-black">&lt;techmik_laptop&gt; mainline builds no prob</span><br />
<span class="irc-date">[10:01]</span> <span class="irc-black">&lt;atinm|night&gt; yes, need to pull mainline changes into the branch too</span><br />
<span class="irc-date">[10:01]</span> <span class="irc-black">&lt;atinm|night&gt; sec</span><br />
<span class="irc-date">[10:02]</span> <span class="irc-black">&lt;techmik_laptop&gt; ah.. so i also epo sync as well as pull in his branches....</span><br />
<span class="irc-date">[10:02]</span> <span class="irc-black">&lt;techmik_laptop&gt; repo*</span><br />
<span class="irc-date">[10:03]</span> <span class="irc-black">&lt;atinm|night&gt; yes, because changes are dependent</span><br />
<span class="irc-date">[10:04]</span> <span class="irc-black">&lt;techmik_laptop&gt; so i checkout, pull, repo sync, build?</span><br />
<span class="irc-date">[10:05]</span> <span class="irc-black">&lt;atinm|night&gt; no, in the three dirs - git pull there too and you might hit merges.</span><br />
<span class="irc-date">[10:05]</span> <span class="irc-black">&lt;atinm|night&gt; I am doing it so you don't have to</span><br />
<span class="irc-date">[10:05]</span> <span class="irc-black">&lt;techmik_laptop&gt; k</span><br />
<span class="irc-date">[10:10]</span> <span class="irc-black">&lt;atinm|night&gt; (this is the stuff that developers do..)</span><br />
<span class="irc-date">[10:10]</span> <span class="irc-black">&lt;atinm|night&gt; (when they want ppl to test the branch)</span><br />
<span class="irc-date">[10:11]</span> <span class="irc-black">&lt;atinm|night&gt; but the idea is, you go into those three dirs. git remote add cm git://cyanogen_repo.git for that.</span><br />
<span class="irc-date">[10:12]</span> <span class="irc-black">&lt;atinm|night&gt; and then in the dir, git checkout sdcard_test</span><br />
<span class="irc-date">[10:12]</span> <span class="irc-black">&lt;atinm|night&gt; git pull cm gingerbread</span><br />
<span class="irc-date">[10:12]</span> <span class="irc-black">&lt;atinm|night&gt; which pulls gingerbread changes into the sdcard_test branch, merging stuff.</span><br />
<span class="irc-date">[10:12]</span> <span class="irc-black">&lt;evaluate&gt; atinm|night, was that for me?</span><br />
<span class="irc-date">[10:12]</span> <span class="irc-black">&lt;atinm|night&gt; so sdcard_test remains the same</span><br />
<span class="irc-date">[10:12]</span> <span class="irc-black">&lt;techmik_laptop&gt; i see</span><br />
<span class="irc-date">[10:12]</span> <span class="irc-black">&lt;atinm|night&gt; for both you and techmik_laptop</span><br />
<span class="irc-date">[10:12]</span> <span class="irc-black">&lt;atinm|night&gt; you're a developer, techmik_laptop is a tester who wants to learn git.</span><br />
<span class="irc-date">[10:12]</span> <span class="irc-black">&lt;evaluate&gt; ok</span><br />
<span class="irc-date">[10:13]</span> <span class="irc-black">&lt;techmik_laptop&gt; git seems complicated cause the terminology seems counter-intuitive at times</span><br />
<span class="irc-date">[10:13]</span> <span class="irc-black">&lt;atinm|night&gt; well, pull and push - push out, pull in. pull request is asking someone to pull from you</span><br />
<span class="irc-date">[10:14]</span> <span class="irc-black">&lt;atinm|night&gt; remote is a different repo you want to reference too (usually an upstream one)</span><br />
<span class="irc-date">[10:14]</span> <span class="irc-green">* enl_ (5270c4ce@gateway/web/freenode/ip.82.112.196.206) has joined this channel.</span><br />
<span class="irc-date">[10:14]</span> <span class="irc-black">&lt;techmik_laptop&gt; i can "pull" changes from remotes to me locally, but there are also "pull requests" which is not the same as just pushing?</span><br />
<span class="irc-date">[10:14]</span> <span class="irc-black">&lt;atinm|night&gt; so you add a remote, move into the branch you want to work in, and then pull from it</span><br />
<span class="irc-date">[10:14]</span> <span class="irc-black">&lt;atinm|night&gt; right. pull request is asking someone else to pull from you into their branch</span><br />
<span class="irc-date">[10:15]</span> <span class="irc-black">&lt;atinm|night&gt; so you could ask me to do a pull request</span><br />
<span class="irc-date">[10:15]</span> <span class="irc-black">&lt;techmik_laptop&gt; as opposed to straight pushing it to them</span><br />
<span class="irc-date">[10:15]</span> <span class="irc-black">&lt;atinm|night&gt; and I would then check it out, and then pull it into my branch if I think it is good. and then I'd push it to teamhacksung</span><br />
<span class="irc-date">[10:15]</span> <span class="irc-black">&lt;atinm|night&gt; right</span><br />
<span class="irc-date">[10:15]</span> <span class="irc-black">&lt;techmik_laptop&gt; i see</span><br />
<span class="irc-date">[10:15]</span> <span class="irc-black">&lt;atinm|night&gt; compiling.</span><br />
<span class="irc-date">[10:15]</span> <span class="irc-black">&lt;techmik_laptop&gt; so, when you were away, i should have been asking you to pull, and you would have seen what i was doing wrong....</span><br />
<span class="irc-date">[10:16]</span> <span class="irc-black">&lt;techmik_laptop&gt; rather than pushing to you and killing it</span><br />
<span class="irc-date">[10:16]</span> <span class="irc-black">&lt;atinm|night&gt; yes</span><br />
<span class="irc-date">[10:16]</span> <span class="irc-black">&lt;techmik_laptop&gt; i understand!!</span><br />
<span class="irc-date">[10:16]</span> <span class="irc-black">&lt;atinm|night&gt; except I didn't have access to a computer</span><br />
<span class="irc-date">[10:16]</span> <span class="irc-black">&lt;techmik_laptop&gt; got it</span><br />
<span class="irc-date">[10:16]</span> <span class="irc-black">&lt;atinm|night&gt; so I wouldn't have been able to look at it :)</span><br />
<span class="irc-date">[10:16]</span> <span class="irc-black">&lt;techmik_laptop&gt; i remember that</span><br />
<span class="irc-date">[10:16]</span> <span class="irc-black">&lt;atinm|night&gt; well, I would have been able to look at it on my phone, but not done much with it</span><br />
<span class="irc-date">[10:17]</span> <span class="irc-black">&lt;atinm|night&gt; which might not have been a bad thing ;-)</span><br />
<span class="irc-date">[10:17]</span> <span class="irc-black">&lt;techmik_laptop&gt; i mean that would have been the "right" way</span><br />
<span class="irc-date">[10:17]</span> <span class="irc-green">* mbizzle (~mbizzle@vp117015.reshsg.uci.edu) has joined this channel.</span><br />
<span class="irc-date">[10:17]</span> <span class="irc-black">&lt;atinm|night&gt; yes</span><br />
<span class="irc-date">[10:17]</span> <span class="irc-black">&lt;atinm|night&gt; basically very few people should have access to push into a repo, the rest do pull requests</span><br />
<span class="irc-date">[10:18]</span> <span class="irc-black">&lt;atinm|night&gt; its how any project with distributed people works</span><br />
<span class="irc-date">[10:18]</span> <span class="irc-black">&lt;techmik_laptop&gt; i see and understand pull requests much more now, thank you</span><br />
<span class="irc-date">[10:18]</span> <span class="irc-black">&lt;atinm|night&gt; keeps the project sane and non-breaking.</span><br />
<span class="irc-date">[10:19]</span> <span class="irc-black">&lt;atinm|night&gt; ok, go into each dir, git checkout sdcard_test, git pull atinm sdcard_test</span><br />
<span class="irc-date">[10:20]</span> <span class="irc-black">&lt;atinm|night&gt; no repo sync</span><br />
<span class="irc-date">[10:20]</span> <span class="irc-black">&lt;atinm|night&gt; just git pull from me directly</span><br />
<span class="irc-date">[10:20]</span> <span class="irc-black">&lt;atinm|night&gt; evaluate: you want to make changes, you go into each dir, git checkout sdcard_test, modify file, git commit it, and git push atinm sdcard_test</span><br />
<span class="irc-date">[10:20]</span> <span class="irc-black">&lt;atinm|night&gt; you'll first need to git pull atinm sdcard_test to be in sync</span><br />
<span class="irc-date">[10:21]</span> <span class="irc-black">&lt;evaluate&gt; ok</span><br />
<span class="irc-date">[10:21]</span> <span class="irc-black">&lt;atinm|night&gt; from now on, you go into those three dirs, git remote add cm git://cyanogen_repo_for_dir.git</span><br />
<span class="irc-date">[10:21]</span> <span class="irc-black">&lt;atinm|night&gt; and git pull cm gingerbread</span><br />
<span class="irc-date">[10:21]</span> <span class="irc-black">&lt;atinm|night&gt; w</span><br />
<span class="irc-date">[10:21]</span> <span class="irc-black">&lt;atinm|night&gt; which pulls into sdcard_test</span><br />
<span class="irc-date">[10:21]</span> <span class="irc-black">&lt;atinm|night&gt; and merges</span><br />
<span class="irc-date">[10:22]</span> <span class="irc-black">&lt;atinm|night&gt; basically any time anyone does a repo sync, it could have brought it stuff that depends on frameworks/base</span><br />
<span class="irc-date">[10:22]</span> <span class="irc-black">&lt;atinm|night&gt; or vendor_cyanogen</span><br />
<span class="irc-date">[10:22]</span> <span class="irc-black">&lt;atinm|night&gt; so those two usually need a pull from cyanogen also</span><br />
<span class="irc-date">[10:22]</span> <span class="irc-black">&lt;atinm|night&gt; ok, off for a bit</span><br />
<span class="irc-date">[10:24]</span> <span class="irc-black">&lt;atinm|night&gt; wtf..</span><br />
<span class="irc-date">[10:24]</span> <span class="irc-black">&lt;techmik_laptop&gt; ?</span><br />
<span class="irc-date">[10:24]</span> <span class="irc-black">&lt;atinm|night&gt; I see the changes in apps_Settings</span><br />
<span class="irc-date">[10:24]</span> <span class="irc-black">&lt;atinm|night&gt; but not in cyanogen</span><br />
<span class="irc-date">[10:24]</span> <span class="irc-black">&lt;atinm|night&gt; sec</span><br />
<span class="irc-date">[10:25]</span> <span class="irc-black">&lt;techmik_laptop&gt; i got changes in all 3</span><br />
<span class="irc-date">[10:26]</span> <span class="irc-black">&lt;atinm|night&gt; no, we lost one</span><br />
<span class="irc-date">[10:26]</span> <span class="irc-black">&lt;atinm|night&gt; sec</span><br />
<span class="irc-date">[10:26]</span> <span class="irc-black">&lt;techmik_laptop&gt; k</span><br />
<span class="irc-date">[10:28]</span> <span class="irc-black">&lt;atinm|night&gt; ok</span><br />
<span class="irc-date">[10:29]</span> <span class="irc-black">&lt;atinm|night&gt; now go into each, and pull</span><br />
<span class="irc-date">[10:29]</span> <span class="irc-black">&lt;techmik_laptop&gt; not seeing a new change</span><br />
<span class="irc-date">[10:29]</span> <span class="irc-black">&lt;atinm|night&gt; from atinm sdcard_test</span><br />
<span class="irc-date">[10:29]</span> <span class="irc-black">&lt;atinm|night&gt; try now.</span><br />
<span class="irc-date">[10:30]</span> <span class="irc-black">&lt;atinm|night&gt; I hadn't commited :)</span><br />
<span class="irc-date">[10:30]</span> <span class="irc-black">&lt;techmik_laptop&gt; got it</span><br />
<span class="irc-date">[10:30]</span> <span class="irc-black">&lt;atinm|night&gt; same for evaluate.</span><br />
<span class="irc-date">[10:31]</span> <span class="irc-black">&lt;atinm|night&gt; looks like it is building</span><br />
<span class="irc-date">[10:31]</span> <span class="irc-black">&lt;atinm|night&gt; back later</span><br />
<span class="irc-date">[10:31]</span> <span class="irc-black">&lt;techmik_laptop&gt; k</span><br />
<span class="irc-date">[10:31]</span> <span class="irc-black">&lt;atinm|night&gt; like a few hours later</span><br />
<span class="irc-date">[10:32]</span> <span class="irc-black">&lt;atinm|night&gt; have to get kid ready for work</span><br />
<span class="irc-date">[10:32]</span> <span class="irc-black">&lt;atinm|night&gt; and get to work</span><br />
<span class="irc-date">[10:32]</span> <span class="irc-black">&lt;atinm|night&gt; ok, it built</span><br />
<span class="irc-date">[10:32]</span> <span class="irc-black">&lt;techmik_laptop&gt; wow thats fast</span><br />
<span class="irc-date">[10:46]</span> <span class="irc-green">* techmik (~techmik@c-76-109-173-83.hsd1.fl.comcast.net) has joined this channel.</span><br />
<span class="irc-date">[10:48]</span> <span class="irc-navy">* techmik (~techmik@c-76-109-173-83.hsd1.fl.comcast.net) Quit (Client Quit)</span><br />
<span class="irc-date">[10:48]</span> <span class="irc-navy">* enl_ (5270c4ce@gateway/web/freenode/ip.82.112.196.206) Quit (Quit: Page closed)</span><br />
<span class="irc-date">[10:48]</span> <span class="irc-green">* techmik (~techmik@c-76-109-173-83.hsd1.fl.comcast.net) has joined this channel.</span><br />
<span class="irc-date">[10:48]</span> <span class="irc-navy">* techmik_laptop (~techmik@c-76-109-173-83.hsd1.fl.comcast.net) Quit (Ping timeout: 255 seconds)</span><br />
<span class="irc-date">[11:10]</span> <span class="irc-black">&lt;mbizzle&gt; evaluate I haven't had any problems with your sdcard fixes</span><br />
<span class="irc-date">[11:10]</span> <span class="irc-black">&lt;evaluate&gt; mbizzle, unmount/mount working fine?</span><br />
<span class="irc-date">[11:10]</span> <span class="irc-black">&lt;mbizzle&gt; yes</span><br />
<span class="irc-date">[11:15]</span> <span class="irc-navy">* mbizzle (~mbizzle@vp117015.reshsg.uci.edu) Quit (Ping timeout: 250 seconds)</span><br />
<span class="irc-date">[11:16]</span> <span class="irc-navy">* stickpin (~stickpin@80.178.4.245.adsl.012.net.il) Quit (Ping timeout: 252 seconds)</span><br />
<span class="irc-date">[11:20]</span> <span class="irc-green">* stickpin (~stickpin@80.178.4.245.adsl.012.net.il) has joined this channel.</span><br />
<span class="irc-date">[11:27]</span> <span class="irc-green">* knowsnotmuch (~ashwinds@115.184.71.2) has joined this channel.</span><br />
<span class="irc-date">[11:27]</span> <span class="irc-navy">* atinm|night (~atin@unaffiliated/atinm) Quit (Quit: atinm|night)</span><br />
