<span class="irc-date">[1:39]</span> <span class="irc-navy">* birdman (~Steven@24.246.130.106) Quit (Ping timeout: 240 seconds)</span><br />
<span class="irc-date">[2:02]</span> <span class="irc-navy">* skeeterslint (~skeetersl@c-71-192-215-99.hsd1.ma.comcast.net) Quit (Quit: Leaving)</span><br />
<span class="irc-date">[10:51]</span> <span class="irc-brown">-barjavel.freenode.net- *** Looking up your hostname...</span><br />
<span class="irc-date">[10:51]</span> <span class="irc-brown">-barjavel.freenode.net- *** Checking Ident</span><br />
<span class="irc-date">[10:51]</span> <span class="irc-brown">-barjavel.freenode.net- *** No Ident response</span><br />
<span class="irc-date">[10:51]</span> <span class="irc-brown">-barjavel.freenode.net- *** Found your hostname</span><br />
<span class="irc-date">[10:51]</span> <span class="irc-green">* cmsgsteam-logger (~PircBot@cmsgs.com) has joined this channel.</span><br />
<span class="irc-date">[10:51]</span> <span class="irc-green">* Topic is 'SGS CyanogenMod developers and testers (and other kernel and android hackers) - <a href="http://www.cmsgs.com/'">http://www.cmsgs.com/'</a></span><br />
<span class="irc-date">[10:51]</span> <span class="irc-green">* Set by atinm|night!~atin@unaffiliated/atinm on Sun Dec 19 02:05:32 GMT 2010</span><br />
<span class="irc-date">[10:51]</span> <span class="irc-brown">-ChanServ- [#__topsecret__] SGS-CM6 developers and testers only pls. Others could be kickbanned if not contributing to the channel's function.</span><br />
<span class="irc-date">[10:51]</span> <span class="irc-green">* ChanServ sets mode +o cmsgsteam-logger</span><br />
<span class="irc-date">[15:01]</span> <span class="irc-green">* neldar (~neldar@dsl-217-161-200.pool.bitel.net) has joined this channel.</span><br />
<span class="irc-date">[15:01]</span> <span class="irc-black">&lt;- *neldar* Bot Sentry eingeschalten:  Sie werden jetzt ignoriert!  Ihre Nachricht wird übermittelt wenn sie die folgenden Fragen innerhalb von 10 Minuten richtig beantworten:  How do you spell the result of ten div_ided by 2?</span><br />
<span class="irc-date">[16:19]</span> <span class="irc-green">* codeworkx (~codeworkx@95-89-111-251-dynip.superkabel.de) has joined this channel.</span><br />
<span class="irc-date">[16:20]</span> <span class="irc-black">&lt;iCEBrkr&gt; codeworkx: G'morning (well, morning over here)</span><br />
<span class="irc-date">[16:20]</span> <span class="irc-black">&lt;codeworkx&gt; hi :-)</span><br />
<span class="irc-date">[16:21]</span> <span class="irc-black">&lt;iCEBrkr&gt; So I finally found the walk-through for building CM.</span><br />
<span class="irc-date">[17:56]</span> <span class="irc-green">* coolya|away is now known as coolya</span><br />
<span class="irc-date">[17:59]</span> <span class="irc-navy">* kernelzilla (~patrick@174-26-93-73.phnx.qwest.net) Quit (Quit: END OF LINE)</span><br />
<span class="irc-date">[18:00]</span> <span class="irc-green">* thedood is now known as thedood|away</span><br />
<span class="irc-date">[18:08]</span> <span class="irc-green">* kernelzilla (~patrick@174-26-100-192.phnx.qwest.net) has joined this channel.</span><br />
<span class="irc-date">[18:13]</span> <span class="irc-green">* thedood|away is now known as thedood</span><br />
<span class="irc-date">[18:39]</span> <span class="irc-green">* magote (~magote@a79-169-106-110.cpe.netcabo.pt) has joined this channel.</span><br />
<span class="irc-date">[19:56]</span> <span class="irc-green">* coolya is now known as coolya|away</span><br />
<span class="irc-date">[20:11]</span> <span class="irc-green">* coolya|away is now known as coolya</span><br />
<span class="irc-date">[21:11]</span> <span class="irc-navy">* codeworkx (~codeworkx@95-89-111-251-dynip.superkabel.de) Quit (Ping timeout: 272 seconds)</span><br />
<span class="irc-date">[21:35]</span> <span class="irc-navy">* magote (~magote@a79-169-106-110.cpe.netcabo.pt) Quit (Ping timeout: 246 seconds)</span><br />
<span class="irc-date">[22:41]</span> <span class="irc-navy">* noobnl (~noob@unaffiliated/noobnl) Quit ()</span><br />
<span class="irc-date">[22:44]</span> <span class="irc-green">* thedood is now known as thedood|away</span><br />
<span class="irc-date">[22:53]</span> <span class="irc-green">* noobnl (~noob@unaffiliated/noobnl) has joined this channel.</span><br />
<span class="irc-date">[23:19]</span> <span class="irc-navy">* gdanko (~gdanko@66-162-32-185.static.twtelecom.net) Quit (Quit: gdanko)</span><br />
<span class="irc-date">[23:50]</span> <span class="irc-green">* birdman (~Steven@24.246.130.106) has joined this channel.</span><br />
<span class="irc-date">[23:56]</span> <span class="irc-black">&lt;birdman&gt; coolya, so i still cant figure out the bootmode= problem :/</span><br />
<span class="irc-date">[23:56]</span> <span class="irc-black">&lt;coolya&gt; is it still 2 all the time ?</span><br />
<span class="irc-date">[23:57]</span> <span class="irc-black">&lt;birdman&gt; yeah, but now ive realised that adb reboot recovery doesnt change it either</span><br />
<span class="irc-date">[23:57]</span> <span class="irc-black">&lt;birdman&gt; the only way i can get into recovery is the 3 button press</span><br />
<span class="irc-date">[23:57]</span> <span class="irc-black">&lt;birdman&gt; but then im trapped in recovery</span><br />
<span class="irc-date">[23:57]</span> <span class="irc-black">&lt;coolya&gt; strange looks like the sbl acts way different on your phon</span><br />
<span class="irc-date">[23:57]</span> <span class="irc-black">&lt;coolya&gt; e</span><br />
<span class="irc-date">[23:58]</span> <span class="irc-black">&lt;GuiPer&gt; good news, accelerator in ginger is quite working</span><br />
<span class="irc-date">[23:58]</span> <span class="irc-black">&lt;birdman&gt; until i flash a stock .29 recovery and press reboot</span><br />
<span class="irc-date">[23:58]</span> <span class="irc-black">&lt;GuiPer&gt; :)</span><br />
<span class="irc-date">[23:58]</span> <span class="irc-black">&lt;birdman&gt; coolya, the fascinate and the epic have their own recovery partitions</span><br />
<span class="irc-date">[23:59]</span> <span class="irc-black">&lt;coolya&gt; that is really strange, 2 button combo does not affect anyting beyond that boot it is pressed</span><br />
<span class="irc-date">[23:59]</span> <span class="irc-black">&lt;coolya&gt; 3 button</span><br />
<span class="irc-date">[23:59]</span> <span class="irc-black">&lt;coolya&gt; on the gt-i9000</span><br />
