<span class="irc-date">[0:01]</span> <span class="irc-black">&lt;Unhelpful&gt; "i don't know any programming" =&gt; "i'm sure none of you know what you're talking about" ;)</span><br />
<span class="irc-date">[0:04]</span> <span class="irc-black">&lt;techmik67&gt; atinm: sensors not merged yet, right?</span><br />
<span class="irc-date">[0:04]</span> <span class="irc-black">&lt;atinm&gt; not to head no</span><br />
<span class="irc-date">[0:04]</span> <span class="irc-black">&lt;techmik67&gt; k</span><br />
<span class="irc-date">[0:04]</span> <span class="irc-black">&lt;atinm&gt; Unhelpful: "therefore, let me tell you"</span><br />
<span class="irc-date">[0:06]</span> <span class="irc-black">&lt;Kaik541&gt; ok it's clear you guys are clueless</span><br />
<span class="irc-date">[0:06]</span> <span class="irc-black">&lt;Kaik541&gt; darky has made 10 ROM's in the time it's taken you to make 1</span><br />
<span class="irc-date">[0:06]</span> <span class="irc-black">&lt;Unhelpful&gt; so, i need to fix up the kernel build script some - basically our kernel repo will be able to pop out prebuilt kernels and modules for them, and these will be in the device trees... then you attach initramfs to them w/ mkshbootimage</span><br />
<span class="irc-date">[0:06]</span> <span class="irc-black">&lt;Kaik541&gt; and his is superior</span><br />
<span class="irc-date">[0:06]</span> <span class="irc-black">&lt;Kaik541&gt; I'm going back to designgears's awesomemost ROM's</span><br />
<span class="irc-date">[0:06]</span> <span class="irc-black">&lt;atinm&gt; Kaik541: I thought it was darky you were going it.</span><br />
<span class="irc-date">[0:06]</span> <span class="irc-black">&lt;atinm&gt; to</span><br />
<span class="irc-date">[0:07]</span> <span class="irc-black">&lt;Kaik541&gt; don't question me</span><br />
<span class="irc-date">[0:07]</span> <span class="irc-black">&lt;Kaik541&gt; I know best</span><br />
<span class="irc-date">[0:07]</span> <span class="irc-black">&lt;atinm&gt; obviously.</span><br />
<span class="irc-date">[0:07]</span> <span class="irc-black">&lt;atinm&gt; I am going to move to it too.</span><br />
<span class="irc-date">[0:07]</span> <span class="irc-black">&lt;atinm&gt; screw CM7.</span><br />
<span class="irc-date">[0:07]</span> <span class="irc-black">&lt;atinm&gt; the devs really suck, are rude on top of it.</span><br />
<span class="irc-date">[0:08]</span> <span class="irc-black">&lt;Kaik541&gt; xD</span><br />
<span class="irc-date">[0:08]</span> <span class="irc-black">&lt;atinm&gt; so I'm going to install one of the many ROMs on the captivate development thread and going to bed.</span><br />
<span class="irc-date">[0:08]</span> <span class="irc-black">&lt;techmik67&gt; i'm going back to jf6</span><br />
<span class="irc-date">[0:09]</span> <span class="irc-black">&lt;atinm&gt; well, at least the latter have of that statement is true</span><br />
<span class="irc-date">[0:09]</span> <span class="irc-black">&lt;atinm&gt; half</span><br />
<span class="irc-date">[0:09]</span> <span class="irc-black">&lt;techmik67&gt; my scared mom still has jf6 stock from when she got her phone and wont let me touch it =)</span><br />
<span class="irc-date">[0:09]</span> <span class="irc-black">&lt;atinm&gt; techmik67: that's good.</span><br />
<span class="irc-date">[0:09]</span> <span class="irc-black">&lt;techmik67&gt; lol</span><br />
<span class="irc-date">[0:10]</span> <span class="irc-black">&lt;atinm&gt; I wouldn't install CM7 on my friend's and family's phones either.</span><br />
<span class="irc-date">[0:10]</span> <span class="irc-black">&lt;atinm&gt; I like them too much ;-)</span><br />
<span class="irc-date">[0:10]</span> <span class="irc-black">&lt;techmik67&gt; i tell her even cavemen had better os's</span><br />
<span class="irc-date">[0:10]</span> <span class="irc-black">&lt;atinm&gt; and I don't want to support anyone, not even family</span><br />
<span class="irc-date">[0:11]</span> <span class="irc-black">&lt;atinm&gt; anyway - unhelpful, you get to tell me when sensors branch is a go</span><br />
<span class="irc-date">[0:11]</span> <span class="irc-black">&lt;atinm&gt; you have the services of the captivate and vibrant test teams at your disposal now</span><br />
<span class="irc-date">[0:11]</span> <span class="irc-black">&lt;atinm&gt; with techmik at their head.</span><br />
<span class="irc-date">[0:11]</span> <span class="irc-black">&lt;Kaik541&gt; techmik67, that means if we want to kill the merge, we have to kill you</span><br />
<span class="irc-date">[0:11]</span> <span class="irc-black">&lt;atinm&gt; but frankly, I'm happier with you working on initramfs :)</span><br />
<span class="irc-date">[0:12]</span> <span class="irc-black">&lt;Kaik541&gt; just like a snake</span><br />
<span class="irc-date">[0:12]</span> <span class="irc-black">&lt;techmik67&gt; oof</span><br />
<span class="irc-date">[0:12]</span> <span class="irc-black">&lt;atinm&gt; I am leaving vibrant call mute/unmute for another day</span><br />
<span class="irc-date">[0:13]</span> <span class="irc-black">&lt;atinm&gt; I'm too fried from lack of sleep to do anything. so sensors it is for you new vibrant ppl. its good - you'll learn branches now.</span><br />
<span class="irc-date">[0:13]</span> <span class="irc-black">&lt;techmik67&gt; halftime... gotta run to store.... back in 10-15 mins</span><br />
<span class="irc-date">[0:13]</span> <span class="irc-black">&lt;Unhelpful&gt; atinm: i really don't know what to do about the light sensor... although i'm thinking of trying our OSS sensors lib + the proprietary geomagneticd, to see if it can calibrate the compass all by itself.</span><br />
<span class="irc-date">[0:14]</span> <span class="irc-black">&lt;atinm&gt; also, what is this about root not needing to caliberate but compass having to?</span><br />
<span class="irc-date">[0:15]</span> <span class="irc-green">* TMC_Sherpa (~jeff@c-67-173-42-196.hsd1.il.comcast.net) has joined this channel.</span><br />
<span class="irc-date">[0:15]</span> <span class="irc-black">&lt;Unhelpful&gt; i have no idea what that is about.</span><br />
<span class="irc-date">[0:20]</span> <span class="irc-black">&lt;Kaik541&gt; <a href="http://code.google.com/p/android/issues/detail?id=16390&amp;colspec=ID%20Type%20Status%20Owner%20Summary%20Stars">http://code.google.com/p/android/issues/detail?id=16390&amp;colspec=ID%20Type%20Status%20Owner%20Summary%20Stars</a> 2.3.4 is available?</span><br />
<span class="irc-date">[0:20]</span> <span class="irc-green">* ericdet (~eric@74-136-162-133.dhcp.insightbb.com) has joined this channel.</span><br />
<span class="irc-date">[0:27]</span> <span class="irc-black">&lt;atinm&gt; ohmigod - messi!!</span><br />
<span class="irc-date">[0:27]</span> <span class="irc-black">&lt;atinm&gt; (just watching  highlights)</span><br />
<span class="irc-date">[0:28]</span> <span class="irc-black">&lt;ericdet&gt; I've been running the Vibrant sensors build for the last few hours.</span><br />
<span class="irc-date">[0:29]</span> <span class="irc-black">&lt;ericdet&gt; All seem to work. Screen changes with ambient light and screen turns off when phone is put to ear.</span><br />
<span class="irc-date">[0:30]</span> <span class="irc-black">&lt;atinm&gt; so maybe it is just captivate</span><br />
<span class="irc-date">[0:30]</span> <span class="irc-black">&lt;Kaik541&gt; wasn't the person earlier a vibrant user?</span><br />
<span class="irc-date">[0:30]</span> <span class="irc-black">&lt;evzor&gt; i am</span><br />
<span class="irc-date">[0:30]</span> <span class="irc-black">&lt;Kaik541&gt; gehzumteufel, what device do you have?</span><br />
<span class="irc-date">[0:31]</span> <span class="irc-black">&lt;gehzumteufel&gt; Vibrant</span><br />
<span class="irc-date">[0:31]</span> <span class="irc-black">&lt;gehzumteufel&gt; evzor, ericDET and myself are vibrant useres</span><br />
<span class="irc-date">[0:31]</span> <span class="irc-black">&lt;Kaik541&gt; yeah he's having issues as well on vibrant</span><br />
<span class="irc-date">[0:31]</span> <span class="irc-black">&lt;gehzumteufel&gt; users</span><br />
<span class="irc-date">[0:31]</span> <span class="irc-black">&lt;Kaik541&gt; aren't you?</span><br />
<span class="irc-date">[0:31]</span> <span class="irc-black">&lt;gehzumteufel&gt; I didn't test the prox sensor</span><br />
<span class="irc-date">[0:31]</span> <span class="irc-black">&lt;gehzumteufel&gt; But everything else seems to work</span><br />
<span class="irc-date">[0:32]</span> <span class="irc-black">&lt;Kaik541&gt; I thought it wasn't updating for you?</span><br />
<span class="irc-date">[0:32]</span> <span class="irc-black">&lt;gehzumteufel&gt; The light sensor?</span><br />
<span class="irc-date">[0:32]</span> <span class="irc-black">&lt;Kaik541&gt; yeah</span><br />
<span class="irc-date">[0:32]</span> <span class="irc-black">&lt;Kaik541&gt; like the screen wasn't changing in step with the lux value</span><br />
<span class="irc-date">[0:32]</span> <span class="irc-black">&lt;gehzumteufel&gt; It's basically got to do with the delay between the filtered result and the raw result</span><br />
<span class="irc-date">[0:32]</span> <span class="irc-black">&lt;gehzumteufel&gt; If it went by the raw result, I'd prefer that, but it doesn't.</span><br />
<span class="irc-date">[0:32]</span> <span class="irc-black">&lt;Kaik541&gt; so it works, it just takes a while for it to react?</span><br />
<span class="irc-date">[0:32]</span> <span class="irc-black">&lt;gehzumteufel&gt; Yes</span><br />
<span class="irc-date">[0:33]</span> <span class="irc-black">&lt;gehzumteufel&gt; Sample rate is super slow. I changed it to .5s interval, but it's still slow</span><br />
<span class="irc-date">[0:33]</span> <span class="irc-black">&lt;gehzumteufel&gt; And the custom values needs to allow for values above 3000</span><br />
<span class="irc-date">[0:34]</span> <span class="irc-black">&lt;Kaik541&gt; techmik67, Unhelpful, you two are both getting the same issue where it only shows 5000 and doesn't ever change? =/</span><br />
<span class="irc-date">[0:34]</span> <span class="irc-black">&lt;Unhelpful&gt; ...yes.</span><br />
<span class="irc-date">[0:34]</span> <span class="irc-black">&lt;Kaik541&gt; well crap</span><br />
<span class="irc-date">[0:35]</span> <span class="irc-black">&lt;atinm&gt; ditto.</span><br />
<span class="irc-date">[0:37]</span> <span class="irc-black">&lt;Kaik541&gt; this sounds weird, but is it possible the captivate uses a different light sensor?</span><br />
<span class="irc-date">[0:39]</span> <span class="irc-black">&lt;Unhelpful&gt; obviously the answer is "yes" ;)</span><br />
<span class="irc-date">[0:40]</span> <span class="irc-black">&lt;Kaik541&gt; well I'm just saying if the userland can read from the binary but the binary isn't getting the correct info from the kernel/hardware...</span><br />
<span class="irc-date">[0:41]</span> <span class="irc-black">&lt;koush_&gt; whats the status on the merges guys</span><br />
<span class="irc-date">[0:41]</span> <span class="irc-black">&lt;ericdet&gt; Mine is oddly delayed also.</span><br />
<span class="irc-date">[0:42]</span> <span class="irc-black">&lt;atinm&gt; we have a couple of things sort of going at the same time. one is merging sensors from the samsung jvb gingerbread drop and the other is unhelpful's initramfs work</span><br />
<span class="irc-date">[0:42]</span> <span class="irc-black">&lt;atinm&gt; we dont' have any merges pending on gerrit anymore</span><br />
<span class="irc-date">[0:42]</span> <span class="irc-black">&lt;koush_&gt; are you guys building off the cm tree then</span><br />
<span class="irc-date">[0:42]</span> <span class="irc-black">&lt;koush_&gt; for the most part</span><br />
<span class="irc-date">[0:43]</span> <span class="irc-black">&lt;atinm&gt; becaues the rest is all galaxys stuff, and we want to be ready with reboot/recovery etc</span><br />
<span class="irc-date">[0:43]</span> <span class="irc-black">&lt;atinm&gt; yes</span><br />
<span class="irc-date">[0:43]</span> <span class="irc-black">&lt;atinm&gt; except for vendor/cyanogen where we have our own .mk files still to merge but that is the last thing to merge</span><br />
<span class="irc-date">[0:43]</span> <span class="irc-black">&lt;atinm&gt; everything else is galaxys specific</span><br />
<span class="irc-date">[0:43]</span> <span class="irc-black">&lt;koush_&gt; nice</span><br />
<span class="irc-date">[0:43]</span> <span class="irc-black">&lt;koush_&gt; nothing in frameworks/base?</span><br />
<span class="irc-date">[0:43]</span> <span class="irc-black">&lt;atinm&gt; nope :)</span><br />
<span class="irc-date">[0:43]</span> <span class="irc-black">&lt;koush_&gt; great</span><br />
<span class="irc-date">[0:43]</span> <span class="irc-black">&lt;atinm&gt; or at least, not at the moment. sensors may screw that</span><br />
<span class="irc-date">[0:44]</span> <span class="irc-black">&lt;atinm&gt; but we're hoping not</span><br />
<span class="irc-date">[0:44]</span> <span class="irc-black">&lt;atinm&gt; Samsung goes and craps in the framework</span><br />
<span class="irc-date">[0:44]</span> <span class="irc-black">&lt;atinm&gt; and if we have to use their binaries, and have to use their hacks, its almost better to leave the sensors as they are.</span><br />
<span class="irc-date">[0:45]</span> <span class="irc-black">&lt;atinm&gt; but at the moment, nothign pending :)</span><br />
<span class="irc-date">[0:46]</span> <span class="irc-black">&lt;atinm&gt; I think next success is going to be unhelpful getting the reboot/recovery working</span><br />
<span class="irc-date">[0:47]</span> <span class="irc-black">&lt;Kaik541&gt; out of curiosity, are we going to leave download mode to three-button then?</span><br />
<span class="irc-date">[0:47]</span> <span class="irc-black">&lt;atinm&gt; while I spend some time doing bug fixes.</span><br />
<span class="irc-date">[0:47]</span> <span class="irc-black">&lt;atinm&gt; Kaik541: yes, that one is all bootloader.</span><br />
<span class="irc-date">[0:47]</span> <span class="irc-black">&lt;atinm&gt; and I dont think we're going to try writing to params.lfs</span><br />
<span class="irc-date">[0:47]</span> <span class="irc-black">&lt;atinm&gt; read maybe, not write.</span><br />
<span class="irc-date">[0:48]</span> <span class="irc-black">&lt;Kaik541&gt; ok so people will still need three button fix to use, but hopefully not to install</span><br />
<span class="irc-date">[0:48]</span> <span class="irc-black">&lt;atinm&gt; right</span><br />
<span class="irc-date">[0:48]</span> <span class="irc-black">&lt;Kaik541&gt; otherwise they'd be stuck unless they have a JIG</span><br />
<span class="irc-date">[0:48]</span> <span class="irc-black">&lt;gehzumteufel&gt; Three button fix shouldn't be a problem UNLESS they have NEVER updated to ji6</span><br />
<span class="irc-date">[0:49]</span> <span class="irc-black">&lt;gehzumteufel&gt; JI6 contained a PBL and an SBL</span><br />
<span class="irc-date">[0:49]</span> <span class="irc-black">&lt;atinm&gt; given how crazy some of our users are, I don't put anything beyond anyone anymore.</span><br />
<span class="irc-date">[0:49]</span> <span class="irc-black">&lt;gehzumteufel&gt; Which fixed the 3button combo lock on early Vibrants</span><br />
<span class="irc-date">[0:49]</span> <span class="irc-black">&lt;Kaik541&gt; gehzumteufel, but it goes away if you flash to JF6</span><br />
<span class="irc-date">[0:49]</span> <span class="irc-black">&lt;Kaik541&gt; captivate has a one-click back to stock that overrides both bootloaders</span><br />
<span class="irc-date">[0:49]</span> <span class="irc-black">&lt;atinm&gt; flashing galaxys bootloader on captivate via odin and I'm sure in the pda.</span><br />
<span class="irc-date">[0:49]</span> <span class="irc-black">&lt;gehzumteufel&gt; Ah well for the Vibrant, everyone goes back to stock with JFD</span><br />
<span class="irc-date">[0:50]</span> <span class="irc-black">&lt;atinm&gt; or some such crap.</span><br />
<span class="irc-date">[0:50]</span> <span class="irc-black">&lt;gehzumteufel&gt; JFD doesn't have a bootloader at all btw.</span><br />
<span class="irc-date">[0:50]</span> <span class="irc-black">&lt;atinm&gt; anyway, we good koush.</span><br />
<span class="irc-date">[0:51]</span> <span class="irc-black">&lt;atinm&gt; g'nite ppl - I can't stay awake.</span><br />
<span class="irc-date">[0:51]</span> <span class="irc-black">&lt;atinm&gt; will decide what to work on next tomorrow. most probably vibrant irritants.</span><br />
<span class="irc-date">[0:51]</span> <span class="irc-black">&lt;atinm&gt; like mute/unmute for calls.</span><br />
<span class="irc-date">[0:51]</span> <span class="irc-green">* atinm is now known as atinm|night</span><br />
<span class="irc-date">[0:51]</span> <span class="irc-black">&lt;ericdet&gt; That's preferred.. lol</span><br />
<span class="irc-date">[0:54]</span> <span class="irc-black">&lt;evzor&gt; that would be amazing</span><br />
<span class="irc-date">[0:55]</span> <span class="irc-black">&lt;evzor&gt; i'll try to be more helpfull i'm just kinda silently working out my build issues then i'll need a quick branching tut and i'll be ready to go</span><br />
<span class="irc-date">[0:55]</span> <span class="irc-black">&lt;evzor&gt; that and my lappy is a piece from under a dino shit</span><br />
<span class="irc-date">[0:55]</span> <span class="irc-black">&lt;evzor&gt; anyway works over</span><br />
<span class="irc-date">[0:55]</span> <span class="irc-black">&lt;evzor&gt; later guys</span><br />
<span class="irc-date">[0:55]</span> <span class="irc-navy">* evzor (~evzor@71.161.106.159) Quit (Quit:  HydraIRC -&gt; <a href="http://www.hydrairc.com">http://www.hydrairc.com</a> &lt;- s0 d4Mn l33t |t'z 5c4rY!)</span><br />
<span class="irc-date">[1:01]</span> <span class="irc-green">* ciwrl (~ciwrl@pool-173-79-20-88.washdc.fios.verizon.net) has joined this channel.</span><br />
<span class="irc-date">[1:10]</span> <span class="irc-black">&lt;ericdet&gt; gehzumteufel: just had to plu the phone in.. Barely 10 hours of runtime.</span><br />
<span class="irc-date">[1:11]</span> <span class="irc-black">&lt;gehzumteufel&gt; Ouch. I have only had the phone plugged into the computer for about 10 minutes total, and I took it off the charger at 0930. It's now 1810, and I have 54% battery left.</span><br />
<span class="irc-date">[1:11]</span> <span class="irc-black">&lt;ericdet&gt; Nowhere near that.. lol</span><br />
<span class="irc-date">[1:13]</span> <span class="irc-black">&lt;ericdet&gt; 3 hours after I unplugged it I hadn't even touched it yet and it was at ~70%</span><br />
<span class="irc-date">[1:13]</span> <span class="irc-black">&lt;gehzumteufel&gt; wow that's pretty bad. You aren't running any custom kernel, are you?</span><br />
<span class="irc-date">[1:13]</span> <span class="irc-black">&lt;ericdet&gt; No. Flashed initial and the built nightly.</span><br />
<span class="irc-date">[1:17]</span> <span class="irc-black">&lt;gehzumteufel&gt; Interesting</span><br />
<span class="irc-date">[1:20]</span> <span class="irc-black">&lt;chaembian&gt; Good morning, all</span><br />
<span class="irc-date">[1:21]</span> <span class="irc-navy">* zacharias|busy (~zacharias@chello084114179145.16.15.vie.surfer.at) Quit (Remote host closed the connection)</span><br />
<span class="irc-date">[1:22]</span> <span class="irc-black">&lt;Kaik541&gt; it usually takes a day or two</span><br />
<span class="irc-date">[1:22]</span> <span class="irc-black">&lt;Kaik541&gt; for battery to get "calibrated"</span><br />
<span class="irc-date">[1:22]</span> <span class="irc-navy">* designfears (~df@cpe-71-64-204-109.cinci.res.rr.com) Quit (Quit: Leaving)</span><br />
<span class="irc-date">[1:24]</span> <span class="irc-black">&lt;gehzumteufel&gt; be back in a bit. Leaving work.</span><br />
<span class="irc-date">[1:24]</span> <span class="irc-navy">* gehzumteufel (~gehzumteu@adsl-76-252-171-187.dsl.lsan03.sbcglobal.net) Quit (Quit: brb)</span><br />
<span class="irc-date">[1:25]</span> <span class="irc-green">* UberPinguin (~uber@gentoo/user/uberpinguin) has joined this channel.</span><br />
<span class="irc-date">[1:29]</span> <span class="irc-navy">* ericdet (~eric@74-136-162-133.dhcp.insightbb.com) Quit (Quit: Leaving)</span><br />
<span class="irc-date">[1:29]</span> <span class="irc-green">* zacharias (~zacharias@chello084114179145.16.15.vie.surfer.at) has joined this channel.</span><br />
<span class="irc-date">[1:30]</span> <span class="irc-green">* zacharias is now known as zacharias|away</span><br />
<span class="irc-date">[1:30]</span> <span class="irc-green">* zacharias|away is now known as zacharias|night</span><br />
<span class="irc-date">[1:40]</span> <span class="irc-green">* designfears_ is now known as designfears</span><br />
<span class="irc-date">[1:45]</span> <span class="irc-green">* ericdet (~Wild@74-136-162-133.dhcp.insightbb.com) has joined this channel.</span><br />
<span class="irc-date">[1:49]</span> <span class="irc-black">&lt;chaembian&gt; Proximity sensor changes switches between 5.0 (open light) and 0.0(obstructed).</span><br />
<span class="irc-date">[1:50]</span> <span class="irc-green">* jusama14 (jusama14@gateway/shell/xzibition.com/x-bmyhlsodmzhtneuq) has joined this channel.</span><br />
<span class="irc-date">[1:50]</span> <span class="irc-black">&lt;chaembian&gt; Light sensor switches between 5000 (open light) and 6 (indoor)</span><br />
<span class="irc-date">[1:50]</span> <span class="irc-black">&lt;jusama14&gt; Hey zacharias. This is takerfan from xda :)</span><br />
<span class="irc-date">[1:51]</span> <span class="irc-black">&lt;chaembian&gt; Any other stats required? :)</span><br />
<span class="irc-date">[1:52]</span> <span class="irc-black">&lt;TMC_Sherpa&gt; crap when did atinm leave?</span><br />
<span class="irc-date">[1:52]</span> <span class="irc-black">&lt;ericdet&gt; Over an hour ago</span><br />
<span class="irc-date">[1:52]</span> <span class="irc-black">&lt;TMC_Sherpa&gt; <a href="http://pastebin.com/H15uvVBk">http://pastebin.com/H15uvVBk</a></span><br />
<span class="irc-date">[1:53]</span> <span class="irc-black">&lt;TMC_Sherpa&gt; really? I knew I shouldn't have started over</span><br />
<span class="irc-date">[1:54]</span> <span class="irc-black">&lt;TMC_Sherpa&gt; crap, and I did the diff backwards</span><br />
<span class="irc-date">[1:55]</span> <span class="irc-black">&lt;TMC_Sherpa&gt; OK, better</span><br />
<span class="irc-date">[1:55]</span> <span class="irc-black">&lt;TMC_Sherpa&gt; <a href="http://pastebin.com/k8ufZYLC">http://pastebin.com/k8ufZYLC</a></span><br />
<span class="irc-date">[1:58]</span> <span class="irc-black">&lt;zacharias|night&gt; jusama14: hey takerfan :)</span><br />
<span class="irc-date">[1:58]</span> <span class="irc-black">&lt;jusama14&gt; Still on the new interactive kernel. Seems to be running well. Listening to music and not a single skip yet</span><br />
<span class="irc-date">[1:59]</span> <span class="irc-black">&lt;zacharias|night&gt; jusama14 could we go to cmsgs ?</span><br />
<span class="irc-date">[1:59]</span> <span class="irc-black">&lt;zacharias|night&gt; jusama14 #cmsgs channel</span><br />
<span class="irc-date">[1:59]</span> <span class="irc-black">&lt;jusama14&gt; Yeah I'm on</span><br />
<span class="irc-date">[1:59]</span> <span class="irc-black">&lt;zacharias|night&gt; k</span><br />
<span class="irc-date">[2:05]</span> <span class="irc-green">* gehzumteufel (~gehzumteu@cpe-76-93-100-229.socal.res.rr.com) has joined this channel.</span><br />
<span class="irc-date">[2:05]</span> <span class="irc-navy">* gehzumteufel (~gehzumteu@cpe-76-93-100-229.socal.res.rr.com) Quit (Remote host closed the connection)</span><br />
<span class="irc-date">[2:07]</span> <span class="irc-green">* Evzor_phone (~android@cpe-76-179-64-103.maine.res.rr.com) has joined this channel.</span><br />
<span class="irc-date">[2:07]</span> <span class="irc-black">&lt;Evzor_phone&gt; My build of the nightly finished about to flash the zip</span><br />
<span class="irc-date">[2:08]</span> <span class="irc-black">&lt;Evzor_phone&gt; Or should I not bother</span><br />
<span class="irc-date">[2:08]</span> <span class="irc-black">&lt;techmik67&gt; why not?</span><br />
<span class="irc-date">[2:08]</span> <span class="irc-black">&lt;techmik67&gt; you went to all the trouble to build it.....</span><br />
<span class="irc-date">[2:09]</span> <span class="irc-black">&lt;Evzor_phone&gt; Yeah...</span><br />
<span class="irc-date">[2:09]</span> <span class="irc-green">* zacharias|night (~zacharias@chello084114179145.16.15.vie.surfer.at) has left this channel.</span><br />
<span class="irc-date">[2:11]</span> <span class="irc-black">&lt;ericdet&gt; Yeah why not flash it.. lol</span><br />
<span class="irc-date">[2:11]</span> <span class="irc-black">&lt;Evzor_phone&gt; 91.6mb yeah?</span><br />
<span class="irc-date">[2:11]</span> <span class="irc-black">&lt;Kaik541&gt; sounds about right</span><br />
<span class="irc-date">[2:11]</span> <span class="irc-black">&lt;ericdet&gt; Yeah around there</span><br />
<span class="irc-date">[2:11]</span> <span class="irc-black">&lt;ericdet&gt; How long did it end up taking you?</span><br />
<span class="irc-date">[2:11]</span> <span class="irc-black">&lt;Evzor_phone&gt; Ok sending to phone now then I'll flash.</span><br />
<span class="irc-date">[2:13]</span> <span class="irc-black">&lt;ericdet&gt; Did you build the sensors update or the first build?</span><br />
<span class="irc-date">[2:17]</span> <span class="irc-green">* gehzumteufel (~quassel@cpe-76-93-100-229.socal.res.rr.com) has joined this channel.</span><br />
<span class="irc-date">[2:18]</span> <span class="irc-navy">* Evzor_phone (~android@cpe-76-179-64-103.maine.res.rr.com) Quit (Ping timeout: 276 seconds)</span><br />
<span class="irc-date">[2:19]</span> <span class="irc-green">* AndIrc (~android@cpe-76-179-64-103.maine.res.rr.com) has joined this channel.</span><br />
<span class="irc-date">[2:19]</span> <span class="irc-green">* AndIrc is now known as Guest9193</span><br />
<span class="irc-date">[2:20]</span> <span class="irc-black">&lt;zerojay&gt; Does this sensors update let Screebl work properly?</span><br />
<span class="irc-date">[2:20]</span> <span class="irc-black">&lt;Guest9193&gt; Ok it worked</span><br />
<span class="irc-date">[2:20]</span> <span class="irc-black">&lt;Guest9193&gt; Its evzor</span><br />
<span class="irc-date">[2:20]</span> <span class="irc-black">&lt;Guest9193&gt; Some reason I'm guest</span><br />
<span class="irc-date">[2:21]</span> <span class="irc-black">&lt;Guest9193&gt; Damn android irc</span><br />
<span class="irc-date">[2:21]</span> <span class="irc-navy">* Guest9193 (~android@cpe-76-179-64-103.maine.res.rr.com) Quit (Client Quit)</span><br />
<span class="irc-date">[2:22]</span> <span class="irc-green">* Evzor_phone (~android@cpe-76-179-64-103.maine.res.rr.com) has joined this channel.</span><br />
<span class="irc-date">[2:23]</span> <span class="irc-black">&lt;Evzor_phone&gt; So yeah now I know I can build in a timely manner even from work</span><br />
<span class="irc-date">[2:24]</span> <span class="irc-black">&lt;gehzumteufel&gt; just type /nick newnickname</span><br />
<span class="irc-date">[2:25]</span> <span class="irc-black">&lt;gehzumteufel&gt; zerojay: What does that app depend on?</span><br />
<span class="irc-date">[2:26]</span> <span class="irc-black">&lt;zerojay&gt; Orientation, pretty much.</span><br />
<span class="irc-date">[2:26]</span> <span class="irc-black">&lt;zerojay&gt; sensors</span><br />
<span class="irc-date">[2:27]</span> <span class="irc-black">&lt;zerojay&gt; Thought the original issue was that Screebl doesn't work on GB, but it works fine on the i9000 GB ROMs.</span><br />
<span class="irc-date">[2:28]</span> <span class="irc-black">&lt;gehzumteufel&gt; Orientation has worked for a while</span><br />
<span class="irc-date">[2:28]</span> <span class="irc-black">&lt;zerojay&gt; I'm talking about the sensors.</span><br />
<span class="irc-date">[2:28]</span> <span class="irc-black">&lt;Kaik541&gt; accelerometer is the word you guys are looking for</span><br />
<span class="irc-date">[2:29]</span> <span class="irc-black">&lt;zerojay&gt; I don't know if you've used it before or not.</span><br />
<span class="irc-date">[2:29]</span> <span class="irc-black">&lt;gehzumteufel&gt; I haven't.</span><br />
<span class="irc-date">[2:29]</span> <span class="irc-black">&lt;zerojay&gt; Basically keeps the screen on when the phone is being held in a way that it believes a user is holding it and using it.</span><br />
<span class="irc-date">[2:29]</span> <span class="irc-black">&lt;TMC_Sherpa&gt; hey techmik67 I think I have a new thingy to test seeing as atinm is dead_in_a_ditch</span><br />
<span class="irc-date">[2:29]</span> <span class="irc-black">&lt;zerojay&gt; So you can read long screens of text and not worry about the screen shutting off.</span><br />
<span class="irc-date">[2:29]</span> <span class="irc-black">&lt;techmik67&gt; what's that?</span><br />
<span class="irc-date">[2:29]</span> <span class="irc-black">&lt;zerojay&gt; As soon as it thinks it's put down or is in the same position for a long time, it'll then go off.</span><br />
<span class="irc-date">[2:30]</span> <span class="irc-black">&lt;TMC_Sherpa&gt; playing with gpio-settings.h</span><br />
<span class="irc-date">[2:30]</span> <span class="irc-black">&lt;gehzumteufel&gt; zerojay: That's probably, as Kaik541 said, the accelerometer. Which again, has been working for a long while.</span><br />
<span class="irc-date">[2:30]</span> <span class="irc-navy">* Evzor_phone (~android@cpe-76-179-64-103.maine.res.rr.com) Quit (Ping timeout: 258 seconds)</span><br />
<span class="irc-date">[2:30]</span> <span class="irc-black">&lt;Kaik541&gt; gehzumteufel, no it hasn't</span><br />
<span class="irc-date">[2:30]</span> <span class="irc-black">&lt;zerojay&gt; Well, something's still broken. :)</span><br />
<span class="irc-date">[2:30]</span> <span class="irc-black">&lt;gehzumteufel&gt; Then what does work?</span><br />
<span class="irc-date">[2:30]</span> <span class="irc-black">&lt;Kaik541&gt; try reverting to a non-sensor build</span><br />
<span class="irc-date">[2:30]</span> <span class="irc-black">&lt;Kaik541&gt; and try using doodle jump</span><br />
<span class="irc-date">[2:30]</span> <span class="irc-black">&lt;Kaik541&gt; your guy will go straight up</span><br />
<span class="irc-date">[2:31]</span> <span class="irc-black">&lt;TMC_Sherpa&gt; it should make the battery better or it will cause multiple explosions</span><br />
<span class="irc-date">[2:31]</span> <span class="irc-black">&lt;techmik67&gt; cool!</span><br />
<span class="irc-date">[2:31]</span> <span class="irc-black">&lt;TMC_Sherpa&gt; I have a patch version of the stuff I pasted before, gimme a sec</span><br />
<span class="irc-date">[2:31]</span> <span class="irc-black">&lt;Kaik541&gt; I'm hoping for explosions</span><br />
<span class="irc-date">[2:31]</span> <span class="irc-black">&lt;gehzumteufel&gt; lol me too</span><br />
<span class="irc-date">[2:32]</span> <span class="irc-black">&lt;techmik67&gt; lol <a href="http://yfrog.com/gzwixhp">http://yfrog.com/gzwixhp</a></span><br />
<span class="irc-date">[2:32]</span> <span class="irc-black">&lt;TMC_Sherpa&gt; stuff will turn off or it will never turn on, not sure yet</span><br />
<span class="irc-date">[2:34]</span> <span class="irc-black">&lt;TMC_Sherpa&gt; <a href="http://pastebin.com/TssDT9n5">http://pastebin.com/TssDT9n5</a></span><br />
<span class="irc-date">[2:35]</span> <span class="irc-black">&lt;gehzumteufel&gt; lol techmik67</span><br />
<span class="irc-date">[2:35]</span> <span class="irc-black">&lt;gehzumteufel&gt; techmik67: <a href="http://i.imgur.com/Xq0Kv.png">http://i.imgur.com/Xq0Kv.png</a></span><br />
<span class="irc-date">[2:35]</span> <span class="irc-black">&lt;TMC_Sherpa&gt; which I should have fixed before I paste...again</span><br />
<span class="irc-date">[2:42]</span> <span class="irc-green">* ciwrl is now known as ciwrl|away</span><br />
<span class="irc-date">[2:43]</span> <span class="irc-black">&lt;Kaik541&gt; <a href="http://forum.xda-developers.com/showpost.php?p=13271070&amp;postcount=4999">http://forum.xda-developers.com/showpost.php?p=13271070&amp;postcount=4999</a></span><br />
<span class="irc-date">[2:43]</span> <span class="irc-black">&lt;Kaik541&gt; what's a nice way to say "shove it"?</span><br />
<span class="irc-date">[2:43]</span> <span class="irc-black">&lt;TMC_Sherpa&gt; it plays with MP044 and MP045 kaik,  also known as GPIO_A1026_SDA and GPIO_A1026_SCL so I hope it doesn't blow up</span><br />
<span class="irc-date">[2:43]</span> <span class="irc-black">&lt;Kaik541&gt; hey</span><br />
<span class="irc-date">[2:44]</span> <span class="irc-black">&lt;Kaik541&gt; I'm seeing a1026 in there</span><br />
<span class="irc-date">[2:44]</span> <span class="irc-black">&lt;techmik67&gt; his audience chip?</span><br />
<span class="irc-date">[2:44]</span> <span class="irc-black">&lt;Kaik541&gt; dare I dream?</span><br />
<span class="irc-date">[2:44]</span> <span class="irc-black">&lt;techmik67&gt; he's excited =)</span><br />
<span class="irc-date">[2:44]</span> <span class="irc-black">&lt;techmik67&gt; lol</span><br />
<span class="irc-date">[2:44]</span> <span class="irc-black">&lt;TMC_Sherpa&gt; not with just that file</span><br />
<span class="irc-date">[2:44]</span> <span class="irc-black">&lt;chaembian&gt; TMC_Sherpa: Should I give it a go?</span><br />
<span class="irc-date">[2:44]</span> <span class="irc-black">&lt;Kaik541&gt; TMC_Sherpa, a step in the right direction</span><br />
<span class="irc-date">[2:46]</span> <span class="irc-black">&lt;TMC_Sherpa&gt; if you grab the patch in the latest pastebin it *should* turn gpio-settings.h into the newer version which changes a bunch of gpio actions</span><br />
<span class="irc-date">[2:46]</span> <span class="irc-black">&lt;ericdet&gt; Speaking of sony... I just got an email from them saying they took down the playstation network.. lol</span><br />
<span class="irc-date">[2:46]</span> <span class="irc-black">&lt;Kaik541&gt; ericdet, just?</span><br />
<span class="irc-date">[2:46]</span> <span class="irc-black">&lt;Kaik541&gt; it's been down for like a week</span><br />
<span class="irc-date">[2:46]</span> <span class="irc-black">&lt;TMC_Sherpa&gt; you just got the email now?</span><br />
<span class="irc-date">[2:46]</span> <span class="irc-black">&lt;techmik67&gt; ok, i outputted the raw to a file... now just git apply?</span><br />
<span class="irc-date">[2:47]</span> <span class="irc-black">&lt;ericdet&gt; Yeah I just now got it.. lol. 7:58pm</span><br />
<span class="irc-date">[2:47]</span> <span class="irc-black">&lt;ericdet&gt; I heard it was down.. I havnt had a playstation in a year or so</span><br />
<span class="irc-date">[2:48]</span> <span class="irc-black">&lt;TMC_Sherpa&gt; whats in there is a patch so patch gpio-settings.h(.orig maybe 'cus I'm an idiot) whatever_you_named_the_patch</span><br />
<span class="irc-date">[2:48]</span> <span class="irc-black">&lt;techmik67&gt; k</span><br />
<span class="irc-date">[2:48]</span> <span class="irc-black">&lt;TMC_Sherpa&gt; the file is... lemme check</span><br />
<span class="irc-date">[2:48]</span> <span class="irc-black">&lt;TMC_Sherpa&gt; crap, building in that term</span><br />
<span class="irc-date">[2:49]</span> <span class="irc-black">&lt;TMC_Sherpa&gt; ~/android/system/kernel/samsung/2.6.35/arch/arm/mach-s5pv210/include/mach</span><br />
<span class="irc-date">[2:50]</span> <span class="irc-black">&lt;TMC_Sherpa&gt; stupid paste /gpio-settings.h</span><br />
<span class="irc-date">[2:50]</span> <span class="irc-black">&lt;TMC_Sherpa&gt; which you may need to add .orig to</span><br />
<span class="irc-date">[2:50]</span> <span class="irc-black">&lt;TMC_Sherpa&gt; I can find out</span><br />
<span class="irc-date">[2:50]</span> <span class="irc-navy">* designfears (~df@cpe-71-64-204-109.cinci.res.rr.com) Quit (Quit: night all)</span><br />
<span class="irc-date">[2:52]</span> <span class="irc-black">&lt;techmik67&gt; 16 out of 16 hunks failed</span><br />
<span class="irc-date">[2:52]</span> <span class="irc-black">&lt;TMC_Sherpa&gt; nope, don't need .orig</span><br />
<span class="irc-date">[2:52]</span> <span class="irc-black">&lt;techmik67&gt; ah</span><br />
<span class="irc-date">[2:52]</span> <span class="irc-black">&lt;techmik67&gt; thats why</span><br />
<span class="irc-date">[2:52]</span> <span class="irc-black">&lt;TMC_Sherpa&gt; .orig should work but only if that file exists</span><br />
<span class="irc-date">[2:53]</span> <span class="irc-black">&lt;techmik67&gt; got it i think</span><br />
<span class="irc-date">[2:53]</span> <span class="irc-black">&lt;TMC_Sherpa&gt; if it didn't say anything then it worked :P</span><br />
<span class="irc-date">[2:53]</span> <span class="irc-black">&lt;techmik67&gt; crap... i just git status and i wasnt on a branhc......</span><br />
<span class="irc-date">[2:54]</span> <span class="irc-black">&lt;gehzumteufel&gt; owned</span><br />
<span class="irc-date">[2:54]</span> <span class="irc-black">&lt;TMC_Sherpa&gt; well if you run the patch again it will remove it</span><br />
<span class="irc-date">[2:54]</span> <span class="irc-black">&lt;techmik67&gt; do it on main branch, or sensors?</span><br />
<span class="irc-date">[2:55]</span> <span class="irc-black">&lt;TMC_Sherpa&gt; *shrug*</span><br />
<span class="irc-date">[2:55]</span> <span class="irc-black">&lt;techmik67&gt; k</span><br />
<span class="irc-date">[2:55]</span> <span class="irc-green">* Evzor_phone (~android@cpe-76-179-64-103.maine.res.rr.com) has joined this channel.</span><br />
<span class="irc-date">[2:55]</span> <span class="irc-black">&lt;TMC_Sherpa&gt; sensors if that part is working I guess</span><br />
<span class="irc-date">[2:57]</span> <span class="irc-black">&lt;TMC_Sherpa&gt; need to see if it works at all at the moment.  the diff3 file I used to make the patch was from my script stripped skeletons.  the output looked good but until a few builds are done I'm not 100% sure I trust it</span><br />
<span class="irc-date">[2:57]</span> <span class="irc-black">&lt;TMC_Sherpa&gt; I really hope it works 'cus doing all that crap by hand sucks</span><br />
<span class="irc-date">[2:59]</span> <span class="irc-green">* wwyvern (~wwyvern@adsl-074-167-175-227.sip.jax.bellsouth.net) has joined this channel.</span><br />
