<span class="irc-date">[0:17]</span> <span class="irc-green">* aarcane (~aarcane@c-98-238-138-177.hsd1.ca.comcast.net) has joined this channel.</span><br />
<span class="irc-date">[0:21]</span> <span class="irc-navy">* aarcane (~aarcane@c-98-238-138-177.hsd1.ca.comcast.net) Quit (Read error: Connection reset by peer)</span><br />
<span class="irc-date">[0:21]</span> <span class="irc-green">* aarcane (~aarcane@c-98-238-138-177.hsd1.ca.comcast.net) has joined this channel.</span><br />
<span class="irc-date">[0:30]</span> <span class="irc-green">* zachy_md|busy (~zacharias@chello084114179145.16.15.vie.surfer.at) has left this channel.</span><br />
<span class="irc-date">[0:31]</span> <span class="irc-green">* sixstringsg (~Jason@pool-173-74-150-29.dllstx.fios.verizon.net) has joined this channel.</span><br />
<span class="irc-date">[0:32]</span> <span class="irc-navy">* sixtringsg_lapto (~sixstring@pool-173-74-150-29.dllstx.fios.verizon.net) Quit (Quit: sixtringsg_lapto)</span><br />
<span class="irc-date">[0:44]</span> <span class="irc-black">&lt;rhcp&gt; i hate xda</span><br />
<span class="irc-date">[0:44]</span> <span class="irc-black">&lt;rhcp&gt; they are soo ignorant</span><br />
<span class="irc-date">[0:50]</span> <span class="irc-green">* TMC_Sherpa (~jeff@c-67-173-42-196.hsd1.il.comcast.net) has joined this channel.</span><br />
<span class="irc-date">[1:38]</span> <span class="irc-navy">* kalpik (~kalpik@unaffiliated/kalpik) Quit (Ping timeout: 240 seconds)</span><br />
<span class="irc-date">[1:48]</span> <span class="irc-green">* TMC_Sherpa (~jeff@c-67-173-42-196.hsd1.il.comcast.net) has left this channel.</span><br />
<span class="irc-date">[1:53]</span> <span class="irc-green">* kalpik (~kalpik@unaffiliated/kalpik) has joined this channel.</span><br />
<span class="irc-date">[1:55]</span> <span class="irc-green">* zacharias (~zacharias@chello084114179145.16.15.vie.surfer.at) has joined this channel.</span><br />
<span class="irc-date">[1:55]</span> <span class="irc-green">* zacharias is now known as zacharias|busy</span><br />
<span class="irc-date">[1:56]</span> <span class="irc-black">&lt;zacharias|busy&gt; hi</span><br />
<span class="irc-date">[2:01]</span> <span class="irc-black">&lt;techmik67&gt; evening =)</span><br />
<span class="irc-date">[2:02]</span> <span class="irc-black">&lt;zacharias|busy&gt; haha - here it's night/morning ;)</span><br />
<span class="irc-date">[2:02]</span> <span class="irc-black">&lt;zacharias|busy&gt; actually i wanted to go to sleep but i seem to run into an issue</span><br />
<span class="irc-date">[2:02]</span> <span class="irc-black">&lt;zacharias|busy&gt; with an new kernel &amp; running the bml_over_mtd script</span><br />
<span class="irc-date">[2:03]</span> <span class="irc-black">&lt;zacharias|busy&gt; namely: the kernel isn't updated :(</span><br />
<span class="irc-date">[2:03]</span> <span class="irc-black">&lt;zacharias|busy&gt; according to the log everything seems ok</span><br />
<span class="irc-date">[2:05]</span> <span class="irc-black">&lt;zacharias|busy&gt; <a href="http://pastebin.com/zcfZZd0c">http://pastebin.com/zcfZZd0c</a></span><br />
<span class="irc-date">[2:07]</span> <span class="irc-black">&lt;techmik67&gt; gonna need atinm or codeworkx for that.....</span><br />
<span class="irc-date">[2:07]</span> <span class="irc-black">&lt;zacharias|busy&gt; or some more time XD</span><br />
<span class="irc-date">[2:30]</span> <span class="irc-black">&lt;Unhelpful&gt; instead of a script, can't we have a bml_over_mtd that takes a partition name and finds that, the reservoir partition, and their addresses via the mtd interfaces?</span><br />
<span class="irc-date">[2:31]</span> <span class="irc-black">&lt;zacharias|busy&gt; ^^ found the problem</span><br />
<span class="irc-date">[2:32]</span> <span class="irc-black">&lt;zacharias|busy&gt; seems like I screwed up the kernel and didn't even notice because the kernel wasn't updated all the time O.o</span><br />
<span class="irc-date">[2:32]</span> <span class="irc-black">&lt;zacharias|busy&gt; now the phone boot-loops at the splash-screens</span><br />
<span class="irc-date">[2:40]</span> <span class="irc-black">&lt;zacharias|busy&gt; ok, gotta give the phone a nice odin treatment &amp; reboot into windows</span><br />
<span class="irc-date">[2:41]</span> <span class="irc-black">&lt;zacharias|busy&gt; bye &amp; cya</span><br />
<span class="irc-date">[2:41]</span> <span class="irc-green">* zacharias|busy (~zacharias@chello084114179145.16.15.vie.surfer.at) has left this channel.</span><br />
<span class="irc-date">[2:45]</span> <span class="irc-black">&lt;chaembian_&gt; Going for a reboot... be back.</span><br />
<span class="irc-date">[2:45]</span> <span class="irc-navy">* chaembian_ (~chaembian@122.174.98.1) Quit (Quit: WeeChat 0.3.2)</span><br />
<span class="irc-date">[2:46]</span> <span class="irc-green">* acdbx (~acdbx@cpe-66-75-28-44.san.res.rr.com) has joined this channel.</span><br />
<span class="irc-date">[2:51]</span> <span class="irc-navy">* sixstringsg (~Jason@pool-173-74-150-29.dllstx.fios.verizon.net) Quit (Quit: sixstringsg)</span><br />
<span class="irc-date">[2:52]</span> <span class="irc-green">* chaembian (~chaembian@122.174.98.1) has joined this channel.</span><br />
<span class="irc-date">[2:58]</span> <span class="irc-green">* Kaik541 (~IWasNever@cpe-70-112-175-254.austin.res.rr.com) has joined this channel.</span><br />
<span class="irc-date">[3:06]</span> <span class="irc-navy">* ytt3r (~evan@adsl-88-54-105.asm.bellsouth.net) Quit (Quit: Ping timeout: 256850 seconds)</span><br />
<span class="irc-date">[3:13]</span> <span class="irc-green">* sixstringsg (~Jason@pool-173-74-150-29.dllstx.fios.verizon.net) has joined this channel.</span><br />
<span class="irc-date">[3:27]</span> <span class="irc-navy">* wwyvern (~wwyvern@adsl-074-167-175-227.sip.jax.bellsouth.net) Quit (Quit: Ex-Chat)</span><br />
<span class="irc-date">[4:03]</span> <span class="irc-navy">* sixstringsg (~Jason@pool-173-74-150-29.dllstx.fios.verizon.net) Quit (Quit: sixstringsg)</span><br />
<span class="irc-date">[4:20]</span> <span class="irc-green">* chaembian_ (~chaembian@122.174.165.167) has joined this channel.</span><br />
<span class="irc-date">[4:22]</span> <span class="irc-navy">* chaembian (~chaembian@122.174.98.1) Quit (Ping timeout: 246 seconds)</span><br />
<span class="irc-date">[4:58]</span> <span class="irc-navy">* dasunsrule32 (~dasunsrul@christiantechsaz.com) Quit (Ping timeout: 246 seconds)</span><br />
<span class="irc-date">[5:04]</span> <span class="irc-green">* sixstringsg (~Jason@pool-173-74-150-29.dllstx.fios.verizon.net) has joined this channel.</span><br />
<span class="irc-date">[5:38]</span> <span class="irc-black">&lt;techmik67&gt; Unhelpful: i pulled in your compass stuff and built.... everything loooks good......</span><br />
<span class="irc-date">[6:08]</span> <span class="irc-green">* knowsnotmuch (~ashwinds@122.174.64.245) has joined this channel.</span><br />
<span class="irc-date">[6:13]</span> <span class="irc-navy">* knowsnotmuch (~ashwinds@122.174.64.245) Quit (Read error: Connection reset by peer)</span><br />
<span class="irc-date">[6:14]</span> <span class="irc-green">* knowsnotmuch (~ashwinds@122.174.64.245) has joined this channel.</span><br />
<span class="irc-date">[6:14]</span> <span class="irc-navy">* knowsnotmuch (~ashwinds@122.174.64.245) Quit (Read error: Connection reset by peer)</span><br />
<span class="irc-date">[6:15]</span> <span class="irc-green">* knowsnotmuch (~ashwinds@122.174.64.245) has joined this channel.</span><br />
<span class="irc-date">[6:44]</span> <span class="irc-navy">* techmik_laptop (~techmik@c-76-109-173-83.hsd1.fl.comcast.net) Quit (Quit: Konversation terminated!)</span><br />
<span class="irc-date">[6:45]</span> <span class="irc-green">* techmik_laptop (~techmik@c-76-109-173-83.hsd1.fl.comcast.net) has joined this channel.</span><br />
<span class="irc-date">[6:55]</span> <span class="irc-green">* Wout (~AndChat@s559776f4.adsl.wanadoo.nl) has joined this channel.</span><br />
