<span class="irc-date">[0:02]</span> <span class="irc-black">&lt;techmik67&gt; i hate you guys for getting me into angry birds =/</span><br />
<span class="irc-date">[0:04]</span> <span class="irc-brick">* techmik67 is stuck on a level.....</span><br />
<span class="irc-date">[0:05]</span> <span class="irc-navy">* mbizzle (~mbizzle@vp117009.reshsg.uci.edu) Quit (Quit: leaving)</span><br />
<span class="irc-date">[0:06]</span> <span class="irc-black">&lt;Unhelpful&gt; techmik67: fruit ninja? ;)</span><br />
<span class="irc-date">[0:06]</span> <span class="irc-black">&lt;Unhelpful&gt; pewpew?</span><br />
<span class="irc-date">[0:13]</span> <span class="irc-black">&lt;techmik67&gt; i checkout out angry birds rio to check colors the other day, and now i'm hooked</span><br />
<span class="irc-date">[0:16]</span> <span class="irc-black">&lt;Unhelpful&gt; yah, angry birds is crack. fruit ninja is nearly as bad.</span><br />
<span class="irc-date">[0:17]</span> <span class="irc-black">&lt;techmik67&gt; damn level 25..... i need another bird to toss! =P</span><br />
<span class="irc-date">[0:18]</span> <span class="irc-black">&lt;Unhelpful&gt; now go get 3 stars ;)</span><br />
<span class="irc-date">[0:18]</span> <span class="irc-black">&lt;Unhelpful&gt; and all of the golden eggs</span><br />
<span class="irc-date">[0:18]</span> <span class="irc-black">&lt;Unhelpful&gt; &lt;3 non-gamers. my mom: "i'm finishing these levels as fast as i can, but i can't seem to get three stars"</span><br />
<span class="irc-date">[0:19]</span> <span class="irc-black">&lt;techmik67&gt; lol</span><br />
<span class="irc-date">[0:24]</span> <span class="irc-green">* thedeanius (~dean@c-24-2-24-87.hsd1.mo.comcast.net) has joined this channel.</span><br />
<span class="irc-date">[0:40]</span> <span class="irc-black">&lt;chaembian_&gt; Angry bird rocks! :)</span><br />
<span class="irc-date">[0:42]</span> <span class="irc-black">&lt;polyrhythmic&gt; it should be called angry users</span><br />
<span class="irc-date">[0:42]</span> <span class="irc-black">&lt;polyrhythmic&gt; trying to get 3 stars on every level is masochistic</span><br />
<span class="irc-date">[0:43]</span> <span class="irc-black">&lt;polyrhythmic&gt; they chose to make the game more difficult with aiming rather than more difficult with planning/physics</span><br />
<span class="irc-date">[0:43]</span> <span class="irc-black">&lt;polyrhythmic&gt; so it just takes a ridiculous amount of tries</span><br />
<span class="irc-date">[0:44]</span> <span class="irc-black">&lt;polyrhythmic&gt; but it is addictive</span><br />
<span class="irc-date">[0:48]</span> <span class="irc-navy">* freat (~ron@c-98-216-38-131.hsd1.ma.comcast.net) Quit (Quit: leaving)</span><br />
<span class="irc-date">[1:04]</span> <span class="irc-brick">* Unhelpful reboots again</span><br />
<span class="irc-date">[1:23]</span> <span class="irc-black">&lt;polyrhythmic&gt; just discovered left-hand mode</span><br />
<span class="irc-date">[1:23]</span> <span class="irc-black">&lt;polyrhythmic&gt; awesome</span><br />
<span class="irc-date">[1:29]</span> <span class="irc-black">&lt;Unhelpful&gt; eh?</span><br />
<span class="irc-date">[1:32]</span> <span class="irc-navy">* kalpik (~kalpik@unaffiliated/kalpik) Quit (Ping timeout: 260 seconds)</span><br />
<span class="irc-date">[1:43]</span> <span class="irc-black">&lt;aarcane&gt; polyrhythmic, I didn't come out of my room for a week when I discovered left-hand mode.</span><br />
<span class="irc-date">[1:45]</span> <span class="irc-green">* kalpik (~kalpik@unaffiliated/kalpik) has joined this channel.</span><br />
<span class="irc-date">[1:45]</span> <span class="irc-green">* zacharias (~zacharias@chello084114179145.16.15.vie.surfer.at) has joined this channel.</span><br />
<span class="irc-date">[1:45]</span> <span class="irc-green">* zacharias is now known as zacharias|busy</span><br />
<span class="irc-date">[1:51]</span> <span class="irc-green">* acdbx (~acdbx@cpe-66-75-28-44.san.res.rr.com) has joined this channel.</span><br />
<span class="irc-date">[1:53]</span> <span class="irc-green">* Kaik541 (~IWasNever@cpe-70-112-175-254.austin.res.rr.com) has joined this channel.</span><br />
<span class="irc-date">[1:54]</span> <span class="irc-navy">* Kaik541 (~IWasNever@cpe-70-112-175-254.austin.res.rr.com) Quit (Client Quit)</span><br />
<span class="irc-date">[2:08]</span> <span class="irc-green">* zacharias|busy (~zacharias@chello084114179145.16.15.vie.surfer.at) has left this channel.</span><br />
<span class="irc-date">[2:17]</span> <span class="irc-navy">* thedeanius (~dean@c-24-2-24-87.hsd1.mo.comcast.net) Quit (Quit: thedeanius)</span><br />
<span class="irc-date">[2:52]</span> <span class="irc-green">* thedeanius (~dean@c-24-2-24-87.hsd1.mo.comcast.net) has joined this channel.</span><br />
