<span class="irc-date">[0:00]</span> <span class="irc-black">&lt;chaembian_&gt; The android repo is a bunch of git repositories?</span><br />
<span class="irc-date">[0:04]</span> <span class="irc-black">&lt;atinm&gt; chaembian_: yes</span><br />
<span class="irc-date">[0:04]</span> <span class="irc-black">&lt;atinm&gt; each "project" is a git repo</span><br />
<span class="irc-date">[0:05]</span> <span class="irc-black">&lt;atinm&gt; android is a collection of projects</span><br />
<span class="irc-date">[0:05]</span> <span class="irc-black">&lt;atinm&gt; repo manages the whole shebang</span><br />
<span class="irc-date">[0:05]</span> <span class="irc-black">&lt;atinm&gt; but when you modify something, its the "project" or git repo you modify</span><br />
<span class="irc-date">[0:05]</span> <span class="irc-black">&lt;zacharias|busy&gt; yeah, i haven't figured out yet exactly what the new wifi driver does differently but it's supposed to use less energy (while in idle ?)</span><br />
<span class="irc-date">[0:05]</span> <span class="irc-black">&lt;techmik67&gt; ok</span><br />
<span class="irc-date">[0:05]</span> <span class="irc-black">&lt;techmik67&gt; we'll see</span><br />
<span class="irc-date">[0:06]</span> <span class="irc-green">* atinm is now known as atinm|off</span><br />
<span class="irc-date">[0:06]</span> <span class="irc-black">&lt;atinm|off&gt; taking the night off</span><br />
<span class="irc-date">[0:06]</span> <span class="irc-black">&lt;techmik67&gt; good for you</span><br />
<span class="irc-date">[0:06]</span> <span class="irc-black">&lt;techmik67&gt; enjoy</span><br />
<span class="irc-date">[0:06]</span> <span class="irc-black">&lt;atinm|off&gt; nothing hanging over my head</span><br />
<span class="irc-date">[0:06]</span> <span class="irc-black">&lt;chaembian_&gt; Thank you, atinm|off</span><br />
<span class="irc-date">[0:06]</span> <span class="irc-black">&lt;chaembian_&gt; Good night! :)</span><br />
<span class="irc-date">[0:06]</span> <span class="irc-black">&lt;Unhelpful&gt; all i did w/ accelerometer orientation was install stock eclair and figure out which axis was which, then fix the code to match that :P</span><br />
<span class="irc-date">[0:06]</span> <span class="irc-black">&lt;atinm|off&gt; vibrant ppl can continue to complain about wifi till kingdom come</span><br />
<span class="irc-date">[0:06]</span> <span class="irc-black">&lt;Unhelpful&gt; it was not complicated, and did not involve math.</span><br />
<span class="irc-date">[0:07]</span> <span class="irc-black">&lt;atinm|off&gt; and captivate can be handled by kaik, and techmik</span><br />
<span class="irc-date">[0:07]</span> <span class="irc-black">&lt;atinm|off&gt; I'm done. :)</span><br />
<span class="irc-date">[0:07]</span> <span class="irc-black">&lt;techmik67&gt; lol, i'm on it =0</span><br />
<span class="irc-date">[0:07]</span> <span class="irc-black">&lt;atinm|off&gt; maybe I'll get to finish "Rounders" finally</span><br />
<span class="irc-date">[0:08]</span> <span class="irc-black">&lt;atinm|off&gt; and maybe even play a .. crap, just missed the start of the 8pm open tournament</span><br />
<span class="irc-date">[0:08]</span> <span class="irc-black">&lt;atinm|off&gt; bah ..</span><br />
<span class="irc-date">[0:08]</span> <span class="irc-black">&lt;Unhelpful&gt; your gambling problem? ;)</span><br />
<span class="irc-date">[0:09]</span> <span class="irc-black">&lt;atinm|off&gt; yes :)</span><br />
<span class="irc-date">[0:09]</span> <span class="irc-black">&lt;atinm|off&gt; my boss' son cashed again this weekend</span><br />
<span class="irc-date">[0:09]</span> <span class="irc-black">&lt;atinm|off&gt; 35K</span><br />
<span class="irc-date">[0:09]</span> <span class="irc-black">&lt;techmik67&gt; nice</span><br />
<span class="irc-date">[0:09]</span> <span class="irc-brick">* Unhelpful gets ready to rewrite BiasModel again ;P</span><br />
<span class="irc-date">[0:09]</span> <span class="irc-black">&lt;atinm|off&gt; he's like one of the top 100 rated players in the US</span><br />
<span class="irc-date">[0:09]</span> <span class="irc-black">&lt;atinm|off&gt; is like 22</span><br />
<span class="irc-date">[0:09]</span> <span class="irc-black">&lt;Unhelpful&gt; not "rewrite" really, just replacing my Point and all of the TNT classes w/ Eigen</span><br />
<span class="irc-date">[0:10]</span> <span class="irc-black">&lt;atinm|off&gt; well, second time always goes quicker.</span><br />
<span class="irc-date">[0:10]</span> <span class="irc-black">&lt;atinm|off&gt; kid is closing in on 3M in wins.</span><br />
<span class="irc-date">[0:10]</span> <span class="irc-black">&lt;atinm|off&gt; $</span><br />
<span class="irc-date">[0:11]</span> <span class="irc-black">&lt;atinm|off&gt; hard for a dad to tell his son not to gamble his life away when faced with that ...</span><br />
<span class="irc-date">[0:11]</span> <span class="irc-black">&lt;atinm|off&gt; I sympathize . . .</span><br />
<span class="irc-date">[0:11]</span> <span class="irc-black">&lt;atinm|off&gt; hope mine doesn't take after me ;)</span><br />
<span class="irc-date">[0:12]</span> <span class="irc-black">&lt;atinm|off&gt; and waste his life working on some free software thing</span><br />
<span class="irc-date">[0:12]</span> <span class="irc-black">&lt;atinm|off&gt; that isn't even very good - can't even do all the things a crappy Samsung ROM can.</span><br />
<span class="irc-date">[0:13]</span> <span class="irc-black">&lt;atinm|off&gt; ok, now I'm depressed.</span><br />
<span class="irc-date">[0:14]</span> <span class="irc-black">&lt;techmik67&gt; shit</span><br />
<span class="irc-date">[0:15]</span> <span class="irc-black">&lt;techmik67&gt; its another device, but is this gonna screw with ours? <a href="http://review.cyanogenmod.com/#change,4632">http://review.cyanogenmod.com/#change,4632</a></span><br />
<span class="irc-date">[0:18]</span> <span class="irc-black">&lt;atinm|off&gt; no</span><br />
<span class="irc-date">[0:18]</span> <span class="irc-black">&lt;atinm|off&gt; they all use prebuilt kernels</span><br />
<span class="irc-date">[0:18]</span> <span class="irc-black">&lt;atinm|off&gt; and have the BOARD_USE_USB_MASS_STORAGE_SWITCH which we set to false.</span><br />
<span class="irc-date">[0:18]</span> <span class="irc-black">&lt;zacharias|busy&gt; wait - i just restored the repo (tarball) and pull</span><br />
<span class="irc-date">[0:18]</span> <span class="irc-black">&lt;zacharias|busy&gt; so no patch is necessary anymore ?</span><br />
<span class="irc-date">[0:19]</span> <span class="irc-black">&lt;zacharias|busy&gt; i compared the makefile in build/core and the changes seem to be included</span><br />
<span class="irc-date">[0:19]</span> <span class="irc-black">&lt;atinm|off&gt; I just forked android_build again</span><br />
<span class="irc-date">[0:19]</span> <span class="irc-black">&lt;atinm|off&gt; until Koush merges our fix</span><br />
<span class="irc-date">[0:20]</span> <span class="irc-black">&lt;atinm|off&gt; and so right now a repo sync will pull in our android_build which has the fix</span><br />
<span class="irc-date">[0:20]</span> <span class="irc-black">&lt;zacharias|busy&gt; ok, that should be a "yes"</span><br />
<span class="irc-date">[0:20]</span> <span class="irc-black">&lt;zacharias|busy&gt; ah yes,</span><br />
<span class="irc-date">[0:20]</span> <span class="irc-black">&lt;zacharias|busy&gt; thanks atinm</span><br />
<span class="irc-date">[0:20]</span> <span class="irc-black">&lt;techmik67&gt; i like practicing my git-fu</span><br />
<span class="irc-date">[0:20]</span> <span class="irc-black">&lt;atinm|off&gt; I hate forking that, frameworks_base</span><br />
<span class="irc-date">[0:20]</span> <span class="irc-black">&lt;aarcane&gt; another dayly nightly !?</span><br />
<span class="irc-date">[0:20]</span> <span class="irc-black">&lt;atinm|off&gt; both of these get heavy use</span><br />
<span class="irc-date">[0:21]</span> <span class="irc-black">&lt;atinm|off&gt; aarcane: just the bml_over_mtd fix</span><br />
<span class="irc-date">[0:21]</span> <span class="irc-black">&lt;atinm|off&gt; which only affects ppl who have a bad block on boot partition</span><br />
<span class="irc-date">[0:22]</span> <span class="irc-black">&lt;zacharias|busy&gt; atinm: enjoy your night off :)</span><br />
<span class="irc-date">[0:22]</span> <span class="irc-black">&lt;atinm|off&gt; but since everyone here better be running the latest build, you still get to install it.</span><br />
<span class="irc-date">[0:22]</span> <span class="irc-black">&lt;aarcane&gt; I don't even know if I have a bad block on boot partition, or how to find out.  what I do know is sometimes the changelog opens in my browser, and sometimes I have to download it to see it :-S</span><br />
<span class="irc-date">[0:22]</span> <span class="irc-black">&lt;atinm|off&gt; if you are not running the latest build, you should be in #cmsgs.</span><br />
<span class="irc-date">[0:22]</span> <span class="irc-black">&lt;atinm|off&gt; 8)</span><br />
<span class="irc-date">[0:23]</span> <span class="irc-black">&lt;atinm|off&gt; (unless you were specifically invited)</span><br />
<span class="irc-date">[0:23]</span> <span class="irc-black">&lt;aarcane&gt; until I'm doing more than watching and interjecting occasionally, I have a strict one-update-per-day policy, and I updated this morning.</span><br />
<span class="irc-date">[0:24]</span> <span class="irc-black">&lt;atinm|off&gt; what phone model?</span><br />
<span class="irc-date">[0:24]</span> <span class="irc-black">&lt;aarcane&gt; cappy</span><br />
<span class="irc-date">[0:24]</span> <span class="irc-black">&lt;aarcane&gt; AT&amp;T</span><br />
<span class="irc-date">[0:24]</span> <span class="irc-black">&lt;atinm|off&gt; you're one of mine?!</span><br />
<span class="irc-date">[0:24]</span> <span class="irc-black">&lt;techmik67&gt; lol</span><br />
<span class="irc-date">[0:24]</span> <span class="irc-black">&lt;atinm|off&gt; and you didn't update . . . considering demoting you to #cmsgs.</span><br />
<span class="irc-date">[0:25]</span> <span class="irc-black">&lt;aarcane&gt; um, duh.  I was excited when you fixed dual SDs..  and I did update!  like, 4 hours ago!  just before the new one came out</span><br />
<span class="irc-date">[0:25]</span> <span class="irc-brick">* aarcane facepalms</span><br />
<span class="irc-date">[0:25]</span> <span class="irc-black">&lt;atinm|off&gt; fine..</span><br />
<span class="irc-date">[0:25]</span> <span class="irc-black">&lt;atinm|off&gt; don't let it slip next time I ask :)</span><br />
<span class="irc-date">[0:26]</span> <span class="irc-black">&lt;atinm|off&gt; ok, off now</span><br />
<span class="irc-date">[0:26]</span> <span class="irc-black">&lt;atinm|off&gt; really turning this off.</span><br />
<span class="irc-date">[0:26]</span> <span class="irc-black">&lt;techmik67&gt; c ya</span><br />
<span class="irc-date">[0:26]</span> <span class="irc-black">&lt;aarcane&gt; bye atinm|off</span><br />
<span class="irc-date">[0:26]</span> <span class="irc-black">&lt;zacharias|busy&gt; bye</span><br />
<span class="irc-date">[0:27]</span> <span class="irc-black">&lt;zacharias|busy&gt; ok guys, i'll let the repo build, test-boot the resulting update</span><br />
<span class="irc-date">[0:27]</span> <span class="irc-black">&lt;techmik67&gt; my build should be done any minute now</span><br />
<span class="irc-date">[0:33]</span> <span class="irc-navy">* kalpik (~kalpik@unaffiliated/kalpik) Quit (Ping timeout: 246 seconds)</span><br />
<span class="irc-date">[0:35]</span> <span class="irc-black">&lt;zacharias|busy&gt; ^^ @ post 35: <a href="http://forum.xda-developers.com/showthread.php?t=1030059&amp;page=4">http://forum.xda-developers.com/showthread.php?t=1030059&amp;page=4</a></span><br />
<span class="irc-date">[0:43]</span> <span class="irc-green">* acdbx (~acdbx@cpe-66-75-28-44.san.res.rr.com) has joined this channel.</span><br />
<span class="irc-date">[0:54]</span> <span class="irc-black">&lt;polyrhythmic&gt; <a href="http://forum.xda-developers.com/showpost.php?p=12852504&amp;postcount=35">http://forum.xda-developers.com/showpost.php?p=12852504&amp;postcount=35</a> &lt;- post 35</span><br />
<span class="irc-date">[0:54]</span> <span class="irc-green">* kalpik (~kalpik@unaffiliated/kalpik) has joined this channel.</span><br />
<span class="irc-date">[0:54]</span> <span class="irc-black">&lt;zacharias|busy&gt; ^^ yeah</span><br />
<span class="irc-date">[0:55]</span> <span class="irc-black">&lt;polyrhythmic&gt; lol I wouldn't download a rom from someone who spells it "Donwload"</span><br />
<span class="irc-date">[0:55]</span> <span class="irc-black">&lt;polyrhythmic&gt; that's a bad sign</span><br />
<span class="irc-date">[1:00]</span> <span class="irc-black">&lt;polyrhythmic&gt; also, daily build still running great on Captivate.  I don't have bad blocks so.. can't test the latest fix</span><br />
<span class="irc-date">[1:09]</span> <span class="irc-black">&lt;chaembian_&gt; <a href="http://counterpunch.com/mokhiber04122011.html">http://counterpunch.com/mokhiber04122011.html</a> brrr! :|</span><br />
<span class="irc-date">[1:12]</span> <span class="irc-black">&lt;zacharias|busy&gt; interesting link, thanks !</span><br />
<span class="irc-date">[1:17]</span> <span class="irc-green">* dasunsrule32 (~dasunsrul@christiantechsaz.com) has joined this channel.</span><br />
<span class="irc-date">[1:22]</span> <span class="irc-black">&lt;zacharias|busy&gt; sleep-time ! - bye guys</span><br />
<span class="irc-date">[1:22]</span> <span class="irc-navy">* zacharias|busy (~zacharias@chello084114179145.16.15.vie.surfer.at) Quit (Quit: Leaving)</span><br />
<span class="irc-date">[1:30]</span> <span class="irc-black">&lt;freat&gt; latest daily is running good? I was ready to go ahead with the eat your cookies thread...</span><br />
<span class="irc-date">[1:30]</span> <span class="irc-black">&lt;freat&gt; for captivate</span><br />
<span class="irc-date">[1:31]</span> <span class="irc-black">&lt;techmik67&gt; runs just fine</span><br />
<span class="irc-date">[2:18]</span> <span class="irc-navy">* kalpik (~kalpik@unaffiliated/kalpik) Quit (Ping timeout: 248 seconds)</span><br />
<span class="irc-date">[2:33]</span> <span class="irc-green">* kalpik (~kalpik@unaffiliated/kalpik) has joined this channel.</span><br />
<span class="irc-date">[2:43]</span> <span class="irc-navy">* designfears (~df@cpe-71-64-204-109.cinci.res.rr.com) Quit (Ping timeout: 258 seconds)</span><br />
<span class="irc-date">[2:44]</span> <span class="irc-black">&lt;kang&gt; atinm|off: having no troubles, why?</span><br />
<span class="irc-date">[2:44]</span> <span class="irc-black">&lt;kang&gt; atinm|off: im in PDT TZ atm so i dunno if u guys are asleep when im up, although im pretty sure ur closer to PDT than CEST  xD</span><br />
<span class="irc-date">[2:50]</span> <span class="irc-black">&lt;techmik67&gt; kang: i get get the fps cap increase to work =(</span><br />
<span class="irc-date">[2:50]</span> <span class="irc-black">&lt;techmik67&gt; cant*</span><br />
<span class="irc-date">[2:51]</span> <span class="irc-black">&lt;techmik67&gt; i got no change with the mach-aries.c freq changes</span><br />
<span class="irc-date">[2:51]</span> <span class="irc-black">&lt;techmik67&gt; same fps</span><br />
<span class="irc-date">[2:51]</span> <span class="irc-black">&lt;techmik67&gt; or is there a better app to check fps?</span><br />
<span class="irc-date">[2:54]</span> <span class="irc-black">&lt;kang&gt; what do u use to check</span><br />
<span class="irc-date">[2:54]</span> <span class="irc-black">&lt;techmik67&gt; nenamark</span><br />
<span class="irc-date">[2:56]</span> <span class="irc-black">&lt;kang&gt; dunno didnt use it</span><br />
<span class="irc-date">[2:56]</span> <span class="irc-black">&lt;kang&gt; ;D</span><br />
<span class="irc-date">[2:56]</span> <span class="irc-black">&lt;kang&gt; 3d doesnt work so well with some apps like quadrant so if u dont even reach 56fps</span><br />
<span class="irc-date">[2:56]</span> <span class="irc-black">&lt;kang&gt; u wont see the increase</span><br />
<span class="irc-date">[2:56]</span> <span class="irc-black">&lt;kang&gt; theres some 2d fps test app that works for example</span><br />
<span class="irc-date">[2:57]</span> <span class="irc-black">&lt;techmik67&gt; it avg about 49 or 50 fps for me, on stock cm7</span><br />
<span class="irc-date">[2:57]</span> <span class="irc-black">&lt;techmik67&gt; ah</span><br />
<span class="irc-date">[2:57]</span> <span class="irc-black">&lt;techmik67&gt; i see</span><br />
