<span class="irc-date">[0:01]</span> <span class="irc-green">* kalpik (~kalpik@unaffiliated/kalpik) has joined this channel.</span><br />
<span class="irc-date">[0:05]</span> <span class="irc-navy">* kalpik (~kalpik@unaffiliated/kalpik) Quit (Ping timeout: 240 seconds)</span><br />
<span class="irc-date">[0:06]</span> <span class="irc-black">&lt;atinm&gt; he shouldn't really be building the kernel right now anyway</span><br />
<span class="irc-date">[0:06]</span> <span class="irc-black">&lt;atinm&gt; we're not done</span><br />
<span class="irc-date">[0:07]</span> <span class="irc-black">&lt;atinm&gt; I have to find all the places that we do reboot</span><br />
<span class="irc-date">[0:07]</span> <span class="irc-black">&lt;atinm&gt; damn it.</span><br />
<span class="irc-date">[0:08]</span> <span class="irc-black">&lt;atinm&gt; but gpio definitely helps battery</span><br />
<span class="irc-date">[0:08]</span> <span class="irc-black">&lt;atinm&gt; 6 hours and I'm at 72%</span><br />
<span class="irc-date">[0:09]</span> <span class="irc-black">&lt;atinm&gt; but only did light stuff, email, music</span><br />
<span class="irc-date">[0:09]</span> <span class="irc-black">&lt;gehzumteufel&gt; Yeah that's how it is for me</span><br />
<span class="irc-date">[0:09]</span> <span class="irc-black">&lt;atinm&gt; stil</span><br />
<span class="irc-date">[0:09]</span> <span class="irc-navy">* HRTheJoey (HRTheJoey@pool-98-114-240-193.phlapa.fios.verizon.net) Quit (Ping timeout: 252 seconds)</span><br />
<span class="irc-date">[0:09]</span> <span class="irc-black">&lt;gehzumteufel&gt; I'm at 56% right now, been off charger since 0915</span><br />
<span class="irc-date">[0:09]</span> <span class="irc-black">&lt;gehzumteufel&gt; it's 1709</span><br />
<span class="irc-date">[0:10]</span> <span class="irc-black">&lt;atinm&gt; still could be better, shoudl last 24h ;-)</span><br />
<span class="irc-date">[0:10]</span> <span class="irc-black">&lt;atinm&gt; but I'll take this</span><br />
<span class="irc-date">[0:12]</span> <span class="irc-black">&lt;gehzumteufel&gt; Yeah exactly</span><br />
<span class="irc-date">[0:15]</span> <span class="irc-green">* teamhacksung (~teamhacks@sh1-ext.rs.github.com) has joined this channel.</span><br />
<span class="irc-date">[0:15]</span> <span class="irc-black">&lt;teamhacksung&gt; android_device_samsung_captivate: prebuilt_kernel codeworkx * d912f3a (1 files in 1 dirs): Revert: "Change the range of light levels." - <a href="http://bit.ly/khjObj">http://bit.ly/khjObj</a></span><br />
<span class="irc-date">[0:15]</span> <span class="irc-green">* teamhacksung (~teamhacks@sh1-ext.rs.github.com) has left this channel.</span><br />
<span class="irc-date">[0:15]</span> <span class="irc-black">&lt;atinm&gt; oh right, forgot that</span><br />
<span class="irc-date">[0:16]</span> <span class="irc-green">* teamhacksung (~teamhacks@sh1-ext.rs.github.com) has joined this channel.</span><br />
<span class="irc-date">[0:16]</span> <span class="irc-black">&lt;teamhacksung&gt; android_device_samsung_galaxys: gingerbread codeworkx * e43b223 (1 files in 1 dirs): Revert: "Change the range of light levels." - <a href="http://bit.ly/leiuEh">http://bit.ly/leiuEh</a></span><br />
<span class="irc-date">[0:16]</span> <span class="irc-green">* teamhacksung (~teamhacks@sh1-ext.rs.github.com) has left this channel.</span><br />
<span class="irc-date">[0:17]</span> <span class="irc-green">* teamhacksung (~teamhacks@sh1-ext.rs.github.com) has joined this channel.</span><br />
<span class="irc-date">[0:17]</span> <span class="irc-black">&lt;teamhacksung&gt; android_device_samsung_galaxysb: gingerbread codeworkx * 19d8fcd (1 files in 1 dirs): Revert: "Change the range of light levels." - <a href="http://bit.ly/jk6lNP">http://bit.ly/jk6lNP</a></span><br />
<span class="irc-date">[0:17]</span> <span class="irc-green">* teamhacksung (~teamhacks@sh1-ext.rs.github.com) has left this channel.</span><br />
<span class="irc-date">[0:18]</span> <span class="irc-green">* teamhacksung (~teamhacks@sh1-ext.rs.github.com) has joined this channel.</span><br />
<span class="irc-date">[0:18]</span> <span class="irc-black">&lt;teamhacksung&gt; android_device_samsung_vibrant: gingerbread codeworkx * 6b7c925 (1 files in 1 dirs): Revert: "Change the range of light levels." - <a href="http://bit.ly/iDGIOe">http://bit.ly/iDGIOe</a></span><br />
<span class="irc-date">[0:18]</span> <span class="irc-green">* teamhacksung (~teamhacks@sh1-ext.rs.github.com) has left this channel.</span><br />
<span class="irc-date">[0:19]</span> <span class="irc-black">&lt;codeworkx&gt; need to build for my lg now</span><br />
<span class="irc-date">[0:19]</span> <span class="irc-black">&lt;codeworkx&gt; enough sgs for today</span><br />
<span class="irc-date">[0:19]</span> <span class="irc-green">* embizzle (~mbizzle@vp117009.reshsg.uci.edu) has joined this channel.</span><br />
<span class="irc-date">[0:19]</span> <span class="irc-black">&lt;Kaik541&gt; codeworkx, how well are those O2x/G2x builds running?</span><br />
<span class="irc-date">[0:20]</span> <span class="irc-black">&lt;codeworkx&gt; usable</span><br />
<span class="irc-date">[0:20]</span> <span class="irc-black">&lt;Kaik541&gt; but nothing spectacular?</span><br />
<span class="irc-date">[0:20]</span> <span class="irc-black">&lt;codeworkx&gt; yesterday the screen is frozen 1 times</span><br />
<span class="irc-date">[0:20]</span> <span class="irc-black">&lt;codeworkx&gt; phone was running but screen frozen xD</span><br />
<span class="irc-date">[0:20]</span> <span class="irc-green">* kalpik (~kalpik@unaffiliated/kalpik) has joined this channel.</span><br />
<span class="irc-date">[0:20]</span> <span class="irc-black">&lt;codeworkx&gt; 1 times no sound</span><br />
<span class="irc-date">[0:20]</span> <span class="irc-black">&lt;Kaik541&gt; I'd imagine once that hits stable on that phone, it's gonna run like crack</span><br />
<span class="irc-date">[0:20]</span> <span class="irc-black">&lt;codeworkx&gt; but a reboot fixes them all</span><br />
<span class="irc-date">[0:21]</span> <span class="irc-black">&lt;codeworkx&gt; it's a damn sweet piece of hardware</span><br />
<span class="irc-date">[0:22]</span> <span class="irc-black">&lt;Kaik541&gt; looks like it</span><br />
<span class="irc-date">[0:22]</span> <span class="irc-black">&lt;Kaik541&gt; wonder which actually *feels* faster though, sgs2 or O2x</span><br />
<span class="irc-date">[0:23]</span> <span class="irc-black">&lt;Kaik541&gt; I feel like mali400 GPU would be superior to tegra2... but I've only had a brief play with the G2x</span><br />
<span class="irc-date">[0:24]</span> <span class="irc-black">&lt;codeworkx&gt; kang: gingerbread sources: V4L2_PIX_FMT_UYVY</span><br />
<span class="irc-date">[0:24]</span> <span class="irc-black">&lt;codeworkx&gt; so its ok</span><br />
<span class="irc-date">[0:25]</span> <span class="irc-black">&lt;codeworkx&gt; Kaik541: on benchmarks tegra &gt; mali. but only a few fps</span><br />
<span class="irc-date">[0:25]</span> <span class="irc-black">&lt;codeworkx&gt; Phones are totally overpowered</span><br />
<span class="irc-date">[0:25]</span> <span class="irc-black">&lt;codeworkx&gt; doesn't matter which u choose</span><br />
<span class="irc-date">[0:25]</span> <span class="irc-black">&lt;Kaik541&gt; I was following along in project-voodoo though, nice to see mali is GPLv2</span><br />
<span class="irc-date">[0:25]</span> <span class="irc-navy">* kalpik (~kalpik@unaffiliated/kalpik) Quit (Ping timeout: 260 seconds)</span><br />
<span class="irc-date">[0:25]</span> <span class="irc-black">&lt;Kaik541&gt; so I'm sure there are a bit more tweaks that can happen ther</span><br />
<span class="irc-date">[0:25]</span> <span class="irc-black">&lt;codeworkx&gt; everything should be gpl xD</span><br />
<span class="irc-date">[0:26]</span> <span class="irc-black">&lt;Kaik541&gt; that would be nice, fully open phone</span><br />
<span class="irc-date">[0:26]</span> <span class="irc-navy">* sixstringsg (~Jason@pool-173-74-150-29.dllstx.fios.verizon.net) Quit (Read error: Operation timed out)</span><br />
<span class="irc-date">[0:26]</span> <span class="irc-green">* TMC_Sherpa (~jeff@c-67-173-42-196.hsd1.il.comcast.net) has joined this channel.</span><br />
<span class="irc-date">[0:26]</span> <span class="irc-navy">* embizzle (~mbizzle@vp117009.reshsg.uci.edu) Quit (Quit: leaving)</span><br />
<span class="irc-date">[0:27]</span> <span class="irc-black">&lt;gehzumteufel&gt; codeworkx: The real question is the porting as shit as the SGS?</span><br />
<span class="irc-date">[0:28]</span> <span class="irc-black">&lt;codeworkx&gt; gehzumteufel: denke schon</span><br />
<span class="irc-date">[0:29]</span> <span class="irc-black">&lt;gehzumteufel&gt; Nice</span><br />
<span class="irc-date">[0:29]</span> <span class="irc-black">&lt;techmik67&gt; so we actually should be able to reboot recovery soon, huh?</span><br />
<span class="irc-date">[0:29]</span> <span class="irc-black">&lt;gehzumteufel&gt; Yup</span><br />
<span class="irc-date">[0:29]</span> <span class="irc-black">&lt;techmik67&gt; freaking awesome</span><br />
<span class="irc-date">[0:30]</span> <span class="irc-green">* sixstringsg (~Jason@pool-173-74-150-29.dllstx.fios.verizon.net) has joined this channel.</span><br />
<span class="irc-date">[0:30]</span> <span class="irc-black">&lt;gehzumteufel&gt; atinm was saying he just has to find all the parts in the source and replace them with the correct params</span><br />
<span class="irc-date">[0:30]</span> <span class="irc-black">&lt;atinm&gt; which is not easy</span><br />
<span class="irc-date">[0:30]</span> <span class="irc-black">&lt;atinm&gt; they're not consistent</span><br />
<span class="irc-date">[0:30]</span> <span class="irc-black">&lt;gehzumteufel&gt; Unless I misunderstood him</span><br />
<span class="irc-date">[0:30]</span> <span class="irc-black">&lt;atinm&gt; sometimes they call __reboot system call directly</span><br />
<span class="irc-date">[0:30]</span> <span class="irc-black">&lt;atinm&gt; in different places</span><br />
<span class="irc-date">[0:30]</span> <span class="irc-black">&lt;gehzumteufel&gt; Ah</span><br />
<span class="irc-date">[0:30]</span> <span class="irc-black">&lt;atinm&gt; it should all be going to one place that then calls __reboot</span><br />
<span class="irc-date">[0:30]</span> <span class="irc-black">&lt;atinm&gt; grr</span><br />
<span class="irc-date">[0:31]</span> <span class="irc-black">&lt;gehzumteufel&gt; Is that a general Android source problem?</span><br />
<span class="irc-date">[0:31]</span> <span class="irc-black">&lt;atinm&gt; seems like it</span><br />
<span class="irc-date">[0:31]</span> <span class="irc-black">&lt;gehzumteufel&gt; That blows</span><br />
<span class="irc-date">[0:31]</span> <span class="irc-black">&lt;codeworkx&gt; hate this damn shitty cam</span><br />
<span class="irc-date">[0:32]</span> <span class="irc-black">&lt;gehzumteufel&gt; codeworkx: On the SGS or the O2x?</span><br />
<span class="irc-date">[0:32]</span> <span class="irc-black">&lt;codeworkx&gt; sgs</span><br />
<span class="irc-date">[0:32]</span> <span class="irc-black">&lt;gehzumteufel&gt; heh</span><br />
<span class="irc-date">[0:32]</span> <span class="irc-black">&lt;gehzumteufel&gt; It's miles better than the Touch Pro2 I came from</span><br />
<span class="irc-date">[0:33]</span> <span class="irc-black">&lt;codeworkx&gt; it has teh bad stripes on preview</span><br />
<span class="irc-date">[0:33]</span> <span class="irc-black">&lt;gehzumteufel&gt; ack that sucks</span><br />
<span class="irc-date">[0:38]</span> <span class="irc-green">* kalpik (~kalpik@unaffiliated/kalpik) has joined this channel.</span><br />
<span class="irc-date">[0:39]</span> <span class="irc-black">&lt;atinm&gt; damn it. there is no easy way to do this that I can see.</span><br />
<span class="irc-date">[0:43]</span> <span class="irc-green">* DocMAX (~docmax@g224158068.adsl.alicedsl.de) has joined this channel.</span><br />
<span class="irc-date">[0:43]</span> <span class="irc-navy">* kalpik (~kalpik@unaffiliated/kalpik) Quit (Ping timeout: 260 seconds)</span><br />
<span class="irc-date">[0:46]</span> <span class="irc-navy">* DocMAX2 (~docmax@g224241172.adsl.alicedsl.de) Quit (Ping timeout: 264 seconds)</span><br />
<span class="irc-date">[0:46]</span> <span class="irc-green">* freat (~ron@c-98-216-38-131.hsd1.ma.comcast.net) has joined this channel.</span><br />
<span class="irc-date">[0:47]</span> <span class="irc-navy">* TCMAN-dmg (~Dominik@99-103-196-195.lightspeed.sntcca.sbcglobal.net) Quit (Quit: Leaving)</span><br />
<span class="irc-date">[0:48]</span> <span class="irc-black">&lt;gehzumteufel&gt; Yeah I don't think there is an easy way.</span><br />
<span class="irc-date">[0:48]</span> <span class="irc-black">&lt;gehzumteufel&gt; You could use some sort of file index, that indexes the contents. Then use that to find the short blips of code...</span><br />
<span class="irc-date">[0:49]</span> <span class="irc-black">&lt;atinm&gt; oh, I find the code</span><br />
<span class="irc-date">[0:49]</span> <span class="irc-black">&lt;atinm&gt; I use tags</span><br />
<span class="irc-date">[0:49]</span> <span class="irc-black">&lt;atinm&gt; b</span><br />
<span class="irc-date">[0:49]</span> <span class="irc-black">&lt;atinm&gt; ut</span><br />
<span class="irc-date">[0:50]</span> <span class="irc-black">&lt;atinm&gt; its the fixing it to do our work that is bad</span><br />
<span class="irc-date">[0:50]</span> <span class="irc-black">&lt;atinm&gt; no clean way</span><br />
<span class="irc-date">[0:53]</span> <span class="irc-green">* koush_ (~koush@74.202.210.58) has joined this channel.</span><br />
<span class="irc-date">[0:53]</span> <span class="irc-black">&lt;koush_&gt; atinm: hi</span><br />
<span class="irc-date">[0:53]</span> <span class="irc-black">&lt;atinm&gt; hey koush</span><br />
<span class="irc-date">[0:54]</span> <span class="irc-black">&lt;atinm&gt; thanks - so we have committed the changes we need for rebooting into recovery</span><br />
<span class="irc-date">[0:54]</span> <span class="irc-black">&lt;koush_&gt; great</span><br />
<span class="irc-date">[0:54]</span> <span class="irc-black">&lt;atinm&gt; now we have to find all the places we need to actually insert the write to /cache/.startrecovery</span><br />
<span class="irc-date">[0:54]</span> <span class="irc-black">&lt;koush_&gt; regarding reboot, i would patch your reboot binary locally</span><br />
<span class="irc-date">[0:54]</span> <span class="irc-black">&lt;atinm&gt; and the problem is that we call reboot() and __reboot() everywhere ..</span><br />
<span class="irc-date">[0:54]</span> <span class="irc-black">&lt;koush_&gt; parse and see if reboot recovery was called</span><br />
<span class="irc-date">[0:54]</span> <span class="irc-black">&lt;koush_&gt; who is "we"</span><br />
<span class="irc-date">[0:54]</span> <span class="irc-black">&lt;koush_&gt; and why is it being called?</span><br />
<span class="irc-date">[0:54]</span> <span class="irc-black">&lt;atinm&gt; the code</span><br />
<span class="irc-date">[0:55]</span> <span class="irc-black">&lt;atinm&gt; not us - all over the CM/AOSP tree</span><br />
<span class="irc-date">[0:55]</span> <span class="irc-black">&lt;koush_&gt; gotcha</span><br />
<span class="irc-date">[0:55]</span> <span class="irc-black">&lt;koush_&gt; well, there's only a few spots that realy need patching</span><br />
<span class="irc-date">[0:55]</span> <span class="irc-black">&lt;koush_&gt; there's the reboot binary</span><br />
<span class="irc-date">[0:55]</span> <span class="irc-black">&lt;atinm&gt; ok</span><br />
<span class="irc-date">[0:55]</span> <span class="irc-black">&lt;koush_&gt; and there's however the power menu calls it</span><br />
<span class="irc-date">[0:55]</span> <span class="irc-black">&lt;koush_&gt; the rest of them can fuck themselves</span><br />
<span class="irc-date">[0:55]</span> <span class="irc-black">&lt;atinm&gt; I found that</span><br />
<span class="irc-date">[0:55]</span> <span class="irc-navy">* evzor (~evzor@71.161.106.130) Quit (Quit:  HydraIRC -&gt; <a href="http://www.hydrairc.com">http://www.hydrairc.com</a> &lt;- It'll be on slashdot one day...)</span><br />
<span class="irc-date">[0:55]</span> <span class="irc-black">&lt;atinm&gt; lol - ok.</span><br />
<span class="irc-date">[0:55]</span> <span class="irc-black">&lt;atinm&gt; that's what I wanted to hear</span><br />
<span class="irc-date">[0:55]</span> <span class="irc-green">* HRTheJoey (~HRTheJoey@pool-98-114-240-193.phlapa.fios.verizon.net) has joined this channel.</span><br />
<span class="irc-date">[0:55]</span> <span class="irc-black">&lt;atinm&gt; I found those two - and also extendedcommands.c</span><br />
<span class="irc-date">[0:56]</span> <span class="irc-black">&lt;koush_&gt; ah, uhmm</span><br />
<span class="irc-date">[0:56]</span> <span class="irc-black">&lt;atinm&gt; but found a whole lot of other places that I want to ignore.</span><br />
<span class="irc-date">[0:56]</span> <span class="irc-black">&lt;koush_&gt; extendedcommans.c uses what? reboot() or __reboot()?</span><br />
<span class="irc-date">[0:56]</span> <span class="irc-black">&lt;atinm&gt; __reboot</span><br />
<span class="irc-date">[0:56]</span> <span class="irc-black">&lt;koush_&gt; i wouldnt even bother with extendedcommands</span><br />
<span class="irc-date">[0:56]</span> <span class="irc-black">&lt;koush_&gt; does not matter</span><br />
<span class="irc-date">[0:56]</span> <span class="irc-black">&lt;atinm&gt; actually, both</span><br />
<span class="irc-date">[0:56]</span> <span class="irc-black">&lt;koush_&gt; thats just the in menu recovery reboot to recovery</span><br />
<span class="irc-date">[0:56]</span> <span class="irc-black">&lt;koush_&gt; if it doesnt work, its not the end of the wor;ld</span><br />
<span class="irc-date">[0:56]</span> <span class="irc-black">&lt;koush_&gt; worl*</span><br />
<span class="irc-date">[0:56]</span> <span class="irc-black">&lt;koush_&gt; world*</span><br />
<span class="irc-date">[0:56]</span> <span class="irc-black">&lt;atinm&gt; sorry, no - it calls __reboot. reboot.c calls both</span><br />
<span class="irc-date">[0:56]</span> <span class="irc-black">&lt;atinm&gt; ok</span><br />
<span class="irc-date">[0:57]</span> <span class="irc-green">* kalpik (~kalpik@unaffiliated/kalpik) has joined this channel.</span><br />
<span class="irc-date">[0:57]</span> <span class="irc-black">&lt;atinm&gt; I should also try to get adb reboot recovery to work</span><br />
<span class="irc-date">[0:57]</span> <span class="irc-black">&lt;atinm&gt; so at most 4 places. I can do that :)</span><br />
<span class="irc-date">[0:57]</span> <span class="irc-black">&lt;atinm&gt; will let you know so we can try it out with you.</span><br />
<span class="irc-date">[0:58]</span> <span class="irc-black">&lt;koush_&gt; cool</span><br />
<span class="irc-date">[0:58]</span> <span class="irc-black">&lt;atinm&gt; thanks</span><br />
<span class="irc-date">[0:58]</span> <span class="irc-black">&lt;koush_&gt; so __reboot</span><br />
<span class="irc-date">[0:58]</span> <span class="irc-black">&lt;koush_&gt; isnt that a syscall wrapper in bionic</span><br />
<span class="irc-date">[0:58]</span> <span class="irc-black">&lt;koush_&gt; you could even really just hook it there.</span><br />
<span class="irc-date">[0:58]</span> <span class="irc-black">&lt;atinm&gt; it is. but it calls reboot.S</span><br />
<span class="irc-date">[0:58]</span> <span class="irc-black">&lt;koush_&gt; i think thats what ultimately everything calls</span><br />
<span class="irc-date">[0:58]</span> <span class="irc-black">&lt;atinm&gt; which was scary to touch</span><br />
<span class="irc-date">[0:58]</span> <span class="irc-black">&lt;koush_&gt; oh i see</span><br />
<span class="irc-date">[0:58]</span> <span class="irc-black">&lt;koush_&gt; that's generated code</span><br />
<span class="irc-date">[0:59]</span> <span class="irc-black">&lt;atinm&gt; k, I didn't know what it did - I don't read arm asm</span><br />
<span class="irc-date">[0:59]</span> <span class="irc-black">&lt;atinm&gt; or whatever asm that is. gnu I guess</span><br />
<span class="irc-date">[0:59]</span> <span class="irc-black">&lt;atinm&gt; I remember unhelpful has put in a preshutdown script thing that was rejected as being too dirty</span><br />
<span class="irc-date">[0:59]</span> <span class="irc-black">&lt;atinm&gt; now I know why he wanted it :)</span><br />
<span class="irc-date">[1:00]</span> <span class="irc-black">&lt;koush_&gt; yheah</span><br />
<span class="irc-date">[1:00]</span> <span class="irc-black">&lt;koush_&gt; he wanted to sync before reboot</span><br />
<span class="irc-date">[1:00]</span> <span class="irc-black">&lt;koush_&gt; i think</span><br />
<span class="irc-date">[1:00]</span> <span class="irc-black">&lt;atinm&gt; he had wrapped __reboot in a macro</span><br />
<span class="irc-date">[1:00]</span> <span class="irc-black">&lt;koush_&gt; that's too scary</span><br />
<span class="irc-date">[1:00]</span> <span class="irc-black">&lt;atinm&gt; right</span><br />
<span class="irc-date">[1:00]</span> <span class="irc-black">&lt;techmik67&gt; he has a pending code review he forgot to add koush to =)</span><br />
<span class="irc-date">[1:00]</span> <span class="irc-black">&lt;koush_&gt; cause that may make the phone never reboot</span><br />
<span class="irc-date">[1:00]</span> <span class="irc-black">&lt;koush_&gt; cause it may hang on sync</span><br />
<span class="irc-date">[1:00]</span> <span class="irc-black">&lt;atinm&gt; ok, yeah - we agreed that wasn't good.</span><br />
<span class="irc-date">[1:00]</span> <span class="irc-black">&lt;atinm&gt; but it would be nice if we could make all the code somehow got thru one point that was still cpp code that then turned around and called __reboot</span><br />
<span class="irc-date">[1:01]</span> <span class="irc-black">&lt;atinm&gt; rather than __reboot being called in many places.</span><br />
<span class="irc-date">[1:01]</span> <span class="irc-black">&lt;atinm&gt; would be cleaner - but more work than this is worth.</span><br />
<span class="irc-date">[1:01]</span> <span class="irc-black">&lt;atinm&gt; so just going to hack in the 4 places.</span><br />
<span class="irc-date">[1:02]</span> <span class="irc-black">&lt;atinm&gt; techmik67: what pending code review?</span><br />
<span class="irc-date">[1:02]</span> <span class="irc-black">&lt;atinm&gt; what is it about?</span><br />
<span class="irc-date">[1:02]</span> <span class="irc-black">&lt;techmik67&gt; <a href="http://review.cyanogenmod.com/5015">http://review.cyanogenmod.com/5015</a></span><br />
<span class="irc-date">[1:02]</span> <span class="irc-navy">* kalpik (~kalpik@unaffiliated/kalpik) Quit (Ping timeout: 260 seconds)</span><br />
<span class="irc-date">[1:02]</span> <span class="irc-black">&lt;atinm&gt; ooh, crap.</span><br />
<span class="irc-date">[1:02]</span> <span class="irc-black">&lt;atinm&gt; koush don't look at it yet :)</span><br />
<span class="irc-date">[1:02]</span> <span class="irc-black">&lt;koush_&gt; k</span><br />
<span class="irc-date">[1:03]</span> <span class="irc-black">&lt;atinm&gt; at least, look at it with unhelpful - we've also had to do some stuff to Makefile</span><br />
<span class="irc-date">[1:03]</span> <span class="irc-navy">* koush_ (~koush@74.202.210.58) Quit (Quit: koush_)</span><br />
<span class="irc-date">[1:03]</span> <span class="irc-black">&lt;codeworkx&gt; a) cam preview fixed b) totally fuxx0red</span><br />
<span class="irc-date">[1:04]</span> <span class="irc-black">&lt;atinm&gt; that review is too scary to look at right now</span><br />
<span class="irc-date">[1:04]</span> <span class="irc-black">&lt;atinm&gt; dont' bring it up yet :)</span><br />
<span class="irc-date">[1:04]</span> <span class="irc-black">&lt;techmik67&gt; k</span><br />
<span class="irc-date">[1:04]</span> <span class="irc-black">&lt;codeworkx&gt; ok, totally fuxx0red xD</span><br />
<span class="irc-date">[1:04]</span> <span class="irc-black">&lt;atinm&gt; :)</span><br />
<span class="irc-date">[1:09]</span> <span class="irc-black">&lt;atinm&gt; hey, what happens when we actually do a reboot recovery?</span><br />
<span class="irc-date">[1:09]</span> <span class="irc-black">&lt;atinm&gt; does it just reboot and come back?</span><br />
<span class="irc-date">[1:11]</span> <span class="irc-black">&lt;techmik67&gt; regular reboot</span><br />
<span class="irc-date">[1:16]</span> <span class="irc-green">* kalpik (~kalpik@unaffiliated/kalpik) has joined this channel.</span><br />
<span class="irc-date">[1:16]</span> <span class="irc-black">&lt;Kaik541&gt; atinm, I would imagine it calls the "reboot" binary</span><br />
<span class="irc-date">[1:16]</span> <span class="irc-navy">* kalpik (~kalpik@unaffiliated/kalpik) Quit (Read error: Connection reset by peer)</span><br />
<span class="irc-date">[1:16]</span> <span class="irc-black">&lt;Kaik541&gt; so shouldn't tweaking that to use our method cause it to defacto work?</span><br />
<span class="irc-date">[1:17]</span> <span class="irc-black">&lt;atinm&gt; I was asking because I'm looking at that code and I wanted to make sure it just reboots</span><br />
<span class="irc-date">[1:17]</span> <span class="irc-black">&lt;atinm&gt; but yes, I am modifying the reboot binary</span><br />
<span class="irc-date">[1:18]</span> <span class="irc-black">&lt;atinm&gt; as well as the power menu</span><br />
<span class="irc-date">[1:18]</span> <span class="irc-black">&lt;atinm&gt; turns out there is already something I can use</span><br />
<span class="irc-date">[1:19]</span> <span class="irc-black">&lt;gehzumteufel&gt; lol all that wasted time</span><br />
<span class="irc-date">[1:19]</span> <span class="irc-black">&lt;gehzumteufel&gt; Oh well</span><br />
<span class="irc-date">[1:19]</span> <span class="irc-black">&lt;atinm&gt; no, not wasted - I mean something I can try to make it work cleanly</span><br />
<span class="irc-date">[1:19]</span> <span class="irc-black">&lt;atinm&gt; it isn't all there</span><br />
<span class="irc-date">[1:19]</span> <span class="irc-black">&lt;atinm&gt; but the start of it, so I can do it</span><br />
<span class="irc-date">[1:22]</span> <span class="irc-navy">* zachy_md|busy (~zacharias@chello084114179145.16.15.vie.surfer.at) Quit (Remote host closed the connection)</span><br />
<span class="irc-date">[1:25]</span> <span class="irc-black">&lt;gehzumteufel&gt; Ah sweet. What about reboot download?</span><br />
<span class="irc-date">[1:25]</span> <span class="irc-black">&lt;atinm&gt; nothing we can do about it</span><br />
<span class="irc-date">[1:25]</span> <span class="irc-black">&lt;atinm&gt; that's all bootloader</span><br />
<span class="irc-date">[1:25]</span> <span class="irc-black">&lt;gehzumteufel&gt; Ah</span><br />
<span class="irc-date">[1:26]</span> <span class="irc-black">&lt;atinm&gt; (when I'm quiet - its usually because I'm deep in coding, so shh! :) )</span><br />
<span class="irc-date">[1:29]</span> <span class="irc-brick">* gehzumteufel yells atinm's name a lot</span><br />
<span class="irc-date">[1:30]</span> <span class="irc-black">&lt;techmik67&gt; lol @kaik541..... "we like things far away...."</span><br />
<span class="irc-date">[1:31]</span> <span class="irc-black">&lt;Kaik541&gt; yeah, it was an annoying question</span><br />
<span class="irc-date">[1:33]</span> <span class="irc-green">* kalpik (~kalpik@unaffiliated/kalpik) has joined this channel.</span><br />
<span class="irc-date">[1:37]</span> <span class="irc-green">* koush_ (~koush@c-98-232-66-164.hsd1.wa.comcast.net) has joined this channel.</span><br />
<span class="irc-date">[1:38]</span> <span class="irc-navy">* koush_ (~koush@c-98-232-66-164.hsd1.wa.comcast.net) Quit (Client Quit)</span><br />
<span class="irc-date">[1:38]</span> <span class="irc-black">&lt;atinm&gt; crap</span><br />
<span class="irc-date">[1:39]</span> <span class="irc-navy">* kalpik (~kalpik@unaffiliated/kalpik) Quit (Ping timeout: 248 seconds)</span><br />
<span class="irc-date">[1:40]</span> <span class="irc-black">&lt;atinm&gt; alright, lets see if this works.</span><br />
<span class="irc-date">[1:40]</span> <span class="irc-black">&lt;Kaik541&gt; *crosses fingers*</span><br />
<span class="irc-date">[1:41]</span> <span class="irc-black">&lt;chaembian|away&gt; Good morning</span><br />
<span class="irc-date">[1:41]</span> <span class="irc-black">&lt;atinm&gt; modified adb, reboot and menu</span><br />
<span class="irc-date">[1:41]</span> <span class="irc-black">&lt;atinm&gt; and one other place I can't remember</span><br />
<span class="irc-date">[1:41]</span> <span class="irc-black">&lt;Kaik541&gt; ___reboot()?</span><br />
<span class="irc-date">[1:41]</span> <span class="irc-black">&lt;atinm&gt; no</span><br />
<span class="irc-date">[1:41]</span> <span class="irc-black">&lt;atinm&gt; everywhere that we call __reboot for recovery, I have an #ifdef</span><br />
<span class="irc-date">[1:42]</span> <span class="irc-black">&lt;atinm&gt; that first does a touch of /cache/.startrecovery</span><br />
<span class="irc-date">[1:42]</span> <span class="irc-black">&lt;atinm&gt; AOSP has something called RECOVERY_PRE_CMD</span><br />
<span class="irc-date">[1:42]</span> <span class="irc-black">&lt;atinm&gt; that is not used except in one spot in the power menu</span><br />
<span class="irc-date">[1:42]</span> <span class="irc-black">&lt;atinm&gt; I think it was for that.</span><br />
<span class="irc-date">[1:42]</span> <span class="irc-black">&lt;atinm&gt; so I am using it in other places as well</span><br />
<span class="irc-date">[1:43]</span> <span class="irc-black">&lt;atinm&gt; maybe not AOSP</span><br />
<span class="irc-date">[1:43]</span> <span class="irc-black">&lt;atinm&gt; but it was already there :)</span><br />
<span class="irc-date">[1:43]</span> <span class="irc-black">&lt;atinm&gt; and frameworks/core is using it :)</span><br />
<span class="irc-date">[1:43]</span> <span class="irc-black">&lt;atinm&gt; so I can too</span><br />
<span class="irc-date">[1:43]</span> <span class="irc-navy">* J_ez_2cool (~chatzilla@cpe-174-109-017-182.nc.res.rr.com) Quit (Quit: ChatZilla 0.9.86.1 [Firefox 4.0.1/20110413222027])</span><br />
<span class="irc-date">[1:44]</span> <span class="irc-black">&lt;atinm&gt; techmik, are you running the unhelpful build?</span><br />
<span class="irc-date">[1:44]</span> <span class="irc-black">&lt;atinm&gt; the prebuilt kernel?</span><br />
<span class="irc-date">[1:44]</span> <span class="irc-black">&lt;techmik67&gt; yup</span><br />
<span class="irc-date">[1:44]</span> <span class="irc-black">&lt;techmik67&gt; its merged</span><br />
<span class="irc-date">[1:44]</span> <span class="irc-black">&lt;atinm&gt; can you get into adb shell</span><br />
<span class="irc-date">[1:44]</span> <span class="irc-black">&lt;atinm&gt; and do a which touch</span><br />
<span class="irc-date">[1:44]</span> <span class="irc-black">&lt;techmik67&gt; yes</span><br />
<span class="irc-date">[1:44]</span> <span class="irc-black">&lt;atinm&gt; once in boot image and once in recovery</span><br />
<span class="irc-date">[1:47]</span> <span class="irc-black">&lt;techmik_laptop&gt; ok</span><br />
<span class="irc-date">[1:47]</span> <span class="irc-black">&lt;techmik_laptop&gt; regular booted: /system/xbin/touch</span><br />
<span class="irc-date">[1:47]</span> <span class="irc-black">&lt;techmik_laptop&gt; recovery: /sbin/touch</span><br />
<span class="irc-date">[1:47]</span> <span class="irc-black">&lt;atinm&gt; ok</span><br />
<span class="irc-date">[1:47]</span> <span class="irc-black">&lt;atinm&gt; hrm.</span><br />
<span class="irc-date">[1:47]</span> <span class="irc-black">&lt;codeworkx&gt; atinm: this fuct preview is simply a conversion fail</span><br />
<span class="irc-date">[1:47]</span> <span class="irc-black">&lt;atinm&gt; not good.</span><br />
<span class="irc-date">[1:48]</span> <span class="irc-black">&lt;codeworkx&gt; false format</span><br />
<span class="irc-date">[1:49]</span> <span class="irc-green">* kalpik (~kalpik@unaffiliated/kalpik) has joined this channel.</span><br />
<span class="irc-date">[1:51]</span> <span class="irc-navy">* chaembian|away (~chaembian@122.174.100.170) Quit (Ping timeout: 240 seconds)</span><br />
<span class="irc-date">[1:54]</span> <span class="irc-navy">* kalpik (~kalpik@unaffiliated/kalpik) Quit (Ping timeout: 248 seconds)</span><br />
<span class="irc-date">[1:54]</span> <span class="irc-green">* kalpik (~kalpik@unaffiliated/kalpik) has joined this channel.</span><br />
<span class="irc-date">[1:56]</span> <span class="irc-navy">* kalpik (~kalpik@unaffiliated/kalpik) Quit (Client Quit)</span><br />
<span class="irc-date">[1:57]</span> <span class="irc-green">* chaembian (~chaembian@122.174.111.3) has joined this channel.</span><br />
