<span class="irc-date">[0:05]</span> <span class="irc-navy">* Kaik541 (~Rawr@cpe-66-68-164-213.austin.res.rr.com) Quit (Quit: Leaving)</span><br />
<span class="irc-date">[0:13]</span> <span class="irc-green">* Kaik541 (~Rawr@cpe-66-68-164-213.austin.res.rr.com) has joined this channel.</span><br />
<span class="irc-date">[1:30]</span> <span class="irc-green">* nullghost (~quassel@c-76-18-157-237.hsd1.tn.comcast.net) has joined this channel.</span><br />
<span class="irc-date">[1:42]</span> <span class="irc-green">* chaembian (~chaembian@122.174.100.216) has joined this channel.</span><br />
<span class="irc-date">[1:51]</span> <span class="irc-green">* TMC_Sherpa (~jeff@c-67-173-42-196.hsd1.il.comcast.net) has joined this channel.</span><br />
<span class="irc-date">[2:25]</span> <span class="irc-green">* TMC_Sherpa (~jeff@c-67-173-42-196.hsd1.il.comcast.net) has left this channel.</span><br />
<span class="irc-date">[2:39]</span> <span class="irc-black">&lt;chaembian&gt; ARIES is the internal name for Vibrant?</span><br />
<span class="irc-date">[2:42]</span> <span class="irc-black">&lt;techmik67&gt; no</span><br />
<span class="irc-date">[2:42]</span> <span class="irc-black">&lt;techmik67&gt; we are all ares</span><br />
<span class="irc-date">[2:42]</span> <span class="irc-black">&lt;techmik67&gt; aries</span><br />
<span class="irc-date">[2:45]</span> <span class="irc-black">&lt;Kaik541&gt; mach_aries = all galaxy s... t959 is vibrant</span><br />
<span class="irc-date">[2:54]</span> <span class="irc-black">&lt;chaembian&gt; OK! Thank you!</span><br />
<span class="irc-date">[3:02]</span> <span class="irc-navy">* iCEBrkr (~icebrkr@cyberdyne.org) Quit (Quit: leaving)</span><br />
<span class="irc-date">[3:09]</span> <span class="irc-navy">* sixstringsg (~Jason@pool-173-74-150-29.dllstx.fios.verizon.net) Quit (Quit: sixstringsg)</span><br />
<span class="irc-date">[3:10]</span> <span class="irc-black">&lt;Kaik541&gt; they're hosting MIUI for SGS on sourceforge... isn't that only for open source projects?</span><br />
<span class="irc-date">[3:35]</span> <span class="irc-green">* ciwrl|away is now known as ciwrl</span><br />
<span class="irc-date">[3:44]</span> <span class="irc-navy">* nullghost (~quassel@c-76-18-157-237.hsd1.tn.comcast.net) Quit (Remote host closed the connection)</span><br />
<span class="irc-date">[3:51]</span> <span class="irc-navy">* acdbx (~acdbx@cpe-66-75-28-44.san.res.rr.com) Quit (Ping timeout: 258 seconds)</span><br />
<span class="irc-date">[3:51]</span> <span class="irc-green">* acdbx (acdbx@137.110.34.183) has joined this channel.</span><br />
<span class="irc-date">[3:59]</span> <span class="irc-navy">* acdbx (acdbx@137.110.34.183) Quit (Ping timeout: 252 seconds)</span><br />
<span class="irc-date">[3:59]</span> <span class="irc-green">* acdbx (~acdbx@cpe-66-75-28-44.san.res.rr.com) has joined this channel.</span><br />
