<span class="irc-date">[0:07]</span> <span class="irc-navy">* birdman (~Steven@24.246.130.106) Quit (Read error: Connection reset by peer)</span><br />
<span class="irc-date">[0:09]</span> <span class="irc-green">* ciwrl (ciwrl@pool-173-73-39-184.washdc.fios.verizon.net) has joined this channel.</span><br />
<span class="irc-date">[0:11]</span> <span class="irc-navy">* techmik_laptop (~techmik@c-76-109-173-83.hsd1.fl.comcast.net) Quit (Quit: Konversation terminated!)</span><br />
<span class="irc-date">[0:11]</span> <span class="irc-green">* techmik_laptop (~techmik@c-76-109-173-83.hsd1.fl.comcast.net) has joined this channel.</span><br />
<span class="irc-date">[0:25]</span> <span class="irc-green">* ytt3r is now known as ytt3r|NCIS</span><br />
<span class="irc-date">[1:05]</span> <span class="irc-green">* Kaik541 (~nertz@32.167.217.119) has joined this channel.</span><br />
<span class="irc-date">[1:08]</span> <span class="irc-green">* noobnl (noob@unaffiliated/noobnl) has joined this channel.</span><br />
<span class="irc-date">[1:20]</span> <span class="irc-green">* ytt3r|NCIS is now known as ytt3r</span><br />
<span class="irc-date">[1:59]</span> <span class="irc-green">* atinm (~atin@unaffiliated/atinm) has joined this channel.</span><br />
<span class="irc-date">[1:59]</span> <span class="irc-green">* ChanServ sets mode +o atinm</span><br />
<span class="irc-date">[2:03]</span> <span class="irc-black">&lt;atinm&gt; techmik, any luck? on anything? :)</span><br />
<span class="irc-date">[2:04]</span> <span class="irc-black">&lt;atinm&gt; well, related to camera and boot logo</span><br />
<span class="irc-date">[2:04]</span> <span class="irc-black">&lt;techmik67&gt; camera yes, but bootlogo...</span><br />
<span class="irc-date">[2:04]</span> <span class="irc-black">&lt;techmik67&gt; it was a different i9000</span><br />
<span class="irc-date">[2:04]</span> <span class="irc-black">&lt;atinm&gt; hrm.</span><br />
<span class="irc-date">[2:05]</span> <span class="irc-black">&lt;techmik67&gt; and my phone wouldnt get past that screen</span><br />
<span class="irc-date">[2:05]</span> <span class="irc-black">&lt;techmik67&gt; no recovery or regular boot</span><br />
<span class="irc-date">[2:05]</span> <span class="irc-black">&lt;atinm&gt; k. well - I'll figure it out when I get back from vacation</span><br />
<span class="irc-date">[2:05]</span> <span class="irc-black">&lt;atinm&gt; or ytt3r just gets coolya another logo image and coolya puts it in :)</span><br />
<span class="irc-date">[2:06]</span> <span class="irc-black">&lt;techmik67&gt; k... trying a fresh build right now, without it to ensure cam fixes</span><br />
<span class="irc-date">[2:06]</span> <span class="irc-black">&lt;atinm&gt; send whatever changed to ytt3r so he can commit</span><br />
<span class="irc-date">[2:06]</span> <span class="irc-black">&lt;ytt3r&gt; got cam</span><br />
<span class="irc-date">[2:06]</span> <span class="irc-black">&lt;atinm&gt; I am going to bed - have a very early flight tomorrow morning</span><br />
<span class="irc-date">[2:06]</span> <span class="irc-black">&lt;ytt3r&gt; working on boot</span><br />
<span class="irc-date">[2:06]</span> <span class="irc-black">&lt;ytt3r&gt; cya atinm have fun</span><br />
<span class="irc-date">[2:06]</span> <span class="irc-black">&lt;atinm&gt; and will have inet access, but doubt I'll be on much :)</span><br />
<span class="irc-date">[2:07]</span> <span class="irc-black">&lt;atinm&gt; but I'll at least look at the commit messages.</span><br />
<span class="irc-date">[2:07]</span> <span class="irc-black">&lt;techmik67&gt; we'll be here testing and building merrily =)</span><br />
<span class="irc-date">[2:09]</span> <span class="irc-black">&lt;ytt3r&gt; Now, this is very optimistic</span><br />
<span class="irc-date">[2:09]</span> <span class="irc-black">&lt;ytt3r&gt; but hopefully</span><br />
<span class="irc-date">[2:09]</span> <span class="irc-black">&lt;ytt3r&gt; we'll have EVERYTHING fixed</span><br />
<span class="irc-date">[2:09]</span> <span class="irc-black">&lt;ytt3r&gt; =D</span><br />
<span class="irc-date">[2:10]</span> <span class="irc-black">&lt;atinm&gt; :)</span><br />
<span class="irc-date">[2:10]</span> <span class="irc-black">&lt;atinm&gt; well, good luck. I'll see you guys.</span><br />
<span class="irc-date">[2:10]</span> <span class="irc-black">&lt;techmik67&gt; have a good time</span><br />
<span class="irc-date">[2:10]</span> <span class="irc-black">&lt;atinm&gt; thanks :)</span><br />
<span class="irc-date">[2:10]</span> <span class="irc-navy">* atinm (~atin@unaffiliated/atinm) Quit (Quit: atinm)</span><br />
<span class="irc-date">[2:20]</span> <span class="irc-green">* kalpik (~kalpik@unaffiliated/kalpik) has joined this channel.</span><br />
<span class="irc-date">[2:29]</span> <span class="irc-navy">* h8|mobile (~h8rift@166.188.74.234) Quit (Quit: Bye)</span><br />
<span class="irc-date">[2:43]</span> <span class="irc-green">* glim (~glim@tompc6.bme.unc.edu) has joined this channel.</span><br />
<span class="irc-date">[2:46]</span> <span class="irc-green">* h8rift (~h8@ip68-111-114-81.fv.ks.cox.net) has joined this channel.</span><br />
