<span class="irc-date">[0:05]</span> <span class="irc-navy">* jt|sleepytime (~jt1134@c-71-207-226-80.hsd1.al.comcast.net) Quit (Ping timeout: 240 seconds)</span><br />
<span class="irc-date">[0:10]</span> <span class="irc-green">* magote (~magote@a79-169-106-110.cpe.netcabo.pt) has joined this channel.</span><br />
<span class="irc-date">[0:13]</span> <span class="irc-green">* jt1134 (~jt1134@c-71-207-226-80.hsd1.al.comcast.net) has joined this channel.</span><br />
<span class="irc-date">[0:17]</span> <span class="irc-green">* coolya is now known as coolya|away</span><br />
<span class="irc-date">[0:28]</span> <span class="irc-navy">* GuiPer (~GuiPer@94.230.144.39) Quit (Ping timeout: 272 seconds)</span><br />
<span class="irc-date">[0:56]</span> <span class="irc-navy">* atinm|away (~atin@unaffiliated/atinm) Quit (Quit: atinm|away)</span><br />
<span class="irc-date">[11:03]</span> <span class="irc-brown">-anthony.freenode.net- *** Looking up your hostname...</span><br />
<span class="irc-date">[11:03]</span> <span class="irc-brown">-anthony.freenode.net- *** Checking Ident</span><br />
<span class="irc-date">[11:03]</span> <span class="irc-brown">-anthony.freenode.net- *** No Ident response</span><br />
<span class="irc-date">[11:03]</span> <span class="irc-brown">-anthony.freenode.net- *** Found your hostname</span><br />
<span class="irc-date">[11:03]</span> <span class="irc-green">* cmsgsteam-logger (~PircBot@cmsgs.com) has joined this channel.</span><br />
<span class="irc-date">[11:03]</span> <span class="irc-green">* Topic is 'SGS CyanogenMod developers and testers (and other kernel and android hackers) - <a href="http://www.cmsgs.com/'">http://www.cmsgs.com/'</a></span><br />
<span class="irc-date">[11:03]</span> <span class="irc-green">* Set by atinm|night!~atin@unaffiliated/atinm on Sun Dec 19 02:05:32 GMT 2010</span><br />
<span class="irc-date">[11:03]</span> <span class="irc-brown">-ChanServ- [#__topsecret__] SGS-CM6 developers and testers only pls. Others could be kickbanned if not contributing to the channel's function.</span><br />
<span class="irc-date">[11:03]</span> <span class="irc-green">* ChanServ sets mode +o cmsgsteam-logger</span><br />
<span class="irc-date">[13:21]</span> <span class="irc-navy">* atinm (~atin@unaffiliated/atinm) Quit (Quit: atinm)</span><br />
<span class="irc-date">[13:51]</span> <span class="irc-green">* thedeanius (~dean@64.151.21.178) has joined this channel.</span><br />
<span class="irc-date">[14:02]</span> <span class="irc-navy">* gdanko_home (~gdanko_ho@99-33-178-151.lightspeed.simica.sbcglobal.net) Quit (Ping timeout: 255 seconds)</span><br />
<span class="irc-date">[14:37]</span> <span class="irc-green">* gdanko (~gdanko@66-162-32-185.static.twtelecom.net) has joined this channel.</span><br />
<span class="irc-date">[14:49]</span> <span class="irc-green">* neldar (~neldar@dsl22-187.pool.bitel.net) has joined this channel.</span><br />
<span class="irc-date">[14:49]</span> <span class="irc-black">&lt;- *neldar* Bot Sentry eingeschalten:  Sie werden jetzt ignoriert!  Ihre Nachricht wird übermittelt wenn sie die folgenden Fragen innerhalb von 10 Minuten richtig beantworten:  How do you spell the result of ten div_ided by 2?</span><br />
<span class="irc-date">[15:33]</span> <span class="irc-green">* izibi (~julian@unaffiliated/izibi) has joined this channel.</span><br />
<span class="irc-date">[15:35]</span> <span class="irc-black">&lt;UberPinguin&gt; I've seen noobnl say a few times that the audio routing bugs are due to a problem with the modem.  I'm curious about what evidence we have of this, it seems like it would be a very strange thing.</span><br />
<span class="irc-date">[15:41]</span> <span class="irc-green">* atinm (~amalaviya@unaffiliated/atinm) has joined this channel.</span><br />
<span class="irc-date">[15:41]</span> <span class="irc-green">* ChanServ sets mode +o atinm</span><br />
<span class="irc-date">[15:48]</span> <span class="irc-black">&lt;atinm&gt; hey coolya|away: should I duplicate your initramfs with the /data having the initramfs in it like you've done for galaxys?</span><br />
<span class="irc-date">[15:48]</span> <span class="irc-black">&lt;atinm&gt; do the same for captivate?</span><br />
<span class="irc-date">[15:48]</span> <span class="irc-black">&lt;atinm&gt; I'm syncing - so I'll see what else I have to do . . .</span><br />
<span class="irc-date">[16:31]</span> <span class="irc-green">* thedood is now known as thedood|away</span><br />
<span class="irc-date">[17:02]</span> <span class="irc-green">* GuiPer (~GuiPer@94.230.144.39) has joined this channel.</span><br />
<span class="irc-date">[18:15]</span> <span class="irc-green">* birdman (~Steven@adsl-072-148-044-213.sip.rmo.bellsouth.net) has joined this channel.</span><br />
<span class="irc-date">[18:15]</span> <span class="irc-black">&lt;birdman&gt; anyone here good with the asound.conf setup?</span><br />
<span class="irc-date">[18:27]</span> <span class="irc-navy">* jt|BlackOps (~jt1134@c-71-207-226-80.hsd1.al.comcast.net) Quit (Remote host closed the connection)</span><br />
<span class="irc-date">[18:37]</span> <span class="irc-green">* jt1134 (~jt1134@c-71-207-226-80.hsd1.al.comcast.net) has joined this channel.</span><br />
<span class="irc-date">[18:54]</span> <span class="irc-navy">* thedeanius (~dean@64.151.21.178) Quit (Ping timeout: 255 seconds)</span><br />
<span class="irc-date">[18:58]</span> <span class="irc-green">* jt1134 is now known as jt|store</span><br />
