<span class="irc-date">[0:00]</span> <span class="irc-navy">* kalpik (~kalpik@unaffiliated/kalpik) Quit (Ping timeout: 240 seconds)</span><br />
<span class="irc-date">[0:13]</span> <span class="irc-green">* kalpik (~kalpik@unaffiliated/kalpik) has joined this channel.</span><br />
<span class="irc-date">[0:21]</span> <span class="irc-green">* icezar (~icezar@unaffiliated/icezar) has joined this channel.</span><br />
<span class="irc-date">[0:33]</span> <span class="irc-navy">* stickpin (~stickpin@84.94.109.203.cable.012.net.il) Quit (Ping timeout: 250 seconds)</span><br />
<span class="irc-date">[0:34]</span> <span class="irc-black">&lt;Unhelpful&gt; bah. the values i got earlier from poking @ the offsets file for the magnetometer don't make any sense. unless i messed up in collecting them. probably did.</span><br />
<span class="irc-date">[0:43]</span> <span class="irc-black">&lt;Kaik541&gt; ok so that's interesting, I'm usually incapable of using i9000 modems without losing service, but now I seem to have a different bug where the data is the only thing that breaks</span><br />
<span class="irc-date">[0:44]</span> <span class="irc-black">&lt;Kaik541&gt; instead of losing all service/reception, my data goes down, and then restarts, but I stay connected to the network</span><br />
<span class="irc-date">[0:44]</span> <span class="irc-black">&lt;Kaik541&gt; and I can even place calls just fine when it happens... that's a step in the right direction</span><br />
<span class="irc-date">[1:01]</span> <span class="irc-black">&lt;Kaik541&gt; well that's slightly less interesting: <a href="http://pastebin.com/RM26aBvM">http://pastebin.com/RM26aBvM</a></span><br />
<span class="irc-date">[1:17]</span> <span class="irc-navy">* siegeljb (~Jason@c-98-250-110-164.hsd1.mi.comcast.net) Quit (Quit: Leaving)</span><br />
<span class="irc-date">[1:24]</span> <span class="irc-navy">* uberushaximus (~uberushax@71-13-134-35.dhcp.ftbg.wi.charter.com) Quit (Quit: leaving)</span><br />
<span class="irc-date">[1:36]</span> <span class="irc-green">* uberushaximus (~uberushax@71-13-134-35.dhcp.ftbg.wi.charter.com) has joined this channel.</span><br />
<span class="irc-date">[1:44]</span> <span class="irc-black">&lt;uberushaximus&gt; kang: my fork queue is flooded now, did you merge in a ton of kernel.org stuff?</span><br />
<span class="irc-date">[1:47]</span> <span class="irc-black">&lt;ytt3r&gt; 590 commits?!</span><br />
<span class="irc-date">[1:49]</span> <span class="irc-black">&lt;uberushaximus&gt; I built the platypus kernel and it's pretty sweet</span><br />
<span class="irc-date">[2:17]</span> <span class="irc-black">&lt;designfears&gt; lol uberushaximus. i see u in some ustream chat</span><br />
<span class="irc-date">[2:18]</span> <span class="irc-black">&lt;designfears&gt; radio androiddd</span><br />
<span class="irc-date">[2:33]</span> <span class="irc-green">* designfears_ (~df@cpe-184-57-163-79.cinci.res.rr.com) has joined this channel.</span><br />
<span class="irc-date">[2:37]</span> <span class="irc-navy">* designfears (~df@cpe-184-57-163-79.cinci.res.rr.com) Quit (Ping timeout: 276 seconds)</span><br />
<span class="irc-date">[2:38]</span> <span class="irc-navy">* designfears_ (~df@cpe-184-57-163-79.cinci.res.rr.com) Quit (Ping timeout: 255 seconds)</span><br />
<span class="irc-date">[2:55]</span> <span class="irc-black">&lt;uberushaximus&gt; <a href="irc://chat01.ustream.tv/#radioandroid">irc://chat01.ustream.tv/#radioandroid</a></span><br />
<span class="irc-date">[3:20]</span> <span class="irc-green">* ciwrl|bbl is now known as ciwrl</span><br />
<span class="irc-date">[3:23]</span> <span class="irc-navy">* icezar (~icezar@unaffiliated/icezar) Quit (Ping timeout: 246 seconds)</span><br />
<span class="irc-date">[3:30]</span> <span class="irc-black">&lt;uberushaximus&gt; ytt3r: are you being sarcastic? :P</span><br />
<span class="irc-date">[3:42]</span> <span class="irc-navy">* rhcp (rhcp@unaffiliated/rhcp) Quit (Ping timeout: 276 seconds)</span><br />
<span class="irc-date">[3:48]</span> <span class="irc-green">* rhcp (rhcp@216.230.225.114) has joined this channel.</span><br />
<span class="irc-date">[4:57]</span> <span class="irc-black">&lt;uberushaximus&gt; kang: did you just upload your new builds? I don't know what time zone your server is in</span><br />
<span class="irc-date">[5:09]</span> <span class="irc-navy">* ciwrl (~ciwrl@pool-173-79-48-201.washdc.fios.verizon.net) Quit (Quit: rebooting)</span><br />
<span class="irc-date">[5:11]</span> <span class="irc-green">* crypta (~KP@port-12841.pppoe.wtnet.de) has joined this channel.</span><br />
<span class="irc-date">[5:12]</span> <span class="irc-navy">* crypta1 (~KP@port-90345.pppoe.wtnet.de) Quit (Ping timeout: 250 seconds)</span><br />
<span class="irc-date">[5:12]</span> <span class="irc-navy">* rhcp (rhcp@216.230.225.114) Quit (Changing host)</span><br />
<span class="irc-date">[5:12]</span> <span class="irc-green">* rhcp (rhcp@unaffiliated/rhcp) has joined this channel.</span><br />
<span class="irc-date">[5:12]</span> <span class="irc-black">&lt;techmik67&gt; anyone know this? can you create a new nv_data file to restore your imei if you have it written, but not backed up?</span><br />
<span class="irc-date">[5:13]</span> <span class="irc-black">&lt;rhcp&gt; techmik67: you can</span><br />
<span class="irc-date">[5:13]</span> <span class="irc-black">&lt;rhcp&gt; which phone is this?</span><br />
<span class="irc-date">[5:13]</span> <span class="irc-black">&lt;techmik67&gt; excellent... will advise the guy to try</span><br />
<span class="irc-date">[5:13]</span> <span class="irc-black">&lt;techmik67&gt; captivate</span><br />
<span class="irc-date">[5:13]</span> <span class="irc-black">&lt;rhcp&gt; its invloved though</span><br />
<span class="irc-date">[5:13]</span> <span class="irc-black">&lt;techmik67&gt; guuy i know from another channel</span><br />
<span class="irc-date">[5:14]</span> <span class="irc-black">&lt;rhcp&gt; does he have a nv_data.bin at all?</span><br />
<span class="irc-date">[5:14]</span> <span class="irc-black">&lt;techmik67&gt; would you possibly be willing to try to help him? i'll have him meet you in #cmsgs</span><br />
<span class="irc-date">[5:14]</span> <span class="irc-black">&lt;techmik67&gt; no</span><br />
<span class="irc-date">[5:14]</span> <span class="irc-black">&lt;techmik67&gt; he forgot to back up</span><br />
<span class="irc-date">[5:14]</span> <span class="irc-black">&lt;rhcp&gt; uhhh</span><br />
<span class="irc-date">[5:15]</span> <span class="irc-black">&lt;techmik67&gt; b4 flashing something else</span><br />
<span class="irc-date">[5:15]</span> <span class="irc-black">&lt;techmik67&gt; not cm7</span><br />
<span class="irc-date">[5:15]</span> <span class="irc-black">&lt;uberushaximus&gt; oh wow, that sucks</span><br />
<span class="irc-date">[5:15]</span> <span class="irc-black">&lt;rhcp&gt; im trying to think ive done alot of RE on the radio</span><br />
<span class="irc-date">[5:15]</span> <span class="irc-black">&lt;techmik67&gt; uberushaximus: it's quad, in cognition</span><br />
<span class="irc-date">[5:15]</span> <span class="irc-black">&lt;rhcp&gt; nv_stuff</span><br />
<span class="irc-date">[5:15]</span> <span class="irc-black">&lt;rhcp&gt; etc</span><br />
<span class="irc-date">[5:15]</span> <span class="irc-black">&lt;rhcp&gt; i guess you know i made the orig/only unlock</span><br />
<span class="irc-date">[5:15]</span> <span class="irc-black">&lt;rhcp&gt; for this phone</span><br />
<span class="irc-date">[5:15]</span> <span class="irc-black">&lt;uberushaximus&gt; the unlock is a 1 bit change</span><br />
<span class="irc-date">[5:16]</span> <span class="irc-black">&lt;rhcp&gt; 4 bit</span><br />
<span class="irc-date">[5:16]</span> <span class="irc-black">&lt;rhcp&gt; but w/e</span><br />
<span class="irc-date">[5:16]</span> <span class="irc-black">&lt;rhcp&gt; and there is more to it</span><br />
<span class="irc-date">[5:16]</span> <span class="irc-black">&lt;rhcp&gt; thats why i make $</span><br />
<span class="irc-date">[5:16]</span> <span class="irc-black">&lt;rhcp&gt; because people change bits</span><br />
<span class="irc-date">[5:16]</span> <span class="irc-black">&lt;techmik67&gt; =)</span><br />
<span class="irc-date">[5:16]</span> <span class="irc-black">&lt;rhcp&gt; and fuck around :P</span><br />
<span class="irc-date">[5:16]</span> <span class="irc-black">&lt;rhcp&gt; do you own a captivate?</span><br />
<span class="irc-date">[5:16]</span> <span class="irc-black">&lt;uberushaximus&gt; Yes</span><br />
<span class="irc-date">[5:16]</span> <span class="irc-black">&lt;techmik67&gt; me?</span><br />
<span class="irc-date">[5:16]</span> <span class="irc-black">&lt;techmik67&gt; yup</span><br />
<span class="irc-date">[5:17]</span> <span class="irc-black">&lt;rhcp&gt; share me your nv_data.bin private</span><br />
<span class="irc-date">[5:17]</span> <span class="irc-black">&lt;rhcp&gt; let me take a look</span><br />
<span class="irc-date">[5:17]</span> <span class="irc-black">&lt;uberushaximus&gt; aww, I used to have old nv_data.bin files, shame i deleted them</span><br />
<span class="irc-date">[5:17]</span> <span class="irc-black">&lt;techmik67&gt; it's not me that has the problem</span><br />
<span class="irc-date">[5:17]</span> <span class="irc-black">&lt;techmik67&gt; sec</span><br />
<span class="irc-date">[5:17]</span> <span class="irc-black">&lt;techmik67&gt; lemme get him here</span><br />
<span class="irc-date">[5:17]</span> <span class="irc-black">&lt;rhcp&gt; doesnt matter who</span><br />
<span class="irc-date">[5:17]</span> <span class="irc-black">&lt;rhcp&gt; i need a valid file</span><br />
<span class="irc-date">[5:17]</span> <span class="irc-black">&lt;rhcp&gt; + i wanna know whats in /efs</span><br />
<span class="irc-date">[5:18]</span> <span class="irc-black">&lt;rhcp&gt; he may have a backup and not even know it</span><br />
<span class="irc-date">[5:18]</span> <span class="irc-black">&lt;rhcp&gt; ls -l /efs</span><br />
<span class="irc-date">[5:18]</span> <span class="irc-green">* askpcguy (~admin@c-71-197-165-217.hsd1.wa.comcast.net) has joined this channel.</span><br />
<span class="irc-date">[5:18]</span> <span class="irc-black">&lt;rhcp&gt; its a . file</span><br />
<span class="irc-date">[5:18]</span> <span class="irc-black">&lt;rhcp&gt; hidden from ls</span><br />
<span class="irc-date">[5:19]</span> <span class="irc-black">&lt;techmik67&gt; i should rephrase... he has the "bad" imei ..... 0000049....?</span><br />
<span class="irc-date">[5:19]</span> <span class="irc-black">&lt;rhcp&gt; whats in /efs</span><br />
<span class="irc-date">[5:19]</span> <span class="irc-black">&lt;rhcp&gt; and ill tell you what can be done</span><br />
<span class="irc-date">[5:19]</span> <span class="irc-black">&lt;rhcp&gt; pastebin full ls -al</span><br />
<span class="irc-date">[5:19]</span> <span class="irc-black">&lt;techmik67&gt; sec</span><br />
<span class="irc-date">[5:20]</span> <span class="irc-black">&lt;rhcp&gt; i dont have the phone anymore sold it.</span><br />
<span class="irc-date">[5:20]</span> <span class="irc-black">&lt;rhcp&gt; so i cant really test</span><br />
<span class="irc-date">[5:20]</span> <span class="irc-black">&lt;rhcp&gt; so need a person to look at theirs</span><br />
<span class="irc-date">[5:20]</span> <span class="irc-black">&lt;rhcp&gt; if i mod shit</span><br />
<span class="irc-date">[5:20]</span> <span class="irc-green">* ciwrl (~ciwrl@pool-173-79-48-201.washdc.fios.verizon.net) has joined this channel.</span><br />
<span class="irc-date">[5:21]</span> <span class="irc-black">&lt;rhcp&gt; not something i do for free normally :P</span><br />
<span class="irc-date">[5:21]</span> <span class="irc-black">&lt;askpcguy&gt; need to look at what, on a captivate?</span><br />
<span class="irc-date">[5:21]</span> <span class="irc-black">&lt;rhcp&gt; yea if his is cap</span><br />
<span class="irc-date">[5:21]</span> <span class="irc-black">&lt;rhcp&gt; need his ls -al of /efs</span><br />
<span class="irc-date">[5:21]</span> <span class="irc-black">&lt;techmik_laptop&gt; <a href="http://www.pastie.org/1706989">http://www.pastie.org/1706989</a></span><br />
<span class="irc-date">[5:21]</span> <span class="irc-black">&lt;rhcp&gt; and a ls -al /efs from a good one</span><br />
<span class="irc-date">[5:22]</span> <span class="irc-black">&lt;rhcp&gt; i assume thats the good one?</span><br />
<span class="irc-date">[5:22]</span> <span class="irc-black">&lt;rhcp&gt; yes?</span><br />
<span class="irc-date">[5:22]</span> <span class="irc-black">&lt;techmik67&gt; yup</span><br />
<span class="irc-date">[5:22]</span> <span class="irc-black">&lt;rhcp&gt; k</span><br />
<span class="irc-date">[5:22]</span> <span class="irc-black">&lt;rhcp&gt; now need pastebin from bad</span><br />
<span class="irc-date">[5:22]</span> <span class="irc-black">&lt;techmik67&gt; gonna be harder.... he's on his phone in chat....</span><br />
<span class="irc-date">[5:23]</span> <span class="irc-black">&lt;techmik67&gt; does he h ave pc near, askpcguy?</span><br />
<span class="irc-date">[5:23]</span> <span class="irc-black">&lt;rhcp&gt; hehe got 30 mins :)</span><br />
<span class="irc-date">[5:23]</span> <span class="irc-black">&lt;rhcp&gt; thats my free limit :P</span><br />
<span class="irc-date">[5:23]</span> <span class="irc-black">&lt;techmik67&gt; lol,k</span><br />
<span class="irc-date">[5:23]</span> <span class="irc-black">&lt;rhcp&gt; time is time :)</span><br />
<span class="irc-date">[5:24]</span> <span class="irc-black">&lt;rhcp&gt; im not working :)</span><br />
<span class="irc-date">[5:24]</span> <span class="irc-black">&lt;rhcp&gt; so guy with fucked up shit. get a move on</span><br />
<span class="irc-date">[5:25]</span> <span class="irc-black">&lt;rhcp&gt; and i hope he knows how to use adb</span><br />
<span class="irc-date">[5:25]</span> <span class="irc-black">&lt;techmik67&gt; he's getting pc to hook up</span><br />
<span class="irc-date">[5:25]</span> <span class="irc-black">&lt;rhcp&gt; or fuck this :)</span><br />
<span class="irc-date">[5:25]</span> <span class="irc-black">&lt;techmik67&gt; we'll help</span><br />
<span class="irc-date">[5:25]</span> <span class="irc-black">&lt;techmik67&gt; i told him the pastebin you need</span><br />
<span class="irc-date">[5:25]</span> <span class="irc-black">&lt;rhcp&gt; yea</span><br />
<span class="irc-date">[5:25]</span> <span class="irc-black">&lt;rhcp&gt; I wannna see what files he has</span><br />
<span class="irc-date">[5:26]</span> <span class="irc-black">&lt;rhcp&gt; in theory if he checks the repart box it should fix efs</span><br />
<span class="irc-date">[5:26]</span> <span class="irc-black">&lt;rhcp&gt; afaik</span><br />
<span class="irc-date">[5:26]</span> <span class="irc-black">&lt;techmik67&gt; i thought 1 click odin would do it</span><br />
<span class="irc-date">[5:26]</span> <span class="irc-black">&lt;rhcp&gt; no</span><br />
<span class="irc-date">[5:26]</span> <span class="irc-black">&lt;rhcp&gt; that doesnt repoart</span><br />
<span class="irc-date">[5:26]</span> <span class="irc-black">&lt;techmik67&gt; aha</span><br />
<span class="irc-date">[5:26]</span> <span class="irc-black">&lt;rhcp&gt; you need real odin</span><br />
<span class="irc-date">[5:26]</span> <span class="irc-black">&lt;rhcp&gt; whos the sgs here? :P</span><br />
<span class="irc-date">[5:26]</span> <span class="irc-black">&lt;rhcp&gt; jeeze</span><br />
<span class="irc-date">[5:27]</span> <span class="irc-black">&lt;askpcguy&gt; odin3</span><br />
<span class="irc-date">[5:27]</span> <span class="irc-black">&lt;techmik67&gt; he's logging in with computer</span><br />
<span class="irc-date">[5:27]</span> <span class="irc-black">&lt;askpcguy&gt; and the pit files, all that stuff</span><br />
<span class="irc-date">[5:27]</span> <span class="irc-black">&lt;rhcp&gt; yea but not the one click shit</span><br />
<span class="irc-date">[5:27]</span> <span class="irc-black">&lt;rhcp&gt; and you check the 'repartion box"</span><br />
<span class="irc-date">[5:27]</span> <span class="irc-black">&lt;rhcp&gt; should fix efs auto</span><br />
<span class="irc-date">[5:27]</span> <span class="irc-black">&lt;rhcp&gt; but we can try hackiksh way</span><br />
<span class="irc-date">[5:27]</span> <span class="irc-black">&lt;rhcp&gt; depends how fucked your /efs is</span><br />
<span class="irc-date">[5:30]</span> <span class="irc-black">&lt;rhcp&gt; forums say Factory Reset to fix imei</span><br />
<span class="irc-date">[5:30]</span> <span class="irc-black">&lt;askpcguy&gt; think he tried it</span><br />
<span class="irc-date">[5:30]</span> <span class="irc-black">&lt;askpcguy&gt; says he deleted /efs then did the one click but it did not help</span><br />
<span class="irc-date">[5:30]</span> <span class="irc-black">&lt;rhcp&gt; oh</span><br />
<span class="irc-date">[5:30]</span> <span class="irc-black">&lt;rhcp&gt; so /efs is gone?</span><br />
<span class="irc-date">[5:31]</span> <span class="irc-black">&lt;techmik67&gt; askpcguy: i'm switching rooms... can you help this for a few mins til i am done?</span><br />
<span class="irc-date">[5:31]</span> <span class="irc-black">&lt;askpcguy&gt; ok</span><br />
<span class="irc-date">[5:31]</span> <span class="irc-black">&lt;techmik67&gt; thx</span><br />
<span class="irc-date">[5:31]</span> <span class="irc-black">&lt;askpcguy&gt; we need the pull from /efs?</span><br />
<span class="irc-date">[5:31]</span> <span class="irc-black">&lt;rhcp&gt; so got back a sec</span><br />
<span class="irc-date">[5:31]</span> <span class="irc-black">&lt;rhcp&gt; is efs gone</span><br />
<span class="irc-date">[5:31]</span> <span class="irc-black">&lt;rhcp&gt; ?</span><br />
<span class="irc-date">[5:31]</span> <span class="irc-black">&lt;rhcp&gt; like rm -rf</span><br />
<span class="irc-date">[5:31]</span> <span class="irc-black">&lt;rhcp&gt; gone</span><br />
<span class="irc-date">[5:31]</span> <span class="irc-black">&lt;rhcp&gt; thats why i wanted to see the ls -al</span><br />
<span class="irc-date">[5:31]</span> <span class="irc-black">&lt;askpcguy&gt; his attempt to restore the imei, he deleted the folder</span><br />
<span class="irc-date">[5:32]</span> <span class="irc-black">&lt;askpcguy&gt; tried a one click but it did not help</span><br />
<span class="irc-date">[5:32]</span> <span class="irc-black">&lt;rhcp&gt; what was he trying to do?</span><br />
<span class="irc-date">[5:32]</span> <span class="irc-black">&lt;rhcp&gt; in the first place</span><br />
<span class="irc-date">[5:32]</span> <span class="irc-black">&lt;rhcp&gt; to fuck the imei</span><br />
<span class="irc-date">[5:32]</span> <span class="irc-black">&lt;askpcguy&gt; trying to make it work, restore it</span><br />
<span class="irc-date">[5:32]</span> <span class="irc-black">&lt;askpcguy&gt; let me look up in the logs</span><br />
<span class="irc-date">[5:33]</span> <span class="irc-black">&lt;rhcp&gt; i doubte it</span><br />
<span class="irc-date">[5:33]</span> <span class="irc-black">&lt;rhcp&gt; i have a feeling he was doing the unlock scheme</span><br />
<span class="irc-date">[5:33]</span> <span class="irc-black">&lt;rhcp&gt; posted on xda</span><br />
<span class="irc-date">[5:33]</span> <span class="irc-green">* techmik (~techmik@c-76-109-173-83.hsd1.fl.comcast.net) has joined this channel.</span><br />
<span class="irc-date">[5:33]</span> <span class="irc-black">&lt;askpcguy&gt; his phone reports the imei incorrectly</span><br />
<span class="irc-date">[5:33]</span> <span class="irc-black">&lt;rhcp&gt; thats cool</span><br />
<span class="irc-date">[5:34]</span> <span class="irc-black">&lt;askpcguy&gt; lost the bin/bak files</span><br />
<span class="irc-date">[5:34]</span> <span class="irc-black">&lt;rhcp&gt; need /efs ls -al</span><br />
<span class="irc-date">[5:34]</span> <span class="irc-navy">* techmik_laptop (~techmik@c-76-109-173-83.hsd1.fl.comcast.net) Quit (Quit: Konversation terminated!)</span><br />
<span class="irc-date">[5:34]</span> <span class="irc-black">&lt;rhcp&gt; wasting time</span><br />
<span class="irc-date">[5:34]</span> <span class="irc-black">&lt;askpcguy&gt; from a terminal on the device?</span><br />
<span class="irc-date">[5:34]</span> <span class="irc-black">&lt;rhcp&gt; do you know how to use adb</span><br />
<span class="irc-date">[5:34]</span> <span class="irc-green">* quad (d121029f@gateway/web/freenode/ip.209.33.2.159) has joined this channel.</span><br />
<span class="irc-date">[5:35]</span> <span class="irc-black">&lt;quad&gt; finally - i'm here techmik67</span><br />
<span class="irc-date">[5:35]</span> <span class="irc-black">&lt;askpcguy&gt; adb pull /source [local destination]</span><br />
<span class="irc-date">[5:35]</span> <span class="irc-black">&lt;rhcp&gt; quad: are you the guy with the fulled shit?</span><br />
<span class="irc-date">[5:35]</span> <span class="irc-black">&lt;rhcp&gt; fucked</span><br />
<span class="irc-date">[5:35]</span> <span class="irc-black">&lt;rhcp&gt; imei</span><br />
<span class="irc-date">[5:35]</span> <span class="irc-black">&lt;quad&gt; that's me</span><br />
<span class="irc-date">[5:35]</span> <span class="irc-black">&lt;rhcp&gt; ok</span><br />
<span class="irc-date">[5:35]</span> <span class="irc-black">&lt;rhcp&gt; im your man. you got 30 mins free time :)</span><br />
<span class="irc-date">[5:35]</span> <span class="irc-black">&lt;rhcp&gt; i do this shit for cash usally :)</span><br />
<span class="irc-date">[5:35]</span> <span class="irc-black">&lt;quad&gt; sure!</span><br />
<span class="irc-date">[5:35]</span> <span class="irc-black">&lt;rhcp&gt; fyi</span><br />
<span class="irc-date">[5:35]</span> <span class="irc-black">&lt;rhcp&gt; ok</span><br />
<span class="irc-date">[5:36]</span> <span class="irc-black">&lt;rhcp&gt; rule 1 here. dont lie</span><br />
<span class="irc-date">[5:36]</span> <span class="irc-black">&lt;rhcp&gt; or i walk :)</span><br />
<span class="irc-date">[5:36]</span> <span class="irc-black">&lt;rhcp&gt; how did you fuck imei?</span><br />
<span class="irc-date">[5:36]</span> <span class="irc-black">&lt;rhcp&gt; and i need a listing of your /efs dir</span><br />
<span class="irc-date">[5:36]</span> <span class="irc-black">&lt;quad&gt; flashing roms as far as i know or trying to unlock</span><br />
<span class="irc-date">[5:36]</span> <span class="irc-black">&lt;rhcp&gt; adb shell</span><br />
<span class="irc-date">[5:36]</span> <span class="irc-black">&lt;rhcp&gt; su</span><br />
<span class="irc-date">[5:36]</span> <span class="irc-black">&lt;rhcp&gt; busybox ls -al /efs</span><br />
<span class="irc-date">[5:36]</span> <span class="irc-black">&lt;rhcp&gt; pastebin it plz</span><br />
<span class="irc-date">[5:36]</span> <span class="irc-black">&lt;rhcp&gt; latter of course</span><br />
<span class="irc-date">[5:37]</span> <span class="irc-black">&lt;rhcp&gt; you were trying to unlock</span><br />
<span class="irc-date">[5:37]</span> <span class="irc-black">&lt;techmik&gt; ok</span><br />
<span class="irc-date">[5:37]</span> <span class="irc-black">&lt;rhcp&gt; next time. pay a paro</span><br />
<span class="irc-date">[5:37]</span> <span class="irc-black">&lt;rhcp&gt; pro</span><br />
<span class="irc-date">[5:37]</span> <span class="irc-black">&lt;rhcp&gt; lets see if we can save you</span><br />
<span class="irc-date">[5:37]</span> <span class="irc-black">&lt;rhcp&gt; adb shell</span><br />
<span class="irc-date">[5:37]</span> <span class="irc-black">&lt;rhcp&gt; su</span><br />
<span class="irc-date">[5:37]</span> <span class="irc-black">&lt;rhcp&gt; cd /efs</span><br />
<span class="irc-date">[5:37]</span> <span class="irc-black">&lt;rhcp&gt; busybox ls -al</span><br />
<span class="irc-date">[5:37]</span> <span class="irc-black">&lt;rhcp&gt; post to pastebin</span><br />
<span class="irc-date">[5:38]</span> <span class="irc-black">&lt;rhcp&gt; For the record this is the main reason i dont like SGS phones. and never will.</span><br />
<span class="irc-date">[5:38]</span> <span class="irc-black">&lt;rhcp&gt; it doesnt follow normal phone conventions</span><br />
<span class="irc-date">[5:38]</span> <span class="irc-black">&lt;quad&gt; permission denied</span><br />
<span class="irc-date">[5:38]</span> <span class="irc-black">&lt;rhcp&gt; you need root my friend</span><br />
<span class="irc-date">[5:38]</span> <span class="irc-black">&lt;rhcp&gt; su</span><br />
<span class="irc-date">[5:38]</span> <span class="irc-black">&lt;askpcguy&gt; are you at a $ or # prompt?</span><br />
<span class="irc-date">[5:39]</span> <span class="irc-black">&lt;rhcp&gt; if hes getting perm denied $</span><br />
<span class="irc-date">[5:39]</span> <span class="irc-navy">* dalingrin (~erik@173.218.151.241) Quit (Remote host closed the connection)</span><br />
<span class="irc-date">[5:39]</span> <span class="irc-black">&lt;quad&gt; yes $</span><br />
<span class="irc-date">[5:39]</span> <span class="irc-black">&lt;rhcp&gt; type su</span><br />
<span class="irc-date">[5:39]</span> <span class="irc-black">&lt;rhcp&gt; i hope you are rooted</span><br />
<span class="irc-date">[5:39]</span> <span class="irc-green">* dalingrin (~erik@173.218.151.241) has joined this channel.</span><br />
<span class="irc-date">[5:39]</span> <span class="irc-black">&lt;techmik&gt; RAGE</span><br />
<span class="irc-date">[5:39]</span> <span class="irc-black">&lt;rhcp&gt; fuck rage</span><br />
<span class="irc-date">[5:39]</span> <span class="irc-black">&lt;techmik&gt; lol</span><br />
<span class="irc-date">[5:39]</span> <span class="irc-black">&lt;quad&gt; i'm rooted - using cog 4.1.1</span><br />
<span class="irc-date">[5:39]</span> <span class="irc-black">&lt;rhcp&gt; the other one is better</span><br />
<span class="irc-date">[5:39]</span> <span class="irc-black">&lt;rhcp&gt; ok</span><br />
<span class="irc-date">[5:39]</span> <span class="irc-black">&lt;rhcp&gt; so type su</span><br />
<span class="irc-date">[5:40]</span> <span class="irc-black">&lt;rhcp&gt; get root</span><br />
<span class="irc-date">[5:40]</span> <span class="irc-black">&lt;rhcp&gt; #</span><br />
<span class="irc-date">[5:40]</span> <span class="irc-black">&lt;rhcp&gt; cd /efs</span><br />
<span class="irc-date">[5:40]</span> <span class="irc-black">&lt;techmik&gt; i dont know the other method =)</span><br />
<span class="irc-date">[5:40]</span> <span class="irc-black">&lt;rhcp&gt; busybox ls -al</span><br />
<span class="irc-date">[5:40]</span> <span class="irc-black">&lt;rhcp&gt; techmik: psneutor</span><br />
<span class="irc-date">[5:40]</span> <span class="irc-black">&lt;quad&gt; just saw my problem - here we go</span><br />
<span class="irc-date">[5:40]</span> <span class="irc-black">&lt;rhcp&gt; paste the output to pastebin</span><br />
<span class="irc-date">[5:40]</span> <span class="irc-black">&lt;rhcp&gt; or w/e you can paste to other then irc</span><br />
<span class="irc-date">[5:41]</span> <span class="irc-black">&lt;quad&gt; dropbox or pastebin - which ever</span><br />
<span class="irc-date">[5:41]</span> <span class="irc-black">&lt;rhcp&gt; pastebin plz</span><br />
<span class="irc-date">[5:41]</span> <span class="irc-black">&lt;rhcp&gt; so i dont need to download</span><br />
<span class="irc-date">[5:41]</span> <span class="irc-black">&lt;rhcp&gt; i want to see how bad you are</span><br />
<span class="irc-date">[5:42]</span> <span class="irc-black">&lt;quad&gt; ok- doing something wrong - trying to copy text from screen</span><br />
<span class="irc-date">[5:43]</span> <span class="irc-black">&lt;askpcguy&gt; windows  cmd?</span><br />
<span class="irc-date">[5:44]</span> <span class="irc-black">&lt;askpcguy&gt; right click &gt; mark then enter to copy</span><br />
<span class="irc-date">[5:45]</span> <span class="irc-black">&lt;quad&gt; <a href="http://pastebin.com/Qj3YZpT3">http://pastebin.com/Qj3YZpT3</a></span><br />
<span class="irc-date">[5:45]</span> <span class="irc-black">&lt;quad&gt; got it</span><br />
<span class="irc-date">[5:45]</span> <span class="irc-black">&lt;rhcp&gt; what the fuck</span><br />
<span class="irc-date">[5:46]</span> <span class="irc-black">&lt;rhcp&gt; is that his term fucked up?</span><br />
<span class="irc-date">[5:46]</span> <span class="irc-black">&lt;rhcp&gt; or is that how the files are named?</span><br />
<span class="irc-date">[5:46]</span> <span class="irc-black">&lt;rhcp&gt; ok</span><br />
<span class="irc-date">[5:46]</span> <span class="irc-black">&lt;rhcp&gt; do this</span><br />
<span class="irc-date">[5:46]</span> <span class="irc-black">&lt;rhcp&gt; cat imei</span><br />
<span class="irc-date">[5:46]</span> <span class="irc-black">&lt;rhcp&gt; paste here</span><br />
<span class="irc-date">[5:46]</span> <span class="irc-black">&lt;rhcp&gt; and tell me if that # matches the one in your phone info</span><br />
<span class="irc-date">[5:48]</span> <span class="irc-black">&lt;quad&gt; cat imei?</span><br />
<span class="irc-date">[5:48]</span> <span class="irc-black">&lt;rhcp&gt; quad: read pm.</span><br />
<span class="irc-date">[5:50]</span> <span class="irc-black">&lt;techmik&gt; so if i want to test out stuff up for code review, how do i use the info on the review page? make me a branch then .....?</span><br />
<span class="irc-date">[5:50]</span> <span class="irc-black">&lt;rhcp&gt; you mean changes?</span><br />
<span class="irc-date">[5:50]</span> <span class="irc-black">&lt;techmik&gt; yup</span><br />
<span class="irc-date">[5:50]</span> <span class="irc-black">&lt;rhcp&gt; just do a pull request</span><br />
<span class="irc-date">[5:50]</span> <span class="irc-black">&lt;rhcp&gt; and it should go into review</span><br />
<span class="irc-date">[5:50]</span> <span class="irc-black">&lt;techmik&gt; no, this page <a href="http://review.cyanogenmod.com/#change,3979">http://review.cyanogenmod.com/#change,3979</a></span><br />
<span class="irc-date">[5:50]</span> <span class="irc-black">&lt;techmik&gt; i see the download section</span><br />
<span class="irc-date">[5:51]</span> <span class="irc-black">&lt;techmik&gt; with checkout pull cherry-pick and patch</span><br />
<span class="irc-date">[5:51]</span> <span class="irc-black">&lt;techmik&gt; is it literally that simple?</span><br />
<span class="irc-date">[5:52]</span> <span class="irc-black">&lt;techmik&gt; click pull and type what it says?</span><br />
<span class="irc-date">[5:52]</span> <span class="irc-green">* ciwrl is now known as ciwrl|brb</span><br />
<span class="irc-date">[5:53]</span> <span class="irc-black">&lt;rhcp&gt; you want to pull it down to your repo?</span><br />
<span class="irc-date">[5:53]</span> <span class="irc-black">&lt;rhcp&gt; to test?</span><br />
<span class="irc-date">[5:53]</span> <span class="irc-black">&lt;techmik&gt; yup</span><br />
<span class="irc-date">[5:54]</span> <span class="irc-black">&lt;rhcp&gt; k</span><br />
<span class="irc-date">[5:54]</span> <span class="irc-black">&lt;rhcp&gt; sec</span><br />
<span class="irc-date">[5:54]</span> <span class="irc-black">&lt;techmik&gt; ypuyup</span><br />
<span class="irc-date">[5:54]</span> <span class="irc-black">&lt;rhcp&gt; cd android_packages_apps_Settings refs</span><br />
<span class="irc-date">[5:54]</span> <span class="irc-black">&lt;rhcp&gt; opps</span><br />
<span class="irc-date">[5:54]</span> <span class="irc-black">&lt;rhcp&gt; cd android_packages_apps_Settings</span><br />
<span class="irc-date">[5:54]</span> <span class="irc-black">&lt;rhcp&gt; from your local repo</span><br />
<span class="irc-date">[5:55]</span> <span class="irc-black">&lt;rhcp&gt; let me know when you are in that dir</span><br />
<span class="irc-date">[5:55]</span> <span class="irc-black">&lt;techmik&gt; then chceckout to sdcard_test branch, yes?</span><br />
<span class="irc-date">[5:55]</span> <span class="irc-black">&lt;rhcp&gt; cd to there</span><br />
<span class="irc-date">[5:55]</span> <span class="irc-black">&lt;rhcp&gt; git fetch <a href="http://review.cyanogenmod.com/p/CyanogenMod/android_packages_apps_Settings">http://review.cyanogenmod.com/p/CyanogenMod/android_packages_apps_Settings</a> refs/changes/79/3979/2 &amp;&amp; git checkout FETCH_HEAD</span><br />
<span class="irc-date">[5:55]</span> <span class="irc-black">&lt;techmik&gt; ah</span><br />
<span class="irc-date">[5:55]</span> <span class="irc-black">&lt;rhcp&gt; to make sure it stuck</span><br />
<span class="irc-date">[5:55]</span> <span class="irc-black">&lt;rhcp&gt; git log</span><br />
<span class="irc-date">[5:55]</span> <span class="irc-black">&lt;rhcp&gt; after the fetch</span><br />
<span class="irc-date">[5:56]</span> <span class="irc-black">&lt;quad&gt; rhcp so which phone do you like if not the SGS?</span><br />
<span class="irc-date">[5:56]</span> <span class="irc-black">&lt;techmik&gt; in main, gingerbread branch, or sdcard_test?</span><br />
<span class="irc-date">[5:56]</span> <span class="irc-black">&lt;rhcp&gt; Im on sprint. I use a evo</span><br />
<span class="irc-date">[5:56]</span> <span class="irc-black">&lt;quad&gt; ok</span><br />
<span class="irc-date">[5:56]</span> <span class="irc-black">&lt;rhcp&gt; techmik: not sure what you mean</span><br />
<span class="irc-date">[5:56]</span> <span class="irc-black">&lt;rhcp&gt; you have a local repo?</span><br />
<span class="irc-date">[5:56]</span> <span class="irc-black">&lt;techmik&gt; yes</span><br />
<span class="irc-date">[5:56]</span> <span class="irc-black">&lt;rhcp&gt; that you repo init</span><br />
<span class="irc-date">[5:56]</span> <span class="irc-black">&lt;rhcp&gt; repo sync</span><br />
<span class="irc-date">[5:56]</span> <span class="irc-black">&lt;techmik&gt; yes</span><br />
<span class="irc-date">[5:56]</span> <span class="irc-black">&lt;rhcp&gt; where are you building from?</span><br />
<span class="irc-date">[5:56]</span> <span class="irc-black">&lt;rhcp&gt; main CM repo?</span><br />
<span class="irc-date">[5:56]</span> <span class="irc-black">&lt;techmik&gt; and several branches as well</span><br />
<span class="irc-date">[5:56]</span> <span class="irc-black">&lt;rhcp&gt; or some other</span><br />
<span class="irc-date">[5:57]</span> <span class="irc-black">&lt;techmik&gt; teamhacksung</span><br />
<span class="irc-date">[5:57]</span> <span class="irc-black">&lt;rhcp&gt; ah</span><br />
<span class="irc-date">[5:57]</span> <span class="irc-black">&lt;techmik&gt; tat is cmssghs</span><br />
<span class="irc-date">[5:57]</span> <span class="irc-black">&lt;rhcp&gt; this is diff then</span><br />
<span class="irc-date">[5:57]</span> <span class="irc-black">&lt;techmik&gt; cmsgs</span><br />
<span class="irc-date">[5:57]</span> <span class="irc-black">&lt;rhcp&gt; misundersood</span><br />
<span class="irc-date">[5:57]</span> <span class="irc-black">&lt;rhcp&gt; you need to erm</span><br />
<span class="irc-date">[5:57]</span> <span class="irc-black">&lt;rhcp&gt; hmm</span><br />
<span class="irc-date">[5:57]</span> <span class="irc-black">&lt;rhcp&gt; honestly</span><br />
<span class="irc-date">[5:57]</span> <span class="irc-black">&lt;rhcp&gt; its prob easier to do as i said</span><br />
<span class="irc-date">[5:57]</span> <span class="irc-green">* ciwrl|brb is now known as ciwrl</span><br />
<span class="irc-date">[5:58]</span> <span class="irc-black">&lt;techmik&gt; but isnt git the same? i branch, then change all i want without affecting gingerbread branch</span><br />
<span class="irc-date">[5:58]</span> <span class="irc-black">&lt;rhcp&gt; cp those 3 files into the other repo</span><br />
<span class="irc-date">[5:58]</span> <span class="irc-black">&lt;techmik&gt; k</span><br />
<span class="irc-date">[5:58]</span> <span class="irc-black">&lt;rhcp&gt; shrug :)</span><br />
<span class="irc-date">[5:58]</span> <span class="irc-black">&lt;rhcp&gt; im not great with git</span><br />
<span class="irc-date">[5:58]</span> <span class="irc-black">&lt;techmik&gt; thats what i was thinking</span><br />
<span class="irc-date">[5:58]</span> <span class="irc-black">&lt;rhcp&gt; to be honest</span><br />
<span class="irc-date">[5:58]</span> <span class="irc-black">&lt;techmik&gt; ok</span><br />
<span class="irc-date">[5:58]</span> <span class="irc-black">&lt;techmik&gt; i'm learning</span><br />
<span class="irc-date">[5:58]</span> <span class="irc-black">&lt;rhcp&gt; dont blame me if it fucks your repo</span><br />
<span class="irc-date">[5:58]</span> <span class="irc-black">&lt;rhcp&gt; :P</span><br />
<span class="irc-date">[5:58]</span> <span class="irc-black">&lt;rhcp&gt; btw</span><br />
<span class="irc-date">[5:58]</span> <span class="irc-black">&lt;techmik&gt; thats why i branch =)</span><br />
<span class="irc-date">[5:58]</span> <span class="irc-black">&lt;rhcp&gt; as for quad</span><br />
<span class="irc-date">[5:59]</span> <span class="irc-black">&lt;rhcp&gt; nothing disrepcfucl or anything. but, im not going to help him. if you guys wanna try.</span><br />
<span class="irc-date">[5:59]</span> <span class="irc-black">&lt;rhcp&gt; hes too under trained</span><br />
<span class="irc-date">[5:59]</span> <span class="irc-black">&lt;rhcp&gt; and this is involved</span><br />
<span class="irc-date">[5:59]</span> <span class="irc-black">&lt;techmik&gt; but, a repartition *should*work?</span><br />
<span class="irc-date">[5:59]</span> <span class="irc-black">&lt;rhcp&gt; if you wanna baby step him.</span><br />
<span class="irc-date">[5:59]</span> <span class="irc-black">&lt;rhcp&gt; by all means</span><br />
<span class="irc-date">[5:59]</span> <span class="irc-black">&lt;rhcp&gt; should</span><br />
<span class="irc-date">[5:59]</span> <span class="irc-black">&lt;techmik&gt; i have a 512 pit, so thats not a prob</span><br />
<span class="irc-date">[5:59]</span> <span class="irc-black">&lt;rhcp&gt; but i always manually repair imies</span><br />
<span class="irc-date">[5:59]</span> <span class="irc-black">&lt;rhcp&gt; and shit</span><br />
<span class="irc-date">[6:00]</span> <span class="irc-black">&lt;rhcp&gt; so its just a guess</span><br />
<span class="irc-date">[6:00]</span> <span class="irc-black">&lt;rhcp&gt; i do all my shit remote for customers</span><br />
<span class="irc-date">[6:00]</span> <span class="irc-black">&lt;rhcp&gt; i dont fuck with odin</span><br />
<span class="irc-date">[6:00]</span> <span class="irc-black">&lt;techmik&gt; gotcha</span><br />
<span class="irc-date">[6:00]</span> <span class="irc-black">&lt;rhcp&gt; more bad can come then good</span><br />
<span class="irc-date">[6:00]</span> <span class="irc-navy">* kalpik (~kalpik@unaffiliated/kalpik) Quit (Ping timeout: 250 seconds)</span><br />
<span class="irc-date">[6:00]</span> <span class="irc-black">&lt;rhcp&gt; chances are you need to mod his imei file</span><br />
<span class="irc-date">[6:00]</span> <span class="irc-black">&lt;techmik&gt; lol, you obviously havent heard of me v=P</span><br />
<span class="irc-date">[6:00]</span> <span class="irc-black">&lt;rhcp&gt; + nv_data.bin</span><br />
<span class="irc-date">[6:01]</span> <span class="irc-black">&lt;rhcp&gt; prob not</span><br />
<span class="irc-date">[6:01]</span> <span class="irc-black">&lt;techmik&gt; i am a verb</span><br />
<span class="irc-date">[6:01]</span> <span class="irc-black">&lt;rhcp&gt; do tell</span><br />
<span class="irc-date">[6:01]</span> <span class="irc-black">&lt;techmik&gt; to "techmik67"</span><br />
<span class="irc-date">[6:01]</span> <span class="irc-black">&lt;techmik&gt; is to horribly break</span><br />
<span class="irc-date">[6:01]</span> <span class="irc-black">&lt;techmik&gt; =)</span><br />
<span class="irc-date">[6:01]</span> <span class="irc-black">&lt;rhcp&gt; dont get it :)</span><br />
<span class="irc-date">[6:01]</span> <span class="irc-black">&lt;techmik&gt; when he was 1st testing heimdall</span><br />
<span class="irc-date">[6:01]</span> <span class="irc-black">&lt;rhcp&gt; some xda name?</span><br />
<span class="irc-date">[6:01]</span> <span class="irc-black">&lt;techmik&gt; i am techmik67</span><br />
<span class="irc-date">[6:02]</span> <span class="irc-black">&lt;techmik&gt; on the pc</span><br />
<span class="irc-date">[6:02]</span> <span class="irc-green">* techmik is now known as techmik_laptop</span><br />
<span class="irc-date">[6:02]</span> <span class="irc-black">&lt;techmik_laptop&gt; and this on laptop</span><br />
<span class="irc-date">[6:02]</span> <span class="irc-black">&lt;rhcp&gt; oh</span><br />
<span class="irc-date">[6:02]</span> <span class="irc-black">&lt;rhcp&gt; you mean you r nicks</span><br />
<span class="irc-date">[6:02]</span> <span class="irc-black">&lt;rhcp&gt; yea i know you</span><br />
<span class="irc-date">[6:02]</span> <span class="irc-black">&lt;techmik_laptop&gt; yup</span><br />
<span class="irc-date">[6:02]</span> <span class="irc-black">&lt;rhcp&gt; i see you here</span><br />
<span class="irc-date">[6:02]</span> <span class="irc-black">&lt;techmik_laptop&gt; so when he 1st had heimdall....</span><br />
<span class="irc-date">[6:02]</span> <span class="irc-black">&lt;techmik_laptop&gt; i ...ummmm.</span><br />
<span class="irc-date">[6:02]</span> <span class="irc-black">&lt;techmik_laptop&gt; i mixed files</span><br />
<span class="irc-date">[6:03]</span> <span class="irc-black">&lt;techmik_laptop&gt; on purpose</span><br />
<span class="irc-date">[6:03]</span> <span class="irc-black">&lt;techmik_laptop&gt; 3 from 1 firmware and 3 from another</span><br />
<span class="irc-date">[6:03]</span> <span class="irc-black">&lt;rhcp&gt; sure me too</span><br />
<span class="irc-date">[6:03]</span> <span class="irc-black">&lt;rhcp&gt; for fun</span><br />
<span class="irc-date">[6:03]</span> <span class="irc-black">&lt;techmik_laptop&gt; BRICK!!!</span><br />
<span class="irc-date">[6:03]</span> <span class="irc-black">&lt;rhcp&gt; of course</span><br />
<span class="irc-date">[6:03]</span> <span class="irc-black">&lt;techmik_laptop&gt; lol</span><br />
<span class="irc-date">[6:03]</span> <span class="irc-black">&lt;rhcp&gt; i jgtaged mine back</span><br />
<span class="irc-date">[6:03]</span> <span class="irc-black">&lt;rhcp&gt; :P</span><br />
<span class="irc-date">[6:03]</span> <span class="irc-black">&lt;techmik_laptop&gt; when i plugged it in</span><br />
<span class="irc-date">[6:04]</span> <span class="irc-black">&lt;techmik_laptop&gt; it saw the cpu</span><br />
<span class="irc-date">[6:04]</span> <span class="irc-black">&lt;techmik_laptop&gt; not cards</span><br />
<span class="irc-date">[6:04]</span> <span class="irc-black">&lt;techmik_laptop&gt; sp5210</span><br />
<span class="irc-date">[6:04]</span> <span class="irc-black">&lt;techmik_laptop&gt; or similiar</span><br />
<span class="irc-date">[6:04]</span> <span class="irc-black">&lt;techmik_laptop&gt; s5pv110</span><br />
<span class="irc-date">[6:05]</span> <span class="irc-black">&lt;techmik_laptop&gt; it was very very bad</span><br />
<span class="irc-date">[6:05]</span> <span class="irc-black">&lt;rhcp&gt; shrug</span><br />
<span class="irc-date">[6:05]</span> <span class="irc-black">&lt;rhcp&gt; i bricked my vibrant prob 30 times</span><br />
<span class="irc-date">[6:05]</span> <span class="irc-black">&lt;rhcp&gt; hard bricks</span><br />
<span class="irc-date">[6:05]</span> <span class="irc-black">&lt;rhcp&gt; not soft</span><br />
<span class="irc-date">[6:05]</span> <span class="irc-black">&lt;techmik_laptop&gt; this is my 3rd captivate</span><br />
<span class="irc-date">[6:05]</span> <span class="irc-black">&lt;rhcp&gt; learn to jtag :)</span><br />
<span class="irc-date">[6:06]</span> <span class="irc-black">&lt;techmik_laptop&gt; buy me 1=)</span><br />
<span class="irc-date">[6:06]</span> <span class="irc-black">&lt;rhcp&gt; build your own</span><br />
<span class="irc-date">[6:06]</span> <span class="irc-black">&lt;techmik_laptop&gt; expensive, no?</span><br />
<span class="irc-date">[6:06]</span> <span class="irc-black">&lt;rhcp&gt; i built my own</span><br />
<span class="irc-date">[6:06]</span> <span class="irc-black">&lt;techmik_laptop&gt; ah</span><br />
<span class="irc-date">[6:06]</span> <span class="irc-black">&lt;rhcp&gt; fuck riffbox and xda</span><br />
<span class="irc-date">[6:06]</span> <span class="irc-black">&lt;rhcp&gt; that guy should be banned</span><br />
<span class="irc-date">[6:06]</span> <span class="irc-black">&lt;rhcp&gt; i cant sell unlock codes on xda</span><br />
<span class="irc-date">[6:06]</span> <span class="irc-black">&lt;rhcp&gt; but he can pawn riffbox</span><br />
<span class="irc-date">[6:06]</span> <span class="irc-black">&lt;rhcp&gt; pfft</span><br />
<span class="irc-date">[6:07]</span> <span class="irc-black">&lt;rhcp&gt; i think the mods just dont like me because i speak my mind and i collected like 3 bounties</span><br />
<span class="irc-date">[6:09]</span> <span class="irc-green">* stickpin (~stickpin@84.94.109.203.cable.012.net.il) has joined this channel.</span><br />
<span class="irc-date">[6:09]</span> <span class="irc-black">&lt;Kaik541&gt; oh techmik_laptop I remember that</span><br />
<span class="irc-date">[6:10]</span> <span class="irc-black">&lt;Kaik541&gt; I had forgotten all about your heimdall booboo</span><br />
<span class="irc-date">[6:10]</span> <span class="irc-black">&lt;techmik_laptop&gt; lol</span><br />
<span class="irc-date">[6:10]</span> <span class="irc-black">&lt;techmik_laptop&gt; i JUST started with this stuff</span><br />
<span class="irc-date">[6:10]</span> <span class="irc-black">&lt;Kaik541&gt; and yet you didn't trust me and zilch when we said it was a bad idea</span><br />
<span class="irc-date">[6:10]</span> <span class="irc-black">&lt;techmik_laptop&gt; from the magical world of windows and dumb phones</span><br />
<span class="irc-date">[6:10]</span> <span class="irc-black">&lt;techmik_laptop&gt; i learned the hard way</span><br />
<span class="irc-date">[6:10]</span> <span class="irc-black">&lt;Kaik541&gt; and we laughed</span><br />
<span class="irc-date">[6:11]</span> <span class="irc-black">&lt;techmik_laptop&gt; lol</span><br />
<span class="irc-date">[6:11]</span> <span class="irc-black">&lt;askpcguy&gt; best way to learn ;)</span><br />
<span class="irc-date">[6:11]</span> <span class="irc-black">&lt;techmik_laptop&gt; as long as they overnighted me a new phonee it was fine</span><br />
<span class="irc-date">[6:12]</span> <span class="irc-black">&lt;techmik_laptop&gt; ask the cognition guys how many times i had to reinstall linux.....</span><br />
<span class="irc-date">[6:12]</span> <span class="irc-black">&lt;techmik_laptop&gt; very 1st try to set up to dual boot, i installed linux on a 100gb partition.... and wiped the windows partition =)</span><br />
<span class="irc-date">[6:12]</span> <span class="irc-black">&lt;Kaik541&gt; oh it's been a while</span><br />
<span class="irc-date">[6:12]</span> <span class="irc-black">&lt;Kaik541&gt; random DesignGears comment #2038</span><br />
<span class="irc-date">[6:12]</span> <span class="irc-black">&lt;techmik_laptop&gt; lol</span><br />
<span class="irc-date">[6:13]</span> <span class="irc-black">&lt;techmik_laptop&gt; then, knowing nothing about linux, i immediately start running 11.04 alpha</span><br />
<span class="irc-date">[6:14]</span> <span class="irc-black">&lt;quad&gt; so - how would one repartition a sgs phone?</span><br />
<span class="irc-date">[6:14]</span> <span class="irc-black">&lt;techmik_laptop&gt; i like what you were telling someone Kaik541..... install home on separate partition</span><br />
<span class="irc-date">[6:14]</span> <span class="irc-navy">* rhcp (rhcp@unaffiliated/rhcp) Quit (Ping timeout: 264 seconds)</span><br />
<span class="irc-date">[6:14]</span> <span class="irc-green">* kalpik (~kalpik@unaffiliated/kalpik) has joined this channel.</span><br />
<span class="irc-date">[6:14]</span> <span class="irc-black">&lt;techmik_laptop&gt; full odin</span><br />
<span class="irc-date">[6:14]</span> <span class="irc-black">&lt;quad&gt; that's it?</span><br />
<span class="irc-date">[6:15]</span> <span class="irc-black">&lt;techmik_laptop&gt; quad: search xda for a FULL firmware for odin or heimdall</span><br />
<span class="irc-date">[6:15]</span> <span class="irc-black">&lt;techmik_laptop&gt; with pit</span><br />
<span class="irc-date">[6:15]</span> <span class="irc-black">&lt;techmik_laptop&gt; WITH PIT</span><br />
<span class="irc-date">[6:15]</span> <span class="irc-black">&lt;techmik_laptop&gt; important</span><br />
<span class="irc-date">[6:15]</span> <span class="irc-black">&lt;Kaik541&gt; installing home to separate is always a good idea if you can swing it</span><br />
<span class="irc-date">[6:15]</span> <span class="irc-black">&lt;quad&gt; used full odin before but never heimdall</span><br />
<span class="irc-date">[6:15]</span> <span class="irc-black">&lt;uberushaximus&gt; <a href="http://dl.dropbox.com/u/17931960/I897UCJH7.zip">http://dl.dropbox.com/u/17931960/I897UCJH7.zip</a></span><br />
<span class="irc-date">[6:15]</span> <span class="irc-black">&lt;techmik_laptop&gt; quad: use odin, full odin, use pit, tick repartition</span><br />
<span class="irc-date">[6:15]</span> <span class="irc-black">&lt;uberushaximus&gt; yer welcome</span><br />
<span class="irc-date">[6:15]</span> <span class="irc-black">&lt;uberushaximus&gt; oh wait, what phone do you have?</span><br />
<span class="irc-date">[6:16]</span> <span class="irc-black">&lt;uberushaximus&gt; that's a captivate file</span><br />
<span class="irc-date">[6:16]</span> <span class="irc-black">&lt;quad&gt; samsung galaxy s captivate</span><br />
<span class="irc-date">[6:16]</span> <span class="irc-black">&lt;Kaik541&gt; rogers or AT&amp;T?</span><br />
<span class="irc-date">[6:16]</span> <span class="irc-black">&lt;quad&gt; at&amp;t</span><br />
<span class="irc-date">[6:18]</span> <span class="irc-black">&lt;Kaik541&gt; wasn't JH7 missing dbdata?</span><br />
<span class="irc-date">[6:18]</span> <span class="irc-black">&lt;uberushaximus&gt; mine is full JH7</span><br />
<span class="irc-date">[6:18]</span> <span class="irc-black">&lt;Kaik541&gt; k</span><br />
<span class="irc-date">[6:18]</span> <span class="irc-black">&lt;techmik_laptop&gt; i think the ota was full</span><br />
<span class="irc-date">[6:18]</span> <span class="irc-black">&lt;uberushaximus&gt; or rather JF6+JH7</span><br />
<span class="irc-date">[6:19]</span> <span class="irc-black">&lt;uberushaximus&gt; I've tested it on ~3 handsets and ytt3r has used it too</span><br />
<span class="irc-date">[6:19]</span> <span class="irc-black">&lt;techmik_laptop&gt; quad: afaik, if you use the pit file and repartiton you will be good</span><br />
<span class="irc-date">[6:20]</span> <span class="irc-black">&lt;Kaik541&gt; I should probably get rid of my JI6 odin and grab kb1</span><br />
<span class="irc-date">[6:20]</span> <span class="irc-black">&lt;quad&gt; so the pit file is the one listed above by uberushaximus?</span><br />
<span class="irc-date">[6:20]</span> <span class="irc-black">&lt;uberushaximus&gt; I have a pit in there</span><br />
<span class="irc-date">[6:21]</span> <span class="irc-black">&lt;techmik_laptop&gt; unzip and its all inside i assume</span><br />
<span class="irc-date">[6:21]</span> <span class="irc-black">&lt;quad&gt; ok - it's downloading now - thanks!</span><br />
<span class="irc-date">[6:21]</span> <span class="irc-black">&lt;techmik_laptop&gt; =)</span><br />
<span class="irc-date">[6:21]</span> <span class="irc-black">&lt;quad&gt; need to backup my phone while it's downloading - will wipe everything, right?</span><br />
<span class="irc-date">[6:22]</span> <span class="irc-black">&lt;Kaik541&gt; yes</span><br />
<span class="irc-date">[6:22]</span> <span class="irc-black">&lt;quad&gt; ok.</span><br />
<span class="irc-date">[6:22]</span> <span class="irc-black">&lt;quad&gt; i have odin3 v 1.30</span><br />
<span class="irc-date">[6:23]</span> <span class="irc-black">&lt;techmik_laptop&gt; Kaik541: lol</span><br />
<span class="irc-date">[6:24]</span> <span class="irc-black">&lt;Kaik541&gt; :D</span><br />
<span class="irc-date">[6:24]</span> <span class="irc-black">&lt;uberushaximus&gt; you'll have to use Heimdall with my package</span><br />
<span class="irc-date">[6:24]</span> <span class="irc-green">* evaluate (~cristi@unaffiliated/evaluate) has joined this channel.</span><br />
<span class="irc-date">[6:24]</span> <span class="irc-black">&lt;evaluate&gt; morning</span><br />
<span class="irc-date">[6:25]</span> <span class="irc-black">&lt;techmik_laptop&gt; morning</span><br />
<span class="irc-date">[6:25]</span> <span class="irc-black">&lt;quad&gt; uberushaximus - hmm - I"ve never used Heimdall - plays well with w7 64bit?</span><br />
<span class="irc-date">[6:25]</span> <span class="irc-black">&lt;quad&gt; morning evaluate</span><br />
<span class="irc-date">[6:26]</span> <span class="irc-black">&lt;uberushaximus&gt; I've only used heimdall on linux and win32 in cli mode</span><br />
<span class="irc-date">[6:26]</span> <span class="irc-black">&lt;quad&gt; hmm - so your pit file won't work with odin, right?</span><br />
<span class="irc-date">[6:26]</span> <span class="irc-black">&lt;uberushaximus&gt; but I'm fairly sure heimdall will get the right drivers</span><br />
<span class="irc-date">[6:26]</span> <span class="irc-black">&lt;Kaik541&gt; techmik_laptop, do you watch the office?</span><br />
<span class="irc-date">[6:26]</span> <span class="irc-black">&lt;techmik_laptop&gt; sometimes.... my roommate loves it, so sortof</span><br />
<span class="irc-date">[6:27]</span> <span class="irc-black">&lt;uberushaximus&gt; no, the pit will work fine, the rest of the zip would need to be re-tarred</span><br />
<span class="irc-date">[6:27]</span> <span class="irc-black">&lt;Kaik541&gt; well then you might get this joke</span><br />
<span class="irc-date">[6:27]</span> <span class="irc-black">&lt;quad&gt; oh - ok -</span><br />
<span class="irc-date">[6:27]</span> <span class="irc-black">&lt;evaluate&gt; heimdall works just fine with linux 64-bit, I don't see why it wouldn't work with win-64...</span><br />
<span class="irc-date">[6:27]</span> <span class="irc-black">&lt;uberushaximus&gt; because win64 eats babies</span><br />
<span class="irc-date">[6:27]</span> <span class="irc-black">&lt;techmik_laptop&gt; it works</span><br />
<span class="irc-date">[6:27]</span> <span class="irc-black">&lt;quad&gt; lol</span><br />
<span class="irc-date">[6:27]</span> <span class="irc-navy">* stickpin (~stickpin@84.94.109.203.cable.012.net.il) Quit (Ping timeout: 248 seconds)</span><br />
<span class="irc-date">[6:27]</span> <span class="irc-black">&lt;techmik_laptop&gt; iused it at least 1nce =0</span><br />
<span class="irc-date">[6:27]</span> <span class="irc-black">&lt;quad&gt; going find Heimdall</span><br />
<span class="irc-date">[6:30]</span> <span class="irc-black">&lt;Kaik541&gt; why is it that if I ever need to use search on xda, it's down?</span><br />
<span class="irc-date">[6:30]</span> <span class="irc-black">&lt;askpcguy&gt; brain implants</span><br />
<span class="irc-date">[6:30]</span> <span class="irc-black">&lt;techmik_laptop&gt; wow.... new git experience......</span><br />
<span class="irc-date">[6:31]</span> <span class="irc-black">&lt;techmik_laptop&gt; Merge made by octopus.</span><br />
<span class="irc-date">[6:31]</span> <span class="irc-black">&lt;askpcguy&gt; I have seen that also Kaik541</span><br />
<span class="irc-date">[6:31]</span> <span class="irc-black">&lt;evaluate&gt; if ($username == "Kaik") { throw(exception); }</span><br />
<span class="irc-date">[6:31]</span> <span class="irc-black">&lt;techmik_laptop&gt; wtf is octopus merge?</span><br />
<span class="irc-date">[6:34]</span> <span class="irc-black">&lt;Kaik541&gt; I am the quizmaster, I make the questions</span><br />
<span class="irc-date">[6:34]</span> <span class="irc-black">&lt;evaluate&gt; WOW!!!</span><br />
<span class="irc-date">[6:34]</span> <span class="irc-black">&lt;evaluate&gt; Merged to kernel 2.6.36.4 with just 17 rejects :-D</span><br />
<span class="irc-date">[6:35]</span> <span class="irc-black">&lt;Kaik541&gt; what's going on in project-voodoo? what's this about curio selling a kernel module?</span><br />
<span class="irc-date">[6:35]</span> <span class="irc-brick">* evaluate couldn't care less about voodoo</span><br />
<span class="irc-date">[6:36]</span> <span class="irc-black">&lt;Kaik541&gt; I'm just kinda confused by the idea is all</span><br />
<span class="irc-date">[6:39]</span> <span class="irc-green">* rhcp (rhcp@216.230.225.114) has joined this channel.</span><br />
<span class="irc-date">[6:41]</span> <span class="irc-black">&lt;quad&gt; just found odin3 v1.7</span><br />
<span class="irc-date">[6:44]</span> <span class="irc-black">&lt;techmik_laptop&gt; evaluate: i think i merged your 2 patches to a branch.... what else is different from team hacksung repo?</span><br />
<span class="irc-date">[6:44]</span> <span class="irc-black">&lt;techmik_laptop&gt; its only Settings, right?</span><br />
<span class="irc-date">[6:45]</span> <span class="irc-black">&lt;evaluate&gt; you mean the ones I submitted yesterday to CM?</span><br />
<span class="irc-date">[6:45]</span> <span class="irc-black">&lt;techmik_laptop&gt; yup</span><br />
<span class="irc-date">[6:45]</span> <span class="irc-black">&lt;evaluate&gt; well, the difference is that it uses ro.additionalmounts instead of ro.removablemounts, that is all</span><br />
<span class="irc-date">[6:45]</span> <span class="irc-black">&lt;evaluate&gt; so you have to also edit your /system/build/prop</span><br />
<span class="irc-date">[6:46]</span> <span class="irc-black">&lt;evaluate&gt; if you want to apply those</span><br />
<span class="irc-date">[6:46]</span> <span class="irc-black">&lt;techmik_laptop&gt; sure</span><br />
<span class="irc-date">[6:46]</span> <span class="irc-black">&lt;techmik_laptop&gt; may as well</span><br />
<span class="irc-date">[6:52]</span> <span class="irc-navy">* rhcp (rhcp@216.230.225.114) Quit (Changing host)</span><br />
<span class="irc-date">[6:52]</span> <span class="irc-green">* rhcp (rhcp@unaffiliated/rhcp) has joined this channel.</span><br />
<span class="irc-date">[6:53]</span> <span class="irc-black">&lt;Kaik541&gt; jesus, I'm fairly impressed by that</span><br />
<span class="irc-date">[6:53]</span> <span class="irc-black">&lt;Kaik541&gt; microsoft security essentials identified rageagainstthecage as a UNIX exploit</span><br />
<span class="irc-date">[6:54]</span> <span class="irc-navy">* rhcp (rhcp@unaffiliated/rhcp) Quit (Quit: Changing server)</span><br />
<span class="irc-date">[6:59]</span> <span class="irc-black">&lt;techmik_laptop&gt; now THAT was freaky.....</span><br />
<span class="irc-date">[7:00]</span> <span class="irc-black">&lt;techmik_laptop&gt; i was looking at the code revieew stuff.... like, everything submitted, and the latest "active"  ittem is something by unhelpful.....</span><br />
<span class="irc-date">[7:00]</span> <span class="irc-black">&lt;techmik_laptop&gt; so i clicked and saw a comment made 2 mins b4 by cm</span><br />
<span class="irc-date">[7:00]</span> <span class="irc-black">&lt;techmik_laptop&gt; looked at the patch</span><br />
<span class="irc-date">[7:00]</span> <span class="irc-black">&lt;techmik_laptop&gt; and came back to it and koush went to it in between and commented</span><br />
<span class="irc-date">[7:01]</span> <span class="irc-black">&lt;techmik_laptop&gt; i saw it live =)</span><br />
<span class="irc-date">[7:02]</span> <span class="irc-green">* rhcp (rhcp@216.230.225.114) has joined this channel.</span><br />
<span class="irc-date">[7:06]</span> <span class="irc-green">* Wout` (~Wout@s559776f4.adsl.wanadoo.nl) has joined this channel.</span><br />
<span class="irc-date">[7:07]</span> <span class="irc-black">&lt;Kaik541&gt; speaking of unhelpful... they turned down his pre-shutdown script thing</span><br />
<span class="irc-date">[7:08]</span> <span class="irc-black">&lt;evaluate&gt; what was that for?</span><br />
<span class="irc-date">[7:08]</span> <span class="irc-black">&lt;quad&gt; ok - i have the latest version of heimdall installed and ready to go</span><br />
<span class="irc-date">[7:08]</span> <span class="irc-black">&lt;techmik_laptop&gt; thats what i was looking at live as they did that</span><br />
<span class="irc-date">[7:08]</span> <span class="irc-black">&lt;techmik_laptop&gt; eval</span><br />
<span class="irc-date">[7:08]</span> <span class="irc-black">&lt;quad&gt; now to figure out exactly what to do</span><br />
<span class="irc-date">[7:08]</span> <span class="irc-black">&lt;Kaik541&gt; techmik_laptop, it didn't get merged</span><br />
<span class="irc-date">[7:08]</span> <span class="irc-black">&lt;techmik_laptop&gt; your stuff got a comment</span><br />
<span class="irc-date">[7:09]</span> <span class="irc-black">&lt;techmik_laptop&gt; Kaik541: i saw the comments</span><br />
<span class="irc-date">[7:09]</span> <span class="irc-black">&lt;techmik_laptop&gt; 1st the "iffy"</span><br />
<span class="irc-date">[7:09]</span> <span class="irc-black">&lt;techmik_laptop&gt; then 2 mins later the X</span><br />
<span class="irc-date">[7:09]</span> <span class="irc-black">&lt;Kaik541&gt; ah you said "go live"</span><br />
<span class="irc-date">[7:09]</span> <span class="irc-black">&lt;techmik_laptop&gt; he wants Inc to approve</span><br />
<span class="irc-date">[7:10]</span> <span class="irc-black">&lt;Kaik541&gt; I wouldn't have used that expression to mean it got denied</span><br />
<span class="irc-date">[7:10]</span> <span class="irc-black">&lt;techmik_laptop&gt; i meant i saw it live</span><br />
<span class="irc-date">[7:10]</span> <span class="irc-black">&lt;techmik_laptop&gt; i see</span><br />
<span class="irc-date">[7:10]</span> <span class="irc-black">&lt;Kaik541&gt; gotcha now though</span><br />
<span class="irc-date">[7:10]</span> <span class="irc-black">&lt;techmik_laptop&gt; cm wants Inc to approve evaluates stuff</span><br />
<span class="irc-date">[7:10]</span> <span class="irc-black">&lt;quad&gt; so to use heimdall - basically just point all of the files listed in the program to the location of the files?</span><br />
<span class="irc-date">[7:11]</span> <span class="irc-black">&lt;uberushaximus&gt; right</span><br />
<span class="irc-date">[7:11]</span> <span class="irc-black">&lt;quad&gt; cool - easy enough</span><br />
<span class="irc-date">[7:13]</span> <span class="irc-black">&lt;quad&gt; hmm - don't see a Primary Bootloader</span><br />
<span class="irc-date">[7:13]</span> <span class="irc-black">&lt;uberushaximus&gt; boot.bin</span><br />
<span class="irc-date">[7:13]</span> <span class="irc-black">&lt;quad&gt; ok</span><br />
<span class="irc-date">[7:14]</span> <span class="irc-black">&lt;quad&gt; recovery?</span><br />
<span class="irc-date">[7:14]</span> <span class="irc-black">&lt;uberushaximus&gt; ignore it</span><br />
<span class="irc-date">[7:14]</span> <span class="irc-black">&lt;Kaik541&gt; we don't have a separate recovery</span><br />
<span class="irc-date">[7:14]</span> <span class="irc-black">&lt;quad&gt; ok</span><br />
<span class="irc-date">[7:15]</span> <span class="irc-black">&lt;quad&gt; ok here goes</span><br />
<span class="irc-date">[7:15]</span> <span class="irc-black">&lt;quad&gt; wait</span><br />
<span class="irc-date">[7:16]</span> <span class="irc-black">&lt;quad&gt; why can't  I hit the start button?</span><br />
<span class="irc-date">[7:16]</span> <span class="irc-black">&lt;Kaik541&gt; is your phone connected in download mode?</span><br />
<span class="irc-date">[7:16]</span> <span class="irc-black">&lt;quad&gt; yes and if i unplug it and plug it back windows detects it</span><br />
<span class="irc-date">[7:16]</span> <span class="irc-black">&lt;evaluate&gt; quad, you have to select all of the files (except for recovery of course)</span><br />
<span class="irc-date">[7:16]</span> <span class="irc-black">&lt;techmik_laptop&gt; i cant hit start until zImage</span><br />
<span class="irc-date">[7:16]</span> <span class="irc-black">&lt;evaluate&gt; else it won't work</span><br />
<span class="irc-date">[7:17]</span> <span class="irc-black">&lt;quad&gt; everything but recovery is selected</span><br />
<span class="irc-date">[7:17]</span> <span class="irc-black">&lt;evaluate&gt; and techmik_laptop, I thin cyanogen was a bit confused, maybe he was thinking that I wanted to remove something that is being used by Inc, guess he forgot that I just merged that a couple of days ago</span><br />
<span class="irc-date">[7:18]</span> <span class="irc-black">&lt;techmik_laptop&gt; i was just letting you know i saw progrss..</span><br />
<span class="irc-date">[7:18]</span> <span class="irc-black">&lt;techmik_laptop&gt; we feel left out sometimes.... cmsgs</span><br />
<span class="irc-date">[7:19]</span> <span class="irc-black">&lt;evaluate&gt; yeah</span><br />
<span class="irc-date">[7:19]</span> <span class="irc-black">&lt;techmik_laptop&gt; so change build prop to additonalmounts =/emmc?</span><br />
<span class="irc-date">[7:19]</span> <span class="irc-black">&lt;evaluate&gt; hope we make it to mainline soon, that might give us better chances to get shit in there</span><br />
<span class="irc-date">[7:19]</span> <span class="irc-black">&lt;evaluate&gt; /mnt/emmc</span><br />
<span class="irc-date">[7:19]</span> <span class="irc-black">&lt;evaluate&gt; not /emmc</span><br />
<span class="irc-date">[7:19]</span> <span class="irc-black">&lt;techmik_laptop&gt; k</span><br />
<span class="irc-date">[7:19]</span> <span class="irc-black">&lt;quad&gt; <a href="http://dl.dropbox.com/u/11932337/heimdall.png">http://dl.dropbox.com/u/11932337/heimdall.png</a></span><br />
<span class="irc-date">[7:20]</span> <span class="irc-black">&lt;Kaik541&gt; did you install the libusb drivers?</span><br />
<span class="irc-date">[7:20]</span> <span class="irc-black">&lt;quad&gt; rebooting phone - will put in d/l mode again</span><br />
<span class="irc-date">[7:20]</span> <span class="irc-black">&lt;techmik_laptop&gt; tars?</span><br />
<span class="irc-date">[7:21]</span> <span class="irc-black">&lt;uberushaximus&gt; ur doin it rong</span><br />
<span class="irc-date">[7:21]</span> <span class="irc-black">&lt;Kaik541&gt; bahaha I completely skipped over the tars</span><br />
<span class="irc-date">[7:21]</span> <span class="irc-black">&lt;techmik_laptop&gt; tar=odin, right?</span><br />
<span class="irc-date">[7:21]</span> <span class="irc-black">&lt;uberushaximus&gt; iunno where you got those man, I didn't have tar files in my zip</span><br />
<span class="irc-date">[7:21]</span> <span class="irc-black">&lt;quad&gt; i have a PDA tar &amp; CSC tar</span><br />
<span class="irc-date">[7:22]</span> <span class="irc-black">&lt;techmik_laptop&gt; only use what he sent</span><br />
<span class="irc-date">[7:22]</span> <span class="irc-black">&lt;Kaik541&gt; bah, I actually may have to drop back away from CM for a little bit :(</span><br />
<span class="irc-date">[7:23]</span> <span class="irc-black">&lt;uberushaximus&gt; Kaik541: how come?</span><br />
<span class="irc-date">[7:23]</span> <span class="irc-black">&lt;quad&gt; so leave out the tar's?</span><br />
<span class="irc-date">[7:23]</span> <span class="irc-black">&lt;Kaik541&gt; gotta use KB1 modem, but without audience chip support, it's fucking terrible</span><br />
<span class="irc-date">[7:23]</span> <span class="irc-black">&lt;techmik_laptop&gt; hmmm.... i must have done something wrong..... fc on settings.storage</span><br />
<span class="irc-date">[7:23]</span> <span class="irc-black">&lt;techmik_laptop&gt; quad: yes</span><br />
<span class="irc-date">[7:23]</span> <span class="irc-black">&lt;quad&gt; ok</span><br />
<span class="irc-date">[7:23]</span> <span class="irc-black">&lt;Kaik541&gt; and I need both decent call quality and decent service for the next few weeks (while I look for a job)</span><br />
<span class="irc-date">[7:23]</span> <span class="irc-black">&lt;uberushaximus&gt; Kaik541: why don't you "brick" your phone and ask for a new one?</span><br />
<span class="irc-date">[7:24]</span> <span class="irc-black">&lt;Kaik541&gt; because I don't have insurance on it =/</span><br />
<span class="irc-date">[7:24]</span> <span class="irc-black">&lt;uberushaximus&gt; you don't need it</span><br />
<span class="irc-date">[7:24]</span> <span class="irc-black">&lt;techmik_laptop&gt; sign up for a new plan and get a refurb free</span><br />
<span class="irc-date">[7:24]</span> <span class="irc-black">&lt;uberushaximus&gt; just say froyo bricked your phone, gave you the phone ! pc</span><br />
<span class="irc-date">[7:24]</span> <span class="irc-black">&lt;Kaik541&gt; hmm, I could try that, ask for a refurb in exchange</span><br />
<span class="irc-date">[7:24]</span> <span class="irc-black">&lt;uberushaximus&gt; manufacturers cover that stuff for a year</span><br />
<span class="irc-date">[7:25]</span> <span class="irc-black">&lt;Kaik541&gt; the annoying thing is, I have no backup phone</span><br />
<span class="irc-date">[7:25]</span> <span class="irc-black">&lt;Wout`&gt; Kaik541: I got the same prob, need to make some long days so batt life is key, and need good cam quality.</span><br />
<span class="irc-date">[7:25]</span> <span class="irc-black">&lt;Wout`&gt; so back on 2.2.1 :/</span><br />
<span class="irc-date">[7:25]</span> <span class="irc-black">&lt;Wout`&gt; fricking slow</span><br />
<span class="irc-date">[7:25]</span> <span class="irc-black">&lt;Kaik541&gt; if I had a backup phone, I wouldn't mind</span><br />
<span class="irc-date">[7:25]</span> <span class="irc-black">&lt;uberushaximus&gt; is this your first GSM phone?</span><br />
<span class="irc-date">[7:25]</span> <span class="irc-black">&lt;Kaik541&gt; no, I just moved and left all my old ones at my parents' house</span><br />
<span class="irc-date">[7:26]</span> <span class="irc-black">&lt;Kaik541&gt; my car was too full as it was, so I left anything I didn't think was "critical"</span><br />
<span class="irc-date">[7:26]</span> <span class="irc-black">&lt;uberushaximus&gt; see if they'll exchange at the store then?</span><br />
<span class="irc-date">[7:27]</span> <span class="irc-black">&lt;Kaik541&gt; will I get phone!pc screen if I pull during factoryfs?</span><br />
<span class="irc-date">[7:27]</span> <span class="irc-navy">* rhcp (rhcp@216.230.225.114) Quit (Ping timeout: 252 seconds)</span><br />
<span class="irc-date">[7:27]</span> <span class="irc-black">&lt;Kaik541&gt; I know I've gotten out of phone!pc a couple times before, but I don't really remember how I got into it</span><br />
<span class="irc-date">[7:27]</span> <span class="irc-black">&lt;uberushaximus&gt; yeah, at any point during flashing, just don't do it during boot.bin/sbl.bin</span><br />
<span class="irc-date">[7:27]</span> <span class="irc-black">&lt;Kaik541&gt; or param</span><br />
<span class="irc-date">[7:27]</span> <span class="irc-black">&lt;uberushaximus&gt; param isn't needed</span><br />
<span class="irc-date">[7:27]</span> <span class="irc-black">&lt;Kaik541&gt; ironically, the phone is also my GPS, so getting to the AT&amp;T store will be fun</span><br />
<span class="irc-date">[7:28]</span> <span class="irc-black">&lt;uberushaximus&gt; <a href="http://local.google.com">http://local.google.com</a></span><br />
<span class="irc-date">[7:28]</span> <span class="irc-black">&lt;Kaik541&gt; I know where it is, but I'm terrible with directions :P</span><br />
<span class="irc-date">[7:28]</span> <span class="irc-black">&lt;techmik_laptop&gt; evaluate: any idea why i get fc?</span><br />
<span class="irc-date">[7:29]</span> <span class="irc-black">&lt;Kaik541&gt; I suppose I could pick up an aria on my other line</span><br />
<span class="irc-date">[7:29]</span> <span class="irc-black">&lt;Kaik541&gt; which would be free</span><br />
<span class="irc-date">[7:29]</span> <span class="irc-black">&lt;techmik_laptop&gt; process.androis.settings</span><br />
<span class="irc-date">[7:29]</span> <span class="irc-black">&lt;quad&gt; ok - I closed and re-opened heimdall - used only files from download - hit start and immediately said Flash completed successfully! Phone is still at d/l screen</span><br />
<span class="irc-date">[7:30]</span> <span class="irc-black">&lt;Kaik541&gt; or I could get the HTC surround for free... interesting</span><br />
<span class="irc-date">[7:30]</span> <span class="irc-black">&lt;uberushaximus&gt; did you follow the instructions in the heimdall readme?</span><br />
<span class="irc-date">[7:30]</span> <span class="irc-black">&lt;quad&gt; will go through it again</span><br />
<span class="irc-date">[7:30]</span> <span class="irc-black">&lt;quad&gt; did install the libusb drivers</span><br />
<span class="irc-date">[7:31]</span> <span class="irc-black">&lt;quad&gt; had to install the ms visual c++ 2010 runtimes earlier (wonder if i need to reboot)</span><br />
<span class="irc-date">[7:32]</span> <span class="irc-green">* stickpin (~stickpin@80.178.24.208.adsl.012.net.il) has joined this channel.</span><br />
<span class="irc-date">[7:33]</span> <span class="irc-black">&lt;evaluate&gt; techmik_laptop, a logcat output might help...</span><br />
<span class="irc-date">[7:33]</span> <span class="irc-black">&lt;techmik_laptop&gt; sec</span><br />
<span class="irc-date">[7:34]</span> <span class="irc-black">&lt;Kaik541&gt; oh I wonder if I can use an amazon gift card toward amazon wireless</span><br />
<span class="irc-date">[7:34]</span> <span class="irc-black">&lt;Kaik541&gt; I could grab an inspire for like $20 then</span><br />
<span class="irc-date">[7:34]</span> <span class="irc-navy">* TCMAN-dmg (~Dominik@99-103-196-195.lightspeed.sntcca.sbcglobal.net) Quit (Ping timeout: 250 seconds)</span><br />
<span class="irc-date">[7:36]</span> <span class="irc-black">&lt;uberushaximus&gt; that'd be worth it, make sure you get the DHD radio</span><br />
<span class="irc-date">[7:36]</span> <span class="irc-black">&lt;uberushaximus&gt; so you can has HSUPA</span><br />
<span class="irc-date">[7:36]</span> <span class="irc-black">&lt;Kaik541&gt; eh, it would be my "make phone calls" phone</span><br />
<span class="irc-date">[7:37]</span> <span class="irc-black">&lt;Kaik541&gt; hell, I could probably ship off my phone to a dev who could actually use it to debug in person</span><br />
<span class="irc-date">[7:37]</span> <span class="irc-black">&lt;uberushaximus&gt; you can have another captivate if you want a make phone calls phone ;)</span><br />
<span class="irc-date">[7:37]</span> <span class="irc-black">&lt;Kaik541&gt; well if I'm gonna get another phone almost a year after I got my captivate, might as well be a different one :)</span><br />
<span class="irc-date">[7:37]</span> <span class="irc-black">&lt;uberushaximus&gt; you missed where I was going with that</span><br />
<span class="irc-date">[7:37]</span> <span class="irc-black">&lt;techmik_laptop&gt; evaluate: <a href="http://pastebin.com/vYvTzwnP">http://pastebin.com/vYvTzwnP</a></span><br />
<span class="irc-date">[7:38]</span> <span class="irc-black">&lt;Kaik541&gt; I guess I did :P</span><br />
<span class="irc-date">[7:39]</span> <span class="irc-black">&lt;Kaik541&gt; line 970?</span><br />
<span class="irc-date">[7:39]</span> <span class="irc-black">&lt;evaluate&gt; hmm, awkward</span><br />
<span class="irc-date">[7:39]</span> <span class="irc-black">&lt;evaluate&gt; are you sure you applied the patch properly?</span><br />
<span class="irc-date">[7:39]</span> <span class="irc-black">&lt;Kaik541&gt; and 1036</span><br />
<span class="irc-date">[7:40]</span> <span class="irc-black">&lt;Kaik541&gt; some dude here has two cr-48's</span><br />
<span class="irc-date">[7:40]</span> <span class="irc-black">&lt;Kaik541&gt; I want. bad.</span><br />
<span class="irc-date">[7:40]</span> <span class="irc-black">&lt;techmik_laptop&gt; not at all sure,</span><br />
<span class="irc-date">[7:40]</span> <span class="irc-black">&lt;quad&gt; shit</span><br />
<span class="irc-date">[7:40]</span> <span class="irc-black">&lt;quad&gt; guess i will try a reboot</span><br />
<span class="irc-date">[7:41]</span> <span class="irc-black">&lt;techmik_laptop&gt; i went to <a href="http://review.cyanogenmod.com/#change,3979">http://review.cyanogenmod.com/#change,3979</a></span><br />
<span class="irc-date">[7:41]</span> <span class="irc-black">&lt;techmik_laptop&gt; 2 patch sets</span><br />
<span class="irc-date">[7:42]</span> <span class="irc-black">&lt;techmik_laptop&gt;  i copied to clipboard, fetched to a branch, merged by octopus, compiled</span><br />
<span class="irc-date">[7:42]</span> <span class="irc-black">&lt;techmik_laptop&gt; i did not clean</span><br />
<span class="irc-date">[7:42]</span> <span class="irc-black">&lt;evaluate&gt; merged by octopus?</span><br />
<span class="irc-date">[7:42]</span> <span class="irc-black">&lt;techmik_laptop&gt; build took 11 mins instead of 90</span><br />
<span class="irc-date">[7:42]</span> <span class="irc-black">&lt;techmik_laptop&gt; thats what it said</span><br />
<span class="irc-date">[7:43]</span> <span class="irc-black">&lt;evaluate&gt; try to just build the settings apk</span><br />
<span class="irc-date">[7:43]</span> <span class="irc-black">&lt;evaluate&gt; . build/envsetup.h</span><br />
<span class="irc-date">[7:43]</span> <span class="irc-black">&lt;evaluate&gt; lunch DEVICE...</span><br />
<span class="irc-date">[7:43]</span> <span class="irc-black">&lt;evaluate&gt; mmm -B packages/apps/Settings</span><br />
<span class="irc-date">[7:44]</span> <span class="irc-black">&lt;evaluate&gt; and then push 'out/.../system/app/Settings.apk' to the device</span><br />
<span class="irc-date">[7:44]</span> <span class="irc-black">&lt;evaluate&gt; with adb</span><br />
<span class="irc-date">[7:45]</span> <span class="irc-navy">* quad (d121029f@gateway/web/freenode/ip.209.33.2.159) Quit (Ping timeout: 252 seconds)</span><br />
<span class="irc-date">[7:45]</span> <span class="irc-black">&lt;techmik_laptop&gt; invalid lunch combo?</span><br />
<span class="irc-date">[7:48]</span> <span class="irc-black">&lt;evaluate&gt; type just lunch</span><br />
<span class="irc-date">[7:48]</span> <span class="irc-black">&lt;evaluate&gt; and then find your device in the list</span><br />
<span class="irc-date">[7:48]</span> <span class="irc-black">&lt;evaluate&gt; and type in the number</span><br />
<span class="irc-date">[7:48]</span> <span class="irc-black">&lt;evaluate&gt; (it's 60 for example for galaxys, iirc)</span><br />
<span class="irc-date">[7:48]</span> <span class="irc-black">&lt;techmik_laptop&gt; cap is</span><br />
<span class="irc-date">[7:48]</span> <span class="irc-black">&lt;techmik_laptop&gt; 55</span><br />
<span class="irc-date">[7:49]</span> <span class="irc-black">&lt;techmik_laptop&gt; captivate-eng</span><br />
<span class="irc-date">[7:51]</span> <span class="irc-green">* TCMAN-dmg (~Dominik@99-103-196-195.lightspeed.sntcca.sbcglobal.net) has joined this channel.</span><br />
<span class="irc-date">[7:55]</span> <span class="irc-black">&lt;techmik_laptop&gt; ok, i got my SettingsTest.apk</span><br />
<span class="irc-date">[7:55]</span> <span class="irc-black">&lt;evaluate&gt; techmik_laptop, there should also be a Settings.apk</span><br />
<span class="irc-date">[7:57]</span> <span class="irc-black">&lt;techmik_laptop&gt; in thew same place? /out..../data/app?</span><br />
<span class="irc-date">[7:58]</span> <span class="irc-green">* quad (d121029f@gateway/web/freenode/ip.209.33.2.159) has joined this channel.</span><br />
<span class="irc-date">[7:58]</span> <span class="irc-black">&lt;evaluate&gt; system/app</span><br />
<span class="irc-date">[7:58]</span> <span class="irc-black">&lt;techmik_laptop&gt; k</span><br />
<span class="irc-date">[7:58]</span> <span class="irc-black">&lt;techmik_laptop&gt; pushing</span><br />
<span class="irc-date">[7:58]</span> <span class="irc-black">&lt;quad&gt; ran this from command prompt and it worked - heimdall flash --repartition --pit s1_odin_20100512.pit --factoryfs factoryfs.rfs --cache cache.rfs --dbdata dbdata.rfs --primary-boot boot.bin --secondary-boot Sbl.bin --param param.lfs --kernel zImage --modem modem.bin</span><br />
<span class="irc-date">[7:58]</span> <span class="irc-black">&lt;quad&gt; about to check imei - phone is booting up</span><br />
<span class="irc-date">[7:58]</span> <span class="irc-black">&lt;techmik_laptop&gt; gratz!</span><br />
<span class="irc-date">[7:59]</span> <span class="irc-black">&lt;quad&gt; thanks</span><br />
<span class="irc-date">[7:59]</span> <span class="irc-black">&lt;quad&gt; shit - still 004999901............</span><br />
