<span class="irc-date">[0:03]</span> <span class="irc-black">&lt;koush&gt; whats this mean in a crontab</span><br />
<span class="irc-date">[0:03]</span> <span class="irc-brick">* koush * * * * * /home/nginx/bin/s3fs.sh</span><br />
<span class="irc-date">[0:03]</span> <span class="irc-black">&lt;koush&gt; run in a loop?</span><br />
<span class="irc-date">[0:05]</span> <span class="irc-black">&lt;Unhelpful&gt; i believe cron generally has 1-minute resolution, no? so it'd be run every minute.</span><br />
<span class="irc-date">[0:08]</span> <span class="irc-black">&lt;koush&gt; regardless of whether the last one completed?</span><br />
<span class="irc-date">[0:09]</span> <span class="irc-black">&lt;Unhelpful&gt; ...that i don't know :)</span><br />
<span class="irc-date">[0:09]</span> <span class="irc-green">* chaembian (~chaembian@122.174.181.209) has joined this channel.</span><br />
<span class="irc-date">[0:09]</span> <span class="irc-black">&lt;Unhelpful&gt; it may also depend more than a little on which cron you use.</span><br />
<span class="irc-date">[0:16]</span> <span class="irc-black">&lt;gehzumteufel&gt; ./build kernel vibrant instead of ./build vibrant now correct?</span><br />
<span class="irc-date">[0:16]</span> <span class="irc-black">&lt;techmik&gt; build vibrant kernel</span><br />
<span class="irc-date">[0:16]</span> <span class="irc-brick">* Wout|afk slaps codeworkx around a bit with a large trout</span><br />
<span class="irc-date">[0:18]</span> <span class="irc-black">&lt;codeworkx&gt; WTF</span><br />
<span class="irc-date">[0:19]</span> <span class="irc-black">&lt;Wout|afk&gt; more stuff to test? :P</span><br />
<span class="irc-date">[0:19]</span> <span class="irc-black">&lt;codeworkx&gt; techmik: if you're fully crazy you can try <a href="https://github.com/teamhacksung/releasetools/commit/cd4f0bdf295346650423082b7bb7d1ade83c1afc">https://github.com/teamhacksung/releasetools/commit/cd4f0bdf295346650423082b7bb7d1ade83c1afc</a></span><br />
<span class="irc-date">[0:20]</span> <span class="irc-black">&lt;codeworkx&gt; releasetools/universal.sh</span><br />
<span class="irc-date">[0:20]</span> <span class="irc-black">&lt;codeworkx&gt; give 1 file</span><br />
<span class="irc-date">[0:20]</span> <span class="irc-black">&lt;codeworkx&gt; tries to detect if bml or mtd and does stuff</span><br />
<span class="irc-date">[0:20]</span> <span class="irc-black">&lt;codeworkx&gt; but</span><br />
<span class="irc-date">[0:20]</span> <span class="irc-black">&lt;codeworkx&gt; it's late here</span><br />
<span class="irc-date">[0:20]</span> <span class="irc-black">&lt;codeworkx&gt; and this is the first attempt</span><br />
<span class="irc-date">[0:21]</span> <span class="irc-black">&lt;h8rift&gt; best watch out codeworkx</span><br />
<span class="irc-date">[0:21]</span> <span class="irc-black">&lt;h8rift&gt; he's nuts</span><br />
<span class="irc-date">[0:21]</span> <span class="irc-black">&lt;h8rift&gt; he'll do it!</span><br />
<span class="irc-date">[0:21]</span> <span class="irc-black">&lt;codeworkx&gt; i hope so xD</span><br />
<span class="irc-date">[0:22]</span> <span class="irc-black">&lt;h8rift&gt; back when i had my captivate, he was building and flashing anything ytt3r and i asked him to lol</span><br />
<span class="irc-date">[0:22]</span> <span class="irc-black">&lt;h8rift&gt; but im sure he's learned a TON though</span><br />
<span class="irc-date">[0:22]</span> <span class="irc-black">&lt;h8rift&gt; im kinda jealous...im still a git newb</span><br />
<span class="irc-date">[0:22]</span> <span class="irc-black">&lt;h8rift&gt; speaking of which, is there some sort of doc on the net somewhere to teach you the git commands?</span><br />
<span class="irc-date">[0:22]</span> <span class="irc-black">&lt;h8rift&gt; im hoping to help with CM7 for the Tab, and not knowing git is like not knowing how to type on a keyboard it seems</span><br />
<span class="irc-date">[0:23]</span> <span class="irc-black">&lt;Unhelpful&gt; <a href="http://tinyurl.com/azbkc5">http://tinyurl.com/azbkc5</a> ;)</span><br />
<span class="irc-date">[0:24]</span> <span class="irc-black">&lt;h8rift&gt; you make me sad unhelpful</span><br />
<span class="irc-date">[0:24]</span> <span class="irc-black">&lt;h8rift&gt; lol</span><br />
<span class="irc-date">[0:24]</span> <span class="irc-black">&lt;h8rift&gt; i can't believe</span><br />
<span class="irc-date">[0:24]</span> <span class="irc-black">&lt;h8rift&gt; all this time i've been such a techie and a mobile phone admin at work</span><br />
<span class="irc-date">[0:24]</span> <span class="irc-black">&lt;h8rift&gt; lol</span><br />
<span class="irc-date">[0:24]</span> <span class="irc-black">&lt;h8rift&gt; i FINALLY clicked on one of those links to that "did you google it?"</span><br />
<span class="irc-date">[0:25]</span> <span class="irc-black">&lt;h8rift&gt; you sir, have officially planted a milestone in my life :P</span><br />
<span class="irc-date">[0:25]</span> <span class="irc-black">&lt;codeworkx&gt; lawl</span><br />
<span class="irc-date">[0:25]</span> <span class="irc-black">&lt;h8rift&gt; i am scarred forever.</span><br />
<span class="irc-date">[0:25]</span> <span class="irc-black">&lt;codeworkx&gt; i can smell crazy peoplz</span><br />
<span class="irc-date">[0:25]</span> <span class="irc-black">&lt;Unhelpful&gt; this isn't a bad place to start</span><br />
<span class="irc-date">[0:25]</span> <span class="irc-black">&lt;Unhelpful&gt; ..</span><br />
<span class="irc-date">[0:25]</span> <span class="irc-black">&lt;Unhelpful&gt; <a href="http://book.git-scm.com/">http://book.git-scm.com/</a></span><br />
<span class="irc-date">[0:25]</span> <span class="irc-black">&lt;h8rift&gt; i know haha</span><br />
<span class="irc-date">[0:25]</span> <span class="irc-black">&lt;Unhelpful&gt; i fail @ paste :(</span><br />
<span class="irc-date">[0:25]</span> <span class="irc-black">&lt;h8rift&gt; :)</span><br />
<span class="irc-date">[0:26]</span> <span class="irc-black">&lt;h8rift&gt; codeworkx: thats gotta be frustrating. living across the sea from the US :P</span><br />
<span class="irc-date">[0:26]</span> <span class="irc-black">&lt;h8rift&gt; apparently we're all nuts here</span><br />
<span class="irc-date">[0:30]</span> <span class="irc-black">&lt;Unhelpful&gt; nah, just TX... where iirc they're considering a bill requiring creationism be presented as the null hypothesis for, you know, everything.</span><br />
<span class="irc-date">[0:32]</span> <span class="irc-black">&lt;h8rift&gt; good point</span><br />
<span class="irc-date">[0:37]</span> <span class="irc-black">&lt;codeworkx&gt; ok, i'm going to brick it</span><br />
<span class="irc-date">[0:37]</span> <span class="irc-brick">* h8rift cheers codeworkx on</span><br />
<span class="irc-date">[0:37]</span> <span class="irc-black">&lt;h8rift&gt; briiick it! briiick it! briiick it!</span><br />
<span class="irc-date">[0:39]</span> <span class="irc-black">&lt;UberPinguin&gt; Do the teamhacksung builds produce warnings like this? "packages/apps/Camera/src/com/android/camera/ui/GLRootView.java:20: cannot find symbol"</span><br />
<span class="irc-date">[0:39]</span> <span class="irc-black">&lt;UberPinguin&gt; We're getting a lot of missing symbol errors on camera/ui in the Epic build since moving to the vendor proprietary libcamera parts.</span><br />
<span class="irc-date">[0:41]</span> <span class="irc-black">&lt;Unhelpful&gt; heh, this one is amusing too. note that google will block you if you leave it open too long: <a href="http://lmgtfy.com/?q=cache%3Almgtfy.com">http://lmgtfy.com/?q=cache%3Almgtfy.com</a></span><br />
<span class="irc-date">[0:42]</span> <span class="irc-black">&lt;UberPinguin&gt; hahahahahaah</span><br />
<span class="irc-date">[0:43]</span> <span class="irc-black">&lt;Unhelpful&gt; not kidding about the block. eventually you'll get a page w/ a notice that unusual activity has been detected, and a CAPTCHA to proceed</span><br />
<span class="irc-date">[0:44]</span> <span class="irc-black">&lt;gehzumteufel&gt; haha</span><br />
<span class="irc-date">[0:44]</span> <span class="irc-black">&lt;gehzumteufel&gt; That's a funny loop</span><br />
<span class="irc-date">[0:45]</span> <span class="irc-black">&lt;Wout|afk&gt; codeworkx: you need test?</span><br />
<span class="irc-date">[0:47]</span> <span class="irc-green">* TMC_Sherpa_ (~jeff@c-67-173-42-196.hsd1.il.comcast.net) has joined this channel.</span><br />
<span class="irc-date">[0:47]</span> <span class="irc-green">* TMC_Sherpa_ is now known as TMC_Sherpa</span><br />
<span class="irc-date">[0:48]</span> <span class="irc-black">&lt;codeworkx&gt; Wout|afk: no, testing on my own</span><br />
<span class="irc-date">[0:48]</span> <span class="irc-black">&lt;Wout|afk&gt; k</span><br />
<span class="irc-date">[0:48]</span> <span class="irc-black">&lt;codeworkx&gt; Wout|afk: secret stuff</span><br />
<span class="irc-date">[0:48]</span> <span class="irc-black">&lt;Wout|afk&gt; brick stuff?</span><br />
<span class="irc-date">[0:48]</span> <span class="irc-black">&lt;codeworkx&gt; hmm. no xD</span><br />
<span class="irc-date">[0:48]</span> <span class="irc-black">&lt;Wout|afk&gt; k :P</span><br />
<span class="irc-date">[0:48]</span> <span class="irc-black">&lt;Wout|afk&gt; sleepy time then</span><br />
<span class="irc-date">[0:49]</span> <span class="irc-navy">* Wout|afk (~Wout@s559776f4.adsl.wanadoo.nl) Quit ()</span><br />
<span class="irc-date">[1:11]</span> <span class="irc-black">&lt;sixstringsg&gt; You can set up a case-senstiive environment on mac just for building. I got it to build completely with "make -j`sysctl -an hw.logicalcpu` bacon" I just don't know if it had the pre-built kernel in it.</span><br />
<span class="irc-date">[1:11]</span> <span class="irc-black">&lt;sixstringsg&gt; I can't use the build.sh because it calls linux specific stuff.</span><br />
<span class="irc-date">[1:12]</span> <span class="irc-black">&lt;sixstringsg&gt; I have a virtual linux box that it builds on just fine (although slowly) I'm just expirementing.</span><br />
<span class="irc-date">[1:14]</span> <span class="irc-black">&lt;techmik&gt; ok</span><br />
<span class="irc-date">[1:14]</span> <span class="irc-black">&lt;techmik&gt; help me out here....</span><br />
<span class="irc-date">[1:14]</span> <span class="irc-black">&lt;h8rift&gt; maybe</span><br />
<span class="irc-date">[1:14]</span> <span class="irc-black">&lt;h8rift&gt; ;)</span><br />
<span class="irc-date">[1:14]</span> <span class="irc-black">&lt;techmik&gt; netflix new app knws i'm not a nexus s.....</span><br />
<span class="irc-date">[1:14]</span> <span class="irc-black">&lt;techmik&gt; i wanna fool it</span><br />
<span class="irc-date">[1:14]</span> <span class="irc-black">&lt;h8rift&gt; how/where are you installing it from?</span><br />
<span class="irc-date">[1:14]</span> <span class="irc-black">&lt;techmik&gt; sec</span><br />
<span class="irc-date">[1:15]</span> <span class="irc-black">&lt;techmik&gt; <a href="http://androidspin.com/2011/05/12/netflix-now-available-for-download-streaming-to-select-devices/">http://androidspin.com/2011/05/12/netflix-now-available-for-download-streaming-to-select-devices/</a></span><br />
<span class="irc-date">[1:17]</span> <span class="irc-black">&lt;h8rift&gt; hate to quote from XDA</span><br />
<span class="irc-date">[1:17]</span> <span class="irc-black">&lt;h8rift&gt; but</span><br />
<span class="irc-date">[1:17]</span> <span class="irc-black">&lt;h8rift&gt; <a href="http://forum.xda-developers.com/showthread.php?t=1076150">http://forum.xda-developers.com/showthread.php?t=1076150</a></span><br />
<span class="irc-date">[1:17]</span> <span class="irc-black">&lt;h8rift&gt; post 1 works on my galaxy tab</span><br />
<span class="irc-date">[1:17]</span> <span class="irc-black">&lt;h8rift&gt; on 2.3.3 that just rolled out yesterday</span><br />
<span class="irc-date">[1:19]</span> <span class="irc-black">&lt;h8rift&gt; nope</span><br />
<span class="irc-date">[1:19]</span> <span class="irc-black">&lt;h8rift&gt; just sideloaded it</span><br />
<span class="irc-date">[1:19]</span> <span class="irc-black">&lt;h8rift&gt; bam works.</span><br />
<span class="irc-date">[1:19]</span> <span class="irc-black">&lt;h8rift&gt; i watched comedy central presents on it</span><br />
<span class="irc-date">[1:19]</span> <span class="irc-black">&lt;h8rift&gt; an hour ago</span><br />
<span class="irc-date">[1:20]</span> <span class="irc-black">&lt;h8rift&gt; weird.</span><br />
<span class="irc-date">[1:20]</span> <span class="irc-black">&lt;h8rift&gt; well, my model is GT-P1000</span><br />
<span class="irc-date">[1:20]</span> <span class="irc-black">&lt;h8rift&gt; and it wasn't an officially supported device</span><br />
<span class="irc-date">[1:20]</span> <span class="irc-black">&lt;h8rift&gt; dont know if it would be worth it for you to change your build prop to a NS or a GST to try it or not</span><br />
<span class="irc-date">[1:22]</span> <span class="irc-black">&lt;h8rift&gt; anonymous</span><br />
<span class="irc-date">[1:22]</span> <span class="irc-black">&lt;h8rift&gt; <a href="http://www.androidpolice.com/2011/05/12/good-news-everyone-trick-the-netflix-app-into-thinking-your-rooted-device-is-supported/">http://www.androidpolice.com/2011/05/12/good-news-everyone-trick-the-netflix-app-into-thinking-your-rooted-device-is-supported/</a></span><br />
<span class="irc-date">[1:22]</span> <span class="irc-black">&lt;h8rift&gt; is an option</span><br />
<span class="irc-date">[1:25]</span> <span class="irc-navy">* codeworkx (~codeworkx@188-195-7-18-dynip.superkabel.de) Quit (Read error: Connection reset by peer)</span><br />
<span class="irc-date">[1:30]</span> <span class="irc-black">&lt;UberPinguin&gt; ...crespo4g does not have wimax source.</span><br />
<span class="irc-date">[1:30]</span> <span class="irc-black">&lt;UberPinguin&gt; Vendor blobs.</span><br />
<span class="irc-date">[1:30]</span> <span class="irc-black">&lt;UberPinguin&gt; What. The. Fuck.</span><br />
<span class="irc-date">[1:31]</span> <span class="irc-black">&lt;gehzumteufel&gt; bbl</span><br />
<span class="irc-date">[1:31]</span> <span class="irc-navy">* gehzumteufel (~gehzumteu@adsl-76-252-171-187.dsl.lsan03.sbcglobal.net) Quit (Quit: gehzumteufel)</span><br />
<span class="irc-date">[1:32]</span> <span class="irc-green">* sixstringsg is now known as sixstringsg_away</span><br />
<span class="irc-date">[1:37]</span> <span class="irc-black">&lt;nullghost&gt; hey, quick git question.</span><br />
<span class="irc-date">[1:38]</span> <span class="irc-black">&lt;nullghost&gt; I'm working in a repo, but I'm on a detached head because I didn't create a branch before starting my work</span><br />
<span class="irc-date">[1:38]</span> <span class="irc-black">&lt;Unhelpful&gt; a hack to spoof properties per-app would be nice here :)</span><br />
<span class="irc-date">[1:38]</span> <span class="irc-black">&lt;Unhelpful&gt; nullghost: you want to make it a branch?</span><br />
<span class="irc-date">[1:38]</span> <span class="irc-black">&lt;nullghost&gt; Unhelpful: yessir</span><br />
<span class="irc-date">[1:38]</span> <span class="irc-black">&lt;Unhelpful&gt; i believe git checkout -b &lt;newbranch&gt; will work for you, then.</span><br />
<span class="irc-date">[1:39]</span> <span class="irc-black">&lt;nullghost&gt; I thought so too, just double checking before I do it</span><br />
<span class="irc-date">[1:39]</span> <span class="irc-black">&lt;nullghost&gt; thanks</span><br />
<span class="irc-date">[1:40]</span> <span class="irc-black">&lt;uberushaximus&gt; UberPinguin: isn't that how it works on supersonic/speedy?</span><br />
<span class="irc-date">[1:40]</span> <span class="irc-black">&lt;nullghost&gt; your main working branch is android-samsung-2.6.35 right</span><br />
<span class="irc-date">[1:40]</span> <span class="irc-black">&lt;Unhelpful&gt; um, for the kernel? i think so.</span><br />
<span class="irc-date">[1:40]</span> <span class="irc-black">&lt;nullghost&gt; good, thanks</span><br />
<span class="irc-date">[1:42]</span> <span class="irc-black">&lt;UberPinguin&gt; uberushaximus: Those aren't dev phones afaik?</span><br />
<span class="irc-date">[1:43]</span> <span class="irc-black">&lt;uberushaximus&gt; UberPinguin: they aren't, but there's telelphony blobs in the crespo GSM model as well</span><br />
<span class="irc-date">[1:43]</span> <span class="irc-black">&lt;UberPinguin&gt; Telephony / modem stuff, I can understand. But UI and service management components? That should be in platform.</span><br />
