<span class="irc-date">[0:03]</span> <span class="irc-navy">* magote (~magote@a79-169-106-110.cpe.netcabo.pt) Quit (Ping timeout: 245 seconds)</span><br />
<span class="irc-date">[0:04]</span> <span class="irc-black">&lt;atinm&gt; how goes</span><br />
<span class="irc-date">[0:04]</span> <span class="irc-black">&lt;atinm&gt; quick look in before I have to leave again</span><br />
<span class="irc-date">[0:04]</span> <span class="irc-black">&lt;techmik67&gt; rebuilding</span><br />
<span class="irc-date">[0:04]</span> <span class="irc-black">&lt;techmik67&gt; he fixed</span><br />
<span class="irc-date">[0:04]</span> <span class="irc-black">&lt;techmik67&gt;  1line in cpp file</span><br />
<span class="irc-date">[0:05]</span> <span class="irc-black">&lt;techmik67&gt;  well 2</span><br />
<span class="irc-date">[0:05]</span> <span class="irc-black">&lt;techmik67&gt;  swap x and y</span><br />
<span class="irc-date">[0:05]</span> <span class="irc-black">&lt;atinm&gt; lol, ytt3r!! why is the whole file different?!</span><br />
<span class="irc-date">[0:05]</span> <span class="irc-black">&lt;atinm&gt; are you using windows or something?</span><br />
<span class="irc-date">[0:05]</span> <span class="irc-black">&lt;techmik67&gt; i use both</span><br />
<span class="irc-date">[0:05]</span> <span class="irc-black">&lt;atinm&gt; no, ytt3r</span><br />
<span class="irc-date">[0:05]</span> <span class="irc-black">&lt;atinm&gt; the change log is showing the whole file different</span><br />
<span class="irc-date">[0:05]</span> <span class="irc-black">&lt;atinm&gt; rather than just the line he changed.</span><br />
<span class="irc-date">[0:06]</span> <span class="irc-black">&lt;techmik67&gt; <a href="http://dl.dropbox.com/u/10818379/NewCommandCentral.JPG">http://dl.dropbox.com/u/10818379/NewCommandCentral.JPG</a></span><br />
<span class="irc-date">[0:06]</span> <span class="irc-black">&lt;techmik67&gt; windows desktp, dual boot linux laptop</span><br />
<span class="irc-date">[0:06]</span> <span class="irc-black">&lt;techmik67&gt; i'm more comfortable in windowss, so i'm always swapping back and forth</span><br />
<span class="irc-date">[0:07]</span> <span class="irc-black">&lt;atinm&gt; I don't know what he did - it seems he didn't modify the file that was already in but rather wrote over it and managed to change the line endings or something</span><br />
<span class="irc-date">[0:07]</span> <span class="irc-black">&lt;atinm&gt; yeah, line endings -- guess he is using windows</span><br />
<span class="irc-date">[0:07]</span> <span class="irc-black">&lt;atinm&gt; and somehow it kept windows line endings</span><br />
<span class="irc-date">[0:07]</span> <span class="irc-black">&lt;atinm&gt; crap, I hate that.</span><br />
<span class="irc-date">[0:08]</span> <span class="irc-black">&lt;techmik67&gt; line 309 and 311</span><br />
<span class="irc-date">[0:08]</span> <span class="irc-black">&lt;atinm&gt; makes merge look bad</span><br />
<span class="irc-date">[0:08]</span> <span class="irc-black">&lt;atinm&gt; yeah, I found it if I diff -w</span><br />
<span class="irc-date">[0:08]</span> <span class="irc-black">&lt;techmik67&gt; are the real change</span><br />
<span class="irc-date">[0:08]</span> <span class="irc-black">&lt;techmik67&gt; ah</span><br />
<span class="irc-date">[0:08]</span> <span class="irc-black">&lt;ytt3r&gt; I committed from the web</span><br />
<span class="irc-date">[0:08]</span> <span class="irc-black">&lt;ytt3r&gt; not hte command line</span><br />
<span class="irc-date">[0:08]</span> <span class="irc-black">&lt;atinm&gt; doesnt' make sense that the whole file is different.</span><br />
<span class="irc-date">[0:09]</span> <span class="irc-black">&lt;ytt3r&gt; I'm not sure why github's web editor does that</span><br />
<span class="irc-date">[0:09]</span> <span class="irc-black">&lt;ytt3r&gt; its not /me</span><br />
<span class="irc-date">[0:09]</span> <span class="irc-black">&lt;atinm&gt; k, let me fix it</span><br />
<span class="irc-date">[0:09]</span> <span class="irc-black">&lt;atinm&gt; I have your change now</span><br />
<span class="irc-date">[0:10]</span> <span class="irc-black">&lt;techmik67&gt; should be about 30 mins left on build</span><br />
<span class="irc-date">[0:10]</span> <span class="irc-black">&lt;techmik67&gt; did i show you guys that gps is pretty good?</span><br />
<span class="irc-date">[0:10]</span> <span class="irc-black">&lt;techmik67&gt; <a href="http://dl.dropbox.com/u/10818379/cm7gps.png">http://dl.dropbox.com/u/10818379/cm7gps.png</a></span><br />
<span class="irc-date">[0:11]</span> <span class="irc-black">&lt;techmik67&gt; that was last night while walking dogs</span><br />
<span class="irc-date">[0:13]</span> <span class="irc-black">&lt;atinm&gt; ah! the original file was with dos endings</span><br />
<span class="irc-date">[0:13]</span> <span class="irc-black">&lt;atinm&gt; you're fine ytt3r</span><br />
<span class="irc-date">[0:13]</span> <span class="irc-green">* coolya is now known as kolja_</span><br />
<span class="irc-date">[0:14]</span> <span class="irc-black">&lt;h8|mobile&gt; Vim for windows ftw</span><br />
<span class="irc-date">[0:14]</span> <span class="irc-black">&lt;h8|mobile&gt; ;)</span><br />
<span class="irc-date">[0:14]</span> <span class="irc-black">&lt;atinm&gt; yeah, the issue is that dos and unix have different line ending chars</span><br />
<span class="irc-date">[0:15]</span> <span class="irc-black">&lt;atinm&gt; and BoschYamaha.cpp had dos endings</span><br />
<span class="irc-date">[0:15]</span> <span class="irc-black">&lt;ytt3r&gt; <a href="http://dl.dropbox.com/u/9426310/Android/pics/2011-02-06%2002.15.16.jpg">http://dl.dropbox.com/u/9426310/Android/pics/2011-02-06%2002.15.16.jpg</a></span><br />
<span class="irc-date">[0:15]</span> <span class="irc-black">&lt;h8|mobile&gt; Yep</span><br />
<span class="irc-date">[0:15]</span> <span class="irc-black">&lt;atinm&gt; so when ytt3r committed and it used unix line endings (correctly I might add), it looked like the whole file was changed.</span><br />
<span class="irc-date">[0:15]</span> <span class="irc-black">&lt;ytt3r&gt; there's my command central</span><br />
<span class="irc-date">[0:15]</span> <span class="irc-black">&lt;ytt3r&gt; lol so it was samsung's fault?</span><br />
<span class="irc-date">[0:15]</span> <span class="irc-black">&lt;atinm&gt; but its cool - ytt3r's commit is using unix line endings, so we're cool</span><br />
<span class="irc-date">[0:16]</span> <span class="irc-black">&lt;atinm&gt; whoever originally commited that file</span><br />
<span class="irc-date">[0:16]</span> <span class="irc-black">&lt;atinm&gt; I think we can specify a certain lineending in git</span><br />
<span class="irc-date">[0:16]</span> <span class="irc-black">&lt;atinm&gt; per repo</span><br />
<span class="irc-date">[0:16]</span> <span class="irc-black">&lt;h8|mobile&gt; Lol @ytt3r</span><br />
<span class="irc-date">[0:16]</span> <span class="irc-black">&lt;atinm&gt; but I forget how</span><br />
<span class="irc-date">[0:16]</span> <span class="irc-black">&lt;h8|mobile&gt; Ur command center needs more beef</span><br />
<span class="irc-date">[0:17]</span> <span class="irc-black">&lt;ytt3r&gt; macbook ftw</span><br />
<span class="irc-date">[0:17]</span> <span class="irc-black">&lt;atinm&gt; ytt3r: me too</span><br />
<span class="irc-date">[0:17]</span> <span class="irc-black">&lt;atinm&gt; tho I also have a separate ubuntu desktop that I ssh into</span><br />
<span class="irc-date">[0:17]</span> <span class="irc-black">&lt;ytt3r&gt; no way!</span><br />
<span class="irc-date">[0:17]</span> <span class="irc-black">&lt;atinm&gt; well, macbook pro</span><br />
<span class="irc-date">[0:17]</span> <span class="irc-black">&lt;atinm&gt; but yeah</span><br />
<span class="irc-date">[0:17]</span> <span class="irc-black">&lt;ytt3r&gt; My macbook is almost solely ubuntu</span><br />
<span class="irc-date">[0:18]</span> <span class="irc-black">&lt;ytt3r&gt; just a mac partition for video editing</span><br />
<span class="irc-date">[0:18]</span> <span class="irc-black">&lt;h8|mobile&gt; 32" LCD TV dual boot Linux/win7x64 desktop and dual boot Linux/win7x65 laptop</span><br />
<span class="irc-date">[0:18]</span> <span class="irc-black">&lt;h8|mobile&gt; X64</span><br />
<span class="irc-date">[0:18]</span> <span class="irc-black">&lt;atinm&gt; I do my android work on my ubuntu box</span><br />
<span class="irc-date">[0:18]</span> <span class="irc-black">&lt;h8|mobile&gt; Ii don't have a futuristic architecture of windows :p</span><br />
<span class="irc-date">[0:18]</span> <span class="irc-black">&lt;atinm&gt; I have an apple cinema display</span><br />
<span class="irc-date">[0:18]</span> <span class="irc-black">&lt;atinm&gt; but am on an older macbook pro</span><br />
<span class="irc-date">[0:19]</span> <span class="irc-black">&lt;atinm&gt; don't need the horse power on the pro since development is done on the ubuntu desktop</span><br />
<span class="irc-date">[0:19]</span> <span class="irc-black">&lt;atinm&gt; anyway, hopefully this time reorient will "just work"</span><br />
<span class="irc-date">[0:20]</span> <span class="irc-black">&lt;techmik67&gt; where was the fix for /data?</span><br />
<span class="irc-date">[0:20]</span> <span class="irc-black">&lt;atinm&gt; that was in init stuff</span><br />
<span class="irc-date">[0:20]</span> <span class="irc-black">&lt;atinm&gt; why, that broke too?</span><br />
<span class="irc-date">[0:20]</span> <span class="irc-black">&lt;techmik67&gt; no, moosehunter checking to see if he has it</span><br />
<span class="irc-date">[0:20]</span> <span class="irc-black">&lt;techmik67&gt; it was fine last night</span><br />
<span class="irc-date">[0:21]</span> <span class="irc-black">&lt;atinm&gt; I need my phone to be right side up ...</span><br />
<span class="irc-date">[0:21]</span> <span class="irc-black">&lt;atinm&gt; getting a crick trying to read smses I missed while my phone was out of commision :)</span><br />
<span class="irc-date">[0:23]</span> <span class="irc-green">* kolja_ is now known as coolya</span><br />
<span class="irc-date">[0:28]</span> <span class="irc-black">&lt;ytt3r&gt; brb</span><br />
<span class="irc-date">[0:30]</span> <span class="irc-black">&lt;atinm&gt; did sensor.h also change?</span><br />
<span class="irc-date">[0:30]</span> <span class="irc-black">&lt;atinm&gt; I still have the bad orientation</span><br />
<span class="irc-date">[0:30]</span> <span class="irc-black">&lt;atinm&gt; even after your last change</span><br />
<span class="irc-date">[0:30]</span> <span class="irc-black">&lt;techmik67&gt; what do you have for the x y z in sensors?</span><br />
<span class="irc-date">[0:30]</span> <span class="irc-black">&lt;techmik67&gt; pos, neg neg?</span><br />
<span class="irc-date">[0:30]</span> <span class="irc-black">&lt;atinm&gt; yeah</span><br />
<span class="irc-date">[0:31]</span> <span class="irc-black">&lt;techmik67&gt; checking</span><br />
<span class="irc-date">[0:31]</span> <span class="irc-black">&lt;atinm&gt; is that what you ahve?</span><br />
<span class="irc-date">[0:32]</span> <span class="irc-black">&lt;techmik67&gt; damn</span><br />
<span class="irc-date">[0:32]</span> <span class="irc-black">&lt;techmik67&gt; i have that too</span><br />
<span class="irc-date">[0:32]</span> <span class="irc-black">&lt;techmik67&gt; build not done yet</span><br />
<span class="irc-date">[0:32]</span> <span class="irc-black">&lt;atinm&gt; crap.</span><br />
<span class="irc-date">[0:33]</span> <span class="irc-black">&lt;techmik67&gt; wait</span><br />
<span class="irc-date">[0:33]</span> <span class="irc-black">&lt;techmik67&gt; you can see your own history, correct? what changes you made and when?</span><br />
<span class="irc-date">[0:33]</span> <span class="irc-black">&lt;atinm&gt; yes</span><br />
<span class="irc-date">[0:33]</span> <span class="irc-black">&lt;techmik67&gt; ok</span><br />
<span class="irc-date">[0:33]</span> <span class="irc-black">&lt;techmik67&gt; i synced form you</span><br />
<span class="irc-date">[0:34]</span> <span class="irc-black">&lt;techmik67&gt; lemme see when</span><br />
<span class="irc-date">[0:34]</span> <span class="irc-black">&lt;techmik67&gt; for the good build</span><br />
<span class="irc-date">[0:34]</span> <span class="irc-black">&lt;atinm&gt; won't work - I blew it away</span><br />
<span class="irc-date">[0:34]</span> <span class="irc-black">&lt;techmik67&gt; k</span><br />
<span class="irc-date">[0:34]</span> <span class="irc-black">&lt;atinm&gt; frack.</span><br />
<span class="irc-date">[0:34]</span> <span class="irc-black">&lt;techmik67&gt; we can just try all the different values now that we changed cpp file</span><br />
<span class="irc-date">[0:35]</span> <span class="irc-black">&lt;atinm&gt; yeah ... guess so.</span><br />
<span class="irc-date">[0:35]</span> <span class="irc-black">&lt;techmik67&gt; without building clean</span><br />
<span class="irc-date">[0:35]</span> <span class="irc-black">&lt;techmik67&gt; takes 5 mins</span><br />
<span class="irc-date">[0:35]</span> <span class="irc-black">&lt;techmik67&gt; waiting for this to finish</span><br />
<span class="irc-date">[0:36]</span> <span class="irc-black">&lt;techmik67&gt; lets keep track</span><br />
<span class="irc-date">[0:36]</span> <span class="irc-black">&lt;atinm&gt; yes, pos,neg,pos now</span><br />
<span class="irc-date">[0:36]</span> <span class="irc-black">&lt;atinm&gt; you try pos,pos,neg</span><br />
<span class="irc-date">[0:36]</span> <span class="irc-black">&lt;techmik67&gt; i know it was perfect, cause the cm "rotate 180 degrees" setting also worked</span><br />
<span class="irc-date">[0:41]</span> <span class="irc-black">&lt;techmik67&gt; build should ffinish any minute</span><br />
<span class="irc-date">[0:43]</span> <span class="irc-black">&lt;atinm&gt; ok, I'm testing pos,neg,pos</span><br />
<span class="irc-date">[0:43]</span> <span class="irc-black">&lt;techmik67&gt; k</span><br />
<span class="irc-date">[0:43]</span> <span class="irc-black">&lt;atinm&gt; so after you check to make sure pos,neg,neg doesn't work, try pos,pos,neg</span><br />
<span class="irc-date">[0:43]</span> <span class="irc-black">&lt;techmik67&gt; k</span><br />
<span class="irc-date">[0:45]</span> <span class="irc-black">&lt;atinm&gt; no good on pos,pos,neg</span><br />
<span class="irc-date">[0:46]</span> <span class="irc-black">&lt;techmik67&gt; k</span><br />
<span class="irc-date">[0:46]</span> <span class="irc-black">&lt;techmik67&gt; no</span><br />
<span class="irc-date">[0:46]</span> <span class="irc-black">&lt;techmik67&gt; you did pos neg pos, right?</span><br />
<span class="irc-date">[0:46]</span> <span class="irc-black">&lt;techmik67&gt; look back on page =)</span><br />
<span class="irc-date">[0:48]</span> <span class="irc-black">&lt;techmik67&gt; gptta reboot laptop.... brb while testing this build</span><br />
<span class="irc-date">[0:50]</span> <span class="irc-navy">* techmik_laptop (~techmik@c-76-109-173-83.hsd1.fl.comcast.net) Quit (Remote host closed the connection)</span><br />
<span class="irc-date">[0:51]</span> <span class="irc-green">* rwicl|work (work@work.com) has joined this channel.</span><br />
<span class="irc-date">[0:57]</span> <span class="irc-green">* h8rift (~h8rift@ip68-111-114-81.fv.ks.cox.net) has joined this channel.</span><br />
<span class="irc-date">[0:57]</span> <span class="irc-black">&lt;h8rift&gt; the values we had</span><br />
<span class="irc-date">[0:58]</span> <span class="irc-black">&lt;h8rift&gt; were pos, neg, neg</span><br />
<span class="irc-date">[0:58]</span> <span class="irc-black">&lt;h8rift&gt; :)</span><br />
<span class="irc-date">[0:58]</span> <span class="irc-black">&lt;h8rift&gt; pos x, neg y, neg z</span><br />
<span class="irc-date">[0:58]</span> <span class="irc-black">&lt;h8rift&gt; i still have the files on my linux partition</span><br />
<span class="irc-date">[0:58]</span> <span class="irc-black">&lt;atinm&gt; that's what is commited and didn't work ...</span><br />
<span class="irc-date">[0:58]</span> <span class="irc-black">&lt;h8rift&gt; the .cpp and sensors.h</span><br />
<span class="irc-date">[0:58]</span> <span class="irc-black">&lt;atinm&gt; yeah.</span><br />
<span class="irc-date">[0:58]</span> <span class="irc-black">&lt;h8rift&gt; if you need me to throw them up on dropbox or something</span><br />
<span class="irc-date">[0:59]</span> <span class="irc-black">&lt;h8rift&gt; :)</span><br />
<span class="irc-date">[0:59]</span> <span class="irc-black">&lt;atinm&gt; let me retry.</span><br />
<span class="irc-date">[0:59]</span> <span class="irc-black">&lt;atinm&gt; yes please</span><br />
<span class="irc-date">[0:59]</span> <span class="irc-black">&lt;h8rift&gt; k. gimme just a minute. I'm making a x64 ubuntu usb pen installer</span><br />
<span class="irc-date">[0:59]</span> <span class="irc-black">&lt;h8rift&gt; for my laptop</span><br />
<span class="irc-date">[0:59]</span> <span class="irc-black">&lt;h8rift&gt; and its done</span><br />
<span class="irc-date">[0:59]</span> <span class="irc-black">&lt;h8rift&gt; rebooting, brb :)</span><br />
<span class="irc-date">[0:59]</span> <span class="irc-navy">* h8rift (~h8rift@ip68-111-114-81.fv.ks.cox.net) Quit (Client Quit)</span><br />
<span class="irc-date">[1:00]</span> <span class="irc-black">&lt;techmik67&gt; wow... mine wont boot</span><br />
<span class="irc-date">[1:01]</span> <span class="irc-black">&lt;atinm&gt; life is going backwards :)</span><br />
<span class="irc-date">[1:01]</span> <span class="irc-black">&lt;techmik67&gt; cycles back to rom cwm</span><br />
<span class="irc-date">[1:01]</span> <span class="irc-black">&lt;techmik67&gt; really =)</span><br />
<span class="irc-date">[1:02]</span> <span class="irc-green">* h8rift (~h8rift@ip68-111-114-81.fv.ks.cox.net) has joined this channel.</span><br />
<span class="irc-date">[1:02]</span> <span class="irc-black">&lt;h8rift&gt; okie</span><br />
<span class="irc-date">[1:02]</span> <span class="irc-black">&lt;h8rift&gt; Sensors.h: <a href="http://dl.dropbox.com/u/10206260/sensors.h">http://dl.dropbox.com/u/10206260/sensors.h</a></span><br />
<span class="irc-date">[1:02]</span> <span class="irc-black">&lt;h8rift&gt; BoschYamaha.cpp: <a href="http://dl.dropbox.com/u/10206260/BoschYamaha.cpp">http://dl.dropbox.com/u/10206260/BoschYamaha.cpp</a></span><br />
<span class="irc-date">[1:02]</span> <span class="irc-black">&lt;h8rift&gt; need anything else from that build? :)</span><br />
<span class="irc-date">[1:03]</span> <span class="irc-black">&lt;h8rift&gt; I'm going to keep it on this partition, making a new one on my laptop anyways</span><br />
<span class="irc-date">[1:03]</span> <span class="irc-black">&lt;h8rift&gt; then im going to use your repo, atinm</span><br />
<span class="irc-date">[1:03]</span> <span class="irc-black">&lt;h8rift&gt; on the laptop</span><br />
<span class="irc-date">[1:04]</span> <span class="irc-black">&lt;h8rift&gt; while im installing, i'll have my phone. just type my nick to get my attention :)</span><br />
<span class="irc-date">[1:04]</span> <span class="irc-black">&lt;h8rift&gt; bbiab</span><br />
<span class="irc-date">[1:04]</span> <span class="irc-navy">* h8rift (~h8rift@ip68-111-114-81.fv.ks.cox.net) Quit (Client Quit)</span><br />
<span class="irc-date">[1:04]</span> <span class="irc-black">&lt;atinm&gt; k</span><br />
<span class="irc-date">[1:05]</span> <span class="irc-green">* techmik_laptop (~techmik@c-76-109-173-83.hsd1.fl.comcast.net) has joined this channel.</span><br />
<span class="irc-date">[1:06]</span> <span class="irc-black">&lt;ytt3r&gt; OK, I'm gone for the night. If you need me or you make any huge advances and when you get orientation figured out tweet me @ytt3r</span><br />
<span class="irc-date">[1:07]</span> <span class="irc-black">&lt;techmik67&gt; k</span><br />
<span class="irc-date">[1:15]</span> <span class="irc-black">&lt;atinm&gt; yes!</span><br />
<span class="irc-date">[1:15]</span> <span class="irc-black">&lt;atinm&gt; pos,neg,neg works</span><br />
<span class="irc-date">[1:16]</span> <span class="irc-black">&lt;techmik67&gt; great!!</span><br />
<span class="irc-date">[1:16]</span> <span class="irc-black">&lt;atinm&gt; hrm, there is a difference in the BoschYamaha.cpp</span><br />
<span class="irc-date">[1:16]</span> <span class="irc-black">&lt;atinm&gt; I'm committing this</span><br />
<span class="irc-date">[1:16]</span> <span class="irc-black">&lt;techmik67&gt; ah</span><br />
<span class="irc-date">[1:16]</span> <span class="irc-black">&lt;techmik67&gt; k</span><br />
<span class="irc-date">[1:16]</span> <span class="irc-black">&lt;atinm&gt; then figure out what happened ;)</span><br />
<span class="irc-date">[1:17]</span> <span class="irc-black">&lt;atinm&gt; ok, committed</span><br />
<span class="irc-date">[1:17]</span> <span class="irc-black">&lt;atinm&gt; pull and go :)</span><br />
<span class="irc-date">[1:24]</span> <span class="irc-black">&lt;techmik67&gt; buiding and flashing stock at the same time</span><br />
<span class="irc-date">[1:26]</span> <span class="irc-black">&lt;h8|mobile&gt; Heh glad I could help :)</span><br />
<span class="irc-date">[1:27]</span> <span class="irc-black">&lt;techmik67&gt; thx =)</span><br />
<span class="irc-date">[1:30]</span> <span class="irc-black">&lt;h8|mobile&gt; I'm a bad pack rat</span><br />
<span class="irc-date">[1:30]</span> <span class="irc-black">&lt;h8|mobile&gt; Guess it came in handy</span><br />
<span class="irc-date">[1:30]</span> <span class="irc-black">&lt;h8|mobile&gt; I just keep adding HDs :D</span><br />
<span class="irc-date">[1:30]</span> <span class="irc-black">&lt;techmik67&gt; i am too</span><br />
<span class="irc-date">[1:31]</span> <span class="irc-black">&lt;atinm&gt; oh yes it helped</span><br />
<span class="irc-date">[1:34]</span> <span class="irc-black">&lt;atinm&gt; I'm going to ignore the whole line endings bull - I'm done!</span><br />
<span class="irc-date">[1:37]</span> <span class="irc-black">&lt;techmik67&gt; flashing newest builds</span><br />
<span class="irc-date">[1:37]</span> <span class="irc-black">&lt;h8|mobile&gt; So</span><br />
<span class="irc-date">[1:37]</span> <span class="irc-black">&lt;h8|mobile&gt; Are we completely done with our old dev. Han?</span><br />
<span class="irc-date">[1:37]</span> <span class="irc-black">&lt;h8|mobile&gt; Dev chan *</span><br />
<span class="irc-date">[1:40]</span> <span class="irc-black">&lt;atinm&gt; easiest to have everyone here - all testers</span><br />
<span class="irc-date">[1:40]</span> <span class="irc-black">&lt;atinm&gt; and devs</span><br />
<span class="irc-date">[1:41]</span> <span class="irc-navy">* thedeanius (~dean@64.151.21.178) Quit (Ping timeout: 240 seconds)</span><br />
<span class="irc-date">[1:43]</span> <span class="irc-black">&lt;h8|mobile&gt; Agreed</span><br />
<span class="irc-date">[1:43]</span> <span class="irc-black">&lt;h8|mobile&gt; Just. Curious :)</span><br />
<span class="irc-date">[1:50]</span> <span class="irc-black">&lt;techmik67&gt; yay</span><br />
<span class="irc-date">[1:50]</span> <span class="irc-green">* coolya is now known as coolya|away</span><br />
<span class="irc-date">[1:54]</span> <span class="irc-green">* h8rift (~h8@ip68-111-114-81.fv.ks.cox.net) has joined this channel.</span><br />
<span class="irc-date">[1:55]</span> <span class="irc-navy">* h8|mobile (~AndChat@166.132.73.113) Quit (Quit: Bye)</span><br />
<span class="irc-date">[2:07]</span> <span class="irc-black">&lt;techmik67&gt; data works and orient wprks again</span><br />
<span class="irc-date">[2:07]</span> <span class="irc-black">&lt;h8rift&gt; sweeet</span><br />
<span class="irc-date">[2:07]</span> <span class="irc-black">&lt;atinm&gt; and latest kernel worked too</span><br />
<span class="irc-date">[2:08]</span> <span class="irc-black">&lt;atinm&gt; the one that is committed</span><br />
<span class="irc-date">[2:08]</span> <span class="irc-black">&lt;techmik67&gt; yeah, i made that too</span><br />
<span class="irc-date">[2:08]</span> <span class="irc-black">&lt;techmik67&gt; while i was there</span><br />
<span class="irc-date">[2:08]</span> <span class="irc-black">&lt;techmik67&gt; =)</span><br />
<span class="irc-date">[2:08]</span> <span class="irc-black">&lt;atinm&gt; so all good.</span><br />
<span class="irc-date">[2:09]</span> <span class="irc-black">&lt;atinm&gt; well, off for the night - kid is still up (and he is 3 years old!)</span><br />
<span class="irc-date">[2:09]</span> <span class="irc-black">&lt;h8rift&gt; okie dokie</span><br />
<span class="irc-date">[2:09]</span> <span class="irc-black">&lt;atinm&gt; have to read to him and get  him to bed</span><br />
<span class="irc-date">[2:09]</span> <span class="irc-black">&lt;h8rift&gt; thanks for your help!</span><br />
<span class="irc-date">[2:09]</span> <span class="irc-black">&lt;h8rift&gt; i know you have busted it today!</span><br />
<span class="irc-date">[2:09]</span> <span class="irc-black">&lt;atinm&gt; needed you to finally set me right :)</span><br />
<span class="irc-date">[2:09]</span> <span class="irc-black">&lt;atinm&gt; thanks</span><br />
<span class="irc-date">[2:09]</span> <span class="irc-green">* atinm is now known as atinm|night</span><br />
<span class="irc-date">[2:10]</span> <span class="irc-black">&lt;h8rift&gt; :D</span><br />
<span class="irc-date">[2:10]</span> <span class="irc-black">&lt;techmik67&gt; night</span><br />
<span class="irc-date">[2:10]</span> <span class="irc-black">&lt;h8rift&gt; night bud</span><br />
<span class="irc-date">[2:30]</span> <span class="irc-navy">* atinm|night (~atin@unaffiliated/atinm) Quit (Quit: atinm|night)</span><br />
<span class="irc-date">[11:47]</span> <span class="irc-brown">-anthony.freenode.net- *** Looking up your hostname...</span><br />
<span class="irc-date">[11:47]</span> <span class="irc-brown">-anthony.freenode.net- *** Checking Ident</span><br />
<span class="irc-date">[11:47]</span> <span class="irc-brown">-anthony.freenode.net- *** No Ident response</span><br />
<span class="irc-date">[11:47]</span> <span class="irc-brown">-anthony.freenode.net- *** Found your hostname</span><br />
<span class="irc-date">[11:47]</span> <span class="irc-green">* cmsgsteam-logger (~PircBot@cmsgs.com) has joined this channel.</span><br />
<span class="irc-date">[11:47]</span> <span class="irc-green">* Topic is 'SGS CyanogenMod developers and testers (and other kernel and android hackers) - <a href="http://www.cmsgs.com/'">http://www.cmsgs.com/'</a></span><br />
<span class="irc-date">[11:47]</span> <span class="irc-green">* Set by atinm|night on Fri Feb 11 10:42:13 GMT 2011</span><br />
<span class="irc-date">[11:47]</span> <span class="irc-brown">-ChanServ- [#__topsecret__] SGS CyanogenMod developers and testers (and other kernel and android hackers) - <a href="http://www.cmsgs.com/">http://www.cmsgs.com/</a></span><br />
<span class="irc-date">[11:47]</span> <span class="irc-green">* ChanServ sets mode +o cmsgsteam-logger</span><br />
<span class="irc-date">[11:56]</span> <span class="irc-black">&lt;GuiPer&gt; i hate the compass!!!!!!!!!!</span><br />
<span class="irc-date">[11:56]</span> <span class="irc-black">&lt;GuiPer&gt; :S:S:S:S</span><br />
<span class="irc-date">[11:56]</span> <span class="irc-black">&lt;GuiPer&gt; worst piece of hardware in SGS</span><br />
<span class="irc-date">[11:57]</span> <span class="irc-black">&lt;atinm&gt; what'd it not do? :)</span><br />
<span class="irc-date">[11:58]</span> <span class="irc-black">&lt;atinm&gt; I don't have radio ..</span><br />
<span class="irc-date">[11:58]</span> <span class="irc-black">&lt;atinm&gt; I thought techmik67 did</span><br />
<span class="irc-date">[11:58]</span> <span class="irc-black">&lt;atinm&gt; guess I'll wait for ppl to log on</span><br />
<span class="irc-date">[11:58]</span> <span class="irc-green">* atinm is now known as atinm|away</span><br />
<span class="irc-date">[12:05]</span> <span class="irc-black">&lt;atinm|away&gt; where are Gapps built?</span><br />
<span class="irc-date">[12:05]</span> <span class="irc-black">&lt;atinm|away&gt; or downloaded</span><br />
<span class="irc-date">[12:07]</span> <span class="irc-black">&lt;GuiPer&gt; check cyanogenforum, codeworkx thread</span><br />
<span class="irc-date">[12:08]</span> <span class="irc-black">&lt;atinm|away&gt; k</span><br />
<span class="irc-date">[12:08]</span> <span class="irc-black">&lt;atinm|away&gt; found it linked to his post</span><br />
<span class="irc-date">[12:08]</span> <span class="irc-black">&lt;atinm|away&gt; we don't download it?</span><br />
<span class="irc-date">[12:09]</span> <span class="irc-black">&lt;atinm|away&gt; as in, it doesn't get pulled into our tree?</span><br />
<span class="irc-date">[12:14]</span> <span class="irc-black">&lt;atinm|away&gt; frick, radio gone again</span><br />
<span class="irc-date">[12:16]</span> <span class="irc-black">&lt;GuiPer&gt; nop... it's some way of doing it</span><br />
<span class="irc-date">[12:16]</span> <span class="irc-black">&lt;GuiPer&gt; but i guess its little bit deprecated for legal reasons i guess</span><br />
<span class="irc-date">[12:16]</span> <span class="irc-black">&lt;GuiPer&gt; you would download some old version of gapps</span><br />
<span class="irc-date">[12:20]</span> <span class="irc-black">&lt;atinm|away&gt; k</span><br />
<span class="irc-date">[12:22]</span> <span class="irc-black">&lt;GuiPer&gt; compass for you also does not work right?</span><br />
<span class="irc-date">[12:24]</span> <span class="irc-black">&lt;atinm|away&gt; no</span><br />
<span class="irc-date">[12:24]</span> <span class="irc-black">&lt;atinm|away&gt; I've never even tried since the hardware is busted I thought</span><br />
<span class="irc-date">[12:25]</span> <span class="irc-black">&lt;atinm|away&gt; let me see when I go out</span><br />
<span class="irc-date">[12:25]</span> <span class="irc-black">&lt;atinm|away&gt; I guess it should work indoors too</span><br />
<span class="irc-date">[12:26]</span> <span class="irc-navy">* birdman-laptop (~Steven@40.sub-75-216-131.myvzw.com) Quit (Ping timeout: 240 seconds)</span><br />
<span class="irc-date">[12:28]</span> <span class="irc-black">&lt;atinm|away&gt; there is no straight compass app is there?</span><br />
<span class="irc-date">[12:31]</span> <span class="irc-green">* codeworkx (~codeworkx@95-89-111-251-dynip.superkabel.de) has joined this channel.</span><br />
<span class="irc-date">[12:31]</span> <span class="irc-green">* ChanServ sets mode +o codeworkx</span><br />
<span class="irc-date">[12:36]</span> <span class="irc-black">&lt;codeworkx&gt; hey guys</span><br />
<span class="irc-date">[12:38]</span> <span class="irc-green">* birdman-laptop (~Steven@72.sub-75-225-67.myvzw.com) has joined this channel.</span><br />
<span class="irc-date">[12:39]</span> <span class="irc-green">* coolya is now known as coolya|away</span><br />
<span class="irc-date">[12:39]</span> <span class="irc-green">* coolya|away is now known as coolya</span><br />
<span class="irc-date">[12:40]</span> <span class="irc-black">&lt;coolya&gt; horray recovery builds again xD</span><br />
<span class="irc-date">[13:19]</span> <span class="irc-black">&lt;atinm|away&gt; crap, I have the random reboot bug too</span><br />
<span class="irc-date">[13:20]</span> <span class="irc-black">&lt;atinm|away&gt; what are tun.ko and the cifs.ko modules - what defconfig option builds those?</span><br />
<span class="irc-date">[13:21]</span> <span class="irc-black">&lt;atinm|away&gt; back in a bit - have to play some guitar for the son (he wants to hear "You are my sunshine"...he is 3 years old, still likes his dad ;) )</span><br />
<span class="irc-date">[13:25]</span> <span class="irc-black">&lt;coolya&gt; atinm|away: tun.ko is for open vpn und cifs.ko for samba file share with windows</span><br />
<span class="irc-date">[13:30]</span> <span class="irc-green">* magote (~magote@a79-169-106-110.cpe.netcabo.pt) has joined this channel.</span><br />
<span class="irc-date">[13:38]</span> <span class="irc-navy">* Yangtse (~Yangtse@117.136.5.78) Quit (Quit: Bye)</span><br />
