<span class="irc-date">[0:14]</span> <span class="irc-green">* gdanko (~gdanko@ip68-111-171-185.sd.sd.cox.net) has joined this channel.</span><br />
<span class="irc-date">[0:16]</span> <span class="irc-green">* zacharias (~zacharias@chello084114179145.16.15.vie.surfer.at) has joined this channel.</span><br />
<span class="irc-date">[0:16]</span> <span class="irc-green">* zacharias is now known as zacharias|busy</span><br />
<span class="irc-date">[0:22]</span> <span class="irc-navy">* gdanko (~gdanko@ip68-111-171-185.sd.sd.cox.net) Quit (Quit: Computer has gone to sleep)</span><br />
<span class="irc-date">[0:24]</span> <span class="irc-black">&lt;techmik67&gt; my git-fu is growing.... =)</span><br />
<span class="irc-date">[0:28]</span> <span class="irc-green">* gdanko (~gdanko@ip68-111-171-185.sd.sd.cox.net) has joined this channel.</span><br />
<span class="irc-date">[0:28]</span> <span class="irc-black">&lt;atinm|away&gt; wtf. really celtics?! Really?! 51-fucking39?!</span><br />
<span class="irc-date">[0:30]</span> <span class="irc-navy">* gdanko (~gdanko@ip68-111-171-185.sd.sd.cox.net) Quit (Client Quit)</span><br />
<span class="irc-date">[0:30]</span> <span class="irc-black">&lt;techmik67&gt; lol, i'm watching</span><br />
<span class="irc-date">[0:31]</span> <span class="irc-black">&lt;techmik67&gt; i gotta turn it off in 30 mins</span><br />
<span class="irc-date">[0:31]</span> <span class="irc-black">&lt;techmik67&gt; dvr-ing 2 things, and cant watch a 3rd at the same time</span><br />
<span class="irc-date">[0:31]</span> <span class="irc-black">&lt;atinm|away&gt; I don't want to watch.</span><br />
<span class="irc-date">[0:31]</span> <span class="irc-black">&lt;atinm|away&gt; 41% shooting..</span><br />
<span class="irc-date">[0:31]</span> <span class="irc-green">* gdanko (~gdanko@ip68-111-171-185.sd.sd.cox.net) has joined this channel.</span><br />
<span class="irc-date">[0:32]</span> <span class="irc-black">&lt;techmik67&gt; figured i'd check out gameof thrones, and also, the fall of sam axe =)</span><br />
<span class="irc-date">[0:32]</span> <span class="irc-black">&lt;atinm|away&gt; you dvr'ing game of thrones? :)</span><br />
<span class="irc-date">[0:32]</span> <span class="irc-black">&lt;techmik67&gt; hey, i have another camera idea..( yes, i''m stubborn).....</span><br />
<span class="irc-date">[0:32]</span> <span class="irc-black">&lt;techmik67&gt; yup</span><br />
<span class="irc-date">[0:32]</span> <span class="irc-navy">* gdanko (~gdanko@ip68-111-171-185.sd.sd.cox.net) Quit (Client Quit)</span><br />
<span class="irc-date">[0:33]</span> <span class="irc-black">&lt;atinm|away&gt; you hacked the thing yet to be able to get the video off it? I am going to have to wait till it hits DVD otherwise.</span><br />
<span class="irc-date">[0:33]</span> <span class="irc-black">&lt;techmik67&gt; we are getting 2 sets of exifs, and we have info in kernel and common, correct?</span><br />
<span class="irc-date">[0:33]</span> <span class="irc-black">&lt;atinm|away&gt; yes</span><br />
<span class="irc-date">[0:36]</span> <span class="irc-black">&lt;zacharias|busy&gt; asked/reminded mambo (from MIUI) - improved 3d lib hopefully will come soon for CM7</span><br />
<span class="irc-date">[0:36]</span> <span class="irc-black">&lt;atinm|away&gt; what 3d lib..</span><br />
<span class="irc-date">[0:36]</span> <span class="irc-black">&lt;zacharias|busy&gt; seems like kenia will contact codeworkx</span><br />
<span class="irc-date">[0:36]</span> <span class="irc-black">&lt;zacharias|busy&gt; i dunno</span><br />
<span class="irc-date">[0:36]</span> <span class="irc-black">&lt;zacharias|busy&gt; ;)</span><br />
<span class="irc-date">[0:37]</span> <span class="irc-black">&lt;zacharias|busy&gt; i figured it is an modified 3d library they're using for their MIUI mod</span><br />
<span class="irc-date">[0:38]</span> <span class="irc-black">&lt;zacharias|busy&gt; what kind of weird phone is the telus fascinate btw ?</span><br />
<span class="irc-date">[0:38]</span> <span class="irc-black">&lt;zacharias|busy&gt; similar to galaxys but has captivate key mappings</span><br />
<span class="irc-date">[0:40]</span> <span class="irc-black">&lt;atinm|away&gt; ..who is kenia.</span><br />
<span class="irc-date">[0:40]</span> <span class="irc-black">&lt;atinm|away&gt; nevermind. I don't pay attention to miui.</span><br />
<span class="irc-date">[0:41]</span> <span class="irc-black">&lt;techmik67&gt; so i'm practicing my git skills.... i branched and cherry-picked an oc/uv commit from kang and am using it for the last hour or so.... working so far.....</span><br />
<span class="irc-date">[0:41]</span> <span class="irc-black">&lt;atinm|away&gt; and why would they give us their 3d lib if they've actually done something with it. they're closed source.</span><br />
<span class="irc-date">[0:45]</span> <span class="irc-green">* sixstringsg (~sixstring@COX-24-248-245-194-static.coxinet.net) has joined this channel.</span><br />
<span class="irc-date">[0:46]</span> <span class="irc-black">&lt;atinm|away&gt; hell yeah!</span><br />
<span class="irc-date">[0:46]</span> <span class="irc-black">&lt;atinm|away&gt; Ray Allen!</span><br />
<span class="irc-date">[0:46]</span> <span class="irc-black">&lt;atinm|away&gt; now we're talking.</span><br />
<span class="irc-date">[0:47]</span> <span class="irc-black">&lt;atinm|away&gt; &lt;-- is not doing any work.</span><br />
<span class="irc-date">[0:48]</span> <span class="irc-black">&lt;atinm|away&gt; read about how to manage pain. they told me to reduce stress.</span><br />
<span class="irc-date">[0:48]</span> <span class="irc-black">&lt;atinm|away&gt; job is stressful enough, don't need more right now. so I'm going to slow down a little bit</span><br />
<span class="irc-date">[0:49]</span> <span class="irc-black">&lt;atinm|away&gt; of course, celtics might be stressful too...</span><br />
<span class="irc-date">[0:49]</span> <span class="irc-black">&lt;atinm|away&gt; so maybe, I should just go to bed.</span><br />
<span class="irc-date">[0:49]</span> <span class="irc-black">&lt;zacharias|busy&gt; I don't know - maybe he (Kenia: part of the team improving MIUI for the SGS audience) tweaked some config files</span><br />
<span class="irc-date">[0:49]</span> <span class="irc-black">&lt;zacharias|busy&gt; time will tell</span><br />
<span class="irc-date">[0:49]</span> <span class="irc-black">&lt;techmik67&gt; celtics closed to 3</span><br />
<span class="irc-date">[0:50]</span> <span class="irc-black">&lt;techmik67&gt; garnett got fouled</span><br />
<span class="irc-date">[0:50]</span> <span class="irc-black">&lt;zacharias|busy&gt; mit git-fu is also growing</span><br />
<span class="irc-date">[0:50]</span> <span class="irc-black">&lt;zacharias|busy&gt; got to know git amend and other friends ^^</span><br />
<span class="irc-date">[0:52]</span> <span class="irc-navy">* sixstringsg (~sixstring@COX-24-248-245-194-static.coxinet.net) Quit (Quit: sixstringsg)</span><br />
<span class="irc-date">[0:53]</span> <span class="irc-black">&lt;atinm|away&gt; c'mon rondo, learn to shoot.</span><br />
<span class="irc-date">[0:53]</span> <span class="irc-black">&lt;atinm|away&gt; fuck.</span><br />
<span class="irc-date">[0:53]</span> <span class="irc-black">&lt;atinm|away&gt; argh. language.</span><br />
<span class="irc-date">[0:53]</span> <span class="irc-green">* sixstringsg (~sixstring@COX-24-248-245-194-static.coxinet.net) has joined this channel.</span><br />
<span class="irc-date">[0:58]</span> <span class="irc-navy">* zacharias|busy (~zacharias@chello084114179145.16.15.vie.surfer.at) Quit (Quit: Leaving)</span><br />
<span class="irc-date">[0:59]</span> <span class="irc-navy">* sixstringsg (~sixstring@COX-24-248-245-194-static.coxinet.net) Quit (Ping timeout: 258 seconds)</span><br />
<span class="irc-date">[1:06]</span> <span class="irc-black">&lt;atinm|away&gt; now. we. are. talking.</span><br />
<span class="irc-date">[1:07]</span> <span class="irc-black">&lt;atinm|away&gt; which reminds me . . . need to put in the NYC area code check in CM7.</span><br />
<span class="irc-date">[1:07]</span> <span class="irc-black">&lt;atinm|away&gt; it needs to be treated special.</span><br />
<span class="irc-date">[1:10]</span> <span class="irc-green">* sixstringsg (~sixstring@COX-24-248-245-194-static.coxinet.net) has joined this channel.</span><br />
<span class="irc-date">[1:14]</span> <span class="irc-black">&lt;chaembian_&gt; Good morning, all!</span><br />
<span class="irc-date">[1:15]</span> <span class="irc-black">&lt;techmik67&gt; hi</span><br />
<span class="irc-date">[1:15]</span> <span class="irc-black">&lt;techmik67&gt; atinm|away: <a href="http://pastebin.com/BQs7Q9G5">http://pastebin.com/BQs7Q9G5</a></span><br />
<span class="irc-date">[1:15]</span> <span class="irc-black">&lt;techmik67&gt; from TMC_Sherpa</span><br />
<span class="irc-date">[1:25]</span> <span class="irc-navy">* sixstringsg (~sixstring@COX-24-248-245-194-static.coxinet.net) Quit (Quit: sixstringsg)</span><br />
<span class="irc-date">[1:37]</span> <span class="irc-green">* acdbx (~acdbx@cpe-66-75-28-44.san.res.rr.com) has joined this channel.</span><br />
<span class="irc-date">[1:39]</span> <span class="irc-black">&lt;atinm|away&gt; hell yeah!!</span><br />
<span class="irc-date">[1:39]</span> <span class="irc-black">&lt;atinm|away&gt; (it shouldn't have been close . . . but maybe this woke them up!)</span><br />
<span class="irc-date">[1:39]</span> <span class="irc-black">&lt;techmik67&gt; lol, gratz =)</span><br />
<span class="irc-date">[1:39]</span> <span class="irc-black">&lt;techmik67&gt; sam axe is a iot</span><br />
<span class="irc-date">[1:39]</span> <span class="irc-black">&lt;techmik67&gt; riot*</span><br />
<span class="irc-date">[1:40]</span> <span class="irc-black">&lt;atinm|away&gt; off to bed, happy.</span><br />
<span class="irc-date">[1:40]</span> <span class="irc-black">&lt;atinm|away&gt; :)</span><br />
<span class="irc-date">[1:40]</span> <span class="irc-green">* atinm|away is now known as atinm|night</span><br />
<span class="irc-date">[1:41]</span> <span class="irc-black">&lt;techmik67&gt; nite</span><br />
<span class="irc-date">[1:43]</span> <span class="irc-green">* sixstringsg (~sixstring@COX-24-248-245-194-static.coxinet.net) has joined this channel.</span><br />
<span class="irc-date">[2:10]</span> <span class="irc-green">* TMC_Sherpa (~jeff@c-67-173-42-196.hsd1.il.comcast.net) has joined this channel.</span><br />
<span class="irc-date">[2:11]</span> <span class="irc-navy">* Unhelpful (~quassel@rockbox/developer/Unhelpful) Quit (Quit: <a href="http://quassel-irc.org">http://quassel-irc.org</a> - Chat comfortably. Anywhere.)</span><br />
<span class="irc-date">[2:11]</span> <span class="irc-green">* Unhelpful (~quassel@rockbox/developer/Unhelpful) has joined this channel.</span><br />
<span class="irc-date">[2:11]</span> <span class="irc-green">* ChanServ sets mode +o Unhelpful</span><br />
<span class="irc-date">[2:11]</span> <span class="irc-black">&lt;TMC_Sherpa&gt; sombitch unifdef.  wish I found that sooner</span><br />
<span class="irc-date">[2:21]</span> <span class="irc-green">* aarcane (~aarcane@c-98-238-138-177.hsd1.ca.comcast.net) has joined this channel.</span><br />
<span class="irc-date">[2:23]</span> <span class="irc-black">&lt;TMC_Sherpa&gt; <a href="http://i1238.photobucket.com/albums/ff481/duckrutt/Photo0070.jpg">http://i1238.photobucket.com/albums/ff481/duckrutt/Photo0070.jpg</a> <a href="http://i1238.photobucket.com/albums/ff481/duckrutt/Photo0070.jpg">http://i1238.photobucket.com/albums/ff481/duckrutt/Photo0070.jpg</a>  to bad it was frick'n cold today</span><br />
<span class="irc-date">[2:24]</span> <span class="irc-green">* TMC_Sherpa (~jeff@c-67-173-42-196.hsd1.il.comcast.net) has left this channel.</span><br />
<span class="irc-date">[2:31]</span> <span class="irc-navy">* kalpik (~kalpik@unaffiliated/kalpik) Quit (Read error: Connection reset by peer)</span><br />
<span class="irc-date">[2:36]</span> <span class="irc-green">* Guest78425 (~kalpik@59.177.15.234) has joined this channel.</span><br />
<span class="irc-date">[3:18]</span> <span class="irc-navy">* sixstringsg (~sixstring@COX-24-248-245-194-static.coxinet.net) Quit (Quit: sixstringsg)</span><br />
<span class="irc-date">[3:22]</span> <span class="irc-green">* gdanko (~gdanko@ip68-111-171-185.sd.sd.cox.net) has joined this channel.</span><br />
<span class="irc-date">[3:28]</span> <span class="irc-navy">* gdanko (~gdanko@ip68-111-171-185.sd.sd.cox.net) Quit (Quit: Computer has gone to sleep)</span><br />
<span class="irc-date">[3:34]</span> <span class="irc-navy">* Guest78425 (~kalpik@59.177.15.234) Quit (Ping timeout: 248 seconds)</span><br />
<span class="irc-date">[3:51]</span> <span class="irc-green">* kalpik (~kalpik@unaffiliated/kalpik) has joined this channel.</span><br />
<span class="irc-date">[4:25]</span> <span class="irc-green">* ciwrl|away is now known as ciwrl</span><br />
<span class="irc-date">[4:26]</span> <span class="irc-green">* knowsnotmuch (~ashwinds@122.174.64.245) has joined this channel.</span><br />
<span class="irc-date">[4:33]</span> <span class="irc-black">&lt;techmik67&gt; was this supposed to work? i just repo int and repo synced both android.git.kernel.org "-b gingerbread" and "-b honeycomb" ........ kernel is downloading from both now, then they'll be done.......</span><br />
<span class="irc-date">[4:38]</span> <span class="irc-black">&lt;uberushaximus&gt; you'll checkout the latter one I'd think</span><br />
<span class="irc-date">[4:39]</span> <span class="irc-brick">* Unhelpful must try to push thist soon. ;)</span><br />
<span class="irc-date">[4:40]</span> <span class="irc-black">&lt;techmik67&gt; separate directories =)...... ~/honey and ~/ginger</span><br />
<span class="irc-date">[4:42]</span> <span class="irc-black">&lt;uberushaximus&gt; there's a reason why git has branches techmik67, lol</span><br />
<span class="irc-date">[4:42]</span> <span class="irc-black">&lt;uberushaximus&gt; you're going to end up with &gt;90% of the same stuff</span><br />
<span class="irc-date">[4:43]</span> <span class="irc-black">&lt;techmik67&gt; yeah, i guess...... but i git the room, no biggie =)</span><br />
<span class="irc-date">[4:43]</span> <span class="irc-black">&lt;techmik67&gt; got*</span><br />
<span class="irc-date">[4:44]</span> <span class="irc-green">* ciwrl is now known as ciwrl|Fringe</span><br />
<span class="irc-date">[4:48]</span> <span class="irc-black">&lt;uberushaximus&gt; woo, just did a clean install, things are damn snappy</span><br />
<span class="irc-date">[4:48]</span> <span class="irc-black">&lt;techmik67&gt; Unhelpful: i am using your latest compass and a cherry picked oc/uv from kangsterizer at the moment... if yuo push it, i will build =)</span><br />
<span class="irc-date">[4:48]</span> <span class="irc-black">&lt;uberushaximus&gt; and having google remember your wifi password is handy</span><br />
<span class="irc-date">[4:53]</span> <span class="irc-black">&lt;Unhelpful&gt; pushed. i can still imagine one failure case for the new code, and will maybe need some time to figure out how to handle it.</span><br />
<span class="irc-date">[4:54]</span> <span class="irc-black">&lt;techmik67&gt; iwill build in 5 mins</span><br />
<span class="irc-date">[4:54]</span> <span class="irc-black">&lt;Unhelpful&gt; i will be in bed.</span><br />
<span class="irc-date">[4:55]</span> <span class="irc-black">&lt;techmik67&gt; nite =)</span><br />
<span class="irc-date">[5:07]</span> <span class="irc-green">* Kaik541 (~IWasNever@cpe-70-112-175-254.austin.res.rr.com) has joined this channel.</span><br />
<span class="irc-date">[5:09]</span> <span class="irc-black">&lt;Kaik541&gt; uhh</span><br />
<span class="irc-date">[5:09]</span> <span class="irc-black">&lt;Kaik541&gt; I don't know if anyone has mentioned this yet</span><br />
<span class="irc-date">[5:09]</span> <span class="irc-black">&lt;techmik67&gt; Kaik541:</span><br />
<span class="irc-date">[5:10]</span> <span class="irc-black">&lt;Kaik541&gt; but GB sources are up</span><br />
<span class="irc-date">[5:10]</span> <span class="irc-black">&lt;techmik67&gt; was this supposed to work? i just repo int and repo synced both android.git.kernel.org "-b gingerbread" and "-b honeycomb" ........ kernel is downloading from both now, then they'll be done.......</span><br />
<span class="irc-date">[5:10]</span> <span class="irc-black">&lt;techmik67&gt; lol</span><br />
<span class="irc-date">[5:10]</span> <span class="irc-black">&lt;techmik67&gt; just finished d/l</span><br />
<span class="irc-date">[5:10]</span> <span class="irc-black">&lt;Kaik541&gt; sorry, I fell asleep and missed a lot</span><br />
<span class="irc-date">[5:10]</span> <span class="irc-black">&lt;techmik67&gt; got gb and honey</span><br />
<span class="irc-date">[5:10]</span> <span class="irc-black">&lt;Kaik541&gt; well I meant samsung's GB</span><br />
<span class="irc-date">[5:10]</span> <span class="irc-black">&lt;techmik67&gt; !!!!</span><br />
<span class="irc-date">[5:10]</span> <span class="irc-black">&lt;techmik67&gt; didnt nkow that!!!</span><br />
<span class="irc-date">[5:10]</span> <span class="irc-black">&lt;Kaik541&gt; GT-I9000_OpenSource_GB.zip</span><br />
<span class="irc-date">[5:10]</span> <span class="irc-black">&lt;techmik67&gt; yay!!!!</span><br />
<span class="irc-date">[5:11]</span> <span class="irc-black">&lt;techmik67&gt; wake up atinm|night!!!</span><br />
<span class="irc-date">[5:11]</span> <span class="irc-black">&lt;techmik67&gt; =)</span><br />
<span class="irc-date">[5:12]</span> <span class="irc-black">&lt;Kaik541&gt; I wake up and first thing I checked was opensource.samsung.com</span><br />
<span class="irc-date">[5:12]</span> <span class="irc-black">&lt;Kaik541&gt; and thar she be</span><br />
<span class="irc-date">[5:12]</span> <span class="irc-black">&lt;Kaik541&gt; must not be a lot of people who know... as I'm downloading at 600 kbps</span><br />
<span class="irc-date">[5:12]</span> <span class="irc-black">&lt;Kaik541&gt; usually I hit a wall at about 120/200</span><br />
<span class="irc-date">[5:15]</span> <span class="irc-black">&lt;techmik67&gt; so i got android honeycomb, android gingerbread, and now samsung gb..... this was a good nite of downloads1!!!</span><br />
<span class="irc-date">[5:16]</span> <span class="irc-black">&lt;Kaik541&gt; you do know that not all of honeycomb is in the tree right :P</span><br />
<span class="irc-date">[5:16]</span> <span class="irc-black">&lt;techmik67&gt; this isnt the snapshot</span><br />
<span class="irc-date">[5:16]</span> <span class="irc-black">&lt;techmik67&gt; different int, just same as always -b honeycomb</span><br />
<span class="irc-date">[5:16]</span> <span class="irc-black">&lt;uberushaximus&gt; Kaik541: get that shit on github</span><br />
<span class="irc-date">[5:18]</span> <span class="irc-black">&lt;techmik67&gt; how do i *create* on github, from my laptop? i have the downloading done, now what?</span><br />
<span class="irc-date">[5:18]</span> <span class="irc-black">&lt;techmik67&gt; i usually go to github and create or fork a repo, then branc,then push to it</span><br />
<span class="irc-date">[5:25]</span> <span class="irc-navy">* acdbx (~acdbx@cpe-66-75-28-44.san.res.rr.com) Quit (Ping timeout: 240 seconds)</span><br />
<span class="irc-date">[5:26]</span> <span class="irc-green">* acdbx (acdbx@137.110.41.158) has joined this channel.</span><br />
<span class="irc-date">[5:28]</span> <span class="irc-black">&lt;Kaik541&gt; I think I figured it out</span><br />
<span class="irc-date">[5:28]</span> <span class="irc-black">&lt;Kaik541&gt; git add ./* will grab everything right?</span><br />
<span class="irc-date">[5:28]</span> <span class="irc-navy">* knowsnotmuch (~ashwinds@122.174.64.245) Quit (Ping timeout: 240 seconds)</span><br />
<span class="irc-date">[5:30]</span> <span class="irc-black">&lt;techmik_laptop&gt; i do git add .</span><br />
<span class="irc-date">[5:32]</span> <span class="irc-black">&lt;Kaik541&gt; I think ./* worked just as well</span><br />
<span class="irc-date">[5:32]</span> <span class="irc-black">&lt;Kaik541&gt; since it grabbed 35236 files :D</span><br />
<span class="irc-date">[5:33]</span> <span class="irc-green">* ciwrl|Fringe is now known as ciwrl</span><br />
<span class="irc-date">[5:34]</span> <span class="irc-black">&lt;Kaik541&gt; I feel dumb, I have no idea what to do with the platform.tar.gz though</span><br />
<span class="irc-date">[5:38]</span> <span class="irc-black">&lt;Kaik541&gt; <a href="https://github.com/Kaik541/samsung_kernel_GB">https://github.com/Kaik541/samsung_kernel_GB</a> &lt;--- ta-da?</span><br />
<span class="irc-date">[5:40]</span> <span class="irc-green">* knowsnotmuch (~ashwinds@122.174.64.245) has joined this channel.</span><br />
<span class="irc-date">[5:43]</span> <span class="irc-black">&lt;Kaik541&gt; oh does the platform go for building GB?</span><br />
<span class="irc-date">[5:44]</span> <span class="irc-black">&lt;Kaik541&gt; like the android part</span><br />
<span class="irc-date">[5:45]</span> <span class="irc-black">&lt;knowsnotmuch&gt; whoa Mobile Phone (334) :D</span><br />
<span class="irc-date">[5:45]</span> <span class="irc-black">&lt;knowsnotmuch&gt; pretty neat - give the devil its due - that was prompt from sammy</span><br />
<span class="irc-date">[5:52]</span> <span class="irc-black">&lt;techmik_laptop&gt; i think i am doing the same.... i must practice my git-fu =)</span><br />
<span class="irc-date">[5:53]</span> <span class="irc-black">&lt;knowsnotmuch&gt; any surprises.. did the open source the bootloader or soemthing like that? ;)</span><br />
<span class="irc-date">[6:17]</span> <span class="irc-navy">* knowsnotmuch (~ashwinds@122.174.64.245) Quit (Quit: bfn)</span><br />
<span class="irc-date">[6:39]</span> <span class="irc-black">&lt;aarcane&gt; speaking of boot loaders, is anyone working on getting recovery/download without three-finger salute working ?</span><br />
<span class="irc-date">[6:42]</span> <span class="irc-black">&lt;Kaik541&gt; aarcane, yes</span><br />
<span class="irc-date">[6:42]</span> <span class="irc-black">&lt;Kaik541&gt; ok I think I can build the kernel now</span><br />
<span class="irc-date">[6:42]</span> <span class="irc-black">&lt;techmik_laptop&gt; me too =)</span><br />
<span class="irc-date">[6:42]</span> <span class="irc-black">&lt;techmik_laptop&gt; just finishe dwith code sourcery</span><br />
<span class="irc-date">[6:43]</span> <span class="irc-brick">* aarcane facepalms.  He can't tell if you guys are being facetous, or if you're changing back to the samsung code dump topic.</span><br />
<span class="irc-date">[6:43]</span> <span class="irc-black">&lt;Kaik541&gt; I just changed CROSS_COMPILE to point at the toolchain in my home folder</span><br />
<span class="irc-date">[6:43]</span> <span class="irc-black">&lt;techmik_laptop&gt; we're racing</span><br />
<span class="irc-date">[6:43]</span> <span class="irc-black">&lt;techmik_laptop&gt; to see who builds 1st =)</span><br />
<span class="irc-date">[6:44]</span> <span class="irc-black">&lt;Kaik541&gt; you're gonna win, I'm building on my netbook out of laziness to turn on my desktop</span><br />
<span class="irc-date">[6:44]</span> <span class="irc-black">&lt;aarcane&gt; wouldn't it be better to work towhat kinda systems do you have ?</span><br />
<span class="irc-date">[6:44]</span> <span class="irc-black">&lt;Kaik541&gt; I just want to see if it fails</span><br />
<span class="irc-date">[6:44]</span> <span class="irc-black">&lt;techmik_laptop&gt; i wanna boot it!</span><br />
<span class="irc-date">[6:44]</span> <span class="irc-black">&lt;techmik_laptop&gt; =)</span><br />
<span class="irc-date">[6:44]</span> <span class="irc-black">&lt;Kaik541&gt; techmik_laptop, then you best flash JVB :P</span><br />
<span class="irc-date">[6:44]</span> <span class="irc-black">&lt;Kaik541&gt; since it won't boot on CM7]</span><br />
<span class="irc-date">[6:44]</span> <span class="irc-black">&lt;techmik_laptop&gt; oof</span><br />
<span class="irc-date">[6:45]</span> <span class="irc-black">&lt;techmik_laptop&gt; didnt think of that =)</span><br />
<span class="irc-date">[6:45]</span> <span class="irc-black">&lt;Kaik541&gt; I'm just testing to see if the source tree is sane</span><br />
<span class="irc-date">[6:45]</span> <span class="irc-black">&lt;aarcane&gt; JVB?</span><br />
<span class="irc-date">[6:45]</span> <span class="irc-black">&lt;Kaik541&gt; samsung gingerbread</span><br />
<span class="irc-date">[6:46]</span> <span class="irc-black">&lt;aarcane&gt; K</span><br />
<span class="irc-date">[6:47]</span> <span class="irc-brick">* aarcane has learned enough for tonight, relative to how tired he is and the general atmosphere of the channel tonight.  he's going to go read and absorb some moar tomorrow :)</span><br />
<span class="irc-date">[6:50]</span> <span class="irc-navy">* uberushaximus (~uberushax@71-13-134-35.dhcp.ftbg.wi.charter.com) Quit (Ping timeout: 248 seconds)</span><br />
<span class="irc-date">[6:58]</span> <span class="irc-green">* uberushaximus (~uberushax@71-13-134-35.dhcp.ftbg.wi.charter.com) has joined this channel.</span><br />
<span class="irc-date">[7:00]</span> <span class="irc-navy">* mersault (~mersault@home.nullpointer.ca) Quit (Ping timeout: 276 seconds)</span><br />
<span class="irc-date">[7:05]</span> <span class="irc-black">&lt;Kaik541&gt; and I thought 10 minutes on my desktop was a long time to wait for a kernel to compile xD</span><br />
<span class="irc-date">[7:06]</span> <span class="irc-green">* Wout` (~Wout@s559776f4.adsl.wanadoo.nl) has joined this channel.</span><br />
<span class="irc-date">[7:06]</span> <span class="irc-black">&lt;Wout`&gt; probably old news, but sources are out :P</span><br />
<span class="irc-date">[7:06]</span> <span class="irc-black">&lt;Kaik541&gt; Wout`, already up on my github and compiling xD</span><br />
<span class="irc-date">[7:07]</span> <span class="irc-black">&lt;Wout`&gt; :D</span><br />
<span class="irc-date">[7:08]</span> <span class="irc-black">&lt;techmik_laptop&gt; why cant i get the toolchain to work? grr....</span><br />
<span class="irc-date">[7:10]</span> <span class="irc-black">&lt;uberushaximus&gt; someone should run a diff between their froyo source and the gingerbread one</span><br />
<span class="irc-date">[7:12]</span> <span class="irc-black">&lt;Kaik541&gt; techmik_laptop, what's your problem with the toolchain?</span><br />
<span class="irc-date">[7:13]</span> <span class="irc-black">&lt;techmik_laptop&gt; i cant seem to get to teh right path.... i got it 2x to find gcc, but tehn 2 seconds later cant find "cc1"</span><br />
<span class="irc-date">[7:14]</span> <span class="irc-black">&lt;techmik_laptop&gt; i can find both gcc and cc1, but they arent in the same directory, a couple separated......</span><br />
<span class="irc-date">[7:14]</span> <span class="irc-black">&lt;Kaik541&gt; I just downloaded the .tar.bz2, extracted it into my home folder and pointed Makefile's CROSS_COMPILE= to /home/shawn/toolchains/arm-2009q3</span><br />
<span class="irc-date">[7:15]</span> <span class="irc-black">&lt;techmik_laptop&gt; lemme try that, i have the d/l</span><br />
<span class="irc-date">[7:15]</span> <span class="irc-black">&lt;Kaik541&gt; tried using the bin installer... it installs to the wrong place so I ignored it</span><br />
<span class="irc-date">[7:17]</span> <span class="irc-black">&lt;Kaik541&gt; well I have a zImage, don't think it'll boot though as I didn't provide an initramfs</span><br />
<span class="irc-date">[7:19]</span> <span class="irc-black">&lt;Kaik541&gt; I don't remember how to extract an initramfs</span><br />
<span class="irc-date">[7:26]</span> <span class="irc-black">&lt;Kaik541&gt; just tried using atinm's tools and it failed Ithink</span><br />
<span class="irc-date">[7:26]</span> <span class="irc-black">&lt;Kaik541&gt; bah I'll come back to this in a bit, too hungry right now</span><br />
<span class="irc-date">[7:27]</span> <span class="irc-black">&lt;techmik_laptop&gt; grrr "gcc: error trying to exec 'cc1': execvp: No such file or directory"</span><br />
<span class="irc-date">[7:29]</span> <span class="irc-black">&lt;Kaik541&gt; yay I love my internet crawling to a halt at about this time of night</span><br />
<span class="irc-date">[7:41]</span> <span class="irc-black">&lt;uberushaximus&gt; it's awesome isn't it?</span><br />
<span class="irc-date">[7:59]</span> <span class="irc-green">* ciwrl is now known as ciwrl|away</span><br />
<span class="irc-date">[8:10]</span> <span class="irc-green">* mbizzle (~mbizzle@vp117009.reshsg.uci.edu) has joined this channel.</span><br />
<span class="irc-date">[8:28]</span> <span class="irc-black">&lt;chaembian_&gt; Sources are out?</span><br />
<span class="irc-date">[8:28]</span> <span class="irc-black">&lt;Wout`&gt; yup</span><br />
<span class="irc-date">[8:28]</span> <span class="irc-navy">* acdbx (acdbx@137.110.41.158) Quit (Ping timeout: 260 seconds)</span><br />
<span class="irc-date">[8:29]</span> <span class="irc-green">* acdbx (~acdbx@cpe-66-75-28-44.san.res.rr.com) has joined this channel.</span><br />
<span class="irc-date">[8:41]</span> <span class="irc-navy">* mbizzle (~mbizzle@vp117009.reshsg.uci.edu) Quit (Quit: leaving)</span><br />
<span class="irc-date">[9:00]</span> <span class="irc-navy">* acdbx (~acdbx@cpe-66-75-28-44.san.res.rr.com) Quit (Ping timeout: 252 seconds)</span><br />
<span class="irc-date">[9:12]</span> <span class="irc-navy">* Wout` (~Wout@s559776f4.adsl.wanadoo.nl) Quit ()</span><br />
<span class="irc-date">[9:12]</span> <span class="irc-green">* Wout` (~Wout@s559776f4.adsl.wanadoo.nl) has joined this channel.</span><br />
<span class="irc-date">[9:15]</span> <span class="irc-navy">* mikebeecham (~mikebeech@78.149.235.127) Quit (Ping timeout: 246 seconds)</span><br />
<span class="irc-date">[9:27]</span> <span class="irc-green">* mikebeecham (~mikebeech@78.150.4.101) has joined this channel.</span><br />
<span class="irc-date">[9:35]</span> <span class="irc-navy">* kalpik (~kalpik@unaffiliated/kalpik) Quit (Ping timeout: 260 seconds)</span><br />
<span class="irc-date">[9:48]</span> <span class="irc-green">* kalpik (~kalpik@unaffiliated/kalpik) has joined this channel.</span><br />
<span class="irc-date">[9:53]</span> <span class="irc-green">* designfears (~AndChat@32.146.181.75) has joined this channel.</span><br />
<span class="irc-date">[9:55]</span> <span class="irc-navy">* iravid (~iravid@87.69.234.127) Quit (Ping timeout: 240 seconds)</span><br />
<span class="irc-date">[9:55]</span> <span class="irc-green">* iravid (~iravid@87.69.234.127) has joined this channel.</span><br />
<span class="irc-date">[9:58]</span> <span class="irc-black">&lt;atinm|night&gt; lol, I should say I'm taking a break more often.</span><br />
<span class="irc-date">[9:58]</span> <span class="irc-green">* atinm|night is now known as atinm</span><br />
<span class="irc-date">[9:58]</span> <span class="irc-black">&lt;atinm&gt; everytime I do, something gets done.</span><br />
<span class="irc-date">[9:59]</span> <span class="irc-black">&lt;kang&gt; atinm: hi, just curious, has it been decided yet if cm7 is going to merge some stuff in from samsung or  use samsung as base?</span><br />
<span class="irc-date">[10:00]</span> <span class="irc-black">&lt;atinm&gt; not yet, first have to see the source</span><br />
<span class="irc-date">[10:01]</span> <span class="irc-black">&lt;kang&gt; oks</span><br />
<span class="irc-date">[10:02]</span> <span class="irc-black">&lt;atinm&gt; Guipert just said source looks good, not sure if he actually looked at compass.</span><br />
<span class="irc-date">[10:03]</span> <span class="irc-black">&lt;kang&gt; i only looked at touchkey so far</span><br />
<span class="irc-date">[10:03]</span> <span class="irc-black">&lt;kang&gt; which looked fine</span><br />
<span class="irc-date">[10:03]</span> <span class="irc-black">&lt;kang&gt; just needs a few adjustements</span><br />
<span class="irc-date">[10:03]</span> <span class="irc-black">&lt;kang&gt; xD</span><br />
<span class="irc-date">[10:03]</span> <span class="irc-black">&lt;kang&gt; i'm mostly bothered by all the gpio stuff</span><br />
<span class="irc-date">[10:03]</span> <span class="irc-black">&lt;kang&gt; using their source would make it easy</span><br />
<span class="irc-date">[10:03]</span> <span class="irc-black">&lt;Kaik541&gt; I was able to build, but people in voodoo are having trouble getting it to boot</span><br />
<span class="irc-date">[10:04]</span> <span class="irc-black">&lt;kang&gt; renaud said his issue was that the proprietary modules don't load</span><br />
<span class="irc-date">[10:04]</span> <span class="irc-black">&lt;atinm&gt; you should be able to just build it and see.</span><br />
<span class="irc-date">[10:04]</span> <span class="irc-black">&lt;kang&gt; he's looking into the missing symbols atm</span><br />
<span class="irc-date">[10:04]</span> <span class="irc-black">&lt;kang&gt; but that's no issue for cm7</span><br />
<span class="irc-date">[10:04]</span> <span class="irc-black">&lt;atinm&gt; ok</span><br />
<span class="irc-date">[10:04]</span> <span class="irc-black">&lt;Kaik541&gt; yeah</span><br />
<span class="irc-date">[10:05]</span> <span class="irc-black">&lt;kang&gt; if only sammy used git or smth lol</span><br />
<span class="irc-date">[10:05]</span> <span class="irc-black">&lt;kang&gt; could see easily the state of the source instead of diffing bunch of crap</span><br />
<span class="irc-date">[10:05]</span> <span class="irc-black">&lt;kang&gt; =(</span><br />
<span class="irc-date">[10:07]</span> <span class="irc-black">&lt;atinm&gt; yeah, I'm uploading to my servers (only have command line access, so uploading is easier than downloading using something command line)</span><br />
<span class="irc-date">[10:07]</span> <span class="irc-black">&lt;atinm&gt; but I have to go now.</span><br />
<span class="irc-date">[10:07]</span> <span class="irc-black">&lt;atinm&gt; will start on this tonight. Hopefully coolya has time to start digging.</span><br />
<span class="irc-date">[10:07]</span> <span class="irc-black">&lt;atinm&gt; I want to see if anyone is able to boot it :)</span><br />
<span class="irc-date">[10:08]</span> <span class="irc-black">&lt;Wout`&gt; is this source proves to be an instant gpio/camera fix, i'm flashing as fast as you can say samsungsucks</span><br />
<span class="irc-date">[10:09]</span> <span class="irc-black">&lt;kang&gt; dunno im at work</span><br />
<span class="irc-date">[10:09]</span> <span class="irc-black">&lt;kang&gt; uve to put the cm7 ramdisk in</span><br />
<span class="irc-date">[10:09]</span> <span class="irc-black">&lt;kang&gt; prolly change a couple of settings</span><br />
<span class="irc-date">[10:09]</span> <span class="irc-black">&lt;kang&gt; and see if that boot</span><br />
<span class="irc-date">[10:09]</span> <span class="irc-black">&lt;kang&gt; and repeat til it does</span><br />
<span class="irc-date">[10:09]</span> <span class="irc-black">&lt;kang&gt; :P</span><br />
<span class="irc-date">[10:09]</span> <span class="irc-black">&lt;Wout`&gt; i got patience, too busy with the transformer now anyway</span><br />
<span class="irc-date">[10:13]</span> <span class="irc-black">&lt;Kaik541&gt; kang, probably not</span><br />
<span class="irc-date">[10:13]</span> <span class="irc-black">&lt;Kaik541&gt; bml/mtd</span><br />
<span class="irc-date">[10:14]</span> <span class="irc-black">&lt;kang&gt; couple of settings!</span><br />
<span class="irc-date">[10:33]</span> <span class="irc-green">* knowsnotmuch (~ashwinds@61.247.253.235) has joined this channel.</span><br />
<span class="irc-date">[11:07]</span> <span class="irc-navy">* knowsnotmuch (~ashwinds@61.247.253.235) Quit (Ping timeout: 260 seconds)</span><br />
<span class="irc-date">[11:08]</span> <span class="irc-green">* knowsnotmuch (~ashwinds@115.184.3.72) has joined this channel.</span><br />
<span class="irc-date">[11:28]</span> <span class="irc-navy">* thedeanius (~dean@c-24-2-24-87.hsd1.mo.comcast.net) Quit (Quit: thedeanius)</span><br />
<span class="irc-date">[11:53]</span> <span class="irc-navy">* atinm (~atin@unaffiliated/atinm) Quit (Quit: atinm)</span><br />
<span class="irc-date">[11:56]</span> <span class="irc-green">* t-ready (~burrell@wormhole.cbl.umces.edu) has joined this channel.</span><br />
<span class="irc-date">[11:58]</span> <span class="irc-navy">* kalpik (~kalpik@unaffiliated/kalpik) Quit (Ping timeout: 264 seconds)</span><br />
<span class="irc-date">[12:13]</span> <span class="irc-green">* kalpik (~kalpik@unaffiliated/kalpik) has joined this channel.</span><br />
<span class="irc-date">[12:17]</span> <span class="irc-green">* thedeanius (~dean@64.151.21.178) has joined this channel.</span><br />
<span class="irc-date">[12:28]</span> <span class="irc-green">* chaembian (~chaembian@122.174.161.25) has joined this channel.</span><br />
<span class="irc-date">[12:31]</span> <span class="irc-navy">* chaembian_ (~chaembian@122.174.165.167) Quit (Ping timeout: 276 seconds)</span><br />
<span class="irc-date">[12:35]</span> <span class="irc-navy">* kalpik (~kalpik@unaffiliated/kalpik) Quit (Quit: WeeChat 0.3.4)</span><br />
<span class="irc-date">[12:48]</span> <span class="irc-navy">* Wout` (~Wout@s559776f4.adsl.wanadoo.nl) Quit (Ping timeout: 240 seconds)</span><br />
<span class="irc-date">[12:52]</span> <span class="irc-green">* Wout` (~Wout@s559776f4.adsl.wanadoo.nl) has joined this channel.</span><br />
<span class="irc-date">[12:55]</span> <span class="irc-navy">* knowsnotmuch (~ashwinds@115.184.3.72) Quit (Quit: bfn)</span><br />
<span class="irc-date">[12:56]</span> <span class="irc-green">* gdanko (~gdanko@66-162-32-185.static.twtelecom.net) has joined this channel.</span><br />
<span class="irc-date">[13:00]</span> <span class="irc-navy">* thedeanius (~dean@64.151.21.178) Quit (Read error: Connection reset by peer)</span><br />
<span class="irc-date">[13:01]</span> <span class="irc-green">* thedeanius (~dean@64.151.21.178) has joined this channel.</span><br />
<span class="irc-date">[13:08]</span> <span class="irc-navy">* Wout` (~Wout@s559776f4.adsl.wanadoo.nl) Quit (Ping timeout: 260 seconds)</span><br />
<span class="irc-date">[13:13]</span> <span class="irc-green">* Wout` (~Wout@s559776f4.adsl.wanadoo.nl) has joined this channel.</span><br />
<span class="irc-date">[13:19]</span> <span class="irc-navy">* dasunsrule32 (~dasunsrul@christiantechsaz.com) Quit (Ping timeout: 250 seconds)</span><br />
<span class="irc-date">[13:20]</span> <span class="irc-green">* nitam|work (work@work.com) has joined this channel.</span><br />
<span class="irc-date">[13:20]</span> <span class="irc-green">* ChanServ sets mode +o atinm|work</span><br />
<span class="irc-date">[13:20]</span> <span class="irc-black">&lt;Wout`&gt; oi mnita|work</span><br />
<span class="irc-date">[13:20]</span> <span class="irc-green">* knowsnotmuch (~ashwinds@122.174.64.245) has joined this channel.</span><br />
<span class="irc-date">[13:20]</span> <span class="irc-black">&lt;nitam|work&gt; pushed samsung drop to teamhacksung</span><br />
<span class="irc-date">[13:20]</span> <span class="irc-black">&lt;Wout`&gt; noticed</span><br />
<span class="irc-date">[13:21]</span> <span class="irc-black">&lt;Wout`&gt; i think kang has managed to build it already</span><br />
<span class="irc-date">[13:21]</span> <span class="irc-black">&lt;Wout`&gt; needs some fixes, something to do with the modules</span><br />
<span class="irc-date">[13:21]</span> <span class="irc-black">&lt;nitam|work&gt; branch is called samsung_gt_i9000_20110418</span><br />
<span class="irc-date">[13:21]</span> <span class="irc-black">&lt;nitam|work&gt; I did too.</span><br />
<span class="irc-date">[13:21]</span> <span class="irc-black">&lt;Wout`&gt; k</span><br />
<span class="irc-date">[13:21]</span> <span class="irc-black">&lt;nitam|work&gt; building it isn't the problem.</span><br />
<span class="irc-date">[13:21]</span> <span class="irc-black">&lt;nitam|work&gt; anyway.</span><br />
<span class="irc-date">[13:21]</span> <span class="irc-black">&lt;nitam|work&gt; later.</span><br />
<span class="irc-date">[13:22]</span> <span class="irc-black">&lt;nitam|work&gt; I just uploaded it as samsung dropped it onto github so it is easier for ppl to download</span><br />
<span class="irc-date">[13:22]</span> <span class="irc-black">&lt;kang&gt; there's a GIT that builds fine etc</span><br />
<span class="irc-date">[13:22]</span> <span class="irc-black">&lt;kang&gt; including proprietary modules for sammy fws</span><br />
<span class="irc-date">[13:22]</span> <span class="irc-black">&lt;kang&gt; but it needs CM7 initramfs and CM7 changes</span><br />
<span class="irc-date">[13:22]</span> <span class="irc-black">&lt;kang&gt; to work on CM7 :P</span><br />
<span class="irc-date">[13:22]</span> <span class="irc-black">&lt;nitam|work&gt; link?</span><br />
<span class="irc-date">[13:22]</span> <span class="irc-black">&lt;kang&gt; <a href="https://github.com/project-voodoo/linux_gt-i9000/tree/gingerbread-samsung">https://github.com/project-voodoo/linux_gt-i9000/tree/gingerbread-samsung</a></span><br />
<span class="irc-date">[13:23]</span> <span class="irc-black">&lt;kang&gt; tested/booted/works etc.. on JVB</span><br />
<span class="irc-date">[13:23]</span> <span class="irc-black">&lt;nitam|work&gt; wtf.</span><br />
<span class="irc-date">[13:24]</span> <span class="irc-black">&lt;nitam|work&gt; ah, the stupid prebuilt modules came only as .ko?!</span><br />
<span class="irc-date">[13:25]</span> <span class="irc-black">&lt;kang&gt; yeah and mismatching - but those are only for JVB</span><br />
<span class="irc-date">[13:25]</span> <span class="irc-black">&lt;kang&gt; not CM7 ofc xd</span><br />
<span class="irc-date">[13:26]</span> <span class="irc-black">&lt;nitam|work&gt; wait . . . where are the prebuilt modules.</span><br />
<span class="irc-date">[13:26]</span> <span class="irc-black">&lt;nitam|work&gt; or does he mean pull them from JVB</span><br />
<span class="irc-date">[13:26]</span> <span class="irc-black">&lt;kang&gt; had to extract them from KIES/JVB</span><br />
<span class="irc-date">[13:26]</span> <span class="irc-black">&lt;kang&gt; yeah</span><br />
<span class="irc-date">[13:26]</span> <span class="irc-black">&lt;nitam|work&gt; ok</span><br />
<span class="irc-date">[13:26]</span> <span class="irc-black">&lt;kang&gt; actually i'm guessing CM7 will end up using the same tree so uhm, it means some fixes could be pulled from people making kernels for sammy rom</span><br />
<span class="irc-date">[13:26]</span> <span class="irc-black">&lt;nitam|work&gt; which prebuilt modules. most probably don't care about most.</span><br />
<span class="irc-date">[13:26]</span> <span class="irc-black">&lt;kang&gt; albeit my guess is most will not make anything useful</span><br />
<span class="irc-date">[13:26]</span> <span class="irc-black">&lt;kang&gt; can always have good surprises</span><br />
<span class="irc-date">[13:26]</span> <span class="irc-black">&lt;kang&gt; xd</span><br />
<span class="irc-date">[13:27]</span> <span class="irc-black">&lt;nitam|work&gt; things like rfs etc we don't care about</span><br />
<span class="irc-date">[13:27]</span> <span class="irc-black">&lt;kang&gt; none of them are rly of use for CM7 i believe</span><br />
<span class="irc-date">[13:27]</span> <span class="irc-black">&lt;nitam|work&gt; has project-voodoo uploaded the initramfs, and /system etc?</span><br />
<span class="irc-date">[13:27]</span> <span class="irc-black">&lt;kang&gt; they're not in that git they're in the initramfs btw</span><br />
<span class="irc-date">[13:27]</span> <span class="irc-black">&lt;nitam|work&gt; for jvb?</span><br />
<span class="irc-date">[13:28]</span> <span class="irc-black">&lt;nitam|work&gt; (I know, curio usually uploads the pieces from the image as well)</span><br />
<span class="irc-date">[13:28]</span> <span class="irc-black">&lt;kang&gt; <a href="https://github.com/project-voodoo/samsung_initramfs/tree/master/gingerbread-i9000xwjvb">https://github.com/project-voodoo/samsung_initramfs/tree/master/gingerbread-i9000xwjvb</a></span><br />
<span class="irc-date">[13:28]</span> <span class="irc-black">&lt;Kaik541&gt; curio put the initramfs for JVB up</span><br />
<span class="irc-date">[13:28]</span> <span class="irc-black">&lt;Kaik541&gt; ^</span><br />
<span class="irc-date">[13:28]</span> <span class="irc-black">&lt;nitam|work&gt; ok, we don't care about any of them then</span><br />
<span class="irc-date">[13:29]</span> <span class="irc-black">&lt;nitam|work&gt; from <a href="https://github.com/project-voodoo/samsung_initramfs/tree/master/gingerbread-i9000xwjvb/lib/modules">https://github.com/project-voodoo/samsung_initramfs/tree/master/gingerbread-i9000xwjvb/lib/modules</a></span><br />
<span class="irc-date">[13:29]</span> <span class="irc-black">&lt;kang&gt; yeah</span><br />
<span class="irc-date">[13:29]</span> <span class="irc-black">&lt;kang&gt; they don't matter for cm7</span><br />
<span class="irc-date">[13:29]</span> <span class="irc-black">&lt;nitam|work&gt; since the ones we don't have source for, we don't use anyway</span><br />
<span class="irc-date">[13:29]</span> <span class="irc-black">&lt;Kaik541&gt; j4fs.ko is the only one that would be nice in the "if it could work with MTD" sense</span><br />
<span class="irc-date">[13:30]</span> <span class="irc-green">* freat (~ron@c-98-216-38-131.hsd1.ma.comcast.net) has joined this channel.</span><br />
<span class="irc-date">[13:30]</span> <span class="irc-black">&lt;kang&gt; i'm also wondering if the webkit sources contain the GPU acceleration</span><br />
<span class="irc-date">[13:30]</span> <span class="irc-black">&lt;Wout`&gt; most interested in gpio stuff</span><br />
<span class="irc-date">[13:31]</span> <span class="irc-black">&lt;nitam|work&gt; I wish curio had uploaded a "as samsung uploaded", and then added commits for anything else he might have done.</span><br />
<span class="irc-date">[13:31]</span> <span class="irc-black">&lt;nitam|work&gt; I can't tell if he committed any changes of his own first.</span><br />
<span class="irc-date">[13:31]</span> <span class="irc-black">&lt;kang&gt; they've also modified libalsa</span><br />
<span class="irc-date">[13:31]</span> <span class="irc-black">&lt;nitam|work&gt; libalsa I will look at.</span><br />
<span class="irc-date">[13:32]</span> <span class="irc-black">&lt;kang&gt; mnita|work: i think he did that - i mean, the kernel tree would be stock eclair=&gt;froyo=&gt;gingerbread</span><br />
<span class="irc-date">[13:32]</span> <span class="irc-black">&lt;kang&gt; then a fix for GB</span><br />
<span class="irc-date">[13:32]</span> <span class="irc-black">&lt;kang&gt; no voodoo afaik</span><br />
<span class="irc-date">[13:32]</span> <span class="irc-black">&lt;nitam|work&gt; no, I mean "as samsung", followed by any .config changes</span><br />
<span class="irc-date">[13:33]</span> <span class="irc-black">&lt;nitam|work&gt; etc</span><br />
<span class="irc-date">[13:33]</span> <span class="irc-black">&lt;nitam|work&gt; to make it "build"</span><br />
<span class="irc-date">[13:33]</span> <span class="irc-black">&lt;Wout`&gt; Fixed in this source:</span><br />
<span class="irc-date">[13:33]</span> <span class="irc-black">&lt;Wout`&gt; - all cleaned up gitignores</span><br />
<span class="irc-date">[13:33]</span> <span class="irc-black">&lt;Wout`&gt; - missing FSR in Makefile</span><br />
<span class="irc-date">[13:33]</span> <span class="irc-black">&lt;nitam|work&gt; or is his "builds" part just includes how to include modules</span><br />
<span class="irc-date">[13:33]</span> <span class="irc-black">&lt;Wout`&gt; those are the only fixes afaik</span><br />
<span class="irc-date">[13:33]</span> <span class="irc-black">&lt;kang&gt; i believe he added his stuff in the next commit - at least, i hope so lol</span><br />
<span class="irc-date">[13:34]</span> <span class="irc-black">&lt;Wout`&gt; <a href="http://forum.xda-developers.com/showthread.php?t=1040291">http://forum.xda-developers.com/showthread.php?t=1040291</a></span><br />
<span class="irc-date">[13:34]</span> <span class="irc-black">&lt;nitam|work&gt; ok</span><br />
<span class="irc-date">[13:34]</span> <span class="irc-black">&lt;nitam|work&gt; good, that's what I was looking for.</span><br />
<span class="irc-date">[13:35]</span> <span class="irc-black">&lt;nitam|work&gt; a clean, common place I can branch from.</span><br />
<span class="irc-date">[13:37]</span> <span class="irc-black">&lt;nitam|work&gt; I'm not going to fork that repo.</span><br />
<span class="irc-date">[13:38]</span> <span class="irc-black">&lt;nitam|work&gt; going to create a branch, and then spend this week doing merges . . .</span><br />
<span class="irc-date">[13:38]</span> <span class="irc-black">&lt;nitam|work&gt; or at least diffs. because there is going to be stuff we've fixed that they didnt</span><br />
<span class="irc-date">[13:38]</span> <span class="irc-black">&lt;kang&gt; yeah have to fiddle around quite a while</span><br />
<span class="irc-date">[13:39]</span> <span class="irc-black">&lt;kang&gt; what would be best is having the actualy git from samsung itself</span><br />
<span class="irc-date">[13:39]</span> <span class="irc-black">&lt;Wout`&gt; dont count on it</span><br />
<span class="irc-date">[13:39]</span> <span class="irc-black">&lt;kang&gt; but until that happen, its prolly the best effort repo we can use</span><br />
<span class="irc-date">[13:40]</span> <span class="irc-black">&lt;kang&gt; actually its prolly easier to try to use samsung's kernel and if it works fine (fixes camera etc) work through cm7 commits to see what has to be ported</span><br />
<span class="irc-date">[13:40]</span> <span class="irc-black">&lt;kang&gt; since cm7 has history its just easier that way lol</span><br />
<span class="irc-date">[13:41]</span> <span class="irc-black">&lt;Wout`&gt; camera &lt;3</span><br />
<span class="irc-date">[13:46]</span> <span class="irc-black">&lt;nitam|work&gt; ok, pushed branch samsung_gt_i9000_20110418</span><br />
<span class="irc-date">[13:46]</span> <span class="irc-black">&lt;nitam|work&gt; I'll have to look at this later.</span><br />
<span class="irc-date">[13:48]</span> <span class="irc-green">* kalpik (~kalpik@unaffiliated/kalpik) has joined this channel.</span><br />
<span class="irc-date">[13:56]</span> <span class="irc-green">* mersault (~mersault@acihip.tor4.dsl4u.ca) has joined this channel.</span><br />
