<span class="irc-date">[0:17]</span> <span class="irc-green">* Zilch25 (Zilch25@c-76-109-62-119.hsd1.fl.comcast.net) has joined this channel.</span><br />
<span class="irc-date">[0:31]</span> <span class="irc-green">* coolya is now known as coolya|away</span><br />
<span class="irc-date">[0:43]</span> <span class="irc-green">* Decad3nce is now known as Deca|Away</span><br />
<span class="irc-date">[0:46]</span> <span class="irc-navy">* Zilch25 (Zilch25@c-76-109-62-119.hsd1.fl.comcast.net) Quit (Ping timeout: 246 seconds)</span><br />
<span class="irc-date">[0:57]</span> <span class="irc-green">* Kaik541 (~IWasNever@cpe-70-112-175-254.austin.res.rr.com) has joined this channel.</span><br />
<span class="irc-date">[0:57]</span> <span class="irc-green">* ChanServ sets mode +o Kaik541</span><br />
<span class="irc-date">[1:05]</span> <span class="irc-black">&lt;Kaik541&gt; oh haha, figured out why my light sensor wasn't returning values besides -1/-1</span><br />
<span class="irc-date">[1:05]</span> <span class="irc-black">&lt;Kaik541&gt; turns out if you have auto brightness disabled the light sensor simply turns itself off (or always returns -1/-1)</span><br />
<span class="irc-date">[1:06]</span> <span class="irc-black">&lt;Kaik541&gt; turned on auto brightness and it returned sane values</span><br />
<span class="irc-date">[1:08]</span> <span class="irc-black">&lt;Kaik541&gt; a big derp moment on my part</span><br />
<span class="irc-date">[1:16]</span> <span class="irc-black">&lt;Kaik541&gt; oooo</span><br />
<span class="irc-date">[1:16]</span> <span class="irc-black">&lt;Kaik541&gt; <a href="http://www.engadget.com/2011/05/21/googles-blocking-android-market-movie-rentals-on-rooted-devices/">http://www.engadget.com/2011/05/21/googles-blocking-android-market-movie-rentals-on-rooted-devices/</a></span><br />
<span class="irc-date">[1:16]</span> <span class="irc-black">&lt;Kaik541&gt; google responding to rooting...</span><br />
<span class="irc-date">[1:28]</span> <span class="irc-black">&lt;techmik&gt; so i wishlist built the machine i want at newegg..... $2k without the 3 monitors..... =(</span><br />
<span class="irc-date">[1:29]</span> <span class="irc-navy">* Kaik541 (~IWasNever@cpe-70-112-175-254.austin.res.rr.com) Quit (Ping timeout: 260 seconds)</span><br />
<span class="irc-date">[1:43]</span> <span class="irc-black">&lt;zachy_md|busy&gt; wtf ? mafiaa is doing it again ? :(</span><br />
<span class="irc-date">[1:44]</span> <span class="irc-black">&lt;zachy_md|busy&gt; google shouldn't play fair with them ...</span><br />
<span class="irc-date">[1:44]</span> <span class="irc-black">&lt;zachy_md|busy&gt; what's the issue with rooted devices ?</span><br />
<span class="irc-date">[1:44]</span> <span class="irc-black">&lt;zachy_md|busy&gt; everyone will download the movies &amp; then copy around ? - you gotta be kidding !</span><br />
<span class="irc-date">[1:44]</span> <span class="irc-black">&lt;zachy_md|busy&gt; *end rant*</span><br />
<span class="irc-date">[1:48]</span> <span class="irc-black">&lt;Unhelpful&gt; FFUUUUUU USB broken</span><br />
<span class="irc-date">[1:48]</span> <span class="irc-black">&lt;Unhelpful&gt; prolly is the dock stuff innit? :/</span><br />
