<span class="irc-date">[0:00]</span> <span class="irc-black">&lt;Kaik541&gt; he has admitted it was his fault, but that it "shouldn't have to be broken" by the SDK changes</span><br />
<span class="irc-date">[0:00]</span> <span class="irc-black">&lt;coolya&gt; he did read the Manual ...</span><br />
<span class="irc-date">[0:00]</span> <span class="irc-black">&lt;coolya&gt; his code was faulty</span><br />
<span class="irc-date">[0:00]</span> <span class="irc-green">* Yangtse (~Yangtse@117.136.5.78) has joined this channel.</span><br />
<span class="irc-date">[0:01]</span> <span class="irc-black">&lt;coolya&gt; it didn't crash because a bug / issue in a framework</span><br />
<span class="irc-date">[0:01]</span> <span class="irc-black">&lt;wout`&gt; Now he is criticizing Google for the code change in 2.3.3</span><br />
<span class="irc-date">[0:01]</span> <span class="irc-black">&lt;coolya&gt; now the framework behaves like documented and his code fails</span><br />
<span class="irc-date">[0:01]</span> <span class="irc-black">&lt;atinm&gt; my 8 core box is being remade with ubuntu so I don't have it</span><br />
<span class="irc-date">[0:02]</span> <span class="irc-black">&lt;atinm&gt; coolya: you know, I should use aws too</span><br />
<span class="irc-date">[0:02]</span> <span class="irc-black">&lt;wout`&gt; OK, bedtime now. Bye</span><br />
<span class="irc-date">[0:02]</span> <span class="irc-black">&lt;atinm&gt; I use their storage.</span><br />
<span class="irc-date">[0:02]</span> <span class="irc-black">&lt;atinm&gt; going to look into it. that would actually be very cool</span><br />
<span class="irc-date">[0:03]</span> <span class="irc-black">&lt;coolya&gt; i like it for just setting up a build mashine where can you get 8 cores for 0.62$ / h :-)</span><br />
<span class="irc-date">[0:03]</span> <span class="irc-black">&lt;zerojay&gt; It would be nice if everyone working on stuff would not jump at the chance to blame each other for problems before working them out.</span><br />
<span class="irc-date">[0:03]</span> <span class="irc-navy">* wout` (~AndChat@62.140.137.146) Quit (Quit: Bye)</span><br />
<span class="irc-date">[0:03]</span> <span class="irc-navy">* gdanko (~gdanko@66-162-32-185.static.twtelecom.net) Quit (Quit: Computer has gone to sleep)</span><br />
<span class="irc-date">[0:04]</span> <span class="irc-black">&lt;atinm&gt; coolya: did you have to install all the dependencies we need?</span><br />
<span class="irc-date">[0:04]</span> <span class="irc-black">&lt;atinm&gt; in your instance?</span><br />
<span class="irc-date">[0:05]</span> <span class="irc-black">&lt;coolya&gt; yes, but i can make a image tomorrow and upload it</span><br />
<span class="irc-date">[0:05]</span> <span class="irc-black">&lt;coolya&gt; then we don't need to install it</span><br />
<span class="irc-date">[0:05]</span> <span class="irc-black">&lt;atinm&gt; do it please</span><br />
<span class="irc-date">[0:05]</span> <span class="irc-black">&lt;uberushaximus&gt; I have all the latest changes except for the kenel</span><br />
<span class="irc-date">[0:05]</span> <span class="irc-black">&lt;atinm&gt; i can then just use the same image</span><br />
<span class="irc-date">[0:05]</span> <span class="irc-brick">* coolya puts that on my list for tomorrow</span><br />
<span class="irc-date">[0:05]</span> <span class="irc-navy">* TMC_Sherpa (~user@c-24-15-177-87.hsd1.il.comcast.net) Quit (Quit: TMC_Sherpa)</span><br />
<span class="irc-date">[0:06]</span> <span class="irc-black">&lt;atinm&gt; how do I change the atin@thor line? if I compile at work, it would end up using my work info</span><br />
<span class="irc-date">[0:06]</span> <span class="irc-black">&lt;atinm&gt; don't want that.</span><br />
<span class="irc-date">[0:06]</span> <span class="irc-black">&lt;coolya&gt; cpu settings now work the way they should</span><br />
<span class="irc-date">[0:06]</span> <span class="irc-black">&lt;atinm&gt; that's why I can't use my 8 core boxes</span><br />
<span class="irc-date">[0:06]</span> <span class="irc-black">&lt;atinm&gt; atin@thor line in the kernel version</span><br />
<span class="irc-date">[0:07]</span> <span class="irc-black">&lt;Kaik541&gt; version.c</span><br />
<span class="irc-date">[0:07]</span> <span class="irc-black">&lt;Kaik541&gt; in /init</span><br />
<span class="irc-date">[0:07]</span> <span class="irc-black">&lt;Kaik541&gt; kernel/samsung/2.6.35/init/version.c</span><br />
<span class="irc-date">[0:08]</span> <span class="irc-black">&lt;Kaik541&gt; <a href="https://github.com/xcaliburinhand/I9000-Reoriented-for-I897-Froyo/blob/master/init/version.c#L41">https://github.com/xcaliburinhand/I9000-Reoriented-for-I897-Froyo/blob/master/init/version.c#L41</a> &lt;--- xcalibur's example</span><br />
<span class="irc-date">[0:08]</span> <span class="irc-black">&lt;atinm&gt; that's silly :)</span><br />
<span class="irc-date">[0:09]</span> <span class="irc-black">&lt;atinm&gt; but thanks for pointing to that file</span><br />
<span class="irc-date">[0:09]</span> <span class="irc-black">&lt;Kaik541&gt; I asked him and he said that's the only way he knows how</span><br />
<span class="irc-date">[0:09]</span> <span class="irc-black">&lt;atinm&gt; I can take it from there</span><br />
<span class="irc-date">[0:16]</span> <span class="irc-black">&lt;atinm&gt; coolya, what kind of instance do you use?</span><br />
<span class="irc-date">[0:18]</span> <span class="irc-black">&lt;atinm&gt; high-memory quadruple extra large instance?</span><br />
<span class="irc-date">[0:19]</span> <span class="irc-black">&lt;coolya&gt; today i played around with the high cpu one</span><br />
<span class="irc-date">[0:21]</span> <span class="irc-navy">* dasunsrule32 (~cm7_rulz@christiantechsaz.com) Quit (Ping timeout: 250 seconds)</span><br />
<span class="irc-date">[0:26]</span> <span class="irc-black">&lt;Kaik541&gt; ugh, why are people flaming each other in the thread... there's nothing gained</span><br />
<span class="irc-date">[0:29]</span> <span class="irc-green">* dasunsrule32 (~cm7_rulz@christiantechsaz.com) has joined this channel.</span><br />
<span class="irc-date">[0:29]</span> <span class="irc-black">&lt;zerojay&gt; Kaik541: Which one?</span><br />
<span class="irc-date">[0:32]</span> <span class="irc-green">* teamhacksung (~teamhacks@sh1-ext.rs.github.com) has joined this channel.</span><br />
<span class="irc-date">[0:32]</span> <span class="irc-black">&lt;teamhacksung&gt; android_device_samsung_vibrant: gingerbread Kolja Dummann * a8d1762 (1 files in 1 dirs): init: allow system group to change cpu freq for CMParts - <a href="http://bit.ly/ggqF5D">http://bit.ly/ggqF5D</a></span><br />
<span class="irc-date">[0:32]</span> <span class="irc-green">* teamhacksung (~teamhacks@sh1-ext.rs.github.com) has left this channel.</span><br />
<span class="irc-date">[0:42]</span> <span class="irc-black">&lt;coolya&gt; atinm: you can add the last initramfs to captivate, too. that fixes cmparts cpu settings</span><br />
<span class="irc-date">[0:42]</span> <span class="irc-black">&lt;atinm&gt; I'm in build hell right now</span><br />
<span class="irc-date">[0:42]</span> <span class="irc-black">&lt;atinm&gt; since using a old machine</span><br />
<span class="irc-date">[0:43]</span> <span class="irc-black">&lt;atinm&gt; so reading up on amazon cloud stuff while I wait :)</span><br />
<span class="irc-date">[0:43]</span> <span class="irc-black">&lt;coolya&gt; k</span><br />
<span class="irc-date">[0:43]</span> <span class="irc-black">&lt;coolya&gt; :-)</span><br />
<span class="irc-date">[0:44]</span> <span class="irc-green">* teamhacksung (~teamhacks@sh1-ext.rs.github.com) has joined this channel.</span><br />
<span class="irc-date">[0:44]</span> <span class="irc-black">&lt;teamhacksung&gt; android_device_samsung_galaxys: gingerbread Kolja Dummann * 3e1e3e5 (1 files in 1 dirs): init: allow system group to modify cpu freq for CMParts - <a href="http://bit.ly/hX4jxA">http://bit.ly/hX4jxA</a></span><br />
<span class="irc-date">[0:44]</span> <span class="irc-green">* teamhacksung (~teamhacks@sh1-ext.rs.github.com) has left this channel.</span><br />
<span class="irc-date">[0:45]</span> <span class="irc-green">* embizzle_ (~mbizzle@vp117018.reshsg.uci.edu) has joined this channel.</span><br />
<span class="irc-date">[0:47]</span> <span class="irc-navy">* dasunsrule32 (~cm7_rulz@christiantechsaz.com) Quit (Ping timeout: 255 seconds)</span><br />
<span class="irc-date">[0:53]</span> <span class="irc-green">* dasunsrule32 (~cm7_rulz@christiantechsaz.com) has joined this channel.</span><br />
<span class="irc-date">[0:57]</span> <span class="irc-navy">* KBme (~KBme@9angled-2-pt.tunnel.tserv5.lon1.ipv6.he.net) Quit (Quit: KBme kthxbye)</span><br />
<span class="irc-date">[0:58]</span> <span class="irc-green">* KBme (~KBme@9angled-2-pt.tunnel.tserv5.lon1.ipv6.he.net) has joined this channel.</span><br />
<span class="irc-date">[0:58]</span> <span class="irc-black">&lt;dasunsrule32&gt; Does this look good for crontab?</span><br />
<span class="irc-date">[0:59]</span> <span class="irc-black">&lt;dasunsrule32&gt; * 22 * * *  /home/users/some_folder/bin/nightly.sh &gt; /home/cmsgs/logs/cmsgsteam-nightly-log-$(date +%Y%m%d).txt</span><br />
<span class="irc-date">[0:59]</span> <span class="irc-black">&lt;dasunsrule32&gt; i guess my concern is, can it handle calling an app lite date like that?</span><br />
