<span class="irc-date">[0:04]</span> <span class="irc-green">* kalpik (~kalpik@unaffiliated/kalpik) has joined this channel.</span><br />
<span class="irc-date">[0:07]</span> <span class="irc-green">* atinm|away is now known as atinm</span><br />
<span class="irc-date">[0:07]</span> <span class="irc-black">&lt;atinm&gt; where we at?</span><br />
<span class="irc-date">[0:10]</span> <span class="irc-black">&lt;techmik67&gt; hi atinm</span><br />
<span class="irc-date">[0:10]</span> <span class="irc-black">&lt;atinm&gt; any progress?</span><br />
<span class="irc-date">[0:10]</span> <span class="irc-black">&lt;atinm&gt; or do we just put this up for now</span><br />
<span class="irc-date">[0:10]</span> <span class="irc-black">&lt;atinm&gt; doesn't look like any commits were done</span><br />
<span class="irc-date">[0:11]</span> <span class="irc-black">&lt;techmik67&gt; i think that the latest build is ok, not sure.... ihave a weird issue, but it may be my build</span><br />
<span class="irc-date">[0:11]</span> <span class="irc-black">&lt;atinm&gt; man . . . I keep removing curio from my timeline, but put him back when he mentions CM7. and then regret it</span><br />
<span class="irc-date">[0:11]</span> <span class="irc-black">&lt;techmik67&gt; lol</span><br />
<span class="irc-date">[0:12]</span> <span class="irc-black">&lt;atinm&gt; too much sound stuff that is really great...</span><br />
<span class="irc-date">[0:12]</span> <span class="irc-black">&lt;atinm&gt; anyway</span><br />
<span class="irc-date">[0:12]</span> <span class="irc-black">&lt;atinm&gt; what's your issue?</span><br />
<span class="irc-date">[0:13]</span> <span class="irc-black">&lt;techmik67&gt; well, all spots are showing internal for me</span><br />
<span class="irc-date">[0:13]</span> <span class="irc-black">&lt;techmik67&gt; instorage&gt;settings, both show the internal</span><br />
<span class="irc-date">[0:13]</span> <span class="irc-black">&lt;techmik67&gt; and in file managere, it only shows internal</span><br />
<span class="irc-date">[0:13]</span> <span class="irc-black">&lt;techmik67&gt; and root explorer too</span><br />
<span class="irc-date">[0:14]</span> <span class="irc-black">&lt;atinm&gt; this is since the revert?</span><br />
<span class="irc-date">[0:14]</span> <span class="irc-black">&lt;techmik67&gt; building all day</span><br />
<span class="irc-date">[0:14]</span> <span class="irc-black">&lt;Kaik541&gt; techmik67, my build let's me see external in root explorer</span><br />
<span class="irc-date">[0:14]</span> <span class="irc-black">&lt;Kaik541&gt; at /emmc</span><br />
<span class="irc-date">[0:15]</span> <span class="irc-black">&lt;atinm&gt; to confirm, you have synced since my reverts?</span><br />
<span class="irc-date">[0:15]</span> <span class="irc-black">&lt;techmik67&gt; mine is empty at /emmc</span><br />
<span class="irc-date">[0:15]</span> <span class="irc-black">&lt;techmik67&gt; yes</span><br />
<span class="irc-date">[0:15]</span> <span class="irc-black">&lt;techmik67&gt; i always sync before building</span><br />
<span class="irc-date">[0:15]</span> <span class="irc-black">&lt;Kaik541&gt; I synced, built, and then synced again and there was nothing new</span><br />
<span class="irc-date">[0:15]</span> <span class="irc-black">&lt;techmik67&gt; same</span><br />
<span class="irc-date">[0:15]</span> <span class="irc-black">&lt;atinm&gt; it should have gone back to the way things were ..</span><br />
<span class="irc-date">[0:15]</span> <span class="irc-black">&lt;Kaik541&gt; atinm, mine works fine and mine was built about 3 hours ago</span><br />
<span class="irc-date">[0:15]</span> <span class="irc-black">&lt;atinm&gt; techmik67: clean rebuild?</span><br />
<span class="irc-date">[0:16]</span> <span class="irc-black">&lt;Kaik541&gt; including mounting on PC</span><br />
<span class="irc-date">[0:16]</span> <span class="irc-black">&lt;Kaik541&gt; mine was a clean build</span><br />
<span class="irc-date">[0:16]</span> <span class="irc-black">&lt;techmik67&gt; Kaik541: what do you mean mounting works? both cards? or just back to how it was?</span><br />
<span class="irc-date">[0:16]</span> <span class="irc-black">&lt;Kaik541&gt; how it was</span><br />
<span class="irc-date">[0:16]</span> <span class="irc-black">&lt;techmik67&gt; k</span><br />
<span class="irc-date">[0:16]</span> <span class="irc-black">&lt;atinm&gt; right, that's all I want to get to for now</span><br />
<span class="irc-date">[0:16]</span> <span class="irc-black">&lt;Kaik541&gt; if external sd card started mounting I would have said something much sooner</span><br />
<span class="irc-date">[0:16]</span> <span class="irc-black">&lt;Kaik541&gt; haha</span><br />
<span class="irc-date">[0:16]</span> <span class="irc-black">&lt;techmik67&gt; i'll clean and build again to check....</span><br />
<span class="irc-date">[0:16]</span> <span class="irc-black">&lt;atinm&gt; so we can make some progress.</span><br />
<span class="irc-date">[0:17]</span> <span class="irc-black">&lt;Kaik541&gt; oh right, let me run out and grab my headphones to test 4 pole</span><br />
<span class="irc-date">[0:17]</span> <span class="irc-black">&lt;atinm&gt; :)</span><br />
<span class="irc-date">[0:17]</span> <span class="irc-black">&lt;techmik67&gt; but i'd take Kaik541's work over mine =)</span><br />
<span class="irc-date">[0:17]</span> <span class="irc-black">&lt;techmik67&gt; word*</span><br />
<span class="irc-date">[0:18]</span> <span class="irc-black">&lt;atinm&gt; oh drat. sprung forward today . . . and work tomorrow</span><br />
<span class="irc-date">[0:20]</span> <span class="irc-black">&lt;Kaik541&gt; the microphone seems to work</span><br />
<span class="irc-date">[0:20]</span> <span class="irc-black">&lt;Kaik541&gt; did a voice search, played a song, voice search again</span><br />
<span class="irc-date">[0:21]</span> <span class="irc-black">&lt;atinm&gt; try a call too. buttons will still not work</span><br />
<span class="irc-date">[0:21]</span> <span class="irc-black">&lt;techmik67&gt; building clean</span><br />
<span class="irc-date">[0:21]</span> <span class="irc-black">&lt;atinm&gt; me too. racy ya.</span><br />
<span class="irc-date">[0:21]</span> <span class="irc-black">&lt;atinm&gt; race ya</span><br />
<span class="irc-date">[0:22]</span> <span class="irc-black">&lt;atinm&gt; (love my work test box ;) )</span><br />
<span class="irc-date">[0:22]</span> <span class="irc-black">&lt;techmik67&gt; time: 20:20... estimated end 21:50</span><br />
<span class="irc-date">[0:23]</span> <span class="irc-black">&lt;Kaik541&gt; works with a phone call that I just tried</span><br />
<span class="irc-date">[0:23]</span> <span class="irc-black">&lt;Kaik541&gt; though the volume seems a bit low</span><br />
<span class="irc-date">[0:23]</span> <span class="irc-black">&lt;atinm&gt; awesome :)</span><br />
<span class="irc-date">[0:23]</span> <span class="irc-black">&lt;Kaik541&gt; nothing terrible, just slightly lower</span><br />
<span class="irc-date">[0:23]</span> <span class="irc-black">&lt;atinm&gt; xcaliburinhand is working on the buttons now</span><br />
<span class="irc-date">[0:23]</span> <span class="irc-black">&lt;techmik67&gt; i looked at a CRAZY desktop..... 6 core amd phenom 3.2 ghz</span><br />
<span class="irc-date">[0:23]</span> <span class="irc-black">&lt;atinm&gt; how much ram</span><br />
<span class="irc-date">[0:23]</span> <span class="irc-black">&lt;atinm&gt; ram is a bigger deal really</span><br />
<span class="irc-date">[0:23]</span> <span class="irc-black">&lt;atinm&gt; ram and hard disk ..</span><br />
<span class="irc-date">[0:24]</span> <span class="irc-black">&lt;techmik67&gt; 6gb ram stock</span><br />
<span class="irc-date">[0:24]</span> <span class="irc-black">&lt;techmik67&gt; 4 slots for ram</span><br />
<span class="irc-date">[0:24]</span> <span class="irc-black">&lt;techmik67&gt; 1tb hdd i think</span><br />
<span class="irc-date">[0:24]</span> <span class="irc-black">&lt;Kaik541&gt; atinm, it looks like xcal made a pull request already</span><br />
<span class="irc-date">[0:25]</span> <span class="irc-black">&lt;atinm&gt; k, sec</span><br />
<span class="irc-date">[0:25]</span> <span class="irc-black">&lt;Kaik541&gt; <a href="https://github.com/teamhacksung/android_kernel_samsung/pull/11">https://github.com/teamhacksung/android_kernel_samsung/pull/11</a></span><br />
<span class="irc-date">[0:31]</span> <span class="irc-black">&lt;atinm&gt; ah ha - one useful commit</span><br />
<span class="irc-date">[0:31]</span> <span class="irc-black">&lt;atinm&gt; (the rest are just debugging)</span><br />
<span class="irc-date">[0:31]</span> <span class="irc-black">&lt;atinm&gt; it should help the buttons, not sure if it will fix them</span><br />
<span class="irc-date">[0:36]</span> <span class="irc-black">&lt;atinm&gt; notbad 13m</span><br />
<span class="irc-date">[0:37]</span> <span class="irc-black">&lt;techmik67&gt; you built in 13 mins?</span><br />
<span class="irc-date">[0:37]</span> <span class="irc-black">&lt;atinm&gt; yes</span><br />
<span class="irc-date">[0:37]</span> <span class="irc-black">&lt;techmik67&gt; $^$%^$%^@</span><br />
<span class="irc-date">[0:37]</span> <span class="irc-black">&lt;atinm&gt; never going to build on my desktop again.</span><br />
<span class="irc-date">[0:38]</span> <span class="irc-black">&lt;techmik67&gt; newegg has a nice selection of desktops with amd phenom x6 @2.8 or 3.2ghz</span><br />
<span class="irc-date">[0:39]</span> <span class="irc-black">&lt;techmik67&gt; $750-$1000</span><br />
<span class="irc-date">[0:39]</span> <span class="irc-green">* teamhacksung (~teamhacks@sh1-ext.rs.github.com) has joined this channel.</span><br />
<span class="irc-date">[0:39]</span> <span class="irc-black">&lt;teamhacksung&gt; android_kernel_samsung: android-samsung-2.6.35 xcaliburinhand * 3908e1e (1 files in 1 dirs): revert logging so debug in wm8994_samsung.h works again</span><br />
<span class="irc-date">[0:39]</span> <span class="irc-black">&lt;teamhacksung&gt; android_kernel_samsung: android-samsung-2.6.35 xcaliburinhand * 3189574 (2 files in 2 dirs): fix send/end loss on playback</span><br />
<span class="irc-date">[0:39]</span> <span class="irc-black">&lt;teamhacksung&gt; android_kernel_samsung: android-samsung-2.6.35 commits ff73b99...3189574 - <a href="http://bit.ly/fSKqZE">http://bit.ly/fSKqZE</a></span><br />
<span class="irc-date">[0:39]</span> <span class="irc-green">* teamhacksung (~teamhacks@sh1-ext.rs.github.com) has left this channel.</span><br />
<span class="irc-date">[0:39]</span> <span class="irc-black">&lt;techmik67&gt; saw a REALLY nice i7 system.... freaking $3400!!!</span><br />
<span class="irc-date">[0:41]</span> <span class="irc-black">&lt;atinm&gt; I'm sure mine would cost about that</span><br />
<span class="irc-date">[0:41]</span> <span class="irc-black">&lt;atinm&gt; the one I'm using for this</span><br />
<span class="irc-date">[0:42]</span> <span class="irc-black">&lt;atinm&gt; it is really one of my test server farm machines</span><br />
<span class="irc-date">[0:42]</span> <span class="irc-black">&lt;techmik67&gt; ah</span><br />
<span class="irc-date">[0:42]</span> <span class="irc-black">&lt;Unhelpful&gt; jesus. i spent less than *that*, and mine's *portable* :P</span><br />
<span class="irc-date">[0:42]</span> <span class="irc-black">&lt;atinm&gt; that we stripped down. :)</span><br />
<span class="irc-date">[0:42]</span> <span class="irc-black">&lt;atinm&gt; to this.</span><br />
<span class="irc-date">[0:42]</span> <span class="irc-black">&lt;atinm&gt; normally we have a lot more RAM</span><br />
<span class="irc-date">[0:42]</span> <span class="irc-black">&lt;techmik67&gt; the laptop i want is a phenom x4 at 2.1ghz with 12 gb ram</span><br />
<span class="irc-date">[0:42]</span> <span class="irc-black">&lt;atinm&gt; we're using 12 core with 32GB</span><br />
<span class="irc-date">[0:43]</span> <span class="irc-black">&lt;techmik67&gt; just under 1k</span><br />
<span class="irc-date">[0:43]</span> <span class="irc-black">&lt;techmik67&gt; wow</span><br />
<span class="irc-date">[0:43]</span> <span class="irc-black">&lt;techmik67&gt; freaking servers</span><br />
<span class="irc-date">[0:43]</span> <span class="irc-black">&lt;atinm&gt; can't wait to get my hands on one of those for playing with :)</span><br />
<span class="irc-date">[0:43]</span> <span class="irc-black">&lt;atinm&gt; I should in a couple of weeks - I'm supposed to tweak our performance numbers so will be all over it</span><br />
<span class="irc-date">[0:44]</span> <span class="irc-black">&lt;atinm&gt; ok, kaik, techmik - rebuild ;)</span><br />
<span class="irc-date">[0:44]</span> <span class="irc-black">&lt;atinm&gt; with xcalibur's changes in there too - see if button got helped any</span><br />
<span class="irc-date">[0:44]</span> <span class="irc-black">&lt;atinm&gt; I have to go to bed soon . . . I'm beat.</span><br />
<span class="irc-date">[0:45]</span> <span class="irc-black">&lt;Kaik541&gt; and I'm about to leave, I'll start a build before I head out and report back on if it breaks anything next time you're on</span><br />
<span class="irc-date">[0:45]</span> <span class="irc-black">&lt;atinm&gt; ok, guess I shouldn't upload anything tonight.</span><br />
<span class="irc-date">[0:45]</span> <span class="irc-black">&lt;atinm&gt; we'll wait for everyone to upgrade.</span><br />
<span class="irc-date">[0:46]</span> <span class="irc-black">&lt;techmik67&gt; i have about an hour left on build</span><br />
<span class="irc-date">[0:46]</span> <span class="irc-black">&lt;atinm&gt; let codeworkx do it again . . . as long as all captivate commits go thru either me or unhelpful . . .</span><br />
<span class="irc-date">[0:46]</span> <span class="irc-black">&lt;Kaik541&gt; techmik67, including those newest commits right there?</span><br />
<span class="irc-date">[0:47]</span> <span class="irc-black">&lt;atinm&gt; unhelpful would have nixed the storage commit . . . I just wasn't paying attention ..</span><br />
<span class="irc-date">[0:47]</span> <span class="irc-black">&lt;techmik67&gt; crap... no i started 2o mins before those coommits =(</span><br />
<span class="irc-date">[0:47]</span> <span class="irc-black">&lt;atinm&gt; just resync and restart - no clean needed</span><br />
<span class="irc-date">[0:47]</span> <span class="irc-black">&lt;techmik67&gt; k</span><br />
<span class="irc-date">[0:47]</span> <span class="irc-black">&lt;atinm&gt; it is a kernel c file, that will build correctly</span><br />
<span class="irc-date">[0:48]</span> <span class="irc-black">&lt;atinm&gt; mine rebuilt in 2min</span><br />
<span class="irc-date">[0:48]</span> <span class="irc-black">&lt;techmik67&gt; done</span><br />
<span class="irc-date">[0:48]</span> <span class="irc-black">&lt;techmik67&gt; rebuilding</span><br />
<span class="irc-date">[0:51]</span> <span class="irc-black">&lt;Kaik541&gt; building now and out the door</span><br />
<span class="irc-date">[0:55]</span> <span class="irc-navy">* Kaik541 (~Rawr@cpe-66-68-164-213.austin.res.rr.com) Quit (Ping timeout: 255 seconds)</span><br />
<span class="irc-date">[0:55]</span> <span class="irc-black">&lt;atinm&gt; awesome, buttons work!</span><br />
<span class="irc-date">[0:56]</span> <span class="irc-black">&lt;atinm&gt; button does play/pause in music app</span><br />
<span class="irc-date">[0:56]</span> <span class="irc-black">&lt;atinm&gt; once you're started it</span><br />
<span class="irc-date">[0:57]</span> <span class="irc-black">&lt;atinm&gt; I should put this up ...</span><br />
