<span class="irc-date">[0:04]</span> <span class="irc-navy">* codeworkx (~codeworkx@188-195-7-18-dynip.superkabel.de) Quit (Read error: Connection reset by peer)</span><br />
<span class="irc-date">[0:20]</span> <span class="irc-black">&lt;atinm&gt; you know what. I'm going to go read in bed tonight.</span><br />
<span class="irc-date">[0:20]</span> <span class="irc-black">&lt;atinm&gt; Freedom!!</span><br />
<span class="irc-date">[0:20]</span> <span class="irc-black">&lt;atinm&gt; :)</span><br />
<span class="irc-date">[0:21]</span> <span class="irc-black">&lt;atinm&gt; (besides, my wife just asked me if she could buy me a $200 phone and then get 18 hours a day of my time)</span><br />
<span class="irc-date">[0:21]</span> <span class="irc-black">&lt;gehzumteufel&gt; lol</span><br />
<span class="irc-date">[0:21]</span> <span class="irc-black">&lt;atinm&gt; I think she means, get off the damn computer :)</span><br />
<span class="irc-date">[0:21]</span> <span class="irc-black">&lt;gehzumteufel&gt; how old are you atinm?</span><br />
<span class="irc-date">[0:21]</span> <span class="irc-green">* atinm is now known as atinm|night</span><br />
<span class="irc-date">[0:22]</span> <span class="irc-black">&lt;atinm|night&gt; about double Kaik's age.</span><br />
<span class="irc-date">[0:22]</span> <span class="irc-black">&lt;atinm|night&gt; maybe a little more. :)</span><br />
<span class="irc-date">[0:22]</span> <span class="irc-black">&lt;atinm|night&gt; goodnight!</span><br />
<span class="irc-date">[0:23]</span> <span class="irc-black">&lt;gehzumteufel&gt; lol gnite</span><br />
<span class="irc-date">[0:31]</span> <span class="irc-green">* chaembian (~chaembian@122.174.87.14) has joined this channel.</span><br />
<span class="irc-date">[0:35]</span> <span class="irc-black">&lt;Kaik541&gt; I got a little angry in my last post in the captivate thread</span><br />
<span class="irc-date">[0:36]</span> <span class="irc-black">&lt;Kaik541&gt; I'm getting tired of people who are too dumb to breathe trying to use this ROM</span><br />
<span class="irc-date">[0:44]</span> <span class="irc-black">&lt;Kaik541&gt; yeah I'm definitely done with xda over the next few days, thank god I'll be on a plane almost all day tomorrow</span><br />
<span class="irc-date">[0:48]</span> <span class="irc-green">* techmik67 (~techmik@c-76-109-173-83.hsd1.fl.comcast.net) has joined this channel.</span><br />
<span class="irc-date">[0:48]</span> <span class="irc-green">* ChanServ sets mode +o techmik67</span><br />
<span class="irc-date">[0:49]</span> <span class="irc-black">&lt;techmik67&gt; i'm back!!</span><br />
<span class="irc-date">[0:49]</span> <span class="irc-black">&lt;techmik67&gt; linux on the 2tb drive.....</span><br />
<span class="irc-date">[0:49]</span> <span class="irc-black">&lt;Kaik541&gt; techmik67, good, now you're in charge of xda</span><br />
<span class="irc-date">[0:49]</span> <span class="irc-black">&lt;techmik67&gt; lol</span><br />
<span class="irc-date">[0:49]</span> <span class="irc-black">&lt;techmik67&gt; i stillgotta reinstall all my build environment, and (ugh) qt</span><br />
<span class="irc-date">[0:51]</span> <span class="irc-black">&lt;gehzumteufel&gt; Why do you have to reinstall QT?</span><br />
<span class="irc-date">[0:51]</span> <span class="irc-black">&lt;techmik67&gt; heimdall-frontend</span><br />
<span class="irc-date">[0:51]</span> <span class="irc-black">&lt;gehzumteufel&gt; Ah yes</span><br />
<span class="irc-date">[0:51]</span> <span class="irc-black">&lt;gehzumteufel&gt; Forgot about that</span><br />
<span class="irc-date">[0:52]</span> <span class="irc-black">&lt;techmik67&gt; i'll do it over nite =)</span><br />
<span class="irc-date">[0:52]</span> <span class="irc-black">&lt;Kaik541&gt; heimdall-frontend needs qt?</span><br />
<span class="irc-date">[0:52]</span> <span class="irc-black">&lt;gehzumteufel&gt; yes</span><br />
<span class="irc-date">[0:52]</span> <span class="irc-black">&lt;gehzumteufel&gt; It depends on it</span><br />
<span class="irc-date">[0:52]</span> <span class="irc-black">&lt;Kaik541&gt; didn't even notice when I installed lol</span><br />
<span class="irc-date">[0:53]</span> <span class="irc-black">&lt;gehzumteufel&gt; You probably already had it</span><br />
<span class="irc-date">[0:53]</span> <span class="irc-black">&lt;Kaik541&gt; yeah form skype</span><br />
<span class="irc-date">[0:53]</span> <span class="irc-black">&lt;gehzumteufel&gt; There ya go</span><br />
<span class="irc-date">[0:53]</span> <span class="irc-black">&lt;Kaik541&gt; it just isn't entirely noticeable when I opened the app either</span><br />
<span class="irc-date">[0:53]</span> <span class="irc-black">&lt;Kaik541&gt; this gtk theme does a nice job of blending QT elements in :)</span><br />
<span class="irc-date">[0:54]</span> <span class="irc-black">&lt;Kaik541&gt; it wasn't until I looked at the drop down menu highlighting that I noticed it was weird... an the about screen was funky</span><br />
<span class="irc-date">[0:57]</span> <span class="irc-black">&lt;gehzumteufel&gt; lol GTK apps in KDE on my box are UGLY</span><br />
<span class="irc-date">[1:08]</span> <span class="irc-navy">* zachy_md (~zacharias@chello084114179145.16.15.vie.surfer.at) Quit (Remote host closed the connection)</span><br />
<span class="irc-date">[1:16]</span> <span class="irc-black">&lt;techmik67&gt; brb</span><br />
<span class="irc-date">[1:16]</span> <span class="irc-navy">* techmik67 (~techmik@c-76-109-173-83.hsd1.fl.comcast.net) Quit (Remote host closed the connection)</span><br />
<span class="irc-date">[1:18]</span> <span class="irc-green">* techmik67 (~techmik@c-76-109-173-83.hsd1.fl.comcast.net) has joined this channel.</span><br />
<span class="irc-date">[1:18]</span> <span class="irc-green">* ChanServ sets mode +o techmik67</span><br />
<span class="irc-date">[1:21]</span> <span class="irc-green">* zachy_md (~zacharias@chello084114179145.16.15.vie.surfer.at) has joined this channel.</span><br />
<span class="irc-date">[1:21]</span> <span class="irc-green">* ChanServ sets mode +v zachy_md</span><br />
<span class="irc-date">[1:34]</span> <span class="irc-navy">* gehzumteufel (~gehzumteu@adsl-76-252-171-187.dsl.lsan03.sbcglobal.net) Quit (Quit: gehzumteufel)</span><br />
<span class="irc-date">[1:37]</span> <span class="irc-green">* TMC_Sherpa_ (~jeff@c-67-173-42-196.hsd1.il.comcast.net) has joined this channel.</span><br />
<span class="irc-date">[2:06]</span> <span class="irc-black">&lt;Unhelpful&gt; wtf is heimdall-frontend? :P</span><br />
<span class="irc-date">[2:06]</span> <span class="irc-brick">* Unhelpful uses one of those gtk-qt-theme-engine-thingies...</span><br />
<span class="irc-date">[2:08]</span> <span class="irc-green">* gehzumteufel (~gehzumteu@cpe-76-93-100-229.socal.res.rr.com) has joined this channel.</span><br />
<span class="irc-date">[2:08]</span> <span class="irc-green">* ChanServ sets mode +v gehzumteufel</span><br />
<span class="irc-date">[2:08]</span> <span class="irc-black">&lt;gehzumteufel&gt; ugh so sick of xda. Just unsubscribed from the Vibrant thread. No more help from me.</span><br />
<span class="irc-date">[2:09]</span> <span class="irc-brick">* Unhelpful points gehzumteufel @ gtk-kde4 or gtk-qt-engine</span><br />
<span class="irc-date">[2:09]</span> <span class="irc-brick">* gehzumteufel has installed both of those things, and GTK stuff still us fugly</span><br />
<span class="irc-date">[2:09]</span> <span class="irc-black">&lt;gehzumteufel&gt; is*</span><br />
<span class="irc-date">[2:10]</span> <span class="irc-black">&lt;gehzumteufel&gt; I know how to fix it, but I've just been lazy and haven't installed a decent looking GTK theme</span><br />
<span class="irc-date">[2:10]</span> <span class="irc-black">&lt;TMC_Sherpa_&gt; so....how much am I allowed to break trying to migrate audio.....</span><br />
<span class="irc-date">[2:10]</span> <span class="irc-black">&lt;TMC_Sherpa_&gt; just you know hypothetical</span><br />
<span class="irc-date">[2:11]</span> <span class="irc-black">&lt;TMC_Sherpa_&gt; and kaik isn't allowed to answer :P</span><br />
<span class="irc-date">[2:11]</span> <span class="irc-black">&lt;Kaik541&gt; ALL THE THINGS</span><br />
<span class="irc-date">[2:11]</span> <span class="irc-black">&lt;Kaik541&gt; dammit</span><br />
<span class="irc-date">[2:12]</span> <span class="irc-black">&lt;gehzumteufel&gt; I'd say, probably as much as is necessary, but only so much that you can potentially fix.</span><br />
<span class="irc-date">[2:12]</span> <span class="irc-black">&lt;gehzumteufel&gt; Then again, things might have to be totally rewritten to get it working properly anyway</span><br />
<span class="irc-date">[2:12]</span> <span class="irc-black">&lt;TMC_Sherpa_&gt; 'cus CONFIG_SND_S5P_RP has hooks in cpuidle mach-aries devs.h earlysuspend dev-audio...and a couple sound files</span><br />
<span class="irc-date">[2:13]</span> <span class="irc-black">&lt;Unhelpful&gt; MADNESS</span><br />
<span class="irc-date">[2:13]</span> <span class="irc-black">&lt;TMC_Sherpa_&gt; yeh sound files I know</span><br />
<span class="irc-date">[2:15]</span> <span class="irc-black">&lt;TMC_Sherpa_&gt; audio-dev and dev.h just add stuff so I'm not worried about them</span><br />
<span class="irc-date">[2:16]</span> <span class="irc-black">&lt;TMC_Sherpa_&gt; earlususpend.... one section changes, everything else is addition</span><br />
<span class="irc-date">[2:16]</span> <span class="irc-black">&lt;TMC_Sherpa_&gt; cpuidle....sorta has didle stuff in there I'll have to see if I can work around it</span><br />
<span class="irc-date">[2:17]</span> <span class="irc-black">&lt;Kaik541&gt; well good news is that google got samsung to agree to update their devices for about 18 months after the phone is launched... they have 6 months to get me gingerbread.</span><br />
<span class="irc-date">[2:18]</span> <span class="irc-black">&lt;gehzumteufel&gt; lol</span><br />
<span class="irc-date">[2:18]</span> <span class="irc-black">&lt;TMC_Sherpa_&gt; mach-aries is 4K lines of diff -wrp output but most of that should be crap we've changed</span><br />
<span class="irc-date">[2:19]</span> <span class="irc-black">&lt;TMC_Sherpa_&gt; so it may be able to beep at you in stunning clarity while it doesn't boot</span><br />
<span class="irc-date">[2:20]</span> <span class="irc-black">&lt;Kaik541&gt; lol</span><br />
<span class="irc-date">[2:20]</span> <span class="irc-black">&lt;TMC_Sherpa_&gt; but hey, at least the battery life will be good</span><br />
<span class="irc-date">[2:20]</span> <span class="irc-black">&lt;TMC_Sherpa_&gt; can't use less than off right?</span><br />
<span class="irc-date">[2:22]</span> <span class="irc-black">&lt;TMC_Sherpa_&gt; Kaik541:  is that retoactive or just going forw.... I'll shut up</span><br />
<span class="irc-date">[2:22]</span> <span class="irc-black">&lt;Kaik541&gt; TMC_Sherpa_, LET ME HAVE MY DREAMS</span><br />
<span class="irc-date">[2:22]</span> <span class="irc-black">&lt;techmik67&gt; ok, testing build speed on pc... only dualcore, but 2.7 ghz.....</span><br />
<span class="irc-date">[2:22]</span> <span class="irc-black">&lt;Kaik541&gt; NEED AUDIENCE CHIP</span><br />
<span class="irc-date">[2:23]</span> <span class="irc-black">&lt;TMC_Sherpa_&gt; well, most of the mach-aries changes are when someone did s/herring/aries/g so I don't think thats as bad as it looks</span><br />
<span class="irc-date">[2:26]</span> <span class="irc-black">&lt;TMC_Sherpa_&gt; devs.h has usb shit in it..... dono if I wana touch that</span><br />
<span class="irc-date">[2:28]</span> <span class="irc-black">&lt;Kaik541&gt; TMC_Sherpa_, what would we do without you?</span><br />
<span class="irc-date">[2:28]</span> <span class="irc-black">&lt;Kaik541&gt; besides squander in miserable battery life that is</span><br />
<span class="irc-date">[2:29]</span> <span class="irc-black">&lt;TMC_Sherpa_&gt; hey now, if it wasn't for codeworx I'd be up against the wall with a blind fold right now I swear! the gpios are right! BANG</span><br />
<span class="irc-date">[2:30]</span> <span class="irc-black">&lt;Kaik541&gt; well if it wasn't for the original team I wouldn't even know what it is I'm missing while I'm forced onto stock</span><br />
<span class="irc-date">[2:31]</span> <span class="irc-black">&lt;Kaik541&gt; <a href="http://cgi.ebay.com/Galaxy-Tab-10-1-Google-IO-Limited-Edition-White-/170639592251?pt=US_Tablets&amp;hash=item27bae98b3b#ht_500wt_1151">http://cgi.ebay.com/Galaxy-Tab-10-1-Google-IO-Limited-Edition-White-/170639592251?pt=US_Tablets&amp;hash=item27bae98b3b#ht_500wt_1151</a></span><br />
<span class="irc-date">[2:31]</span> <span class="irc-black">&lt;Kaik541&gt; this is why I should go to I/O... drop $500 on a ticket, couple hundred more on a hotel, sell device, profit</span><br />
<span class="irc-date">[2:37]</span> <span class="irc-green">* wwyvern (~wwyvern@adsl-074-167-175-227.sip.jax.bellsouth.net) has joined this channel.</span><br />
<span class="irc-date">[2:37]</span> <span class="irc-green">* ChanServ sets mode +v wwyvern</span><br />
<span class="irc-date">[2:39]</span> <span class="irc-navy">* chaembian (~chaembian@122.174.87.14) Quit (Read error: Connection reset by peer)</span><br />
<span class="irc-date">[2:42]</span> <span class="irc-black">&lt;TMC_Sherpa_&gt; I dont think making a white tablet is going to help with in their fight against apple</span><br />
<span class="irc-date">[2:44]</span> <span class="irc-black">&lt;gehzumteufel&gt; FUCK people are really willing to pay $1300 for that?!</span><br />
<span class="irc-date">[2:48]</span> <span class="irc-black">&lt;Kaik541&gt; gehzumteufel, I expect it to hit $2k at least</span><br />
<span class="irc-date">[2:49]</span> <span class="irc-black">&lt;gehzumteufel&gt; That's just nuts</span><br />
<span class="irc-date">[2:49]</span> <span class="irc-black">&lt;Kaik541&gt; people want to be the first to have things</span><br />
<span class="irc-date">[2:50]</span> <span class="irc-black">&lt;Kaik541&gt; though why they didn't pay the much more reasonable price of $500 to just go and get one anyway...</span><br />
<span class="irc-date">[2:50]</span> <span class="irc-black">&lt;gehzumteufel&gt; I know. And I Forget.</span><br />
<span class="irc-date">[2:50]</span> <span class="irc-black">&lt;gehzumteufel&gt; There is another one listed for 1800</span><br />
<span class="irc-date">[2:52]</span> <span class="irc-black">&lt;gehzumteufel&gt; brb gonna go buy some beer for a beer trade. lol</span><br />
