<span class="irc-date">[0:08]</span> <span class="irc-black">&lt;Kaik541&gt; ugh, people are dumb</span><br />
<span class="irc-date">[0:08]</span> <span class="irc-black">&lt;Kaik541&gt; a comment written on the CM site by someone not on the team = the instructions say to do it</span><br />
<span class="irc-date">[0:08]</span> <span class="irc-black">&lt;Kaik541&gt; <a href="http://forum.xda-developers.com/showpost.php?p=12247673&amp;postcount=486">http://forum.xda-developers.com/showpost.php?p=12247673&amp;postcount=486</a></span><br />
<span class="irc-date">[0:28]</span> <span class="irc-black">&lt;atinm|away&gt; lol - AT&amp;T buying TMO?! :)</span><br />
<span class="irc-date">[0:28]</span> <span class="irc-black">&lt;atinm|away&gt; god . . . just realized, Eugene will now be in my world.</span><br />
<span class="irc-date">[0:28]</span> <span class="irc-black">&lt;atinm|away&gt; in fact, the whole vibrant mob will</span><br />
<span class="irc-date">[0:29]</span> <span class="irc-black">&lt;atinm|away&gt; I guess AT&amp;T realized it really needs the android market now that they don't have iphone exclusivity</span><br />
<span class="irc-date">[0:29]</span> <span class="irc-black">&lt;atinm|away&gt; and they weren't going to go buy verizon ;)</span><br />
<span class="irc-date">[0:30]</span> <span class="irc-black">&lt;atinm|away&gt; funny tho. :)</span><br />
<span class="irc-date">[0:30]</span> <span class="irc-black">&lt;atinm|away&gt; last thing I expected.</span><br />
<span class="irc-date">[0:30]</span> <span class="irc-black">&lt;atinm|away&gt; well, good night.</span><br />
<span class="irc-date">[0:30]</span> <span class="irc-black">&lt;techmik67&gt; night</span><br />
<span class="irc-date">[0:30]</span> <span class="irc-black">&lt;atinm|away&gt; this weekend has sucked totally</span><br />
<span class="irc-date">[0:30]</span> <span class="irc-black">&lt;atinm|away&gt; my meds haven't really worn off yet and I'm hoping I'll be fine by tomorrow</span><br />
<span class="irc-date">[0:31]</span> <span class="irc-black">&lt;atinm|away&gt; but then I get another injection tomorrow morning which will get me screwed up with bone pain etc by tomorrow evening</span><br />
<span class="irc-date">[0:31]</span> <span class="irc-black">&lt;atinm|away&gt; life sucks.</span><br />
<span class="irc-date">[0:31]</span> <span class="irc-black">&lt;atinm|away&gt; well, good night.</span><br />
<span class="irc-date">[0:32]</span> <span class="irc-black">&lt;atinm|away&gt; hopefully coolya and unhelpful made some headway</span><br />
<span class="irc-date">[0:32]</span> <span class="irc-black">&lt;Kaik541&gt; :(</span><br />
<span class="irc-date">[0:32]</span> <span class="irc-black">&lt;atinm|away&gt; I got nil.</span><br />
<span class="irc-date">[0:32]</span> <span class="irc-black">&lt;atinm|away&gt; night</span><br />
<span class="irc-date">[0:32]</span> <span class="irc-green">* atinm|away is now known as atinm|night</span><br />
<span class="irc-date">[0:48]</span> <span class="irc-black">&lt;Unhelpful&gt; darksatanic: i don't believe so, the size of the passed data is not part of the call, unless you use some sort of struct that storts a version number or length in a fixed position.</span><br />
