<span class="irc-date">[0:00]</span> <span class="irc-brick">* gehzumteufel will just observe from now on.</span><br />
<span class="irc-date">[0:01]</span> <span class="irc-black">&lt;atinm&gt; unhelpful, get your machine yet?</span><br />
<span class="irc-date">[0:02]</span> <span class="irc-black">&lt;atinm&gt; I think after your Makefile merges. and we get the final stuff related to vendor files and install finished, we should start merging everything to mainline</span><br />
<span class="irc-date">[0:02]</span> <span class="irc-black">&lt;atinm&gt; other code bug fixes etc can continue</span><br />
<span class="irc-date">[0:02]</span> <span class="irc-black">&lt;atinm&gt; but aren't holdups for merge</span><br />
<span class="irc-date">[0:03]</span> <span class="irc-black">&lt;atinm&gt; back later</span><br />
<span class="irc-date">[0:03]</span> <span class="irc-green">* atinm is now known as atinm|away</span><br />
<span class="irc-date">[0:23]</span> <span class="irc-black">&lt;zachy_md&gt; seems like my phone is in a vague state right now:</span><br />
<span class="irc-date">[0:23]</span> <span class="irc-black">&lt;zachy_md&gt; I'd like to start over but not flash back to sammy</span><br />
<span class="irc-date">[0:24]</span> <span class="irc-black">&lt;zachy_md&gt; I've a cm7 kernel + efs backup</span><br />
<span class="irc-date">[0:24]</span> <span class="irc-black">&lt;zachy_md&gt; can I apply - update-cm-7-INITIAL-DEVICE-signed.zip only</span><br />
<span class="irc-date">[0:24]</span> <span class="irc-black">&lt;kang&gt; factory reset and update work i think</span><br />
<span class="irc-date">[0:24]</span> <span class="irc-black">&lt;kang&gt; system is formated on update</span><br />
<span class="irc-date">[0:24]</span> <span class="irc-black">&lt;kang&gt; rest by factory reset</span><br />
<span class="irc-date">[0:24]</span> <span class="irc-black">&lt;kang&gt; if im not wrong</span><br />
<span class="irc-date">[0:24]</span> <span class="irc-black">&lt;zachy_md&gt; so no need for update-initial ?</span><br />
<span class="irc-date">[0:25]</span> <span class="irc-black">&lt;kang&gt; not 100% sure but dont think so</span><br />
<span class="irc-date">[0:25]</span> <span class="irc-black">&lt;zachy_md&gt; ok, will try that - I want to get that phone running in a clean state asap</span><br />
<span class="irc-date">[0:25]</span> <span class="irc-black">&lt;kang&gt; hehe</span><br />
<span class="irc-date">[0:25]</span> <span class="irc-black">&lt;kang&gt; tomorrow ive to put sammy on mine</span><br />
<span class="irc-date">[0:25]</span> <span class="irc-black">&lt;zachy_md&gt; the problem is - it seems to get nowhere right now</span><br />
<span class="irc-date">[0:25]</span> <span class="irc-black">&lt;kang&gt; :p</span><br />
<span class="irc-date">[0:26]</span> <span class="irc-black">&lt;zachy_md&gt; you want to give it away ?</span><br />
<span class="irc-date">[0:26]</span> <span class="irc-black">&lt;kang&gt; yeah</span><br />
<span class="irc-date">[0:26]</span> <span class="irc-black">&lt;zachy_md&gt; ;(</span><br />
<span class="irc-date">[0:27]</span> <span class="irc-black">&lt;zachy_md&gt; kang, thanks for the step-by-step update, btw</span><br />
<span class="irc-date">[0:27]</span> <span class="irc-black">&lt;Unhelpful&gt; atinm|away: sorry man, *they* don't even have my laptop yet.</span><br />
<span class="irc-date">[0:27]</span> <span class="irc-black">&lt;zachy_md&gt; I'm sure we'll find a way to get it working with down-steps, too</span><br />
<span class="irc-date">[0:28]</span> <span class="irc-black">&lt;kang&gt; zachy_md: i just added down steps real quick xD</span><br />
<span class="irc-date">[0:28]</span> <span class="irc-black">&lt;kang&gt; zachy_md: about to boot it lol</span><br />
<span class="irc-date">[0:28]</span> <span class="irc-black">&lt;atinm|away&gt; Unhelpful: aww man</span><br />
<span class="irc-date">[0:28]</span> <span class="irc-black">&lt;zachy_md&gt; kang, awesome :D</span><br />
<span class="irc-date">[0:29]</span> <span class="irc-black">&lt;zachy_md&gt; kang, didn't know you were from France :)</span><br />
<span class="irc-date">[0:29]</span> <span class="irc-black">&lt;atinm|away&gt; well, off to bed. wife is really angry right now</span><br />
<span class="irc-date">[0:29]</span> <span class="irc-black">&lt;kang&gt; ich bin eine baguette</span><br />
<span class="irc-date">[0:29]</span> <span class="irc-black">&lt;atinm|away&gt; because of the time I've been spending on android.</span><br />
<span class="irc-date">[0:29]</span> <span class="irc-black">&lt;kang&gt; atinm|away: gl ^^</span><br />
<span class="irc-date">[0:29]</span> <span class="irc-black">&lt;zachy_md&gt; hi hi hi hi</span><br />
<span class="irc-date">[0:29]</span> <span class="irc-black">&lt;zachy_md&gt; ;)</span><br />
<span class="irc-date">[0:30]</span> <span class="irc-black">&lt;atinm|away&gt; so I am supposed to go to bed at normal times, especially since I go back on interferon tomorrow night</span><br />
<span class="irc-date">[0:30]</span> <span class="irc-black">&lt;zachy_md&gt; I love baguette avec le buerre aux fines herbes</span><br />
<span class="irc-date">[0:30]</span> <span class="irc-black">&lt;atinm|away&gt; and will be very sick again. so have to start trying to conserve some energy</span><br />
<span class="irc-date">[0:30]</span> <span class="irc-black">&lt;zachy_md&gt; ^^</span><br />
<span class="irc-date">[0:30]</span> <span class="irc-black">&lt;gehzumteufel&gt; well good luck atinm|away . take care of yourself.</span><br />
<span class="irc-date">[0:31]</span> <span class="irc-black">&lt;atinm|away&gt; back tomorrow :)</span><br />
<span class="irc-date">[0:31]</span> <span class="irc-green">* atinm|away is now known as atinm|night</span><br />
<span class="irc-date">[0:31]</span> <span class="irc-black">&lt;zachy_md&gt; atinm|away, take care</span><br />
<span class="irc-date">[0:31]</span> <span class="irc-black">&lt;atinm|night&gt; will commit the battery thing tomorrow</span><br />
<span class="irc-date">[0:32]</span> <span class="irc-black">&lt;kang&gt; zachy_md: we have some other breads that are really good, look like a baguette but not quite</span><br />
<span class="irc-date">[0:32]</span> <span class="irc-black">&lt;kang&gt; zachy_md: never found it in germany</span><br />
<span class="irc-date">[0:32]</span> <span class="irc-black">&lt;kang&gt; zachy_md: makes baguette look noob. xD</span><br />
<span class="irc-date">[0:32]</span> <span class="irc-black">&lt;kang&gt; looks more like that <a href="http://www.aumoulindelacharmeuse.fr/images/pains/croquise_gr.jpg">http://www.aumoulindelacharmeuse.fr/images/pains/croquise_gr.jpg</a></span><br />
<span class="irc-date">[0:34]</span> <span class="irc-black">&lt;zachy_md&gt; nice :)</span><br />
<span class="irc-date">[0:34]</span> <span class="irc-black">&lt;kang&gt; my phone's not rly stable at 1.4ghz</span><br />
<span class="irc-date">[0:34]</span> <span class="irc-black">&lt;kang&gt; even with performance + glitch's settings</span><br />
<span class="irc-date">[0:34]</span> <span class="irc-black">&lt;kang&gt; ill test at 1.3 xd</span><br />
<span class="irc-date">[0:35]</span> <span class="irc-black">&lt;zachy_md&gt; there seems to be some instability introduced lately</span><br />
<span class="irc-date">[0:35]</span> <span class="irc-black">&lt;zachy_md&gt; some days ago people still reported around 1.4 GHz (1.44 ?) stable for them</span><br />
<span class="irc-date">[0:35]</span> <span class="irc-black">&lt;kang&gt; well idk</span><br />
<span class="irc-date">[0:35]</span> <span class="irc-black">&lt;kang&gt; i can run benchs</span><br />
<span class="irc-date">[0:35]</span> <span class="irc-black">&lt;kang&gt; it doesnt crash</span><br />
<span class="irc-date">[0:36]</span> <span class="irc-black">&lt;kang&gt; but when i run "my stuff" it does</span><br />
<span class="irc-date">[0:36]</span> <span class="irc-black">&lt;kang&gt; fennec + some 3d game</span><br />
<span class="irc-date">[0:36]</span> <span class="irc-black">&lt;kang&gt; always goes boom xD</span><br />
<span class="irc-date">[0:37]</span> <span class="irc-green">* techmik67 (~techmik@c-76-109-173-83.hsd1.fl.comcast.net) has joined this channel.</span><br />
<span class="irc-date">[0:37]</span> <span class="irc-green">* ChanServ sets mode +o techmik67</span><br />
<span class="irc-date">[0:37]</span> <span class="irc-black">&lt;kang&gt; running 1.3+ondemand now^^</span><br />
<span class="irc-date">[0:38]</span> <span class="irc-black">&lt;kang&gt; lol its crazy how fast ondemand goes</span><br />
<span class="irc-date">[0:38]</span> <span class="irc-black">&lt;kang&gt; it switch likes 25 times freq when i slide the screens</span><br />
<span class="irc-date">[0:38]</span> <span class="irc-black">&lt;UberPinguin&gt; atinm|night: ping (<a href="https://github.com/teamhacksung/proprietary_vendor_samsung/commit/941821daef4b04f54395d84a013219ad41c38586)">https://github.com/teamhacksung/proprietary_vendor_samsung/commit/941821daef4b04f54395d84a013219ad41c38586)</a></span><br />
<span class="irc-date">[0:39]</span> <span class="irc-black">&lt;kang&gt; not rly surprise its more stable with interactive</span><br />
<span class="irc-date">[0:40]</span> <span class="irc-black">&lt;kang&gt; ondemand is .. rly demanding</span><br />
<span class="irc-date">[0:41]</span> <span class="irc-black">&lt;zachy_md&gt; kang, yeah, but it also seems to provide nice battery runtime &amp; performance compromise</span><br />
<span class="irc-date">[0:41]</span> <span class="irc-black">&lt;kang&gt; its only problem is that its polling a lot</span><br />
<span class="irc-date">[0:41]</span> <span class="irc-black">&lt;zachy_md&gt; you tried conservative with freq_step of 50 and 55 / 35 limits ?</span><br />
<span class="irc-date">[0:41]</span> <span class="irc-black">&lt;kang&gt; interactive does that less thats why its better</span><br />
<span class="irc-date">[0:41]</span> <span class="irc-black">&lt;kang&gt; technically</span><br />
<span class="irc-date">[0:41]</span> <span class="irc-black">&lt;zachy_md&gt; that one should work better / more stable at least</span><br />
<span class="irc-date">[0:41]</span> <span class="irc-black">&lt;kang&gt; but would need to work "like ondemand"</span><br />
<span class="irc-date">[0:41]</span> <span class="irc-black">&lt;techmik67&gt; finally got konvo back on windows</span><br />
<span class="irc-date">[0:42]</span> <span class="irc-green">* TMC_Sherpa_ (~jeff@c-67-173-42-196.hsd1.il.comcast.net) has joined this channel.</span><br />
<span class="irc-date">[0:42]</span> <span class="irc-black">&lt;kang&gt; zachy_md: first i need to find which freq is stable at performance apparently :(</span><br />
<span class="irc-date">[0:42]</span> <span class="irc-black">&lt;zachy_md&gt; kang, yeah, interactive is staying longer at higher frequencies - but I don't like how warm my phone gets with that ^^</span><br />
<span class="irc-date">[0:43]</span> <span class="irc-black">&lt;kang&gt; thats not what i meant</span><br />
<span class="irc-date">[0:43]</span> <span class="irc-black">&lt;kang&gt; the way interactive polls is better than ondemand</span><br />
<span class="irc-date">[0:43]</span> <span class="irc-black">&lt;kang&gt; but interactive is also switching differently</span><br />
<span class="irc-date">[0:43]</span> <span class="irc-black">&lt;kang&gt; which is worse than ondemand</span><br />
<span class="irc-date">[0:43]</span> <span class="irc-black">&lt;kang&gt; thats what smartass tries to achieve, interactive, but more like ondemand behavior</span><br />
<span class="irc-date">[0:43]</span> <span class="irc-black">&lt;kang&gt; except it doesnt work properly</span><br />
<span class="irc-date">[0:43]</span> <span class="irc-black">&lt;kang&gt; xD</span><br />
<span class="irc-date">[0:44]</span> <span class="irc-black">&lt;Unhelpful&gt; "smartass"? :P</span><br />
<span class="irc-date">[0:44]</span> <span class="irc-black">&lt;TMC_Sherpa_&gt; WHOs a smartass :P</span><br />
<span class="irc-date">[0:44]</span> <span class="irc-black">&lt;zachy_md&gt; ok - gotcha, yeah - smartass isn't really working well for me :P</span><br />
<span class="irc-date">[0:44]</span> <span class="irc-black">&lt;kang&gt; another governor</span><br />
<span class="irc-date">[0:44]</span> <span class="irc-black">&lt;Unhelpful&gt; what *exactly* does smartass do?</span><br />
<span class="irc-date">[0:44]</span> <span class="irc-black">&lt;kang&gt; zachy_md: crashed at 1.2, lol</span><br />
<span class="irc-date">[0:44]</span> <span class="irc-black">&lt;kang&gt; its like interactive but tries to stay at lower freqs and not linger too much at high freqs</span><br />
<span class="irc-date">[0:45]</span> <span class="irc-black">&lt;Unhelpful&gt; ...but *how* ;)</span><br />
<span class="irc-date">[0:45]</span> <span class="irc-black">&lt;kang&gt; ull have to read the code for that i guess</span><br />
<span class="irc-date">[0:45]</span> <span class="irc-black">&lt;kang&gt; i just tried it, didnt work</span><br />
<span class="irc-date">[0:45]</span> <span class="irc-black">&lt;kang&gt; though about checking what it does later</span><br />
<span class="irc-date">[0:45]</span> <span class="irc-black">&lt;kang&gt; and didnt do it</span><br />
<span class="irc-date">[0:45]</span> <span class="irc-black">&lt;kang&gt; :)</span><br />
<span class="irc-date">[0:46]</span> <span class="irc-black">&lt;zachy_md&gt; kang, 1.2 is little bit - low ^^</span><br />
<span class="irc-date">[0:46]</span> <span class="irc-black">&lt;zachy_md&gt; weird</span><br />
<span class="irc-date">[0:47]</span> <span class="irc-black">&lt;TMC_Sherpa_&gt; vibrant peeps, where we at? what did I break?</span><br />
<span class="irc-date">[0:50]</span> <span class="irc-black">&lt;kang&gt; zachy_md: yeah thats odd, it wouldnt crash at these settings before</span><br />
<span class="irc-date">[0:50]</span> <span class="irc-black">&lt;kang&gt; zachy_md: not sure what has changed xD</span><br />
<span class="irc-date">[0:51]</span> <span class="irc-black">&lt;kang&gt; zachy_md: i commited the step downs on octest if u wanna play with it</span><br />
<span class="irc-date">[0:52]</span> <span class="irc-black">&lt;kang&gt; zachy_md: need a phone that is stable at at least 1.2 in performance mode for that</span><br />
<span class="irc-date">[0:52]</span> <span class="irc-black">&lt;kang&gt; lol</span><br />
<span class="irc-date">[0:52]</span> <span class="irc-black">&lt;techmik67&gt; i cant get over the decrease in build time using ccache....</span><br />
<span class="irc-date">[0:52]</span> <span class="irc-black">&lt;zachy_md&gt; kang, thanks - I'll play with that - perhaps in the weekend</span><br />
<span class="irc-date">[0:52]</span> <span class="irc-black">&lt;zachy_md&gt; kang, how do you do those git history changes btw,</span><br />
<span class="irc-date">[0:52]</span> <span class="irc-black">&lt;zachy_md&gt; <a href="https://github.com/kangsterizer/android_kernel_samsung/compare/bb74f858c4...315307ff71">https://github.com/kangsterizer/android_kernel_samsung/compare/bb74f858c4...315307ff71</a></span><br />
<span class="irc-date">[0:53]</span> <span class="irc-black">&lt;zachy_md&gt; I attempted to do the same with branches - but it's simply not the same</span><br />
<span class="irc-date">[0:53]</span> <span class="irc-black">&lt;zachy_md&gt; git rebase ?</span><br />
<span class="irc-date">[0:53]</span> <span class="irc-black">&lt;kang&gt; yeah i cheat</span><br />
<span class="irc-date">[0:53]</span> <span class="irc-black">&lt;kang&gt; its not nice to do it</span><br />
<span class="irc-date">[0:53]</span> <span class="irc-black">&lt;kang&gt; but its much more simple some times</span><br />
<span class="irc-date">[0:54]</span> <span class="irc-black">&lt;kang&gt; git pull --rebase &lt;refspec&gt;</span><br />
<span class="irc-date">[0:54]</span> <span class="irc-black">&lt;kang&gt; will always put ur commits on top</span><br />
<span class="irc-date">[0:54]</span> <span class="irc-black">&lt;kang&gt; and have "their" commits behind it</span><br />
<span class="irc-date">[0:54]</span> <span class="irc-black">&lt;kang&gt; since rebase rewrites history ppl following u might have troubles</span><br />
<span class="irc-date">[0:54]</span> <span class="irc-black">&lt;kang&gt; also it means u have to git push -f</span><br />
<span class="irc-date">[0:55]</span> <span class="irc-black">&lt;kang&gt; cuz else git will refuse rewriting history in ur github repo by safety</span><br />
<span class="irc-date">[0:55]</span> <span class="irc-black">&lt;gehzumteufel&gt; TMC_Sherpa_: Haven't tested yet. lol</span><br />
<span class="irc-date">[0:55]</span> <span class="irc-black">&lt;zachy_md&gt; yeah git push -u won't work</span><br />
<span class="irc-date">[0:55]</span> <span class="irc-black">&lt;uberushaximus&gt; git rebase looks funny in the github fork queue</span><br />
<span class="irc-date">[0:55]</span> <span class="irc-black">&lt;zachy_md&gt; I use git push -f quite regularly</span><br />
<span class="irc-date">[0:55]</span> <span class="irc-black">&lt;zachy_md&gt; ^</span><br />
<span class="irc-date">[0:55]</span> <span class="irc-black">&lt;gehzumteufel&gt; TMC_Sherpa_: Should I sync and build?</span><br />
<span class="irc-date">[0:55]</span> <span class="irc-black">&lt;zachy_md&gt; ^^</span><br />
<span class="irc-date">[0:55]</span> <span class="irc-black">&lt;uberushaximus&gt; you see the same commit repeated a bunch of times</span><br />
<span class="irc-date">[0:55]</span> <span class="irc-black">&lt;kang&gt; if i was a real upstream for many ppl i woudlnt do it</span><br />
<span class="irc-date">[0:55]</span> <span class="irc-black">&lt;kang&gt; ^^</span><br />
<span class="irc-date">[0:55]</span> <span class="irc-black">&lt;TMC_Sherpa_&gt; tech has a branch to add</span><br />
<span class="irc-date">[0:55]</span> <span class="irc-black">&lt;gehzumteufel&gt; or is the latest from the sourceforge?</span><br />
<span class="irc-date">[0:55]</span> <span class="irc-black">&lt;gehzumteufel&gt; good</span><br />
<span class="irc-date">[0:56]</span> <span class="irc-black">&lt;zachy_md&gt; since from time to time I need to do a hard reset to an earlier state and then force-push is the most efficient way</span><br />
<span class="irc-date">[0:56]</span> <span class="irc-black">&lt;kang&gt; zachy_md: also u can "fixup" commits by cheating with rebase again</span><br />
<span class="irc-date">[0:56]</span> <span class="irc-black">&lt;kang&gt; zachy_md: git rebase -i HEAD~4 (for 4 past commits)</span><br />
<span class="irc-date">[0:56]</span> <span class="irc-black">&lt;kang&gt; then it gives u a list</span><br />
<span class="irc-date">[0:56]</span> <span class="irc-black">&lt;kang&gt; and u can edit messages, squash commits together, remove commits, move them around etc</span><br />
<span class="irc-date">[0:56]</span> <span class="irc-black">&lt;zachy_md&gt; pretty efficient command :)</span><br />
<span class="irc-date">[0:57]</span> <span class="irc-black">&lt;zachy_md&gt; I read that it's disliked and shouldn't be used if you already have pushed the changes to remote</span><br />
<span class="irc-date">[0:57]</span> <span class="irc-black">&lt;kang&gt; what annoys me is that git cannot figure out itself when you have fast forwards</span><br />
<span class="irc-date">[0:57]</span> <span class="irc-black">&lt;kang&gt; if they haven't been marked so</span><br />
<span class="irc-date">[0:57]</span> <span class="irc-black">&lt;kang&gt; (not rly marked cuz git doesnt mark, but if they're changed)</span><br />
<span class="irc-date">[0:57]</span> <span class="irc-black">&lt;kang&gt; it reverts to 3way "dumb" mode</span><br />
<span class="irc-date">[0:57]</span> <span class="irc-black">&lt;zachy_md&gt; basically that probably means that people pulling from your source need to reset to a earlier commit and then are first able to pull</span><br />
<span class="irc-date">[0:58]</span> <span class="irc-black">&lt;kang&gt; yeah it will fail otherwise</span><br />
<span class="irc-date">[0:58]</span> <span class="irc-black">&lt;kang&gt; or they can fetch and cherry</span><br />
<span class="irc-date">[0:58]</span> <span class="irc-black">&lt;kang&gt; or force</span><br />
<span class="irc-date">[0:58]</span> <span class="irc-black">&lt;zachy_md&gt; most (the inexperienced ones - I did so in the past) probably will clone the repo from scratch XD</span><br />
<span class="irc-date">[0:58]</span> <span class="irc-black">&lt;kang&gt; u can also git pull --ff-only</span><br />
<span class="irc-date">[0:58]</span> <span class="irc-black">&lt;kang&gt; that will work mostly</span><br />
<span class="irc-date">[0:59]</span> <span class="irc-black">&lt;kang&gt; but yeah</span><br />
<span class="irc-date">[0:59]</span> <span class="irc-black">&lt;kang&gt; ^^</span><br />
<span class="irc-date">[0:59]</span> <span class="irc-black">&lt;kang&gt; if git would do smart 3way and smart ff</span><br />
<span class="irc-date">[0:59]</span> <span class="irc-black">&lt;kang&gt; rewriting history wouldnt be an issue</span><br />
<span class="irc-date">[0:59]</span> <span class="irc-black">&lt;kang&gt; also having a central repo would work fine</span><br />
<span class="irc-date">[0:59]</span> <span class="irc-black">&lt;kang&gt; but no.. git authors and linux are against that usage</span><br />
<span class="irc-date">[0:59]</span> <span class="irc-black">&lt;kang&gt; so they dont implement it lol</span><br />
<span class="irc-date">[0:59]</span> <span class="irc-black">&lt;kang&gt; linux=linus =/</span><br />
