<span class="irc-date">[0:00]</span> <span class="irc-black">&lt;kang&gt; i didnt read it to the end</span><br />
<span class="irc-date">[0:00]</span> <span class="irc-black">&lt;kang&gt; lol</span><br />
<span class="irc-date">[0:00]</span> <span class="irc-black">&lt;kang&gt; still</span><br />
<span class="irc-date">[0:00]</span> <span class="irc-black">&lt;kang&gt; my way should work too</span><br />
<span class="irc-date">[0:00]</span> <span class="irc-black">&lt;kang&gt; it lists it now</span><br />
<span class="irc-date">[0:00]</span> <span class="irc-black">&lt;kang&gt; but..</span><br />
<span class="irc-date">[0:00]</span> <span class="irc-black">&lt;kang&gt; better to override the error lol</span><br />
<span class="irc-date">[0:01]</span> <span class="irc-black">&lt;kang&gt; system_server restarting again</span><br />
<span class="irc-date">[0:02]</span> <span class="irc-black">&lt;kang&gt; Unhelpful: it works</span><br />
<span class="irc-date">[0:02]</span> <span class="irc-black">&lt;kang&gt; also work in gtalk</span><br />
<span class="irc-date">[0:02]</span> <span class="irc-black">&lt;kang&gt; want me to up the bin ?</span><br />
<span class="irc-date">[0:03]</span> <span class="irc-black">&lt;kang&gt; Kaik541: whats ur gtalk</span><br />
<span class="irc-date">[0:03]</span> <span class="irc-black">&lt;kang&gt; xD</span><br />
<span class="irc-date">[0:03]</span> <span class="irc-black">&lt;Kaik541&gt; no has gtalk</span><br />
<span class="irc-date">[0:03]</span> <span class="irc-black">&lt;codeworkx&gt; gimme bin</span><br />
<span class="irc-date">[0:03]</span> <span class="irc-black">&lt;Kaik541&gt; I must be the only one in the world</span><br />
<span class="irc-date">[0:04]</span> <span class="irc-black">&lt;kang&gt; Kaik541: if u have a google acct just use it :p</span><br />
<span class="irc-date">[0:04]</span> <span class="irc-black">&lt;codeworkx&gt; Kaik541: gtalk is only used by pros, so it's ok</span><br />
<span class="irc-date">[0:04]</span> <span class="irc-black">&lt;Kaik541&gt; codeworkx, ouch</span><br />
<span class="irc-date">[0:04]</span> <span class="irc-black">&lt;codeworkx&gt; Kaik541: :-P</span><br />
<span class="irc-date">[0:04]</span> <span class="irc-black">&lt;kang&gt; <a href="http://www.multiupload.com/2GAYFGZVO5">http://www.multiupload.com/2GAYFGZVO5</a> codeworkw &lt;=</span><br />
<span class="irc-date">[0:04]</span> <span class="irc-black">&lt;kang&gt; libcamera with ffc stuff</span><br />
<span class="irc-date">[0:05]</span> <span class="irc-black">&lt;kang&gt; the way unhelpfun pointed out</span><br />
<span class="irc-date">[0:05]</span> <span class="irc-black">&lt;kang&gt; unhelpfull lol</span><br />
<span class="irc-date">[0:05]</span> <span class="irc-black">&lt;kang&gt; sry</span><br />
<span class="irc-date">[0:05]</span> <span class="irc-black">&lt;Kaik541&gt; Unhelpful*</span><br />
<span class="irc-date">[0:05]</span> <span class="irc-black">&lt;Kaik541&gt; one day you'll be able to type</span><br />
<span class="irc-date">[0:05]</span> <span class="irc-black">&lt;kang&gt; YEAH THAT</span><br />
<span class="irc-date">[0:05]</span> <span class="irc-black">&lt;kang&gt; xD</span><br />
<span class="irc-date">[0:05]</span> <span class="irc-black">&lt;codeworkx&gt; kang: and everything is working like before?</span><br />
<span class="irc-date">[0:05]</span> <span class="irc-black">&lt;kang&gt; codeworkx: seems so</span><br />
<span class="irc-date">[0:05]</span> <span class="irc-black">&lt;kang&gt; just the preview size error msg will now be "wSize fail"</span><br />
<span class="irc-date">[0:05]</span> <span class="irc-black">&lt;kang&gt; instead of getDefaultPreviewSize fail or smth like that lol</span><br />
<span class="irc-date">[0:06]</span> <span class="irc-black">&lt;kang&gt; aka who cares</span><br />
<span class="irc-date">[0:07]</span> <span class="irc-black">&lt;codeworkx&gt; Unhelpful: "preview-size-values=640x480"</span><br />
<span class="irc-date">[0:07]</span> <span class="irc-black">&lt;codeworkx&gt; Unhelpful: hardcoded = fail</span><br />
<span class="irc-date">[0:07]</span> <span class="irc-black">&lt;codeworkx&gt; Unhelpful: lol?</span><br />
<span class="irc-date">[0:07]</span> <span class="irc-black">&lt;codeworkx&gt; what they've done?</span><br />
<span class="irc-date">[0:07]</span> <span class="irc-black">&lt;kang&gt; Kaik541: it fc'ed</span><br />
<span class="irc-date">[0:07]</span> <span class="irc-black">&lt;kang&gt; lol</span><br />
<span class="irc-date">[0:08]</span> <span class="irc-black">&lt;Kaik541&gt; PWNED</span><br />
<span class="irc-date">[0:08]</span> <span class="irc-black">&lt;kang&gt; codeworkx: after u copy the lib restart system_server</span><br />
<span class="irc-date">[0:08]</span> <span class="irc-black">&lt;Kaik541&gt; hey mind FC'd too</span><br />
<span class="irc-date">[0:08]</span> <span class="irc-black">&lt;kang&gt; gives me all preview sizes in zdevicetest</span><br />
<span class="irc-date">[0:08]</span> <span class="irc-black">&lt;codeworkx&gt; kang: i'll reboot</span><br />
<span class="irc-date">[0:08]</span> <span class="irc-black">&lt;kang&gt; Kaik541: ill reboot also</span><br />
<span class="irc-date">[0:08]</span> <span class="irc-black">&lt;kang&gt; xD</span><br />
<span class="irc-date">[0:08]</span> <span class="irc-black">&lt;Kaik541&gt; hey me too</span><br />
<span class="irc-date">[0:09]</span> <span class="irc-black">&lt;kang&gt; yay lets all reboot!</span><br />
<span class="irc-date">[0:09]</span> <span class="irc-black">&lt;codeworkx&gt; REBOOT PARTY</span><br />
<span class="irc-date">[0:11]</span> <span class="irc-black">&lt;kang&gt; fc</span><br />
<span class="irc-date">[0:11]</span> <span class="irc-black">&lt;kang&gt; xD</span><br />
<span class="irc-date">[0:11]</span> <span class="irc-black">&lt;Kaik541&gt; well I'm not FC'ing anymore</span><br />
<span class="irc-date">[0:11]</span> <span class="irc-black">&lt;Unhelpful&gt; codeworkx: dunno! i don't know where the data is reported to the OS, or if that string really matters.</span><br />
<span class="irc-date">[0:11]</span> <span class="irc-black">&lt;Kaik541&gt; but I can't call you either</span><br />
<span class="irc-date">[0:11]</span> <span class="irc-black">&lt;Kaik541&gt; just blanks</span><br />
<span class="irc-date">[0:11]</span> <span class="irc-black">&lt;kang&gt; couldnt load talk_jni</span><br />
<span class="irc-date">[0:11]</span> <span class="irc-black">&lt;Kaik541&gt; do we have an outdated talk_jni.so file?</span><br />
<span class="irc-date">[0:12]</span> <span class="irc-black">&lt;kang&gt; dunno!</span><br />
<span class="irc-date">[0:12]</span> <span class="irc-black">&lt;kang&gt; i guess thats from gapps</span><br />
<span class="irc-date">[0:12]</span> <span class="irc-black">&lt;codeworkx&gt; with opensource libcamera gtalk works!</span><br />
<span class="irc-date">[0:12]</span> <span class="irc-black">&lt;codeworkx&gt; kang: yes, its from gapps</span><br />
<span class="irc-date">[0:12]</span> <span class="irc-black">&lt;codeworkx&gt; samsung did something really bad</span><br />
<span class="irc-date">[0:13]</span> <span class="irc-black">&lt;codeworkx&gt; but they can do what they want, i'll never buy a samsung phone lol</span><br />
<span class="irc-date">[0:13]</span> <span class="irc-black">&lt;Kaik541&gt; wait is it looking for talk_jni or libtalk_jni.so?</span><br />
<span class="irc-date">[0:13]</span> <span class="irc-black">&lt;codeworkx&gt; libtalk</span><br />
<span class="irc-date">[0:13]</span> <span class="irc-black">&lt;Unhelpful&gt; codeworkx: i thought ffc didn't work w/ OSS?</span><br />
<span class="irc-date">[0:13]</span> <span class="irc-black">&lt;Kaik541&gt; mine is missing on my phone!</span><br />
<span class="irc-date">[0:13]</span> <span class="irc-black">&lt;Kaik541&gt; yet I flashed the gapps</span><br />
<span class="irc-date">[0:14]</span> <span class="irc-black">&lt;codeworkx&gt; Unhelpful: preview works, but not taking photos</span><br />
<span class="irc-date">[0:14]</span> <span class="irc-black">&lt;codeworkx&gt; Unhelpful: gtalk video chat works</span><br />
<span class="irc-date">[0:14]</span> <span class="irc-black">&lt;codeworkx&gt; Kaik541: yes, reflash gapps xD</span><br />
<span class="irc-date">[0:14]</span> <span class="irc-black">&lt;kang&gt; wheres the gapp link xd</span><br />
<span class="irc-date">[0:14]</span> <span class="irc-black">&lt;Kaik541&gt; codeworkx, I just pushed the lib</span><br />
<span class="irc-date">[0:14]</span> <span class="irc-black">&lt;codeworkx&gt; Kaik541: it's not backed up by cm update</span><br />
<span class="irc-date">[0:14]</span> <span class="irc-black">&lt;Kaik541&gt; <a href="http://dl.dropbox.com/u/10640272/gapps-gb-20110503-signed.zip">http://dl.dropbox.com/u/10640272/gapps-gb-20110503-signed.zip</a></span><br />
<span class="irc-date">[0:14]</span> <span class="irc-black">&lt;Unhelpful&gt; codeworkx: prolly we need to trace vendor libcamera and watch wtf it does to the devices?</span><br />
<span class="irc-date">[0:14]</span> <span class="irc-black">&lt;Kaik541&gt; I guess that's why mine FC'd</span><br />
<span class="irc-date">[0:15]</span> <span class="irc-black">&lt;codeworkx&gt; Unhelpful: wait, we're missing a lib xD</span><br />
<span class="irc-date">[0:15]</span> <span class="irc-black">&lt;Unhelpful&gt; ...prolly we just need to debug the hell out of the driver and trace everything that happens to them, since apparently tvoutserver bothers them too</span><br />
<span class="irc-date">[0:15]</span> <span class="irc-black">&lt;Kaik541&gt; here's just the lib</span><br />
<span class="irc-date">[0:15]</span> <span class="irc-black">&lt;Kaik541&gt; <a href="http://dl.dropbox.com/u/10640272/libtalk_jni.so">http://dl.dropbox.com/u/10640272/libtalk_jni.so</a></span><br />
<span class="irc-date">[0:15]</span> <span class="irc-black">&lt;codeworkx&gt; get the gapps from rommanager xD</span><br />
<span class="irc-date">[0:15]</span> <span class="irc-black">&lt;codeworkx&gt; no need for adb xD</span><br />
<span class="irc-date">[0:16]</span> <span class="irc-black">&lt;kang&gt; dont have rommanager</span><br />
<span class="irc-date">[0:16]</span> <span class="irc-black">&lt;kang&gt; proprietary crap</span><br />
<span class="irc-date">[0:16]</span> <span class="irc-black">&lt;kang&gt; xD</span><br />
<span class="irc-date">[0:16]</span> <span class="irc-black">&lt;Kaik541&gt; codeworkx, does ROM manager have the 05/03 gapps yet?</span><br />
<span class="irc-date">[0:16]</span> <span class="irc-black">&lt;Kaik541&gt; oh hey it does</span><br />
<span class="irc-date">[0:16]</span> <span class="irc-black">&lt;codeworkx&gt; lol, works</span><br />
<span class="irc-date">[0:16]</span> <span class="irc-black">&lt;Kaik541&gt; neat</span><br />
<span class="irc-date">[0:16]</span> <span class="irc-black">&lt;codeworkx&gt; nice hack</span><br />
<span class="irc-date">[0:16]</span> <span class="irc-black">&lt;kang&gt; with that and other stuff should prolly release a nightly</span><br />
<span class="irc-date">[0:18]</span> <span class="irc-green">* teamhacksung (~teamhacks@sh1-ext.rs.github.com) has joined this channel.</span><br />
<span class="irc-date">[0:18]</span> <span class="irc-green">* teamhacksung (~teamhacks@sh1-ext.rs.github.com) has left this channel.</span><br />
<span class="irc-date">[0:18]</span> <span class="irc-black">&lt;kang&gt; boot little sgs</span><br />
<span class="irc-date">[0:18]</span> <span class="irc-black">&lt;codeworkx&gt; <a href="https://github.com/teamhacksung/android_vendor_samsung_common/commit/14faf7725ce4e3f50c55947cce1218402059cb9a">https://github.com/teamhacksung/android_vendor_samsung_common/commit/14faf7725ce4e3f50c55947cce1218402059cb9a</a></span><br />
<span class="irc-date">[0:18]</span> <span class="irc-black">&lt;codeworkx&gt; luls</span><br />
<span class="irc-date">[0:19]</span> <span class="irc-black">&lt;Kaik541&gt; we need to start separating the vendor stuff :(</span><br />
<span class="irc-date">[0:19]</span> <span class="irc-black">&lt;codeworkx&gt; Kaik541: yes</span><br />
<span class="irc-date">[0:19]</span> <span class="irc-black">&lt;Kaik541&gt; especially since libcamera for captivate is haxxed differently than galaxys</span><br />
<span class="irc-date">[0:19]</span> <span class="irc-black">&lt;kang&gt; woot no fc</span><br />
<span class="irc-date">[0:20]</span> <span class="irc-black">&lt;kang&gt; xD</span><br />
<span class="irc-date">[0:20]</span> <span class="irc-black">&lt;codeworkx&gt; i'm off</span><br />
<span class="irc-date">[0:20]</span> <span class="irc-black">&lt;zachy_md&gt; codeworkx: thought this might interest you: <a href="http://forum.cyanogenmod.com/topic/22835-no-3g-after-cm7/">http://forum.cyanogenmod.com/topic/22835-no-3g-after-cm7/</a></span><br />
<span class="irc-date">[0:20]</span> <span class="irc-black">&lt;codeworkx&gt; cya</span><br />
<span class="irc-date">[0:20]</span> <span class="irc-black">&lt;zachy_md&gt; lol - users are very "demanding"</span><br />
<span class="irc-date">[0:20]</span> <span class="irc-black">&lt;Kaik541&gt; my phone froze</span><br />
<span class="irc-date">[0:20]</span> <span class="irc-black">&lt;Kaik541&gt; lol</span><br />
<span class="irc-date">[0:20]</span> <span class="irc-black">&lt;Kaik541&gt; I can still hear you</span><br />
<span class="irc-date">[0:20]</span> <span class="irc-black">&lt;kang&gt; yeah</span><br />
<span class="irc-date">[0:20]</span> <span class="irc-black">&lt;kang&gt; i can hear u too</span><br />
<span class="irc-date">[0:21]</span> <span class="irc-black">&lt;Kaik541&gt; I was trying to figure out what was going on haha</span><br />
<span class="irc-date">[0:21]</span> <span class="irc-black">&lt;codeworkx&gt; zachy_md: no</span><br />
<span class="irc-date">[0:21]</span> <span class="irc-black">&lt;codeworkx&gt; zachy_md: it's working on 7000 phones</span><br />
<span class="irc-date">[0:21]</span> <span class="irc-black">&lt;codeworkx&gt; zachy_md: must be his fail xD</span><br />
<span class="irc-date">[0:21]</span> <span class="irc-black">&lt;kang&gt; lets see if its stable lol</span><br />
<span class="irc-date">[0:21]</span> <span class="irc-black">&lt;zachy_md&gt; codeworkx: I know - I meant the answer: "Don't hold your breath for a reply, I asked a similar question and got nothing. Compared to other ROM's out there the support here is non existent. I am going back to Darky as at least there you get an answer from the developers within hours. "</span><br />
<span class="irc-date">[0:21]</span> <span class="irc-black">&lt;zachy_md&gt; ^^</span><br />
<span class="irc-date">[0:22]</span> <span class="irc-black">&lt;kang&gt; i saw a kaik</span><br />
<span class="irc-date">[0:22]</span> <span class="irc-black">&lt;Kaik541&gt; huzzah</span><br />
<span class="irc-date">[0:22]</span> <span class="irc-black">&lt;zachy_md&gt; do they expect us to do this fulltime ? - if yes: where's the $$$ ? ;)</span><br />
<span class="irc-date">[0:22]</span> <span class="irc-black">&lt;codeworkx&gt; "WARNING</span><br />
<span class="irc-date">[0:22]</span> <span class="irc-black">&lt;codeworkx&gt; This release contains a lot of bugs and is purposed for testing only. It's not ready for daily use!</span><br />
<span class="irc-date">[0:22]</span> <span class="irc-black">&lt;codeworkx&gt; Don't flash this rom if you aren't able to solve some problems without our help.</span><br />
<span class="irc-date">[0:22]</span> <span class="irc-black">&lt;codeworkx&gt; Don't make any feature requests!</span><br />
<span class="irc-date">[0:22]</span> <span class="irc-black">&lt;codeworkx&gt; "</span><br />
<span class="irc-date">[0:23]</span> <span class="irc-black">&lt;kang&gt; zachy_md: whats ur gtalk!</span><br />
<span class="irc-date">[0:23]</span> <span class="irc-black">&lt;kang&gt; xD</span><br />
<span class="irc-date">[0:23]</span> <span class="irc-black">&lt;zachy_md&gt; codeworkx: yeah - 1st rule should be: if you can't read properly - don't use CM7</span><br />
<span class="irc-date">[0:23]</span> <span class="irc-black">&lt;Kaik541&gt; kang was wondering why I kept turning my phone around</span><br />
<span class="irc-date">[0:23]</span> <span class="irc-black">&lt;codeworkx&gt; zachy_md: right</span><br />
<span class="irc-date">[0:23]</span> <span class="irc-black">&lt;Kaik541&gt; zachy_md, logged channel send gtalk in PM</span><br />
<span class="irc-date">[0:23]</span> <span class="irc-black">&lt;kang&gt; cuz uve a crappy phone</span><br />
<span class="irc-date">[0:23]</span> <span class="irc-black">&lt;kang&gt; xD</span><br />
<span class="irc-date">[0:23]</span> <span class="irc-black">&lt;zachy_md&gt; kang: I don't use any yet ;)</span><br />
<span class="irc-date">[0:23]</span> <span class="irc-black">&lt;codeworkx&gt; zachy_md: an he has posted in general section. never had a look at it</span><br />
<span class="irc-date">[0:23]</span> <span class="irc-black">&lt;zachy_md&gt; Kaik541: thx for the reminder</span><br />
<span class="irc-date">[0:24]</span> <span class="irc-black">&lt;kang&gt; zachy_md: ur market email = gtalk too</span><br />
<span class="irc-date">[0:24]</span> <span class="irc-black">&lt;Unhelpful&gt; kang: so binhaxed works?</span><br />
<span class="irc-date">[0:25]</span> <span class="irc-black">&lt;kang&gt; Unhelpful: yea</span><br />
<span class="irc-date">[0:25]</span> <span class="irc-black">&lt;Kaik541&gt; everyone videocalling up in this bitch</span><br />
<span class="irc-date">[0:26]</span> <span class="irc-black">&lt;kang&gt; gimme address</span><br />
<span class="irc-date">[0:26]</span> <span class="irc-black">&lt;kang&gt; ill video it!</span><br />
<span class="irc-date">[0:26]</span> <span class="irc-black">&lt;kang&gt; i like video talk it makes people uncomfortable.</span><br />
<span class="irc-date">[0:26]</span> <span class="irc-black">&lt;Kaik541&gt; kang, hence why I was like "I'm going to hang up on you now"</span><br />
<span class="irc-date">[0:26]</span> <span class="irc-black">&lt;zachy_md&gt; kang: i don't have gtalk even installed ;)</span><br />
<span class="irc-date">[0:26]</span> <span class="irc-black">&lt;Kaik541&gt; zachy_md, install latest gapps from ROM manager</span><br />
<span class="irc-date">[0:27]</span> <span class="irc-black">&lt;zachy_md&gt; meh - like kang wrote: I'm uncomfortable XD</span><br />
<span class="irc-date">[0:27]</span> <span class="irc-black">&lt;kang&gt; the other day i was testing with a french guy</span><br />
<span class="irc-date">[0:27]</span> <span class="irc-black">&lt;kang&gt; didnt realize hes french</span><br />
<span class="irc-date">[0:27]</span> <span class="irc-black">&lt;kang&gt; been talking to him in english</span><br />
<span class="irc-date">[0:27]</span> <span class="irc-black">&lt;kang&gt; he didnt understand</span><br />
<span class="irc-date">[0:27]</span> <span class="irc-black">&lt;kang&gt; but didnt speak french either</span><br />
<span class="irc-date">[0:27]</span> <span class="irc-black">&lt;kang&gt; lol</span><br />
<span class="irc-date">[0:27]</span> <span class="irc-black">&lt;zachy_md&gt; kang: so - just looking at each other - having nothing to say ? XD</span><br />
<span class="irc-date">[0:27]</span> <span class="irc-black">&lt;Unhelpful&gt; kang: does it also think it can do pix @ those other resolutions?</span><br />
<span class="irc-date">[0:27]</span> <span class="irc-black">&lt;kang&gt; zachy_md: don't worry about it its just video</span><br />
<span class="irc-date">[0:27]</span> <span class="irc-black">&lt;kang&gt; zachy_md: quality sux also ;D</span><br />
<span class="irc-date">[0:27]</span> <span class="irc-black">&lt;kang&gt; Unhelpful: according to zdevicetest yes</span><br />
<span class="irc-date">[0:28]</span> <span class="irc-black">&lt;Kaik541&gt; zachy_md, don't trust him, he'll make fun of your laptop</span><br />
<span class="irc-date">[0:28]</span> <span class="irc-black">&lt;kang&gt; kaik has a tiny laptop.</span><br />
<span class="irc-date">[0:28]</span> <span class="irc-black">&lt;kang&gt; yes, laptop.</span><br />
<span class="irc-date">[0:28]</span> <span class="irc-black">&lt;kang&gt; and a tv</span><br />
<span class="irc-date">[0:28]</span> <span class="irc-black">&lt;kang&gt; and a mess</span><br />
<span class="irc-date">[0:28]</span> <span class="irc-black">&lt;kang&gt; and a head.</span><br />
<span class="irc-date">[0:28]</span> <span class="irc-black">&lt;Kaik541&gt; and I'm ginger, don't forget that</span><br />
<span class="irc-date">[0:28]</span> <span class="irc-black">&lt;Kaik541&gt; how do I have a mess?</span><br />
<span class="irc-date">[0:28]</span> <span class="irc-black">&lt;Kaik541&gt; you're a jerk.</span><br />
<span class="irc-date">[0:29]</span> <span class="irc-black">&lt;kang&gt; Unhelpful: in the camera app it doesnt report it, but it might need it in media profile xml thing too</span><br />
<span class="irc-date">[0:29]</span> <span class="irc-black">&lt;kang&gt; haha</span><br />
<span class="irc-date">[0:29]</span> <span class="irc-black">&lt;kang&gt; Kaik541: oh i wouldnt disclose such details</span><br />
<span class="irc-date">[0:29]</span> <span class="irc-black">&lt;kang&gt; Kaik541: i live in a mess urs not as bad as mine</span><br />
<span class="irc-date">[0:29]</span> <span class="irc-black">&lt;Kaik541&gt; I just have my kindle and keyboard on my bed</span><br />
<span class="irc-date">[0:29]</span> <span class="irc-black">&lt;kang&gt; Kaik541: boxing stuff for moving away from germany these days tho</span><br />
<span class="irc-date">[0:29]</span> <span class="irc-black">&lt;zachy_md&gt; kang: I'd prefer not to talk right now - I'm sort of drunk XD</span><br />
<span class="irc-date">[0:29]</span> <span class="irc-black">&lt;Unhelpful&gt; kang: good, i don't know what might happen if you try to take that</span><br />
<span class="irc-date">[0:29]</span> <span class="irc-black">&lt;Kaik541&gt; started reading the hobbit again this morning</span><br />
<span class="irc-date">[0:30]</span> <span class="irc-black">&lt;Kaik541&gt; zachy_md, all the more erason to do it</span><br />
<span class="irc-date">[0:30]</span> <span class="irc-black">&lt;kang&gt; zachy_md: that's supposed to be better</span><br />
<span class="irc-date">[0:30]</span> <span class="irc-black">&lt;zachy_md&gt; XD</span><br />
<span class="irc-date">[0:30]</span> <span class="irc-black">&lt;kang&gt; Unhelpful: yeah im not sure the kernel driver supports it</span><br />
<span class="irc-date">[0:30]</span> <span class="irc-black">&lt;codeworkx&gt; Unhelpful: it does. and its working xD</span><br />
<span class="irc-date">[0:30]</span> <span class="irc-black">&lt;codeworkx&gt; can do QCIF pics nao!</span><br />
<span class="irc-date">[0:30]</span> <span class="irc-black">&lt;kang&gt; atinm|away: wake up and make release xD</span><br />
<span class="irc-date">[0:30]</span> <span class="irc-black">&lt;kang&gt; codeworkx: how do you do the QCIF pic?</span><br />
<span class="irc-date">[0:31]</span> <span class="irc-black">&lt;codeworkx&gt; cam app -&gt; switch to ffc</span><br />
<span class="irc-date">[0:31]</span> <span class="irc-black">&lt;codeworkx&gt; set resolution to gcif</span><br />
<span class="irc-date">[0:31]</span> <span class="irc-black">&lt;kang&gt; mine just show vga :o</span><br />
<span class="irc-date">[0:31]</span> <span class="irc-black">&lt;codeworkx&gt; right button on overlay</span><br />
<span class="irc-date">[0:31]</span> <span class="irc-black">&lt;codeworkx&gt; mine shows 3 things</span><br />
<span class="irc-date">[0:31]</span> <span class="irc-black">&lt;kang&gt; uh ffs</span><br />
<span class="irc-date">[0:31]</span> <span class="irc-black">&lt;kang&gt; i didnt scroll lol</span><br />
<span class="irc-date">[0:31]</span> <span class="irc-black">&lt;kang&gt; &lt;= noob</span><br />
<span class="irc-date">[0:31]</span> <span class="irc-black">&lt;codeworkx&gt; lawl</span><br />
<span class="irc-date">[0:31]</span> <span class="irc-black">&lt;kang&gt; Unhelpful: ok then it does report the rez in camera app :P</span><br />
<span class="irc-date">[0:31]</span> <span class="irc-black">&lt;kang&gt; Unhelpful: and pic works</span><br />
<span class="irc-date">[0:31]</span> <span class="irc-black">&lt;zachy_md&gt; dang ! network broke again :(</span><br />
<span class="irc-date">[0:32]</span> <span class="irc-black">&lt;zachy_md&gt; I hate it when that happens</span><br />
<span class="irc-date">[0:32]</span> <span class="irc-black">&lt;kang&gt; zachy_md: no excuse.</span><br />
<span class="irc-date">[0:32]</span> <span class="irc-black">&lt;zachy_md&gt; just wanted to download gtalk &amp; it doesn't work</span><br />
<span class="irc-date">[0:32]</span> <span class="irc-black">&lt;zachy_md&gt; kang: how ?</span><br />
<span class="irc-date">[0:32]</span> <span class="irc-black">&lt;kang&gt; how what :)</span><br />
<span class="irc-date">[0:32]</span> <span class="irc-black">&lt;zachy_md&gt; talking ?</span><br />
<span class="irc-date">[0:32]</span> <span class="irc-black">&lt;kang&gt; gtalk, u start it</span><br />
<span class="irc-date">[0:32]</span> <span class="irc-black">&lt;zachy_md&gt; I have no webcam, no micro (at least not on the pc)</span><br />
<span class="irc-date">[0:33]</span> <span class="irc-black">&lt;kang&gt; and u pm your email to whoever :)</span><br />
<span class="irc-date">[0:33]</span> <span class="irc-navy">* codeworkx (~codeworkx@188-195-7-18-dynip.superkabel.de) Quit (Read error: Connection reset by peer)</span><br />
<span class="irc-date">[0:33]</span> <span class="irc-black">&lt;kang&gt; from the phone</span><br />
<span class="irc-date">[0:33]</span> <span class="irc-black">&lt;kang&gt; ^^</span><br />
<span class="irc-date">[0:33]</span> <span class="irc-black">&lt;kang&gt; use the libcamera i posted or from git</span><br />
<span class="irc-date">[0:33]</span> <span class="irc-black">&lt;Kaik541&gt; codeworkx died</span><br />
<span class="irc-date">[0:33]</span> <span class="irc-black">&lt;kang&gt; just adb push it to /system/lib</span><br />
<span class="irc-date">[0:33]</span> <span class="irc-black">&lt;zachy_md&gt; like I said: the network is offline on the phone :(</span><br />
<span class="irc-date">[0:33]</span> <span class="irc-black">&lt;kang&gt; ah</span><br />
<span class="irc-date">[0:33]</span> <span class="irc-black">&lt;kang&gt; well</span><br />
<span class="irc-date">[0:33]</span> <span class="irc-black">&lt;kang&gt; make it work</span><br />
<span class="irc-date">[0:33]</span> <span class="irc-black">&lt;kang&gt; :)</span><br />
<span class="irc-date">[0:33]</span> <span class="irc-black">&lt;zachy_md&gt; I mean - broken</span><br />
<span class="irc-date">[0:33]</span> <span class="irc-black">&lt;kang&gt; ok so!</span><br />
<span class="irc-date">[0:33]</span> <span class="irc-black">&lt;zachy_md&gt; this provider sux</span><br />
<span class="irc-date">[0:33]</span> <span class="irc-black">&lt;kang&gt; as i said</span><br />
<span class="irc-date">[0:33]</span> <span class="irc-black">&lt;Kaik541&gt; zachy_md, works on wifi</span><br />
<span class="irc-date">[0:33]</span> <span class="irc-black">&lt;kang&gt; cheap excuse!</span><br />
<span class="irc-date">[0:33]</span> <span class="irc-black">&lt;kang&gt; ;D</span><br />
<span class="irc-date">[0:34]</span> <span class="irc-black">&lt;zachy_md&gt; no wifi here ;)</span><br />
<span class="irc-date">[0:34]</span> <span class="irc-black">&lt;kang&gt; plug the ethernet in the usb</span><br />
<span class="irc-date">[0:34]</span> <span class="irc-black">&lt;zachy_md&gt; now what shall I do - bother my neighbours ?</span><br />
<span class="irc-date">[0:34]</span> <span class="irc-black">&lt;zachy_md&gt; ;)</span><br />
<span class="irc-date">[0:34]</span> <span class="irc-black">&lt;zachy_md&gt; I've 3-4 networks here</span><br />
<span class="irc-date">[0:34]</span> <span class="irc-black">&lt;zachy_md&gt; but don't actually know where they're located</span><br />
<span class="irc-date">[0:34]</span> <span class="irc-black">&lt;kang&gt; nah ur allowed no to video</span><br />
<span class="irc-date">[0:34]</span> <span class="irc-black">&lt;kang&gt; if u send up some of ur beer</span><br />
<span class="irc-date">[0:34]</span> <span class="irc-black">&lt;kang&gt; (prettyplease)</span><br />
<span class="irc-date">[0:34]</span> <span class="irc-black">&lt;zachy_md&gt; ???</span><br />
<span class="irc-date">[0:35]</span> <span class="irc-black">&lt;zachy_md&gt; sorry don't understand :(</span><br />
<span class="irc-date">[0:36]</span> <span class="irc-black">&lt;kang&gt; dont worry :)</span><br />
<span class="irc-date">[0:37]</span> <span class="irc-black">&lt;zachy_md&gt; :)</span><br />
<span class="irc-date">[0:37]</span> <span class="irc-black">&lt;zachy_md&gt; ok - gotta go - otherwise I'll be a zombie tomorrow</span><br />
<span class="irc-date">[0:37]</span> <span class="irc-black">&lt;zachy_md&gt; nite</span><br />
<span class="irc-date">[0:37]</span> <span class="irc-black">&lt;kang&gt; nacht ^^</span><br />
<span class="irc-date">[0:37]</span> <span class="irc-black">&lt;zachy_md&gt; gute nacht :)</span><br />
<span class="irc-date">[0:38]</span> <span class="irc-green">* zachy_md (~zacharias@chello084114179145.16.15.vie.surfer.at) has left this channel.</span><br />
<span class="irc-date">[0:39]</span> <span class="irc-green">* ChanServ sets mode +v chek0v|anon</span><br />
<span class="irc-date">[0:41]</span> <span class="irc-black">&lt;Unhelpful&gt; hrm, so mebbe we could binhax rild to read from the "right" device?</span><br />
<span class="irc-date">[0:43]</span> <span class="irc-black">&lt;Unhelpful&gt; kang: so binhax libcamera.so md5sum should be cd7608598eae76b8aa9feb5214bbe8e9?</span><br />
<span class="irc-date">[0:43]</span> <span class="irc-black">&lt;Unhelpful&gt; i just got around to doing it myself. :P</span><br />
<span class="irc-date">[0:44]</span> <span class="irc-black">&lt;Unhelpful&gt; ok, i *knew* it, CM says touch focus supported... Y U NO WORK FOR US?</span><br />
<span class="irc-date">[0:45]</span> <span class="irc-black">&lt;Kaik541&gt; Unhelpful, so much binhax in this ROM lol</span><br />
<span class="irc-date">[0:46]</span> <span class="irc-black">&lt;kang&gt; Unhelpful: nah i get 685b787..</span><br />
<span class="irc-date">[0:46]</span> <span class="irc-black">&lt;Unhelpful&gt; kang: oh huh? where's yours, i wonder if something is different...</span><br />
<span class="irc-date">[0:46]</span> <span class="irc-black">&lt;kang&gt; whats the rild issue with device?</span><br />
<span class="irc-date">[0:46]</span> <span class="irc-black">&lt;kang&gt; Unhelpful: mines on git</span><br />
<span class="irc-date">[0:46]</span> <span class="irc-black">&lt;Unhelpful&gt; wait, you tried to change it somewhere else, first?</span><br />
<span class="irc-date">[0:46]</span> <span class="irc-black">&lt;kang&gt; Unhelpful: i reverted</span><br />
<span class="irc-date">[0:46]</span> <span class="irc-black">&lt;Unhelpful&gt; ...*did you revert that*? ;)</span><br />
<span class="irc-date">[0:47]</span> <span class="irc-black">&lt;kang&gt; Unhelpful: yes lol</span><br />
<span class="irc-date">[0:47]</span> <span class="irc-green">* wwyvern (~wwyvern@adsl-074-167-175-227.sip.jax.bellsouth.net) has joined this channel.</span><br />
<span class="irc-date">[0:47]</span> <span class="irc-green">* ChanServ sets mode +v wwyvern</span><br />
<span class="irc-date">[0:48]</span> <span class="irc-black">&lt;kang&gt; Unhelpful: the /dev/modem_rfs?</span><br />
<span class="irc-date">[0:48]</span> <span class="irc-black">&lt;Unhelpful&gt; kang: whatever device the samsung rild uses, yeah.</span><br />
<span class="irc-date">[0:49]</span> <span class="irc-black">&lt;kang&gt; mm i found that string but its a msg in fact</span><br />
<span class="irc-date">[0:49]</span> <span class="irc-black">&lt;Unhelpful&gt; hrm. i wonder what other strings? presumably it tries to write via BML.</span><br />
<span class="irc-date">[0:49]</span> <span class="irc-black">&lt;Unhelpful&gt; erm, read.</span><br />
<span class="irc-date">[0:49]</span> <span class="irc-black">&lt;kang&gt; i might be looking at wrong lib</span><br />
<span class="irc-date">[0:50]</span> <span class="irc-black">&lt;kang&gt; just saw there is 2 ril libs</span><br />
<span class="irc-date">[0:50]</span> <span class="irc-black">&lt;kang&gt; ^^</span><br />
<span class="irc-date">[0:50]</span> <span class="irc-black">&lt;kang&gt; nothing =(</span><br />
<span class="irc-date">[0:53]</span> <span class="irc-black">&lt;Unhelpful&gt; kang: oic! Y U PUT THEM IN BACKWARDS ORDER?</span><br />
<span class="irc-date">[0:55]</span> <span class="irc-black">&lt;kang&gt; Unhelpful: else it doesnt work</span><br />
<span class="irc-date">[0:55]</span> <span class="irc-black">&lt;kang&gt; Unhelpful: xD</span><br />
<span class="irc-date">[0:55]</span> <span class="irc-black">&lt;kang&gt; Unhelpful: at least when i overwrote the other part</span><br />
<span class="irc-date">[0:55]</span> <span class="irc-black">&lt;kang&gt; Unhelpful: it would work too but only in reverse</span><br />
<span class="irc-date">[0:55]</span> <span class="irc-black">&lt;kang&gt; Unhelpful: then i overwrotethe msg cuz its "cleaner" (as far as "clean" the hack is lol)</span><br />
<span class="irc-date">[0:55]</span> <span class="irc-black">&lt;kang&gt; so also put it reverse</span><br />
<span class="irc-date">[0:56]</span> <span class="irc-black">&lt;Unhelpful&gt; if you write it starting anywhere but where the original string starts, it won't work. :P</span><br />
<span class="irc-date">[0:56]</span> <span class="irc-black">&lt;kang&gt; well it did</span><br />
<span class="irc-date">[0:56]</span> <span class="irc-black">&lt;kang&gt; xD</span><br />
<span class="irc-date">[0:56]</span> <span class="irc-black">&lt;kang&gt; try it ^^</span><br />
<span class="irc-date">[0:56]</span> <span class="irc-black">&lt;kang&gt; but i erased the other rez going that side which ofc isnt exactly nice</span><br />
<span class="irc-date">[0:56]</span> <span class="irc-black">&lt;kang&gt; overwriting msg .. nicer lol</span><br />
<span class="irc-date">[0:57]</span> <span class="irc-black">&lt;Unhelpful&gt; and you checked that it showed *all* of the resolutions for FFC? because what *should* happen if you expand to the left is that whatever you put *last* will work.</span><br />
<span class="irc-date">[0:57]</span> <span class="irc-black">&lt;kang&gt; reported 640 and 176 ^^</span><br />
<span class="irc-date">[0:59]</span> <span class="irc-black">&lt;Unhelpful&gt; i really can't imagine how - the pointer to that string is somewhere else, so it should only ever read starting from the same address.</span><br />
<span class="irc-date">[0:59]</span> <span class="irc-black">&lt;kang&gt; i don't know actlyl :p</span><br />
<span class="irc-date">[0:59]</span> <span class="irc-black">&lt;kang&gt; actually*</span><br />
<span class="irc-date">[1:04]</span> <span class="irc-black">&lt;kang&gt; Unhelpful: i understand what ur saying tho:p i just tried for the hell of it (the printf was cut in xxd i though its a function), i don't know exactly why it works that way around, probably something bad tho lol</span><br />
<span class="irc-date">[1:04]</span> <span class="irc-black">&lt;kang&gt; tho tho!</span><br />
<span class="irc-date">[1:13]</span> <span class="irc-black">&lt;atinm|away&gt; I do what to who where?</span><br />
<span class="irc-date">[1:13]</span> <span class="irc-black">&lt;atinm|away&gt; I'm not makign any releases tonight.</span><br />
<span class="irc-date">[1:13]</span> <span class="irc-black">&lt;atinm|away&gt; I need to sleep</span><br />
<span class="irc-date">[1:13]</span> <span class="irc-black">&lt;kang&gt; well, tomorrow then</span><br />
<span class="irc-date">[1:13]</span> <span class="irc-black">&lt;atinm|away&gt; but what are we releasing?</span><br />
<span class="irc-date">[1:14]</span> <span class="irc-black">&lt;kang&gt; gtalk video sending and 720p recording dunno if theres more</span><br />
<span class="irc-date">[1:14]</span> <span class="irc-black">&lt;atinm|away&gt; oo</span><br />
<span class="irc-date">[1:14]</span> <span class="irc-black">&lt;atinm|away&gt; what's you do - is that what you guys have been talking about above?</span><br />
<span class="irc-date">[1:14]</span> <span class="irc-black">&lt;atinm|away&gt; hacked some binaries?</span><br />
<span class="irc-date">[1:14]</span> <span class="irc-black">&lt;Unhelpful&gt; yeah, somebody needs to push the no-ffc captivate/vibrant version :P</span><br />
<span class="irc-date">[1:14]</span> <span class="irc-black">&lt;kang&gt; for gtalk yes xd</span><br />
<span class="irc-date">[1:14]</span> <span class="irc-black">&lt;atinm|away&gt; lol, gtalk?! :)</span><br />
<span class="irc-date">[1:14]</span> <span class="irc-black">&lt;atinm|away&gt; damn</span><br />
<span class="irc-date">[1:15]</span> <span class="irc-black">&lt;atinm|away&gt; I really can't do it tonight - I need to go to bed soon. Busy week at work tomorrow.</span><br />
<span class="irc-date">[1:15]</span> <span class="irc-black">&lt;kang&gt; u can do it later as far im concerned ^^</span><br />
<span class="irc-date">[1:15]</span> <span class="irc-black">&lt;atinm|away&gt; do I need to pull anything?</span><br />
<span class="irc-date">[1:16]</span> <span class="irc-black">&lt;atinm|away&gt; is it committed? just build it?</span><br />
<span class="irc-date">[1:16]</span> <span class="irc-black">&lt;kang&gt; eyah</span><br />
<span class="irc-date">[1:16]</span> <span class="irc-black">&lt;kang&gt; device_samsung_*</span><br />
<span class="irc-date">[1:17]</span> <span class="irc-black">&lt;atinm|away&gt; so just repo sync, build, upload ... at least I can start building</span><br />
<span class="irc-date">[1:17]</span> <span class="irc-black">&lt;atinm|away&gt; and upload tomorrow morning</span><br />
<span class="irc-date">[1:17]</span> <span class="irc-black">&lt;Unhelpful&gt; if it's really *just* the *one file* should we have separate complete repos? :P</span><br />
<span class="irc-date">[1:17]</span> <span class="irc-black">&lt;atinm|away&gt; we are going to end up splitting it for other stuff</span><br />
<span class="irc-date">[1:18]</span> <span class="irc-black">&lt;atinm|away&gt; vendor/samsung/common has to eventually get split..</span><br />
<span class="irc-date">[1:18]</span> <span class="irc-black">&lt;atinm|away&gt; gps for example</span><br />
<span class="irc-date">[1:18]</span> <span class="irc-black">&lt;atinm|away&gt; soon different libs for each phone</span><br />
<span class="irc-date">[1:18]</span> <span class="irc-black">&lt;atinm|away&gt; libcamera I mean</span><br />
<span class="irc-date">[1:18]</span> <span class="irc-black">&lt;atinm|away&gt; which file is new?</span><br />
<span class="irc-date">[1:19]</span> <span class="irc-black">&lt;kang&gt; libcamera.so</span><br />
<span class="irc-date">[1:19]</span> <span class="irc-black">&lt;kang&gt; and for 720p the media_blaaaa.xml</span><br />
<span class="irc-date">[1:19]</span> <span class="irc-black">&lt;kang&gt; in each device repo xd</span><br />
<span class="irc-date">[1:20]</span> <span class="irc-black">&lt;atinm|away&gt; ok, sec.</span><br />
<span class="irc-date">[1:21]</span> <span class="irc-black">&lt;Unhelpful&gt; the no-FFC version is @ <a href="http://www.looking-glass.us/~chshrcat/HACKED-libcamera.so">http://www.looking-glass.us/~chshrcat/HACKED-libcamera.so</a></span><br />
<span class="irc-date">[1:22]</span> <span class="irc-black">&lt;atinm|away&gt; aww man.</span><br />
<span class="irc-date">[1:22]</span> <span class="irc-black">&lt;atinm|away&gt; sec</span><br />
<span class="irc-date">[1:23]</span> <span class="irc-black">&lt;atinm|away&gt; I could cheat this time</span><br />
<span class="irc-date">[1:23]</span> <span class="irc-black">&lt;atinm|away&gt; just build the others with the committed one</span><br />
<span class="irc-date">[1:23]</span> <span class="irc-black">&lt;atinm|away&gt; then build the captivate with that one</span><br />
<span class="irc-date">[1:23]</span> <span class="irc-black">&lt;atinm|away&gt; but then we'll have to split vendor/samsung/common into additional devices ones too</span><br />
<span class="irc-date">[1:24]</span> <span class="irc-black">&lt;atinm|away&gt; hmm.</span><br />
<span class="irc-date">[1:25]</span> <span class="irc-black">&lt;atinm|away&gt; not additional, actual split.</span><br />
<span class="irc-date">[1:26]</span> <span class="irc-black">&lt;atinm|away&gt; tho I guess we could keep things in common and only split out the things that differ</span><br />
<span class="irc-date">[1:26]</span> <span class="irc-black">&lt;atinm|away&gt; but would need some interesting device-blobs stuff</span><br />
<span class="irc-date">[1:26]</span> <span class="irc-black">&lt;atinm|away&gt; so easier to just plit</span><br />
<span class="irc-date">[1:26]</span> <span class="irc-black">&lt;atinm|away&gt; split</span><br />
<span class="irc-date">[1:27]</span> <span class="irc-black">&lt;Kaik541&gt; for right now they can all be clones of each other</span><br />
<span class="irc-date">[1:27]</span> <span class="irc-black">&lt;Kaik541&gt; and just override the blobs that are different</span><br />
<span class="irc-date">[1:28]</span> <span class="irc-black">&lt;atinm|away&gt; yes, but too tired to do it.</span><br />
<span class="irc-date">[1:28]</span> <span class="irc-black">&lt;atinm|away&gt; so for now just building everythign but captivate, will then copy over the HACKED one for captivate and build captivate</span><br />
<span class="irc-date">[1:28]</span> <span class="irc-black">&lt;atinm|away&gt; in fact, doubt I can stay awake even for that</span><br />
<span class="irc-date">[1:28]</span> <span class="irc-black">&lt;atinm|away&gt; so most probably early tomorrow morning</span><br />
<span class="irc-date">[1:29]</span> <span class="irc-black">&lt;atinm|away&gt; unless unhelpful is working tonight, has a computer and can do the split.</span><br />
<span class="irc-date">[1:29]</span> <span class="irc-black">&lt;Kaik541&gt; atinm|away, no worries, they can wait</span><br />
<span class="irc-date">[1:29]</span> <span class="irc-black">&lt;atinm|away&gt; I'm building, and will do uploads tomorrow</span><br />
<span class="irc-date">[1:29]</span> <span class="irc-black">&lt;atinm|away&gt; good night</span><br />
<span class="irc-date">[1:30]</span> <span class="irc-green">* atinm|away is now known as atinm|night</span><br />
<span class="irc-date">[1:30]</span> <span class="irc-black">&lt;Unhelpful&gt; atinm|away: why not just have vendor repos w/ just the changed files, that include common/aries for the rest?</span><br />
<span class="irc-date">[1:30]</span> <span class="irc-black">&lt;Kaik541&gt; Unhelpful, would be weird for upstream wouldn't it?</span><br />
<span class="irc-date">[1:31]</span> <span class="irc-black">&lt;Kaik541&gt; since they have one for each device (except maybe p990 and p999)</span><br />
<span class="irc-date">[1:31]</span> <span class="irc-black">&lt;Unhelpful&gt; ..why? we already do stuff like this for device. and it's much more maintenance friendly, we don't have to change one file in five places. :P</span><br />
<span class="irc-date">[1:31]</span> <span class="irc-black">&lt;Unhelpful&gt; i say keep using common for common files, unless upstream says we *can't*</span><br />
<span class="irc-date">[1:32]</span> <span class="irc-black">&lt;Kaik541&gt; well if upstream is cool with it then I don't see why not</span><br />
<span class="irc-date">[1:32]</span> <span class="irc-black">&lt;atinm|night&gt; Unhelpful: the problem is the makefiles - I haven't looked in them yet</span><br />
<span class="irc-date">[1:32]</span> <span class="irc-black">&lt;Kaik541&gt; but it would mean 5 repos for 4 devices</span><br />
<span class="irc-date">[1:32]</span> <span class="irc-black">&lt;atinm|night&gt; like I said, it might need some interesting up/down in the .mk files</span><br />
<span class="irc-date">[1:32]</span> <span class="irc-black">&lt;atinm|night&gt; but if we can make it work, we should and then deal with upstream if they say no</span><br />
<span class="irc-date">[1:33]</span> <span class="irc-black">&lt;atinm|night&gt; and the vendor/samsung/common/aries has .mk files, that are used from within some other place</span><br />
<span class="irc-date">[1:33]</span> <span class="irc-black">&lt;Unhelpful&gt; atinm|night: we include the vendor makefile from the device one, and it just adds a bunch of files to copy. it wouldn't be any different, each specific-device makefile adds two or three copy-files, and then includes the common one.</span><br />
<span class="irc-date">[1:33]</span> <span class="irc-black">&lt;atinm|night&gt; so we'll need to add the device specific ones to the same spot - I think they must be in device/samsung/captivate etc - I haven't looked tho</span><br />
<span class="irc-date">[1:33]</span> <span class="irc-black">&lt;atinm|night&gt; must be captivate.mk</span><br />
<span class="irc-date">[1:34]</span> <span class="irc-black">&lt;atinm|night&gt; too tired to look right now. you get your computer yet?</span><br />
<span class="irc-date">[1:34]</span> <span class="irc-black">&lt;atinm|night&gt; even techmik is out of commission</span><br />
<span class="irc-date">[1:35]</span> <span class="irc-black">&lt;Unhelpful&gt; i think it's device/&lt;device&gt;-&gt;device/samsung/common/aries-&gt;vendor/samsung/common/aries</span><br />
<span class="irc-date">[1:37]</span> <span class="irc-black">&lt;Unhelpful&gt; so, either remove the vendor include from device/common, and include vendor/&lt;device&gt; that includes vendor/common, or have device/common include vendor/common, that has only common items, and device/&lt;target&gt; include vendor/,target&gt; for device-specific ones</span><br />
<span class="irc-date">[1:38]</span> <span class="irc-black">&lt;atinm|night&gt; can't grok. too tired</span><br />
<span class="irc-date">[1:38]</span> <span class="irc-black">&lt;atinm|night&gt; I'm gone.</span><br />
<span class="irc-date">[1:38]</span> <span class="irc-black">&lt;techmik_laptop&gt; i'll be restored by morning =)</span><br />
<span class="irc-date">[1:38]</span> <span class="irc-black">&lt;Unhelpful&gt; techmik_laptop: cool, time for you to learn make and contribute code ;)</span><br />
<span class="irc-date">[1:39]</span> <span class="irc-black">&lt;atinm|night&gt; when I can't understand a straight .mk move/copy, I'm definitely good for nothing</span><br />
<span class="irc-date">[1:39]</span> <span class="irc-black">&lt;techmik_laptop&gt; i'm ready =)</span><br />
<span class="irc-date">[1:39]</span> <span class="irc-black">&lt;Unhelpful&gt; atinm|night: i got my laptop back - but only because the first shipping label they send me was wrong (had my address on it)</span><br />
<span class="irc-date">[1:39]</span> <span class="irc-black">&lt;atinm|night&gt; so now back out again?</span><br />
<span class="irc-date">[1:39]</span> <span class="irc-black">&lt;Unhelpful&gt; so i dropped it off again, w/ a corrected label, saturday. won't actually go until monday.</span><br />
<span class="irc-date">[1:40]</span> <span class="irc-black">&lt;atinm|night&gt; crap.</span><br />
<span class="irc-date">[1:40]</span> <span class="irc-black">&lt;techmik_laptop&gt; note to self..... **get external hdd for backup and use it!!**</span><br />
<span class="irc-date">[1:40]</span> <span class="irc-black">&lt;atinm|night&gt; well, techmik_laptop can do this. except he doesn't have a computer now either.</span><br />
<span class="irc-date">[1:40]</span> <span class="irc-black">&lt;Unhelpful&gt; techmik_laptop: it's backed up on my NAS. :P</span><br />
<span class="irc-date">[1:40]</span> <span class="irc-black">&lt;atinm|night&gt; and I can't do it tonight. tomorrow.</span><br />
<span class="irc-date">[1:40]</span> <span class="irc-black">&lt;techmik_laptop&gt; i have the laptop</span><br />
<span class="irc-date">[1:40]</span> <span class="irc-black">&lt;atinm|night&gt; g'nite.</span><br />
<span class="irc-date">[1:40]</span> <span class="irc-black">&lt;techmik_laptop&gt; whats needed?</span><br />
<span class="irc-date">[1:40]</span> <span class="irc-black">&lt;Unhelpful&gt; so, just need to format and unpack :D</span><br />
<span class="irc-date">[1:40]</span> <span class="irc-black">&lt;atinm|night&gt; unhelpful can guide you</span><br />
<span class="irc-date">[1:40]</span> <span class="irc-black">&lt;techmik_laptop&gt; ok</span><br />
<span class="irc-date">[1:41]</span> <span class="irc-black">&lt;atinm|night&gt; mostly a lot of copy, cut/paste</span><br />
<span class="irc-date">[1:41]</span> <span class="irc-black">&lt;techmik_laptop&gt; i can do that</span><br />
<span class="irc-date">[1:41]</span> <span class="irc-black">&lt;Kaik541&gt; Unhelpful, what's a good brand for a NAS device? I've been thinking about grabbing one since I use my HDD's between all my computer and I'm tired of switching</span><br />
<span class="irc-date">[1:42]</span> <span class="irc-black">&lt;Kaik541&gt; I've done like absolutely no research on them yet, just read up a bit and was like "sounds exactly like what I want"</span><br />
<span class="irc-date">[1:42]</span> <span class="irc-black">&lt;Unhelpful&gt; techmik_laptop: create a vendor/samsung/device for each device, w/ the right libcamera.so in it. keep the stock libcamera.so in common, for reference, but remove it from the makefile there and only include target versions from their makefiles. get the device-specific vendor makefiles included *somewhere*</span><br />
<span class="irc-date">[1:43]</span> <span class="irc-black">&lt;Unhelpful&gt; Kaik541: i'm pretty happy w/ my QNAP, though it took a fair bit of work to do everything i wanted. they're pricey, and if you can be happy w/ what they do out-of-the-box, they're great.</span><br />
<span class="irc-date">[1:43]</span> <span class="irc-black">&lt;Unhelpful&gt; i ended up installing arch on mine ;)</span><br />
<span class="irc-date">[1:44]</span> <span class="irc-black">&lt;Kaik541&gt; how many bays does your have?</span><br />
<span class="irc-date">[1:45]</span> <span class="irc-black">&lt;Kaik541&gt; because I'm going to want one with 4 and if you haev an opinion on that particular section...</span><br />
<span class="irc-date">[1:45]</span> <span class="irc-black">&lt;Unhelpful&gt; 4, two in use. sprung for the atom-based one, so x86 softwares could be installed (using CrashPlan for backup, which is java but has some jni native libraries)</span><br />
<span class="irc-date">[1:46]</span> <span class="irc-black">&lt;techmik_laptop&gt; Unhelpful: what about the .git folder in common? copy, or create new for each?</span><br />
<span class="irc-date">[1:46]</span> <span class="irc-black">&lt;Kaik541&gt; Unhelpful, yeah definitely would go with something x86</span><br />
<span class="irc-date">[1:46]</span> <span class="irc-black">&lt;Unhelpful&gt; um, well, new one, but you create it w/ git init, and you need to add them to the manifest...</span><br />
<span class="irc-date">[1:46]</span> <span class="irc-black">&lt;Unhelpful&gt; Kaik541: you'll pay more for that from pretty much anybody.</span><br />
<span class="irc-date">[1:46]</span> <span class="irc-black">&lt;Unhelpful&gt; cheap == mips or arm</span><br />
<span class="irc-date">[1:47]</span> <span class="irc-black">&lt;Kaik541&gt; well I'd rather have x86, I'll look at pricing before I say</span><br />
<span class="irc-date">[1:47]</span> <span class="irc-black">&lt;Kaik541&gt; arm would be second choice</span><br />
<span class="irc-date">[1:49]</span> <span class="irc-black">&lt;Kaik541&gt; techmik_laptop, I lost ops in #cmsgs somehow, can you /msg chanserv op #cmsgs kaik541 or whatever the command is?</span><br />
<span class="irc-date">[1:49]</span> <span class="irc-black">&lt;techmik_laptop&gt; sure</span><br />
<span class="irc-date">[1:50]</span> <span class="irc-black">&lt;atinm|night&gt; I am still up -</span><br />
<span class="irc-date">[1:50]</span> <span class="irc-black">&lt;atinm|night&gt; and so is my son</span><br />
<span class="irc-date">[1:50]</span> <span class="irc-black">&lt;atinm|night&gt; and he's jumping on my bed...</span><br />
<span class="irc-date">[1:50]</span> <span class="irc-black">&lt;atinm|night&gt; so I got kicked out.</span><br />
<span class="irc-date">[1:51]</span> <span class="irc-black">&lt;Kaik541&gt; that's when you crash on him with your full weight</span><br />
<span class="irc-date">[1:53]</span> <span class="irc-black">&lt;atinm|night&gt; he's way wired.</span><br />
<span class="irc-date">[1:53]</span> <span class="irc-black">&lt;atinm|night&gt; !way he's going to bed</span><br />
<span class="irc-date">[1:54]</span> <span class="irc-black">&lt;Unhelpful&gt; Kaik541: the one i got runs something like... $800 empty?</span><br />
<span class="irc-date">[1:54]</span> <span class="irc-black">&lt;Unhelpful&gt; you can probably get cheaper in another brand.</span><br />
<span class="irc-date">[1:54]</span> <span class="irc-black">&lt;Kaik541&gt; phew, I could get a whole new machine for that and just set up my old machine as a network server</span><br />
<span class="irc-date">[1:55]</span> <span class="irc-black">&lt;atinm|night&gt; do we have a full compliment of testers if I was to upload?</span><br />
<span class="irc-date">[1:55]</span> <span class="irc-black">&lt;atinm|night&gt; (captivate, vibrant and galaxys?)</span><br />
<span class="irc-date">[1:55]</span> <span class="irc-black">&lt;Kaik541&gt; I can test for cappy</span><br />
<span class="irc-date">[1:56]</span> <span class="irc-black">&lt;Kaik541&gt; but our vibrant users are constantly MIA</span><br />
<span class="irc-date">[1:56]</span> <span class="irc-black">&lt;atinm|night&gt; one was supposed to drop by a broken screen vibrant sometime this weekend if he drove by</span><br />
<span class="irc-date">[1:56]</span> <span class="irc-black">&lt;atinm|night&gt; otherwise was going to put it in the mail</span><br />
<span class="irc-date">[1:56]</span> <span class="irc-black">&lt;atinm|night&gt; so I'll have a device to test sometime soon I hope</span><br />
<span class="irc-date">[1:58]</span> <span class="irc-black">&lt;atinm|night&gt; I can't stay awake to let this finish. I'm beat.</span><br />
<span class="irc-date">[1:58]</span> <span class="irc-black">&lt;atinm|night&gt; jammed this evening - went to friends place for bbq</span><br />
<span class="irc-date">[1:58]</span> <span class="irc-black">&lt;atinm|night&gt; and so played guitar and sang all evening</span><br />
<span class="irc-date">[1:58]</span> <span class="irc-black">&lt;atinm|night&gt; beat,</span><br />
<span class="irc-date">[1:58]</span> <span class="irc-black">&lt;Kaik541&gt; well at least you had a fun day :)</span><br />
<span class="irc-date">[1:59]</span> <span class="irc-black">&lt;atinm|night&gt; wife asked me to join them :)</span><br />
<span class="irc-date">[1:59]</span> <span class="irc-black">&lt;atinm|night&gt; and it is mother's day :)</span><br />
<span class="irc-date">[1:59]</span> <span class="irc-black">&lt;atinm|night&gt; I haven't done it since my liver transplant. but I didn't sound bad</span><br />
<span class="irc-date">[2:00]</span> <span class="irc-black">&lt;atinm|night&gt; voice is coming back in control</span><br />
