<span class="irc-date">[0:09]</span> <span class="irc-green">* thedood[8] is now known as thedood[0]</span><br />
<span class="irc-date">[0:10]</span> <span class="irc-green">* h8rift (~h8@ip68-111-114-81.fv.ks.cox.net) has joined this channel.</span><br />
<span class="irc-date">[0:14]</span> <span class="irc-green">* coolya is now known as coolya|away</span><br />
<span class="irc-date">[0:16]</span> <span class="irc-green">* thedood[0] is now known as thedood[4]</span><br />
<span class="irc-date">[0:27]</span> <span class="irc-green">* designfears_ (~df@cpe-184-57-163-79.cinci.res.rr.com) has joined this channel.</span><br />
<span class="irc-date">[0:30]</span> <span class="irc-green">* h8rift (~h8@ip68-111-114-81.fv.ks.cox.net) has left this channel.</span><br />
<span class="irc-date">[0:33]</span> <span class="irc-black">&lt;Yangtse&gt; i ask if i canmount sdcard as ext4</span><br />
<span class="irc-date">[0:34]</span> <span class="irc-black">&lt;Yangtse&gt; <a href="http://forum.xda-developers.com/showthread.php?t=889471">http://forum.xda-developers.com/showthread.php?t=889471</a></span><br />
<span class="irc-date">[0:37]</span> <span class="irc-green">* birdman (~Steven@24.246.130.106) has joined this channel.</span><br />
<span class="irc-date">[1:35]</span> <span class="irc-navy">* Yangtse (~Yangtse@117.136.5.78) Quit (Ping timeout: 255 seconds)</span><br />
<span class="irc-date">[1:39]</span> <span class="irc-green">* dtq (4b8401e7@gateway/web/freenode/ip.75.132.1.231) has joined this channel.</span><br />
<span class="irc-date">[1:39]</span> <span class="irc-black">&lt;dtq&gt; could someone help me out if they have time.</span><br />
<span class="irc-date">[1:39]</span> <span class="irc-black">&lt;dtq&gt; I have a quick question.</span><br />
<span class="irc-date">[1:42]</span> <span class="irc-black">&lt;techmik67&gt; i have been telling you what to do</span><br />
<span class="irc-date">[1:44]</span> <span class="irc-black">&lt;dtq&gt; I got confused with the other guy talking.</span><br />
<span class="irc-date">[1:44]</span> <span class="irc-black">&lt;dtq&gt; but I did find the directory with kernel in it.</span><br />
<span class="irc-date">[1:44]</span> <span class="irc-black">&lt;dtq&gt; I did not copy it to android/system.</span><br />
<span class="irc-date">[1:44]</span> <span class="irc-black">&lt;dtq&gt; I initiated the build command.</span><br />
<span class="irc-date">[1:44]</span> <span class="irc-black">&lt;dtq&gt; and it is currenly building.</span><br />
<span class="irc-date">[1:44]</span> <span class="irc-black">&lt;dtq&gt; is that okay to do?</span><br />
<span class="irc-date">[1:46]</span> <span class="irc-black">&lt;techmik67&gt; we'll see =)</span><br />
<span class="irc-date">[1:46]</span> <span class="irc-black">&lt;dtq&gt; well after I build where do I find them and make them so they are flashable?</span><br />
<span class="irc-date">[1:47]</span> <span class="irc-black">&lt;techmik67&gt; releasetools</span><br />
<span class="irc-date">[1:48]</span> <span class="irc-black">&lt;dtq&gt; how do I find that?</span><br />
<span class="irc-date">[1:48]</span> <span class="irc-black">&lt;dtq&gt; do I use GUI for that?</span><br />
<span class="irc-date">[1:48]</span> <span class="irc-black">&lt;dtq&gt; or terminal?</span><br />
<span class="irc-date">[1:49]</span> <span class="irc-black">&lt;techmik67&gt; releasetools will be created by the build... if you are watching it build now, when its don just cd releasetools</span><br />
<span class="irc-date">[1:49]</span> <span class="irc-black">&lt;dtq&gt; the build of the kernel?</span><br />
<span class="irc-date">[1:49]</span> <span class="irc-black">&lt;dtq&gt; or ROM?</span><br />
<span class="irc-date">[1:49]</span> <span class="irc-black">&lt;techmik67&gt; no the rom</span><br />
<span class="irc-date">[1:49]</span> <span class="irc-black">&lt;dtq&gt; okay the ROM is done.</span><br />
<span class="irc-date">[1:50]</span> <span class="irc-black">&lt;techmik67&gt; did you build the kernel?</span><br />
<span class="irc-date">[1:50]</span> <span class="irc-black">&lt;dtq&gt; Does the ROM and kernel need to be in the same folder?</span><br />
<span class="irc-date">[1:50]</span> <span class="irc-black">&lt;dtq&gt; yes.</span><br />
<span class="irc-date">[1:50]</span> <span class="irc-black">&lt;dtq&gt; kernel is done.</span><br />
<span class="irc-date">[1:50]</span> <span class="irc-black">&lt;techmik67&gt; and what dir are you in?</span><br />
<span class="irc-date">[1:50]</span> <span class="irc-black">&lt;dtq&gt; but it is not set up in same dir as instructions.</span><br />
<span class="irc-date">[1:50]</span> <span class="irc-black">&lt;dtq&gt; ~kernel/samsung/2.6.35</span><br />
<span class="irc-date">[1:50]</span> <span class="irc-black">&lt;techmik67&gt; cd</span><br />
<span class="irc-date">[1:50]</span> <span class="irc-black">&lt;dtq&gt; okay.</span><br />
<span class="irc-date">[1:51]</span> <span class="irc-black">&lt;techmik67&gt; cd ~/releasetools</span><br />
<span class="irc-date">[1:51]</span> <span class="irc-black">&lt;techmik67&gt; i meant that</span><br />
<span class="irc-date">[1:51]</span> <span class="irc-black">&lt;dtq&gt; okay.</span><br />
<span class="irc-date">[1:51]</span> <span class="irc-black">&lt;techmik67&gt; ./initial_captivate.sh</span><br />
<span class="irc-date">[1:51]</span> <span class="irc-black">&lt;techmik67&gt; then when its done</span><br />
<span class="irc-date">[1:51]</span> <span class="irc-black">&lt;techmik67&gt; ./efsbackup_captivate.sh</span><br />
<span class="irc-date">[1:52]</span> <span class="irc-black">&lt;techmik67&gt; and</span><br />
<span class="irc-date">[1:52]</span> <span class="irc-black">&lt;techmik67&gt; ./ota_captivate.sh</span><br />
<span class="irc-date">[1:52]</span> <span class="irc-black">&lt;techmik67&gt; you are on cm7 already?</span><br />
<span class="irc-date">[1:52]</span> <span class="irc-black">&lt;dtq&gt; yes.</span><br />
<span class="irc-date">[1:52]</span> <span class="irc-black">&lt;dtq&gt; I9000</span><br />
<span class="irc-date">[1:52]</span> <span class="irc-black">&lt;dtq&gt; cm7</span><br />
<span class="irc-date">[1:52]</span> <span class="irc-black">&lt;dtq&gt; button mapping wrong.</span><br />
<span class="irc-date">[1:53]</span> <span class="irc-black">&lt;dtq&gt; orientation wrong.</span><br />
<span class="irc-date">[1:53]</span> <span class="irc-black">&lt;techmik67&gt; then hold up a sec and lemme check something</span><br />
<span class="irc-date">[1:53]</span> <span class="irc-black">&lt;techmik67&gt; <a href="http://forum.cyanogenmod.com/topic/15275-gt-i9000-cyanogenmod-7-we-love-bugs-version-20110203/">http://forum.cyanogenmod.com/topic/15275-gt-i9000-cyanogenmod-7-we-love-bugs-version-20110203/</a></span><br />
<span class="irc-date">[1:53]</span> <span class="irc-black">&lt;techmik67&gt; follow the "upgrading from earlier release"</span><br />
<span class="irc-date">[1:54]</span> <span class="irc-black">&lt;dtq&gt; where do I find the files I just created?</span><br />
<span class="irc-date">[1:55]</span> <span class="irc-black">&lt;dtq&gt; and what do they look like?</span><br />
<span class="irc-date">[1:55]</span> <span class="irc-black">&lt;techmik67&gt; ~/out/target/product/captivate</span><br />
<span class="irc-date">[1:56]</span> <span class="irc-black">&lt;dtq&gt; did not work.</span><br />
<span class="irc-date">[1:56]</span> <span class="irc-black">&lt;techmik67&gt; just run the ota</span><br />
<span class="irc-date">[1:56]</span> <span class="irc-black">&lt;dtq&gt; ota?</span><br />
<span class="irc-date">[1:56]</span> <span class="irc-black">&lt;dtq&gt; is that the kernel?</span><br />
<span class="irc-date">[1:56]</span> <span class="irc-black">&lt;techmik67&gt; what didnt work?</span><br />
<span class="irc-date">[1:56]</span> <span class="irc-black">&lt;dtq&gt; I just did all 3 release tools.</span><br />
<span class="irc-date">[1:56]</span> <span class="irc-black">&lt;dtq&gt; and they all worked.</span><br />
<span class="irc-date">[1:56]</span> <span class="irc-black">&lt;dtq&gt; but now what do I do?</span><br />
<span class="irc-date">[1:56]</span> <span class="irc-black">&lt;techmik67&gt; ~/out/target/product/captivate</span><br />
<span class="irc-date">[1:57]</span> <span class="irc-black">&lt;dtq&gt; that did not work.</span><br />
<span class="irc-date">[1:57]</span> <span class="irc-black">&lt;dtq&gt; okay I am in the directory.</span><br />
<span class="irc-date">[1:57]</span> <span class="irc-black">&lt;dtq&gt; now what?</span><br />
<span class="irc-date">[1:57]</span> <span class="irc-black">&lt;dtq&gt; the .zips all I need?</span><br />
<span class="irc-date">[1:57]</span> <span class="irc-black">&lt;techmik67&gt; i'm telling you where they are</span><br />
<span class="irc-date">[1:57]</span> <span class="irc-black">&lt;dtq&gt; are the .zips all I need?</span><br />
<span class="irc-date">[1:58]</span> <span class="irc-black">&lt;techmik67&gt; you need the zips and your kernel</span><br />
<span class="irc-date">[1:58]</span> <span class="irc-black">&lt;dtq&gt; where is the kernel?</span><br />
<span class="irc-date">[1:59]</span> <span class="irc-black">&lt;techmik67&gt; kernel/samsung/2.6.35/arch/arm/boot</span><br />
<span class="irc-date">[2:00]</span> <span class="irc-black">&lt;dtq&gt; it is not a .tar file.</span><br />
<span class="irc-date">[2:00]</span> <span class="irc-black">&lt;dtq&gt; how do I make that?</span><br />
<span class="irc-date">[2:01]</span> <span class="irc-black">&lt;dtq&gt; ?</span><br />
<span class="irc-date">[2:01]</span> <span class="irc-black">&lt;techmik67&gt; tar -H ustar -c zImage &gt; zImage.tar</span><br />
<span class="irc-date">[2:01]</span> <span class="irc-black">&lt;dtq&gt; while in the directory you told me?</span><br />
<span class="irc-date">[2:02]</span> <span class="irc-black">&lt;techmik67&gt; yes</span><br />
<span class="irc-date">[2:03]</span> <span class="irc-black">&lt;dtq&gt; done.</span><br />
<span class="irc-date">[2:03]</span> <span class="irc-black">&lt;dtq&gt; anything else?</span><br />
<span class="irc-date">[2:03]</span> <span class="irc-black">&lt;techmik67&gt; nope, follow those instructions on the link</span><br />
<span class="irc-date">[2:04]</span> <span class="irc-black">&lt;dtq&gt; zlimage.tar is kernel?</span><br />
<span class="irc-date">[2:04]</span> <span class="irc-black">&lt;techmik67&gt; yup</span><br />
<span class="irc-date">[2:04]</span> <span class="irc-black">&lt;dtq&gt; that is the important one.</span><br />
<span class="irc-date">[2:04]</span> <span class="irc-black">&lt;dtq&gt; so just replace that with the kernel they tell me to use?</span><br />
<span class="irc-date">[2:04]</span> <span class="irc-black">&lt;dtq&gt; ?</span><br />
<span class="irc-date">[2:04]</span> <span class="irc-black">&lt;techmik67&gt; you really should follow the instructions for 1st time flash i think</span><br />
<span class="irc-date">[2:04]</span> <span class="irc-black">&lt;dtq&gt; okay.</span><br />
<span class="irc-date">[2:05]</span> <span class="irc-black">&lt;techmik67&gt; not upgrade</span><br />
<span class="irc-date">[2:05]</span> <span class="irc-black">&lt;dtq&gt; but button mapping will be wrong if I use their kernel.</span><br />
<span class="irc-date">[2:05]</span> <span class="irc-black">&lt;dtq&gt; so just replace the kernel they tell me to use with the one I made?</span><br />
<span class="irc-date">[2:05]</span> <span class="irc-black">&lt;techmik67&gt; you just built a rom a kernel</span><br />
<span class="irc-date">[2:05]</span> <span class="irc-black">&lt;dtq&gt; yes so use my rom and my kernel instead of the ones they tell me to use?</span><br />
<span class="irc-date">[2:05]</span> <span class="irc-black">&lt;techmik67&gt; right</span><br />
<span class="irc-date">[2:06]</span> <span class="irc-black">&lt;dtq&gt; okay.</span><br />
<span class="irc-date">[2:06]</span> <span class="irc-black">&lt;dtq&gt; which one is my rom?</span><br />
<span class="irc-date">[2:06]</span> <span class="irc-black">&lt;dtq&gt; I have 4 files.</span><br />
<span class="irc-date">[2:06]</span> <span class="irc-black">&lt;dtq&gt; captivateefsbackup</span><br />
<span class="irc-date">[2:06]</span> <span class="irc-black">&lt;dtq&gt; cm7captivateinitial2011212</span><br />
<span class="irc-date">[2:06]</span> <span class="irc-black">&lt;techmik67&gt; cm7-captivate-20110212.zip is prob the ame</span><br />
<span class="irc-date">[2:06]</span> <span class="irc-black">&lt;techmik67&gt; initial</span><br />
<span class="irc-date">[2:06]</span> <span class="irc-black">&lt;dtq&gt; then I have an update</span><br />
<span class="irc-date">[2:07]</span> <span class="irc-black">&lt;dtq&gt; what is that?</span><br />
<span class="irc-date">[2:07]</span> <span class="irc-black">&lt;techmik67&gt; you want initial and the kernel</span><br />
<span class="irc-date">[2:07]</span> <span class="irc-black">&lt;techmik67&gt; ignote the update</span><br />
<span class="irc-date">[2:07]</span> <span class="irc-black">&lt;techmik67&gt; ignorew</span><br />
<span class="irc-date">[2:07]</span> <span class="irc-black">&lt;dtq&gt; okay.</span><br />
<span class="irc-date">[2:07]</span> <span class="irc-black">&lt;techmik67&gt; you dont need that</span><br />
<span class="irc-date">[2:07]</span> <span class="irc-black">&lt;techmik67&gt; but</span><br />
<span class="irc-date">[2:07]</span> <span class="irc-black">&lt;dtq&gt; and I have zimage.tar</span><br />
<span class="irc-date">[2:08]</span> <span class="irc-black">&lt;dtq&gt; so that is my kernel.</span><br />
<span class="irc-date">[2:08]</span> <span class="irc-black">&lt;techmik67&gt; lets move, this is the wrog channel for this... go back to cmsgs</span><br />
<span class="irc-date">[2:08]</span> <span class="irc-black">&lt;techmik67&gt; i'll explain</span><br />
<span class="irc-date">[2:09]</span> <span class="irc-navy">* dtq (4b8401e7@gateway/web/freenode/ip.75.132.1.231) Quit (Quit: Page closed)</span><br />
<span class="irc-date">[2:09]</span> <span class="irc-black">&lt;techmik67&gt; sorry all</span><br />
<span class="irc-date">[2:09]</span> <span class="irc-black">&lt;techmik67&gt; just realized we were inhere</span><br />
<span class="irc-date">[2:36]</span> <span class="irc-navy">* birdman (~Steven@24.246.130.106) Quit (Ping timeout: 240 seconds)</span><br />
<span class="irc-date">[2:40]</span> <span class="irc-green">* birdman (~Steven@24.246.130.106) has joined this channel.</span><br />
<span class="irc-date">[2:47]</span> <span class="irc-navy">* birdman (~Steven@24.246.130.106) Quit (Ping timeout: 265 seconds)</span><br />
<span class="irc-date">[10:45]</span> <span class="irc-brown">-anthony.freenode.net- *** Looking up your hostname...</span><br />
<span class="irc-date">[10:45]</span> <span class="irc-brown">-anthony.freenode.net- *** Checking Ident</span><br />
<span class="irc-date">[10:45]</span> <span class="irc-brown">-anthony.freenode.net- *** No Ident response</span><br />
<span class="irc-date">[10:45]</span> <span class="irc-brown">-anthony.freenode.net- *** Found your hostname</span><br />
<span class="irc-date">[10:45]</span> <span class="irc-green">* cmsgsteam-logger (~PircBot@cmsgs.com) has joined this channel.</span><br />
<span class="irc-date">[10:45]</span> <span class="irc-green">* Topic is 'SGS CyanogenMod developers and testers (and other kernel and android hackers) - <a href="http://www.cmsgs.com/'">http://www.cmsgs.com/'</a></span><br />
<span class="irc-date">[10:45]</span> <span class="irc-green">* Set by atinm|night on Fri Feb 11 10:42:13 GMT 2011</span><br />
<span class="irc-date">[10:45]</span> <span class="irc-brown">-ChanServ- [#__topsecret__] SGS CyanogenMod developers and testers (and other kernel and android hackers) - <a href="http://www.cmsgs.com/">http://www.cmsgs.com/</a></span><br />
<span class="irc-date">[10:45]</span> <span class="irc-green">* ChanServ sets mode +o cmsgsteam-logger</span><br />
<span class="irc-date">[10:47]</span> <span class="irc-black">&lt;atinm&gt; any ideas on the random reboot yet?</span><br />
<span class="irc-date">[10:54]</span> <span class="irc-brown">-anthony.freenode.net- *** Looking up your hostname...</span><br />
<span class="irc-date">[10:54]</span> <span class="irc-brown">-anthony.freenode.net- *** Checking Ident</span><br />
<span class="irc-date">[10:54]</span> <span class="irc-brown">-anthony.freenode.net- *** No Ident response</span><br />
<span class="irc-date">[10:54]</span> <span class="irc-brown">-anthony.freenode.net- *** Found your hostname</span><br />
<span class="irc-date">[10:54]</span> <span class="irc-green">* cmsgsteam-logger (~PircBot@cmsgs.com) has joined this channel.</span><br />
<span class="irc-date">[10:54]</span> <span class="irc-green">* Topic is 'SGS CyanogenMod developers and testers (and other kernel and android hackers) - <a href="http://www.cmsgs.com/'">http://www.cmsgs.com/'</a></span><br />
<span class="irc-date">[10:54]</span> <span class="irc-green">* Set by atinm|night on Fri Feb 11 10:42:13 GMT 2011</span><br />
<span class="irc-date">[10:54]</span> <span class="irc-brown">-ChanServ- [#__topsecret__] SGS CyanogenMod developers and testers (and other kernel and android hackers) - <a href="http://www.cmsgs.com/">http://www.cmsgs.com/</a></span><br />
<span class="irc-date">[10:54]</span> <span class="irc-green">* ChanServ sets mode +o cmsgsteam-logger</span><br />
<span class="irc-date">[11:03]</span> <span class="irc-green">* GuiPer (~GuiPer@ip-86-49-25-242.net.upcbroadband.cz) has joined this channel.</span><br />
<span class="irc-date">[11:45]</span> <span class="irc-green">* birdman is now known as birdman-sleep</span><br />
<span class="irc-date">[11:49]</span> <span class="irc-black">&lt;atinm&gt; screw it, putting some printk's in brcm driver</span><br />
<span class="irc-date">[11:50]</span> <span class="irc-black">&lt;atinm&gt; bcm4329 driver</span><br />
<span class="irc-date">[12:01]</span> <span class="irc-navy">* Yangtse (~Yangtse@117.136.5.76) Quit (Read error: Connection reset by peer)</span><br />
<span class="irc-date">[12:05]</span> <span class="irc-navy">* GuiPer (~GuiPer@ip-86-49-25-242.net.upcbroadband.cz) Quit (Ping timeout: 240 seconds)</span><br />
<span class="irc-date">[12:22]</span> <span class="irc-black">&lt;atinm&gt; the reboot seems to happen when wifi goes to sleep.</span><br />
<span class="irc-date">[12:22]</span> <span class="irc-black">&lt;atinm&gt; but not always, that's what sucks.</span><br />
<span class="irc-date">[12:23]</span> <span class="irc-black">&lt;atinm&gt; hmm, any idea what the timeout is before it goes to suspend?</span><br />
<span class="irc-date">[12:23]</span> <span class="irc-black">&lt;atinm&gt; wifi suspend</span><br />
<span class="irc-date">[12:29]</span> <span class="irc-black">&lt;coolya&gt; dunno, didn't had a close look at that but GuiPer had some time ago.</span><br />
<span class="irc-date">[12:30]</span> <span class="irc-black">&lt;atinm&gt; k, I'm just going to install a bcm4329.ko with lots of printks enabled and see what exactly is going on</span><br />
<span class="irc-date">[12:47]</span> <span class="irc-green">* birdman-sleep is now known as birdman</span><br />
<span class="irc-date">[13:16]</span> <span class="irc-black">&lt;birdman&gt; note to self: never look at htc code while messing with a samsung device</span><br />
<span class="irc-date">[13:16]</span> <span class="irc-black">&lt;birdman&gt; you'll become sad and wonder why the htc code is always 10x better</span><br />
<span class="irc-date">[13:16]</span> <span class="irc-black">&lt;coolya&gt; look at the pre n1 htc ;-)</span><br />
<span class="irc-date">[13:16]</span> <span class="irc-black">&lt;birdman&gt; oh yeah it was nice then....</span><br />
<span class="irc-date">[13:17]</span> <span class="irc-black">&lt;birdman&gt; but there are things samsung has to give us in order for us to get that far</span><br />
<span class="irc-date">[13:17]</span> <span class="irc-black">&lt;birdman&gt; pre n1 htc sucked i mean... :P</span><br />
<span class="irc-date">[13:18]</span> <span class="irc-black">&lt;coolya&gt; :-D</span><br />
<span class="irc-date">[13:18]</span> <span class="irc-black">&lt;coolya&gt; maybe samsung learned from google like htc did</span><br />
<span class="irc-date">[13:18]</span> <span class="irc-black">&lt;birdman&gt; coolya, some working radio code for cdma devices would be nice...as well as some param.lfs support with mtd partitions</span><br />
<span class="irc-date">[13:19]</span> <span class="irc-black">&lt;birdman&gt; coolya, even if they did i feel like we have to wait for galaxy s 2 to see any changes</span><br />
<span class="irc-date">[13:19]</span> <span class="irc-brick">* coolya is dreaming of an MTD capable bootloader fomr samsung</span><br />
<span class="irc-date">[13:19]</span> <span class="irc-black">&lt;birdman&gt; i want my fascinate to be good, i know it can be.</span><br />
<span class="irc-date">[13:19]</span> <span class="irc-green">* codeworkx (~codeworkx@95-89-111-251-dynip.superkabel.de) has joined this channel.</span><br />
<span class="irc-date">[13:19]</span> <span class="irc-green">* ChanServ sets mode +o codeworkx</span><br />
<span class="irc-date">[13:19]</span> <span class="irc-black">&lt;birdman&gt; coolya, i do want that :P</span><br />
<span class="irc-date">[13:20]</span> <span class="irc-black">&lt;coolya&gt; i really begin to hat C as programming language</span><br />
<span class="irc-date">[13:20]</span> <span class="irc-black">&lt;birdman&gt; coolya, has anyone attempted a jtag on these things?</span><br />
<span class="irc-date">[13:21]</span> <span class="irc-black">&lt;coolya&gt;  the mainproblem is, even if we get it working it will scare many users</span><br />
<span class="irc-date">[13:21]</span> <span class="irc-black">&lt;codeworkx&gt; !</span><br />
<span class="irc-date">[13:21]</span> <span class="irc-black">&lt;coolya&gt; and we will brick some devices :-D</span><br />
<span class="irc-date">[13:22]</span> <span class="irc-black">&lt;coolya&gt; and they won't be able to get back to samsung rom easy</span><br />
<span class="irc-date">[13:22]</span> <span class="irc-black">&lt;birdman&gt; coolya, as long as we make the non-samsung rom good enough :)</span><br />
<span class="irc-date">[13:22]</span> <span class="irc-black">&lt;birdman&gt; coolya, ill gladly help that project as much as i can :D</span><br />
<span class="irc-date">[13:25]</span> <span class="irc-black">&lt;birdman&gt; coolya, i think we need to get some of these - <a href="http://www.gsm-technology.com/index.php/en_US,details,id_pr,8048,menu_mode,categories.html">http://www.gsm-technology.com/index.php/en_US,details,id_pr,8048,menu_mode,categories.html</a></span><br />
<span class="irc-date">[13:25]</span> <span class="irc-black">&lt;coolya&gt; codeworkx, has a rifbox but it doesn't work :-D</span><br />
<span class="irc-date">[13:26]</span> <span class="irc-black">&lt;birdman&gt; :(</span><br />
<span class="irc-date">[13:36]</span> <span class="irc-black">&lt;coolya&gt; damn my pointers are messing arounf in memory</span><br />
<span class="irc-date">[13:54]</span> <span class="irc-green">* Yangtse (~Yangtse@117.136.5.76) has joined this channel.</span><br />
<span class="irc-date">[13:56]</span> <span class="irc-navy">* Yangtse (~Yangtse@117.136.5.76) Quit (Client Quit)</span><br />
