<span class="irc-date">[0:03]</span> <span class="irc-green">* thedeanius (~dean@c-24-2-24-87.hsd1.mo.comcast.net) has joined this channel.</span><br />
<span class="irc-date">[0:20]</span> <span class="irc-navy">* gdanko (~gdanko@66-162-32-185.static.twtelecom.net) Quit (Quit: Computer has gone to sleep)</span><br />
<span class="irc-date">[1:13]</span> <span class="irc-green">* knowsnotmuch (~ashwinds@122.174.134.201) has joined this channel.</span><br />
<span class="irc-date">[1:16]</span> <span class="irc-black">&lt;iCEBrkr&gt; Got everything compiled.. Just wondering what'll break on the Vibrant :P</span><br />
<span class="irc-date">[1:18]</span> <span class="irc-navy">* codeworkx (~codeworkx@95-89-111-251-dynip.superkabel.de) Quit (Read error: Connection reset by peer)</span><br />
<span class="irc-date">[1:19]</span> <span class="irc-green">* knowsnotmuch (~ashwinds@122.174.134.201) has left this channel.</span><br />
<span class="irc-date">[1:54]</span> <span class="irc-black">&lt;dasunsrule32&gt; Clet me know</span><br />
<span class="irc-date">[2:06]</span> <span class="irc-black">&lt;dasunsrule32&gt; Did someone in cm get the t959 source?</span><br />
<span class="irc-date">[3:11]</span> <span class="irc-navy">* thedeanius (~dean@c-24-2-24-87.hsd1.mo.comcast.net) Quit (Quit: thedeanius)</span><br />
<span class="irc-date">[3:50]</span> <span class="irc-green">* thedeanius (~dean@c-24-2-24-87.hsd1.mo.comcast.net) has joined this channel.</span><br />
<span class="irc-date">[3:50]</span> <span class="irc-navy">* thedeanius (~dean@c-24-2-24-87.hsd1.mo.comcast.net) Quit (Remote host closed the connection)</span><br />
<span class="irc-date">[5:02]</span> <span class="irc-green">* knowsnotmuch (~ashwinds@122.174.134.201) has joined this channel.</span><br />
<span class="irc-date">[5:05]</span> <span class="irc-black">&lt;knowsnotmuch&gt; whoa a cm7 is out?!</span><br />
<span class="irc-date">[5:07]</span> <span class="irc-navy">* knowsnotmuch (~ashwinds@122.174.134.201) Quit (Quit: Zzzz)</span><br />
<span class="irc-date">[5:47]</span> <span class="irc-black">&lt;dasunsrule32&gt; ?</span><br />
<span class="irc-date">[5:59]</span> <span class="irc-green">* knowsnotmuch (~ashwinds@122.174.134.201) has joined this channel.</span><br />
<span class="irc-date">[6:04]</span> <span class="irc-black">&lt;iCEBrkr&gt; dasunsrule32: Eugene has it.. But he ain't giving it out until TW relases their ROM first.</span><br />
<span class="irc-date">[6:09]</span> <span class="irc-black">&lt;dasunsrule32&gt; iCEBrkr: I know</span><br />
<span class="irc-date">[6:10]</span> <span class="irc-black">&lt;dasunsrule32&gt; actually, he isn't releasing it because there are "marks" within the source of who released it</span><br />
<span class="irc-date">[6:10]</span> <span class="irc-black">&lt;dasunsrule32&gt; he said he is cleaning the source to releae it</span><br />
<span class="irc-date">[6:10]</span> <span class="irc-black">&lt;iCEBrkr&gt; Yeah</span><br />
<span class="irc-date">[6:10]</span> <span class="irc-black">&lt;iCEBrkr&gt; I've been following.</span><br />
<span class="irc-date">[6:12]</span> <span class="irc-black">&lt;dasunsrule32&gt; I am waiting for his 24 release to flash</span><br />
<span class="irc-date">[6:12]</span> <span class="irc-navy">* knowsnotmuch (~ashwinds@122.174.134.201) Quit (Quit: Zzzz)</span><br />
<span class="irc-date">[6:12]</span> <span class="irc-black">&lt;dasunsrule32&gt; :)</span><br />
<span class="irc-date">[6:12]</span> <span class="irc-black">&lt;dasunsrule32&gt; this is good news for CM, FINALLY!</span><br />
<span class="irc-date">[6:12]</span> <span class="irc-black">&lt;dasunsrule32&gt; I've said it before and I'm going to say it again!</span><br />
<span class="irc-date">[6:12]</span> <span class="irc-brick">* dasunsrule32 hates Samsung</span><br />
<span class="irc-date">[6:12]</span> <span class="irc-black">&lt;iCEBrkr&gt; lol</span><br />
<span class="irc-date">[6:13]</span> <span class="irc-black">&lt;iCEBrkr&gt; I just got this thing to build.. But I'm on a Vibrant.</span><br />
<span class="irc-date">[6:13]</span> <span class="irc-black">&lt;dasunsrule32&gt; did your compile boot eariler?</span><br />
<span class="irc-date">[6:13]</span> <span class="irc-black">&lt;dasunsrule32&gt; me too</span><br />
<span class="irc-date">[6:13]</span> <span class="irc-black">&lt;dasunsrule32&gt; :)</span><br />
<span class="irc-date">[6:13]</span> <span class="irc-black">&lt;iCEBrkr&gt; I'm scared to package this thing up and flash.</span><br />
<span class="irc-date">[6:13]</span> <span class="irc-black">&lt;dasunsrule32&gt; Maybe we can finally get an official release :p</span><br />
<span class="irc-date">[6:13]</span> <span class="irc-black">&lt;dasunsrule32&gt; lol</span><br />
<span class="irc-date">[6:13]</span> <span class="irc-black">&lt;dasunsrule32&gt; live a little</span><br />
<span class="irc-date">[6:13]</span> <span class="irc-black">&lt;dasunsrule32&gt; :D</span><br />
<span class="irc-date">[6:13]</span> <span class="irc-black">&lt;iCEBrkr&gt; haha</span><br />
<span class="irc-date">[6:13]</span> <span class="irc-black">&lt;iCEBrkr&gt; I know TW stuff works.</span><br />
<span class="irc-date">[6:13]</span> <span class="irc-black">&lt;iCEBrkr&gt; I'm spoiled.</span><br />
<span class="irc-date">[6:14]</span> <span class="irc-black">&lt;iCEBrkr&gt; I'm just tired of the elitest attitudes over tehre.</span><br />
<span class="irc-date">[6:14]</span> <span class="irc-black">&lt;dasunsrule32&gt; I've been running GingerClone R2 for over 2 months now</span><br />
<span class="irc-date">[6:14]</span> <span class="irc-black">&lt;dasunsrule32&gt; uh, ea</span><br />
<span class="irc-date">[6:14]</span> <span class="irc-black">&lt;dasunsrule32&gt; yea</span><br />
<span class="irc-date">[6:14]</span> <span class="irc-black">&lt;iCEBrkr&gt; They have a point tho.  Master keeps ripping stuff from them and releasing it as his..</span><br />
<span class="irc-date">[6:14]</span> <span class="irc-black">&lt;dasunsrule32&gt; ViralBlack used to talk to me all the time, now he doesn't listen lol</span><br />
<span class="irc-date">[6:14]</span> <span class="irc-black">&lt;iCEBrkr&gt; then getting donations for it.</span><br />
<span class="irc-date">[6:15]</span> <span class="irc-black">&lt;iCEBrkr&gt; I dunno what's up with that guy.</span><br />
<span class="irc-date">[6:15]</span> <span class="irc-black">&lt;iCEBrkr&gt; Hes manic</span><br />
<span class="irc-date">[6:15]</span> <span class="irc-black">&lt;dasunsrule32&gt; Yea, none of those guys are real devs anyway</span><br />
<span class="irc-date">[6:15]</span> <span class="irc-black">&lt;dasunsrule32&gt; lol</span><br />
<span class="irc-date">[6:15]</span> <span class="irc-black">&lt;iCEBrkr&gt; One second he's cool. the next he's on a rampage.</span><br />
<span class="irc-date">[6:15]</span> <span class="irc-black">&lt;dasunsrule32&gt; they just plug n' play</span><br />
<span class="irc-date">[6:15]</span> <span class="irc-black">&lt;iCEBrkr&gt; I just know the CyanogenMod community was much more fun</span><br />
<span class="irc-date">[6:15]</span> <span class="irc-black">&lt;iCEBrkr&gt; I was rock'n CM on my G1 forever</span><br />
<span class="irc-date">[6:15]</span> <span class="irc-black">&lt;dasunsrule32&gt; It IS more fun</span><br />
<span class="irc-date">[6:16]</span> <span class="irc-black">&lt;dasunsrule32&gt; me too on my 32b</span><br />
<span class="irc-date">[6:16]</span> <span class="irc-black">&lt;dasunsrule32&gt; :(</span><br />
<span class="irc-date">[6:16]</span> <span class="irc-brick">* dasunsrule32 misses CM</span><br />
<span class="irc-date">[6:16]</span> <span class="irc-black">&lt;iCEBrkr&gt; It's still on my G1.</span><br />
<span class="irc-date">[6:16]</span> <span class="irc-black">&lt;iCEBrkr&gt; Collecting dust.</span><br />
<span class="irc-date">[6:16]</span> <span class="irc-black">&lt;dasunsrule32&gt; I need gps or I'd run the cm6 b3</span><br />
<span class="irc-date">[6:17]</span> <span class="irc-brick">* dasunsrule32 score, Lakers lose at the buzzer</span><br />
<span class="irc-date">[6:17]</span> <span class="irc-black">&lt;iCEBrkr&gt; So you pulled from coolya's repo?</span><br />
<span class="irc-date">[6:17]</span> <span class="irc-black">&lt;dasunsrule32&gt; no</span><br />
<span class="irc-date">[6:17]</span> <span class="irc-black">&lt;dasunsrule32&gt; Eugene just hacked a kernel together that reversed the buttons, etc</span><br />
<span class="irc-date">[6:17]</span> <span class="irc-black">&lt;dasunsrule32&gt; still i9000 base</span><br />
<span class="irc-date">[6:18]</span> <span class="irc-brick">* dasunsrule32 too lazy and tired to go through all that right now</span><br />
<span class="irc-date">[6:18]</span> <span class="irc-black">&lt;dasunsrule32&gt; If we start getting some real action going on around here with the vibrant, I'll start jumping in</span><br />
<span class="irc-date">[6:18]</span> <span class="irc-black">&lt;iCEBrkr&gt; That's what I was hoping for..</span><br />
<span class="irc-date">[6:19]</span> <span class="irc-black">&lt;iCEBrkr&gt; To get involved with it</span><br />
<span class="irc-date">[6:19]</span> <span class="irc-black">&lt;dasunsrule32&gt; I can do some kernel stuff</span><br />
<span class="irc-date">[6:19]</span> <span class="irc-black">&lt;dasunsrule32&gt; o.O</span><br />
<span class="irc-date">[6:20]</span> <span class="irc-black">&lt;dasunsrule32&gt; could always start toying with it once eugene releases the source, I could ask Viral if I could get a copy of it</span><br />
<span class="irc-date">[6:21]</span> <span class="irc-black">&lt;dasunsrule32&gt; It's up, test 24</span><br />
<span class="irc-date">[6:21]</span> <span class="irc-black">&lt;dasunsrule32&gt; I love that RAM hack</span><br />
<span class="irc-date">[6:21]</span> <span class="irc-black">&lt;dasunsrule32&gt; :D</span><br />
<span class="irc-date">[6:21]</span> <span class="irc-black">&lt;iCEBrkr&gt; Didn't see it</span><br />
<span class="irc-date">[6:21]</span> <span class="irc-black">&lt;iCEBrkr&gt; wait, I thought he was uploading tomorrow?</span><br />
<span class="irc-date">[6:21]</span> <span class="irc-black">&lt;dasunsrule32&gt; <a href="http://www.4shared.com/get/5p6Tm29B/vibrant_test24.html">http://www.4shared.com/get/5p6Tm29B/vibrant_test24.html</a></span><br />
<span class="irc-date">[6:21]</span> <span class="irc-black">&lt;dasunsrule32&gt; ;)</span><br />
<span class="irc-date">[6:21]</span> <span class="irc-black">&lt;dasunsrule32&gt; grab it while you can</span><br />
<span class="irc-date">[6:21]</span> <span class="irc-black">&lt;dasunsrule32&gt; :p</span><br />
<span class="irc-date">[6:22]</span> <span class="irc-black">&lt;dasunsrule32&gt; voodoo color, sound, ulf and bln</span><br />
<span class="irc-date">[6:22]</span> <span class="irc-black">&lt;iCEBrkr&gt; <a href="http://forum.xda-developers.com/showthread.php?p=11118801#post11118801">http://forum.xda-developers.com/showthread.php?p=11118801#post11118801</a></span><br />
<span class="irc-date">[6:22]</span> <span class="irc-black">&lt;iCEBrkr&gt; ?</span><br />
<span class="irc-date">[6:22]</span> <span class="irc-black">&lt;iCEBrkr&gt; vibrant_test24.zip</span><br />
<span class="irc-date">[6:22]</span> <span class="irc-black">&lt;dasunsrule32&gt; ^^^</span><br />
<span class="irc-date">[6:22]</span> <span class="irc-black">&lt;iCEBrkr&gt; Worried about ULF</span><br />
<span class="irc-date">[6:22]</span> <span class="irc-black">&lt;dasunsrule32&gt; I posted you the direct link lol</span><br />
<span class="irc-date">[6:23]</span> <span class="irc-black">&lt;dasunsrule32&gt; ulf works fine</span><br />
<span class="irc-date">[6:23]</span> <span class="irc-black">&lt;iCEBrkr&gt; 600k/sec</span><br />
<span class="irc-date">[6:23]</span> <span class="irc-black">&lt;iCEBrkr&gt; :)</span><br />
<span class="irc-date">[6:23]</span> <span class="irc-black">&lt;dasunsrule32&gt; I have flashed from ext4 and rfs</span><br />
<span class="irc-date">[6:23]</span> <span class="irc-black">&lt;iCEBrkr&gt; done.</span><br />
<span class="irc-date">[6:23]</span> <span class="irc-green">* knowsnotmuch (~ashwinds@122.174.134.201) has joined this channel.</span><br />
<span class="irc-date">[6:23]</span> <span class="irc-black">&lt;dasunsrule32&gt; just that mounting bug, hope he fixes it</span><br />
<span class="irc-date">[6:24]</span> <span class="irc-black">&lt;iCEBrkr&gt; The internal/external sd?</span><br />
<span class="irc-date">[6:24]</span> <span class="irc-black">&lt;dasunsrule32&gt; no, mounting on a pc</span><br />
<span class="irc-date">[6:24]</span> <span class="irc-black">&lt;dasunsrule32&gt; something in the vold</span><br />
<span class="irc-date">[6:24]</span> <span class="irc-black">&lt;dasunsrule32&gt; I will toy with it when I flash it</span><br />
<span class="irc-date">[6:25]</span> <span class="irc-black">&lt;dasunsrule32&gt; I just asked him for source</span><br />
<span class="irc-date">[6:25]</span> <span class="irc-black">&lt;dasunsrule32&gt; :)</span><br />
<span class="irc-date">[6:25]</span> <span class="irc-black">&lt;iCEBrkr&gt; Good luck with that</span><br />
<span class="irc-date">[6:27]</span> <span class="irc-black">&lt;dasunsrule32&gt; I don't know why includes a modem in all of those</span><br />
<span class="irc-date">[6:27]</span> <span class="irc-black">&lt;dasunsrule32&gt; grrr</span><br />
<span class="irc-date">[6:27]</span> <span class="irc-brick">* dasunsrule32 loves kb1, gps is finally fantastic</span><br />
<span class="irc-date">[6:28]</span> <span class="irc-black">&lt;dasunsrule32&gt; booting now</span><br />
<span class="irc-date">[6:28]</span> <span class="irc-black">&lt;dasunsrule32&gt; funny how it says, CYANOGENMOD on boot</span><br />
<span class="irc-date">[6:28]</span> <span class="irc-black">&lt;dasunsrule32&gt; :p</span><br />
<span class="irc-date">[6:29]</span> <span class="irc-black">&lt;iCEBrkr&gt; It's just the kernel.</span><br />
<span class="irc-date">[6:29]</span> <span class="irc-brick">* iCEBrkr shrugs</span><br />
<span class="irc-date">[6:29]</span> <span class="irc-black">&lt;iCEBrkr&gt; Anyhow, I gotta get to bed.</span><br />
<span class="irc-date">[6:29]</span> <span class="irc-black">&lt;iCEBrkr&gt; Fri Feb  4 01:29:40 EST 2011</span><br />
<span class="irc-date">[6:29]</span> <span class="irc-black">&lt;iCEBrkr&gt; :-\</span><br />
<span class="irc-date">[6:30]</span> <span class="irc-black">&lt;dasunsrule32&gt; yea</span><br />
<span class="irc-date">[6:30]</span> <span class="irc-black">&lt;dasunsrule32&gt; 11:30 here</span><br />
<span class="irc-date">[7:01]</span> <span class="irc-green">* ciwrl|bday is now known as ciwrl|away</span><br />
<span class="irc-date">[7:49]</span> <span class="irc-navy">* knowsnotmuch (~ashwinds@122.174.134.201) Quit (Quit: Zzzz)</span><br />
<span class="irc-date">[7:52]</span> <span class="irc-green">* knowsnotmuch (~ashwinds@122.174.134.201) has joined this channel.</span><br />
<span class="irc-date">[8:31]</span> <span class="irc-navy">* knowsnotmuch (~ashwinds@122.174.134.201) Quit (Quit: bfn)</span><br />
<span class="irc-date">[9:08]</span> <span class="irc-green">* Wout` (Wout@s559776f4.adsl.wanadoo.nl) has joined this channel.</span><br />
<span class="irc-date">[9:34]</span> <span class="irc-green">* zimmbi (~Adium@cable-static-242-48.eblcom.ch) has joined this channel.</span><br />
<span class="irc-date">[9:37]</span> <span class="irc-navy">* zimmbi (~Adium@cable-static-242-48.eblcom.ch) Quit (Client Quit)</span><br />
<span class="irc-date">[9:37]</span> <span class="irc-green">* zimmbi (~Adium@cable-static-242-48.eblcom.ch) has joined this channel.</span><br />
<span class="irc-date">[9:38]</span> <span class="irc-navy">* zimmbi (~Adium@cable-static-242-48.eblcom.ch) Quit (Client Quit)</span><br />
<span class="irc-date">[9:38]</span> <span class="irc-green">* zimmbi (~Adium@cable-static-242-48.eblcom.ch) has joined this channel.</span><br />
<span class="irc-date">[9:47]</span> <span class="irc-navy">* zimmbi (~Adium@cable-static-242-48.eblcom.ch) Quit (Quit: Leaving.)</span><br />
<span class="irc-date">[9:51]</span> <span class="irc-green">* zimmbi (~Adium@cable-static-242-48.eblcom.ch) has joined this channel.</span><br />
<span class="irc-date">[10:06]</span> <span class="irc-navy">* zimmbi (~Adium@cable-static-242-48.eblcom.ch) Quit (Quit: Leaving.)</span><br />
<span class="irc-date">[11:22]</span> <span class="irc-green">* knowsnotmuch (~ashwinds@122.174.134.201) has joined this channel.</span><br />
<span class="irc-date">[11:56]</span> <span class="irc-navy">* knowsnotmuch (~ashwinds@122.174.134.201) Quit (Quit: Zzzz)</span><br />
<span class="irc-date">[11:58]</span> <span class="irc-green">* knowsnotmuch (~ashwinds@122.174.134.201) has joined this channel.</span><br />
<span class="irc-date">[12:16]</span> <span class="irc-green">* zimmbi (~Adium@cable-static-242-48.eblcom.ch) has joined this channel.</span><br />
<span class="irc-date">[12:28]</span> <span class="irc-navy">* knowsnotmuch (~ashwinds@122.174.134.201) Quit (Quit: Zzzz)</span><br />
<span class="irc-date">[12:46]</span> <span class="irc-green">* knowsnotmuch (~ashwinds@122.174.134.201) has joined this channel.</span><br />
<span class="irc-date">[12:53]</span> <span class="irc-navy">* zimmbi (~Adium@cable-static-242-48.eblcom.ch) Quit (Quit: Leaving.)</span><br />
<span class="irc-date">[12:53]</span> <span class="irc-green">* Clust3r_ (~Clust3r@gateway.area-hosting.com) has joined this channel.</span><br />
<span class="irc-date">[12:59]</span> <span class="irc-green">* zimmbi (~Adium@cable-static-242-48.eblcom.ch) has joined this channel.</span><br />
<span class="irc-date">[13:00]</span> <span class="irc-navy">* zimmbi (~Adium@cable-static-242-48.eblcom.ch) Quit (Client Quit)</span><br />
<span class="irc-date">[13:05]</span> <span class="irc-navy">* knowsnotmuch (~ashwinds@122.174.134.201) Quit (Quit: Zzzz)</span><br />
<span class="irc-date">[14:56]</span> <span class="irc-green">* gdanko (~gdanko@nat/yahoo/x-irsbjdusyycwnokm) has joined this channel.</span><br />
<span class="irc-date">[15:15]</span> <span class="irc-green">* zimmbi1 (~Adium@cable-static-242-48.eblcom.ch) has joined this channel.</span><br />
<span class="irc-date">[15:18]</span> <span class="irc-green">* zimmbi2 (~Adium@cable-static-242-48.eblcom.ch) has joined this channel.</span><br />
<span class="irc-date">[15:21]</span> <span class="irc-navy">* zimmbi1 (~Adium@cable-static-242-48.eblcom.ch) Quit (Ping timeout: 276 seconds)</span><br />
<span class="irc-date">[15:42]</span> <span class="irc-navy">* zimmbi2 (~Adium@cable-static-242-48.eblcom.ch) Quit (Quit: Leaving.)</span><br />
<span class="irc-date">[15:45]</span> <span class="irc-green">* zimmbi1 (~Adium@cable-static-242-48.eblcom.ch) has joined this channel.</span><br />
<span class="irc-date">[15:47]</span> <span class="irc-green">* kalpik (~kalpik@unaffiliated/kalpik) has joined this channel.</span><br />
<span class="irc-date">[15:51]</span> <span class="irc-navy">* zimmbi1 (~Adium@cable-static-242-48.eblcom.ch) Quit (Ping timeout: 276 seconds)</span><br />
<span class="irc-date">[16:00]</span> <span class="irc-green">* Wout|NBBG (~Wout@s559776f4.adsl.wanadoo.nl) has joined this channel.</span><br />
<span class="irc-date">[16:04]</span> <span class="irc-navy">* Wout` (Wout@s559776f4.adsl.wanadoo.nl) Quit (Ping timeout: 276 seconds)</span><br />
<span class="irc-date">[16:06]</span> <span class="irc-black">&lt;gdanko&gt; hi all</span><br />
<span class="irc-date">[16:06]</span> <span class="irc-black">&lt;birdman&gt; heya</span><br />
<span class="irc-date">[16:06]</span> <span class="irc-black">&lt;gdanko&gt; how goes it?</span><br />
<span class="irc-date">[16:06]</span> <span class="irc-black">&lt;gdanko&gt; been busy with the new baby</span><br />
<span class="irc-date">[16:06]</span> <span class="irc-black">&lt;gdanko&gt; 3-4 hrs of sleep/night</span><br />
<span class="irc-date">[16:06]</span> <span class="irc-black">&lt;birdman&gt; another day, another bit of fussing with samsung's terrible source</span><br />
<span class="irc-date">[16:06]</span> <span class="irc-black">&lt;birdman&gt; ewww</span><br />
<span class="irc-date">[16:07]</span> <span class="irc-black">&lt;gdanko&gt; yep</span><br />
<span class="irc-date">[16:07]</span> <span class="irc-black">&lt;gdanko&gt; sux</span><br />
<span class="irc-date">[16:07]</span> <span class="irc-black">&lt;gdanko&gt; what is the status?</span><br />
<span class="irc-date">[16:07]</span> <span class="irc-black">&lt;birdman&gt; status is same as it ever was</span><br />
<span class="irc-date">[16:07]</span> <span class="irc-black">&lt;birdman&gt; least on the fascinate side of the house :P</span><br />
<span class="irc-date">[16:08]</span> <span class="irc-black">&lt;gdanko&gt; camera hokey, etc?</span><br />
<span class="irc-date">[16:08]</span> <span class="irc-black">&lt;gdanko&gt; samsung is lame. i will never buy another samsung device.</span><br />
<span class="irc-date">[16:15]</span> <span class="irc-black">&lt;gdanko&gt; i thought about getting the cruz t103 but its stuck at 2.0 :(</span><br />
<span class="irc-date">[16:15]</span> <span class="irc-black">&lt;gdanko&gt; only 169 at best buy</span><br />
<span class="irc-date">[16:16]</span> <span class="irc-black">&lt;gdanko&gt; but for my uses i think itd be ok</span><br />
<span class="irc-date">[16:17]</span> <span class="irc-black">&lt;gdanko&gt; its official, atrix ships march 6th!</span><br />
<span class="irc-date">[16:43]</span> <span class="irc-black">&lt;dasunsrule32&gt; gdanko: congrats, me too</span><br />
<span class="irc-date">[16:43]</span> <span class="irc-black">&lt;dasunsrule32&gt; :p</span><br />
<span class="irc-date">[16:43]</span> <span class="irc-black">&lt;gdanko&gt; thanks dasunsrule32! congrats!</span><br />
<span class="irc-date">[16:45]</span> <span class="irc-black">&lt;dasunsrule32&gt; thanks</span><br />
<span class="irc-date">[16:45]</span> <span class="irc-black">&lt;dasunsrule32&gt; lol</span><br />
<span class="irc-date">[16:45]</span> <span class="irc-black">&lt;dasunsrule32&gt; sleepless in PHX</span><br />
<span class="irc-date">[16:45]</span> <span class="irc-black">&lt;dasunsrule32&gt; :p</span><br />
<span class="irc-date">[16:50]</span> <span class="irc-green">* GuiPer (~GuiPer@ip-86-49-25-242.net.upcbroadband.cz) has joined this channel.</span><br />
<span class="irc-date">[16:56]</span> <span class="irc-brick">* dasunsrule32 stupid XDA</span><br />
<span class="irc-date">[17:02]</span> <span class="irc-black">&lt;iCEBrkr&gt; dasunsrule32: #blameeugene</span><br />
<span class="irc-date">[17:03]</span> <span class="irc-black">&lt;dasunsrule32&gt; ha, maybe</span><br />
<span class="irc-date">[17:03]</span> <span class="irc-black">&lt;dasunsrule32&gt; lol</span><br />
<span class="irc-date">[17:03]</span> <span class="irc-black">&lt;dasunsrule32&gt; I haven't tried any other areas on xda</span><br />
<span class="irc-date">[17:04]</span> <span class="irc-black">&lt;dasunsrule32&gt; Just flashed test26, not looking good,  no data after reboot</span><br />
<span class="irc-date">[17:05]</span> <span class="irc-black">&lt;dasunsrule32&gt; sdcard won't mount</span><br />
<span class="irc-date">[17:05]</span> <span class="irc-black">&lt;dasunsrule32&gt; back to test24</span><br />
<span class="irc-date">[17:07]</span> <span class="irc-black">&lt;iCEBrkr&gt; I guess when Eug tweeted about the update.. XDA crashed.</span><br />
<span class="irc-date">[17:07]</span> <span class="irc-black">&lt;dasunsrule32&gt; ah</span><br />
<span class="irc-date">[17:08]</span> <span class="irc-black">&lt;dasunsrule32&gt; it didn't work too well ;)</span><br />
<span class="irc-date">[17:08]</span> <span class="irc-black">&lt;dasunsrule32&gt; I think it wiped me lol</span><br />
<span class="irc-date">[17:08]</span> <span class="irc-black">&lt;dasunsrule32&gt; yep</span><br />
<span class="irc-date">[17:08]</span> <span class="irc-black">&lt;dasunsrule32&gt; good thing I back up my sdcard</span><br />
<span class="irc-date">[17:09]</span> <span class="irc-black">&lt;dasunsrule32&gt; I have no idea what the heck happened on this kernel</span><br />
<span class="irc-date">[17:09]</span> <span class="irc-black">&lt;dasunsrule32&gt; wow</span><br />
<span class="irc-date">[17:10]</span> <span class="irc-black">&lt;dasunsrule32&gt; Guess it didn't wipe, bunch of uid errors</span><br />
<span class="irc-date">[17:10]</span> <span class="irc-navy">* kernelzilla (~patrick@174-17-88-104.phnx.qwest.net) Quit (Ping timeout: 246 seconds)</span><br />
<span class="irc-date">[17:10]</span> <span class="irc-black">&lt;dasunsrule32&gt; great</span><br />
<span class="irc-date">[17:11]</span> <span class="irc-black">&lt;iCEBrkr&gt; haha</span><br />
<span class="irc-date">[17:11]</span> <span class="irc-black">&lt;iCEBrkr&gt; I flashed my Tab with a voodoo kernel.  Can't add widgets! lol</span><br />
<span class="irc-date">[17:11]</span> <span class="irc-black">&lt;dasunsrule32&gt; might as well wipe now</span><br />
<span class="irc-date">[17:11]</span> <span class="irc-black">&lt;dasunsrule32&gt; o.O</span><br />
<span class="irc-date">[17:11]</span> <span class="irc-black">&lt;dasunsrule32&gt; nice</span><br />
<span class="irc-date">[17:11]</span> <span class="irc-black">&lt;iCEBrkr&gt; oh duuuh</span><br />
<span class="irc-date">[17:11]</span> <span class="irc-black">&lt;iCEBrkr&gt; I know why</span><br />
<span class="irc-date">[17:11]</span> <span class="irc-black">&lt;dasunsrule32&gt; wip on the tablet still</span><br />
<span class="irc-date">[17:12]</span> <span class="irc-black">&lt;iCEBrkr&gt; I locked ADWLauncher</span><br />
<span class="irc-date">[17:12]</span> <span class="irc-black">&lt;dasunsrule32&gt; unlock your desktop</span><br />
<span class="irc-date">[17:12]</span> <span class="irc-black">&lt;dasunsrule32&gt; lol</span><br />
<span class="irc-date">[17:12]</span> <span class="irc-brick">* iCEBrkr slaps his forehead</span><br />
<span class="irc-date">[17:12]</span> <span class="irc-black">&lt;iCEBrkr&gt; lol</span><br />
<span class="irc-date">[17:12]</span> <span class="irc-black">&lt;dasunsrule32&gt; i did that the other day</span><br />
<span class="irc-date">[17:12]</span> <span class="irc-brick">* dasunsrule32 brain fart moment</span><br />
<span class="irc-date">[17:12]</span> <span class="irc-black">&lt;dasunsrule32&gt; gassy</span><br />
<span class="irc-date">[17:12]</span> <span class="irc-black">&lt;dasunsrule32&gt; It brought down XDA with all the problems everyone is having with it</span><br />
<span class="irc-date">[17:12]</span> <span class="irc-black">&lt;dasunsrule32&gt; looking to see what it flashed</span><br />
<span class="irc-date">[17:14]</span> <span class="irc-black">&lt;dasunsrule32&gt; just a modem, zImage</span><br />
<span class="irc-date">[17:14]</span> <span class="irc-black">&lt;dasunsrule32&gt; hrm</span><br />
<span class="irc-date">[17:14]</span> <span class="irc-black">&lt;iCEBrkr&gt; I haven't touched it</span><br />
<span class="irc-date">[17:14]</span> <span class="irc-black">&lt;dasunsrule32&gt; something in his initramfs</span><br />
<span class="irc-date">[17:14]</span> <span class="irc-black">&lt;dasunsrule32&gt; worst thing is, flashing back to the old kernel, doesn't work</span><br />
<span class="irc-date">[17:17]</span> <span class="irc-black">&lt;iCEBrkr&gt; oops</span><br />
<span class="irc-date">[17:18]</span> <span class="irc-black">&lt;dasunsrule32&gt; and running fix_permissions_sgs doesn't work</span><br />
<span class="irc-date">[17:19]</span> <span class="irc-black">&lt;dasunsrule32&gt; i didn't want to wipe lol</span><br />
<span class="irc-date">[17:19]</span> <span class="irc-black">&lt;dasunsrule32&gt; oh well</span><br />
<span class="irc-date">[17:19]</span> <span class="irc-black">&lt;dasunsrule32&gt; here goes</span><br />
<span class="irc-date">[17:19]</span> <span class="irc-black">&lt;dasunsrule32&gt; I have tons of backups</span><br />
<span class="irc-date">[17:19]</span> <span class="irc-black">&lt;dasunsrule32&gt; :p</span><br />
<span class="irc-date">[17:19]</span> <span class="irc-black">&lt;dasunsrule32&gt; xda is still down, a lot of problems I take it lol</span><br />
<span class="irc-date">[17:21]</span> <span class="irc-black">&lt;iCEBrkr&gt; haha</span><br />
<span class="irc-date">[17:22]</span> <span class="irc-green">* kernelzilla (~patrick@174-26-66-197.phnx.qwest.net) has joined this channel.</span><br />
<span class="irc-date">[17:23]</span> <span class="irc-black">&lt;dasunsrule32&gt; wiped dalvik, rebooting</span><br />
<span class="irc-date">[17:23]</span> <span class="irc-black">&lt;dasunsrule32&gt; *fingers crossed</span><br />
<span class="irc-date">[17:26]</span> <span class="irc-black">&lt;dasunsrule32&gt; nada</span><br />
<span class="irc-date">[17:26]</span> <span class="irc-black">&lt;dasunsrule32&gt; Guess I needed to wipe, was having issues with calendar sync to Google Calendars, but not from</span><br />
<span class="irc-date">[17:26]</span> <span class="irc-black">&lt;dasunsrule32&gt; :(</span><br />
<span class="irc-date">[17:29]</span> <span class="irc-green">* knowsnotmuch (~ashwinds@122.174.134.201) has joined this channel.</span><br />
<span class="irc-date">[17:36]</span> <span class="irc-black">&lt;iCEBrkr&gt; haha</span><br />
<span class="irc-date">[17:36]</span> <span class="irc-green">* coolya|away is now known as coolya</span><br />
<span class="irc-date">[17:38]</span> <span class="irc-navy">* atinm (~atin@unaffiliated/atinm) Quit (Quit: atinm)</span><br />
<span class="irc-date">[17:38]</span> <span class="irc-black">&lt;dasunsrule32&gt; o.O</span><br />
<span class="irc-date">[17:40]</span> <span class="irc-navy">* GuiPer (~GuiPer@ip-86-49-25-242.net.upcbroadband.cz) Quit (Ping timeout: 240 seconds)</span><br />
<span class="irc-date">[17:44]</span> <span class="irc-brick">* dasunsrule32 still trying to figure out why I can't install Google Car Home from the market...</span><br />
<span class="irc-date">[17:44]</span> <span class="irc-green">* atinm (~atin@unaffiliated/atinm) has joined this channel.</span><br />
<span class="irc-date">[17:44]</span> <span class="irc-green">* ChanServ sets mode +o atinm</span><br />
<span class="irc-date">[17:44]</span> <span class="irc-brick">* dasunsrule32 can't see it</span><br />
<span class="irc-date">[17:56]</span> <span class="irc-black">&lt;dasunsrule32&gt; iCEBrkr: forgot I did a nandroid @ 2am before I went to sleep, or so I hope</span><br />
<span class="irc-date">[17:58]</span> <span class="irc-brick">* iCEBrkr chuckles</span><br />
<span class="irc-date">[17:58]</span> <span class="irc-black">&lt;iCEBrkr&gt; See, that's what happens at 2am.. You forget</span><br />
<span class="irc-date">[17:58]</span> <span class="irc-brick">* iCEBrkr &amp;</span><br />
<span class="irc-date">[18:01]</span> <span class="irc-black">&lt;dasunsrule32&gt; yea</span><br />
<span class="irc-date">[18:01]</span> <span class="irc-black">&lt;dasunsrule32&gt; lol</span><br />
<span class="irc-date">[18:02]</span> <span class="irc-black">&lt;dasunsrule32&gt; hoping, I also made a mybackup root</span><br />
<span class="irc-date">[18:02]</span> <span class="irc-black">&lt;dasunsrule32&gt; :p</span><br />
<span class="irc-date">[18:02]</span> <span class="irc-black">&lt;dasunsrule32&gt; just the apps and data</span><br />
<span class="irc-date">[18:11]</span> <span class="irc-black">&lt;dasunsrule32&gt; iCEBrkr: thank the good Lord for that backup lol</span><br />
<span class="irc-date">[18:11]</span> <span class="irc-black">&lt;dasunsrule32&gt; still think I am going to wipe and start over to fix the calendar syncing issues, it worked when I wiped...</span><br />
<span class="irc-date">[18:16]</span> <span class="irc-black">&lt;birdman&gt; coolya, you around?</span><br />
<span class="irc-date">[18:17]</span> <span class="irc-navy">* Clust3r_ (~Clust3r@gateway.area-hosting.com) Quit ()</span><br />
<span class="irc-date">[18:17]</span> <span class="irc-green">* knowsnotmuch (~ashwinds@122.174.134.201) has left this channel.</span><br />
<span class="irc-date">[18:21]</span> <span class="irc-green">* coolya is now known as coolya|away</span><br />
<span class="irc-date">[18:33]</span> <span class="irc-navy">* Wout|NBBG (~Wout@s559776f4.adsl.wanadoo.nl) Quit ()</span><br />
<span class="irc-date">[18:50]</span> <span class="irc-navy">* birdman (~Steven@24.246.130.106) Quit (Read error: No route to host)</span><br />
<span class="irc-date">[18:50]</span> <span class="irc-green">* birdman (~Steven@24.246.130.106) has joined this channel.</span><br />
<span class="irc-date">[19:02]</span> <span class="irc-navy">* gdanko (~gdanko@nat/yahoo/x-irsbjdusyycwnokm) Quit (Read error: Connection reset by peer)</span><br />
<span class="irc-date">[19:04]</span> <span class="irc-green">* gdanko (~gdanko@99-33-178-151.lightspeed.simica.sbcglobal.net) has joined this channel.</span><br />
<span class="irc-date">[19:10]</span> <span class="irc-green">* codeworkx (~codeworkx@95-89-111-251-dynip.superkabel.de) has joined this channel.</span><br />
<span class="irc-date">[19:15]</span> <span class="irc-green">* coolya|away is now known as coolya</span><br />
<span class="irc-date">[19:20]</span> <span class="irc-navy">* gdanko (~gdanko@99-33-178-151.lightspeed.simica.sbcglobal.net) Quit (Ping timeout: 250 seconds)</span><br />
<span class="irc-date">[19:20]</span> <span class="irc-green">* gdanko (~gdanko@nat/yahoo/x-bntfyxmpubxwksue) has joined this channel.</span><br />
<span class="irc-date">[19:40]</span> <span class="irc-green">* zimmbi (~Adium@cable-static-242-48.eblcom.ch) has joined this channel.</span><br />
<span class="irc-date">[19:56]</span> <span class="irc-black">&lt;UberPinguin&gt; Is there a working build for Captivate?</span><br />
<span class="irc-date">[19:58]</span> <span class="irc-green">* coolya is now known as coolya|away</span><br />
<span class="irc-date">[19:58]</span> <span class="irc-navy">* zimmbi (~Adium@cable-static-242-48.eblcom.ch) Quit (Quit: Leaving.)</span><br />
<span class="irc-date">[20:05]</span> <span class="irc-green">* zimmbi1 (~Adium@cable-static-242-48.eblcom.ch) has joined this channel.</span><br />
<span class="irc-date">[20:06]</span> <span class="irc-brick">* thedood waves</span><br />
<span class="irc-date">[20:09]</span> <span class="irc-navy">* zimmbi1 (~Adium@cable-static-242-48.eblcom.ch) Quit (Client Quit)</span><br />
<span class="irc-date">[20:12]</span> <span class="irc-green">* coolya|away is now known as coolya</span><br />
<span class="irc-date">[20:14]</span> <span class="irc-brick">* coolya thows a stone :-D</span><br />
<span class="irc-date">[20:47]</span> <span class="irc-black">&lt;magote&gt; coolya, you guys need help managing the issue tracker? Could help with it, finsished my exames already, got lots of spare time</span><br />
<span class="irc-date">[20:47]</span> <span class="irc-black">&lt;coolya&gt; :-)</span><br />
<span class="irc-date">[20:49]</span> <span class="irc-black">&lt;coolya&gt; yep we need someone who keeps it clean, i don't have that much spare beside the weekend</span><br />
<span class="irc-date">[20:53]</span> <span class="irc-navy">* jt|bbiab (~jt1134@c-71-207-226-80.hsd1.al.comcast.net) Quit (Remote host closed the connection)</span><br />
