<span class="irc-date">[1:15]</span> <span class="irc-navy">* magote (~magote@a79-169-106-110.cpe.netcabo.pt) Quit ()</span><br />
<span class="irc-date">[1:27]</span> <span class="irc-green">* coolya|away is now known as coolya</span><br />
<span class="irc-date">[2:04]</span> <span class="irc-green">* coolya is now known as coolya|away</span><br />
<span class="irc-date">[15:07]</span> <span class="irc-brown">-verne.freenode.net- *** Looking up your hostname...</span><br />
<span class="irc-date">[15:07]</span> <span class="irc-brown">-verne.freenode.net- *** Checking Ident</span><br />
<span class="irc-date">[15:07]</span> <span class="irc-brown">-verne.freenode.net- *** Found your hostname</span><br />
<span class="irc-date">[15:07]</span> <span class="irc-brown">-verne.freenode.net- *** No Ident response</span><br />
<span class="irc-date">[15:07]</span> <span class="irc-green">* cmsgsteam-logger (~PircBot@cmsgs.com) has joined this channel.</span><br />
<span class="irc-date">[15:07]</span> <span class="irc-green">* Topic is 'SGS CyanogenMod developers and testers (and other kernel and android hackers) - <a href="http://www.cmsgs.com/'">http://www.cmsgs.com/'</a></span><br />
<span class="irc-date">[15:07]</span> <span class="irc-green">* Set by atinm|night!~atin@unaffiliated/atinm on Sun Dec 19 02:05:32 GMT 2010</span><br />
<span class="irc-date">[15:07]</span> <span class="irc-brown">-verne.freenode.net- [freenode-info] help freenode weed out clonebots -- please register your IRC nick and auto-identify: <a href="http://freenode.net/faq.shtml#nicksetup">http://freenode.net/faq.shtml#nicksetup</a></span><br />
<span class="irc-date">[15:07]</span> <span class="irc-brown">-ChanServ- [#__topsecret__] SGS-CM6 developers and testers only pls. Others could be kickbanned if not contributing to the channel's function.</span><br />
<span class="irc-date">[15:07]</span> <span class="irc-green">* ChanServ sets mode +o cmsgsteam-logger</span><br />
<span class="irc-date">[15:48]</span> <span class="irc-navy">* thedeanius (~dean@c-24-2-24-87.hsd1.mo.comcast.net) Quit (Quit: thedeanius)</span><br />
<span class="irc-date">[16:37]</span> <span class="irc-green">* skeeterslint (~skeetersl@c-71-192-215-99.hsd1.ma.comcast.net) has joined this channel.</span><br />
<span class="irc-date">[17:16]</span> <span class="irc-navy">* codeworkx (~codeworkx@95-89-111-251-dynip.superkabel.de) Quit (Read error: Connection reset by peer)</span><br />
<span class="irc-date">[17:40]</span> <span class="irc-green">* codeworkx (~codeworkx@95-89-111-251-dynip.superkabel.de) has joined this channel.</span><br />
<span class="irc-date">[18:08]</span> <span class="irc-green">* Froz3n (561e16a5@gateway/web/freenode/ip.86.30.22.165) has joined this channel.</span><br />
<span class="irc-date">[18:51]</span> <span class="irc-navy">* jt1134 (~jt1134@c-71-207-226-80.hsd1.al.comcast.net) Quit (Remote host closed the connection)</span><br />
<span class="irc-date">[19:13]</span> <span class="irc-green">* thedeanius (~dean@c-24-2-24-87.hsd1.mo.comcast.net) has joined this channel.</span><br />
<span class="irc-date">[19:24]</span> <span class="irc-green">* coolya|away is now known as coolya</span><br />
<span class="irc-date">[19:31]</span> <span class="irc-navy">* Froz3n (561e16a5@gateway/web/freenode/ip.86.30.22.165) Quit (Quit: Page closed)</span><br />
<span class="irc-date">[19:31]</span> <span class="irc-green">* GuiPer (~GuiPer@ip-86-49-25-242.net.upcbroadband.cz) has joined this channel.</span><br />
<span class="irc-date">[19:32]</span> <span class="irc-black">&lt;GuiPer&gt; Hi</span><br />
<span class="irc-date">[19:32]</span> <span class="irc-black">&lt;GuiPer&gt; noobnl: around here?</span><br />
<span class="irc-date">[19:32]</span> <span class="irc-black">&lt;GuiPer&gt; have a question regarding Epic gingerbread port status</span><br />
<span class="irc-date">[19:32]</span> <span class="irc-black">&lt;GuiPer&gt; mainly the shitty RIL</span><br />
<span class="irc-date">[19:39]</span> <span class="irc-navy">* skeeterslint (~skeetersl@c-71-192-215-99.hsd1.ma.comcast.net) Quit (Remote host closed the connection)</span><br />
<span class="irc-date">[19:57]</span> <span class="irc-green">* coolya is now known as coolya|away</span><br />
<span class="irc-date">[20:10]</span> <span class="irc-green">* coolya|away is now known as coolya</span><br />
<span class="irc-date">[20:54]</span> <span class="irc-green">* thedood|away is now known as eldood</span><br />
<span class="irc-date">[21:36]</span> <span class="irc-navy">* birdman (~Steven@24.246.130.106) Quit (Ping timeout: 240 seconds)</span><br />
<span class="irc-date">[21:50]</span> <span class="irc-green">* birdman (~Steven@24.246.161.240) has joined this channel.</span><br />
<span class="irc-date">[21:57]</span> <span class="irc-black">&lt;noobnl&gt; hi</span><br />
<span class="irc-date">[21:57]</span> <span class="irc-black">&lt;noobnl&gt; GuiPer</span><br />
<span class="irc-date">[21:57]</span> <span class="irc-black">&lt;noobnl&gt;  what  device??</span><br />
<span class="irc-date">[21:59]</span> <span class="irc-black">&lt;GuiPer&gt; epic I guess :)</span><br />
<span class="irc-date">[21:59]</span> <span class="irc-black">&lt;GuiPer&gt; trying to fix RIL in gingerbread for I9000, but having some problems, more than in gingerbread</span><br />
<span class="irc-date">[21:59]</span> <span class="irc-black">&lt;GuiPer&gt; *in froyo</span><br />
<span class="irc-date">[21:59]</span> <span class="irc-black">&lt;noobnl&gt; does phone fc?</span><br />
<span class="irc-date">[22:00]</span> <span class="irc-black">&lt;noobnl&gt;  we have a cdma version</span><br />
<span class="irc-date">[22:00]</span> <span class="irc-black">&lt;noobnl&gt;  galaxy s</span><br />
<span class="irc-date">[22:01]</span> <span class="irc-black">&lt;noobnl&gt; so  it mught be different</span><br />
<span class="irc-date">[22:01]</span> <span class="irc-black">&lt;GuiPer&gt; it's true :S</span><br />
<span class="irc-date">[22:01]</span> <span class="irc-black">&lt;noobnl&gt; does phone fc??</span><br />
<span class="irc-date">[22:01]</span> <span class="irc-black">&lt;GuiPer&gt; we have pooling troubles as well as 2g/3g toogle</span><br />
<span class="irc-date">[22:01]</span> <span class="irc-black">&lt;noobnl&gt;  for you?</span><br />
<span class="irc-date">[22:01]</span> <span class="irc-black">&lt;GuiPer&gt; nop</span><br />
<span class="irc-date">[22:01]</span> <span class="irc-black">&lt;noobnl&gt; hm</span><br />
<span class="irc-date">[22:01]</span> <span class="irc-black">&lt;GuiPer&gt; well, im using coolya github</span><br />
<span class="irc-date">[22:02]</span> <span class="irc-black">&lt;noobnl&gt; hm</span><br />
<span class="irc-date">[22:02]</span> <span class="irc-black">&lt;noobnl&gt; ok</span><br />
<span class="irc-date">[22:02]</span> <span class="irc-black">&lt;GuiPer&gt; but saw that you were also using some of his work on RIL from froyo</span><br />
<span class="irc-date">[22:02]</span> <span class="irc-black">&lt;noobnl&gt;  yes</span><br />
<span class="irc-date">[22:03]</span> <span class="irc-black">&lt;noobnl&gt;  your using nexus sources?</span><br />
<span class="irc-date">[22:04]</span> <span class="irc-black">&lt;noobnl&gt;   try putting the ril from i9000</span><br />
<span class="irc-date">[22:23]</span> <span class="irc-green">* coolya is now known as coolya|away</span><br />
