<span class="irc-date">[0:00]</span> <span class="irc-black">&lt;codeworkx&gt; this crappy bootloader doesn't like the android magic (header) at boot.img. so i simply cut it off xD</span><br />
<span class="irc-date">[0:00]</span> <span class="irc-black">&lt;codeworkx&gt; but i'm sure we'll solve this</span><br />
<span class="irc-date">[0:01]</span> <span class="irc-black">&lt;codeworkx&gt; best way: kill this bootloader</span><br />
<span class="irc-date">[0:01]</span> <span class="irc-black">&lt;UberPinguin&gt; <a href="http://paste.pocoo.org/show/328543/">http://paste.pocoo.org/show/328543/</a>    Based on that snippet, one would expect that setting CONFIG_ONEDRAM_DGSINFO and/or CONFIG_ONEDRAM_READ_FSR would result in those headers being included, right?</span><br />
<span class="irc-date">[0:01]</span> <span class="irc-black">&lt;UberPinguin&gt; But, instead, I get <a href="http://paste.pocoo.org/show/328521/">http://paste.pocoo.org/show/328521/</a></span><br />
<span class="irc-date">[0:02]</span> <span class="irc-black">&lt;codeworkx&gt; hehe</span><br />
<span class="irc-date">[0:03]</span> <span class="irc-black">&lt;UberPinguin&gt; Also, I had to modify the includes because they were pointing at the wrong locations &gt;_&lt;</span><br />
<span class="irc-date">[0:03]</span> <span class="irc-black">&lt;UberPinguin&gt; I sincerely believe that Samsung publishes broken sources to appear GPL-compliant without actually providing useful data.</span><br />
<span class="irc-date">[0:11]</span> <span class="irc-black">&lt;codeworkx&gt; yes</span><br />
<span class="irc-date">[0:11]</span> <span class="irc-black">&lt;codeworkx&gt; at JPM sources they deleted some folders (rfs) but didn't clean the makefiles xD</span><br />
<span class="irc-date">[0:11]</span> <span class="irc-black">&lt;UberPinguin&gt; Yeah, same in JPX</span><br />
<span class="irc-date">[0:12]</span> <span class="irc-black">&lt;codeworkx&gt; next device = HTC</span><br />
<span class="irc-date">[0:12]</span> <span class="irc-black">&lt;UberPinguin&gt; I had to make some dummy makefiles to get distclean to run :p</span><br />
<span class="irc-date">[0:12]</span> <span class="irc-black">&lt;codeworkx&gt; did that too xD</span><br />
<span class="irc-date">[0:12]</span> <span class="irc-black">&lt;UberPinguin&gt; I've never worked with HTC's sources; are they reasonably complete?</span><br />
<span class="irc-date">[0:12]</span> <span class="irc-black">&lt;codeworkx&gt; our nexus s sources are really clean compared to JPX</span><br />
<span class="irc-date">[0:13]</span> <span class="irc-black">&lt;UberPinguin&gt; hm</span><br />
<span class="irc-date">[0:13]</span> <span class="irc-black">&lt;UberPinguin&gt; Yeah, but I don't think the Nexus S sources have what's needed for the CDMA/WiMAX phones to work.</span><br />
<span class="irc-date">[0:13]</span> <span class="irc-black">&lt;codeworkx&gt; dont know</span><br />
<span class="irc-date">[0:13]</span> <span class="irc-black">&lt;codeworkx&gt; if i plug my i9000 to my computer, windows says "Nexus S" xD</span><br />
<span class="irc-date">[0:13]</span> <span class="irc-black">&lt;UberPinguin&gt; lol</span><br />
<span class="irc-date">[0:14]</span> <span class="irc-black">&lt;codeworkx&gt; but doesn't matter. it's working fine xD</span><br />
<span class="irc-date">[0:14]</span> <span class="irc-black">&lt;UberPinguin&gt; Guess I'll see if I can get something built from an NS checkout, then. I think I'm going to give up on JPX being worth a damn.</span><br />
<span class="irc-date">[0:17]</span> <span class="irc-black">&lt;codeworkx&gt; give it a try</span><br />
<span class="irc-date">[0:17]</span> <span class="irc-black">&lt;codeworkx&gt; <a href="https://github.com/coolya/android_kernel_samsung">https://github.com/coolya/android_kernel_samsung</a></span><br />
<span class="irc-date">[0:17]</span> <span class="irc-black">&lt;codeworkx&gt; <a href="https://github.com/coolya/gingerbread-galaxys-initramfs">https://github.com/coolya/gingerbread-galaxys-initramfs</a></span><br />
<span class="irc-date">[0:18]</span> <span class="irc-navy">* jeagoss (jef@i.kanged.kingklick.org) Quit (Quit: leaving)</span><br />
<span class="irc-date">[0:18]</span> <span class="irc-black">&lt;UberPinguin&gt; I'd like to build a froyo kernel, though</span><br />
<span class="irc-date">[0:18]</span> <span class="irc-black">&lt;UberPinguin&gt; My phone doesn't have a working gingerbread yet</span><br />
<span class="irc-date">[0:18]</span> <span class="irc-black">&lt;codeworkx&gt; royo is out xD</span><br />
<span class="irc-date">[0:18]</span> <span class="irc-black">&lt;codeworkx&gt; froyo is damn old</span><br />
<span class="irc-date">[0:18]</span> <span class="irc-black">&lt;codeworkx&gt; froyo is like ms dos 6.2</span><br />
<span class="irc-date">[0:18]</span> <span class="irc-black">&lt;codeworkx&gt; xD</span><br />
<span class="irc-date">[0:18]</span> <span class="irc-black">&lt;UberPinguin&gt; lol</span><br />
<span class="irc-date">[0:19]</span> <span class="irc-black">&lt;UberPinguin&gt; Testing it is much simpler on my phone, because I can just bounce back and forth between kernels</span><br />
<span class="irc-date">[0:19]</span> <span class="irc-black">&lt;codeworkx&gt; think we should make a video of gingerbread on sgs</span><br />
<span class="irc-date">[0:19]</span> <span class="irc-black">&lt;UberPinguin&gt; I don't have to flash an entire experimental ROM</span><br />
<span class="irc-date">[0:19]</span> <span class="irc-black">&lt;codeworkx&gt; it's not experimental. using it since christmas as daily</span><br />
<span class="irc-date">[0:19]</span> <span class="irc-black">&lt;codeworkx&gt; xD</span><br />
<span class="irc-date">[0:19]</span> <span class="irc-black">&lt;UberPinguin&gt; Yeah, but my phone has major differences ;)</span><br />
<span class="irc-date">[0:20]</span> <span class="irc-black">&lt;UberPinguin&gt; The Epic is the redheaded stepchild of Galaxy S</span><br />
<span class="irc-date">[0:20]</span> <span class="irc-black">&lt;codeworkx&gt; then fix it</span><br />
<span class="irc-date">[0:20]</span> <span class="irc-black">&lt;codeworkx&gt; i'll go to bed. cya</span><br />
<span class="irc-date">[0:20]</span> <span class="irc-black">&lt;UberPinguin&gt; gnite</span><br />
<span class="irc-date">[0:21]</span> <span class="irc-green">* jeagoss (jef@i.kanged.kingklick.org) has joined this channel.</span><br />
<span class="irc-date">[0:21]</span> <span class="irc-navy">* codeworkx (~codeworkx@95-89-111-251-dynip.superkabel.de) Quit (Read error: Connection reset by peer)</span><br />
<span class="irc-date">[0:23]</span> <span class="irc-green">* thedeanius (~dean@c-24-2-24-87.hsd1.mo.comcast.net) has joined this channel.</span><br />
<span class="irc-date">[0:37]</span> <span class="irc-navy">* gdanko (~gdanko@66-162-32-185.static.twtelecom.net) Quit (Ping timeout: 240 seconds)</span><br />
<span class="irc-date">[0:39]</span> <span class="irc-green">* Pedlar (~mkoenig@vps4590.inmotionhosting.com) has left this channel.</span><br />
<span class="irc-date">[1:08]</span> <span class="irc-green">* kernelzilla (~patrick@63-225-197-75.phnx.qwest.net) has joined this channel.</span><br />
<span class="irc-date">[1:16]</span> <span class="irc-navy">* jeagoss (jef@i.kanged.kingklick.org) Quit (Quit: leaving)</span><br />
<span class="irc-date">[2:43]</span> <span class="irc-navy">* kalpik (~kalpik@unaffiliated/kalpik) Quit (Read error: Connection reset by peer)</span><br />
<span class="irc-date">[2:44]</span> <span class="irc-green">* kalpik (~kalpik@unaffiliated/kalpik) has joined this channel.</span><br />
<span class="irc-date">[3:08]</span> <span class="irc-black">&lt;UberPinguin&gt; Anyone have the Nexus S froyo kernel source?  opensource.samsung.com doesn't work on mobile browsers.</span><br />
<span class="irc-date">[3:25]</span> <span class="irc-navy">* kalpik (~kalpik@unaffiliated/kalpik) Quit (Ping timeout: 264 seconds)</span><br />
<span class="irc-date">[3:33]</span> <span class="irc-green">* kalpik (~kalpik@unaffiliated/kalpik) has joined this channel.</span><br />
<span class="irc-date">[3:55]</span> <span class="irc-navy">* kalpik (~kalpik@unaffiliated/kalpik) Quit (Disconnected by services)</span><br />
<span class="irc-date">[3:56]</span> <span class="irc-green">* kalpik (~kalpik@unaffiliated/kalpik) has joined this channel.</span><br />
<span class="irc-date">[4:13]</span> <span class="irc-navy">* thedeanius (~dean@c-24-2-24-87.hsd1.mo.comcast.net) Quit (Quit: thedeanius)</span><br />
<span class="irc-date">[4:17]</span> <span class="irc-navy">* iCEBrkr (~icebrkr@cyberdyne.org) Quit (Ping timeout: 250 seconds)</span><br />
<span class="irc-date">[4:20]</span> <span class="irc-green">* iCEBrkr (~icebrkr@cyberdyne.org) has joined this channel.</span><br />
<span class="irc-date">[4:24]</span> <span class="irc-green">* jeagoss (jef@i.kanged.kingklick.org) has joined this channel.</span><br />
<span class="irc-date">[5:32]</span> <span class="irc-green">* ciwrl|sick[w] is now known as ciwrl|sick</span><br />
<span class="irc-date">[7:35]</span> <span class="irc-green">* coolya|away is now known as coolya</span><br />
<span class="irc-date">[9:06]</span> <span class="irc-navy">* kalpik (~kalpik@unaffiliated/kalpik) Quit (Disconnected by services)</span><br />
<span class="irc-date">[9:07]</span> <span class="irc-green">* kalpik (~kalpik@unaffiliated/kalpik) has joined this channel.</span><br />
<span class="irc-date">[9:24]</span> <span class="irc-navy">* wArri (~dave.will@rrcs-72-45-254-78.nys.biz.rr.com) Quit (Quit: ( www.nnscript.com :: NoNameScript 4.22 :: www.esnation.com ))</span><br />
<span class="irc-date">[10:28]</span> <span class="irc-green">* Gregounech (6dd2d1b9@gateway/web/freenode/ip.109.210.209.185) has joined this channel.</span><br />
<span class="irc-date">[10:54]</span> <span class="irc-green">* codeworkx (~codeworkx@95-89-111-251-dynip.superkabel.de) has joined this channel.</span><br />
<span class="irc-date">[11:17]</span> <span class="irc-black">&lt;Gregounech&gt; Any chance to see a new test release today ?</span><br />
<span class="irc-date">[11:40]</span> <span class="irc-navy">* kalpik (~kalpik@unaffiliated/kalpik) Quit (Ping timeout: 255 seconds)</span><br />
<span class="irc-date">[11:53]</span> <span class="irc-green">* kalpik (~kalpik@unaffiliated/kalpik) has joined this channel.</span><br />
<span class="irc-date">[12:46]</span> <span class="irc-black">&lt;Gregounech&gt; Just had a crash while using the phone and trying to enter settings</span><br />
<span class="irc-date">[12:47]</span> <span class="irc-black">&lt;Gregounech&gt; which resulted in a full reboot</span><br />
<span class="irc-date">[14:00]</span> <span class="irc-black">&lt;codeworkx&gt; why you would see a new release? we've nothing fixed</span><br />
<span class="irc-date">[14:00]</span> <span class="irc-black">&lt;Gregounech&gt; ok</span><br />
<span class="irc-date">[14:48]</span> <span class="irc-green">* zimmbi (~Adium@cable-static-242-48.eblcom.ch) has joined this channel.</span><br />
<span class="irc-date">[14:49]</span> <span class="irc-black">&lt;zimmbi&gt; hallo</span><br />
<span class="irc-date">[14:57]</span> <span class="irc-black">&lt;codeworkx&gt; english please ;-)</span><br />
<span class="irc-date">[15:00]</span> <span class="irc-black">&lt;zimmbi&gt; hello</span><br />
<span class="irc-date">[15:00]</span> <span class="irc-black">&lt;zimmbi&gt; ;)</span><br />
<span class="irc-date">[15:00]</span> <span class="irc-black">&lt;zimmbi&gt; i'm currently using modem jpy modem, will cm7 work with this or does it contain an own modem?</span><br />
<span class="irc-date">[15:02]</span> <span class="irc-black">&lt;coolya&gt; you have to flash a modem AFTER you installed CM7</span><br />
<span class="irc-date">[15:02]</span> <span class="irc-black">&lt;zimmbi&gt; ok jpy modem will be fine?</span><br />
<span class="irc-date">[15:03]</span> <span class="irc-black">&lt;coolya&gt; all froyo modems should work</span><br />
<span class="irc-date">[15:04]</span> <span class="irc-black">&lt;zimmbi&gt; ok thank you</span><br />
<span class="irc-date">[15:08]</span> <span class="irc-navy">* zimmbi (~Adium@cable-static-242-48.eblcom.ch) Quit (Quit: Leaving.)</span><br />
<span class="irc-date">[15:10]</span> <span class="irc-black">&lt;Gregounech&gt; oh we have to flash a modem after ?</span><br />
<span class="irc-date">[15:10]</span> <span class="irc-black">&lt;Gregounech&gt; Even reflash JPY on JPY modem ?</span><br />
<span class="irc-date">[15:16]</span> <span class="irc-black">&lt;Gregounech&gt; + I need to copy me efs partition which was backed up to /efs right?</span><br />
<span class="irc-date">[15:22]</span> <span class="irc-black">&lt;codeworkx&gt; the initial package does all for you</span><br />
<span class="irc-date">[15:23]</span> <span class="irc-black">&lt;codeworkx&gt; you don't have to flash a modem</span><br />
<span class="irc-date">[15:23]</span> <span class="irc-black">&lt;Gregounech&gt; oh</span><br />
<span class="irc-date">[15:23]</span> <span class="irc-black">&lt;Gregounech&gt; ok</span><br />
<span class="irc-date">[15:23]</span> <span class="irc-black">&lt;codeworkx&gt; its included</span><br />
<span class="irc-date">[15:23]</span> <span class="irc-black">&lt;Gregounech&gt; same for efs ?</span><br />
<span class="irc-date">[15:23]</span> <span class="irc-black">&lt;codeworkx&gt; just follow steps on readme</span><br />
<span class="irc-date">[15:23]</span> <span class="irc-black">&lt;Gregounech&gt; ok</span><br />
<span class="irc-date">[15:23]</span> <span class="irc-black">&lt;Gregounech&gt; that's what I've done</span><br />
<span class="irc-date">[15:23]</span> <span class="irc-black">&lt;Gregounech&gt; then updated to 1/27 version</span><br />
<span class="irc-date">[15:32]</span> <span class="irc-green">* zimmbi (~Adium@cable-static-242-48.eblcom.ch) has joined this channel.</span><br />
<span class="irc-date">[15:39]</span> <span class="irc-navy">* kalpik (~kalpik@unaffiliated/kalpik) Quit (Ping timeout: 255 seconds)</span><br />
<span class="irc-date">[15:42]</span> <span class="irc-black">&lt;Gregounech&gt; When I plug in to my SGS (which is turned off) to charge it, it automatically turns on. Is this normal ?</span><br />
<span class="irc-date">[15:47]</span> <span class="irc-black">&lt;codeworkx&gt; don't know. i never powered off my device xD</span><br />
<span class="irc-date">[15:49]</span> <span class="irc-black">&lt;coolya&gt; Gregounech: it is</span><br />
<span class="irc-date">[15:49]</span> <span class="irc-black">&lt;coolya&gt; the samsung kernel powers on, too but only shows the charging animation</span><br />
<span class="irc-date">[15:52]</span> <span class="irc-green">* zimmbi1 (~Adium@cable-static-242-48.eblcom.ch) has joined this channel.</span><br />
<span class="irc-date">[15:52]</span> <span class="irc-navy">* zimmbi (~Adium@cable-static-242-48.eblcom.ch) Quit (Ping timeout: 276 seconds)</span><br />
<span class="irc-date">[15:52]</span> <span class="irc-green">* kalpik (~kalpik@unaffiliated/kalpik) has joined this channel.</span><br />
<span class="irc-date">[15:59]</span> <span class="irc-black">&lt;codeworkx&gt; after my new build is ready i'll upload it</span><br />
<span class="irc-date">[16:05]</span> <span class="irc-black">&lt;zimmbi1&gt; difference from -ota and -update files?</span><br />
<span class="irc-date">[16:07]</span> <span class="irc-black">&lt;zimmbi1&gt; stuck in a loop -  android.database.sqlite.SQLiteException: no such table: android_metadata</span><br />
<span class="irc-date">[16:11]</span> <span class="irc-black">&lt;zimmbi1&gt; can't flash any files from recovery - E: no misc partition</span><br />
<span class="irc-date">[16:12]</span> <span class="irc-black">&lt;coolya&gt; you can ignore that error</span><br />
<span class="irc-date">[16:13]</span> <span class="irc-black">&lt;zimmbi1&gt; but i can't flash the modem</span><br />
<span class="irc-date">[16:14]</span> <span class="irc-navy">* kalpik (~kalpik@unaffiliated/kalpik) Quit (Disconnected by services)</span><br />
<span class="irc-date">[16:14]</span> <span class="irc-black">&lt;coolya&gt; you try to flash a update.zip from samsung kernel ?</span><br />
<span class="irc-date">[16:14]</span> <span class="irc-black">&lt;coolya&gt; that won't work</span><br />
<span class="irc-date">[16:14]</span> <span class="irc-green">* kalpik (~kalpik@unaffiliated/kalpik) has joined this channel.</span><br />
<span class="irc-date">[16:14]</span> <span class="irc-black">&lt;zimmbi1&gt; i try to flash XXJPY_Modem.zip</span><br />
<span class="irc-date">[16:14]</span> <span class="irc-black">&lt;zimmbi1&gt; hmm ok</span><br />
<span class="irc-date">[16:15]</span> <span class="irc-black">&lt;coolya&gt; that will try to write to the bml stuff that is not there in our kernel</span><br />
<span class="irc-date">[16:15]</span> <span class="irc-black">&lt;coolya&gt; mtd5 is the modem partition</span><br />
<span class="irc-date">[16:15]</span> <span class="irc-black">&lt;zimmbi1&gt; i've flashes efsbackup then initial-kernel with odin, then initial.zip and then reboot, now it doesn't boot up</span><br />
<span class="irc-date">[16:15]</span> <span class="irc-black">&lt;coolya&gt; you can use dd to write a modem there</span><br />
<span class="irc-date">[16:16]</span> <span class="irc-black">&lt;coolya&gt; you did a wipe ?</span><br />
<span class="irc-date">[16:16]</span> <span class="irc-black">&lt;zimmbi1&gt; followed the instructions - format system, data and cache</span><br />
<span class="irc-date">[16:16]</span> <span class="irc-black">&lt;zimmbi1&gt; should i do a wipe too?</span><br />
<span class="irc-date">[16:19]</span> <span class="irc-black">&lt;coolya&gt; data format is the same like wipe :-)</span><br />
<span class="irc-date">[16:19]</span> <span class="irc-black">&lt;zimmbi1&gt; dd if=/sdcard/modem.bin of=/dev/mtd/mtd5</span><br />
<span class="irc-date">[16:19]</span> <span class="irc-black">&lt;zimmbi1&gt; right?</span><br />
<span class="irc-date">[16:20]</span> <span class="irc-black">&lt;coolya&gt; if think is should be /dev/block/mtd5&lt;blah&gt; or something</span><br />
<span class="irc-date">[16:21]</span> <span class="irc-black">&lt;zimmbi1&gt; mtdblock5</span><br />
<span class="irc-date">[16:21]</span> <span class="irc-black">&lt;zimmbi1&gt;  /dev/block/mtdblock5</span><br />
<span class="irc-date">[16:21]</span> <span class="irc-black">&lt;coolya&gt; yep</span><br />
<span class="irc-date">[16:23]</span> <span class="irc-black">&lt;zimmbi1&gt; do i need to do that or is a modem already included in initial?</span><br />
<span class="irc-date">[16:25]</span> <span class="irc-black">&lt;Gregounech&gt; codeworkx told me everything is included</span><br />
<span class="irc-date">[16:25]</span> <span class="irc-black">&lt;coolya&gt; nur suer but it should boot without modem</span><br />
<span class="irc-date">[16:25]</span> <span class="irc-black">&lt;Gregounech&gt; in initial</span><br />
<span class="irc-date">[16:26]</span> <span class="irc-black">&lt;Gregounech&gt; oh 29/01 update</span><br />
<span class="irc-date">[16:26]</span> <span class="irc-black">&lt;codeworkx&gt; still uploading</span><br />
<span class="irc-date">[16:26]</span> <span class="irc-black">&lt;Gregounech&gt; ok</span><br />
<span class="irc-date">[16:26]</span> <span class="irc-black">&lt;Gregounech&gt; what's fixed ?</span><br />
<span class="irc-date">[16:26]</span> <span class="irc-black">&lt;codeworkx&gt; dont flash any modem. it's all included</span><br />
<span class="irc-date">[16:26]</span> <span class="irc-black">&lt;zimmbi1&gt; ok</span><br />
<span class="irc-date">[16:26]</span> <span class="irc-black">&lt;Gregounech&gt; You have optic fiber ? Cause you're uploading super quickly.</span><br />
<span class="irc-date">[16:27]</span> <span class="irc-black">&lt;codeworkx&gt; follow instructions on readme? xD</span><br />
<span class="irc-date">[16:27]</span> <span class="irc-black">&lt;codeworkx&gt; docsis</span><br />
<span class="irc-date">[16:27]</span> <span class="irc-black">&lt;zimmbi1&gt; yes i do</span><br />
<span class="irc-date">[16:27]</span> <span class="irc-black">&lt;zimmbi1&gt; boot logo loop</span><br />
<span class="irc-date">[16:27]</span> <span class="irc-black">&lt;zimmbi1&gt; now done a wipe</span><br />
<span class="irc-date">[16:28]</span> <span class="irc-black">&lt;zimmbi1&gt; it's up now</span><br />
<span class="irc-date">[16:28]</span> <span class="irc-black">&lt;Gregounech&gt; Yeah still fast</span><br />
<span class="irc-date">[16:28]</span> <span class="irc-black">&lt;Gregounech&gt; I have 250KB/s dl, 40KB/s up :(</span><br />
<span class="irc-date">[16:28]</span> <span class="irc-black">&lt;codeworkx&gt; 4MB/s down, 200kb/s up</span><br />
<span class="irc-date">[16:29]</span> <span class="irc-black">&lt;coolya&gt; 6MB/s down, 1.2MB/s up :-D</span><br />
<span class="irc-date">[16:29]</span> <span class="irc-black">&lt;codeworkx&gt; wtf</span><br />
<span class="irc-date">[16:29]</span> <span class="irc-black">&lt;zimmbi1&gt; is the kernel included in update packages or do i need to flash them too?</span><br />
<span class="irc-date">[16:29]</span> <span class="irc-black">&lt;Gregounech&gt; <a href="http://img709.imageshack.us/img709/4875/fuuuuuuuuuuuu.jpg">http://img709.imageshack.us/img709/4875/fuuuuuuuuuuuu.jpg</a></span><br />
<span class="irc-date">[16:29]</span> <span class="irc-black">&lt;codeworkx&gt; it's included</span><br />
<span class="irc-date">[16:30]</span> <span class="irc-black">&lt;coolya&gt; lol</span><br />
<span class="irc-date">[16:30]</span> <span class="irc-black">&lt;Gregounech&gt; ^^</span><br />
<span class="irc-date">[16:31]</span> <span class="irc-black">&lt;Gregounech&gt; update done uploading right ?</span><br />
<span class="irc-date">[16:31]</span> <span class="irc-black">&lt;Gregounech&gt; I can download it now</span><br />
<span class="irc-date">[16:33]</span> <span class="irc-green">* thedeanius (~dean@c-24-2-24-87.hsd1.mo.comcast.net) has joined this channel.</span><br />
<span class="irc-date">[16:33]</span> <span class="irc-black">&lt;Gregounech&gt; What is fixed in this release codeworkx ?</span><br />
<span class="irc-date">[16:36]</span> <span class="irc-black">&lt;codeworkx&gt; touchkey feedback</span><br />
<span class="irc-date">[16:36]</span> <span class="irc-black">&lt;Gregounech&gt; cool</span><br />
<span class="irc-date">[16:36]</span> <span class="irc-black">&lt;codeworkx&gt; merged mainline stuff the whole day</span><br />
<span class="irc-date">[16:36]</span> <span class="irc-black">&lt;codeworkx&gt; maybe some new cool features</span><br />
<span class="irc-date">[16:51]</span> <span class="irc-black">&lt;codeworkx&gt; tested 29 initial package on brothers phone. works fine</span><br />
<span class="irc-date">[16:54]</span> <span class="irc-black">&lt;Gregounech&gt; ok</span><br />
<span class="irc-date">[16:55]</span> <span class="irc-black">&lt;Gregounech&gt; gonna flash the update package now</span><br />
<span class="irc-date">[16:58]</span> <span class="irc-black">&lt;zimmbi1&gt; MD5 (cm7-galaxys-update-20110129.zip) = bfd64a3fc38b38532600d72ef21b32af</span><br />
<span class="irc-date">[17:03]</span> <span class="irc-black">&lt;zimmbi1&gt; update works fine</span><br />
<span class="irc-date">[17:06]</span> <span class="irc-navy">* zimmbi1 (~Adium@cable-static-242-48.eblcom.ch) Quit (Quit: Leaving.)</span><br />
<span class="irc-date">[17:13]</span> <span class="irc-black">&lt;codeworkx&gt; additional ringtones and themes are missing</span><br />
<span class="irc-date">[17:16]</span> <span class="irc-black">&lt;Gregounech&gt; themes ?</span><br />
<span class="irc-date">[17:21]</span> <span class="irc-navy">* kalpik (~kalpik@unaffiliated/kalpik) Quit (Disconnected by services)</span><br />
<span class="irc-date">[17:21]</span> <span class="irc-green">* kalpik (~kalpik@unaffiliated/kalpik) has joined this channel.</span><br />
<span class="irc-date">[17:26]</span> <span class="irc-green">* knowsnotmuch (~ashwinds@122.174.68.78) has joined this channel.</span><br />
<span class="irc-date">[17:28]</span> <span class="irc-black">&lt;knowsnotmuch&gt; codeworkx, hello! this is ashwinds.. you have a mirror / alt site? downloads from the link you sent are down to a crawl</span><br />
<span class="irc-date">[17:32]</span> <span class="irc-black">&lt;codeworkx&gt; no</span><br />
<span class="irc-date">[17:33]</span> <span class="irc-black">&lt;codeworkx&gt; downloading with 4MB/s</span><br />
<span class="irc-date">[17:33]</span> <span class="irc-black">&lt;codeworkx&gt; must be your problem</span><br />
<span class="irc-date">[17:33]</span> <span class="irc-black">&lt;knowsnotmuch&gt; ohh ok - tried other sites - seemed fast</span><br />
<span class="irc-date">[17:33]</span> <span class="irc-black">&lt;knowsnotmuch&gt; will try later</span><br />
<span class="irc-date">[17:33]</span> <span class="irc-black">&lt;knowsnotmuch&gt; must be transitionary... thanks</span><br />
<span class="irc-date">[17:35]</span> <span class="irc-black">&lt;knowsnotmuch&gt; _much_ faster now</span><br />
<span class="irc-date">[17:49]</span> <span class="irc-green">* knowsnotmuch (~ashwinds@122.174.68.78) has left this channel.</span><br />
<span class="irc-date">[17:50]</span> <span class="irc-green">* Clust3r_ (~Clust3r@gateway.cluster-services.fr) has joined this channel.</span><br />
<span class="irc-date">[18:16]</span> <span class="irc-navy">* kalpik (~kalpik@unaffiliated/kalpik) Quit (Ping timeout: 260 seconds)</span><br />
<span class="irc-date">[18:21]</span> <span class="irc-green">* kalpik (~kalpik@unaffiliated/kalpik) has joined this channel.</span><br />
<span class="irc-date">[18:39]</span> <span class="irc-navy">* noobnl (~noob@unaffiliated/noobnl) Quit ()</span><br />
<span class="irc-date">[19:02]</span> <span class="irc-black">&lt;codeworkx&gt; this new theme manager is pretty nice</span><br />
<span class="irc-date">[19:07]</span> <span class="irc-green">* noobnl (~noob@unaffiliated/noobnl) has joined this channel.</span><br />
<span class="irc-date">[19:08]</span> <span class="irc-green">* Wout (~Wout@s53758cbd.adsl.wanadoo.nl) has joined this channel.</span><br />
<span class="irc-date">[19:08]</span> <span class="irc-black">&lt;Wout&gt; oi</span><br />
<span class="irc-date">[19:09]</span> <span class="irc-black">&lt;Wout&gt; coolya / codeworkx: should hardware decoding already be working?</span><br />
<span class="irc-date">[19:09]</span> <span class="irc-black">&lt;coolya&gt; sure</span><br />
<span class="irc-date">[19:09]</span> <span class="irc-black">&lt;Wout&gt; weird, I tried using rockplayer with hw acceleration enabled</span><br />
<span class="irc-date">[19:10]</span> <span class="irc-black">&lt;Wout&gt; and it throws an error</span><br />
<span class="irc-date">[19:10]</span> <span class="irc-black">&lt;coolya&gt; but upscalling from LQ is broken</span><br />
<span class="irc-date">[19:10]</span> <span class="irc-black">&lt;Wout&gt; so....an avi file in sd-resolution should work through hardware, or not?</span><br />
<span class="irc-date">[19:10]</span> <span class="irc-black">&lt;coolya&gt; awsomeplayer uses hw</span><br />
<span class="irc-date">[19:11]</span> <span class="irc-black">&lt;coolya&gt; everything should work in software</span><br />
<span class="irc-date">[19:11]</span> <span class="irc-black">&lt;Wout&gt; yeah, the avi plays through software, just not with hw acceleration</span><br />
<span class="irc-date">[19:12]</span> <span class="irc-black">&lt;Wout&gt; cant seem to find awesomeplayer on the market or google, do you have an url?</span><br />
<span class="irc-date">[19:12]</span> <span class="irc-black">&lt;coolya&gt; it is the build in android player ;-)</span><br />
<span class="irc-date">[19:12]</span> <span class="irc-black">&lt;coolya&gt; the fron end for omx</span><br />
<span class="irc-date">[19:13]</span> <span class="irc-black">&lt;Wout&gt; the green Videos icon?</span><br />
<span class="irc-date">[19:13]</span> <span class="irc-black">&lt;coolya&gt; yes</span><br />
<span class="irc-date">[19:13]</span> <span class="irc-black">&lt;Wout&gt; that shows 'No videos' even though I have avi files on both /mnt/emmc and /mnt/sdcard</span><br />
<span class="irc-date">[19:14]</span> <span class="irc-black">&lt;coolya&gt; then we don't support the codec</span><br />
<span class="irc-date">[19:15]</span> <span class="irc-black">&lt;coolya&gt; that will be the reason why rockplayer fails on hw decoding</span><br />
<span class="irc-date">[19:15]</span> <span class="irc-black">&lt;Wout&gt; hmm ok, it's just regular xvid</span><br />
<span class="irc-date">[19:15]</span> <span class="irc-black">&lt;coolya&gt; we don't habe xvid support in CM</span><br />
<span class="irc-date">[19:16]</span> <span class="irc-black">&lt;coolya&gt; patent issue</span><br />
<span class="irc-date">[19:16]</span> <span class="irc-black">&lt;Wout&gt; ah, that explains it :)</span><br />
<span class="irc-date">[19:16]</span> <span class="irc-black">&lt;Wout&gt; but h.264 should work?</span><br />
<span class="irc-date">[19:16]</span> <span class="irc-black">&lt;Wout&gt; through hw</span><br />
<span class="irc-date">[19:17]</span> <span class="irc-black">&lt;coolya&gt; yes i'm playing one just at the momen on my phone :-D</span><br />
<span class="irc-date">[19:17]</span> <span class="irc-black">&lt;Wout&gt; cool, will test some more then</span><br />
<span class="irc-date">[19:17]</span> <span class="irc-black">&lt;Wout&gt; btw, really impressed by how usable the current build is already</span><br />
<span class="irc-date">[19:18]</span> <span class="irc-navy">* magote (~magote@a79-169-106-110.cpe.netcabo.pt) Quit (Ping timeout: 240 seconds)</span><br />
<span class="irc-date">[19:18]</span> <span class="irc-black">&lt;coolya&gt; the only real video problem is low quality in fullscreen</span><br />
<span class="irc-date">[19:20]</span> <span class="irc-black">&lt;Wout&gt; if you dont mind, whats the different between low q and hq? do they use different parts of the driver for decoding?</span><br />
<span class="irc-date">[19:21]</span> <span class="irc-black">&lt;coolya&gt; it not the driver it the handling in hardware. the lowquality one is scalled up to the screen reseloution on fullscreen</span><br />
<span class="irc-date">[19:21]</span> <span class="irc-black">&lt;coolya&gt; the hq one don't needs that</span><br />
<span class="irc-date">[19:22]</span> <span class="irc-black">&lt;Wout&gt; ah, and the scaling is broken?</span><br />
<span class="irc-date">[19:22]</span> <span class="irc-black">&lt;Wout&gt; because I thought you (or codeworkx) had mentioned before that the lq problems were related to the camera not working</span><br />
<span class="irc-date">[19:22]</span> <span class="irc-black">&lt;Wout&gt; both framebuffer related or something</span><br />
<span class="irc-date">[19:22]</span> <span class="irc-black">&lt;coolya&gt; its not a lack of codec, it's a but hard to explain but it is more or less a problem that someone doesn't delete his not needed jobs on the hw decoder ;-)</span><br />
<span class="irc-date">[19:23]</span> <span class="irc-black">&lt;coolya&gt; camera and video playback use the same hw component to show pictures ;-)</span><br />
<span class="irc-date">[19:23]</span> <span class="irc-black">&lt;Wout&gt; ah, so fix one, fix the other?</span><br />
<span class="irc-date">[19:23]</span> <span class="irc-black">&lt;coolya&gt; a image prozessor DSP in the CPU</span><br />
<span class="irc-date">[19:23]</span> <span class="irc-black">&lt;coolya&gt; hopefully</span><br />
<span class="irc-date">[19:24]</span> <span class="irc-black">&lt;Wout&gt; ah, let's hope you guys find a way to squash the bug</span><br />
<span class="irc-date">[19:31]</span> <span class="irc-navy">* Wout (~Wout@s53758cbd.adsl.wanadoo.nl) Quit (Ping timeout: 265 seconds)</span><br />
<span class="irc-date">[19:32]</span> <span class="irc-green">* jscurtu (~jscurtu@p4FCC69C4.dip.t-dialin.net) has joined this channel.</span><br />
<span class="irc-date">[19:32]</span> <span class="irc-green">* jscurtu (~jscurtu@p4FCC69C4.dip.t-dialin.net) has left this channel.</span><br />
<span class="irc-date">[19:34]</span> <span class="irc-green">* jscurtu (~jscurtu@p4FCC69C4.dip.t-dialin.net) has joined this channel.</span><br />
<span class="irc-date">[19:35]</span> <span class="irc-black">&lt;Gregounech&gt; oh new release again</span><br />
<span class="irc-date">[19:35]</span> <span class="irc-black">&lt;Gregounech&gt; nice</span><br />
<span class="irc-date">[19:38]</span> <span class="irc-black">&lt;Gregounech&gt; If I'm on 26/01 kernel, is there any need to flash today's one ?</span><br />
<span class="irc-date">[19:40]</span> <span class="irc-black">&lt;noobnl&gt; where is your post of cm7?</span><br />
<span class="irc-date">[19:41]</span> <span class="irc-black">&lt;coolya&gt; no public binaries currently</span><br />
<span class="irc-date">[19:41]</span> <span class="irc-black">&lt;coolya&gt; codeworkx uploaded something for the testers</span><br />
<span class="irc-date">[19:41]</span> <span class="irc-black">&lt;noobnl&gt; oh wonderimg</span><br />
<span class="irc-date">[19:42]</span> <span class="irc-black">&lt;noobnl&gt;  i am doing cm7 for epic</span><br />
<span class="irc-date">[19:42]</span> <span class="irc-black">&lt;noobnl&gt;  and ril crashes</span><br />
<span class="irc-date">[19:42]</span> <span class="irc-black">&lt;noobnl&gt; 0.o</span><br />
<span class="irc-date">[19:42]</span> <span class="irc-black">&lt;coolya&gt; hmm</span><br />
<span class="irc-date">[19:42]</span> <span class="irc-black">&lt;coolya&gt; rild?</span><br />
<span class="irc-date">[19:42]</span> <span class="irc-black">&lt;noobnl&gt; i tried both]</span><br />
<span class="irc-date">[19:42]</span> <span class="irc-black">&lt;noobnl&gt; samsung</span><br />
<span class="irc-date">[19:42]</span> <span class="irc-black">&lt;noobnl&gt;  annd cm7</span><br />
<span class="irc-date">[19:43]</span> <span class="irc-black">&lt;noobnl&gt;  both crashes</span><br />
<span class="irc-date">[19:43]</span> <span class="irc-black">&lt;coolya&gt; instant? or when the framework tries to talk with them ?</span><br />
<span class="irc-date">[19:43]</span> <span class="irc-black">&lt;noobnl&gt; framework</span><br />
<span class="irc-date">[19:44]</span> <span class="irc-black">&lt;noobnl&gt; phone keep crashing</span><br />
<span class="irc-date">[19:44]</span> <span class="irc-black">&lt;noobnl&gt; this is  a cdma device</span><br />
<span class="irc-date">[19:44]</span> <span class="irc-black">&lt;codeworkx&gt; Gregounech: just flash the update.zip</span><br />
<span class="irc-date">[19:44]</span> <span class="irc-black">&lt;noobnl&gt;  if your wondering</span><br />
<span class="irc-date">[19:44]</span> <span class="irc-black">&lt;coolya&gt; strange that the cm7 one crashes. Even when it couldn't talk to the modem it wasn't crashing</span><br />
<span class="irc-date">[19:44]</span> <span class="irc-black">&lt;Gregounech&gt; AH</span><br />
<span class="irc-date">[19:44]</span> <span class="irc-black">&lt;Gregounech&gt; I flashed kernel already</span><br />
<span class="irc-date">[19:45]</span> <span class="irc-black">&lt;Gregounech&gt; downloading update 29</span><br />
<span class="irc-date">[19:45]</span> <span class="irc-black">&lt;codeworkx&gt; no</span><br />
<span class="irc-date">[19:45]</span> <span class="irc-black">&lt;codeworkx&gt; that's bad</span><br />
<span class="irc-date">[19:45]</span> <span class="irc-black">&lt;coolya&gt; noobnl: do you have a backtrace ?</span><br />
<span class="irc-date">[19:45]</span> <span class="irc-black">&lt;codeworkx&gt; apply update-20110129B</span><br />
<span class="irc-date">[19:45]</span> <span class="irc-black">&lt;codeworkx&gt; and dont flash any kernel</span><br />
<span class="irc-date">[19:45]</span> <span class="irc-black">&lt;noobnl&gt; no not yet</span><br />
<span class="irc-date">[19:46]</span> <span class="irc-black">&lt;Gregounech&gt; toolate</span><br />
<span class="irc-date">[19:46]</span> <span class="irc-black">&lt;noobnl&gt;  busy with cyanogenmod 7</span><br />
<span class="irc-date">[19:46]</span> <span class="irc-black">&lt;noobnl&gt;  busy with cyanogenmod 6</span><br />
<span class="irc-date">[19:46]</span> <span class="irc-black">&lt;noobnl&gt; ***</span><br />
<span class="irc-date">[19:46]</span> <span class="irc-black">&lt;codeworkx&gt; kernel is already included. android build and kernel must match</span><br />
<span class="irc-date">[19:46]</span> <span class="irc-black">&lt;codeworkx&gt; otherwise your wifi will be fucked up</span><br />
<span class="irc-date">[19:46]</span> <span class="irc-black">&lt;noobnl&gt; good idea on strace coolya</span><br />
<span class="irc-date">[19:46]</span> <span class="irc-black">&lt;Gregounech&gt; well i'm flashing 29B now</span><br />
<span class="irc-date">[19:46]</span> <span class="irc-black">&lt;Gregounech&gt; so it should be allright afterwards</span><br />
<span class="irc-date">[19:47]</span> <span class="irc-black">&lt;codeworkx&gt; yes</span><br />
<span class="irc-date">[19:52]</span> <span class="irc-green">* Wout (~Wout@s53758cbd.adsl.wanadoo.nl) has joined this channel.</span><br />
<span class="irc-date">[20:03]</span> <span class="irc-black">&lt;Gregounech&gt; So the actual wifi sleep stuff should be fixed now ?</span><br />
<span class="irc-date">[20:05]</span> <span class="irc-black">&lt;codeworkx&gt; no</span><br />
<span class="irc-date">[20:07]</span> <span class="irc-black">&lt;coolya&gt; we don't fix bugs, we only add some :-P</span><br />
<span class="irc-date">[20:08]</span> <span class="irc-black">&lt;Gregounech&gt; OK</span><br />
<span class="irc-date">[20:08]</span> <span class="irc-black">&lt;Gregounech&gt; ^^</span><br />
<span class="irc-date">[20:15]</span> <span class="irc-black">&lt;jscurtu&gt; Hi every one... my wifi is fucked ip :-) I should of read this before going on my own ... I compiled a update with ota_galaxys.sh and kernel faild to install.. this is known I guess</span><br />
<span class="irc-date">[20:16]</span> <span class="irc-black">&lt;codeworkx&gt; no, it works fine</span><br />
<span class="irc-date">[20:17]</span> <span class="irc-black">&lt;jscurtu&gt; hmmm .. than I wonder what could have gone wrong.. I am compiling again and will see</span><br />
<span class="irc-date">[20:18]</span> <span class="irc-black">&lt;codeworkx&gt; build a new kernel and flash it using odin</span><br />
<span class="irc-date">[20:18]</span> <span class="irc-black">&lt;codeworkx&gt; after this your updates will work</span><br />
<span class="irc-date">[20:19]</span> <span class="irc-black">&lt;jscurtu&gt; yeah I'll go for that</span><br />
<span class="irc-date">[20:19]</span> <span class="irc-black">&lt;codeworkx&gt; or do a cat /proc/mtd</span><br />
<span class="irc-date">[20:20]</span> <span class="irc-black">&lt;codeworkx&gt; and you'll see that your boot partition is named "kernel" and you're trying to flash to a partition named "boot"</span><br />
<span class="irc-date">[20:20]</span> <span class="irc-black">&lt;codeworkx&gt; that will not work</span><br />
<span class="irc-date">[20:21]</span> <span class="irc-black">&lt;jscurtu&gt; let me check that out...</span><br />
<span class="irc-date">[20:21]</span> <span class="irc-black">&lt;jscurtu&gt; you are right</span><br />
<span class="irc-date">[20:22]</span> <span class="irc-black">&lt;jscurtu&gt; its kernel</span><br />
<span class="irc-date">[20:23]</span> <span class="irc-black">&lt;jscurtu&gt; so do I just change the updater script to "kernel" ?</span><br />
<span class="irc-date">[20:31]</span> <span class="irc-black">&lt;codeworkx&gt; flash a new kernel using odin</span><br />
<span class="irc-date">[20:31]</span> <span class="irc-black">&lt;codeworkx&gt; it's easier</span><br />
<span class="irc-date">[20:35]</span> <span class="irc-black">&lt;jscurtu&gt; sure.... but if I understand correct then this changed for future builds right?</span><br />
<span class="irc-date">[20:36]</span> <span class="irc-black">&lt;coolya&gt; the partition is renamed in the current source</span><br />
<span class="irc-date">[20:36]</span> <span class="irc-black">&lt;coolya&gt; it will work like a charm in the future ;-)</span><br />
<span class="irc-date">[20:39]</span> <span class="irc-black">&lt;Wout&gt; does the new partition naming require a wipe? or can I flash the new kernel and update 29b?</span><br />
<span class="irc-date">[20:39]</span> <span class="irc-black">&lt;Wout&gt; on top of my current 27 build</span><br />
<span class="irc-date">[20:41]</span> <span class="irc-black">&lt;coolya&gt; can do that without wipe</span><br />
<span class="irc-date">[20:51]</span> <span class="irc-black">&lt;Wout&gt; k,thx</span><br />
<span class="irc-date">[20:51]</span> <span class="irc-black">&lt;jscurtu&gt; codeworkx, can this cause Nandroid to fail ?  because I am not able to do a nandroid backup..</span><br />
<span class="irc-date">[20:54]</span> <span class="irc-green">* noobnl|m (~noobnl@unaffiliated/noobnl) has joined this channel.</span><br />
