<span class="irc-date">[0:00]</span> <span class="irc-black">&lt;atinm&gt; so what are ppl talking about with "ghosting"</span><br />
<span class="irc-date">[0:00]</span> <span class="irc-black">&lt;zachy_md&gt; it really depends: if they're somewhat experienced - they'll now that things are going on in the background</span><br />
<span class="irc-date">[0:00]</span> <span class="irc-black">&lt;atinm&gt; since the new color temp</span><br />
<span class="irc-date">[0:01]</span> <span class="irc-black">&lt;zachy_md&gt; but when they're younger - they'll probably pull the battery out or press the power button for a long time :p</span><br />
<span class="irc-date">[0:01]</span> <span class="irc-black">&lt;zachy_md&gt; just write in the howto - that it takes some time - no one's gonna read it anyway</span><br />
<span class="irc-date">[0:01]</span> <span class="irc-black">&lt;zachy_md&gt; but if all else fails -&gt; it's in the howto ^^</span><br />
<span class="irc-date">[0:02]</span> <span class="irc-black">&lt;Kaik541&gt; it's funny seeing all these people complaining about not seeing CM on ROM manager... they don't have premium versions</span><br />
<span class="irc-date">[0:02]</span> <span class="irc-black">&lt;Kaik541&gt; *sigh*</span><br />
<span class="irc-date">[0:04]</span> <span class="irc-black">&lt;atinm&gt; <a href="http://cm-nightlies.appspot.com/?device=captivatemtd">http://cm-nightlies.appspot.com/?device=captivatemtd</a></span><br />
<span class="irc-date">[0:04]</span> <span class="irc-black">&lt;atinm&gt; like awesome</span><br />
<span class="irc-date">[0:05]</span> <span class="irc-black">&lt;atinm&gt; no more writing changelogs</span><br />
<span class="irc-date">[0:05]</span> <span class="irc-black">&lt;atinm&gt; I am so happy!</span><br />
<span class="irc-date">[0:05]</span> <span class="irc-black">&lt;atinm&gt; :)</span><br />
<span class="irc-date">[0:08]</span> <span class="irc-green">* h8rift (~h8@ip70-178-29-47.ks.ks.cox.net) has joined this channel.</span><br />
<span class="irc-date">[0:10]</span> <span class="irc-black">&lt;gehzumteufel&gt; so just out of curiosity, the number (like 6, 9, etc) is just a numbering scheme that always increases?</span><br />
<span class="irc-date">[0:11]</span> <span class="irc-black">&lt;Kaik541&gt; yes</span><br />
<span class="irc-date">[0:11]</span> <span class="irc-black">&lt;Kaik541&gt; FOREVA</span><br />
<span class="irc-date">[0:11]</span> <span class="irc-black">&lt;gehzumteufel&gt; lol</span><br />
<span class="irc-date">[0:11]</span> <span class="irc-black">&lt;gehzumteufel&gt; No audience for you :p</span><br />
<span class="irc-date">[0:11]</span> <span class="irc-black">&lt;Unhelpful&gt; so nice to build on a real system again :P</span><br />
<span class="irc-date">[0:12]</span> <span class="irc-black">&lt;gehzumteufel&gt; As opposed to a fake system?</span><br />
<span class="irc-date">[0:12]</span> <span class="irc-black">&lt;gehzumteufel&gt; :p</span><br />
<span class="irc-date">[0:14]</span> <span class="irc-black">&lt;Unhelpful&gt; as opposed to a pitiful one!</span><br />
<span class="irc-date">[0:14]</span> <span class="irc-black">&lt;Unhelpful&gt; got my sandy bridge back :)</span><br />
<span class="irc-date">[0:14]</span> <span class="irc-black">&lt;gehzumteufel&gt; Oh nice.</span><br />
<span class="irc-date">[0:14]</span> <span class="irc-black">&lt;Unhelpful&gt; from core duo 2.16GHz -&gt; SB i7-2720QM 2.2GHz :)</span><br />
<span class="irc-date">[0:15]</span> <span class="irc-black">&lt;gehzumteufel&gt; I want to build a new machine. Get a i7 2600 and like 12gb of ram</span><br />
<span class="irc-date">[0:16]</span> <span class="irc-black">&lt;Unhelpful&gt; although, since the iX models and turboboost, clock speeds mean pretty much nothing at all since various places will report max TB speed, max non-TB speed, etc.</span><br />
<span class="irc-date">[0:17]</span> <span class="irc-black">&lt;Unhelpful&gt; i appear to be doing about 2.7GHz @ present, i believe that's the max TB speed w/ all cores running</span><br />
<span class="irc-date">[0:17]</span> <span class="irc-black">&lt;gehzumteufel&gt; Clock speeds have meant pretty much nothing for about 5 years</span><br />
<span class="irc-date">[0:17]</span> <span class="irc-black">&lt;gehzumteufel&gt; IPC has been the focus as of late</span><br />
<span class="irc-date">[0:18]</span> <span class="irc-black">&lt;gehzumteufel&gt; In fact, AMD used to whip on Intel because their IPC was higher at similar clock speeds</span><br />
<span class="irc-date">[0:18]</span> <span class="irc-black">&lt;Unhelpful&gt; gehzumteufel: not strictly true, they have meaning in terms of the computational speed when comparing CPUs w/ the same design, or say, the same CPU when it varies clock.</span><br />
<span class="irc-date">[0:18]</span> <span class="irc-black">&lt;Unhelpful&gt; but yeah, i had AMD back then, when they were murdering intel. things have changed. ;)</span><br />
<span class="irc-date">[0:19]</span> <span class="irc-black">&lt;gehzumteufel&gt; Well I didn't mean have entirely no use, but meant that they have no real bearing when comparing tit for tat</span><br />
<span class="irc-date">[0:19]</span> <span class="irc-black">&lt;gehzumteufel&gt; They are good for determining pricing structure. That's about it. lol</span><br />
<span class="irc-date">[0:22]</span> <span class="irc-black">&lt;Unhelpful&gt; they matter in scaling, too... on i3/i5 and the previous-gen iX CPUs w/ much lower TB limits w/ all cores active, you could finish some jobs faster if you kept them on fewer cores. :)</span><br />
<span class="irc-date">[0:22]</span> <span class="irc-black">&lt;atinm&gt; Unhelpful: what is lvm?</span><br />
<span class="irc-date">[0:22]</span> <span class="irc-black">&lt;atinm&gt; and what was it that you were trying to do to use multiple devices in a single volume?</span><br />
<span class="irc-date">[0:22]</span> <span class="irc-black">&lt;atinm&gt; or whatever that was</span><br />
<span class="irc-date">[0:22]</span> <span class="irc-black">&lt;atinm&gt; discontinuous areas into a single volume</span><br />
<span class="irc-date">[0:23]</span> <span class="irc-black">&lt;gehzumteufel&gt; TB is almost like hyperthreading though, no?</span><br />
<span class="irc-date">[0:23]</span> <span class="irc-black">&lt;atinm&gt; they;re talking about something like that I think on #teamdouche</span><br />
<span class="irc-date">[0:24]</span> <span class="irc-black">&lt;atinm&gt; you should be on there too</span><br />
<span class="irc-date">[0:24]</span> <span class="irc-black">&lt;Unhelpful&gt; gehzumteufel: um, no, it is not.</span><br />
<span class="irc-date">[0:24]</span> <span class="irc-black">&lt;gehzumteufel&gt; lol</span><br />
<span class="irc-date">[0:24]</span> <span class="irc-brick">* gehzumteufel prepares to get schooled</span><br />
<span class="irc-date">[0:24]</span> <span class="irc-black">&lt;atinm&gt; now and then they actually say things that are about coding :)</span><br />
<span class="irc-date">[0:24]</span> <span class="irc-black">&lt;Unhelpful&gt; HT = providing two logical cores per physical core - there are 2x as many sets of dispatch hardware as execution hardware, basically.</span><br />
<span class="irc-date">[0:25]</span> <span class="irc-black">&lt;Unhelpful&gt; TB = stepping clock above stated maximum.</span><br />
<span class="irc-date">[0:25]</span> <span class="irc-black">&lt;gehzumteufel&gt; Right I get that aspect, but it doesn't hurt performance like HT does?</span><br />
<span class="irc-date">[0:25]</span> <span class="irc-black">&lt;gehzumteufel&gt; At load that is</span><br />
<span class="irc-date">[0:25]</span> <span class="irc-black">&lt;gehzumteufel&gt; Or is TB pretty much equal to factory OC?</span><br />
<span class="irc-date">[0:25]</span> <span class="irc-black">&lt;Kaik541&gt; TB = manufacturer approved OC?</span><br />
<span class="irc-date">[0:25]</span> <span class="irc-black">&lt;Unhelpful&gt; it's not like OS-managed CPU clock changes, it happens automatically whenever the "regular" top clock is set, and is subject to thermal and number-of-cores-in-use limits.</span><br />
<span class="irc-date">[0:26]</span> <span class="irc-black">&lt;Unhelpful&gt; basically manufacturer-limited OC, yeah. it throttles back if it gets too hot, and the maximum allowed clock is also based on the number of cores that are not in sleep state.</span><br />
<span class="irc-date">[0:26]</span> <span class="irc-black">&lt;gehzumteufel&gt; Ah in that case then, TB is awesome.</span><br />
<span class="irc-date">[0:27]</span> <span class="irc-black">&lt;Unhelpful&gt; it is, but i3/i5, and afaict nearly everything in the prior generation, needed you to sleep have the cores to get much of anything out of TB</span><br />
<span class="irc-date">[0:28]</span> <span class="irc-black">&lt;gehzumteufel&gt; I'd never buy an i3 in the first place, so no worries on that end of the spectrum</span><br />
<span class="irc-date">[0:28]</span> <span class="irc-black">&lt;atinm&gt; timeout!</span><br />
<span class="irc-date">[0:28]</span> <span class="irc-brick">* gehzumteufel stops</span><br />
<span class="irc-date">[0:28]</span> <span class="irc-black">&lt;atinm&gt; unhelpful - lvm and what was it that you were trying that would take discontiguous areas and map to a single device/volume?</span><br />
<span class="irc-date">[0:29]</span> <span class="irc-black">&lt;atinm&gt; if I understand right</span><br />
<span class="irc-date">[0:29]</span> <span class="irc-black">&lt;Unhelpful&gt; atinm: LVM is about treating raw disk devices as collections of logical blocks</span><br />
<span class="irc-date">[0:29]</span> <span class="irc-black">&lt;atinm&gt; ok, they're talking about it on #teamdouche</span><br />
<span class="irc-date">[0:29]</span> <span class="irc-black">&lt;Unhelpful&gt; UBI can't actually concatenate devices like LVM can.</span><br />
<span class="irc-date">[0:29]</span> <span class="irc-black">&lt;atinm&gt; so I want you there..</span><br />
<span class="irc-date">[0:29]</span> <span class="irc-black">&lt;atinm&gt; if we can do it.</span><br />
<span class="irc-date">[0:29]</span> <span class="irc-black">&lt;atinm&gt; ciwrl|food: can he get an invite too?</span><br />
<span class="irc-date">[0:30]</span> <span class="irc-green">* ciwrl|food is now known as ciwrl</span><br />
<span class="irc-date">[0:30]</span> <span class="irc-black">&lt;ciwrl&gt; who?</span><br />
<span class="irc-date">[0:30]</span> <span class="irc-black">&lt;Unhelpful&gt; UBI requires that we actually have one partition for all of the storage, but it can then slice that partition up into filesystems as we wish.</span><br />
<span class="irc-date">[0:30]</span> <span class="irc-black">&lt;gehzumteufel&gt; ubi = the regular volume manager that linux uses, right?</span><br />
<span class="irc-date">[0:31]</span> <span class="irc-black">&lt;Unhelpful&gt; that would be LVM. UBI is a system that does *some* of the same things, and also bad block management, for flash devices.</span><br />
<span class="irc-date">[0:31]</span> <span class="irc-black">&lt;gehzumteufel&gt; ah</span><br />
<span class="irc-date">[0:32]</span> <span class="irc-black">&lt;atinm&gt; hmm, not sure *what* they're talking about anymore.</span><br />
<span class="irc-date">[0:33]</span> <span class="irc-black">&lt;atinm&gt; it is filesystem related, started as LVM</span><br />
<span class="irc-date">[0:33]</span> <span class="irc-black">&lt;Unhelpful&gt; UBI has a baaaaaad in-kernel bug that needs to be fixed before we could actually use it</span><br />
<span class="irc-date">[0:33]</span> <span class="irc-black">&lt;Unhelpful&gt; it falls over under memory pressure, and suddenly all filesystems are read-only and also corrupted. :P</span><br />
<span class="irc-date">[0:34]</span> <span class="irc-black">&lt;gehzumteufel&gt; ouch</span><br />
<span class="irc-date">[0:34]</span> <span class="irc-black">&lt;gehzumteufel&gt; But, fuck I have this problem on Ubuntu</span><br />
<span class="irc-date">[0:34]</span> <span class="irc-black">&lt;gehzumteufel&gt; minus the all filesystems getting corrupted</span><br />
<span class="irc-date">[0:35]</span> <span class="irc-black">&lt;koush&gt; HyperFS</span><br />
<span class="irc-date">[0:35]</span> <span class="irc-black">&lt;Unhelpful&gt; then i found out they've known about this since... 2k8 iirc?</span><br />
<span class="irc-date">[0:37]</span> <span class="irc-black">&lt;Kaik541&gt; ubifs doesn't have an fsck utility yet, right?</span><br />
<span class="irc-date">[0:40]</span> <span class="irc-black">&lt;atinm&gt; so, what *are* we working on now</span><br />
<span class="irc-date">[0:40]</span> <span class="irc-black">&lt;atinm&gt; unhelpful is working on codecs?</span><br />
<span class="irc-date">[0:40]</span> <span class="irc-black">&lt;gehzumteufel&gt; GPS</span><br />
<span class="irc-date">[0:40]</span> <span class="irc-black">&lt;gehzumteufel&gt; lol</span><br />
<span class="irc-date">[0:40]</span> <span class="irc-brick">* gehzumteufel is kidding</span><br />
<span class="irc-date">[0:40]</span> <span class="irc-black">&lt;atinm&gt; coolya on RIL</span><br />
<span class="irc-date">[0:41]</span> <span class="irc-black">&lt;atinm&gt; which might fix GPS.</span><br />
<span class="irc-date">[0:41]</span> <span class="irc-black">&lt;gehzumteufel&gt; gps is tied to the RIL?!</span><br />
<span class="irc-date">[0:41]</span> <span class="irc-black">&lt;atinm&gt; tho I'm not really sure about that . . .</span><br />
<span class="irc-date">[0:41]</span> <span class="irc-black">&lt;gehzumteufel&gt; wtf kind of shit is that?!</span><br />
<span class="irc-date">[0:41]</span> <span class="irc-black">&lt;atinm&gt; it started working once I thought</span><br />
<span class="irc-date">[0:41]</span> <span class="irc-black">&lt;gehzumteufel&gt; lulz this is Samsung though</span><br />
<span class="irc-date">[0:41]</span> <span class="irc-black">&lt;atinm&gt; when we used samsung ril somehow</span><br />
<span class="irc-date">[0:41]</span> <span class="irc-black">&lt;atinm&gt; but I am not 100% about that.</span><br />
<span class="irc-date">[0:41]</span> <span class="irc-black">&lt;gehzumteufel&gt; ah</span><br />
<span class="irc-date">[0:41]</span> <span class="irc-black">&lt;atinm&gt; was just surprised when I heard about it.</span><br />
<span class="irc-date">[0:41]</span> <span class="irc-brick">* gehzumteufel hopes it's not actually tied to the RIL</span><br />
<span class="irc-date">[0:41]</span> <span class="irc-black">&lt;atinm&gt; and thought screw it - its samsung, who am I to judge</span><br />
<span class="irc-date">[0:42]</span> <span class="irc-black">&lt;atinm&gt; I thought it might have something to do with initialization going on somewhere</span><br />
<span class="irc-date">[0:42]</span> <span class="irc-black">&lt;atinm&gt; maybe it is just AGPS</span><br />
<span class="irc-date">[0:42]</span> <span class="irc-black">&lt;Unhelpful&gt; gehzumteufel: apparently on vibrant and the cdma devices you ask the radio for the gps data... or it's involved in init, or something.</span><br />
<span class="irc-date">[0:42]</span> <span class="irc-black">&lt;gehzumteufel&gt; wtf</span><br />
<span class="irc-date">[0:42]</span> <span class="irc-brick">* gehzumteufel finds that to be retarded</span><br />
<span class="irc-date">[0:42]</span> <span class="irc-black">&lt;atinm&gt; yeah, that's what I thought.</span><br />
<span class="irc-date">[0:42]</span> <span class="irc-black">&lt;gehzumteufel&gt; But this is Samsung</span><br />
<span class="irc-date">[0:42]</span> <span class="irc-black">&lt;atinm&gt; it *is* samsung. please.</span><br />
<span class="irc-date">[0:43]</span> <span class="irc-black">&lt;atinm&gt; I mean, they might be our manufacturer of last resort soon</span><br />
<span class="irc-date">[0:43]</span> <span class="irc-black">&lt;atinm&gt; but still.</span><br />
<span class="irc-date">[0:43]</span> <span class="irc-black">&lt;Unhelpful&gt; atinm: i'm going to take a look at them, at least - most of them, at least superficially, appear to be omx now.</span><br />
<span class="irc-date">[0:43]</span> <span class="irc-black">&lt;atinm&gt; everyone else is going to locked bootloaders</span><br />
<span class="irc-date">[0:43]</span> <span class="irc-black">&lt;Unhelpful&gt; so, maybe if i drop them in my /system/lib and muck about w/ that omx registry file...</span><br />
<span class="irc-date">[0:43]</span> <span class="irc-black">&lt;atinm&gt; unhelpful that would be very very cool if it works</span><br />
<span class="irc-date">[0:43]</span> <span class="irc-black">&lt;atinm&gt; or you get it working.</span><br />
<span class="irc-date">[0:44]</span> <span class="irc-black">&lt;atinm&gt; so you on codecs, coolya on RIL+GPS</span><br />
<span class="irc-date">[0:44]</span> <span class="irc-black">&lt;atinm&gt; guess I should look at headsets</span><br />
<span class="irc-date">[0:44]</span> <span class="irc-black">&lt;Unhelpful&gt; bad news: the two files that appear to be about mkv support reference the opencore libs :P</span><br />
<span class="irc-date">[0:44]</span> <span class="irc-black">&lt;atinm&gt; and sound</span><br />
<span class="irc-date">[0:44]</span> <span class="irc-black">&lt;gehzumteufel&gt; Is opencore, contrary to its name, not open?</span><br />
<span class="irc-date">[0:45]</span> <span class="irc-black">&lt;atinm&gt; opencore is the older interface.</span><br />
<span class="irc-date">[0:45]</span> <span class="irc-black">&lt;atinm&gt; right?</span><br />
<span class="irc-date">[0:45]</span> <span class="irc-black">&lt;atinm&gt; they changed to what is it..</span><br />
<span class="irc-date">[0:45]</span> <span class="irc-black">&lt;atinm&gt; shit, I was reading it earlier.</span><br />
<span class="irc-date">[0:46]</span> <span class="irc-black">&lt;atinm&gt; now my medication is kicking in and starting to get headache</span><br />
<span class="irc-date">[0:46]</span> <span class="irc-black">&lt;atinm&gt; google it</span><br />
<span class="irc-date">[0:46]</span> <span class="irc-black">&lt;atinm&gt; or unhelpful or Kaik541 wil tell us in a minute</span><br />
<span class="irc-date">[0:46]</span> <span class="irc-black">&lt;gehzumteufel&gt; haha yeah. Trying to google now</span><br />
<span class="irc-date">[0:46]</span> <span class="irc-black">&lt;Kaik541&gt; it's LGPL is all I know about opencore</span><br />
<span class="irc-date">[0:47]</span> <span class="irc-black">&lt;Unhelpful&gt; but, right now, importing the dock audio stuff.</span><br />
<span class="irc-date">[0:47]</span> <span class="irc-black">&lt;gehzumteufel&gt; StageFright</span><br />
<span class="irc-date">[0:47]</span> <span class="irc-black">&lt;atinm&gt; right, stagefright is what they went to</span><br />
<span class="irc-date">[0:48]</span> <span class="irc-black">&lt;atinm&gt; so using opencore is lose.</span><br />
<span class="irc-date">[0:48]</span> <span class="irc-black">&lt;atinm&gt; that's why samsung would.</span><br />
<span class="irc-date">[0:48]</span> <span class="irc-black">&lt;atinm&gt; bastids.</span><br />
<span class="irc-date">[0:48]</span> <span class="irc-black">&lt;atinm&gt; how is it that there is no open source stuff?</span><br />
<span class="irc-date">[0:48]</span> <span class="irc-black">&lt;atinm&gt; can linux not run this stuff?</span><br />
<span class="irc-date">[0:49]</span> <span class="irc-black">&lt;atinm&gt; I don't do much video, so have never thought baout it</span><br />
<span class="irc-date">[0:49]</span> <span class="irc-black">&lt;gehzumteufel&gt; For the video, the DRM that they use (for instance on the Vibrant with Avatar), there doesn't seem to be a non-mobile implementation. At least I couldn't find one.</span><br />
<span class="irc-date">[0:49]</span> <span class="irc-black">&lt;Unhelpful&gt; also because they already had codecs for opencore that interface w/ their hardware. :P</span><br />
<span class="irc-date">[0:51]</span> <span class="irc-black">&lt;Kaik541&gt; atinm, you might want to tell people in the OP's of your threads you can only get CM nightlies if you have ROM manager premium license</span><br />
<span class="irc-date">[0:51]</span> <span class="irc-black">&lt;Kaik541&gt; since people arel ike "why don't I see them? blah blah blah"</span><br />
<span class="irc-date">[0:51]</span> <span class="irc-black">&lt;atinm&gt; yeah. ok</span><br />
<span class="irc-date">[0:51]</span> <span class="irc-green">* TMC_Sherpa_ (~TMC_Sherp@c-67-173-42-196.hsd1.il.comcast.net) has joined this channel.</span><br />
<span class="irc-date">[0:51]</span> <span class="irc-black">&lt;atinm&gt; I told them to go buy the program, koush has done enough to get them CM7</span><br />
<span class="irc-date">[0:51]</span> <span class="irc-green">* TMC_Sherpa_ (~TMC_Sherp@c-67-173-42-196.hsd1.il.comcast.net) has left this channel.</span><br />
<span class="irc-date">[0:51]</span> <span class="irc-green">* TMC_Sherpa_ (~TMC_Sherp@c-67-173-42-196.hsd1.il.comcast.net) has joined this channel.</span><br />
<span class="irc-date">[0:51]</span> <span class="irc-brick">* gehzumteufel bought it today since I actually have a reason to buy it</span><br />
<span class="irc-date">[0:52]</span> <span class="irc-black">&lt;Kaik541&gt; I think it was the first android app I bought</span><br />
<span class="irc-date">[0:52]</span> <span class="irc-black">&lt;gehzumteufel&gt; I always intended on buying it, but just never did. Now that CM is on my device, I have a good reason to.</span><br />
<span class="irc-date">[0:53]</span> <span class="irc-black">&lt;TMC_Sherpa_&gt; almost CM for your birthday wwyvern, it's getting there</span><br />
<span class="irc-date">[0:55]</span> <span class="irc-black">&lt;atinm&gt; put it in the FAQs</span><br />
<span class="irc-date">[0:55]</span> <span class="irc-black">&lt;atinm&gt; [B]Q: Why do I not see the nightlies in ROM Manager?[/B]</span><br />
<span class="irc-date">[0:55]</span> <span class="irc-black">&lt;atinm&gt; A: Nightly builds are only visible in the premium version of ROM Manager. Koush, the developer of ROM Manager is a key reason behind Galaxy S phones having CM7. You can buy it to show your support.</span><br />
<span class="irc-date">[0:57]</span> <span class="irc-black">&lt;gehzumteufel&gt; Like it</span><br />
<span class="irc-date">[0:58]</span> <span class="irc-black">&lt;ciwrl&gt; im assuming you say that the webpage for downloads has nightlies for free too right?</span><br />
<span class="irc-date">[0:58]</span> <span class="irc-black">&lt;wwyvern&gt; I see that..it's a wonderful "almost a gift" :)</span><br />
<span class="irc-date">[0:59]</span> <span class="irc-black">&lt;atinm&gt; ciwrl: yes, that's in the main area.</span><br />
<span class="irc-date">[0:59]</span> <span class="irc-black">&lt;ciwrl&gt; kk, just making sure</span><br />
<span class="irc-date">[0:59]</span> <span class="irc-black">&lt;TMC_Sherpa_&gt; well, we tried..and by we I mean people smarter than me</span><br />
<span class="irc-date">[0:59]</span> <span class="irc-black">&lt;wwyvern&gt; Y'all are all smarter than me...(or at least have studied a lot more)</span><br />
<span class="irc-date">[0:59]</span> <span class="irc-black">&lt;atinm&gt; Latest version: <a href="http://mirror.teamdouche.net/?device=galaxysmtd">http://mirror.teamdouche.net/?device=galaxysmtd</a></span><br />
<span class="irc-date">[0:59]</span> <span class="irc-black">&lt;atinm&gt; before flash is recommended to check the md5sum</span><br />
<span class="irc-date">[1:00]</span> <span class="irc-black">&lt;atinm&gt; the rommanager bit is for the people asking why they don't see nightlies in RM.</span><br />
<span class="irc-date">[1:00]</span> <span class="irc-black">&lt;atinm&gt; remember, these ppl are new :)</span><br />
<span class="irc-date">[1:00]</span> <span class="irc-black">&lt;atinm&gt; they don't know CM7</span><br />
<span class="irc-date">[1:00]</span> <span class="irc-black">&lt;wwyvern&gt; I'm just enjoying being able to watch the fireworks and bugtest occasionally</span><br />
<span class="irc-date">[1:00]</span> <span class="irc-black">&lt;atinm&gt; we have to ween them off.</span><br />
<span class="irc-date">[1:00]</span> <span class="irc-black">&lt;atinm&gt; off samsung</span><br />
<span class="irc-date">[1:01]</span> <span class="irc-black">&lt;wwyvern&gt; back in a bit</span><br />
<span class="irc-date">[1:03]</span> <span class="irc-black">&lt;Unhelpful&gt; is the *dock* only for captivate?</span><br />
<span class="irc-date">[1:03]</span> <span class="irc-black">&lt;Unhelpful&gt; because a lot of its code is #ifdef BLUH_CAPTIVATE</span><br />
<span class="irc-date">[1:04]</span> <span class="irc-black">&lt;gehzumteufel&gt; There is a dock for the vibrant too</span><br />
<span class="irc-date">[1:04]</span> <span class="irc-black">&lt;gehzumteufel&gt; Pretty sure the whole Galaxy S line has a dock</span><br />
<span class="irc-date">[1:04]</span> <span class="irc-black">&lt;koush&gt; i can get you guys free copies btw</span><br />
<span class="irc-date">[1:04]</span> <span class="irc-black">&lt;koush&gt; of rm prem</span><br />
<span class="irc-date">[1:04]</span> <span class="irc-black">&lt;gehzumteufel&gt; heh too late</span><br />
<span class="irc-date">[1:04]</span> <span class="irc-black">&lt;gehzumteufel&gt; And I'm glad to support your work</span><br />
<span class="irc-date">[1:04]</span> <span class="irc-black">&lt;Unhelpful&gt; bastard, i already paid ;)</span><br />
<span class="irc-date">[1:05]</span> <span class="irc-black">&lt;koush&gt; :P</span><br />
<span class="irc-date">[1:05]</span> <span class="irc-black">&lt;atinm&gt; me too! :)</span><br />
<span class="irc-date">[1:05]</span> <span class="irc-black">&lt;gehzumteufel&gt; Can't pirate everything in life</span><br />
<span class="irc-date">[1:05]</span> <span class="irc-black">&lt;TMC_Sherpa_&gt; he prolly checked fist :D</span><br />
<span class="irc-date">[1:05]</span> <span class="irc-black">&lt;Unhelpful&gt; so i should probably remove any of those?</span><br />
<span class="irc-date">[1:05]</span> <span class="irc-black">&lt;Unhelpful&gt; do any of us besides me actually own one?</span><br />
<span class="irc-date">[1:05]</span> <span class="irc-black">&lt;atinm&gt; no</span><br />
<span class="irc-date">[1:06]</span> <span class="irc-black">&lt;gehzumteufel&gt; lol no</span><br />
<span class="irc-date">[1:06]</span> <span class="irc-black">&lt;atinm&gt; oh and coolya</span><br />
<span class="irc-date">[1:06]</span> <span class="irc-black">&lt;atinm&gt; he said he would test also</span><br />
<span class="irc-date">[1:06]</span> <span class="irc-black">&lt;atinm&gt; I think the code is #ifdef captivate because xcaliburinhand only has a captivate</span><br />
<span class="irc-date">[1:06]</span> <span class="irc-black">&lt;atinm&gt; but TMC_Sherpa can figure it out</span><br />
<span class="irc-date">[1:06]</span> <span class="irc-black">&lt;atinm&gt; when he sees the code</span><br />
<span class="irc-date">[1:06]</span> <span class="irc-black">&lt;TMC_Sherpa_&gt; dono if its the same across devices...history says no</span><br />
<span class="irc-date">[1:06]</span> <span class="irc-black">&lt;atinm&gt; whether it would work on galaxys and vibrant</span><br />
<span class="irc-date">[1:06]</span> <span class="irc-black">&lt;atinm&gt; or what gpios are different.</span><br />
<span class="irc-date">[1:07]</span> <span class="irc-black">&lt;atinm&gt; maybe?</span><br />
<span class="irc-date">[1:07]</span> <span class="irc-black">&lt;Unhelpful&gt; because i'm @ work &amp; 1) i don't want to flash a kernel that might be trash 2) my dock is not here.</span><br />
<span class="irc-date">[1:07]</span> <span class="irc-black">&lt;TMC_Sherpa_&gt; oh god damn it I can't get sound tested :P</span><br />
<span class="irc-date">[1:07]</span> <span class="irc-black">&lt;atinm&gt; TMC_Sherpa_: we need to work on sound</span><br />
<span class="irc-date">[1:07]</span> <span class="irc-black">&lt;atinm&gt; you and I.</span><br />
<span class="irc-date">[1:07]</span> <span class="irc-black">&lt;gehzumteufel&gt; koush: Not sure why, but RM says there are two files downloading. Is this typical for those of us already on CM?</span><br />
<span class="irc-date">[1:07]</span> <span class="irc-black">&lt;atinm&gt; that's now my top priority.</span><br />
<span class="irc-date">[1:07]</span> <span class="irc-black">&lt;atinm&gt; so what needs to be tested?</span><br />
<span class="irc-date">[1:07]</span> <span class="irc-black">&lt;Unhelpful&gt; AUDIENCE? ;)</span><br />
<span class="irc-date">[1:07]</span> <span class="irc-black">&lt;gehzumteufel&gt; lmao</span><br />
<span class="irc-date">[1:07]</span> <span class="irc-black">&lt;koush&gt; yes 2 files</span><br />
<span class="irc-date">[1:07]</span> <span class="irc-black">&lt;koush&gt; 1 is cm 1 is gapps</span><br />
<span class="irc-date">[1:08]</span> <span class="irc-black">&lt;gehzumteufel&gt; Oh yes forgot I checked that</span><br />
<span class="irc-date">[1:08]</span> <span class="irc-black">&lt;gehzumteufel&gt; lol</span><br />
<span class="irc-date">[1:08]</span> <span class="irc-black">&lt;TMC_Sherpa_&gt; the jvb source is much closer to froyo than the nexus stuff</span><br />
<span class="irc-date">[1:08]</span> <span class="irc-black">&lt;atinm&gt; damn.</span><br />
<span class="irc-date">[1:08]</span> <span class="irc-black">&lt;TMC_Sherpa_&gt; it looks like it shouldn't be a (huge) problem</span><br />
<span class="irc-date">[1:08]</span> <span class="irc-black">&lt;atinm&gt; I thought they were going towards nexus stuff</span><br />
<span class="irc-date">[1:08]</span> <span class="irc-black">&lt;atinm&gt; I just want it to work :)</span><br />
<span class="irc-date">[1:08]</span> <span class="irc-black">&lt;atinm&gt; first the headsets</span><br />
<span class="irc-date">[1:08]</span> <span class="irc-black">&lt;gehzumteufel&gt; +1</span><br />
<span class="irc-date">[1:08]</span> <span class="irc-black">&lt;Unhelpful&gt; so, if i tell rommanager to get me CM after telling it i'm captivatemtd, 1) i'll get a nightly 2) it won't be broken? ;)</span><br />
<span class="irc-date">[1:09]</span> <span class="irc-black">&lt;atinm&gt; Unhelpful: yes.</span><br />
<span class="irc-date">[1:09]</span> <span class="irc-black">&lt;atinm&gt; I just did.</span><br />
<span class="irc-date">[1:09]</span> <span class="irc-black">&lt;gehzumteufel&gt; I'm doing it now</span><br />
<span class="irc-date">[1:09]</span> <span class="irc-black">&lt;Unhelpful&gt; hot :D</span><br />
<span class="irc-date">[1:09]</span> <span class="irc-black">&lt;atinm&gt; captivatemtd</span><br />
<span class="irc-date">[1:10]</span> <span class="irc-black">&lt;gehzumteufel&gt; does the xxxxxbml one only show if you select cwm 2.x?</span><br />
<span class="irc-date">[1:10]</span> <span class="irc-black">&lt;TMC_Sherpa_&gt; right now the sound branch is pretty contained, wwyvern says it works fine other than headphone (samsung 4 pole is fine) but gehzumteufel said voice was crap so... I'm not sure where we're at</span><br />
<span class="irc-date">[1:10]</span> <span class="irc-black">&lt;atinm&gt; I can't test voice on vibrant.</span><br />
<span class="irc-date">[1:11]</span> <span class="irc-black">&lt;atinm&gt; I guess I could if I move my sim</span><br />
<span class="irc-date">[1:11]</span> <span class="irc-black">&lt;gehzumteufel&gt; Yeah</span><br />
<span class="irc-date">[1:11]</span> <span class="irc-black">&lt;atinm&gt; from captivate</span><br />
<span class="irc-date">[1:11]</span> <span class="irc-black">&lt;TMC_Sherpa_&gt; chaembain keeps threatening to check it out but his power keeps cutting out</span><br />
<span class="irc-date">[1:11]</span> <span class="irc-black">&lt;gehzumteufel&gt; You'll get 3g too</span><br />
<span class="irc-date">[1:11]</span> <span class="irc-black">&lt;atinm&gt; chaembian is in india.</span><br />
<span class="irc-date">[1:11]</span> <span class="irc-black">&lt;TMC_Sherpa_&gt; I know but he has vibrant</span><br />
<span class="irc-date">[1:11]</span> <span class="irc-black">&lt;atinm&gt; that's ok - I have one too now</span><br />
<span class="irc-date">[1:11]</span> <span class="irc-black">&lt;atinm&gt; can test some things</span><br />
<span class="irc-date">[1:11]</span> <span class="irc-black">&lt;atinm&gt; so sound branch?</span><br />
<span class="irc-date">[1:11]</span> <span class="irc-black">&lt;koush&gt; atinm:  you get notifications now right?</span><br />
<span class="irc-date">[1:12]</span> <span class="irc-black">&lt;TMC_Sherpa_&gt; ask tech atinm tmc2</span><br />
<span class="irc-date">[1:12]</span> <span class="irc-black">&lt;atinm&gt; koush_: hmm - no</span><br />
<span class="irc-date">[1:12]</span> <span class="irc-black">&lt;atinm&gt; but I was already on latest</span><br />
<span class="irc-date">[1:12]</span> <span class="irc-black">&lt;atinm&gt; so I don't know</span><br />
<span class="irc-date">[1:12]</span> <span class="irc-black">&lt;Unhelpful&gt; so, if this build works, it'd be best to leave those #ifdefs in for now, untill somebody can fix up dock audio for the other devices?</span><br />
<span class="irc-date">[1:12]</span> <span class="irc-black">&lt;atinm&gt; Unhelpful: yes.</span><br />
<span class="irc-date">[1:13]</span> <span class="irc-black">&lt;gehzumteufel&gt; I clicked on "check for updates" and it didn't seem to notify. Although maybe I didn't wait long enough</span><br />
<span class="irc-date">[1:13]</span> <span class="irc-black">&lt;Unhelpful&gt; owait! they're actually matched to an #else...</span><br />
<span class="irc-date">[1:14]</span> <span class="irc-black">&lt;gehzumteufel&gt; atinm: Is the screen on that vibrant actually broken like you were told?</span><br />
<span class="irc-date">[1:14]</span> <span class="irc-black">&lt;atinm&gt; slight crack</span><br />
<span class="irc-date">[1:14]</span> <span class="irc-black">&lt;gehzumteufel&gt; heh so pretty much usable</span><br />
<span class="irc-date">[1:15]</span> <span class="irc-black">&lt;atinm&gt; in bottom left corner and a hairline crack across face</span><br />
<span class="irc-date">[1:15]</span> <span class="irc-black">&lt;atinm&gt; totally usable</span><br />
<span class="irc-date">[1:15]</span> <span class="irc-black">&lt;Unhelpful&gt; in fact it appears both branches are the same. :/</span><br />
<span class="irc-date">[1:15]</span> <span class="irc-black">&lt;Unhelpful&gt; atinm: you need a vibrant dock now ;)</span><br />
<span class="irc-date">[1:15]</span> <span class="irc-black">&lt;gehzumteufel&gt; LOL</span><br />
<span class="irc-date">[1:16]</span> <span class="irc-black">&lt;atinm&gt; yeah, but no one gets those replaced by insurance :)</span><br />
<span class="irc-date">[1:16]</span> <span class="irc-black">&lt;gehzumteufel&gt; w00t RM rocks</span><br />
<span class="irc-date">[1:18]</span> <span class="irc-black">&lt;Unhelpful&gt; 'k, so, somebody else want to try <a href="https://github.com/teamhacksung/android_kernel_samsung_aries/tree/dock_audio">https://github.com/teamhacksung/android_kernel_samsung_aries/tree/dock_audio</a> ?</span><br />
<span class="irc-date">[1:19]</span> <span class="irc-black">&lt;TMC_Sherpa_&gt; the, um jvb sound has the dock stuff in it already :P</span><br />
<span class="irc-date">[1:22]</span> <span class="irc-black">&lt;atinm&gt; where do I set it to notify me about updates?</span><br />
<span class="irc-date">[1:22]</span> <span class="irc-black">&lt;atinm&gt; ah</span><br />
<span class="irc-date">[1:22]</span> <span class="irc-black">&lt;atinm&gt; settings</span><br />
<span class="irc-date">[1:22]</span> <span class="irc-black">&lt;atinm&gt; update notifications is checked</span><br />
<span class="irc-date">[1:22]</span> <span class="irc-black">&lt;atinm&gt; so I guess we'll find out tomorrow</span><br />
<span class="irc-date">[1:22]</span> <span class="irc-black">&lt;atinm&gt; when we have another nightly</span><br />
<span class="irc-date">[1:23]</span> <span class="irc-black">&lt;atinm&gt; unhelpful does being in two channels hurt the ADHD?</span><br />
<span class="irc-date">[1:23]</span> <span class="irc-black">&lt;Unhelpful&gt; TMC_Sherpa_: ...so, wait, our current branch already has it? or not.</span><br />
<span class="irc-date">[1:23]</span> <span class="irc-black">&lt;atinm&gt; I sort of want you there in #teamdouche so you can see if anything applicable to us is done on another phone</span><br />
<span class="irc-date">[1:23]</span> <span class="irc-black">&lt;TMC_Sherpa_&gt; no our sound is based off of nexus</span><br />
<span class="irc-date">[1:24]</span> <span class="irc-black">&lt;TMC_Sherpa_&gt; I'm trying to get jvb audio instead 'cus it will be way easier to port the HAC tty and audience stuff</span><br />
<span class="irc-date">[1:24]</span> <span class="irc-black">&lt;atinm&gt; TMC_Sherpa_: I would prefer it that way too</span><br />
<span class="irc-date">[1:24]</span> <span class="irc-black">&lt;atinm&gt; i</span><br />
<span class="irc-date">[1:24]</span> <span class="irc-black">&lt;atinm&gt; it looks much cleaner</span><br />
<span class="irc-date">[1:24]</span> <span class="irc-black">&lt;atinm&gt; wait</span><br />
<span class="irc-date">[1:24]</span> <span class="irc-black">&lt;atinm&gt; no</span><br />
<span class="irc-date">[1:24]</span> <span class="irc-black">&lt;atinm&gt; wut?</span><br />
<span class="irc-date">[1:25]</span> <span class="irc-black">&lt;TMC_Sherpa_&gt; jvb is worse than nexus but closer to froyo</span><br />
<span class="irc-date">[1:25]</span> <span class="irc-black">&lt;atinm&gt; I thought nexus was cleaner</span><br />
<span class="irc-date">[1:25]</span> <span class="irc-black">&lt;atinm&gt; ah</span><br />
<span class="irc-date">[1:25]</span> <span class="irc-black">&lt;atinm&gt; for audience we would want to be closer to jvb.</span><br />
<span class="irc-date">[1:25]</span> <span class="irc-black">&lt;atinm&gt; crap</span><br />
<span class="irc-date">[1:25]</span> <span class="irc-black">&lt;TMC_Sherpa_&gt; yes</span><br />
<span class="irc-date">[1:25]</span> <span class="irc-black">&lt;TMC_Sherpa_&gt; yes</span><br />
<span class="irc-date">[1:25]</span> <span class="irc-black">&lt;atinm&gt; didn</span><br />
<span class="irc-date">[1:26]</span> <span class="irc-black">&lt;atinm&gt; didn't I see audience code in JVB that was in its own driver?</span><br />
<span class="irc-date">[1:26]</span> <span class="irc-black">&lt;Unhelpful&gt; atinm: ...two? bahahahahahahah</span><br />
<span class="irc-date">[1:26]</span> <span class="irc-black">&lt;atinm&gt; (my interferon side-effects are starting . . . so I'm going to be weird now)</span><br />
<span class="irc-date">[1:26]</span> <span class="irc-black">&lt;atinm&gt; ok, then you're fine :)</span><br />
<span class="irc-date">[1:26]</span> <span class="irc-black">&lt;TMC_Sherpa_&gt; audience is part of 2.3 or something, its part of the kernel</span><br />
<span class="irc-date">[1:27]</span> <span class="irc-black">&lt;TMC_Sherpa_&gt; the audio routing to use it is very different tho</span><br />
<span class="irc-date">[1:27]</span> <span class="irc-black">&lt;atinm&gt; ah</span><br />
<span class="irc-date">[1:27]</span> <span class="irc-black">&lt;TMC_Sherpa_&gt; vs vib or gal</span><br />
<span class="irc-date">[1:28]</span> <span class="irc-black">&lt;atinm&gt; wonder if we should split it.</span><br />
<span class="irc-date">[1:28]</span> <span class="irc-black">&lt;atinm&gt; using a config</span><br />
<span class="irc-date">[1:28]</span> <span class="irc-black">&lt;atinm&gt; wm8994.c for galaxys and vibrant and another for captivate</span><br />
<span class="irc-date">[1:28]</span> <span class="irc-black">&lt;TMC_Sherpa_&gt; I'm pretty sure renaming a few functions in wm8994_kepler will get it working, adding the ifdef to wm8994_samsung is pretty easy (for jvb)</span><br />
<span class="irc-date">[1:28]</span> <span class="irc-black">&lt;atinm&gt; ok</span><br />
<span class="irc-date">[1:28]</span> <span class="irc-black">&lt;atinm&gt; screw it, lets get it to work.</span><br />
<span class="irc-date">[1:29]</span> <span class="irc-black">&lt;atinm&gt; but not mess with vibrant and galaxys.</span><br />
<span class="irc-date">[1:29]</span> <span class="irc-black">&lt;atinm&gt; we'll use Makefile and CONFIG_ to split it</span><br />
<span class="irc-date">[1:29]</span> <span class="irc-black">&lt;TMC_Sherpa_&gt; vibrant also uses wm8994_aries... it's kind of a pig in there</span><br />
<span class="irc-date">[1:29]</span> <span class="irc-black">&lt;gehzumteufel&gt; couldn't you just name it wm8994a.c for the audience based ones?</span><br />
<span class="irc-date">[1:29]</span> <span class="irc-brick">* gehzumteufel is captain obvious</span><br />
<span class="irc-date">[1:29]</span> <span class="irc-black">&lt;atinm&gt; that's what I'm suggesting :)</span><br />
<span class="irc-date">[1:29]</span> <span class="irc-black">&lt;Unhelpful&gt; atinm: yes, one more is not a big deal, i keep tabs on #btrfs, #eigen, #quassel, and #pypy already, and am sometimes involved in #rockbox too...</span><br />
<span class="irc-date">[1:30]</span> <span class="irc-brick">* gehzumteufel loves rockbox</span><br />
<span class="irc-date">[1:30]</span> <span class="irc-black">&lt;TMC_Sherpa_&gt; I  need more people to test the sound, if jvb is crap on everyone then it may be easier to 'fix' herring</span><br />
<span class="irc-date">[1:30]</span> <span class="irc-black">&lt;atinm&gt; ok - thencool.</span><br />
<span class="irc-date">[1:30]</span> <span class="irc-black">&lt;atinm&gt; well, herring is good for everyone but captivate, right?</span><br />
<span class="irc-date">[1:30]</span> <span class="irc-black">&lt;atinm&gt; well not quite - vibrant has an issue, correct?</span><br />
<span class="irc-date">[1:30]</span> <span class="irc-black">&lt;atinm&gt; voice in a well or something?</span><br />
<span class="irc-date">[1:31]</span> <span class="irc-black">&lt;atinm&gt; and some power on/off</span><br />
<span class="irc-date">[1:31]</span> <span class="irc-black">&lt;TMC_Sherpa_&gt; dono it seems like every vibrant user I talk to has a different audio problem :)</span><br />
<span class="irc-date">[1:31]</span> <span class="irc-black">&lt;atinm&gt; mute/unmute</span><br />
<span class="irc-date">[1:31]</span> <span class="irc-black">&lt;gehzumteufel&gt; the mute/unmute issue is there regardless of what sound stuff</span><br />
<span class="irc-date">[1:31]</span> <span class="irc-black">&lt;Unhelpful&gt; so, are we talking about importing the entire jvb audio driver?</span><br />
<span class="irc-date">[1:31]</span> <span class="irc-black">&lt;TMC_Sherpa_&gt; but they say it works on jvb builds so I figured change to that and then work from there</span><br />
<span class="irc-date">[1:31]</span> <span class="irc-black">&lt;Unhelpful&gt; or is that not really going to happen?</span><br />
<span class="irc-date">[1:31]</span> <span class="irc-black">&lt;atinm&gt; Unhelpful: its an idea.</span><br />
<span class="irc-date">[1:32]</span> <span class="irc-black">&lt;TMC_Sherpa_&gt; its like 80ish files</span><br />
<span class="irc-date">[1:32]</span> <span class="irc-black">&lt;TMC_Sherpa_&gt; its almo\st contained</span><br />
<span class="irc-date">[1:32]</span> <span class="irc-black">&lt;atinm&gt; 80?!</span><br />
<span class="irc-date">[1:32]</span> <span class="irc-black">&lt;atinm&gt; I thought it was like 2</span><br />
<span class="irc-date">[1:32]</span> <span class="irc-black">&lt;TMC_Sherpa_&gt; just a few files outside /sound</span><br />
<span class="irc-date">[1:32]</span> <span class="irc-black">&lt;atinm&gt; wm8994.c and sec_jack.c</span><br />
<span class="irc-date">[1:32]</span> <span class="irc-black">&lt;TMC_Sherpa_&gt; I moved the whole thing</span><br />
<span class="irc-date">[1:32]</span> <span class="irc-black">&lt;atinm&gt; lol</span><br />
<span class="irc-date">[1:32]</span> <span class="irc-black">&lt;TMC_Sherpa_&gt; it uses stuff in  s3c24xx</span><br />
<span class="irc-date">[1:33]</span> <span class="irc-black">&lt;atinm&gt; ah</span><br />
<span class="irc-date">[1:33]</span> <span class="irc-black">&lt;atinm&gt; shit, my head hurts now</span><br />
<span class="irc-date">[1:33]</span> <span class="irc-black">&lt;TMC_Sherpa_&gt; and the first test was using s5p-rp</span><br />
<span class="irc-date">[1:33]</span> <span class="irc-black">&lt;atinm&gt; I cant think anymore - medications kicking in badly</span><br />
<span class="irc-date">[1:33]</span> <span class="irc-black">&lt;atinm&gt; I think I should go to bed</span><br />
<span class="irc-date">[1:33]</span> <span class="irc-black">&lt;gehzumteufel&gt; yes, go to bed</span><br />
<span class="irc-date">[1:33]</span> <span class="irc-black">&lt;TMC_Sherpa_&gt; so do we</span><br />
<span class="irc-date">[1:33]</span> <span class="irc-black">&lt;atinm&gt; and suffer alone.</span><br />
<span class="irc-date">[1:34]</span> <span class="irc-black">&lt;atinm&gt; rather than try to figure out sound right now</span><br />
<span class="irc-date">[1:34]</span> <span class="irc-black">&lt;gehzumteufel&gt; small price to pay to stay alive</span><br />
<span class="irc-date">[1:34]</span> <span class="irc-black">&lt;Kaik541&gt; atinm, it's better than not being here :)</span><br />
<span class="irc-date">[1:34]</span> <span class="irc-black">&lt;atinm&gt; yeah - fucking bastard virus.</span><br />
<span class="irc-date">[1:34]</span> <span class="irc-black">&lt;atinm&gt; I hate hate hate it.</span><br />
<span class="irc-date">[1:34]</span> <span class="irc-black">&lt;atinm&gt; it will die.</span><br />
<span class="irc-date">[1:34]</span> <span class="irc-black">&lt;gehzumteufel&gt; In a few years you can get your own kidney that doesn't require anti rejections and a hep cure</span><br />
<span class="irc-date">[1:34]</span> <span class="irc-black">&lt;Kaik541&gt; kill it with fir</span><br />
<span class="irc-date">[1:34]</span> <span class="irc-black">&lt;atinm&gt; screw it. good night.</span><br />
<span class="irc-date">[1:34]</span> <span class="irc-black">&lt;atinm&gt; liver man, liver.</span><br />
<span class="irc-date">[1:35]</span> <span class="irc-black">&lt;gehzumteufel&gt; shit I dunno why I thought kidney</span><br />
<span class="irc-date">[1:35]</span> <span class="irc-black">&lt;atinm&gt; hepatitis attacks the liver.</span><br />
<span class="irc-date">[1:35]</span> <span class="irc-black">&lt;atinm&gt; hepa = liver.</span><br />
<span class="irc-date">[1:35]</span> <span class="irc-black">&lt;atinm&gt; :)</span><br />
<span class="irc-date">[1:35]</span> <span class="irc-black">&lt;gehzumteufel&gt; Right but your're on anti rejections for a liver transplant?</span><br />
<span class="irc-date">[1:35]</span> <span class="irc-black">&lt;atinm&gt; yes</span><br />
<span class="irc-date">[1:35]</span> <span class="irc-black">&lt;gehzumteufel&gt; ah okay</span><br />
<span class="irc-date">[1:35]</span> <span class="irc-black">&lt;gehzumteufel&gt; Well then yeah</span><br />
<span class="irc-date">[1:35]</span> <span class="irc-navy">* lmartin92 (~quassel@adsl-65-0-143-212.jan.bellsouth.net) Quit (Read error: No route to host)</span><br />
<span class="irc-date">[1:35]</span> <span class="irc-black">&lt;gehzumteufel&gt; new liver</span><br />
<span class="irc-date">[1:35]</span> <span class="irc-black">&lt;gehzumteufel&gt; lol</span><br />
<span class="irc-date">[1:35]</span> <span class="irc-black">&lt;atinm&gt; yes, on my 3rd.</span><br />
<span class="irc-date">[1:35]</span> <span class="irc-black">&lt;gehzumteufel&gt; eek</span><br />
<span class="irc-date">[1:35]</span> <span class="irc-black">&lt;gehzumteufel&gt; :9</span><br />
<span class="irc-date">[1:35]</span> <span class="irc-black">&lt;gehzumteufel&gt; :(*</span><br />
<span class="irc-date">[1:35]</span> <span class="irc-black">&lt;atinm&gt; tho 2nd and I barely knew each other</span><br />
<span class="irc-date">[1:36]</span> <span class="irc-black">&lt;atinm&gt; it died in a day</span><br />
<span class="irc-date">[1:36]</span> <span class="irc-black">&lt;gehzumteufel&gt; How old were you when all this happened?</span><br />
<span class="irc-date">[1:36]</span> <span class="irc-black">&lt;gehzumteufel&gt; oh wow</span><br />
<span class="irc-date">[1:36]</span> <span class="irc-black">&lt;gehzumteufel&gt; originally that is</span><br />
<span class="irc-date">[1:36]</span> <span class="irc-black">&lt;atinm&gt; I turned 40 in the hospital</span><br />
<span class="irc-date">[1:36]</span> <span class="irc-black">&lt;atinm&gt; my original plan was to die by 40.</span><br />
<span class="irc-date">[1:36]</span> <span class="irc-black">&lt;gehzumteufel&gt; lol</span><br />
<span class="irc-date">[1:36]</span> <span class="irc-black">&lt;atinm&gt; and almost came true.</span><br />
<span class="irc-date">[1:36]</span> <span class="irc-black">&lt;gehzumteufel&gt; Well glad it didn't</span><br />
<span class="irc-date">[1:36]</span> <span class="irc-black">&lt;atinm&gt; but was too afraid of my wife :)</span><br />
<span class="irc-date">[1:36]</span> <span class="irc-black">&lt;atinm&gt; I hadn't said bye to her</span><br />
<span class="irc-date">[1:37]</span> <span class="irc-black">&lt;atinm&gt; she was in denmark when I collapsed and was in the ICU</span><br />
<span class="irc-date">[1:37]</span> <span class="irc-black">&lt;gehzumteufel&gt; ack</span><br />
<span class="irc-date">[1:37]</span> <span class="irc-black">&lt;atinm&gt; unconscious - she had to fly back not knowing if I was going to be alive when she landed</span><br />
<span class="irc-date">[1:37]</span> <span class="irc-black">&lt;atinm&gt; but I was just too scared to die :)</span><br />
<span class="irc-date">[1:37]</span> <span class="irc-black">&lt;Kaik541&gt; and now you have a wife and kid to take care of, so you're not allowed to leave :)</span><br />
<span class="irc-date">[1:37]</span> <span class="irc-black">&lt;gehzumteufel&gt; Exactly</span><br />
<span class="irc-date">[1:37]</span> <span class="irc-black">&lt;atinm&gt; I actually distinctly remember 3 times when I faced darkness.</span><br />
<span class="irc-date">[1:37]</span> <span class="irc-black">&lt;atinm&gt; it was just a step away.</span><br />
<span class="irc-date">[1:38]</span> <span class="irc-black">&lt;gehzumteufel&gt; wow</span><br />
<span class="irc-date">[1:38]</span> <span class="irc-black">&lt;atinm&gt; I just had to step into it and there would be no pain. just silence.</span><br />
<span class="irc-date">[1:38]</span> <span class="irc-black">&lt;atinm&gt; that's what the afterlife is for me it seems</span><br />
<span class="irc-date">[1:38]</span> <span class="irc-black">&lt;TMC_Sherpa_&gt; Psssst Kaik541 when you say kids your not talking about us right?</span><br />
<span class="irc-date">[1:38]</span> <span class="irc-black">&lt;atinm&gt; but I was afraid of leaving my wife :)</span><br />
<span class="irc-date">[1:38]</span> <span class="irc-black">&lt;atinm&gt; and I stepped back</span><br />
<span class="irc-date">[1:38]</span> <span class="irc-black">&lt;Kaik541&gt; TMC_Sherpa_, well I'm young enough to be his kid... but I don't think that helps prove my point</span><br />
<span class="irc-date">[1:38]</span> <span class="irc-black">&lt;gehzumteufel&gt; Good</span><br />
<span class="irc-date">[1:38]</span> <span class="irc-black">&lt;atinm&gt; they told me later that there were 3 times they thought I was gone</span><br />
<span class="irc-date">[1:38]</span> <span class="irc-black">&lt;gehzumteufel&gt; We're glad you did</span><br />
<span class="irc-date">[1:39]</span> <span class="irc-black">&lt;atinm&gt; so that's my rapture.</span><br />
<span class="irc-date">[1:39]</span> <span class="irc-black">&lt;atinm&gt; darkness.</span><br />
<span class="irc-date">[1:39]</span> <span class="irc-black">&lt;atinm&gt; I guess that's better than fire :)</span><br />
<span class="irc-date">[1:39]</span> <span class="irc-black">&lt;TMC_Sherpa_&gt; and now we're glad your going to bed, so you will be there in the morning</span><br />
<span class="irc-date">[1:39]</span> <span class="irc-black">&lt;gehzumteufel&gt; Yes</span><br />
<span class="irc-date">[1:39]</span> <span class="irc-black">&lt;atinm&gt; lol</span><br />
<span class="irc-date">[1:39]</span> <span class="irc-black">&lt;atinm&gt; good night :)</span><br />
<span class="irc-date">[1:39]</span> <span class="irc-black">&lt;gehzumteufel&gt; night</span><br />
<span class="irc-date">[1:39]</span> <span class="irc-green">* atinm is now known as atinm|night</span><br />
<span class="irc-date">[1:42]</span> <span class="irc-green">* lmartin92 (~quassel@adsl-65-0-143-212.jan.bellsouth.net) has joined this channel.</span><br />
<span class="irc-date">[1:45]</span> <span class="irc-black">&lt;gehzumteufel&gt; And with that, I'm leaving work. lol</span><br />
<span class="irc-date">[1:45]</span> <span class="irc-navy">* gehzumteufel (~gehzumteu@adsl-76-252-171-187.dsl.lsan03.sbcglobal.net) Quit (Quit: gehzumteufel)</span><br />
<span class="irc-date">[1:58]</span> <span class="irc-black">&lt;atinm|night&gt; can a galaxys user run zdevice-test for me?</span><br />
<span class="irc-date">[1:58]</span> <span class="irc-black">&lt;atinm|night&gt; and check light sensor?</span><br />
