<span class="irc-date">[0:07]</span> <span class="irc-navy">* gdanko (~gdanko@66-162-32-185.static.twtelecom.net) Quit (Quit: Computer has gone to sleep)</span><br />
<span class="irc-date">[0:42]</span> <span class="irc-green">* atinm|away is now known as atinm</span><br />
<span class="irc-date">[0:56]</span> <span class="irc-black">&lt;UberPinguin&gt; atinm: How usable is CM on the Captivate at the moment? Trying to figure out if this particular Contacts feature is only available on the Epic's froyo leak, or not.</span><br />
<span class="irc-date">[1:17]</span> <span class="irc-black">&lt;atinm&gt; UberPinguin: ytt3r knows better right now</span><br />
<span class="irc-date">[1:17]</span> <span class="irc-black">&lt;atinm&gt; UberPinguin: I haven't run it yet - I'm still pulling all the pieces together so I can start testing tomorrow</span><br />
<span class="irc-date">[1:18]</span> <span class="irc-black">&lt;ytt3r&gt; honestly me too</span><br />
<span class="irc-date">[1:18]</span> <span class="irc-black">&lt;ytt3r&gt; I'm running a days old build and a days old kernel</span><br />
<span class="irc-date">[1:46]</span> <span class="irc-green">* noobnl (noob@unaffiliated/noobnl) has joined this channel.</span><br />
<span class="irc-date">[1:52]</span> <span class="irc-navy">* ciwrl|around (~ciwrl@pool-173-73-39-184.washdc.fios.verizon.net) Quit (Ping timeout: 276 seconds)</span><br />
<span class="irc-date">[1:53]</span> <span class="irc-green">* ciwrl (~ciwrl@pool-173-73-39-184.washdc.fios.verizon.net) has joined this channel.</span><br />
<span class="irc-date">[1:56]</span> <span class="irc-green">* ciwrl is now known as ciwrl|around</span><br />
<span class="irc-date">[2:09]</span> <span class="irc-black">&lt;ytt3r&gt; noobnl</span><br />
<span class="irc-date">[2:09]</span> <span class="irc-black">&lt;ytt3r&gt; you here?</span><br />
<span class="irc-date">[2:19]</span> <span class="irc-green">* atinm is now known as atinm|night</span><br />
<span class="irc-date">[2:31]</span> <span class="irc-navy">* thedeanius (~dean@c-24-2-24-87.hsd1.mo.comcast.net) Quit (Quit: thedeanius)</span><br />
<span class="irc-date">[2:35]</span> <span class="irc-navy">* kalpik (~kalpik@unaffiliated/kalpik) Quit (Ping timeout: 245 seconds)</span><br />
<span class="irc-date">[2:55]</span> <span class="irc-green">* kalpik (~kalpik@unaffiliated/kalpik) has joined this channel.</span><br />
<span class="irc-date">[3:01]</span> <span class="irc-black">&lt;UberPinguin&gt; ok</span><br />
<span class="irc-date">[3:13]</span> <span class="irc-green">* thedeanius (~dean@c-24-2-24-87.hsd1.mo.comcast.net) has joined this channel.</span><br />
<span class="irc-date">[3:14]</span> <span class="irc-black">&lt;ytt3r&gt; thedeanius, you really there?</span><br />
<span class="irc-date">[3:14]</span> <span class="irc-black">&lt;thedeanius&gt; um</span><br />
<span class="irc-date">[3:14]</span> <span class="irc-black">&lt;thedeanius&gt; no</span><br />
<span class="irc-date">[3:14]</span> <span class="irc-black">&lt;ytt3r&gt; lol</span><br />
<span class="irc-date">[3:14]</span> <span class="irc-black">&lt;thedeanius&gt; kinda</span><br />
<span class="irc-date">[3:14]</span> <span class="irc-black">&lt;thedeanius&gt; not really</span><br />
<span class="irc-date">[3:14]</span> <span class="irc-black">&lt;ytt3r&gt; quick question: who is the vibrant maintainer? we're really actually not sure DX</span><br />
<span class="irc-date">[3:14]</span> <span class="irc-black">&lt;thedeanius&gt; geting ready to bang my ex wife</span><br />
<span class="irc-date">[3:15]</span> <span class="irc-black">&lt;thedeanius&gt; there isnt an official maintainer</span><br />
<span class="irc-date">[3:15]</span> <span class="irc-black">&lt;thedeanius&gt; not even really sure who the unofficial is right now</span><br />
<span class="irc-date">[3:15]</span> <span class="irc-black">&lt;ytt3r&gt; great...</span><br />
<span class="irc-date">[3:15]</span> <span class="irc-black">&lt;thedeanius&gt; i think its stale right now</span><br />
<span class="irc-date">[3:15]</span> <span class="irc-black">&lt;thedeanius&gt; waiting for official source and such</span><br />
<span class="irc-date">[3:15]</span> <span class="irc-navy">* kalpik (~kalpik@unaffiliated/kalpik) Quit (Ping timeout: 240 seconds)</span><br />
<span class="irc-date">[3:16]</span> <span class="irc-black">&lt;ytt3r&gt; lol OK, in that case, we're thinking about moving channels. This channel is kinda outdated :/</span><br />
<span class="irc-date">[3:16]</span> <span class="irc-black">&lt;thedeanius&gt; im not sure right now about anything</span><br />
<span class="irc-date">[3:17]</span> <span class="irc-black">&lt;thedeanius&gt; i havent been very active recently</span><br />
<span class="irc-date">[3:17]</span> <span class="irc-green">* kalpik (~kalpik@unaffiliated/kalpik) has joined this channel.</span><br />
<span class="irc-date">[3:17]</span> <span class="irc-black">&lt;thedeanius&gt; having some health issues</span><br />
<span class="irc-date">[3:17]</span> <span class="irc-black">&lt;thedeanius&gt; ok, later time to screw</span><br />
<span class="irc-date">[3:17]</span> <span class="irc-black">&lt;thedeanius&gt; yipeeeeeeeee</span><br />
<span class="irc-date">[3:17]</span> <span class="irc-black">&lt;thedeanius&gt; oxycodone and sex</span><br />
<span class="irc-date">[3:17]</span> <span class="irc-black">&lt;thedeanius&gt; yipeeeeee</span><br />
<span class="irc-date">[3:17]</span> <span class="irc-black">&lt;ytt3r&gt; have fun</span><br />
<span class="irc-date">[3:18]</span> <span class="irc-black">&lt;ytt3r&gt; be safe</span><br />
<span class="irc-date">[3:30]</span> <span class="irc-navy">* thedeanius (~dean@c-24-2-24-87.hsd1.mo.comcast.net) Quit (*.net *.split)</span><br />
<span class="irc-date">[3:30]</span> <span class="irc-navy">* rhcp (rhcp@unaffiliated/rhcp) Quit (*.net *.split)</span><br />
<span class="irc-date">[3:54]</span> <span class="irc-navy">* kalpik (~kalpik@unaffiliated/kalpik) Quit (Quit: WeeChat 0.3.4)</span><br />
<span class="irc-date">[4:01]</span> <span class="irc-green">* thedeanius (~dean@c-24-2-24-87.hsd1.mo.comcast.net) has joined this channel.</span><br />
<span class="irc-date">[4:01]</span> <span class="irc-green">* rhcp (rhcp@unaffiliated/rhcp) has joined this channel.</span><br />
<span class="irc-date">[4:24]</span> <span class="irc-green">* gdanko (~gdanko@99-33-178-151.lightspeed.simica.sbcglobal.net) has joined this channel.</span><br />
<span class="irc-date">[4:25]</span> <span class="irc-navy">* gdanko (~gdanko@99-33-178-151.lightspeed.simica.sbcglobal.net) Quit (Client Quit)</span><br />
<span class="irc-date">[5:12]</span> <span class="irc-green">* thedood is now known as thedood|away</span><br />
<span class="irc-date">[5:26]</span> <span class="irc-navy">* birdman (~Steven@24.246.130.106) Quit (Ping timeout: 240 seconds)</span><br />
<span class="irc-date">[6:08]</span> <span class="irc-green">* jt1134 (~jt1134@c-71-207-226-80.hsd1.al.comcast.net) has joined this channel.</span><br />
<span class="irc-date">[6:39]</span> <span class="irc-green">* ciwrl|around is now known as ciwrl|away</span><br />
<span class="irc-date">[6:55]</span> <span class="irc-green">* zimmbi (~Adium@cable-static-244-14.eblcom.ch) has joined this channel.</span><br />
<span class="irc-date">[6:57]</span> <span class="irc-navy">* jt1134 (~jt1134@c-71-207-226-80.hsd1.al.comcast.net) Quit (Quit: Leaving)</span><br />
<span class="irc-date">[6:57]</span> <span class="irc-green">* birdman (~Steven@24.246.130.106) has joined this channel.</span><br />
<span class="irc-date">[7:06]</span> <span class="irc-green">* zimmbi1 (~Adium@cable-static-244-14.eblcom.ch) has joined this channel.</span><br />
<span class="irc-date">[7:06]</span> <span class="irc-navy">* zimmbi (~Adium@cable-static-244-14.eblcom.ch) Quit (Read error: Connection reset by peer)</span><br />
<span class="irc-date">[7:39]</span> <span class="irc-green">* GuiPer (~GuiPer@ip-86-49-25-242.net.upcbroadband.cz) has joined this channel.</span><br />
<span class="irc-date">[9:06]</span> <span class="irc-green">* knowsnotmuch (~ashwinds@115.184.10.130) has joined this channel.</span><br />
<span class="irc-date">[9:25]</span> <span class="irc-navy">* birdman (~Steven@24.246.130.106) Quit (Ping timeout: 240 seconds)</span><br />
<span class="irc-date">[10:23]</span> <span class="irc-green">* GuiPer_ (c3fa8fd4@gateway/web/freenode/ip.195.250.143.212) has joined this channel.</span><br />
<span class="irc-date">[10:58]</span> <span class="irc-green">* atinm|night is now known as atinm</span><br />
<span class="irc-date">[11:01]</span> <span class="irc-navy">* zimmbi1 (~Adium@cable-static-244-14.eblcom.ch) Quit (Quit: Leaving.)</span><br />
<span class="irc-date">[11:12]</span> <span class="irc-green">* zimmbi (~Adium@cable-static-244-14.eblcom.ch) has joined this channel.</span><br />
<span class="irc-date">[11:12]</span> <span class="irc-navy">* zimmbi (~Adium@cable-static-244-14.eblcom.ch) Quit (Client Quit)</span><br />
<span class="irc-date">[11:13]</span> <span class="irc-brown">-anthony.freenode.net- *** Looking up your hostname...</span><br />
<span class="irc-date">[11:13]</span> <span class="irc-brown">-anthony.freenode.net- *** Checking Ident</span><br />
<span class="irc-date">[11:13]</span> <span class="irc-brown">-anthony.freenode.net- *** No Ident response</span><br />
<span class="irc-date">[11:13]</span> <span class="irc-brown">-anthony.freenode.net- *** Found your hostname</span><br />
<span class="irc-date">[11:14]</span> <span class="irc-brown">-anthony.freenode.net- *** Looking up your hostname...</span><br />
<span class="irc-date">[11:14]</span> <span class="irc-brown">-anthony.freenode.net- *** Checking Ident</span><br />
<span class="irc-date">[11:14]</span> <span class="irc-brown">-anthony.freenode.net- *** No Ident response</span><br />
<span class="irc-date">[11:14]</span> <span class="irc-brown">-anthony.freenode.net- *** Found your hostname</span><br />
<span class="irc-date">[11:14]</span> <span class="irc-green">* cmsgsteam-log (~PircBot@cmsgs.com) has joined this channel.</span><br />
<span class="irc-date">[11:14]</span> <span class="irc-green">* Topic is 'SGS CyanogenMod developers and testers (and other kernel and android hackers) - <a href="http://www.cmsgs.com/'">http://www.cmsgs.com/'</a></span><br />
<span class="irc-date">[11:14]</span> <span class="irc-green">* Set by atinm|night on Fri Feb 11 10:42:13 GMT 2011</span><br />
<span class="irc-date">[11:14]</span> <span class="irc-brown">-ChanServ- [#__topsecret__] SGS CyanogenMod developers and testers (and other kernel and android hackers) - <a href="http://www.cmsgs.com/">http://www.cmsgs.com/</a></span><br />
<span class="irc-date">[11:16]</span> <span class="irc-navy">* knowsnotmuch (~ashwinds@115.184.10.130) Quit (Ping timeout: 265 seconds)</span><br />
<span class="irc-date">[11:33]</span> <span class="irc-brown">-anthony.freenode.net- *** Looking up your hostname...</span><br />
<span class="irc-date">[11:33]</span> <span class="irc-brown">-anthony.freenode.net- *** Checking Ident</span><br />
<span class="irc-date">[11:33]</span> <span class="irc-brown">-anthony.freenode.net- *** No Ident response</span><br />
<span class="irc-date">[11:33]</span> <span class="irc-brown">-anthony.freenode.net- *** Found your hostname</span><br />
<span class="irc-date">[11:33]</span> <span class="irc-green">* cmsgsteam-logger (~PircBot@cmsgs.com) has joined this channel.</span><br />
<span class="irc-date">[11:33]</span> <span class="irc-green">* Topic is 'We are moving! Our current digs are obsolete and our new home will be at #cmsgsteam.'</span><br />
<span class="irc-date">[11:33]</span> <span class="irc-green">* Set by atinm on Fri Feb 11 11:32:45 GMT 2011</span><br />
<span class="irc-date">[11:33]</span> <span class="irc-brown">-ChanServ- [#__topsecret__] SGS-CM6 developers and testers only pls. Others could be kickbanned if not contributing to the channel's function.</span><br />
<span class="irc-date">[11:33]</span> <span class="irc-green">* ChanServ sets mode +o cmsgsteam-logger</span><br />
<span class="irc-date">[11:39]</span> <span class="irc-black">&lt;atinm&gt; ok, I've created #cmsgsteam for us to move to as cm6 is obsolete given where codeworkx and coolya have taken gingerbread and cm7</span><br />
<span class="irc-date">[11:39]</span> <span class="irc-black">&lt;atinm&gt; I kept #cmsgsteam because we already have the site wiki etc and the logs</span><br />
<span class="irc-date">[11:39]</span> <span class="irc-black">&lt;atinm&gt; and easy enough to make the logger go there instead of here</span><br />
<span class="irc-date">[11:39]</span> <span class="irc-black">&lt;atinm&gt; rest will be the same</span><br />
<span class="irc-date">[11:40]</span> <span class="irc-black">&lt;atinm&gt; oh, I did make coolya and codeworkx ops there as they're really the ones doing the work!</span><br />
<span class="irc-date">[11:41]</span> <span class="irc-green">* Wout` (~Wout@s559776f4.adsl.wanadoo.nl) has joined this channel.</span><br />
<span class="irc-date">[11:49]</span> <span class="irc-green">* atinm is now known as atinm|away</span><br />
