<span class="irc-date">[0:18]</span> <span class="irc-black">&lt;techmik67&gt; i think i found a typo!!</span><br />
<span class="irc-date">[0:18]</span> <span class="irc-green">* Kaik541 (~Rawr@cpe-70-112-175-254.austin.res.rr.com) has joined this channel.</span><br />
<span class="irc-date">[0:19]</span> <span class="irc-black">&lt;techmik67&gt; #define CAMERA_DEV_NAME_TEMP "/data/videotmp_000"</span><br />
<span class="irc-date">[0:19]</span> <span class="irc-black">&lt;techmik67&gt; #define CAMERA_DEV_NAME2_TEMP "/data/videotemp_002"</span><br />
<span class="irc-date">[0:19]</span> <span class="irc-black">&lt;techmik67&gt; typo?</span><br />
<span class="irc-date">[0:19]</span> <span class="irc-black">&lt;techmik67&gt; 2nd line</span><br />
<span class="irc-date">[0:19]</span> <span class="irc-black">&lt;techmik67&gt; videotmp, correct?</span><br />
<span class="irc-date">[0:19]</span> <span class="irc-black">&lt;techmik67&gt; or 1st temp</span><br />
<span class="irc-date">[0:29]</span> <span class="irc-black">&lt;techmik67&gt; what do you think? change something in device_samsung_common....... build clean, or can i just build?</span><br />
<span class="irc-date">[0:46]</span> <span class="irc-black">&lt;chaembian&gt; Good morning!</span><br />
<span class="irc-date">[0:47]</span> <span class="irc-black">&lt;techmik67&gt; hiya</span><br />
<span class="irc-date">[0:47]</span> <span class="irc-black">&lt;chaembian&gt; hi techmik67</span><br />
<span class="irc-date">[0:53]</span> <span class="irc-black">&lt;atinm|away&gt; ok, too many ppl complaining about the not being able to flash kernel</span><br />
<span class="irc-date">[0:53]</span> <span class="irc-black">&lt;atinm|away&gt; this is something that changed in install process</span><br />
<span class="irc-date">[0:54]</span> <span class="irc-black">&lt;atinm|away&gt; I cannot debug it.</span><br />
<span class="irc-date">[0:54]</span> <span class="irc-black">&lt;techmik67&gt; i just had no problem building and installing 2x</span><br />
<span class="irc-date">[0:54]</span> <span class="irc-black">&lt;atinm|away&gt; unhelpful, if you're awake - can you take a look pls?</span><br />
<span class="irc-date">[0:54]</span> <span class="irc-black">&lt;atinm|away&gt; techmik67: I think it is ppl who are  hitting an error during the script</span><br />
<span class="irc-date">[0:54]</span> <span class="irc-black">&lt;atinm|away&gt; the install script</span><br />
<span class="irc-date">[0:54]</span> <span class="irc-black">&lt;techmik67&gt; ah</span><br />
<span class="irc-date">[0:54]</span> <span class="irc-black">&lt;atinm|away&gt; that codeworkx put in recently</span><br />
<span class="irc-date">[0:54]</span> <span class="irc-black">&lt;techmik67&gt; atinm|away: quick question... which line looks right?</span><br />
<span class="irc-date">[0:54]</span> <span class="irc-black">&lt;techmik67&gt; #define CAMERA_DEV_NAME_TEMP "/data/videotmp_000"</span><br />
<span class="irc-date">[0:54]</span> <span class="irc-black">&lt;atinm|away&gt; I dunno</span><br />
<span class="irc-date">[0:54]</span> <span class="irc-black">&lt;atinm|away&gt; sorry</span><br />
<span class="irc-date">[0:54]</span> <span class="irc-black">&lt;techmik67&gt; #define CAMERA_DEV_NAME2_TEMP "/data/videotemp_002"</span><br />
<span class="irc-date">[0:55]</span> <span class="irc-black">&lt;atinm|away&gt; I cannot stay awake (meds)</span><br />
<span class="irc-date">[0:55]</span> <span class="irc-black">&lt;techmik67&gt; k</span><br />
<span class="irc-date">[0:55]</span> <span class="irc-black">&lt;techmik67&gt; np</span><br />
<span class="irc-date">[0:55]</span> <span class="irc-black">&lt;techmik67&gt; feel better</span><br />
<span class="irc-date">[0:55]</span> <span class="irc-black">&lt;atinm|away&gt; but please have unhelpful or coolya or codeworkx or anyone look at the installation</span><br />
<span class="irc-date">[0:55]</span> <span class="irc-black">&lt;techmik67&gt; k</span><br />
<span class="irc-date">[0:55]</span> <span class="irc-black">&lt;atinm|away&gt; the scripts that flash the kernel</span><br />
<span class="irc-date">[0:55]</span> <span class="irc-black">&lt;atinm|away&gt; there is something wrong there</span><br />
<span class="irc-date">[0:55]</span> <span class="irc-black">&lt;atinm|away&gt; that is failing for a lot of ppl</span><br />
<span class="irc-date">[0:55]</span> <span class="irc-black">&lt;techmik67&gt; gotchaq</span><br />
<span class="irc-date">[0:55]</span> <span class="irc-black">&lt;Unhelpful&gt; then we're probably going to need a dump of the recovery log from somebody after a failed flash, which they'll need to save before trying to boot, which is a nightmare unless it's failing consistently... :/</span><br />
<span class="irc-date">[0:56]</span> <span class="irc-black">&lt;atinm|away&gt; I'm willing to just go back to previous way of flashing kernel</span><br />
<span class="irc-date">[0:56]</span> <span class="irc-black">&lt;atinm|away&gt; until this is figured out - we work with one of those ppl, while letting others flash the old way</span><br />
<span class="irc-date">[0:56]</span> <span class="irc-black">&lt;atinm|away&gt; but I don't know what files have to change ..</span><br />
<span class="irc-date">[0:56]</span> <span class="irc-black">&lt;atinm|away&gt; and can't look now</span><br />
<span class="irc-date">[0:57]</span> <span class="irc-black">&lt;atinm|away&gt; sorry</span><br />
<span class="irc-date">[0:57]</span> <span class="irc-black">&lt;atinm|away&gt; good night</span><br />
<span class="irc-date">[0:58]</span> <span class="irc-black">&lt;atinm|away&gt; it must be one of the commits that codeworkx made in the last couple of days or so</span><br />
<span class="irc-date">[0:58]</span> <span class="irc-black">&lt;techmik67&gt; night</span><br />
<span class="irc-date">[0:58]</span> <span class="irc-black">&lt;atinm|away&gt; bye</span><br />
<span class="irc-date">[1:14]</span> <span class="irc-green">* coolya|away is now known as coolya</span><br />
<span class="irc-date">[1:15]</span> <span class="irc-black">&lt;techmik67&gt; hi coolya</span><br />
<span class="irc-date">[1:20]</span> <span class="irc-green">* coolya is now known as coolya|away</span><br />
<span class="irc-date">[1:34]</span> <span class="irc-green">* techmik is now known as techmik_laptop</span><br />
<span class="irc-date">[1:47]</span> <span class="irc-green">* TMC_Sherpa (~jeff@c-67-173-42-196.hsd1.il.comcast.net) has joined this channel.</span><br />
