<span class="irc-date">[1:01]</span> <span class="irc-navy">* stickpin (~stickpin@84.94.109.203.cable.012.net.il) Quit (Ping timeout: 250 seconds)</span><br />
<span class="irc-date">[2:25]</span> <span class="irc-navy">* thedeanius (~dean@c-24-2-24-87.hsd1.mo.comcast.net) Quit (Quit: thedeanius)</span><br />
<span class="irc-date">[2:32]</span> <span class="irc-green">* uberushaximus (~uberushax@71-13-134-35.dhcp.ftbg.wi.charter.com) has joined this channel.</span><br />
<span class="irc-date">[2:32]</span> <span class="irc-navy">* ohayden (ohayden@2001:440:eeee:fffb::2) Quit (Ping timeout: 264 seconds)</span><br />
<span class="irc-date">[2:33]</span> <span class="irc-green">* ohayden (ohayden@2001:440:eeee:fffb::2) has joined this channel.</span><br />
<span class="irc-date">[2:46]</span> <span class="irc-green">* atinm (~atin@unaffiliated/atinm) has joined this channel.</span><br />
<span class="irc-date">[2:46]</span> <span class="irc-green">* ChanServ sets mode +o atinm</span><br />
<span class="irc-date">[2:47]</span> <span class="irc-black">&lt;atinm&gt; howdy..</span><br />
<span class="irc-date">[2:48]</span> <span class="irc-black">&lt;atinm&gt; was brutally sick from this morning's injection's sideeffects . . .</span><br />
<span class="irc-date">[2:48]</span> <span class="irc-black">&lt;atinm&gt; so haven't looked in</span><br />
<span class="irc-date">[2:48]</span> <span class="irc-black">&lt;Kaik541&gt; feeling any better?</span><br />
<span class="irc-date">[2:48]</span> <span class="irc-black">&lt;atinm&gt; anything I should know about? or can I just go to bed</span><br />
<span class="irc-date">[2:48]</span> <span class="irc-black">&lt;atinm&gt; :)</span><br />
<span class="irc-date">[2:48]</span> <span class="irc-black">&lt;atinm&gt; a little - mostly from drugging myself out</span><br />
<span class="irc-date">[2:49]</span> <span class="irc-black">&lt;atinm&gt; took a tylenol and went to sleep all evening</span><br />
<span class="irc-date">[2:49]</span> <span class="irc-black">&lt;atinm&gt; groggy now</span><br />
<span class="irc-date">[2:50]</span> <span class="irc-black">&lt;atinm&gt; hmph . . . koush hasn't come back to approve the makefile changes.</span><br />
<span class="irc-date">[2:51]</span> <span class="irc-black">&lt;Kaik541&gt; the one yous ubmitted or unhelpful's?</span><br />
<span class="irc-date">[2:52]</span> <span class="irc-black">&lt;atinm&gt; unhelpful's - we've submitted all as him.</span><br />
<span class="irc-date">[2:52]</span> <span class="irc-black">&lt;atinm&gt; it was all him anyway, and koush already saw it so it was better to just keep at it there</span><br />
<span class="irc-date">[2:52]</span> <span class="irc-black">&lt;Kaik541&gt; oh I just saw something by you earlier, didn't actually read through it</span><br />
<span class="irc-date">[2:52]</span> <span class="irc-black">&lt;Kaik541&gt; well he said no to it already at patch 6 or 7 or whatever, is he even GOING to go back and read it?</span><br />
<span class="irc-date">[2:52]</span> <span class="irc-black">&lt;atinm&gt; that was just me reviewing+approve :)</span><br />
<span class="irc-date">[2:53]</span> <span class="irc-black">&lt;techmik67&gt; does he loook back at stuff after he X's it?</span><br />
<span class="irc-date">[2:53]</span> <span class="irc-black">&lt;techmik67&gt; lol</span><br />
<span class="irc-date">[2:53]</span> <span class="irc-black">&lt;techmik67&gt; i type slow</span><br />
<span class="irc-date">[2:53]</span> <span class="irc-black">&lt;atinm&gt; yes, he should - he saw that we resubmitted with an additional dependency - that he liked</span><br />
<span class="irc-date">[2:53]</span> <span class="irc-black">&lt;atinm&gt; and was going to test</span><br />
<span class="irc-date">[2:53]</span> <span class="irc-black">&lt;techmik67&gt; ah</span><br />
<span class="irc-date">[2:53]</span> <span class="irc-black">&lt;techmik67&gt; righht</span><br />
<span class="irc-date">[2:53]</span> <span class="irc-black">&lt;atinm&gt; if he tests that and approves that, then the one he dissed is just an improvement</span><br />
<span class="irc-date">[2:53]</span> <span class="irc-black">&lt;techmik67&gt; forgot that was later</span><br />
<span class="irc-date">[2:53]</span> <span class="irc-black">&lt;atinm&gt; well, not an improvement, just adds SGS</span><br />
<span class="irc-date">[2:54]</span> <span class="irc-black">&lt;atinm&gt; give him one more day . . .</span><br />
<span class="irc-date">[2:54]</span> <span class="irc-black">&lt;atinm&gt; he's a dog guy, so I have a better opinion of his manner now :)</span><br />
<span class="irc-date">[2:55]</span> <span class="irc-black">&lt;atinm&gt; (tho he can buzz himself in via his phone . . . that one I didn't understand)</span><br />
<span class="irc-date">[2:55]</span> <span class="irc-black">&lt;Kaik541&gt; dog guy?</span><br />
<span class="irc-date">[2:55]</span> <span class="irc-black">&lt;atinm&gt; yeah, his latest tweets from this morning</span><br />
<span class="irc-date">[2:55]</span> <span class="irc-black">&lt;atinm&gt; afternoon</span><br />
<span class="irc-date">[2:55]</span> <span class="irc-black">&lt;atinm&gt; sometime today</span><br />
<span class="irc-date">[2:56]</span> <span class="irc-black">&lt;Kaik541&gt; twitter's got the fail whale right now</span><br />
<span class="irc-date">[2:56]</span> <span class="irc-black">&lt;techmik67&gt; some entry systems call the programmed # to "buzz" a person in</span><br />
<span class="irc-date">[2:56]</span> <span class="irc-black">&lt;atinm&gt; or was it last night - I dunno. just tweets</span><br />
<span class="irc-date">[2:58]</span> <span class="irc-navy">* dasunsrule32 (~dasunsrul@uto-atechols-2.inre.asu.edu) Quit (*.net *.split)</span><br />
<span class="irc-date">[2:58]</span> <span class="irc-navy">* UberPinguin (~uber@gentoo/user/uberpinguin) Quit (*.net *.split)</span><br />
<span class="irc-date">[2:58]</span> <span class="irc-navy">* iCEBrkr (~icebrkr@cyberdyne.org) Quit (*.net *.split)</span><br />
<span class="irc-date">[2:58]</span> <span class="irc-navy">* designfears (~df@cpe-184-57-163-79.cinci.res.rr.com) Quit (*.net *.split)</span><br />
<span class="irc-date">[2:58]</span> <span class="irc-navy">* ciwrl|away (~ciwrl@pool-173-79-48-201.washdc.fios.verizon.net) Quit (*.net *.split)</span><br />
<span class="irc-date">[2:58]</span> <span class="irc-navy">* kang (~kang@rsbac/developer/kang) Quit (*.net *.split)</span><br />
<span class="irc-date">[2:58]</span> <span class="irc-navy">* rhcp (rhcp@unaffiliated/rhcp) Quit (*.net *.split)</span><br />
<span class="irc-date">[2:58]</span> <span class="irc-navy">* TCMAN-dmg (~Dominik@99-103-196-195.lightspeed.sntcca.sbcglobal.net) Quit (*.net *.split)</span><br />
<span class="irc-date">[2:58]</span> <span class="irc-navy">* YeahRight (morgoth@524955F5.cm-4-2b.dynamic.ziggo.nl) Quit (*.net *.split)</span><br />
<span class="irc-date">[2:58]</span> <span class="irc-navy">* coolya|away (~coolya@microdoof.net) Quit (*.net *.split)</span><br />
<span class="irc-date">[2:58]</span> <span class="irc-navy">* ohayden (ohayden@2001:440:eeee:fffb::2) Quit (*.net *.split)</span><br />
<span class="irc-date">[2:58]</span> <span class="irc-navy">* Kaik541 (~Rawr@cpe-66-68-164-213.austin.res.rr.com) Quit (*.net *.split)</span><br />
<span class="irc-date">[2:58]</span> <span class="irc-navy">* KBme (~KBme@9angled-2-pt.tunnel.tserv5.lon1.ipv6.he.net) Quit (*.net *.split)</span><br />
<span class="irc-date">[2:58]</span> <span class="irc-navy">* sixstringsg (~Jason@pool-72-64-120-11.dllstx.fios.verizon.net) Quit (*.net *.split)</span><br />
<span class="irc-date">[2:58]</span> <span class="irc-navy">* Unhelpful (~quassel@rockbox/developer/Unhelpful) Quit (*.net *.split)</span><br />
<span class="irc-date">[2:58]</span> <span class="irc-navy">* mxracer_linux (~mxracer@adsl-1-144-236.clt.bellsouth.net) Quit (*.net *.split)</span><br />
<span class="irc-date">[2:58]</span> <span class="irc-navy">* quad-work (415241e3@gateway/web/freenode/ip.65.82.65.227) Quit (*.net *.split)</span><br />
<span class="irc-date">[2:58]</span> <span class="irc-navy">* zerojay (~jay@Maemo/community/contributor/zerojay) Quit (*.net *.split)</span><br />
<span class="irc-date">[2:58]</span> <span class="irc-navy">* uberushaximus (~uberushax@71-13-134-35.dhcp.ftbg.wi.charter.com) Quit (*.net *.split)</span><br />
<span class="irc-date">[2:58]</span> <span class="irc-navy">* techmik_laptop (~techmik@c-76-109-173-83.hsd1.fl.comcast.net) Quit (*.net *.split)</span><br />
<span class="irc-date">[2:58]</span> <span class="irc-navy">* freat (~ron@c-98-216-38-131.hsd1.ma.comcast.net) Quit (*.net *.split)</span><br />
<span class="irc-date">[2:58]</span> <span class="irc-navy">* kalpik (~kalpik@unaffiliated/kalpik) Quit (*.net *.split)</span><br />
<span class="irc-date">[2:58]</span> <span class="irc-navy">* Scepterr (~Scepterr@mte.rootmy.mobi) Quit (*.net *.split)</span><br />
<span class="irc-date">[2:58]</span> <span class="irc-navy">* atinm (~atin@unaffiliated/atinm) Quit (*.net *.split)</span><br />
<span class="irc-date">[2:58]</span> <span class="irc-navy">* techmik67 (~techmik@c-76-109-173-83.hsd1.fl.comcast.net) Quit (*.net *.split)</span><br />
<span class="irc-date">[2:58]</span> <span class="irc-navy">* mikebeecham (~mikebeech@92.17.221.78) Quit (*.net *.split)</span><br />
<span class="irc-date">[2:58]</span> <span class="irc-navy">* ChanServ (ChanServ@services.) Quit (*.net *.split)</span><br />
<span class="irc-date">[2:58]</span> <span class="irc-navy">* crypta1 (~KP@port-93863.pppoe.wtnet.de) Quit (*.net *.split)</span><br />
