<span class="irc-date">[0:01]</span> <span class="irc-navy">* gdanko_ (~gdanko@66-162-32-185.static.twtelecom.net) Quit (Quit: Get MacIrssi - <a href="http://www.sysctl.co.uk/projects/macirssi/)">http://www.sysctl.co.uk/projects/macirssi/)</a></span><br />
<span class="irc-date">[0:16]</span> <span class="irc-navy">* GuiPer (~GuiPer@ip-86-49-25-242.net.upcbroadband.cz) Quit (Ping timeout: 240 seconds)</span><br />
<span class="irc-date">[0:43]</span> <span class="irc-green">* jt|snowballfight is now known as jt|f00d</span><br />
<span class="irc-date">[1:18]</span> <span class="irc-navy">* dasunsrule32 (~dasunsrul@christiantechsaz.com) Quit (Ping timeout: 276 seconds)</span><br />
<span class="irc-date">[1:20]</span> <span class="irc-navy">* thedeanius (~dean@c-24-2-24-87.hsd1.mo.comcast.net) Quit (Quit: thedeanius)</span><br />
<span class="irc-date">[1:50]</span> <span class="irc-green">* dasunsrule32 (~dasunsrul@christiantechsaz.com) has joined this channel.</span><br />
<span class="irc-date">[12:23]</span> <span class="irc-brown">-verne.freenode.net- *** Looking up your hostname...</span><br />
<span class="irc-date">[12:23]</span> <span class="irc-brown">-verne.freenode.net- *** Checking Ident</span><br />
<span class="irc-date">[12:23]</span> <span class="irc-brown">-verne.freenode.net- *** Found your hostname</span><br />
<span class="irc-date">[12:23]</span> <span class="irc-brown">-verne.freenode.net- *** No Ident response</span><br />
<span class="irc-date">[12:23]</span> <span class="irc-green">* cmsgsteam-logger (~PircBot@cmsgs.com) has joined this channel.</span><br />
<span class="irc-date">[12:23]</span> <span class="irc-green">* Topic is 'SGS CyanogenMod developers and testers (and other kernel and android hackers) - <a href="http://www.cmsgs.com/'">http://www.cmsgs.com/'</a></span><br />
<span class="irc-date">[12:23]</span> <span class="irc-green">* Set by atinm|night!~atin@unaffiliated/atinm on Sun Dec 19 02:05:32 GMT 2010</span><br />
<span class="irc-date">[12:23]</span> <span class="irc-brown">-ChanServ- [#__topsecret__] SGS-CM6 developers and testers only pls. Others could be kickbanned if not contributing to the channel's function.</span><br />
<span class="irc-date">[12:23]</span> <span class="irc-green">* ChanServ sets mode +o cmsgsteam-logger</span><br />
<span class="irc-date">[12:29]</span> <span class="irc-green">* noobnl (~noob@unaffiliated/noobnl) has joined this channel.</span><br />
<span class="irc-date">[13:14]</span> <span class="irc-green">* awiaI9000test (~darkBiLLy@48.36.222.87.dynamic.jazztel.es) has joined this channel.</span><br />
<span class="irc-date">[13:39]</span> <span class="irc-green">* gdanko_ (~gdanko@66-162-32-185.static.twtelecom.net) has joined this channel.</span><br />
<span class="irc-date">[13:42]</span> <span class="irc-navy">* awiaI9000test (~darkBiLLy@48.36.222.87.dynamic.jazztel.es) Quit (Read error: Connection reset by peer)</span><br />
<span class="irc-date">[14:38]</span> <span class="irc-black">&lt;UberPinguin&gt; hrm</span><br />
<span class="irc-date">[14:39]</span> <span class="irc-black">&lt;UberPinguin&gt; So, I emailed the guy whose name is in the comments on linux/arch/arm/plat-s3c/pm.c, Ben Dooks, asking him if he knew why there are missing headers.  His reply? "there are a number of directories in the include path."</span><br />
<span class="irc-date">[14:52]</span> <span class="irc-green">* neldar (~neldar@dsl26-153.pool.bitel.net) has joined this channel.</span><br />
<span class="irc-date">[14:52]</span> <span class="irc-black">&lt;- *neldar* Bot Sentry eingeschalten:  Sie werden jetzt ignoriert!  Ihre Nachricht wird übermittelt wenn sie die folgenden Fragen innerhalb von 10 Minuten richtig beantworten:  How do you spell the result of ten div_ided by 2?</span><br />
<span class="irc-date">[15:16]</span> <span class="irc-navy">* gdanko_ (~gdanko@66-162-32-185.static.twtelecom.net) Quit (Quit: Get MacIrssi - <a href="http://www.sysctl.co.uk/projects/macirssi/)">http://www.sysctl.co.uk/projects/macirssi/)</a></span><br />
<span class="irc-date">[15:18]</span> <span class="irc-green">* gdanko_ (~gdanko@66-162-32-185.static.twtelecom.net) has joined this channel.</span><br />
<span class="irc-date">[15:26]</span> <span class="irc-green">* magote (~magote@a79-169-106-110.cpe.netcabo.pt) has joined this channel.</span><br />
<span class="irc-date">[16:02]</span> <span class="irc-navy">* gdanko_ (~gdanko@66-162-32-185.static.twtelecom.net) Quit (Quit: Get MacIrssi - <a href="http://www.sysctl.co.uk/projects/macirssi/)">http://www.sysctl.co.uk/projects/macirssi/)</a></span><br />
<span class="irc-date">[17:10]</span> <span class="irc-green">* GuiPer (~GuiPer@ip-86-49-25-242.net.upcbroadband.cz) has joined this channel.</span><br />
<span class="irc-date">[17:27]</span> <span class="irc-green">* skeeterslint (~skeetersl@c-71-192-215-99.hsd1.ma.comcast.net) has joined this channel.</span><br />
<span class="irc-date">[17:55]</span> <span class="irc-navy">* GuiPer (~GuiPer@ip-86-49-25-242.net.upcbroadband.cz) Quit (Read error: No route to host)</span><br />
<span class="irc-date">[18:02]</span> <span class="irc-green">* codeworkx (~codeworkx@95-89-111-251-dynip.superkabel.de) has joined this channel.</span><br />
<span class="irc-date">[18:05]</span> <span class="irc-green">* GuiPer (~GuiPer@ip-86-49-25-242.net.upcbroadband.cz) has joined this channel.</span><br />
<span class="irc-date">[18:22]</span> <span class="irc-navy">* magote (~magote@a79-169-106-110.cpe.netcabo.pt) Quit (Read error: Connection reset by peer)</span><br />
<span class="irc-date">[18:23]</span> <span class="irc-green">* magote (~magote@a79-169-106-110.cpe.netcabo.pt) has joined this channel.</span><br />
<span class="irc-date">[18:32]</span> <span class="irc-navy">* magote (~magote@a79-169-106-110.cpe.netcabo.pt) Quit (Ping timeout: 255 seconds)</span><br />
<span class="irc-date">[18:32]</span> <span class="irc-green">* coolya|away is now known as coolya</span><br />
<span class="irc-date">[18:35]</span> <span class="irc-green">* magote (~magote@a79-169-106-110.cpe.netcabo.pt) has joined this channel.</span><br />
<span class="irc-date">[18:37]</span> <span class="irc-black">&lt;GuiPer&gt; anyone here able to share both sdcards with aosp vold?</span><br />
<span class="irc-date">[18:38]</span> <span class="irc-black">&lt;UberPinguin&gt; <a href="https://github.com/CyanogenMod/samsung-kernel-galaxys">https://github.com/CyanogenMod/samsung-kernel-galaxys</a>  &lt;-- This doesn't look like the froyo kernel, it's 2.6.29.6 ?</span><br />
<span class="irc-date">[18:38]</span> <span class="irc-black">&lt;GuiPer&gt; we are having problem on it, it mounts both sdcards, but no success on sharing both via usb</span><br />
<span class="irc-date">[18:38]</span> <span class="irc-black">&lt;GuiPer&gt; UberPinguin: it's not, cyanogen git for samsung is deprecated</span><br />
<span class="irc-date">[18:39]</span> <span class="irc-black">&lt;UberPinguin&gt; Ah, ok</span><br />
<span class="irc-date">[18:39]</span> <span class="irc-navy">* codeworkx (~codeworkx@95-89-111-251-dynip.superkabel.de) Quit (Read error: Connection reset by peer)</span><br />
<span class="irc-date">[18:40]</span> <span class="irc-black">&lt;GuiPer&gt; for American variants of the phone use check the page on topic</span><br />
<span class="irc-date">[18:40]</span> <span class="irc-black">&lt;coolya&gt; totally outdated :-D</span><br />
<span class="irc-date">[18:40]</span> <span class="irc-black">&lt;UberPinguin&gt; Does cmsgs have the Galaxy S' kernel up in their github?  Or do I need to download it from opensource.samsung.com?</span><br />
<span class="irc-date">[18:40]</span> <span class="irc-black">&lt;GuiPer&gt; better to use codeworkx repo for it</span><br />
<span class="irc-date">[18:40]</span> <span class="irc-black">&lt;coolya&gt; it's up on github</span><br />
<span class="irc-date">[18:41]</span> <span class="irc-black">&lt;coolya&gt; github.com/codeworkx is the 2.6.32</span><br />
<span class="irc-date">[18:41]</span> <span class="irc-black">&lt;UberPinguin&gt; Thanks</span><br />
<span class="irc-date">[18:41]</span> <span class="irc-black">&lt;coolya&gt; github.com/coolya is 2.6.35</span><br />
<span class="irc-date">[18:41]</span> <span class="irc-black">&lt;UberPinguin&gt; Found one of the headers I was missing yesterday, trying to track the second one down now</span><br />
<span class="irc-date">[18:47]</span> <span class="irc-black">&lt;GuiPer&gt; coolya: any news from Brian?</span><br />
<span class="irc-date">[18:47]</span> <span class="irc-black">&lt;GuiPer&gt; he was sending some tweets today</span><br />
<span class="irc-date">[18:47]</span> <span class="irc-black">&lt;coolya&gt; didn't check all my mails but i'll now</span><br />
<span class="irc-date">[18:48]</span> <span class="irc-black">&lt;coolya&gt; nope</span><br />
<span class="irc-date">[18:48]</span> <span class="irc-black">&lt;GuiPer&gt; hope he will reply</span><br />
<span class="irc-date">[18:49]</span> <span class="irc-black">&lt;GuiPer&gt; trying now to solve mounts problem, but maybe should try to help on something else...</span><br />
<span class="irc-date">[18:49]</span> <span class="irc-black">&lt;GuiPer&gt; not so much important for now, only be able to share one sdcard</span><br />
<span class="irc-date">[19:19]</span> <span class="irc-black">&lt;GuiPer&gt; frameworks/base/core/java/android/hardware/Camera.java:2664: error 4: @param tag with name that doesn't match the parameter list: 'boolean'</span><br />
<span class="irc-date">[19:19]</span> <span class="irc-black">&lt;GuiPer&gt; :S</span><br />
<span class="irc-date">[19:19]</span> <span class="irc-black">&lt;coolya&gt; ignore it :-D</span><br />
<span class="irc-date">[19:21]</span> <span class="irc-black">&lt;GuiPer&gt; it stopped there</span><br />
<span class="irc-date">[19:21]</span> <span class="irc-black">&lt;GuiPer&gt; error</span><br />
<span class="irc-date">[19:54]</span> <span class="irc-green">* coolya is now known as coolya|away</span><br />
<span class="irc-date">[19:56]</span> <span class="irc-green">* coolya|away is now known as coolya</span><br />
<span class="irc-date">[20:01]</span> <span class="irc-green">* coolya is now known as coolya|away</span><br />
<span class="irc-date">[20:07]</span> <span class="irc-green">* coolya|away is now known as coolya</span><br />
<span class="irc-date">[20:09]</span> <span class="irc-green">* thedood is now known as thedude|mum</span><br />
<span class="irc-date">[20:14]</span> <span class="irc-black">&lt;GuiPer&gt; E/dalvikvm(  400): Can't open dex cache '/cache/dalvik-cache/system@framework@android.policy.jar@classes.dex': Permission denied</span><br />
<span class="irc-date">[20:14]</span> <span class="irc-black">&lt;GuiPer&gt; shit :S</span><br />
<span class="irc-date">[20:14]</span> <span class="irc-black">&lt;GuiPer&gt; why it's moved to /cache</span><br />
<span class="irc-date">[20:18]</span> <span class="irc-black">&lt;coolya&gt; because its the normal place for it :-D</span><br />
<span class="irc-date">[20:34]</span> <span class="irc-black">&lt;GuiPer&gt; before it was in /data</span><br />
<span class="irc-date">[20:34]</span> <span class="irc-black">&lt;GuiPer&gt; it's created there :p</span><br />
<span class="irc-date">[20:35]</span> <span class="irc-black">&lt;GuiPer&gt; but even creating the file there no luck :(</span><br />
<span class="irc-date">[20:35]</span> <span class="irc-black">&lt;GuiPer&gt; does not boot</span><br />
<span class="irc-date">[21:23]</span> <span class="irc-black">&lt;UberPinguin&gt; 2.6.32.9 for Epic is building, I seem to have finally got all the headers cleared up with DevinXtreme's help</span><br />
<span class="irc-date">[21:41]</span> <span class="irc-navy">* magote (~magote@a79-169-106-110.cpe.netcabo.pt) Quit ()</span><br />
<span class="irc-date">[22:05]</span> <span class="irc-navy">* GuiPer (~GuiPer@ip-86-49-25-242.net.upcbroadband.cz) Quit (Quit: GuiPer)</span><br />
<span class="irc-date">[22:05]</span> <span class="irc-green">* GuiPer (~GuiPer@ip-86-49-25-242.net.upcbroadband.cz) has joined this channel.</span><br />
<span class="irc-date">[22:05]</span> <span class="irc-green">* dasunsrule32 (~dasunsrul@christiantechsaz.com) has joined this channel.</span><br />
<span class="irc-date">[22:46]</span> <span class="irc-black">&lt;UberPinguin&gt; <a href="http://dpaste.com/307828/">http://dpaste.com/307828/</a>   So.. close.</span><br />
<span class="irc-date">[22:51]</span> <span class="irc-black">&lt;rhcp&gt; how's it working for vibrant?</span><br />
<span class="irc-date">[22:51]</span> <span class="irc-black">&lt;rhcp&gt; Im guessing you guys moveed shit to nexus :)</span><br />
<span class="irc-date">[22:59]</span> <span class="irc-black">&lt;UberPinguin&gt; idk, I'm only working on the Epic stuff personally. I haven't been watching the others.</span><br />
<span class="irc-date">[23:00]</span> <span class="irc-black">&lt;rhcp&gt; everyone is working on the epic :)</span><br />
<span class="irc-date">[23:00]</span> <span class="irc-black">&lt;rhcp&gt; and captviatehehe</span><br />
<span class="irc-date">[23:01]</span> <span class="irc-green">* coolya is now known as coolya|away</span><br />
<span class="irc-date">[23:02]</span> <span class="irc-black">&lt;UberPinguin&gt; hah</span><br />
<span class="irc-date">[23:19]</span> <span class="irc-navy">* GuiPer (~GuiPer@ip-86-49-25-242.net.upcbroadband.cz) Quit (Ping timeout: 240 seconds)</span><br />
<span class="irc-date">[23:36]</span> <span class="irc-black">&lt;dasunsrule32&gt; rhcp: it's not really working on the Vibrant</span><br />
<span class="irc-date">[23:36]</span> <span class="irc-black">&lt;dasunsrule32&gt; :(</span><br />
<span class="irc-date">[23:37]</span> <span class="irc-black">&lt;rhcp&gt; Dont think there are too many vibrant devs</span><br />
<span class="irc-date">[23:37]</span> <span class="irc-black">&lt;rhcp&gt; other then curio</span><br />
<span class="irc-date">[23:37]</span> <span class="irc-black">&lt;rhcp&gt; and eugene</span><br />
<span class="irc-date">[23:37]</span> <span class="irc-black">&lt;rhcp&gt; most are epic/captivate</span><br />
<span class="irc-date">[23:37]</span> <span class="irc-black">&lt;dasunsrule32&gt; supercurio is i9000</span><br />
<span class="irc-date">[23:38]</span> <span class="irc-black">&lt;dasunsrule32&gt; rhcp: thedude is...</span><br />
<span class="irc-date">[23:38]</span> <span class="irc-black">&lt;dasunsrule32&gt; he has been busy though</span><br />
<span class="irc-date">[23:38]</span> <span class="irc-black">&lt;rhcp&gt; Yea :)</span><br />
<span class="irc-date">[23:38]</span> <span class="irc-black">&lt;dasunsrule32&gt; I am not much of a programmer</span><br />
<span class="irc-date">[23:38]</span> <span class="irc-black">&lt;dasunsrule32&gt; otherwise I'd take over, I'm off for six weeks from work</span><br />
<span class="irc-date">[23:38]</span> <span class="irc-black">&lt;rhcp&gt; I prefer what hes busy with :P</span><br />
<span class="irc-date">[23:38]</span> <span class="irc-black">&lt;rhcp&gt; then vibrant</span><br />
<span class="irc-date">[23:38]</span> <span class="irc-black">&lt;rhcp&gt; I wanan sell mine</span><br />
<span class="irc-date">[23:39]</span> <span class="irc-black">&lt;dasunsrule32&gt; rhcp: it shouldn't be too hard to port cm7 to it, since the NS uses nearly identical h/w</span><br />
<span class="irc-date">[23:39]</span> <span class="irc-black">&lt;dasunsrule32&gt; the hardest part, converting everything to ext4 and some of the modules that aren't open sourced</span><br />
<span class="irc-date">[23:40]</span> <span class="irc-black">&lt;dasunsrule32&gt; If Samsung would ever drop some source, we'd be better off</span><br />
<span class="irc-date">[23:40]</span> <span class="irc-black">&lt;dasunsrule32&gt; that is the biggest hitch</span><br />
<span class="irc-date">[23:40]</span> <span class="irc-black">&lt;dasunsrule32&gt; all the others are getting their source, thus work can move on</span><br />
<span class="irc-date">[23:41]</span> <span class="irc-black">&lt;rhcp&gt; I honestly dont even care. I just want to sell it near what i paid</span><br />
<span class="irc-date">[23:41]</span> <span class="irc-black">&lt;rhcp&gt; which is prob impossible</span><br />
<span class="irc-date">[23:42]</span> <span class="irc-black">&lt;rhcp&gt; I have a G2 now</span><br />
<span class="irc-date">[23:42]</span> <span class="irc-black">&lt;rhcp&gt; its 100x better</span><br />
<span class="irc-date">[23:45]</span> <span class="irc-black">&lt;dasunsrule32&gt; bleh</span><br />
<span class="irc-date">[23:45]</span> <span class="irc-black">&lt;dasunsrule32&gt; lol</span><br />
<span class="irc-date">[23:45]</span> <span class="irc-black">&lt;dasunsrule32&gt; it's more of a mid-range phone</span><br />
<span class="irc-date">[23:45]</span> <span class="irc-black">&lt;dasunsrule32&gt; the g2</span><br />
<span class="irc-date">[23:45]</span> <span class="irc-black">&lt;dasunsrule32&gt; doesn't matter to me, looking forward to the G-Slate</span><br />
<span class="irc-date">[23:45]</span> <span class="irc-black">&lt;dasunsrule32&gt; :)</span><br />
<span class="irc-date">[23:45]</span> <span class="irc-black">&lt;dasunsrule32&gt; CM8!</span><br />
<span class="irc-date">[23:58]</span> <span class="irc-green">* thedude|mum is now known as thedude|akmfk</span><br />
