<span class="irc-date">[0:04]</span> <span class="irc-black">&lt;UberPinguin&gt; Has anyone looked at CONFIG_TINY_FLASH_PHYS_ADDR ?</span><br />
<span class="irc-date">[0:14]</span> <span class="irc-green">* dasunsrule32 (~dasunsrul@christiantechsaz.com) has joined this channel.</span><br />
<span class="irc-date">[0:42]</span> <span class="irc-green">* TCMAN-tab (~TCMAN@166.134.67.152) has joined this channel.</span><br />
<span class="irc-date">[1:29]</span> <span class="irc-brick">* dasunsrule32 wonders if cm7 will ever come to the Vibrant :)</span><br />
<span class="irc-date">[1:29]</span> <span class="irc-brick">* dasunsrule32 rather, when will Samsung release some source</span><br />
<span class="irc-date">[10:54]</span> <span class="irc-brown">-anthony.freenode.net- *** Looking up your hostname...</span><br />
<span class="irc-date">[10:54]</span> <span class="irc-brown">-anthony.freenode.net- *** Checking Ident</span><br />
<span class="irc-date">[10:54]</span> <span class="irc-brown">-anthony.freenode.net- *** No Ident response</span><br />
<span class="irc-date">[10:54]</span> <span class="irc-brown">-anthony.freenode.net- *** Found your hostname</span><br />
<span class="irc-date">[10:54]</span> <span class="irc-green">* cmsgsteam-logger (~PircBot@cmsgs.com) has joined this channel.</span><br />
<span class="irc-date">[10:54]</span> <span class="irc-green">* Topic is 'SGS CyanogenMod developers and testers (and other kernel and android hackers) - <a href="http://www.cmsgs.com/'">http://www.cmsgs.com/'</a></span><br />
<span class="irc-date">[10:54]</span> <span class="irc-green">* Set by atinm|night!~atin@unaffiliated/atinm on Sun Dec 19 02:05:32 GMT 2010</span><br />
<span class="irc-date">[10:54]</span> <span class="irc-brown">-ChanServ- [#__topsecret__] SGS-CM6 developers and testers only pls. Others could be kickbanned if not contributing to the channel's function.</span><br />
<span class="irc-date">[10:54]</span> <span class="irc-green">* ChanServ sets mode +o cmsgsteam-logger</span><br />
<span class="irc-date">[11:02]</span> <span class="irc-green">* neldar (~neldar@dsl-217-164-156.pool.bitel.net) has joined this channel.</span><br />
<span class="irc-date">[11:02]</span> <span class="irc-black">&lt;- *neldar* Bot Sentry eingeschalten:  Sie werden jetzt ignoriert!  Ihre Nachricht wird übermittelt wenn sie die folgenden Fragen innerhalb von 10 Minuten richtig beantworten:  How do you spell the result of ten div_ided by 2?</span><br />
<span class="irc-date">[11:05]</span> <span class="irc-navy">* neldar (~neldar@dsl-217-164-156.pool.bitel.net) Quit (Client Quit)</span><br />
<span class="irc-date">[12:22]</span> <span class="irc-green">* magote (~magote@a79-169-106-110.cpe.netcabo.pt) has joined this channel.</span><br />
<span class="irc-date">[13:49]</span> <span class="irc-green">* birdman (~Steven@24.246.130.106) has joined this channel.</span><br />
<span class="irc-date">[14:08]</span> <span class="irc-navy">* kernelzilla (~patrick@174-26-119-112.phnx.qwest.net) Quit (*.net *.split)</span><br />
<span class="irc-date">[14:09]</span> <span class="irc-green">* kernelzilla (~patrick@174-26-119-112.phnx.qwest.net) has joined this channel.</span><br />
<span class="irc-date">[14:14]</span> <span class="irc-navy">* birdman (~Steven@24.246.130.106) Quit (Read error: Connection reset by peer)</span><br />
<span class="irc-date">[14:17]</span> <span class="irc-navy">* jt|sleepyface (~jt1134@c-71-207-226-80.hsd1.al.comcast.net) Quit (Ping timeout: 240 seconds)</span><br />
<span class="irc-date">[14:20]</span> <span class="irc-green">* jt|sleepyface (~jt1134@c-71-207-226-80.hsd1.al.comcast.net) has joined this channel.</span><br />
<span class="irc-date">[14:20]</span> <span class="irc-green">* birdman (~Steven@24.246.130.106) has joined this channel.</span><br />
<span class="irc-date">[15:00]</span> <span class="irc-green">* neldar (~neldar@dsl-217-164-156.pool.bitel.net) has joined this channel.</span><br />
<span class="irc-date">[15:00]</span> <span class="irc-black">&lt;- *neldar* Bot Sentry eingeschalten:  Sie werden jetzt ignoriert!  Ihre Nachricht wird übermittelt wenn sie die folgenden Fragen innerhalb von 10 Minuten richtig beantworten:  How do you spell the result of ten div_ided by 2?</span><br />
<span class="irc-date">[15:13]</span> <span class="irc-green">* thedood|away is now known as thedood</span><br />
<span class="irc-date">[15:20]</span> <span class="irc-green">* wesgarner (~wesgarner@71-82-1-32.dhcp.leds.al.charter.com) has joined this channel.</span><br />
<span class="irc-date">[15:31]</span> <span class="irc-green">* wArri` is now known as wArri</span><br />
<span class="irc-date">[15:32]</span> <span class="irc-navy">* birdman (~Steven@24.246.130.106) Quit (Ping timeout: 240 seconds)</span><br />
<span class="irc-date">[15:36]</span> <span class="irc-green">* codeworkx (~codeworkx@95-89-111-251-dynip.superkabel.de) has joined this channel.</span><br />
<span class="irc-date">[15:46]</span> <span class="irc-green">* birdman (~Steven@56.sub-75-216-129.myvzw.com) has joined this channel.</span><br />
<span class="irc-date">[15:48]</span> <span class="irc-green">* thedeanius (~dean@64.151.21.178) has joined this channel.</span><br />
<span class="irc-date">[16:05]</span> <span class="irc-navy">* jscurtu (~jscurtu@020-130-088-212.ip-addr.teresto.net) Quit (Remote host closed the connection)</span><br />
<span class="irc-date">[16:41]</span> <span class="irc-green">* skeeterslint (~skeetersl@c-71-192-215-99.hsd1.ma.comcast.net) has joined this channel.</span><br />
<span class="irc-date">[17:31]</span> <span class="irc-navy">* dasunsrule32 (~dasunsrul@christiantechsaz.com) Quit (Ping timeout: 272 seconds)</span><br />
<span class="irc-date">[17:37]</span> <span class="irc-green">* jscurtu (~jscurtu@p54A539C3.dip.t-dialin.net) has joined this channel.</span><br />
<span class="irc-date">[17:47]</span> <span class="irc-brown">-anthony.freenode.net- *** Looking up your hostname...</span><br />
<span class="irc-date">[17:47]</span> <span class="irc-brown">-anthony.freenode.net- *** Checking Ident</span><br />
<span class="irc-date">[17:47]</span> <span class="irc-brown">-anthony.freenode.net- *** No Ident response</span><br />
<span class="irc-date">[17:47]</span> <span class="irc-brown">-anthony.freenode.net- *** Found your hostname</span><br />
<span class="irc-date">[17:47]</span> <span class="irc-green">* cmsgsteam-logger (~PircBot@cmsgs.com) has joined this channel.</span><br />
<span class="irc-date">[17:47]</span> <span class="irc-green">* Topic is 'SGS CyanogenMod developers and testers (and other kernel and android hackers) - <a href="http://www.cmsgs.com/'">http://www.cmsgs.com/'</a></span><br />
<span class="irc-date">[17:47]</span> <span class="irc-green">* Set by atinm|night!~atin@unaffiliated/atinm on Sun Dec 19 02:05:32 GMT 2010</span><br />
<span class="irc-date">[17:47]</span> <span class="irc-brown">-ChanServ- [#__topsecret__] SGS-CM6 developers and testers only pls. Others could be kickbanned if not contributing to the channel's function.</span><br />
<span class="irc-date">[17:47]</span> <span class="irc-green">* ChanServ sets mode +o cmsgsteam-logger</span><br />
<span class="irc-date">[18:03]</span> <span class="irc-navy">* wesgarner (~wesgarner@71-82-1-32.dhcp.leds.al.charter.com) Quit (Read error: Connection reset by peer)</span><br />
<span class="irc-date">[18:05]</span> <span class="irc-green">* wesgarner (~wesgarner@71-82-1-32.dhcp.leds.al.charter.com) has joined this channel.</span><br />
<span class="irc-date">[18:09]</span> <span class="irc-navy">* birdman (~Steven@56.sub-75-216-129.myvzw.com) Quit (Ping timeout: 240 seconds)</span><br />
<span class="irc-date">[18:27]</span> <span class="irc-green">* birdman (~Steven@24.246.130.106) has joined this channel.</span><br />
<span class="irc-date">[18:27]</span> <span class="irc-green">* dasunsrule32 (~dasunsrul@christiantechsaz.com) has joined this channel.</span><br />
<span class="irc-date">[18:49]</span> <span class="irc-green">* coolya|away is now known as coolya</span><br />
<span class="irc-date">[19:12]</span> <span class="irc-green">* cob_ is now known as cob</span><br />
<span class="irc-date">[19:39]</span> <span class="irc-navy">* birdman (~Steven@24.246.130.106) Quit (Ping timeout: 240 seconds)</span><br />
<span class="irc-date">[19:57]</span> <span class="irc-green">* birdman (~Steven@218.sub-75-200-191.myvzw.com) has joined this channel.</span><br />
