<span class="irc-date">[0:01]</span> <span class="irc-black">&lt;techmik67&gt; ok, building now.... who are the vibrant people who need direction to test branches?</span><br />
<span class="irc-date">[0:02]</span> <span class="irc-black">&lt;evzor&gt; me</span><br />
<span class="irc-date">[0:03]</span> <span class="irc-black">&lt;evzor&gt; i have a vibrant and can test. i'm going to be leaving work around nine but i'll jump back on when i get home.</span><br />
<span class="irc-date">[0:03]</span> <span class="irc-black">&lt;techmik67&gt; ok, i'll be ehre</span><br />
<span class="irc-date">[0:03]</span> <span class="irc-black">&lt;techmik67&gt; here</span><br />
<span class="irc-date">[0:04]</span> <span class="irc-black">&lt;evzor&gt; are you able to share you build with me so i can test?</span><br />
<span class="irc-date">[0:04]</span> <span class="irc-black">&lt;techmik67&gt; i am captivate</span><br />
<span class="irc-date">[0:04]</span> <span class="irc-black">&lt;evzor&gt; bummer</span><br />
<span class="irc-date">[0:05]</span> <span class="irc-black">&lt;techmik67&gt; its ok, may as well get the initial repo sync done and then we'll setup the branches....</span><br />
<span class="irc-date">[0:05]</span> <span class="irc-black">&lt;techmik67&gt; later</span><br />
<span class="irc-date">[0:05]</span> <span class="irc-black">&lt;techmik67&gt; when u caxn</span><br />
<span class="irc-date">[0:05]</span> <span class="irc-black">&lt;techmik67&gt; can</span><br />
<span class="irc-date">[0:06]</span> <span class="irc-black">&lt;evzor&gt; yeah i'll get that done tonight on my home laptop my vm box here on the cash register kinda runs like dicks in a blender.</span><br />
<span class="irc-date">[0:06]</span> <span class="irc-navy">* KBme (~KBme@2001:470:1f13:94::3) Quit (Read error: Operation timed out)</span><br />
<span class="irc-date">[0:09]</span> <span class="irc-black">&lt;ericDET&gt; I'm also Vibrant</span><br />
<span class="irc-date">[0:09]</span> <span class="irc-black">&lt;ericDET&gt; syncing repo as we speak</span><br />
<span class="irc-date">[0:09]</span> <span class="irc-black">&lt;techmik67&gt; ok, let me know when done and i'll walk you thru the branches</span><br />
<span class="irc-date">[0:10]</span> <span class="irc-black">&lt;ericDET&gt; ok</span><br />
<span class="irc-date">[0:10]</span> <span class="irc-black">&lt;gehzumteufel&gt; I have a vibrant also, and will be leaving work in about 40 minutes</span><br />
<span class="irc-date">[0:11]</span> <span class="irc-black">&lt;gehzumteufel&gt; Once I get home and reboot into Ubuntu, then I can get it all setup</span><br />
<span class="irc-date">[0:12]</span> <span class="irc-black">&lt;techmik67&gt; k</span><br />
<span class="irc-date">[0:12]</span> <span class="irc-black">&lt;gehzumteufel&gt; I gotta figure out how to setup SSH access so I can just have this stuff ready when I get home.</span><br />
<span class="irc-date">[0:17]</span> <span class="irc-black">&lt;atinm&gt; ok, invited one more person for techmik.</span><br />
<span class="irc-date">[0:18]</span> <span class="irc-black">&lt;atinm&gt; that should be enough vibrant ppl.</span><br />
<span class="irc-date">[0:18]</span> <span class="irc-black">&lt;atinm&gt; so that the next time I demand a vibrant testers, at least one will be around ;-)</span><br />
<span class="irc-date">[0:18]</span> <span class="irc-black">&lt;techmik67&gt; =)</span><br />
<span class="irc-date">[0:19]</span> <span class="irc-black">&lt;atinm&gt; techmik67 handles all of us alone . . . but then captivate rules ;-)</span><br />
<span class="irc-date">[0:19]</span> <span class="irc-black">&lt;techmik67&gt; lol, til kaik comes back to us, anyway</span><br />
<span class="irc-date">[0:19]</span> <span class="irc-black">&lt;atinm&gt; yeah, I know . . . damn audience chip</span><br />
<span class="irc-date">[0:19]</span> <span class="irc-black">&lt;evzor&gt; well man i'm a fast learner and i'd be glad to show noobs around once i get the ropes down</span><br />
<span class="irc-date">[0:19]</span> <span class="irc-black">&lt;atinm&gt; xcaliburinhand needs to get up to speed.</span><br />
<span class="irc-date">[0:20]</span> <span class="irc-black">&lt;atinm&gt; he's off in the weeds with this whole reorient thing when there are more important things I want done (I have unhelpful and guiper to handle orientation ;-) )</span><br />
<span class="irc-date">[0:21]</span> <span class="irc-black">&lt;atinm&gt; ok, off to figure out what turns incallscreen mode on/off.</span><br />
<span class="irc-date">[0:21]</span> <span class="irc-black">&lt;evzor&gt; good luck</span><br />
<span class="irc-date">[0:21]</span> <span class="irc-black">&lt;atinm&gt; and why it is different for vibrant.</span><br />
<span class="irc-date">[0:21]</span> <span class="irc-black">&lt;atinm&gt; it shouldn't be - this is common code.</span><br />
<span class="irc-date">[0:23]</span> <span class="irc-black">&lt;techmik67&gt; but he cant use our reorient, cause its not in kernel, correct?</span><br />
<span class="irc-date">[0:23]</span> <span class="irc-black">&lt;techmik67&gt; xcal, i mean</span><br />
<span class="irc-date">[0:23]</span> <span class="irc-black">&lt;atinm&gt; ask unhelpful. the whole thing is opaque to me.</span><br />
<span class="irc-date">[0:23]</span> <span class="irc-black">&lt;techmik67&gt; i dont even remember where it is anymore</span><br />
<span class="irc-date">[0:23]</span> <span class="irc-black">&lt;atinm&gt; wtf, why is init.rc so different on captivate compared to the others.</span><br />
<span class="irc-date">[0:24]</span> <span class="irc-black">&lt;atinm&gt; hmm, coolya|away here?</span><br />
<span class="irc-date">[0:27]</span> <span class="irc-black">&lt;atinm&gt; that's fine . . . the others all have the old mmcwait.sh thing</span><br />
<span class="irc-date">[0:27]</span> <span class="irc-black">&lt;atinm&gt; while captivate uses wait.</span><br />
<span class="irc-date">[0:27]</span> <span class="irc-black">&lt;atinm&gt; like they all should</span><br />
<span class="irc-date">[0:27]</span> <span class="irc-green">* neldar (~neldar@dsl18-14.pool.bitel.net) has joined this channel.</span><br />
<span class="irc-date">[0:27]</span> <span class="irc-black">&lt;- *neldar* Bot Sentry eingeschalten:  Sie werden jetzt ignoriert!  Ihre Nachricht wird übermittelt wenn sie die folgenden Fragen innerhalb von 10 Minuten richtig beantworten:  How do you spell the result of ten div_ided by 2?</span><br />
<span class="irc-date">[0:28]</span> <span class="irc-black">&lt;techmik67&gt; lol</span><br />
<span class="irc-date">[0:29]</span> <span class="irc-green">* KBme (~KBme@2001:470:cabe:666:666:666:666:666) has joined this channel.</span><br />
<span class="irc-date">[0:33]</span> <span class="irc-black">&lt;Unhelpful&gt; techmik67: well, we are now reorienting in kernel (in sensors branch)</span><br />
<span class="irc-date">[0:33]</span> <span class="irc-black">&lt;techmik67&gt; ah</span><br />
<span class="irc-date">[0:33]</span> <span class="irc-black">&lt;Unhelpful&gt; because of using the proprietary sensors library/daemon</span><br />
<span class="irc-date">[0:34]</span> <span class="irc-black">&lt;techmik67&gt; lets point xcal at it so he can use the "good" method.... didnt you say therer was something wrong with how he does it?</span><br />
<span class="irc-date">[0:34]</span> <span class="irc-black">&lt;Unhelpful&gt; i said that there is no good reason to move around the position table entries.</span><br />
<span class="irc-date">[0:34]</span> <span class="irc-black">&lt;techmik67&gt; ah</span><br />
<span class="irc-date">[0:34]</span> <span class="irc-green">* AndChat| (~AndChat@m77-218-100-71.cust.tele2.se) has joined this channel.</span><br />
<span class="irc-date">[0:36]</span> <span class="irc-navy">* blyfoten (~AndChat@c-b9dbe455.04-17-73746f2.cust.bredbandsbolaget.se) Quit (Ping timeout: 276 seconds)</span><br />
<span class="irc-date">[0:42]</span> <span class="irc-black">&lt;atinm&gt; wwyvern: techmik67 is your guide to all things testing :)</span><br />
<span class="irc-date">[0:42]</span> <span class="irc-black">&lt;techmik67&gt; lol</span><br />
<span class="irc-date">[0:42]</span> <span class="irc-black">&lt;atinm&gt; we devs give his crap to test, and he tests.</span><br />
<span class="irc-date">[0:42]</span> <span class="irc-black">&lt;atinm&gt; him crap to test</span><br />
<span class="irc-date">[0:43]</span> <span class="irc-black">&lt;atinm&gt; but I've been lacking vibrant testers.</span><br />
<span class="irc-date">[0:43]</span> <span class="irc-black">&lt;atinm&gt; so I asked some to join here.</span><br />
<span class="irc-date">[0:44]</span> <span class="irc-black">&lt;techmik67&gt; atinm: i *think* you can make a test sensors vibrant build and it should work.....</span><br />
<span class="irc-date">[0:45]</span> <span class="irc-black">&lt;atinm&gt; techmik67: ok, I'll do it soon.</span><br />
<span class="irc-date">[0:45]</span> <span class="irc-black">&lt;atinm&gt; building straight mainline first.</span><br />
<span class="irc-date">[0:45]</span> <span class="irc-black">&lt;atinm&gt; noticed a few things different in the .rc files between the devices which shouldn't be different.</span><br />
<span class="irc-date">[0:45]</span> <span class="irc-black">&lt;Unhelpful&gt; atinm: our init.rc is different because for whatever reason none of the changes got merged on captivate, and i had it up. without knowing it had already been done for the others and i could copy it.</span><br />
<span class="irc-date">[0:46]</span> <span class="irc-black">&lt;atinm&gt; it was minor stuff, like mmcwait.sh, setupenv.sh etc</span><br />
<span class="irc-date">[0:46]</span> <span class="irc-black">&lt;atinm&gt; and the write 1 to fb3</span><br />
<span class="irc-date">[0:46]</span> <span class="irc-black">&lt;atinm&gt; so just put it in all</span><br />
<span class="irc-date">[0:46]</span> <span class="irc-black">&lt;Unhelpful&gt; ohhhhhh that.</span><br />
<span class="irc-date">[0:47]</span> <span class="irc-black">&lt;Unhelpful&gt; i changed the fb3 thing ages ago.</span><br />
<span class="irc-date">[0:47]</span> <span class="irc-black">&lt;atinm&gt; nothing that explains why vibrant thinks callscreening is still on after you answer the phone.</span><br />
<span class="irc-date">[0:47]</span> <span class="irc-black">&lt;Unhelpful&gt; that was during the initramfs change. :)</span><br />
<span class="irc-date">[0:48]</span> <span class="irc-navy">* ytt3r (~evan@adsl-88-54-105.asm.bellsouth.net) Quit (Ping timeout: 258 seconds)</span><br />
<span class="irc-date">[0:48]</span> <span class="irc-black">&lt;ericDET&gt; Why I'm waiting for this repo to finish syncing.. A quick question...</span><br />
<span class="irc-date">[0:48]</span> <span class="irc-black">&lt;ericDET&gt; Why would titanium not restore my data in cm7?</span><br />
<span class="irc-date">[0:50]</span> <span class="irc-black">&lt;techmik67&gt; its unusual for titanium to be able to restore data from another full release, like from froyo to gingerbread</span><br />
<span class="irc-date">[0:51]</span> <span class="irc-black">&lt;Unhelpful&gt; basically, stuff changes. :P</span><br />
<span class="irc-date">[0:51]</span> <span class="irc-black">&lt;ericDET&gt; Hmm. All my eclair stuff went over to gingerbread without a hitch. I saw where someone changed the sqlite version and it seemed to fix the problem. Any thoughts?</span><br />
<span class="irc-date">[0:51]</span> <span class="irc-black">&lt;ericDET&gt; sorry froyo from eclair**</span><br />
<span class="irc-date">[0:52]</span> <span class="irc-black">&lt;techmik67&gt; i personall *was* able to just use tibu like normal, so i cant really troubleshhot it...</span><br />
<span class="irc-date">[0:55]</span> <span class="irc-black">&lt;techmik67&gt; on fresh build, same thing, just need to calibrate compass on boot to "kickstart" it</span><br />
<span class="irc-date">[0:55]</span> <span class="irc-black">&lt;techmik67&gt; then it works great</span><br />
<span class="irc-date">[0:56]</span> <span class="irc-black">&lt;atinm&gt; what do you have to do to caliberate?</span><br />
<span class="irc-date">[0:56]</span> <span class="irc-navy">* neldar (~neldar@dsl18-14.pool.bitel.net) Quit (Quit: Leaving.)</span><br />
<span class="irc-date">[0:56]</span> <span class="irc-black">&lt;Unhelpful&gt; atinm: turn the device over a few times should work. around more than one axis is best.</span><br />
<span class="irc-date">[0:57]</span> <span class="irc-black">&lt;Unhelpful&gt; i never did a manual calibrate</span><br />
<span class="irc-date">[0:57]</span> <span class="irc-black">&lt;atinm&gt; is that what they meant by 3 rolls or whatever?</span><br />
<span class="irc-date">[0:57]</span> <span class="irc-black">&lt;wwyvern&gt; atinm-saw the note-just won't be back for a couple hours-company at the house and I have to make social and all</span><br />
<span class="irc-date">[0:57]</span> <span class="irc-black">&lt;techmik67&gt; without pressing calibrate you mean? just flip it over?</span><br />
<span class="irc-date">[0:58]</span> <span class="irc-black">&lt;wwyvern&gt; kept this up and running so I could read the logs :)</span><br />
<span class="irc-date">[0:58]</span> <span class="irc-black">&lt;atinm&gt; wwyvern: logs are also online at cmsgs.com</span><br />
<span class="irc-date">[0:58]</span> <span class="irc-black">&lt;atinm&gt; for the times when you're not logged on.</span><br />
<span class="irc-date">[0:58]</span> <span class="irc-black">&lt;wwyvern&gt; thanks-do I need to set up to build at this end? and is the build info on the CM website current?</span><br />
<span class="irc-date">[0:59]</span> <span class="irc-black">&lt;wwyvern&gt; haven't bothered thus far</span><br />
<span class="irc-date">[0:59]</span> <span class="irc-black">&lt;atinm&gt; it is current, and it would be great if you do set up to build and know how</span><br />
<span class="irc-date">[0:59]</span> <span class="irc-black">&lt;atinm&gt; it makes our jobs easier.</span><br />
<span class="irc-date">[0:59]</span> <span class="irc-navy">* evzor (~evzor@71.161.106.159) Quit (Read error: Connection reset by peer)</span><br />
<span class="irc-date">[0:59]</span> <span class="irc-black">&lt;atinm&gt; heck, techmik even tries his hand and modifying code now and then</span><br />
<span class="irc-date">[0:59]</span> <span class="irc-black">&lt;wwyvern&gt; don't know it all, but I live with a uni god, so anything I don't know, I can ask about..or just ask you guys</span><br />
<span class="irc-date">[0:59]</span> <span class="irc-black">&lt;techmik67&gt; lol, tires =)</span><br />
