<span class="irc-date">[0:02]</span> <span class="irc-black">&lt;Unhelpful&gt; wtf, does ccmath not *have* any documentation @ all? :/</span><br />
<span class="irc-date">[0:05]</span> <span class="irc-green">* thedeanius (~dean@c-24-2-24-87.hsd1.mo.comcast.net) has joined this channel.</span><br />
<span class="irc-date">[2:30]</span> <span class="irc-green">* chaembian (~chaembian@122.174.88.175) has joined this channel.</span><br />
<span class="irc-date">[3:35]</span> <span class="irc-green">* techmik (~techmik@c-76-109-173-83.hsd1.fl.comcast.net) has joined this channel.</span><br />
<span class="irc-date">[3:36]</span> <span class="irc-navy">* techmik_laptop (~techmik@c-76-109-173-83.hsd1.fl.comcast.net) Quit (Read error: No route to host)</span><br />
<span class="irc-date">[3:44]</span> <span class="irc-navy">* designfears (~df@cpe-184-57-163-79.cinci.res.rr.com) Quit (Ping timeout: 240 seconds)</span><br />
<span class="irc-date">[3:48]</span> <span class="irc-green">* techmik is now known as techmik_laptop</span><br />
<span class="irc-date">[4:13]</span> <span class="irc-navy">* crypta1 (~KP@port-27257.pppoe.wtnet.de) Quit (Ping timeout: 250 seconds)</span><br />
<span class="irc-date">[4:28]</span> <span class="irc-navy">* thedeanius (~dean@c-24-2-24-87.hsd1.mo.comcast.net) Quit (Quit: thedeanius)</span><br />
<span class="irc-date">[5:15]</span> <span class="irc-green">* nullghost is now known as ChrisHansen</span><br />
<span class="irc-date">[5:15]</span> <span class="irc-green">* ChrisHansen is now known as nullghost</span><br />
<span class="irc-date">[5:21]</span> <span class="irc-navy">* chaembian (~chaembian@122.174.88.175) Quit (Quit: WeeChat 0.3.2)</span><br />
<span class="irc-date">[5:34]</span> <span class="irc-navy">* kalpik (~kalpik@unaffiliated/kalpik) Quit (Ping timeout: 240 seconds)</span><br />
<span class="irc-date">[5:42]</span> <span class="irc-navy">* nullghost (~quassel@c-76-18-157-237.hsd1.tn.comcast.net) Quit (Remote host closed the connection)</span><br />
<span class="irc-date">[5:46]</span> <span class="irc-green">* kalpik (~kalpik@unaffiliated/kalpik) has joined this channel.</span><br />
<span class="irc-date">[6:11]</span> <span class="irc-green">* Wout` (Wout@s559776f4.adsl.wanadoo.nl) has joined this channel.</span><br />
<span class="irc-date">[7:35]</span> <span class="irc-green">* crypta (~KP@port-28211.pppoe.wtnet.de) has joined this channel.</span><br />
<span class="irc-date">[7:49]</span> <span class="irc-green">* crypta1 (~KP@port-23641.pppoe.wtnet.de) has joined this channel.</span><br />
<span class="irc-date">[7:49]</span> <span class="irc-navy">* crypta (~KP@port-28211.pppoe.wtnet.de) Quit (Ping timeout: 240 seconds)</span><br />
<span class="irc-date">[7:59]</span> <span class="irc-green">* acdbx (~acdbx@cpe-66-75-28-44.san.res.rr.com) has joined this channel.</span><br />
<span class="irc-date">[8:34]</span> <span class="irc-green">* ciwrl is now known as ciwrl|away</span><br />
<span class="irc-date">[8:36]</span> <span class="irc-black">&lt;Wout`&gt; any updates on mainline merge?</span><br />
<span class="irc-date">[9:20]</span> <span class="irc-black">&lt;kang&gt; uberushaximus: yes probably, no big change i think tho, just prettyfied code</span><br />
<span class="irc-date">[9:27]</span> <span class="irc-brick">* Wout` will get his hand on an eee pad transformer soon</span><br />
<span class="irc-date">[9:27]</span> <span class="irc-black">&lt;Wout`&gt; cant wait</span><br />
<span class="irc-date">[9:30]</span> <span class="irc-black">&lt;Kaik541&gt; is that the one that's the android laptop</span><br />
<span class="irc-date">[9:30]</span> <span class="irc-black">&lt;Kaik541&gt; that can detach from the keyboard?</span><br />
<span class="irc-date">[9:31]</span> <span class="irc-black">&lt;Wout`&gt; yup</span><br />
<span class="irc-date">[9:31]</span> <span class="irc-black">&lt;Wout`&gt; 10,1", honeycomb, tegra 2</span><br />
<span class="irc-date">[9:42]</span> <span class="irc-black">&lt;Kaik541&gt; the commercial for it was just... terrible</span><br />
<span class="irc-date">[9:45]</span> <span class="irc-black">&lt;atinm|away&gt; coolya</span><br />
<span class="irc-date">[9:45]</span> <span class="irc-black">&lt;atinm|away&gt; unhelpful</span><br />
<span class="irc-date">[9:55]</span> <span class="irc-navy">* acdbx (~acdbx@cpe-66-75-28-44.san.res.rr.com) Quit (Ping timeout: 240 seconds)</span><br />
<span class="irc-date">[10:29]</span> <span class="irc-green">* acdbx (~acdbx@cpe-66-75-28-44.san.res.rr.com) has joined this channel.</span><br />
<span class="irc-date">[10:49]</span> <span class="irc-navy">* acdbx (~acdbx@cpe-66-75-28-44.san.res.rr.com) Quit (Ping timeout: 276 seconds)</span><br />
<span class="irc-date">[11:34]</span> <span class="irc-navy">* kalpik (~kalpik@unaffiliated/kalpik) Quit (Ping timeout: 252 seconds)</span><br />
<span class="irc-date">[11:44]</span> <span class="irc-green">* thedeanius (~dean@c-24-2-24-87.hsd1.mo.comcast.net) has joined this channel.</span><br />
<span class="irc-date">[11:46]</span> <span class="irc-green">* knowsnotmuch (~ashwinds@115.242.185.187) has joined this channel.</span><br />
<span class="irc-date">[11:48]</span> <span class="irc-green">* kalpik (~kalpik@unaffiliated/kalpik) has joined this channel.</span><br />
<span class="irc-date">[11:49]</span> <span class="irc-navy">* thedeanius (~dean@c-24-2-24-87.hsd1.mo.comcast.net) Quit (Client Quit)</span><br />
<span class="irc-date">[11:54]</span> <span class="irc-black">&lt;Wout`&gt; touchwiz really slows to a crawl after a few days without reboots</span><br />
<span class="irc-date">[11:57]</span> <span class="irc-black">&lt;Kaik541&gt; touchwiz really slow to a crawl after a few days</span><br />
<span class="irc-date">[11:57]</span> <span class="irc-black">&lt;Kaik541&gt; fixed</span><br />
<span class="irc-date">[11:59]</span> <span class="irc-black">&lt;mikebeecham&gt; morning all</span><br />
<span class="irc-date">[12:00]</span> <span class="irc-black">&lt;Kaik541&gt; morning</span><br />
<span class="irc-date">[12:00]</span> <span class="irc-black">&lt;Wout`&gt; Kaik541: it's workable with a daily reboot</span><br />
<span class="irc-date">[12:00]</span> <span class="irc-black">&lt;Wout`&gt; nowhere near cm7 though</span><br />
<span class="irc-date">[12:00]</span> <span class="irc-black">&lt;Kaik541&gt; tbh, the way the phone feels with voodoo is "fine" (and probably the user experience it should have shipped with)</span><br />
<span class="irc-date">[12:01]</span> <span class="irc-black">&lt;Kaik541&gt; but CM7 feels like buttery glass in comparison</span><br />
<span class="irc-date">[12:01]</span> <span class="irc-black">&lt;Wout`&gt; true, but the jkv voodoo kernel isnt quite stable yet i tihnk</span><br />
<span class="irc-date">[12:01]</span> <span class="irc-black">&lt;Kaik541&gt; that might have something do with JKV not being stable itself</span><br />
<span class="irc-date">[12:03]</span> <span class="irc-black">&lt;Wout`&gt; it's perfectly stable for me</span><br />
<span class="irc-date">[12:10]</span> <span class="irc-navy">* techmik_laptop (~techmik@c-76-109-173-83.hsd1.fl.comcast.net) Quit (Quit: Konversation terminated!)</span><br />
<span class="irc-date">[12:11]</span> <span class="irc-green">* techmik_laptop (~techmik@c-76-109-173-83.hsd1.fl.comcast.net) has joined this channel.</span><br />
<span class="irc-date">[12:31]</span> <span class="irc-navy">* atinm|away (~atin@unaffiliated/atinm) Quit (Quit: atinm|away)</span><br />
<span class="irc-date">[12:51]</span> <span class="irc-green">* thedeanius (~dean@64.151.21.178) has joined this channel.</span><br />
<span class="irc-date">[12:52]</span> <span class="irc-navy">* knowsnotmuch (~ashwinds@115.242.185.187) Quit (Ping timeout: 248 seconds)</span><br />
<span class="irc-date">[12:52]</span> <span class="irc-green">* gdanko (~gdanko@66-162-32-185.static.twtelecom.net) has joined this channel.</span><br />
<span class="irc-date">[13:01]</span> <span class="irc-black">&lt;ohayden&gt; <a href="http://www.networkworld.com/newsletters/sec/2011/040411sec1.html">http://www.networkworld.com/newsletters/sec/2011/040411sec1.html</a></span><br />
<span class="irc-date">[13:01]</span> <span class="irc-black">&lt;ohayden&gt; \o/</span><br />
<span class="irc-date">[13:07]</span> <span class="irc-green">* knowsnotmuch (~ashwinds@122.174.64.196) has joined this channel.</span><br />
<span class="irc-date">[13:20]</span> <span class="irc-navy">* knowsnotmuch (~ashwinds@122.174.64.196) Quit (Quit: Zzzz)</span><br />
<span class="irc-date">[13:22]</span> <span class="irc-green">* knowsnotmuch (~ashwinds@122.174.64.196) has joined this channel.</span><br />
<span class="irc-date">[13:35]</span> <span class="irc-navy">* thedeanius (~dean@64.151.21.178) Quit (Read error: Connection reset by peer)</span><br />
<span class="irc-date">[13:35]</span> <span class="irc-green">* designfears (~AndChat@32.169.223.159) has joined this channel.</span><br />
<span class="irc-date">[13:36]</span> <span class="irc-green">* thedeanius (~dean@64.151.21.178) has joined this channel.</span><br />
<span class="irc-date">[13:36]</span> <span class="irc-navy">* thedeanius (~dean@64.151.21.178) Quit (Remote host closed the connection)</span><br />
<span class="irc-date">[13:36]</span> <span class="irc-green">* thedeanius (~dean@64.151.21.178) has joined this channel.</span><br />
<span class="irc-date">[13:43]</span> <span class="irc-green">* nitam|work (work@work.com) has joined this channel.</span><br />
<span class="irc-date">[13:43]</span> <span class="irc-green">* ChanServ sets mode +o atinm|work</span><br />
<span class="irc-date">[13:44]</span> <span class="irc-black">&lt;nitam|work&gt; heard some more from the Samsung ppl . . . they're still working at trying to get us access. lets see</span><br />
<span class="irc-date">[13:44]</span> <span class="irc-navy">* knowsnotmuch (~ashwinds@122.174.64.196) Quit (Read error: Connection reset by peer)</span><br />
<span class="irc-date">[13:44]</span> <span class="irc-green">* knowsnotmuch (~ashwinds@122.174.64.196) has joined this channel.</span><br />
<span class="irc-date">[13:46]</span> <span class="irc-black">&lt;kang&gt; access to what :p</span><br />
<span class="irc-date">[13:47]</span> <span class="irc-black">&lt;nitam|work&gt; source for kernel</span><br />
<span class="irc-date">[13:47]</span> <span class="irc-black">&lt;nitam|work&gt; but aren't making any promises whatsoever obviouisly</span><br />
<span class="irc-date">[13:48]</span> <span class="irc-black">&lt;nitam|work&gt; so we'll see. talk is cheap - but at least they're doing it.</span><br />
<span class="irc-date">[13:48]</span> <span class="irc-black">&lt;kang&gt; cool</span><br />
<span class="irc-date">[13:51]</span> <span class="irc-black">&lt;Wout`&gt; fingers crossed</span><br />
<span class="irc-date">[13:56]</span> <span class="irc-navy">* Wout` (Wout@s559776f4.adsl.wanadoo.nl) Quit ()</span><br />
<span class="irc-date">[13:57]</span> <span class="irc-navy">* knowsnotmuch (~ashwinds@122.174.64.196) Quit (Quit: bfn)</span><br />
