<span class="irc-date">[0:01]</span> <span class="irc-brown">-wolfe.freenode.net- *** Looking up your hostname...</span><br />
<span class="irc-date">[0:01]</span> <span class="irc-brown">-wolfe.freenode.net- *** Checking Ident</span><br />
<span class="irc-date">[0:01]</span> <span class="irc-brown">-wolfe.freenode.net- *** No Ident response</span><br />
<span class="irc-date">[0:01]</span> <span class="irc-brown">-wolfe.freenode.net- *** Found your hostname</span><br />
<span class="irc-date">[0:01]</span> <span class="irc-green">* cmsgsteam-logger (~PircBot@cmsgs.com) has joined this channel.</span><br />
<span class="irc-date">[0:01]</span> <span class="irc-green">* Topic is 'SGS CyanogenMod - mergelist: <a href="http://kan.gd/1dt">http://kan.gd/1dt</a> ask coolya for write access  - for pastebin: <a href="http://cmsgsteam.pastebin.com">http://cmsgsteam.pastebin.com</a> - <a href="http://www.cmsgs.com/'">http://www.cmsgs.com/'</a></span><br />
<span class="irc-date">[0:01]</span> <span class="irc-green">* Set by coolya!~coolya@microdoof.net on Sun Mar 27 08:10:46 GMT 2011</span><br />
<span class="irc-date">[0:01]</span> <span class="irc-brown">-wolfe.freenode.net- [freenode-info] help freenode weed out clonebots -- please register your IRC nick and auto-identify: <a href="http://freenode.net/faq.shtml#nicksetup">http://freenode.net/faq.shtml#nicksetup</a></span><br />
<span class="irc-date">[0:01]</span> <span class="irc-brown">-ChanServ- [#__topsecret__] SGS CyanogenMod developers and testers (and other kernel and android hackers) - <a href="http://www.cmsgs.com/">http://www.cmsgs.com/</a></span><br />
<span class="irc-date">[0:01]</span> <span class="irc-green">* ChanServ sets mode +o cmsgsteam-logger</span><br />
<span class="irc-date">[0:19]</span> <span class="irc-black">&lt;atinm&gt; hmm..</span><br />
<span class="irc-date">[0:33]</span> <span class="irc-black">&lt;chaembian&gt; Good morning, folks!</span><br />
<span class="irc-date">[0:35]</span> <span class="irc-black">&lt;techmik67&gt; hiya</span><br />
<span class="irc-date">[0:36]</span> <span class="irc-black">&lt;atinm&gt; bml_over_mtd isn't working reliably on captivate.</span><br />
<span class="irc-date">[0:36]</span> <span class="irc-black">&lt;atinm&gt; i don't have any bad blocks, but something still screwed up in the flash anyway</span><br />
<span class="irc-date">[0:36]</span> <span class="irc-black">&lt;atinm&gt; actually, it isn't bml_over_mtd</span><br />
<span class="irc-date">[0:36]</span> <span class="irc-black">&lt;atinm&gt; it is just plain flash image.</span><br />
<span class="irc-date">[0:57]</span> <span class="irc-black">&lt;atinm&gt; yeah, even when I call flash_image directly, it breaks.</span><br />
<span class="irc-date">[1:00]</span> <span class="irc-black">&lt;atinm&gt; new rule, leave vibrant folks hanging.</span><br />
<span class="irc-date">[1:00]</span> <span class="irc-black">&lt;atinm&gt; until someone mails me a vibrant.</span><br />
<span class="irc-date">[1:03]</span> <span class="irc-green">* designfears (~df@cpe-71-64-204-109.cinci.res.rr.com) has joined this channel.</span><br />
<span class="irc-date">[1:07]</span> <span class="irc-green">* TMC_Sherpa (~jeff@c-67-173-42-196.hsd1.il.comcast.net) has joined this channel.</span><br />
<span class="irc-date">[1:12]</span> <span class="irc-black">&lt;Kaik541&gt; atinm, vibrant people are fucking ruthless... it's not worth trying to talk to them</span><br />
<span class="irc-date">[1:13]</span> <span class="irc-black">&lt;atinm&gt; they've generally ignored me which is fine . . . but it is just painful to upload things when I don't have a phone to test on</span><br />
<span class="irc-date">[1:14]</span> <span class="irc-black">&lt;atinm&gt; I have no idea what is going on with this install shit.</span><br />
<span class="irc-date">[1:14]</span> <span class="irc-black">&lt;atinm&gt; and feel like just ignoreing the whole thing</span><br />
<span class="irc-date">[1:14]</span> <span class="irc-black">&lt;atinm&gt; and making it just use write_raw_image and be done with it</span><br />
<span class="irc-date">[1:14]</span> <span class="irc-black">&lt;chaembian&gt; "new rule, leave vibrant folks hanging. " -- :O</span><br />
<span class="irc-date">[1:18]</span> <span class="irc-black">&lt;atinm&gt; that's ok - like all my good intentions, this one will not be followed thru on either.</span><br />
<span class="irc-date">[1:18]</span> <span class="irc-black">&lt;atinm&gt; but I am getting tired of this bull related to bml_over_mtd.</span><br />
<span class="irc-date">[1:18]</span> <span class="irc-black">&lt;TMC_Sherpa&gt; cmkeplerteam has a nice ring to it.... just saying :P</span><br />
<span class="irc-date">[1:20]</span> <span class="irc-black">&lt;atinm&gt; screw it, going to bed.</span><br />
<span class="irc-date">[1:20]</span> <span class="irc-black">&lt;atinm&gt; write_raw_image works fine. ppl with bad blocks on boot partition can stay on froyo</span><br />
<span class="irc-date">[1:24]</span> <span class="irc-green">* acdbx (~acdbx@cpe-66-75-28-44.san.res.rr.com) has joined this channel.</span><br />
<span class="irc-date">[1:46]</span> <span class="irc-black">&lt;chaembian&gt; atinm: Looks like your kernel is helping Samsung Wave to boot into Android land :)</span><br />
<span class="irc-date">[1:47]</span> <span class="irc-black">&lt;chaembian&gt; <a href="http://forum.xda-developers.com/showthread.php?t=1012856">http://forum.xda-developers.com/showthread.php?t=1012856</a></span><br />
<span class="irc-date">[1:49]</span> <span class="irc-black">&lt;Kaik541&gt; it's funny, they're using a somewhat outdated version of the kernel :P</span><br />
<span class="irc-date">[1:50]</span> <span class="irc-black">&lt;Kaik541&gt; but the more android, the better</span><br />
<span class="irc-date">[1:51]</span> <span class="irc-black">&lt;Kaik541&gt; oh wow, this dev is ballsy</span><br />
<span class="irc-date">[1:51]</span> <span class="irc-black">&lt;Kaik541&gt; he flashed another device's bootloader to get it to work</span><br />
<span class="irc-date">[1:51]</span> <span class="irc-navy">* kalpik (~kalpik@unaffiliated/kalpik) Quit (Quit: WeeChat 0.3.4)</span><br />
<span class="irc-date">[1:51]</span> <span class="irc-black">&lt;chaembian&gt; lol, yeah!</span><br />
<span class="irc-date">[1:53]</span> <span class="irc-green">* kalpik (~kalpik@unaffiliated/kalpik) has joined this channel.</span><br />
<span class="irc-date">[1:54]</span> <span class="irc-black">&lt;chaembian&gt; A friend was strongly considering buying a Wave-II last saturday. Only if there was an Android running in it instead of the Bada, he would have gone for it. :)</span><br />
<span class="irc-date">[1:56]</span> <span class="irc-black">&lt;atinm&gt; cool</span><br />
<span class="irc-date">[1:56]</span> <span class="irc-black">&lt;atinm&gt; di dnot expect that</span><br />
<span class="irc-date">[2:11]</span> <span class="irc-black">&lt;atinm&gt; this whole bars getting stuck thing must also be related to ril polling</span><br />
<span class="irc-date">[2:11]</span> <span class="irc-green">* atinm is now known as atinm|night</span><br />
<span class="irc-date">[2:16]</span> <span class="irc-green">* cwirl is now known as ciwrl|away</span><br />
<span class="irc-date">[2:18]</span> <span class="irc-navy">* kalpik (~kalpik@unaffiliated/kalpik) Quit (Ping timeout: 252 seconds)</span><br />
<span class="irc-date">[2:31]</span> <span class="irc-green">* kalpik (~kalpik@unaffiliated/kalpik) has joined this channel.</span><br />
<span class="irc-date">[2:37]</span> <span class="irc-navy">* designfears (~df@cpe-71-64-204-109.cinci.res.rr.com) Quit (Ping timeout: 248 seconds)</span><br />
<span class="irc-date">[2:50]</span> <span class="irc-black">&lt;chaembian&gt; I just saw that there is a new nightly up. Any specific testing to be done?</span><br />
<span class="irc-date">[3:12]</span> <span class="irc-navy">* sixstringsg (~Jason@pool-173-74-150-29.dllstx.fios.verizon.net) Quit (Ping timeout: 252 seconds)</span><br />
<span class="irc-date">[3:14]</span> <span class="irc-green">* ciwrl|away is now known as ciwrl</span><br />
<span class="irc-date">[3:19]</span> <span class="irc-green">* sixstringsg (~Jason@pool-173-74-150-29.dllstx.fios.verizon.net) has joined this channel.</span><br />
<span class="irc-date">[3:41]</span> <span class="irc-black">&lt;Unhelpful&gt; chaembian: we're not quite sure if the "print money" feature works for everybody yet, you could test that. :)</span><br />
<span class="irc-date">[3:43]</span> <span class="irc-black">&lt;techmik67&gt; Unhelpful: does it make sense that this commit would make it so my kernel doesnt pass the splash screen? <a href="https://github.com/techmik/android_kernel_samsung/commit/9a0bde34304c6e51ea110547459da2e7f9ab4dc9">https://github.com/techmik/android_kernel_samsung/commit/9a0bde34304c6e51ea110547459da2e7f9ab4dc9</a></span><br />
<span class="irc-date">[3:52]</span> <span class="irc-black">&lt;Kaik541&gt; techmik67, I'm pretty sure that patch would require other changes than to just that spot... look at the pull request in android_kernel_samsung on teamhacksung by kang</span><br />
<span class="irc-date">[3:52]</span> <span class="irc-black">&lt;techmik67&gt; k, thx</span><br />
<span class="irc-date">[4:08]</span> <span class="irc-black">&lt;Kaik541&gt; oh nvm, that pull request is gone</span><br />
<span class="irc-date">[4:08]</span> <span class="irc-black">&lt;Kaik541&gt; just noticed</span><br />
<span class="irc-date">[4:09]</span> <span class="irc-black">&lt;techmik67&gt; its closed, but its there</span><br />
<span class="irc-date">[4:09]</span> <span class="irc-black">&lt;techmik67&gt; tried to follow to the supposed pointed to repo on morfic</span><br />
<span class="irc-date">[4:09]</span> <span class="irc-black">&lt;techmik67&gt; but cant find a commit about fps</span><br />
<span class="irc-date">[4:10]</span> <span class="irc-black">&lt;Kaik541&gt; look for something like "JPX timings"</span><br />
<span class="irc-date">[4:15]</span> <span class="irc-green">* ciwrl is now known as ciwrl|Chuck</span><br />
<span class="irc-date">[4:22]</span> <span class="irc-black">&lt;techmik67&gt; Kaik541: this is the commit kang referenced <a href="https://github.com/morfic/linux_samsung/commit/646ea8a839c6c95afcb7416606fccf9ed8fda0fd">https://github.com/morfic/linux_samsung/commit/646ea8a839c6c95afcb7416606fccf9ed8fda0fd</a></span><br />
<span class="irc-date">[4:27]</span> <span class="irc-navy">* nullghost (~justin@c-76-18-157-237.hsd1.tn.comcast.net) Quit (Ping timeout: 260 seconds)</span><br />
<span class="irc-date">[4:29]</span> <span class="irc-black">&lt;chaembian&gt; Unhelpful: election times here; more than any other time, its tough to get away printing money :)</span><br />
<span class="irc-date">[4:30]</span> <span class="irc-black">&lt;chaembian&gt; And dollars at that! ;)</span><br />
<span class="irc-date">[4:44]</span> <span class="irc-navy">* TCMAN-dmg (~Dominik@99-103-196-195.lightspeed.sntcca.sbcglobal.net) Quit (Quit: Leaving)</span><br />
<span class="irc-date">[4:55]</span> <span class="irc-green">* ciwrl|Chuck is now known as ciwrl</span><br />
<span class="irc-date">[4:56]</span> <span class="irc-green">* crypta1 (~KP@port-92905.pppoe.wtnet.de) has joined this channel.</span><br />
<span class="irc-date">[4:59]</span> <span class="irc-navy">* crypta (~KP@port-13499.pppoe.wtnet.de) Quit (Ping timeout: 276 seconds)</span><br />
<span class="irc-date">[5:22]</span> <span class="irc-black">&lt;TMC_Sherpa&gt; 4199 lines left to check in 17 files.....ugh</span><br />
<span class="irc-date">[5:42]</span> <span class="irc-green">* TMC_Sherpa (~jeff@c-67-173-42-196.hsd1.il.comcast.net) has left this channel.</span><br />
<span class="irc-date">[5:49]</span> <span class="irc-green">* Wout` (~Wout@s559776f4.adsl.wanadoo.nl) has joined this channel.</span><br />
<span class="irc-date">[5:59]</span> <span class="irc-black">&lt;techmik67&gt; Kaik541: while the phone is running, something weird or unexpected happens....... no freeze or reboot...... what's the most useful thing they can do right after to give us info on what happened? logcat? or dmesg?</span><br />
<span class="irc-date">[5:59]</span> <span class="irc-black">&lt;Kaik541&gt; logcat I guess?</span><br />
<span class="irc-date">[6:00]</span> <span class="irc-black">&lt;techmik67&gt; i'm looking at th epoor, bad english speaker here...<a href="http://forum.xda-developers.com/showpost.php?p=12826863&amp;postcount=834">http://forum.xda-developers.com/showpost.php?p=12826863&amp;postcount=834</a></span><br />
<span class="irc-date">[6:00]</span> <span class="irc-black">&lt;techmik67&gt; foreign so ok</span><br />
<span class="irc-date">[6:00]</span> <span class="irc-black">&lt;techmik67&gt; not an idiot who jjust cant speak =)</span><br />
<span class="irc-date">[6:01]</span> <span class="irc-black">&lt;techmik67&gt; so i figured i'd reply</span><br />
<span class="irc-date">[6:04]</span> <span class="irc-black">&lt;aarcane&gt; is there a new nightly coming tonight ?</span><br />
<span class="irc-date">[6:04]</span> <span class="irc-black">&lt;techmik67&gt; omly if something is changed or fixed</span><br />
<span class="irc-date">[6:04]</span> <span class="irc-black">&lt;techmik67&gt; only*</span><br />
<span class="irc-date">[6:05]</span> <span class="irc-black">&lt;aarcane&gt; KKS</span><br />
<span class="irc-date">[6:05]</span> <span class="irc-brick">* aarcane updates now then</span><br />
<span class="irc-date">[6:14]</span> <span class="irc-navy">* Wout` (~Wout@s559776f4.adsl.wanadoo.nl) Quit ()</span><br />
<span class="irc-date">[6:14]</span> <span class="irc-green">* knowsnotmuch (~ashwinds@115.242.218.231) has joined this channel.</span><br />
<span class="irc-date">[6:35]</span> <span class="irc-green">* techmik_laptop (~techmik@c-76-109-173-83.hsd1.fl.comcast.net) has joined this channel.</span><br />
<span class="irc-date">[6:35]</span> <span class="irc-navy">* acdbx (~acdbx@cpe-66-75-28-44.san.res.rr.com) Quit (Ping timeout: 260 seconds)</span><br />
<span class="irc-date">[6:36]</span> <span class="irc-green">* acdbx (acdbx@137.110.38.173) has joined this channel.</span><br />
<span class="irc-date">[7:17]</span> <span class="irc-navy">* acdbx (acdbx@137.110.38.173) Quit (Ping timeout: 240 seconds)</span><br />
<span class="irc-date">[7:18]</span> <span class="irc-green">* acdbx (~acdbx@cpe-66-75-28-44.san.res.rr.com) has joined this channel.</span><br />
<span class="irc-date">[7:49]</span> <span class="irc-green">* chaembian_ (~chaembian@122.174.157.193) has joined this channel.</span><br />
<span class="irc-date">[7:51]</span> <span class="irc-navy">* chaembian (~chaembian@122.174.158.113) Quit (Ping timeout: 264 seconds)</span><br />
<span class="irc-date">[7:58]</span> <span class="irc-navy">* acdbx (~acdbx@cpe-66-75-28-44.san.res.rr.com) Quit (Ping timeout: 264 seconds)</span><br />
<span class="irc-date">[8:02]</span> <span class="irc-black">&lt;mikebeecham&gt; morning all</span><br />
<span class="irc-date">[8:14]</span> <span class="irc-black">&lt;techmik_laptop&gt; hiya</span><br />
<span class="irc-date">[8:18]</span> <span class="irc-navy">* kalpik (~kalpik@unaffiliated/kalpik) Quit (Ping timeout: 276 seconds)</span><br />
<span class="irc-date">[8:29]</span> <span class="irc-green">* stickpin (~stickpin@87.68.254.219.adsl.012.net.il) has joined this channel.</span><br />
<span class="irc-date">[8:31]</span> <span class="irc-green">* kalpik (~kalpik@unaffiliated/kalpik) has joined this channel.</span><br />
<span class="irc-date">[8:35]</span> <span class="irc-black">&lt;techmik_laptop&gt; thi s is weird...... everything i have built in the last 4 hours, wont boot..... bootsplash comes up for 3-5 secs, then it goes to recovery, every time</span><br />
<span class="irc-date">[8:36]</span> <span class="irc-navy">* Frd^ (~frd@idlaa.com) Quit (Read error: Operation timed out)</span><br />
<span class="irc-date">[8:37]</span> <span class="irc-green">* Frd^ (~frd@idlaa.com) has joined this channel.</span><br />
<span class="irc-date">[8:56]</span> <span class="irc-green">* ciwrl is now known as ciwrl|away</span><br />
<span class="irc-date">[9:27]</span> <span class="irc-black">&lt;mikebeecham&gt; so whats new guys..anything exciting in the offing?</span><br />
<span class="irc-date">[9:30]</span> <span class="irc-black">&lt;atinm|night&gt; techmik67:  same</span><br />
<span class="irc-date">[9:32]</span> <span class="irc-navy">* mikebeecham (~mikebeech@2.97.37.190) Quit (Ping timeout: 246 seconds)</span><br />
<span class="irc-date">[9:33]</span> <span class="irc-black">&lt;atinm|night&gt; I don't know what's changed</span><br />
<span class="irc-date">[9:33]</span> <span class="irc-black">&lt;atinm|night&gt; but nothing will boot now</span><br />
<span class="irc-date">[9:35]</span> <span class="irc-black">&lt;atinm|night&gt; and there are no changes except the bml_over_mtd and the GRI8</span><br />
<span class="irc-date">[9:35]</span> <span class="irc-black">&lt;atinm|night&gt; but those happened a day or two agao</span><br />
<span class="irc-date">[9:36]</span> <span class="irc-black">&lt;atinm|night&gt; ago</span><br />
<span class="irc-date">[9:36]</span> <span class="irc-black">&lt;Kaik541&gt; well that's not good</span><br />
<span class="irc-date">[9:38]</span> <span class="irc-black">&lt;atinm|night&gt; no - I thought it was just me - cleaned everything</span><br />
<span class="irc-date">[9:38]</span> <span class="irc-black">&lt;atinm|night&gt; still the same</span><br />
<span class="irc-date">[9:38]</span> <span class="irc-black">&lt;atinm|night&gt; Unhelpful: have you built in the last 24 hours?</span><br />
<span class="irc-date">[9:42]</span> <span class="irc-green">* mikebeecham (~mikebeech@2.97.37.190) has joined this channel.</span><br />
<span class="irc-date">[9:55]</span> <span class="irc-green">* designfears (~AndChat@32.149.229.177) has joined this channel.</span><br />
<span class="irc-date">[10:15]</span> <span class="irc-black">&lt;atinm|night&gt; something in the kernel/initramfs is very screwed</span><br />
<span class="irc-date">[10:15]</span> <span class="irc-black">&lt;atinm|night&gt; not sure what - i don't see any commits</span><br />
<span class="irc-date">[10:19]</span> <span class="irc-black">&lt;atinm|night&gt; I have to go</span><br />
<span class="irc-date">[10:19]</span> <span class="irc-black">&lt;atinm|night&gt; but are other phone builds broken too?</span><br />
<span class="irc-date">[11:50]</span> <span class="irc-green">* t-ready (~burrell@wormhole.cbl.umces.edu) has joined this channel.</span><br />
<span class="irc-date">[12:18]</span> <span class="irc-navy">* atinm|night (~atin@unaffiliated/atinm) Quit (Quit: atinm|night)</span><br />
<span class="irc-date">[12:23]</span> <span class="irc-navy">* Kaik541 (~IWasNever@70.112.175.254) Quit (Quit: Ex-Chat)</span><br />
<span class="irc-date">[12:33]</span> <span class="irc-green">* gdanko (~gdanko@66-162-32-185.static.twtelecom.net) has joined this channel.</span><br />
<span class="irc-date">[12:49]</span> <span class="irc-navy">* techmik_laptop (~techmik@c-76-109-173-83.hsd1.fl.comcast.net) Quit (Quit: Konversation terminated!)</span><br />
<span class="irc-date">[12:50]</span> <span class="irc-green">* Kaik541 (~IWasNever@cpe-70-112-175-254.austin.res.rr.com) has joined this channel.</span><br />
<span class="irc-date">[12:50]</span> <span class="irc-green">* techmik_laptop (~techmik@c-76-109-173-83.hsd1.fl.comcast.net) has joined this channel.</span><br />
<span class="irc-date">[13:20]</span> <span class="irc-green">* knowsnotmuch (~ashwinds@115.242.218.231) has left this channel.</span><br />
<span class="irc-date">[13:21]</span> <span class="irc-green">* TMC_Sherpa (~jeff@c-67-173-42-196.hsd1.il.comcast.net) has joined this channel.</span><br />
<span class="irc-date">[13:31]</span> <span class="irc-green">* codeworkx (~codeworkx@188-195-7-18-dynip.superkabel.de) has joined this channel.</span><br />
<span class="irc-date">[13:31]</span> <span class="irc-green">* ChanServ sets mode +o codeworkx</span><br />
<span class="irc-date">[13:33]</span> <span class="irc-green">* dasunsrule32 (~dasunsrul@uto-atechols-1.inre.asu.edu) has joined this channel.</span><br />
<span class="irc-date">[13:36]</span> <span class="irc-green">* zacharias (~zacharias@chello084114179145.16.15.vie.surfer.at) has joined this channel.</span><br />
<span class="irc-date">[13:36]</span> <span class="irc-black">&lt;zacharias&gt; hi @ all</span><br />
<span class="irc-date">[13:37]</span> <span class="irc-green">* nitam|work (work@work.com) has joined this channel.</span><br />
<span class="irc-date">[13:37]</span> <span class="irc-green">* ChanServ sets mode +o atinm|work</span><br />
<span class="irc-date">[13:38]</span> <span class="irc-black">&lt;nitam|work&gt; is any one else having trouble building working kernels for the phones?</span><br />
<span class="irc-date">[13:38]</span> <span class="irc-black">&lt;nitam|work&gt; captivate stopped working sometime yesterday</span><br />
<span class="irc-date">[13:38]</span> <span class="irc-black">&lt;nitam|work&gt; just boots, and goes into bootanim and then back into recovery</span><br />
<span class="irc-date">[13:38]</span> <span class="irc-black">&lt;dasunsrule32&gt; I have a vibrnat build from yesterday mid-morning working fine</span><br />
<span class="irc-date">[13:39]</span> <span class="irc-black">&lt;Kaik541&gt; probably broke after that</span><br />
<span class="irc-date">[13:39]</span> <span class="irc-black">&lt;Kaik541&gt; can you try a new build?</span><br />
<span class="irc-date">[13:39]</span> <span class="irc-black">&lt;dasunsrule32&gt; around 11am -7</span><br />
<span class="irc-date">[13:39]</span> <span class="irc-black">&lt;nitam|work&gt; yeah, after that.</span><br />
<span class="irc-date">[13:39]</span> <span class="irc-black">&lt;dasunsrule32&gt; yea, in just a bit</span><br />
<span class="irc-date">[13:39]</span> <span class="irc-black">&lt;dasunsrule32&gt; :)</span><br />
<span class="irc-date">[13:39]</span> <span class="irc-black">&lt;zacharias&gt; I have a kernel with your latest commit ( Allow ums to use interface numbers higher than 0.) included and it worksforme</span><br />
<span class="irc-date">[13:39]</span> <span class="irc-navy">* crypta1 (~KP@port-92905.pppoe.wtnet.de) Quit (Ping timeout: 252 seconds)</span><br />
<span class="irc-date">[13:39]</span> <span class="irc-black">&lt;zacharias&gt; (galaxy s)</span><br />
<span class="irc-date">[13:39]</span> <span class="irc-black">&lt;nitam|work&gt; wtf changed . . . I can't see any commits</span><br />
<span class="irc-date">[13:39]</span> <span class="irc-black">&lt;nitam|work&gt; that could have done it</span><br />
<span class="irc-date">[13:39]</span> <span class="irc-black">&lt;zacharias&gt; try wipe /cache &amp; dalvik cache</span><br />
<span class="irc-date">[13:39]</span> <span class="irc-black">&lt;techmik67&gt; upstream, maybe?</span><br />
<span class="irc-date">[13:39]</span> <span class="irc-black">&lt;nitam|work&gt; yeah, was going to do it - but had to come to work and can't do anything to the phone here</span><br />
<span class="irc-date">[13:40]</span> <span class="irc-black">&lt;nitam|work&gt; or I can, but not for a few hours</span><br />
<span class="irc-date">[13:40]</span> <span class="irc-green">* crypta (~KP@port-92905.pppoe.wtnet.de) has joined this channel.</span><br />
<span class="irc-date">[13:40]</span> <span class="irc-black">&lt;nitam|work&gt; techmik67: its a straight kernel problem</span><br />
<span class="irc-date">[13:40]</span> <span class="irc-black">&lt;nitam|work&gt; kernel/initramfs</span><br />
<span class="irc-date">[13:40]</span> <span class="irc-black">&lt;techmik67&gt; k</span><br />
<span class="irc-date">[13:40]</span> <span class="irc-black">&lt;nitam|work&gt; because I flashed working ROM, and then just flashed a new kernel and it still did that</span><br />
<span class="irc-date">[13:41]</span> <span class="irc-black">&lt;nitam|work&gt; flashing an older zImage made it work again</span><br />
<span class="irc-date">[13:41]</span> <span class="irc-black">&lt;nitam|work&gt; so not sure cache etc would help</span><br />
<span class="irc-date">[13:41]</span> <span class="irc-black">&lt;nitam|work&gt; but can't hurt.</span><br />
<span class="irc-date">[13:41]</span> <span class="irc-black">&lt;nitam|work&gt; the thing is, nothing changed.</span><br />
<span class="irc-date">[13:41]</span> <span class="irc-black">&lt;nitam|work&gt; nothing.</span><br />
<span class="irc-date">[13:42]</span> <span class="irc-black">&lt;nitam|work&gt; from what I can tell</span><br />
<span class="irc-date">[13:42]</span> <span class="irc-black">&lt;nitam|work&gt; rm -rf ~/src/android/teamhacksung</span><br />
<span class="irc-date">[13:42]</span> <span class="irc-black">&lt;Kaik541&gt; but the question is, is it affecting only captivate or all?</span><br />
<span class="irc-date">[13:42]</span> <span class="irc-black">&lt;nitam|work&gt; going to cleanup and see</span><br />
<span class="irc-date">[13:42]</span> <span class="irc-black">&lt;nitam|work&gt; seems to be just captivate</span><br />
<span class="irc-date">[13:43]</span> <span class="irc-black">&lt;nitam|work&gt; zach got galaxys recently</span><br />
<span class="irc-date">[13:43]</span> <span class="irc-black">&lt;nitam|work&gt; right?</span><br />
<span class="irc-date">[13:43]</span> <span class="irc-black">&lt;nitam|work&gt; and dasunsrule32 will be testing a vibrant soon</span><br />
<span class="irc-date">[13:43]</span> <span class="irc-black">&lt;nitam|work&gt; so I'll wait</span><br />
<span class="irc-date">[13:43]</span> <span class="irc-black">&lt;Kaik541&gt; well he builds his own kernel</span><br />
<span class="irc-date">[13:43]</span> <span class="irc-black">&lt;Kaik541&gt; I don't think he's tried the "stock" kernel</span><br />
<span class="irc-date">[13:43]</span> <span class="irc-black">&lt;nitam|work&gt; zacharias: you're very close tho - right?</span><br />
<span class="irc-date">[13:44]</span> <span class="irc-black">&lt;nitam|work&gt; tweaks, but same initramfs etc?</span><br />
<span class="irc-date">[13:44]</span> <span class="irc-black">&lt;nitam|work&gt; or more changes?</span><br />
<span class="irc-date">[13:45]</span> <span class="irc-black">&lt;zacharias&gt; initramfs is the same</span><br />
<span class="irc-date">[13:45]</span> <span class="irc-black">&lt;nitam|work&gt; ok, then I dont' see what got broken on captivate...</span><br />
<span class="irc-date">[13:45]</span> <span class="irc-black">&lt;zacharias&gt; but important parts are different: OOM, writeback, some vmscan/VFS changes,</span><br />
<span class="irc-date">[13:45]</span> <span class="irc-black">&lt;zacharias&gt; it still should give similar results if there would be a bug</span><br />
<span class="irc-date">[13:46]</span> <span class="irc-black">&lt;nitam|work&gt; right - what was bothering me was that it worked on 4/11 early</span><br />
<span class="irc-date">[13:46]</span> <span class="irc-black">&lt;nitam|work&gt; and then stopped</span><br />
<span class="irc-date">[13:46]</span> <span class="irc-black">&lt;nitam|work&gt; and just got weird</span><br />
<span class="irc-date">[13:46]</span> <span class="irc-black">&lt;nitam|work&gt; even recovery doesn't work right</span><br />
<span class="irc-date">[13:46]</span> <span class="irc-black">&lt;nitam|work&gt; the framebuffer does weird things</span><br />
<span class="irc-date">[13:46]</span> <span class="irc-black">&lt;zacharias&gt; hm, you gotta change a few setting in the config to make it work correctly</span><br />
<span class="irc-date">[13:47]</span> <span class="irc-black">&lt;zacharias&gt; not until I had changed that it would kind of freak out somewhat for me</span><br />
<span class="irc-date">[13:47]</span> <span class="irc-black">&lt;nitam|work&gt; flashes in and out, etc</span><br />
<span class="irc-date">[13:47]</span> <span class="irc-navy">* crypta (~KP@port-92905.pppoe.wtnet.de) Quit (Read error: Connection reset by peer)</span><br />
<span class="irc-date">[13:47]</span> <span class="irc-black">&lt;zacharias&gt; try following:</span><br />
<span class="irc-date">[13:47]</span> <span class="irc-black">&lt;zacharias&gt; # CONFIG_VGA_CONSOLE is not set</span><br />
<span class="irc-date">[13:47]</span> <span class="irc-black">&lt;zacharias&gt; CONFIG_DUMMY_CONSOLE=y</span><br />
<span class="irc-date">[13:47]</span> <span class="irc-black">&lt;zacharias&gt; # CONFIG_FRAMEBUFFER_CONSOLE is not set</span><br />
<span class="irc-date">[13:47]</span> <span class="irc-black">&lt;zacharias&gt; CONFIG_FRAMEBUFFER_CONSOLE_DETECT_PRIMARY=y</span><br />
<span class="irc-date">[13:47]</span> <span class="irc-black">&lt;zacharias&gt; # CONFIG_FRAMEBUFFER_CONSOLE_ROTATION is not set</span><br />
<span class="irc-date">[13:47]</span> <span class="irc-black">&lt;zacharias&gt; # CONFIG_FONTS is not set</span><br />
<span class="irc-date">[13:47]</span> <span class="irc-black">&lt;zacharias&gt; CONFIG_FONT_8x8=y</span><br />
<span class="irc-date">[13:47]</span> <span class="irc-black">&lt;zacharias&gt; CONFIG_FONT_8x16=y</span><br />
<span class="irc-date">[13:47]</span> <span class="irc-black">&lt;zacharias&gt; # CONFIG_LOGO is not set</span><br />
<span class="irc-date">[13:48]</span> <span class="irc-black">&lt;zacharias&gt; that works way better for me than the config that came with it</span><br />
<span class="irc-date">[13:48]</span> <span class="irc-black">&lt;nitam|work&gt; I'm just trying to recover to the state we were in first.</span><br />
<span class="irc-date">[13:48]</span> <span class="irc-black">&lt;nitam|work&gt; except I don't know what to revert</span><br />
<span class="irc-date">[13:48]</span> <span class="irc-black">&lt;nitam|work&gt; because there doesn't seem to be anything...</span><br />
<span class="irc-date">[13:48]</span> <span class="irc-black">&lt;nitam|work&gt; the last commit was mine</span><br />
<span class="irc-date">[13:48]</span> <span class="irc-black">&lt;nitam|work&gt; for ums</span><br />
<span class="irc-date">[13:48]</span> <span class="irc-black">&lt;nitam|work&gt; and it was working after that.</span><br />
<span class="irc-date">[13:49]</span> <span class="irc-black">&lt;zacharias&gt; I've been struggeling with the smb380 sensor for the last days</span><br />
<span class="irc-date">[13:49]</span> <span class="irc-black">&lt;zacharias&gt; and the only solution to get it working again after commits broke it somehow was:</span><br />
<span class="irc-date">[13:49]</span> <span class="irc-black">&lt;zacharias&gt; git reset --hard commitnumber</span><br />
<span class="irc-date">[13:49]</span> <span class="irc-black">&lt;nitam|work&gt; yeah, but which commit :)</span><br />
<span class="irc-date">[13:49]</span> <span class="irc-black">&lt;zacharias&gt; so basically throwing away everything that was introduced after it</span><br />
<span class="irc-date">[13:49]</span> <span class="irc-black">&lt;zacharias&gt; good question :)</span><br />
<span class="irc-date">[13:50]</span> <span class="irc-black">&lt;nitam|work&gt; bah . . . enough to make me want to just take a break for a few days</span><br />
<span class="irc-date">[13:50]</span> <span class="irc-black">&lt;zacharias&gt; maybe you could try with the state before you introduced access to external SD ?</span><br />
<span class="irc-date">[13:50]</span> <span class="irc-black">&lt;nitam|work&gt; that's the next try</span><br />
<span class="irc-date">[13:50]</span> <span class="irc-black">&lt;nitam|work&gt; back later</span><br />
<span class="irc-date">[13:51]</span> <span class="irc-black">&lt;nitam|work&gt; how do I just build the kernel using android system?</span><br />
<span class="irc-date">[13:51]</span> <span class="irc-black">&lt;nitam|work&gt; using our build method?</span><br />
<span class="irc-date">[13:52]</span> <span class="irc-black">&lt;nitam|work&gt; unhelpful?</span><br />
<span class="irc-date">[13:52]</span> <span class="irc-black">&lt;nitam|work&gt; (so it doesn't dirty the kernel tree)</span><br />
<span class="irc-date">[13:52]</span> <span class="irc-black">&lt;nitam|work&gt; is there a way?</span><br />
<span class="irc-date">[13:54]</span> <span class="irc-black">&lt;codeworkx&gt; wait</span><br />
<span class="irc-date">[13:54]</span> <span class="irc-navy">* designfears (~AndChat@32.149.229.177) Quit (Ping timeout: 258 seconds)</span><br />
<span class="irc-date">[13:54]</span> <span class="irc-black">&lt;codeworkx&gt; make -j`grep 'processor' /proc/cpuinfo | wc -l` out/target/product/captivate/kernel</span><br />
<span class="irc-date">[13:54]</span> <span class="irc-green">* dasunsrule32 (~dasunsrul@uto-atechols-1.inre.asu.edu) has left this channel.</span><br />
<span class="irc-date">[13:55]</span> <span class="irc-black">&lt;nitam|work&gt; great, thanks</span><br />
<span class="irc-date">[13:56]</span> <span class="irc-black">&lt;nitam|work&gt; do I have the courage to heimdall at work . . .</span><br />
<span class="irc-date">[13:57]</span> <span class="irc-black">&lt;nitam|work&gt; sure . . . :)</span><br />
<span class="irc-date">[13:58]</span> <span class="irc-black">&lt;Kaik541&gt; you still have the kernel to heimdall back worst case</span><br />
<span class="irc-date">[13:58]</span> <span class="irc-green">* crypta (~KP@port-92905.pppoe.wtnet.de) has joined this channel.</span><br />
<span class="irc-date">[13:59]</span> <span class="irc-black">&lt;nitam|work&gt; have to make sure .. :)</span><br />
<span class="irc-date">[13:59]</span> <span class="irc-black">&lt;nitam|work&gt; brb</span><br />
<span class="irc-date">[14:00]</span> <span class="irc-black">&lt;Kaik541&gt; ooo, gnome3 for natty is available... tempting</span><br />
<span class="irc-date">[14:00]</span> <span class="irc-black">&lt;Kaik541&gt; in a ppa no less! convenient</span><br />
<span class="irc-date">[14:02]</span> <span class="irc-black">&lt;nitam|work&gt; hmm, even going back to before any checkins related to sd card breaks</span><br />
<span class="irc-date">[14:03]</span> <span class="irc-green">* dasunsrule32 (~dasunsrul@uto-atechols-1.inre.asu.edu) has joined this channel.</span><br />
<span class="irc-date">[14:05]</span> <span class="irc-black">&lt;nitam|work&gt; oh, hmm.</span><br />
<span class="irc-date">[14:11]</span> <span class="irc-black">&lt;Kaik541&gt; ... must be upstream then?</span><br />
<span class="irc-date">[14:11]</span> <span class="irc-black">&lt;Kaik541&gt; unless initramfs changed?</span><br />
<span class="irc-date">[14:12]</span> <span class="irc-black">&lt;nitam|work&gt; its is purely a kernel thing</span><br />
<span class="irc-date">[14:12]</span> <span class="irc-black">&lt;nitam|work&gt; so can only be kernel source or initramfs</span><br />
<span class="irc-date">[14:12]</span> <span class="irc-black">&lt;nitam|work&gt; looking.</span><br />
<span class="irc-date">[14:13]</span> <span class="irc-black">&lt;nitam|work&gt; its a pity that I cannot look at any dmesg log or anything - everything looks fine</span><br />
<span class="irc-date">[14:16]</span> <span class="irc-green">* acdbx (~acdbx@cpe-66-75-28-44.san.res.rr.com) has joined this channel.</span><br />
<span class="irc-date">[14:16]</span> <span class="irc-black">&lt;nitam|work&gt; hmm, it is init that is in a loop</span><br />
<span class="irc-date">[14:18]</span> <span class="irc-navy">* kalpik (~kalpik@unaffiliated/kalpik) Quit (Ping timeout: 240 seconds)</span><br />
<span class="irc-date">[14:18]</span> <span class="irc-green">* TMC_Sherpa (~jeff@c-67-173-42-196.hsd1.il.comcast.net) has left this channel.</span><br />
<span class="irc-date">[14:22]</span> <span class="irc-navy">* Kaik541 (~IWasNever@cpe-70-112-175-254.austin.res.rr.com) Quit (Quit: Ex-Chat)</span><br />
<span class="irc-date">[14:24]</span> <span class="irc-black">&lt;nitam|work&gt; will debug tonight. but looks like init is in an infinite loop</span><br />
<span class="irc-date">[14:24]</span> <span class="irc-black">&lt;nitam|work&gt; first complains about duplicate console service</span><br />
<span class="irc-date">[14:26]</span> <span class="irc-green">* Kaik541 (~IWasNever@cpe-70-112-175-254.austin.res.rr.com) has joined this channel.</span><br />
<span class="irc-date">[14:30]</span> <span class="irc-black">&lt;nitam|work&gt; <a href="http://pastebin.com/7taqDtVs">http://pastebin.com/7taqDtVs</a></span><br />
<span class="irc-date">[14:30]</span> <span class="irc-navy">* crypta (~KP@port-92905.pppoe.wtnet.de) Quit (Read error: Connection timed out)</span><br />
<span class="irc-date">[14:31]</span> <span class="irc-black">&lt;nitam|work&gt; back later</span><br />
<span class="irc-date">[14:32]</span> <span class="irc-green">* kalpik (~kalpik@unaffiliated/kalpik) has joined this channel.</span><br />
<span class="irc-date">[14:37]</span> <span class="irc-green">* crypta (~KP@port-92905.pppoe.wtnet.de) has joined this channel.</span><br />
<span class="irc-date">[14:46]</span> <span class="irc-navy">* crypta (~KP@port-92905.pppoe.wtnet.de) Quit (Ping timeout: 261 seconds)</span><br />
<span class="irc-date">[14:53]</span> <span class="irc-navy">* dasunsrule32 (~dasunsrul@uto-atechols-1.inre.asu.edu) Quit (Quit: WeeChat 0.3.4)</span><br />
<span class="irc-date">[14:56]</span> <span class="irc-green">* crypta (~KP@port-20506.pppoe.wtnet.de) has joined this channel.</span><br />
<span class="irc-date">[14:57]</span> <span class="irc-black">&lt;Unhelpful&gt; codeworkx/mnita|work: you can also use "mka", which is a shell function defined by the build environment.</span><br />
<span class="irc-date">[14:59]</span> <span class="irc-green">* dasunsrule32 (~dasunsrul@uto-atechols-1.inre.asu.edu) has joined this channel.</span><br />
<span class="irc-date">[15:04]</span> <span class="irc-black">&lt;Kaik541&gt; I love glitterballs, <a href="http://forum.xda-developers.com/showthread.php?t=1032317">http://forum.xda-developers.com/showthread.php?t=1032317</a></span><br />
<span class="irc-date">[15:10]</span> <span class="irc-black">&lt;Frd^&gt; RC1 coming?</span><br />
<span class="irc-date">[15:12]</span> <span class="irc-black">&lt;Kaik541&gt; no</span><br />
<span class="irc-date">[15:12]</span> <span class="irc-black">&lt;Frd^&gt; JP8 is so fuck slow</span><br />
<span class="irc-date">[15:12]</span> <span class="irc-black">&lt;zacharias&gt; @Kaik: jupp, awesome post</span><br />
<span class="irc-date">[15:13]</span> <span class="irc-black">&lt;Frd^&gt; dunno if it's AWD EX but but</span><br />
<span class="irc-date">[15:13]</span> <span class="irc-black">&lt;Kaik541&gt; zacharias, he's such a fucking godsend when it comes to sensibility in the captivate section</span><br />
<span class="irc-date">[15:13]</span> <span class="irc-black">&lt;Kaik541&gt; common sense is it a premium it seems</span><br />
<span class="irc-date">[15:13]</span> <span class="irc-brick">* dasunsrule32 only thing I put readahead on is the internal sd</span><br />
<span class="irc-date">[15:13]</span> <span class="irc-black">&lt;dasunsrule32&gt; waste in most other areas</span><br />
<span class="irc-date">[15:14]</span> <span class="irc-black">&lt;dasunsrule32&gt; even then, I have it set to 768KB</span><br />
<span class="irc-date">[15:14]</span> <span class="irc-navy">* stickpin (~stickpin@87.68.254.219.adsl.012.net.il) Quit (Ping timeout: 240 seconds)</span><br />
<span class="irc-date">[15:18]</span> <span class="irc-navy">* acdbx (~acdbx@cpe-66-75-28-44.san.res.rr.com) Quit (Ping timeout: 276 seconds)</span><br />
<span class="irc-date">[15:20]</span> <span class="irc-black">&lt;zacharias&gt; I can't believe how this acceleration sensor can be so stubborn - it's driving me nuts</span><br />
<span class="irc-date">[15:21]</span> <span class="irc-black">&lt;zacharias&gt; each change I make</span><br />
<span class="irc-date">[15:21]</span> <span class="irc-black">&lt;zacharias&gt; whether adding hardeneing, changing the Hz value, adding improved wifi drivers, etc.</span><br />
<span class="irc-date">[15:21]</span> <span class="irc-black">&lt;zacharias&gt; everything leads to it not working anymore</span><br />
<span class="irc-date">[15:22]</span> <span class="irc-navy">* freat (~ron@c-98-216-38-131.hsd1.ma.comcast.net) Quit (Remote host closed the connection)</span><br />
<span class="irc-date">[15:22]</span> <span class="irc-black">&lt;zacharias&gt; it's like I'm hitting an invisible wall of concrete and can't get past it</span><br />
<span class="irc-date">[15:22]</span> <span class="irc-black">&lt;kang&gt; zacharias: hi, you're that guy from xda making a kernel?</span><br />
<span class="irc-date">[15:25]</span> <span class="irc-green">* TMC_Sherpa (~user@c-24-15-177-87.hsd1.il.comcast.net) has joined this channel.</span><br />
<span class="irc-date">[15:38]</span> <span class="irc-black">&lt;nitam|work&gt; need some +1s . .. <a href="http://review.cyanogenmod.com/#change,4579">http://review.cyanogenmod.com/#change,4579</a></span><br />
<span class="irc-date">[15:38]</span> <span class="irc-black">&lt;nitam|work&gt; <a href="http://review.cyanogenmod.com/#change,4579">http://review.cyanogenmod.com/#change,4579</a></span><br />
<span class="irc-date">[15:39]</span> <span class="irc-black">&lt;nitam|work&gt; unhelpful - take a look pls</span><br />
<span class="irc-date">[15:39]</span> <span class="irc-black">&lt;nitam|work&gt; <a href="http://review.cyanogenmod.com/#change,4578">http://review.cyanogenmod.com/#change,4578</a></span><br />
<span class="irc-date">[15:42]</span> <span class="irc-green">* freat (~ron@c-98-216-38-131.hsd1.ma.comcast.net) has joined this channel.</span><br />
<span class="irc-date">[15:49]</span> <span class="irc-black">&lt;nitam|work&gt; kang, are you having any trouble with your kernels?</span><br />
<span class="irc-date">[15:49]</span> <span class="irc-black">&lt;nitam|work&gt; captivate kernel won't boot anymore - gets stuck in init loop</span><br />
<span class="irc-date">[15:49]</span> <span class="irc-black">&lt;nitam|work&gt; but nothing seems to have changed</span><br />
<span class="irc-date">[15:50]</span> <span class="irc-black">&lt;nitam|work&gt; you're pretty close to stock cm7 kernel, so asking</span><br />
<span class="irc-date">[15:52]</span> <span class="irc-black">&lt;techmik67&gt; how can i see what commit is the latest on a particular branch?</span><br />
<span class="irc-date">[15:53]</span> <span class="irc-black">&lt;nitam|work&gt; git log should do it</span><br />
<span class="irc-date">[15:56]</span> <span class="irc-black">&lt;nitam|work&gt; or just use github website :)</span><br />
<span class="irc-date">[15:57]</span> <span class="irc-black">&lt;nitam|work&gt; and look at the commits</span><br />
<span class="irc-date">[15:57]</span> <span class="irc-black">&lt;techmik67&gt; i didnt commit all i guess</span><br />
<span class="irc-date">[15:57]</span> <span class="irc-black">&lt;techmik67&gt; i mean push all</span><br />
<span class="irc-date">[15:57]</span> <span class="irc-black">&lt;techmik67&gt; trying to test one of me other branches of kernel</span><br />
<span class="irc-date">[15:58]</span> <span class="irc-black">&lt;techmik67&gt; the one i played with last nite i named fps</span><br />
<span class="irc-date">[15:58]</span> <span class="irc-black">&lt;techmik67&gt; i deleted it</span><br />
<span class="irc-date">[15:58]</span> <span class="irc-black">&lt;techmik67&gt; trying usb</span><br />
<span class="irc-date">[16:00]</span> <span class="irc-green">* teamhacksung (~teamhacks@sh1-ext.rs.github.com) has joined this channel.</span><br />
<span class="irc-date">[16:00]</span> <span class="irc-black">&lt;teamhacksung&gt; android_kernel_samsung: android-samsung-2.6.35 codeworkx * 7a83657 (1 files in 1 dirs): galaxys: added param.lfs mapping, but commented out - <a href="http://bit.ly/g6r3no">http://bit.ly/g6r3no</a></span><br />
<span class="irc-date">[16:00]</span> <span class="irc-green">* teamhacksung (~teamhacks@sh1-ext.rs.github.com) has left this channel.</span><br />
<span class="irc-date">[16:02]</span> <span class="irc-black">&lt;nitam|work&gt; I wonder if people know that they really should be posting dmesgs and logcats to issue list</span><br />
<span class="irc-date">[16:02]</span> <span class="irc-black">&lt;nitam|work&gt; rather than xda...</span><br />
<span class="irc-date">[16:04]</span> <span class="irc-black">&lt;codeworkx&gt; mnita|work: <a href="http://review.cyanogenmod.com/#change,4578">http://review.cyanogenmod.com/#change,4578</a> have a look at my comment xD</span><br />
<span class="irc-date">[16:06]</span> <span class="irc-black">&lt;techmik67&gt; i told someone who asked me where to post, to post it on xda</span><br />
<span class="irc-date">[16:06]</span> <span class="irc-black">&lt;techmik67&gt; sent me an xda pm asking what is the right way to help</span><br />
<span class="irc-date">[16:07]</span> <span class="irc-black">&lt;nitam|work&gt; tell 'em issue list. xda stuff gets forgotten</span><br />
<span class="irc-date">[16:07]</span> <span class="irc-black">&lt;nitam|work&gt; codeworkx: :)</span><br />
<span class="irc-date">[16:07]</span> <span class="irc-black">&lt;techmik67&gt; k</span><br />
<span class="irc-date">[16:08]</span> <span class="irc-black">&lt;nitam|work&gt; and I have no idea what that logcat is doing . . .</span><br />
<span class="irc-date">[16:08]</span> <span class="irc-black">&lt;nitam|work&gt; note even sure I understood what he is complaining about. phone rings and doesn't stop?</span><br />
<span class="irc-date">[16:11]</span> <span class="irc-black">&lt;nitam|work&gt; and whether he had headset on, etc</span><br />
<span class="irc-date">[16:11]</span> <span class="irc-black">&lt;nitam|work&gt; just a logcat isnt' good enough - we should tell them to always post logcat and dmesg . . . and what the state of the phone was.</span><br />
<span class="irc-date">[16:12]</span> <span class="irc-black">&lt;nitam|work&gt; personally I don't care right now. have to figure out kernel</span><br />
<span class="irc-date">[16:12]</span> <span class="irc-black">&lt;nitam|work&gt; and why init is going into an infinite loop</span><br />
<span class="irc-date">[16:54]</span> <span class="irc-black">&lt;TMC_Sherpa&gt; + #if defined(CONFIG_SAMSUNG_VIBRANT) //hate ifdefs? here's a nested one for your pleasure . . .</span><br />
<span class="irc-date">[16:54]</span> <span class="irc-black">&lt;TMC_Sherpa&gt; which one of you is the joker?</span><br />
<span class="irc-date">[16:55]</span> <span class="irc-black">&lt;TMC_Sherpa&gt; and how long ago was ! CONFIG_INITRAMFS_SOURCE="out/target/product/captivate/recovery.cpio" changed?</span><br />
<span class="irc-date">[16:55]</span> <span class="irc-black">&lt;TMC_Sherpa&gt; the only old source I have on this box if from mar 24th</span><br />
<span class="irc-date">[16:57]</span> <span class="irc-black">&lt;YeahRight&gt; .f filerecovery</span><br />
<span class="irc-date">[17:02]</span> <span class="irc-black">&lt;codeworkx&gt; message from teamdouche for crespo and some other devices: add mobiledata.interfaces (without eth0 in it) to your system.prop</span><br />
<span class="irc-date">[17:24]</span> <span class="irc-black">&lt;codeworkx&gt; mnita|work: ping</span><br />
<span class="irc-date">[17:27]</span> <span class="irc-black">&lt;techmik67&gt; <a href="http://www.androidcentral.com/gpl-portions-honeycomb-entered-aosp?utm_source=ac&amp;utm_medium=twitter">http://www.androidcentral.com/gpl-portions-honeycomb-entered-aosp?utm_source=ac&amp;utm_medium=twitter</a></span><br />
<span class="irc-date">[17:31]</span> <span class="irc-black">&lt;codeworkx&gt; repo init -u</span><br />
<span class="irc-date">[17:32]</span> <span class="irc-black">&lt;codeworkx&gt; git://android.git.kernel.org/platform/manifest.git -m 3.0-base.xml</span><br />
<span class="irc-date">[17:32]</span> <span class="irc-black">&lt;codeworkx&gt; techmik67: you should join android-building mailing list</span><br />
<span class="irc-date">[17:33]</span> <span class="irc-black">&lt;techmik67&gt; i think i will =)</span><br />
<span class="irc-date">[17:38]</span> <span class="irc-black">&lt;aarcane&gt; ^:q!</span><br />
<span class="irc-date">[17:38]</span> <span class="irc-black">&lt;aarcane&gt; exit</span><br />
<span class="irc-date">[17:38]</span> <span class="irc-black">&lt;aarcane&gt; erm..  wrong window.</span><br />
<span class="irc-date">[17:38]</span> <span class="irc-black">&lt;TMC_Sherpa&gt; ah vi</span><br />
<span class="irc-date">[17:39]</span> <span class="irc-black">&lt;codeworkx&gt; mnita|work: my init is missing our samsung stuff</span><br />
<span class="irc-date">[17:39]</span> <span class="irc-black">&lt;codeworkx&gt; mnita|work: wtf</span><br />
<span class="irc-date">[17:42]</span> <span class="irc-green">* teamhacksung (~teamhacks@sh1-ext.rs.github.com) has joined this channel.</span><br />
<span class="irc-date">[17:42]</span> <span class="irc-black">&lt;teamhacksung&gt; android: gingerbread Daniel Hillenbrand * 3115e38 (1 files in 1 dirs): CyanogenMod/android_system_core - <a href="http://bit.ly/hyVcM0">http://bit.ly/hyVcM0</a></span><br />
<span class="irc-date">[17:42]</span> <span class="irc-green">* teamhacksung (~teamhacks@sh1-ext.rs.github.com) has left this channel.</span><br />
<span class="irc-date">[17:59]</span> <span class="irc-black">&lt;nitam|work&gt;  #if defined(CONFIG_SAMSUNG_VIBRANT) //hate ifdefs? here's a nested one for your pleasure . . .</span><br />
<span class="irc-date">[18:00]</span> <span class="irc-black">&lt;nitam|work&gt; that would be me</span><br />
<span class="irc-date">[18:00]</span> <span class="irc-black">&lt;nitam|work&gt; codeworkx: weird - no one changed that</span><br />
<span class="irc-date">[18:00]</span> <span class="irc-black">&lt;nitam|work&gt; does that help init?</span><br />
<span class="irc-date">[18:01]</span> <span class="irc-black">&lt;techmik67&gt; josh stone was added as reviewer on your 2 submissions mnita|work</span><br />
<span class="irc-date">[18:01]</span> <span class="irc-black">&lt;nitam|work&gt; I added him</span><br />
<span class="irc-date">[18:02]</span> <span class="irc-black">&lt;techmik67&gt; ah</span><br />
<span class="irc-date">[18:02]</span> <span class="irc-black">&lt;techmik67&gt; thought seve or koush did</span><br />
<span class="irc-date">[18:02]</span> <span class="irc-black">&lt;nitam|work&gt; since he commented on the previous sd card related commits</span><br />
<span class="irc-date">[18:02]</span> <span class="irc-black">&lt;techmik67&gt; steve*</span><br />
<span class="irc-date">[18:02]</span> <span class="irc-black">&lt;nitam|work&gt; figured I'd get him to look again</span><br />
<span class="irc-date">[18:03]</span> <span class="irc-black">&lt;techmik67&gt; almost done with 3.0 d/l</span><br />
<span class="irc-date">[18:03]</span> <span class="irc-black">&lt;codeworkx&gt; mnita|work: look at your local init.c and search for samsung</span><br />
<span class="irc-date">[18:03]</span> <span class="irc-black">&lt;codeworkx&gt; system/core/init/init.c</span><br />
<span class="irc-date">[18:03]</span> <span class="irc-black">&lt;codeworkx&gt; if theres no samsung, then it is the problem</span><br />
<span class="irc-date">[18:04]</span> <span class="irc-black">&lt;nitam|work&gt; there isn't.</span><br />
<span class="irc-date">[18:04]</span> <span class="irc-black">&lt;codeworkx&gt; lol</span><br />
<span class="irc-date">[18:04]</span> <span class="irc-black">&lt;codeworkx&gt; there's no commit that changed system/core to teamhacksung</span><br />
<span class="irc-date">[18:04]</span> <span class="irc-black">&lt;nitam|work&gt; how did that happen tho</span><br />
<span class="irc-date">[18:04]</span> <span class="irc-black">&lt;nitam|work&gt; yeah..</span><br />
<span class="irc-date">[18:04]</span> <span class="irc-black">&lt;codeworkx&gt; can't explain</span><br />
<span class="irc-date">[18:04]</span> <span class="irc-black">&lt;codeworkx&gt; thats strange</span><br />
<span class="irc-date">[18:04]</span> <span class="irc-black">&lt;nitam|work&gt; it just suddenly stopped working yesterday</span><br />
<span class="irc-date">[18:05]</span> <span class="irc-black">&lt;codeworkx&gt; blame git</span><br />
<span class="irc-date">[18:05]</span> <span class="irc-black">&lt;techmik67&gt; wow</span><br />
<span class="irc-date">[18:05]</span> <span class="irc-black">&lt;nitam|work&gt; now I'm afraid github has screwed soemthing up</span><br />
<span class="irc-date">[18:05]</span> <span class="irc-black">&lt;techmik67&gt; weird</span><br />
<span class="irc-date">[18:05]</span> <span class="irc-black">&lt;nitam|work&gt; restore from backup and lost history?</span><br />
<span class="irc-date">[18:05]</span> <span class="irc-black">&lt;techmik67&gt; i have no access... wasnt me =P</span><br />
<span class="irc-date">[18:05]</span> <span class="irc-black">&lt;nitam|work&gt; but not for every repo ..</span><br />
<span class="irc-date">[18:06]</span> <span class="irc-black">&lt;zacharias&gt; if you guys need a backup - just holler: it's April 10th</span><br />
<span class="irc-date">[18:06]</span> <span class="irc-black">&lt;zacharias&gt; (5.8G Apr 10 16:46 android-system_10042011_.tbz2)</span><br />
<span class="irc-date">[18:06]</span> <span class="irc-black">&lt;codeworkx&gt; i'll diff manifest with mainline</span><br />
<span class="irc-date">[18:07]</span> <span class="irc-black">&lt;nitam|work&gt; ok, but shouldn't we be using our own system/core?</span><br />
<span class="irc-date">[18:07]</span> <span class="irc-black">&lt;nitam|work&gt; or did our stuff get merged upstream for system/core?</span><br />
<span class="irc-date">[18:07]</span> <span class="irc-black">&lt;codeworkx&gt; got merged on feb 23</span><br />
<span class="irc-date">[18:07]</span> <span class="irc-black">&lt;codeworkx&gt; lol</span><br />
<span class="irc-date">[18:07]</span> <span class="irc-black">&lt;codeworkx&gt; xD</span><br />
<span class="irc-date">[18:07]</span> <span class="irc-black">&lt;nitam|work&gt; ok</span><br />
<span class="irc-date">[18:07]</span> <span class="irc-black">&lt;nitam|work&gt; grep -r SAMSUNG *?</span><br />
<span class="irc-date">[18:08]</span> <span class="irc-black">&lt;nitam|work&gt; and hopefully see SAMSUNG?</span><br />
<span class="irc-date">[18:08]</span> <span class="irc-black">&lt;nitam|work&gt; I don't remember what we'd changed</span><br />
<span class="irc-date">[18:10]</span> <span class="irc-black">&lt;nitam|work&gt; ah yes, BOOTMODE</span><br />
<span class="irc-date">[18:10]</span> <span class="irc-green">* teamhacksung (~teamhacks@sh1-ext.rs.github.com) has joined this channel.</span><br />
<span class="irc-date">[18:11]</span> <span class="irc-black">&lt;teamhacksung&gt; android: gingerbread codeworkx * 261aaa7 (1 files in 1 dirs): merge - <a href="http://bit.ly/gNjsZY">http://bit.ly/gNjsZY</a></span><br />
<span class="irc-date">[18:11]</span> <span class="irc-green">* teamhacksung (~teamhacks@sh1-ext.rs.github.com) has left this channel.</span><br />
<span class="irc-date">[18:11]</span> <span class="irc-black">&lt;codeworkx&gt; seems to be ok</span><br />
<span class="irc-date">[18:11]</span> <span class="irc-black">&lt;techmik67&gt; so now i should be able to build after sync and my kernel will boot? or not yet?</span><br />
<span class="irc-date">[18:12]</span> <span class="irc-black">&lt;codeworkx&gt; yes</span><br />
<span class="irc-date">[18:12]</span> <span class="irc-black">&lt;techmik67&gt; =)</span><br />
<span class="irc-date">[18:13]</span> <span class="irc-black">&lt;techmik67&gt; crap... all the attempts i made at the fps cap increase were invalid.....</span><br />
<span class="irc-date">[18:13]</span> <span class="irc-black">&lt;techmik67&gt; oh well, i'll try today =)</span><br />
<span class="irc-date">[18:14]</span> <span class="irc-black">&lt;zacharias&gt; @techmik67: try to raise it to 68 - afaik the Nexus S has that, with bilboa1's/kang's patch it's at 65 now from what I saw</span><br />
<span class="irc-date">[18:14]</span> <span class="irc-black">&lt;zacharias&gt; :)</span><br />
<span class="irc-date">[18:14]</span> <span class="irc-black">&lt;techmik67&gt; ok</span><br />
<span class="irc-date">[18:14]</span> <span class="irc-black">&lt;techmik67&gt; will do =)</span><br />
<span class="irc-date">[18:14]</span> <span class="irc-black">&lt;techmik67&gt; thx</span><br />
<span class="irc-date">[18:15]</span> <span class="irc-black">&lt;zacharias&gt; thanks to you :)</span><br />
<span class="irc-date">[18:15]</span> <span class="irc-black">&lt;zacharias&gt; anyone thought of using a newer wifi driver ?</span><br />
<span class="irc-date">[18:15]</span> <span class="irc-black">&lt;techmik67&gt; think they are looking at the new drop...</span><br />
<span class="irc-date">[18:15]</span> <span class="irc-black">&lt;zacharias&gt; I'm currently test-driving 4.218.248-23</span><br />
<span class="irc-date">[18:16]</span> <span class="irc-black">&lt;zacharias&gt; which is included in ir-kernel (2.6.37.6) and it seems to work fine</span><br />
<span class="irc-date">[18:16]</span> <span class="irc-black">&lt;zacharias&gt; is supposed to give some nice improvement in power usage</span><br />
<span class="irc-date">[18:16]</span> <span class="irc-black">&lt;zacharias&gt; <a href="https://github.com/intersectRaven/ir-kernel/commit/bbc25ddccfc25a23536d136f0258b5fc1ecdcb60">https://github.com/intersectRaven/ir-kernel/commit/bbc25ddccfc25a23536d136f0258b5fc1ecdcb60</a></span><br />
<span class="irc-date">[18:17]</span> <span class="irc-black">&lt;zacharias&gt; I replaced ours with it 1:1 and the result is. <a href="https://github.com/zachariasmaladroit/android_kernel_samsung/commit/a5e741e09407ad5bc776f29abd7f3956bded930c">https://github.com/zachariasmaladroit/android_kernel_samsung/commit/a5e741e09407ad5bc776f29abd7f3956bded930c</a></span><br />
<span class="irc-date">[18:18]</span> <span class="irc-black">&lt;zacharias&gt; (as long as the repo is still up and doesn't require a forced update XD )</span><br />
<span class="irc-date">[18:18]</span> <span class="irc-green">* embizzle (~mbizzle@vp117018.reshsg.uci.edu) has joined this channel.</span><br />
<span class="irc-date">[18:19]</span> <span class="irc-black">&lt;zacharias&gt; you mean the one for the Nexus S ? yeah, that might be the best choice - if it can be used with our phone - that is</span><br />
<span class="irc-date">[18:19]</span> <span class="irc-black">&lt;techmik67&gt; yes, that's what i was talking about =)</span><br />
<span class="irc-date">[18:19]</span> <span class="irc-black">&lt;TMC_Sherpa&gt; intersectRaven lives.</span><br />
<span class="irc-date">[18:20]</span> <span class="irc-black">&lt;embizzle&gt; ugh, I can't follow the xda thread</span><br />
<span class="irc-date">[18:20]</span> <span class="irc-black">&lt;embizzle&gt; too much stupidity</span><br />
<span class="irc-date">[18:20]</span> <span class="irc-black">&lt;techmik67&gt; so if i wanted to try that 2nd commit, just pull to a branch like any other testing?</span><br />
<span class="irc-date">[18:22]</span> <span class="irc-black">&lt;embizzle&gt; techmik the latest nightly keeps booting into cwr for me, I saw in the thread some others were having similar problems. what are we doing about it? you guys need logs or anything?</span><br />
<span class="irc-date">[18:23]</span> <span class="irc-black">&lt;techmik67&gt; we think we fixed it</span><br />
<span class="irc-date">[18:23]</span> <span class="irc-black">&lt;techmik67&gt; building now</span><br />
<span class="irc-date">[18:23]</span> <span class="irc-black">&lt;embizzle&gt; ok I'll try it out. I just compiled around 3 hours ago though.</span><br />
<span class="irc-date">[18:23]</span> <span class="irc-black">&lt;techmik67&gt; i should say they fixed it</span><br />
<span class="irc-date">[18:23]</span> <span class="irc-black">&lt;techmik67&gt; =)</span><br />
<span class="irc-date">[18:23]</span> <span class="irc-black">&lt;techmik67&gt; nope</span><br />
<span class="irc-date">[18:23]</span> <span class="irc-black">&lt;techmik67&gt; last 15 minutes or so</span><br />
<span class="irc-date">[18:24]</span> <span class="irc-black">&lt;embizzle&gt; k I just checked github</span><br />
<span class="irc-date">[18:24]</span> <span class="irc-black">&lt;nitam|work&gt; its to the repo</span><br />
<span class="irc-date">[18:24]</span> <span class="irc-black">&lt;nitam|work&gt; resync the repo</span><br />
<span class="irc-date">[18:24]</span> <span class="irc-black">&lt;nitam|work&gt; something went weird in it</span><br />
<span class="irc-date">[18:26]</span> <span class="irc-black">&lt;nitam|work&gt; what threads..</span><br />
<span class="irc-date">[18:26]</span> <span class="irc-black">&lt;embizzle&gt; the one you won't respond to anymore :P</span><br />
<span class="irc-date">[18:27]</span> <span class="irc-black">&lt;embizzle&gt; unless they were talking about a different problem. I couldn't figure out what people were complaining about, so I gave up and came in here</span><br />
<span class="irc-date">[18:29]</span> <span class="irc-black">&lt;nitam|work&gt; oh, those ... jeez.</span><br />
<span class="irc-date">[18:29]</span> <span class="irc-green">* coolya|away is now known as coolya</span><br />
<span class="irc-date">[18:29]</span> <span class="irc-black">&lt;nitam|work&gt; I wasnt' reading xda ..</span><br />
<span class="irc-date">[18:30]</span> <span class="irc-black">&lt;embizzle&gt; zacharias you still around?</span><br />
<span class="irc-date">[18:30]</span> <span class="irc-black">&lt;coolya&gt; kang: ping</span><br />
<span class="irc-date">[18:31]</span> <span class="irc-black">&lt;nitam|work&gt; btw, I didn't think I'd put up any updates that just boot into recovery</span><br />
<span class="irc-date">[18:31]</span> <span class="irc-black">&lt;nitam|work&gt; so what the fux is the guy talking about?</span><br />
<span class="irc-date">[18:31]</span> <span class="irc-black">&lt;embizzle&gt; me?</span><br />
<span class="irc-date">[18:31]</span> <span class="irc-black">&lt;nitam|work&gt; it was either booting without drivers, or booting fine.</span><br />
<span class="irc-date">[18:31]</span> <span class="irc-black">&lt;nitam|work&gt; no, xda</span><br />
<span class="irc-date">[18:31]</span> <span class="irc-black">&lt;nitam|work&gt; anyone building their own is getting the issue yes</span><br />
<span class="irc-date">[18:31]</span> <span class="irc-black">&lt;coolya&gt; hi :)</span><br />
<span class="irc-date">[18:31]</span> <span class="irc-black">&lt;nitam|work&gt; until they do a repo sync again</span><br />
<span class="irc-date">[18:32]</span> <span class="irc-black">&lt;nitam|work&gt; but ppl just installing the update I posted on 4/10 and 4/11 should not be getting the reboot into recovery loop</span><br />
<span class="irc-date">[18:32]</span> <span class="irc-black">&lt;embizzle&gt; that latest nightly was doing it</span><br />
<span class="irc-date">[18:32]</span> <span class="irc-black">&lt;nitam|work&gt; 4/11?</span><br />
<span class="irc-date">[18:32]</span> <span class="irc-black">&lt;embizzle&gt; yeah</span><br />
<span class="irc-date">[18:32]</span> <span class="irc-black">&lt;embizzle&gt; after I built my own, had the issue, I tried the nightly from sourceforge</span><br />
<span class="irc-date">[18:32]</span> <span class="irc-black">&lt;embizzle&gt; got the same issue</span><br />
<span class="irc-date">[18:32]</span> <span class="irc-black">&lt;embizzle&gt; just the 4/11, the 4/10 worked fine</span><br />
<span class="irc-date">[18:32]</span> <span class="irc-black">&lt;nitam|work&gt; hmm, didn't know that I'd actually put up a broken build.</span><br />
<span class="irc-date">[18:34]</span> <span class="irc-black">&lt;techmik67&gt; still happened</span><br />
<span class="irc-date">[18:34]</span> <span class="irc-black">&lt;techmik67&gt; just build kernel after sync</span><br />
<span class="irc-date">[18:34]</span> <span class="irc-black">&lt;embizzle&gt; well the thing is, if someone knows what he's doing then he should post in there: these are my exact steps and here's the issue and then you wouldn't have to be guessing what the heck is he doing</span><br />
<span class="irc-date">[18:34]</span> <span class="irc-black">&lt;nitam|work&gt; techmik67: did you try 4/11?</span><br />
<span class="irc-date">[18:34]</span> <span class="irc-black">&lt;nitam|work&gt; on sourceforge?</span><br />
<span class="irc-date">[18:34]</span> <span class="irc-black">&lt;techmik67&gt; just got a forced update, lemme try again</span><br />
<span class="irc-date">[18:34]</span> <span class="irc-black">&lt;techmik67&gt; think so... i'll try that too</span><br />
<span class="irc-date">[18:35]</span> <span class="irc-black">&lt;nitam|work&gt; please - if it is broken, I shouldn't leave it up</span><br />
<span class="irc-date">[18:35]</span> <span class="irc-black">&lt;embizzle&gt; techmik it still happened? did you clean first? I did not :(</span><br />
<span class="irc-date">[18:35]</span> <span class="irc-black">&lt;nitam|work&gt; I thought the breakage happened after I had uploaded.</span><br />
<span class="irc-date">[18:37]</span> <span class="irc-black">&lt;embizzle&gt; 4/11 nightly is definately broken for me</span><br />
<span class="irc-date">[18:38]</span> <span class="irc-black">&lt;embizzle&gt; well now this guys is saying 4-10 is broken too. but that works for me, so I have no clue what is going on</span><br />
<span class="irc-date">[18:38]</span> <span class="irc-green">* stickpin (~stickpin@84.94.109.203.cable.012.net.il) has joined this channel.</span><br />
<span class="irc-date">[18:39]</span> <span class="irc-black">&lt;embizzle&gt; techmik you finished building and it's still broken for you?</span><br />
<span class="irc-date">[18:39]</span> <span class="irc-black">&lt;nitam|work&gt; hey coolya, I was going to start a petition for your gf.</span><br />
<span class="irc-date">[18:39]</span> <span class="irc-black">&lt;nitam|work&gt; to let you work on android.</span><br />
<span class="irc-date">[18:39]</span> <span class="irc-black">&lt;nitam|work&gt; because I am tired of supporting vibrant</span><br />
<span class="irc-date">[18:39]</span> <span class="irc-black">&lt;embizzle&gt; zacharias you still around?</span><br />
<span class="irc-date">[18:40]</span> <span class="irc-black">&lt;coolya&gt; i can work on android in about a week</span><br />
<span class="irc-date">[18:40]</span> <span class="irc-black">&lt;coolya&gt; :)</span><br />
<span class="irc-date">[18:40]</span> <span class="irc-black">&lt;coolya&gt; but codeworkx started to go crazy till im gone :-P</span><br />
<span class="irc-date">[18:40]</span> <span class="irc-black">&lt;codeworkx&gt; in 1 week his gf got enough coolya for the next few weeks</span><br />
<span class="irc-date">[18:41]</span> <span class="irc-black">&lt;codeworkx&gt; it's still booting into recovery. oO</span><br />
<span class="irc-date">[18:41]</span> <span class="irc-black">&lt;codeworkx&gt; wtf</span><br />
<span class="irc-date">[18:41]</span> <span class="irc-black">&lt;coolya&gt; codeworkx: device override</span><br />
<span class="irc-date">[18:41]</span> <span class="irc-black">&lt;coolya&gt; in aries</span><br />
<span class="irc-date">[18:41]</span> <span class="irc-black">&lt;coolya&gt; ?</span><br />
<span class="irc-date">[18:42]</span> <span class="irc-black">&lt;nitam|work&gt; *I* started going crazy</span><br />
<span class="irc-date">[18:42]</span> <span class="irc-black">&lt;embizzle&gt; you need any information or just sit tight until you figure it out on your own?</span><br />
<span class="irc-date">[18:42]</span> <span class="irc-black">&lt;nitam|work&gt; sit tight</span><br />
<span class="irc-date">[18:42]</span> <span class="irc-black">&lt;coolya&gt; codeworkx is kanging code :-P</span><br />
<span class="irc-date">[18:42]</span> <span class="irc-black">&lt;codeworkx&gt; WHAT TEH HELL</span><br />
<span class="irc-date">[18:42]</span> <span class="irc-black">&lt;nitam|work&gt; and I'm letting him</span><br />
<span class="irc-date">[18:42]</span> <span class="irc-black">&lt;embizzle&gt; lol</span><br />
<span class="irc-date">[18:42]</span> <span class="irc-black">&lt;coolya&gt; haptic feedback ;)</span><br />
<span class="irc-date">[18:42]</span> <span class="irc-black">&lt;nitam|work&gt; I dont want to go near it</span><br />
<span class="irc-date">[18:43]</span> <span class="irc-black">&lt;techmik67&gt; brb... d/l-ing the update to test....</span><br />
<span class="irc-date">[18:43]</span> <span class="irc-black">&lt;embizzle&gt; you guys using smartass governor?</span><br />
<span class="irc-date">[18:43]</span> <span class="irc-black">&lt;nitam|work&gt; no</span><br />
<span class="irc-date">[18:44]</span> <span class="irc-black">&lt;embizzle&gt; I'm not all that impressed with it</span><br />
<span class="irc-date">[18:44]</span> <span class="irc-black">&lt;nitam|work&gt; not on stock cm7 kernel (which is all we really do in this channel - sorry guys)</span><br />
<span class="irc-date">[18:44]</span> <span class="irc-green">* teamhacksung (~teamhacks@sh1-ext.rs.github.com) has joined this channel.</span><br />
<span class="irc-date">[18:44]</span> <span class="irc-black">&lt;teamhacksung&gt; android_device_samsung_common: gingerbread codeworkx * af944fa (0 files in 0 dirs): removed unused stuff - <a href="http://bit.ly/fQtGVv">http://bit.ly/fQtGVv</a></span><br />
<span class="irc-date">[18:44]</span> <span class="irc-green">* teamhacksung (~teamhacks@sh1-ext.rs.github.com) has left this channel.</span><br />
<span class="irc-date">[18:44]</span> <span class="irc-black">&lt;embizzle&gt; oh I forgot. I was just making conversation</span><br />
<span class="irc-date">[18:44]</span> <span class="irc-black">&lt;aarcane&gt; smartass governor ?  what's that one do ?</span><br />
<span class="irc-date">[18:44]</span> <span class="irc-black">&lt;nitam|work&gt; it is hard enough keeping track of the standard kernel.</span><br />
<span class="irc-date">[18:44]</span> <span class="irc-black">&lt;embizzle&gt; yeah my bad</span><br />
<span class="irc-date">[18:44]</span> <span class="irc-black">&lt;embizzle&gt; wasn't looking for help, just bored conversation :)</span><br />
<span class="irc-date">[18:45]</span> <span class="irc-black">&lt;embizzle&gt; (while my phone is looping :P)</span><br />
<span class="irc-date">[18:46]</span> <span class="irc-black">&lt;codeworkx&gt; embizzle: haha</span><br />
<span class="irc-date">[18:46]</span> <span class="irc-black">&lt;mikebeecham&gt; evening all</span><br />
<span class="irc-date">[18:46]</span> <span class="irc-black">&lt;codeworkx&gt; mnita|work: you've killed it!!!!</span><br />
<span class="irc-date">[18:46]</span> <span class="irc-black">&lt;nitam|work&gt; I did not.</span><br />
<span class="irc-date">[18:46]</span> <span class="irc-black">&lt;nitam|work&gt; I thought it was you.</span><br />
<span class="irc-date">[18:46]</span> <span class="irc-black">&lt;nitam|work&gt; :)</span><br />
<span class="irc-date">[18:46]</span> <span class="irc-black">&lt;codeworkx&gt; you did because.... ahm...</span><br />
<span class="irc-date">[18:47]</span> <span class="irc-black">&lt;codeworkx&gt; because you did</span><br />
<span class="irc-date">[18:47]</span> <span class="irc-black">&lt;nitam|work&gt; that's why I was missing coolya.</span><br />
<span class="irc-date">[18:47]</span> <span class="irc-black">&lt;nitam|work&gt; someone to blame.</span><br />
<span class="irc-date">[18:47]</span> <span class="irc-black">&lt;codeworkx&gt; coolya was it</span><br />
<span class="irc-date">[18:47]</span> <span class="irc-black">&lt;coolya&gt; i was it</span><br />
<span class="irc-date">[18:47]</span> <span class="irc-black">&lt;nitam|work&gt; 4/11 worked for me</span><br />
<span class="irc-date">[18:47]</span> <span class="irc-black">&lt;nitam|work&gt; embizzle: what phone?</span><br />
<span class="irc-date">[18:48]</span> <span class="irc-black">&lt;TMC_Sherpa&gt; so your saying I shouldn't have sorted all the code by the color they came up with in gedit?</span><br />
<span class="irc-date">[18:48]</span> <span class="irc-black">&lt;nitam|work&gt; color?! :)</span><br />
<span class="irc-date">[18:48]</span> <span class="irc-black">&lt;embizzle&gt; captivate</span><br />
<span class="irc-date">[18:48]</span> <span class="irc-black">&lt;nitam|work&gt; wtf.</span><br />
<span class="irc-date">[18:48]</span> <span class="irc-black">&lt;embizzle&gt; 4/11 worked for you? I'll recheck</span><br />
<span class="irc-date">[18:48]</span> <span class="irc-black">&lt;nitam|work&gt; yes</span><br />
<span class="irc-date">[18:48]</span> <span class="irc-black">&lt;embizzle&gt; wt</span><br />
<span class="irc-date">[18:48]</span> <span class="irc-black">&lt;nitam|work&gt; just downloaded and booted</span><br />
<span class="irc-date">[18:48]</span> <span class="irc-black">&lt;embizzle&gt; wtf is going on</span><br />
<span class="irc-date">[18:50]</span> <span class="irc-black">&lt;TMC_Sherpa&gt; something happened in the repository that isn't logged</span><br />
<span class="irc-date">[18:51]</span> <span class="irc-black">&lt;codeworkx&gt; aliens on github</span><br />
<span class="irc-date">[18:51]</span> <span class="irc-black">&lt;codeworkx&gt; heeeelp</span><br />
<span class="irc-date">[18:51]</span> <span class="irc-brick">* codeworkx is crying for help</span><br />
<span class="irc-date">[18:51]</span> <span class="irc-black">&lt;coolya&gt; stfu</span><br />
<span class="irc-date">[18:51]</span> <span class="irc-black">&lt;coolya&gt; :-P</span><br />
<span class="irc-date">[18:52]</span> <span class="irc-brick">* aarcane will gladly assign blame to the blamesink.</span><br />
<span class="irc-date">[18:53]</span> <span class="irc-black">&lt;nitam|work&gt; qs_config.shaper_control.per_core_burst = ((double)co_get_max_write_rate(co_qs_instance) * (double)co_get_burst_time(co_qs_instance)) / total_output_cores;</span><br />
<span class="irc-date">[18:53]</span> <span class="irc-black">&lt;nitam|work&gt; argh!</span><br />
<span class="irc-date">[18:55]</span> <span class="irc-black">&lt;TMC_Sherpa&gt; what IS that? I thought unhelpful was the only one working with strange math?</span><br />
<span class="irc-date">[18:55]</span> <span class="irc-black">&lt;nitam|work&gt; output shaping of network output packets over tcp sockets</span><br />
<span class="irc-date">[18:56]</span> <span class="irc-black">&lt;nitam|work&gt; in the face of bursts</span><br />
<span class="irc-date">[18:56]</span> <span class="irc-black">&lt;embizzle&gt; lol 4/11 works for me now</span><br />
<span class="irc-date">[18:56]</span> <span class="irc-brick">* embizzle thinks it was silently updated...</span><br />
<span class="irc-date">[18:56]</span> <span class="irc-black">&lt;nitam|work&gt; I wish.</span><br />
<span class="irc-date">[18:56]</span> <span class="irc-black">&lt;nitam|work&gt; It actually broke for me after</span><br />
<span class="irc-date">[18:56]</span> <span class="irc-black">&lt;aarcane&gt; simple bursts never work, you need logarithmic smoothing over a linear sampling rate...</span><br />
<span class="irc-date">[18:56]</span> <span class="irc-black">&lt;aarcane&gt; with a hierarchical token bucket to ensure that you're bursting the proper packets.</span><br />
<span class="irc-date">[18:57]</span> <span class="irc-black">&lt;embizzle&gt; 411 nightly is working for you or not working for you?</span><br />
<span class="irc-date">[18:57]</span> <span class="irc-black">&lt;mikebeecham&gt; is codeworkx crying again?</span><br />
<span class="irc-date">[18:57]</span> <span class="irc-black">&lt;nitam|work&gt; yes, that is the goal. but something got really screwed up so I'm going back to where we came from</span><br />
<span class="irc-date">[18:57]</span> <span class="irc-black">&lt;codeworkx&gt; mikebeecham: hopefully not</span><br />
<span class="irc-date">[18:57]</span> <span class="irc-black">&lt;mikebeecham&gt; he really needs to stop doing that...frankly it gets embarrassing</span><br />
<span class="irc-date">[18:57]</span> <span class="irc-black">&lt;nitam|work&gt; before I go back to the token bucket</span><br />
<span class="irc-date">[18:58]</span> <span class="irc-black">&lt;nitam|work&gt; basically have some connections that are taking lots of packets, others taken low numbers. it is getting almost too complicated</span><br />
<span class="irc-date">[18:59]</span> <span class="irc-black">&lt;nitam|work&gt; but yes, you're correct :)</span><br />
<span class="irc-date">[19:02]</span> <span class="irc-black">&lt;nitam|work&gt; back in a bit . . .</span><br />
<span class="irc-date">[19:05]</span> <span class="irc-black">&lt;nitam|work&gt; codeworkx, coolya - back in a bit. I'm letting you handle the init issues.</span><br />
<span class="irc-date">[19:06]</span> <span class="irc-black">&lt;codeworkx&gt; i will cry if it's not solved yet, nothing else</span><br />
<span class="irc-date">[19:07]</span> <span class="irc-black">&lt;codeworkx&gt; ok, lets flash teh new build and start praying</span><br />
<span class="irc-date">[19:07]</span> <span class="irc-black">&lt;aarcane&gt; 411 works perfectly here, btw.  zero issues.</span><br />
<span class="irc-date">[19:08]</span> <span class="irc-black">&lt;embizzle&gt; yes we established that :)</span><br />
<span class="irc-date">[19:08]</span> <span class="irc-black">&lt;embizzle&gt; codeworkx do we have to build clean or does it matter?</span><br />
<span class="irc-date">[19:09]</span> <span class="irc-black">&lt;codeworkx&gt; you should do clean</span><br />
<span class="irc-date">[19:11]</span> <span class="irc-brick">* codeworkx is crying again</span><br />
<span class="irc-date">[19:11]</span> <span class="irc-black">&lt;mikebeecham&gt; for petes sake codeworkx pull yourself together man</span><br />
<span class="irc-date">[19:12]</span> <span class="irc-black">&lt;mikebeecham&gt; *slaps codeworkx around the mouth with a white glove*</span><br />
<span class="irc-date">[19:12]</span> <span class="irc-black">&lt;codeworkx&gt; recovery + android are starting together</span><br />
<span class="irc-date">[19:12]</span> <span class="irc-black">&lt;codeworkx&gt; and one is fucking the other</span><br />
<span class="irc-date">[19:12]</span> <span class="irc-black">&lt;codeworkx&gt; wtf</span><br />
<span class="irc-date">[19:20]</span> <span class="irc-black">&lt;codeworkx&gt; think i found the problem</span><br />
<span class="irc-date">[19:20]</span> <span class="irc-black">&lt;techmik67&gt; wth just happened on repo sync?</span><br />
<span class="irc-date">[19:20]</span> <span class="irc-black">&lt;codeworkx&gt; koush was it</span><br />
<span class="irc-date">[19:20]</span> <span class="irc-black">&lt;techmik67&gt; 6268 deletions?</span><br />
<span class="irc-date">[19:25]</span> <span class="irc-black">&lt;TMC_Sherpa&gt; do you think it should have been more?</span><br />
<span class="irc-date">[19:26]</span> <span class="irc-black">&lt;techmik67&gt; lol</span><br />
<span class="irc-date">[19:26]</span> <span class="irc-black">&lt;techmik67&gt; took me by surprise....</span><br />
<span class="irc-date">[19:26]</span> <span class="irc-black">&lt;TMC_Sherpa&gt; theres about 25K we don't need just in the kernel source alone</span><br />
<span class="irc-date">[19:36]</span> <span class="irc-black">&lt;nitam|work&gt; <a href="http://forum.xda-developers.com/showpost.php?p=12846236&amp;postcount=855">http://forum.xda-developers.com/showpost.php?p=12846236&amp;postcount=855</a> - what I think too</span><br />
<span class="irc-date">[19:41]</span> <span class="irc-black">&lt;codeworkx&gt; mnita|work: <a href="http://review.cyanogenmod.com/#change,4628">http://review.cyanogenmod.com/#change,4628</a></span><br />
<span class="irc-date">[19:44]</span> <span class="irc-black">&lt;stickpin&gt; hmmm</span><br />
<span class="irc-date">[19:44]</span> <span class="irc-black">&lt;stickpin&gt; latest repo broken?</span><br />
<span class="irc-date">[19:44]</span> <span class="irc-black">&lt;stickpin&gt; recovery loop</span><br />
<span class="irc-date">[19:44]</span> <span class="irc-black">&lt;codeworkx&gt; yes</span><br />
<span class="irc-date">[19:44]</span> <span class="irc-black">&lt;codeworkx&gt; mainline changes</span><br />
<span class="irc-date">[19:45]</span> <span class="irc-black">&lt;stickpin&gt; we getting merge with mainline finally? :D</span><br />
<span class="irc-date">[19:47]</span> <span class="irc-black">&lt;codeworkx&gt; stickpin: if you wanna build apply these patch <a href="http://review.cyanogenmod.com/#change,4628">http://review.cyanogenmod.com/#change,4628</a></span><br />
<span class="irc-date">[19:47]</span> <span class="irc-black">&lt;techmik67&gt; i'm building with it now</span><br />
<span class="irc-date">[19:47]</span> <span class="irc-black">&lt;techmik67&gt; at the same time, i'm building honeycomb</span><br />
<span class="irc-date">[19:48]</span> <span class="irc-black">&lt;codeworkx&gt; it's booting again ;-)</span><br />
<span class="irc-date">[19:48]</span> <span class="irc-black">&lt;techmik67&gt; yay!!</span><br />
<span class="irc-date">[19:49]</span> <span class="irc-black">&lt;nitam|work&gt; how did we lose that?</span><br />
<span class="irc-date">[19:50]</span> <span class="irc-black">&lt;nitam|work&gt; we had that in our merge</span><br />
<span class="irc-date">[19:50]</span> <span class="irc-black">&lt;codeworkx&gt; mnita|work: <a href="https://github.com/CyanogenMod/android_build/commit/428b7ff2eea0507b7dbdba0b374ef5360bc5b6ed">https://github.com/CyanogenMod/android_build/commit/428b7ff2eea0507b7dbdba0b374ef5360bc5b6ed</a> killed it</span><br />
<span class="irc-date">[19:51]</span> <span class="irc-black">&lt;codeworkx&gt; blame koush xD</span><br />
<span class="irc-date">[19:53]</span> <span class="irc-black">&lt;nitam|work&gt; koush.</span><br />
<span class="irc-date">[19:53]</span> <span class="irc-black">&lt;nitam|work&gt; jeez</span><br />
<span class="irc-date">[19:54]</span> <span class="irc-green">* zacharias is now known as zacharias|occupi</span><br />
<span class="irc-date">[19:54]</span> <span class="irc-black">&lt;zacharias|occupi&gt; that commit doesn't seem to do only what it's supposed to do</span><br />
<span class="irc-date">[19:54]</span> <span class="irc-black">&lt;zacharias|occupi&gt; hm</span><br />
<span class="irc-date">[19:56]</span> <span class="irc-black">&lt;techmik67&gt; looks good..... ipulled it to a separate branch, built a kernel clean, and i'm on bootanimation.....</span><br />
<span class="irc-date">[19:56]</span> <span class="irc-black">&lt;techmik67&gt; booted</span><br />
<span class="irc-date">[19:57]</span> <span class="irc-black">&lt;techmik67&gt; excellent</span><br />
<span class="irc-date">[19:58]</span> <span class="irc-black">&lt;nitam|work&gt; yeah, koush got edit happy there</span><br />
<span class="irc-date">[19:58]</span> <span class="irc-black">&lt;techmik67&gt; now, if i create a new branch right now, which will it base off? gingerbread, or the newbranch i pulled and am on?</span><br />
