<span class="irc-date">[0:00]</span> <span class="irc-navy">* kalpik (~kalpik@unaffiliated/kalpik) Quit (Ping timeout: 240 seconds)</span><br />
<span class="irc-date">[0:01]</span> <span class="irc-green">* thedeanius (~dean@c-24-2-24-87.hsd1.mo.comcast.net) has joined this channel.</span><br />
<span class="irc-date">[0:14]</span> <span class="irc-green">* kalpik (~kalpik@unaffiliated/kalpik) has joined this channel.</span><br />
<span class="irc-date">[0:52]</span> <span class="irc-navy">* neldar (~neldar@dsl104-170.pool.bitel.net) Quit (Read error: Connection reset by peer)</span><br />
<span class="irc-date">[1:09]</span> <span class="irc-black">&lt;rhcp&gt; damn</span><br />
<span class="irc-date">[1:09]</span> <span class="irc-black">&lt;rhcp&gt; epic is down to 149 now</span><br />
<span class="irc-date">[2:00]</span> <span class="irc-black">&lt;Unhelpful&gt; emailed the samsung contact re: yas529 docs/code. i hope we can *at least* get formal permission for the team to use and build from their sensor daemon code, that would be a big help even if we can't get open code. :)</span><br />
<span class="irc-date">[2:06]</span> <span class="irc-black">&lt;mersault&gt; nice</span><br />
<span class="irc-date">[2:57]</span> <span class="irc-black">&lt;Unhelpful&gt; if it works, nice. :)</span><br />
<span class="irc-date">[2:57]</span> <span class="irc-black">&lt;Unhelpful&gt; seriously, if we could just get code for the sensor daemons with permission to distribute only binaries, and some help to make sure it works correctly, that would be very, very nice. :)</span><br />
<span class="irc-date">[2:59]</span> <span class="irc-brick">* Unhelpful would *rather* open-source code we can integrate directly into CM, but will settle for a solution that works and lets us fix issues ourselves.</span><br />
<span class="irc-date">[3:05]</span> <span class="irc-navy">* mersault (~mersault@bas4-toronto02-1167989789.dsl.bell.ca) Quit (Quit: mersault)</span><br />
<span class="irc-date">[3:05]</span> <span class="irc-green">* mersault (~mersault@bas4-toronto02-1167989789.dsl.bell.ca) has joined this channel.</span><br />
<span class="irc-date">[3:07]</span> <span class="irc-green">* Kaik541 is now known as KaikHole</span><br />
<span class="irc-date">[3:07]</span> <span class="irc-green">* ytt3r is now known as Kaik541</span><br />
<span class="irc-date">[3:08]</span> <span class="irc-navy">* Kaik541 (~evan@adsl-88-93-234.asm.bellsouth.net) Quit (Disconnected by services)</span><br />
<span class="irc-date">[3:08]</span> <span class="irc-green">* KaikHole is now known as Kaik541</span><br />
<span class="irc-date">[3:08]</span> <span class="irc-green">* ytt3r (~evan@adsl-88-93-234.asm.bellsouth.net) has joined this channel.</span><br />
<span class="irc-date">[3:30]</span> <span class="irc-black">&lt;Unhelpful&gt; ahahaahahah google ads: Electronic Compass Module - Precise Heading, Pitch &amp; Roll, 1x1" - Serial, USB, TTL - Under $200 USD! - www.ocean-server.com/compass</span><br />
<span class="irc-date">[3:34]</span> <span class="irc-black">&lt;Unhelpful&gt; also what do i do to get a cyanogenmod email address? ;)</span><br />
<span class="irc-date">[3:44]</span> <span class="irc-green">* quad-home (d121029f@gateway/web/freenode/ip.209.33.2.159) has joined this channel.</span><br />
<span class="irc-date">[3:45]</span> <span class="irc-navy">* mersault (~mersault@bas4-toronto02-1167989789.dsl.bell.ca) Quit (Ping timeout: 246 seconds)</span><br />
<span class="irc-date">[3:52]</span> <span class="irc-green">* mersault (~mersault@bas4-toronto02-1176006176.dsl.bell.ca) has joined this channel.</span><br />
<span class="irc-date">[3:56]</span> <span class="irc-navy">* mersault (~mersault@bas4-toronto02-1176006176.dsl.bell.ca) Quit (Ping timeout: 248 seconds)</span><br />
<span class="irc-date">[4:02]</span> <span class="irc-green">* knowsnotmuch (~ashwinds@115.242.149.158) has joined this channel.</span><br />
<span class="irc-date">[4:03]</span> <span class="irc-green">* mersault (~mersault@bas4-toronto02-1177978327.dsl.bell.ca) has joined this channel.</span><br />
<span class="irc-date">[4:22]</span> <span class="irc-navy">* quad (415241e3@gateway/web/freenode/ip.65.82.65.227) Quit (Ping timeout: 252 seconds)</span><br />
<span class="irc-date">[4:41]</span> <span class="irc-navy">* mersault (~mersault@bas4-toronto02-1177978327.dsl.bell.ca) Quit (Ping timeout: 246 seconds)</span><br />
<span class="irc-date">[4:47]</span> <span class="irc-green">* mersault (~mersault@bas4-toronto02-1177978145.dsl.bell.ca) has joined this channel.</span><br />
<span class="irc-date">[4:51]</span> <span class="irc-navy">* mersault (~mersault@bas4-toronto02-1177978145.dsl.bell.ca) Quit (Client Quit)</span><br />
<span class="irc-date">[5:08]</span> <span class="irc-green">* crypta (~KP@port-92829.pppoe.wtnet.de) has joined this channel.</span><br />
<span class="irc-date">[5:09]</span> <span class="irc-navy">* crypta1 (~KP@port-24185.pppoe.wtnet.de) Quit (Ping timeout: 252 seconds)</span><br />
<span class="irc-date">[5:41]</span> <span class="irc-green">* techmik_laptop (~techmik@c-76-109-173-83.hsd1.fl.comcast.net) has joined this channel.</span><br />
<span class="irc-date">[5:57]</span> <span class="irc-navy">* designfears (~df@cpe-184-57-163-79.cinci.res.rr.com) Quit (Read error: Connection reset by peer)</span><br />
<span class="irc-date">[5:58]</span> <span class="irc-green">* designfears (~df@cpe-184-57-163-79.cinci.res.rr.com) has joined this channel.</span><br />
<span class="irc-date">[6:01]</span> <span class="irc-navy">* kalpik (~kalpik@unaffiliated/kalpik) Quit (Ping timeout: 252 seconds)</span><br />
<span class="irc-date">[6:15]</span> <span class="irc-green">* kalpik (~kalpik@unaffiliated/kalpik) has joined this channel.</span><br />
<span class="irc-date">[6:59]</span> <span class="irc-black">&lt;uberushaximus&gt; where does the kernel go when you ./build.sh target kernel?</span><br />
<span class="irc-date">[7:01]</span> <span class="irc-black">&lt;uberushaximus&gt; is it just "kernel" in out?</span><br />
<span class="irc-date">[7:02]</span> <span class="irc-black">&lt;Unhelpful&gt; yes.</span><br />
<span class="irc-date">[7:13]</span> <span class="irc-black">&lt;uberushaximus&gt; and where are the modules? (is there anything else I need?)</span><br />
<span class="irc-date">[7:17]</span> <span class="irc-black">&lt;Kaik541&gt; look in the build script, it tells you where they move them</span><br />
<span class="irc-date">[7:18]</span> <span class="irc-black">&lt;Kaik541&gt; oh wait, not anymore</span><br />
<span class="irc-date">[7:18]</span> <span class="irc-black">&lt;uberushaximus&gt; ah I assumed they got moved there, but I just had a brain fart I guess... er</span><br />
<span class="irc-date">[7:18]</span> <span class="irc-black">&lt;Kaik541&gt; you need bcm4329.ko, cifs.ko, and tun.ko</span><br />
<span class="irc-date">[7:19]</span> <span class="irc-black">&lt;uberushaximus&gt; I see where they should be now</span><br />
<span class="irc-date">[7:19]</span> <span class="irc-black">&lt;uberushaximus&gt; drivers/net and fs/cifs</span><br />
<span class="irc-date">[7:20]</span> <span class="irc-black">&lt;uberushaximus&gt; except they're not there?</span><br />
<span class="irc-date">[7:21]</span> <span class="irc-navy">* kalpik (~kalpik@unaffiliated/kalpik) Quit (Ping timeout: 252 seconds)</span><br />
<span class="irc-date">[7:28]</span> <span class="irc-green">* Wout` (Wout@s559776f4.adsl.wanadoo.nl) has joined this channel.</span><br />
<span class="irc-date">[7:30]</span> <span class="irc-black">&lt;Kaik541&gt; that's very weird, don't know what to tell you =/</span><br />
<span class="irc-date">[7:34]</span> <span class="irc-navy">* knowsnotmuch (~ashwinds@115.242.149.158) Quit (Ping timeout: 250 seconds)</span><br />
<span class="irc-date">[7:34]</span> <span class="irc-black">&lt;Unhelpful&gt; they should be copied to the system directory :)</span><br />
<span class="irc-date">[7:34]</span> <span class="irc-black">&lt;Unhelpful&gt; erm, system/modules i think? or system/lib/modules?</span><br />
<span class="irc-date">[7:36]</span> <span class="irc-black">&lt;Unhelpful&gt; but they *should* also be in kernel_build as well, i only copy them to system, not move them...</span><br />
<span class="irc-date">[7:36]</span> <span class="irc-black">&lt;uberushaximus&gt; I'm trying again, since I cleaned it, I'm trying to build what I merged in from platypus kernel, it seems a little jerky though</span><br />
<span class="irc-date">[7:37]</span> <span class="irc-black">&lt;uberushaximus&gt; I'll probably just grab the voodoo bits and call it a day</span><br />
<span class="irc-date">[7:39]</span> <span class="irc-black">&lt;Wout`&gt; oi</span><br />
<span class="irc-date">[7:42]</span> <span class="irc-green">* kalpik (~kalpik@unaffiliated/kalpik) has joined this channel.</span><br />
<span class="irc-date">[7:43]</span> <span class="irc-green">* knowsnotmuch (~ashwinds@115.242.179.161) has joined this channel.</span><br />
<span class="irc-date">[7:45]</span> <span class="irc-black">&lt;uberushaximus&gt; ah they're there, 'find' rocks</span><br />
<span class="irc-date">[7:46]</span> <span class="irc-black">&lt;Kaik541&gt; btw, I think we're having the modules pushed to /system/modules</span><br />
<span class="irc-date">[7:46]</span> <span class="irc-black">&lt;Kaik541&gt; but shouldn't we be pushing it to /system/lib/moduels?</span><br />
<span class="irc-date">[7:46]</span> <span class="irc-black">&lt;Kaik541&gt; isn't that the standard?</span><br />
<span class="irc-date">[7:50]</span> <span class="irc-navy">* knowsnotmuch (~ashwinds@115.242.179.161) Quit (Quit: bfn)</span><br />
<span class="irc-date">[7:51]</span> <span class="irc-black">&lt;Unhelpful&gt; i just did what we were previously doing w/ the prebuilt modules. unless i screwed it up. :P</span><br />
<span class="irc-date">[7:56]</span> <span class="irc-black">&lt;Kaik541&gt; well I think we've always been pushing to /system/modules</span><br />
<span class="irc-date">[7:56]</span> <span class="irc-black">&lt;Kaik541&gt; but I think most apps and such look in /system/lib/modules</span><br />
<span class="irc-date">[7:56]</span> <span class="irc-black">&lt;Kaik541&gt; though I may be getting the two directories confused</span><br />
<span class="irc-date">[7:57]</span> <span class="irc-black">&lt;uberushaximus&gt; oh poo</span><br />
<span class="irc-date">[8:20]</span> <span class="irc-navy">* crypta (~KP@port-92829.pppoe.wtnet.de) Quit (Ping timeout: 240 seconds)</span><br />
<span class="irc-date">[8:38]</span> <span class="irc-green">* crypta (~KP@port-22089.pppoe.wtnet.de) has joined this channel.</span><br />
<span class="irc-date">[8:42]</span> <span class="irc-black">&lt;uberushaximus&gt; so why don't we copy ansi_cprng.ko and scsi_wait_scan.ko?</span><br />
<span class="irc-date">[8:46]</span> <span class="irc-green">* crypta1 (~KP@port-17395.pppoe.wtnet.de) has joined this channel.</span><br />
<span class="irc-date">[8:48]</span> <span class="irc-navy">* crypta (~KP@port-22089.pppoe.wtnet.de) Quit (Ping timeout: 246 seconds)</span><br />
<span class="irc-date">[8:57]</span> <span class="irc-black">&lt;Unhelpful&gt; because nothing is actually using them.</span><br />
<span class="irc-date">[8:57]</span> <span class="irc-black">&lt;Unhelpful&gt; we could probably remove them from config?</span><br />
<span class="irc-date">[9:16]</span> <span class="irc-navy">* mxracer_linux (~mxracer@adsl-1-144-236.clt.bellsouth.net) Quit (*.net *.split)</span><br />
<span class="irc-date">[9:23]</span> <span class="irc-green">* mxracer_linux (~mxracer@adsl-1-144-236.clt.bellsouth.net) has joined this channel.</span><br />
<span class="irc-date">[9:56]</span> <span class="irc-black">&lt;atinm|away&gt; unhelpful, they just used bad emails</span><br />
<span class="irc-date">[9:56]</span> <span class="irc-black">&lt;atinm|away&gt; they weren't real cyanogenmod emails. luckily at least some were real.</span><br />
<span class="irc-date">[9:57]</span> <span class="irc-green">* atinm|away is now known as atinm</span><br />
<span class="irc-date">[9:59]</span> <span class="irc-black">&lt;Kaik541&gt; did someone send some e-mails pretending to be CM members or something?</span><br />
<span class="irc-date">[10:06]</span> <span class="irc-black">&lt;Unhelpful&gt; oh, most of those aren't? why not have correct emails? :P</span><br />
<span class="irc-date">[10:07]</span> <span class="irc-black">&lt;atinm&gt; you do know who we're talking about :)</span><br />
<span class="irc-date">[10:07]</span> <span class="irc-black">&lt;atinm&gt; but all good, got to coolya. who forwarded</span><br />
<span class="irc-date">[10:07]</span> <span class="irc-green">* stickpin (~stickpin@84.94.109.203.cable.012.net.il) has joined this channel.</span><br />
<span class="irc-date">[10:43]</span> <span class="irc-black">&lt;Wout`&gt; new GB leak seems to be doing the rounds</span><br />
<span class="irc-date">[10:43]</span> <span class="irc-black">&lt;Wout`&gt; JVK</span><br />
<span class="irc-date">[10:43]</span> <span class="irc-black">&lt;Wout`&gt; build date march 20th 2.3.3</span><br />
<span class="irc-date">[10:44]</span> <span class="irc-black">&lt;Wout`&gt; could be final.......which would mean a codedrop in the near future</span><br />
<span class="irc-date">[10:44]</span> <span class="irc-black">&lt;Wout`&gt; <a href="http://forum.xda-developers.com/showpost.php?p=12400382&amp;postcount=35906">http://forum.xda-developers.com/showpost.php?p=12400382&amp;postcount=35906</a></span><br />
<span class="irc-date">[10:45]</span> <span class="irc-black">&lt;Wout`&gt; posted by someone on DocRambone's romkitchen theme, they dont seem like people who would screw around</span><br />
<span class="irc-date">[10:45]</span> <span class="irc-black">&lt;atinm&gt; source or it didn't happen.</span><br />
<span class="irc-date">[10:46]</span> <span class="irc-black">&lt;Wout`&gt; they're adding it to their romkitchen</span><br />
<span class="irc-date">[10:46]</span> <span class="irc-black">&lt;Wout`&gt; should be up soon</span><br />
<span class="irc-date">[10:46]</span> <span class="irc-black">&lt;Wout`&gt; <a href="http://dl.dropbox.com/u/17017945/Phone/JVK/Screens/build%20info.png">http://dl.dropbox.com/u/17017945/Phone/JVK/Screens/build%20info.png</a></span><br />
<span class="irc-date">[10:46]</span> <span class="irc-black">&lt;atinm&gt; source code or it didn't happen.</span><br />
<span class="irc-date">[10:46]</span> <span class="irc-black">&lt;Wout`&gt; really hope this is final</span><br />
<span class="irc-date">[10:47]</span> <span class="irc-black">&lt;Wout`&gt; <a href="http://pastebin.com/xg0kTQb3">http://pastebin.com/xg0kTQb3</a></span><br />
<span class="irc-date">[10:50]</span> <span class="irc-navy">* stickpin (~stickpin@84.94.109.203.cable.012.net.il) Quit (Ping timeout: 264 seconds)</span><br />
<span class="irc-date">[10:50]</span> <span class="irc-black">&lt;Wout`&gt; atinm: I know you guys just want the source, but still, this is promising</span><br />
<span class="irc-date">[10:50]</span> <span class="irc-black">&lt;Wout`&gt; means samsung is moving towards release</span><br />
<span class="irc-date">[10:51]</span> <span class="irc-black">&lt;atinm&gt; yes, thats the hope. release == source drop</span><br />
<span class="irc-date">[10:51]</span> <span class="irc-black">&lt;atinm&gt; since they only release source once they release</span><br />
<span class="irc-date">[10:52]</span> <span class="irc-black">&lt;atinm&gt; life would be so much easier with things like headset etc</span><br />
<span class="irc-date">[10:52]</span> <span class="irc-black">&lt;atinm&gt; sorry, I meant, fucking headset</span><br />
<span class="irc-date">[10:56]</span> <span class="irc-black">&lt;Wout`&gt; if I remember correctly, with 2.2.1 the source dropped pretty soon after JPX leaked</span><br />
<span class="irc-date">[10:56]</span> <span class="irc-black">&lt;Kaik541&gt; Wout`, samsung actually released froyo source for epic before froyo release</span><br />
<span class="irc-date">[10:56]</span> <span class="irc-black">&lt;Kaik541&gt; also JPX was official</span><br />
<span class="irc-date">[10:57]</span> <span class="irc-black">&lt;Wout`&gt; JVK could be official too, we dont know yet</span><br />
<span class="irc-date">[10:57]</span> <span class="irc-black">&lt;Wout`&gt; anyway, I've got a script checking <a href="http://opensource.samsung.com/reception/reception_main.do?method=reception_search&amp;searchValue=i9000">http://opensource.samsung.com/reception/reception_main.do?method=reception_search&amp;searchValue=i9000</a> for changes every 30 mins</span><br />
<span class="irc-date">[10:57]</span> <span class="irc-black">&lt;Wout`&gt; so when it drops, i'll know :P</span><br />
<span class="irc-date">[10:57]</span> <span class="irc-black">&lt;Kaik541&gt; yay</span><br />
<span class="irc-date">[10:57]</span> <span class="irc-navy">* kalpik (~kalpik@unaffiliated/kalpik) Quit (Quit: WeeChat 0.3.4)</span><br />
<span class="irc-date">[10:59]</span> <span class="irc-black">&lt;Wout`&gt; JPX was released through kies on dec 18th, code dropped on the 23rd</span><br />
<span class="irc-date">[10:59]</span> <span class="irc-black">&lt;Wout`&gt; thats within the week</span><br />
<span class="irc-date">[11:08]</span> <span class="irc-black">&lt;atinm&gt; it'll happen when it happens - at least the users who like samsung will go away</span><br />
<span class="irc-date">[11:09]</span> <span class="irc-black">&lt;atinm&gt; because those ROMs don't even need source. zipROMs.</span><br />
<span class="irc-date">[11:09]</span> <span class="irc-black">&lt;atinm&gt; I know all I care about is source, everything I need working works for me. somethings will be nice to have.</span><br />
<span class="irc-date">[11:10]</span> <span class="irc-black">&lt;atinm&gt; like working headset/bluetooth for all models</span><br />
<span class="irc-date">[11:12]</span> <span class="irc-black">&lt;Wout`&gt; right, CM7 is certainly good enough for daily use</span><br />
<span class="irc-date">[11:12]</span> <span class="irc-black">&lt;Wout`&gt; but some thing, like working sensors, working camera, working headset</span><br />
<span class="irc-date">[11:12]</span> <span class="irc-black">&lt;Wout`&gt; are the cherry on the cake</span><br />
<span class="irc-date">[11:22]</span> <span class="irc-black">&lt;Kaik541&gt; cherry on the cake, interesting, I've always heard it as icing o.O</span><br />
<span class="irc-date">[11:23]</span> <span class="irc-green">* kalpik (~kalpik@unaffiliated/kalpik) has joined this channel.</span><br />
<span class="irc-date">[11:25]</span> <span class="irc-black">&lt;Kaik541&gt; I also don't like when someone finds a new ROM or contact, and just hoards it</span><br />
<span class="irc-date">[11:25]</span> <span class="irc-black">&lt;Kaik541&gt; what's the point in finding JVK if he only ever posts it in his kitch -_-</span><br />
<span class="irc-date">[11:25]</span> <span class="irc-black">&lt;Kaik541&gt; kitchen*</span><br />
<span class="irc-date">[11:26]</span> <span class="irc-black">&lt;Unhelpful&gt; the cherry goes on top of the ice cream sundae. ;P</span><br />
<span class="irc-date">[11:26]</span> <span class="irc-black">&lt;Unhelpful&gt; cakes get icing.</span><br />
<span class="irc-date">[11:26]</span> <span class="irc-black">&lt;Kaik541&gt; I would know, I'm a cake</span><br />
<span class="irc-date">[11:35]</span> <span class="irc-black">&lt;kalpik&gt; Kaik541: tricky says his contact forbade him from uploading the stock ROM.. He can modify and upload it! That's what they're doing!</span><br />
<span class="irc-date">[11:35]</span> <span class="irc-black">&lt;Kaik541&gt; I don't get why they'd be ok with leaking it modified... just strip it of anything identifying and release it as "stock" as possible</span><br />
<span class="irc-date">[11:36]</span> <span class="irc-black">&lt;Kaik541&gt; I get that they want to protect their contact, makes sense... but they can still strip the ROM...</span><br />
<span class="irc-date">[11:36]</span> <span class="irc-black">&lt;kalpik&gt; that's what romkitchen does</span><br />
<span class="irc-date">[11:36]</span> <span class="irc-black">&lt;kalpik&gt; stock rom, just deodexed</span><br />
<span class="irc-date">[11:36]</span> <span class="irc-black">&lt;Kaik541&gt; but they add their own stuff in too, or is it all optional?</span><br />
<span class="irc-date">[11:37]</span> <span class="irc-black">&lt;Wout`&gt; optional</span><br />
<span class="irc-date">[11:37]</span> <span class="irc-black">&lt;Kaik541&gt; ah, never used it</span><br />
<span class="irc-date">[11:37]</span> <span class="irc-black">&lt;kalpik&gt; all optional</span><br />
<span class="irc-date">[11:37]</span> <span class="irc-black">&lt;kalpik&gt; YOU select what you want!</span><br />
<span class="irc-date">[11:37]</span> <span class="irc-black">&lt;Wout`&gt; you can build  stock rom using the kitchen</span><br />
<span class="irc-date">[11:37]</span> <span class="irc-black">&lt;kalpik&gt; that's the beauty of the kitchen :)</span><br />
<span class="irc-date">[11:37]</span> <span class="irc-black">&lt;Wout`&gt; its actually quite a nice concept</span><br />
<span class="irc-date">[11:37]</span> <span class="irc-black">&lt;Kaik541&gt; oh sounds neat</span><br />
<span class="irc-date">[11:38]</span> <span class="irc-black">&lt;kalpik&gt; it is ;)</span><br />
<span class="irc-date">[11:38]</span> <span class="irc-black">&lt;kalpik&gt; waiting for it to hit the kitchen :)</span><br />
<span class="irc-date">[11:39]</span> <span class="irc-black">&lt;atinm&gt; well, that would be nice then. if it works, it would mean they're close to a release</span><br />
<span class="irc-date">[11:39]</span> <span class="irc-black">&lt;atinm&gt; all I care about is source...</span><br />
<span class="irc-date">[11:39]</span> <span class="irc-black">&lt;atinm&gt; it would be great to have some of the pieces we're missing</span><br />
<span class="irc-date">[11:40]</span> <span class="irc-brick">* Unhelpful hopes the yas529 driver from their gb source will play nice w/ their calibration daemon for it.</span><br />
<span class="irc-date">[11:40]</span> <span class="irc-black">&lt;Unhelpful&gt; or that the guy "assigned to assist CM development" for the galaxy S line will give us real help w/ getting things working.</span><br />
<span class="irc-date">[11:41]</span> <span class="irc-black">&lt;atinm&gt; did you write to him?</span><br />
<span class="irc-date">[11:42]</span> <span class="irc-black">&lt;atinm&gt; and I'm not sure this was meant to be public :)</span><br />
<span class="irc-date">[11:42]</span> <span class="irc-navy">* kalpik (~kalpik@unaffiliated/kalpik) Quit (Disconnected by services)</span><br />
<span class="irc-date">[11:42]</span> <span class="irc-green">* kalpik_ (~kalpik@unaffiliated/kalpik) has joined this channel.</span><br />
<span class="irc-date">[11:43]</span> <span class="irc-black">&lt;Wout`&gt; ah, was that what coolya|away's tweet was about? :P</span><br />
<span class="irc-date">[11:43]</span> <span class="irc-black">&lt;atinm&gt; yeah - they are interested in helping CM7 development.</span><br />
<span class="irc-date">[11:44]</span> <span class="irc-black">&lt;Wout`&gt; whoa!</span><br />
<span class="irc-date">[11:44]</span> <span class="irc-black">&lt;atinm&gt; but this is preliminary - nothing could happen.</span><br />
<span class="irc-date">[11:44]</span> <span class="irc-black">&lt;Wout`&gt; that's.......weird</span><br />
<span class="irc-date">[11:44]</span> <span class="irc-black">&lt;Wout`&gt; :P</span><br />
<span class="irc-date">[11:44]</span> <span class="irc-black">&lt;atinm&gt; so ignore it for now until something does happen.</span><br />
<span class="irc-date">[11:46]</span> <span class="irc-black">&lt;Wout`&gt; have they explained why?</span><br />
<span class="irc-date">[11:46]</span> <span class="irc-black">&lt;Unhelpful&gt; Wout`: right now they have not actually committed anything to this, and we don't know if they will.</span><br />
<span class="irc-date">[11:46]</span> <span class="irc-black">&lt;Wout`&gt; ok</span><br />
<span class="irc-date">[11:47]</span> <span class="irc-black">&lt;Wout`&gt; still, promising</span><br />
<span class="irc-date">[11:48]</span> <span class="irc-black">&lt;atinm&gt; I think this is just under their open source compliance -- which usually means "do only as much as required"</span><br />
<span class="irc-date">[11:48]</span> <span class="irc-black">&lt;atinm&gt; which they already do - so we'll see.</span><br />
<span class="irc-date">[11:48]</span> <span class="irc-brick">* Wout` crosses his fingers</span><br />
<span class="irc-date">[11:51]</span> <span class="irc-black">&lt;Kaik541&gt; yeah, hope, but don't expect</span><br />
<span class="irc-date">[11:51]</span> <span class="irc-black">&lt;Kaik541&gt; that's where I'm sitting</span><br />
<span class="irc-date">[11:55]</span> <span class="irc-black">&lt;atinm&gt; xda msg: "I love what you did with captivate CM7. Quick question. Since all CM7 versions are "beta", why aren't the galaxy S CM7 versions considered "official" or "supported" by CM7?"</span><br />
<span class="irc-date">[11:55]</span> <span class="irc-black">&lt;atinm&gt; QuarkGluonSoup.</span><br />
<span class="irc-date">[11:56]</span> <span class="irc-black">&lt;atinm&gt; I thought this was answered on the fucking thread.</span><br />
<span class="irc-date">[11:56]</span> <span class="irc-black">&lt;atinm&gt; I got rude :)</span><br />
<span class="irc-date">[11:56]</span> <span class="irc-black">&lt;Unhelpful&gt; because they're not built straight from pure, pristine CM sources?</span><br />
<span class="irc-date">[11:57]</span> <span class="irc-black">&lt;atinm&gt; yeah - we've answered this guy many times . . .</span><br />
<span class="irc-date">[11:58]</span> <span class="irc-black">&lt;atinm&gt; he just keeps coming back for more.</span><br />
<span class="irc-date">[11:58]</span> <span class="irc-black">&lt;atinm&gt; I mean - something makes me think he might be slightly . . . what's the pc term . . .</span><br />
<span class="irc-date">[11:58]</span> <span class="irc-black">&lt;atinm&gt; slow.</span><br />
<span class="irc-date">[11:58]</span> <span class="irc-black">&lt;atinm&gt; yeah, slow.</span><br />
<span class="irc-date">[11:59]</span> <span class="irc-black">&lt;atinm&gt; OSX - it just works my ass.</span><br />
<span class="irc-date">[11:59]</span> <span class="irc-green">* Wout` is now known as Wout|afk</span><br />
<span class="irc-date">[11:59]</span> <span class="irc-black">&lt;atinm&gt; wants me to reboot.</span><br />
<span class="irc-date">[11:59]</span> <span class="irc-black">&lt;atinm&gt; hey, kaik</span><br />
<span class="irc-date">[11:59]</span> <span class="irc-black">&lt;atinm&gt; what kang kernel?</span><br />
<span class="irc-date">[12:00]</span> <span class="irc-black">&lt;atinm&gt; i9000?</span><br />
<span class="irc-date">[12:00]</span> <span class="irc-black">&lt;atinm&gt; guess he's been putting up kernels using the changes we haven't actually merged yet for battery and headset plus whatever other cruft like voodoo etc they all have</span><br />
<span class="irc-date">[12:01]</span> <span class="irc-black">&lt;atinm&gt; kid's up</span><br />
<span class="irc-date">[12:01]</span> <span class="irc-black">&lt;Unhelpful&gt; they see me trollllin' :P &lt;- for those who missed my trackpad moving this to #Cyanogenmod</span><br />
<span class="irc-date">[12:01]</span> <span class="irc-black">&lt;atinm&gt; have to go.</span><br />
<span class="irc-date">[12:01]</span> <span class="irc-black">&lt;Unhelpful&gt; stupid trackpad</span><br />
<span class="irc-date">[12:02]</span> <span class="irc-black">&lt;atinm&gt; holy crap, that thread has almost 400 ppls</span><br />
<span class="irc-date">[12:03]</span> <span class="irc-black">&lt;atinm&gt; no way I'm going in there.</span><br />
<span class="irc-date">[12:03]</span> <span class="irc-black">&lt;atinm&gt; staying in there.</span><br />
<span class="irc-date">[12:03]</span> <span class="irc-green">* coolya|away is now known as coolya</span><br />
<span class="irc-date">[12:03]</span> <span class="irc-black">&lt;atinm&gt; whats the dev channel?</span><br />
<span class="irc-date">[12:03]</span> <span class="irc-black">&lt;atinm&gt; or is that as bad?</span><br />
<span class="irc-date">[12:04]</span> <span class="irc-black">&lt;atinm&gt; coolya, last try on vibrant uploaded but test galaxys as well</span><br />
<span class="irc-date">[12:04]</span> <span class="irc-black">&lt;atinm&gt; committed I mean</span><br />
<span class="irc-date">[12:04]</span> <span class="irc-black">&lt;atinm&gt; after that I give up.</span><br />
<span class="irc-date">[12:04]</span> <span class="irc-black">&lt;coolya&gt; k i will try i in a bit</span><br />
<span class="irc-date">[12:04]</span> <span class="irc-black">&lt;atinm&gt; I asked xcaliburinhand to look it over as well</span><br />
<span class="irc-date">[12:04]</span> <span class="irc-black">&lt;atinm&gt; since he does those ports everytime</span><br />
<span class="irc-date">[12:05]</span> <span class="irc-black">&lt;atinm&gt; I'm thinking if this works, I'll merge to head since it is at least better than what it was.</span><br />
<span class="irc-date">[12:05]</span> <span class="irc-black">&lt;coolya&gt; i saw the mail but did read it so far</span><br />
<span class="irc-date">[12:05]</span> <span class="irc-black">&lt;atinm&gt; k, its just details - I think I have it, but we'll see.</span><br />
<span class="irc-date">[12:05]</span> <span class="irc-black">&lt;atinm&gt; I have to go for a bit</span><br />
<span class="irc-date">[12:06]</span> <span class="irc-black">&lt;atinm&gt; but even if galaxys works now while vibrant is still screwed, I'm going to merge so at least galaxys works.</span><br />
<span class="irc-date">[12:06]</span> <span class="irc-green">* atinm is now known as atinm|away</span><br />
<span class="irc-date">[12:06]</span> <span class="irc-black">&lt;atinm|away&gt; have to go now</span><br />
<span class="irc-date">[12:09]</span> <span class="irc-black">&lt;atinm|away&gt; hey, I can just brunch captivate then brunch vibrant and brunch galaxys without messing each other up, right?</span><br />
<span class="irc-date">[12:09]</span> <span class="irc-black">&lt;Unhelpful&gt; atinm|away: untested by me but should work.</span><br />
<span class="irc-date">[12:10]</span> <span class="irc-black">&lt;Kaik541&gt; atinm|away, kang's kernels are basically + tweaks (BLN, voodoo, etc)</span><br />
<span class="irc-date">[12:10]</span> <span class="irc-black">&lt;Kaik541&gt; I think he added OC/UV recently</span><br />
<span class="irc-date">[12:11]</span> <span class="irc-black">&lt;atinm|away&gt; Unhelpful: mostly concerned about the kernel_build</span><br />
<span class="irc-date">[12:12]</span> <span class="irc-black">&lt;coolya&gt; atinm|away: works fine</span><br />
<span class="irc-date">[12:12]</span> <span class="irc-black">&lt;atinm|away&gt; since I want to make sure they all compile :)</span><br />
<span class="irc-date">[12:12]</span> <span class="irc-black">&lt;coolya&gt; crunch all the devices</span><br />
<span class="irc-date">[12:12]</span> <span class="irc-black">&lt;atinm|away&gt; ok</span><br />
<span class="irc-date">[12:12]</span> <span class="irc-green">* neldar (~neldar@dsl-217-166-117.pool.bitel.net) has joined this channel.</span><br />
<span class="irc-date">[12:12]</span> <span class="irc-black">&lt;- *neldar* Bot Sentry eingeschalten:  Sie werden jetzt ignoriert!  Ihre Nachricht wird übermittelt wenn sie die folgenden Fragen innerhalb von 10 Minuten richtig beantworten:  How do you spell the result of ten div_ided by 2?</span><br />
<span class="irc-date">[12:12]</span> <span class="irc-black">&lt;Unhelpful&gt; is there any barrier to merge for BLN? i'd like to get it in...</span><br />
<span class="irc-date">[12:13]</span> <span class="irc-black">&lt;Unhelpful&gt; atinm|away: that is *precisely* why i used $PRODUCT_OUT/kernel_build ;)</span><br />
<span class="irc-date">[12:13]</span> <span class="irc-black">&lt;Kaik541&gt; won't be accepted upstream afaik (haven't heard an explanation as to why not though)</span><br />
<span class="irc-date">[12:13]</span> <span class="irc-black">&lt;atinm|away&gt; Unhelpful: that's what I thought :)</span><br />
<span class="irc-date">[12:13]</span> <span class="irc-black">&lt;Kaik541&gt; I think because it adds a sysfs interface</span><br />
<span class="irc-date">[12:13]</span> <span class="irc-black">&lt;Kaik541&gt; though kang's method actually does a different method and just treats them as an LED emulator</span><br />
<span class="irc-date">[12:13]</span> <span class="irc-black">&lt;Unhelpful&gt; Kaik541: what *would* be an appropriate method? :P</span><br />
<span class="irc-date">[12:13]</span> <span class="irc-black">&lt;Kaik541&gt; though I have no idea how it works :D</span><br />
<span class="irc-date">[12:14]</span> <span class="irc-black">&lt;atinm|away&gt; we are trying to be consistent with the whole sysfs thing - but some things should be fine.</span><br />
<span class="irc-date">[12:14]</span> <span class="irc-black">&lt;atinm|away&gt; kang was asking stuff about it yesterday, but I didn't know enough about what he wanted</span><br />
<span class="irc-date">[12:14]</span> <span class="irc-black">&lt;atinm|away&gt; I'm mostly not for sysfs when there are better ways - like voodoo ...</span><br />
<span class="irc-date">[12:15]</span> <span class="irc-black">&lt;Unhelpful&gt; atinm|away: are we supposed to make it an LED device? afaik those are sysfs too, but have a specified control file layout.</span><br />
<span class="irc-date">[12:15]</span> <span class="irc-black">&lt;atinm|away&gt; but here its simple. I'd say merge it. tho talk with kang, maybe he has a better way.</span><br />
<span class="irc-date">[12:15]</span> <span class="irc-black">&lt;atinm|away&gt; he was trying to treat it like an LED</span><br />
<span class="irc-date">[12:16]</span> <span class="irc-black">&lt;atinm|away&gt; but ran into some issue that I didn't pay attention to at the time (was in headset hell)</span><br />
<span class="irc-date">[12:16]</span> <span class="irc-black">&lt;Unhelpful&gt; everybody should use O= when building kernels for any reason anyway</span><br />
<span class="irc-date">[12:16]</span> <span class="irc-black">&lt;atinm|away&gt; but yes, it was LED</span><br />
<span class="irc-date">[12:17]</span> <span class="irc-black">&lt;atinm|away&gt; Unhelpful: as long as brunch does it :) I was just doing brunch for all of them</span><br />
<span class="irc-date">[12:17]</span> <span class="irc-black">&lt;atinm|away&gt; ok, have to go - family is awake.</span><br />
<span class="irc-date">[12:18]</span> <span class="irc-black">&lt;Unhelpful&gt; making me hungry. :/</span><br />
<span class="irc-date">[12:18]</span> <span class="irc-black">&lt;Unhelpful&gt; and bedtime here :)</span><br />
<span class="irc-date">[12:23]</span> <span class="irc-navy">* designfears (~df@cpe-184-57-163-79.cinci.res.rr.com) Quit (Ping timeout: 246 seconds)</span><br />
<span class="irc-date">[12:40]</span> <span class="irc-black">&lt;Wout|afk&gt; bln in cm would be pretty awesome, especially as kang's version doesnt need the app to function.</span><br />
<span class="irc-date">[12:57]</span> <span class="irc-black">&lt;Kaik541&gt; well technically, it never *needed* the app</span><br />
<span class="irc-date">[12:58]</span> <span class="irc-black">&lt;Kaik541&gt; the app was just a way to control it's behavior</span><br />
