<span class="irc-date">[0:01]</span> <span class="irc-black">&lt;rhcp&gt; atinm: send you apm</span><br />
<span class="irc-date">[0:01]</span> <span class="irc-black">&lt;rhcp&gt; about the pc</span><br />
<span class="irc-date">[0:01]</span> <span class="irc-black">&lt;ytt3r&gt; any major breakthroughs while I was jamming?</span><br />
<span class="irc-date">[0:02]</span> <span class="irc-black">&lt;Kaik541&gt; ytt3r, I fixed everything but they asked me to release source so I got mad</span><br />
<span class="irc-date">[0:02]</span> <span class="irc-black">&lt;Kaik541&gt; because it wasn't any fun</span><br />
<span class="irc-date">[0:02]</span> <span class="irc-black">&lt;Kaik541&gt; so I deleted everything CM off my hard drive</span><br />
<span class="irc-date">[0:02]</span> <span class="irc-black">&lt;coolya&gt; lol</span><br />
<span class="irc-date">[0:02]</span> <span class="irc-black">&lt;coolya&gt; where is the download link? oh forgot you deleted the files :-P</span><br />
<span class="irc-date">[0:03]</span> <span class="irc-black">&lt;Kaik541&gt; NO DIFFPATCH FOR YOU</span><br />
<span class="irc-date">[0:03]</span> <span class="irc-black">&lt;ytt3r&gt; lol</span><br />
<span class="irc-date">[0:03]</span> <span class="irc-black">&lt;ytt3r&gt; I hate GPLv2</span><br />
<span class="irc-date">[0:03]</span> <span class="irc-black">&lt;ytt3r&gt; :P</span><br />
<span class="irc-date">[0:03]</span> <span class="irc-black">&lt;stickpin&gt; yeah 2.3.3 much better... :p</span><br />
<span class="irc-date">[0:03]</span> <span class="irc-black">&lt;ytt3r&gt; whattittywhatwhat</span><br />
<span class="irc-date">[0:04]</span> <span class="irc-black">&lt;rhcp&gt; 2.3.4 i hear is nice</span><br />
<span class="irc-date">[0:04]</span> <span class="irc-black">&lt;rhcp&gt; but why hate gpl? you dont NEED to give</span><br />
<span class="irc-date">[0:04]</span> <span class="irc-black">&lt;stickpin&gt; yeah... you can just DELETE</span><br />
<span class="irc-date">[0:04]</span> <span class="irc-black">&lt;ytt3r&gt; actually you have 90 days to comply with the GPL lisence</span><br />
<span class="irc-date">[0:04]</span> <span class="irc-black">&lt;stickpin&gt; :))</span><br />
<span class="irc-date">[0:04]</span> <span class="irc-black">&lt;rhcp&gt; no i mean</span><br />
<span class="irc-date">[0:04]</span> <span class="irc-black">&lt;rhcp&gt; what can anyone do</span><br />
<span class="irc-date">[0:04]</span> <span class="irc-black">&lt;rhcp&gt; if you just say no</span><br />
<span class="irc-date">[0:05]</span> <span class="irc-black">&lt;rhcp&gt; Looks at samsung/htc sec</span><br />
<span class="irc-date">[0:05]</span> <span class="irc-black">&lt;rhcp&gt; sec</span><br />
<span class="irc-date">[0:05]</span> <span class="irc-black">&lt;rhcp&gt; err</span><br />
<span class="irc-date">[0:05]</span> <span class="irc-black">&lt;rhcp&gt; etc</span><br />
<span class="irc-date">[0:05]</span> <span class="irc-black">&lt;ytt3r&gt; what about them</span><br />
<span class="irc-date">[0:05]</span> <span class="irc-black">&lt;ytt3r&gt; they all give source</span><br />
<span class="irc-date">[0:05]</span> <span class="irc-black">&lt;rhcp&gt; they dont release changes under gpl</span><br />
<span class="irc-date">[0:05]</span> <span class="irc-black">&lt;rhcp&gt; no one does</span><br />
<span class="irc-date">[0:06]</span> <span class="irc-black">&lt;ytt3r&gt; changes? what you say?</span><br />
<span class="irc-date">[0:06]</span> <span class="irc-black">&lt;Kaik541&gt; it's more the principle of the matter</span><br />
<span class="irc-date">[0:06]</span> <span class="irc-black">&lt;rhcp&gt; example.</span><br />
<span class="irc-date">[0:06]</span> <span class="irc-black">&lt;Kaik541&gt; it's a dick move not to</span><br />
<span class="irc-date">[0:06]</span> <span class="irc-black">&lt;rhcp&gt; they make a change to the kenrel. have an OTA</span><br />
<span class="irc-date">[0:06]</span> <span class="irc-black">&lt;rhcp&gt; no release to what was fixed</span><br />
<span class="irc-date">[0:06]</span> <span class="irc-black">&lt;rhcp&gt; they say 'we fixed gps'</span><br />
<span class="irc-date">[0:06]</span> <span class="irc-black">&lt;Kaik541&gt; htc is actually pretty good about updating source for that stuff</span><br />
<span class="irc-date">[0:06]</span> <span class="irc-black">&lt;ytt3r&gt; oh i see like jf6 to jh7 or soemthinge</span><br />
<span class="irc-date">[0:06]</span> <span class="irc-black">&lt;rhcp&gt; you wont see what they did. till a major update</span><br />
<span class="irc-date">[0:06]</span> <span class="irc-black">&lt;Kaik541&gt; not always, but most of the time</span><br />
<span class="irc-date">[0:07]</span> <span class="irc-black">&lt;rhcp&gt; ytt3r: yes</span><br />
<span class="irc-date">[0:07]</span> <span class="irc-black">&lt;rhcp&gt; and its not a dick move</span><br />
<span class="irc-date">[0:07]</span> <span class="irc-black">&lt;rhcp&gt; its practical</span><br />
<span class="irc-date">[0:07]</span> <span class="irc-black">&lt;Kaik541&gt; from a company standpoint yes</span><br />
<span class="irc-date">[0:07]</span> <span class="irc-black">&lt;rhcp&gt; from any standpoint</span><br />
<span class="irc-date">[0:07]</span> <span class="irc-black">&lt;Kaik541&gt; for enthusiast developers in the community, dick move</span><br />
<span class="irc-date">[0:07]</span> <span class="irc-black">&lt;rhcp&gt; its a waste of time</span><br />
<span class="irc-date">[0:07]</span> <span class="irc-black">&lt;rhcp&gt; you dont get it. they dont want you to have ths rc</span><br />
<span class="irc-date">[0:07]</span> <span class="irc-black">&lt;rhcp&gt; src</span><br />
<span class="irc-date">[0:07]</span> <span class="irc-black">&lt;techmik67&gt; its practical to abuse something that someone else made available to you?</span><br />
<span class="irc-date">[0:07]</span> <span class="irc-black">&lt;rhcp&gt; they can say. oh its gpl</span><br />
<span class="irc-date">[0:07]</span> <span class="irc-black">&lt;rhcp&gt; go fight it</span><br />
<span class="irc-date">[0:07]</span> <span class="irc-black">&lt;rhcp&gt; have fun</span><br />
<span class="irc-date">[0:08]</span> <span class="irc-black">&lt;techmik67&gt; ummm, thats why there are lawyers</span><br />
<span class="irc-date">[0:08]</span> <span class="irc-black">&lt;rhcp&gt; its just a way to make a dev. happy by saying 'oh we are gpl'</span><br />
<span class="irc-date">[0:08]</span> <span class="irc-black">&lt;rhcp&gt; Yea, it will cost more to sue</span><br />
<span class="irc-date">[0:08]</span> <span class="irc-black">&lt;rhcp&gt; and you will prob lose</span><br />
<span class="irc-date">[0:08]</span> <span class="irc-black">&lt;rhcp&gt; then you'd get</span><br />
<span class="irc-date">[0:08]</span> <span class="irc-black">&lt;rhcp&gt; hence useless</span><br />
<span class="irc-date">[0:09]</span> <span class="irc-black">&lt;Kaik541&gt; rhcp, most companies, under threat of suit, will release because it's just not worth their time because they know they'd lose</span><br />
<span class="irc-date">[0:09]</span> <span class="irc-black">&lt;coolya&gt; look at linksys and WRT ... it worked ...</span><br />
<span class="irc-date">[0:09]</span> <span class="irc-black">&lt;Kaik541&gt; there is legitimately no way they'd win, even if it costs the other side a ton of money</span><br />
<span class="irc-date">[0:09]</span> <span class="irc-black">&lt;rhcp&gt; they also know. no one will sue</span><br />
<span class="irc-date">[0:09]</span> <span class="irc-black">&lt;rhcp&gt; go try</span><br />
<span class="irc-date">[0:10]</span> <span class="irc-black">&lt;rhcp&gt; pay a lawyer for a GPL release letter. send to major company</span><br />
<span class="irc-date">[0:10]</span> <span class="irc-black">&lt;rhcp&gt; you will get a formal fuck off</span><br />
<span class="irc-date">[0:10]</span> <span class="irc-black">&lt;rhcp&gt; letter back</span><br />
<span class="irc-date">[0:13]</span> <span class="irc-brick">* Unhelpful wonders what exactly rhcp contributes...</span><br />
<span class="irc-date">[0:13]</span> <span class="irc-black">&lt;rhcp&gt; I dont release stuff with my name oni t.</span><br />
<span class="irc-date">[0:13]</span> <span class="irc-black">&lt;rhcp&gt; dont want blah blah</span><br />
<span class="irc-date">[0:14]</span> <span class="irc-black">&lt;Unhelpful&gt; i meant to the discussion.</span><br />
<span class="irc-date">[0:14]</span> <span class="irc-black">&lt;techmik67&gt; so dont..... but dont try to bullshit everyone into believing that it is NOT violating GPL</span><br />
<span class="irc-date">[0:15]</span> <span class="irc-black">&lt;rhcp&gt; Im just saying. whos Bs'ing</span><br />
<span class="irc-date">[0:15]</span> <span class="irc-black">&lt;rhcp&gt; im just saying NO one cares</span><br />
<span class="irc-date">[0:15]</span> <span class="irc-black">&lt;rhcp&gt; period</span><br />
<span class="irc-date">[0:15]</span> <span class="irc-black">&lt;rhcp&gt; at a legal stand point</span><br />
<span class="irc-date">[0:15]</span> <span class="irc-black">&lt;techmik67&gt; right</span><br />
<span class="irc-date">[0:15]</span> <span class="irc-black">&lt;techmik67&gt; lawyers dont care</span><br />
<span class="irc-date">[0:15]</span> <span class="irc-black">&lt;rhcp&gt; no one does</span><br />
<span class="irc-date">[0:15]</span> <span class="irc-black">&lt;rhcp&gt; except jus</span><br />
<span class="irc-date">[0:15]</span> <span class="irc-black">&lt;rhcp&gt; us</span><br />
<span class="irc-date">[0:16]</span> <span class="irc-black">&lt;rhcp&gt; lawyer will laugh at hyou prob if you go for a gpl case.</span><br />
<span class="irc-date">[0:16]</span> <span class="irc-black">&lt;rhcp&gt; prob run a credit check</span><br />
<span class="irc-date">[0:16]</span> <span class="irc-black">&lt;rhcp&gt; anyhoot time to have some fun with G</span><br />
<span class="irc-date">[0:16]</span> <span class="irc-black">&lt;rhcp&gt; 2</span><br />
<span class="irc-date">[0:21]</span> <span class="irc-black">&lt;Kaik541&gt; Unhelpful, interesting, when I tried to do "brunch captivate" the build didn't work with your method (same errors as others reported) but ./build.sh captivate otapackage builds just fine</span><br />
<span class="irc-date">[0:22]</span> <span class="irc-green">* coolya is now known as coolya|away</span><br />
<span class="irc-date">[0:31]</span> <span class="irc-green">* coolya|away is now known as coolya</span><br />
<span class="irc-date">[0:32]</span> <span class="irc-black">&lt;coolya&gt; wifi is freaking me out ...</span><br />
<span class="irc-date">[0:32]</span> <span class="irc-black">&lt;coolya&gt; someone deletes our memory :-/</span><br />
<span class="irc-date">[0:34]</span> <span class="irc-black">&lt;atinm&gt; rhcp: actually, if a company is violating GPL, they try to correct it if it is brought to their attention. and then they try not to use GPL code.</span><br />
<span class="irc-date">[0:34]</span> <span class="irc-black">&lt;Kaik541&gt; even MS got caught using GPL code</span><br />
<span class="irc-date">[0:34]</span> <span class="irc-black">&lt;atinm&gt; no company wants to be in a position where they're accused of stealing.</span><br />
<span class="irc-date">[0:34]</span> <span class="irc-black">&lt;Kaik541&gt; with that DVD/USB download tool for windows 7</span><br />
<span class="irc-date">[0:34]</span> <span class="irc-black">&lt;Kaik541&gt; so they pulled the app and released sources for the GPL components</span><br />
<span class="irc-date">[0:43]</span> <span class="irc-black">&lt;Unhelpful&gt; nvidia and ati have binary kernel drivers and release source for exactly as much as they have to. there are lots of companies that comply.</span><br />
<span class="irc-date">[0:44]</span> <span class="irc-black">&lt;Unhelpful&gt; also i don't know where you got that 90-day business.</span><br />
<span class="irc-date">[0:44]</span> <span class="irc-black">&lt;atinm&gt; right - but the release what they have to - the have to part coming due to GPL</span><br />
<span class="irc-date">[0:44]</span> <span class="irc-black">&lt;atinm&gt; they don't just go violate it like rhcp thinks.</span><br />
<span class="irc-date">[0:44]</span> <span class="irc-brick">* Unhelpful needs to google "making pince-nez from broken glasses" tonight. :(</span><br />
<span class="irc-date">[0:45]</span> <span class="irc-black">&lt;atinm&gt; lasix</span><br />
<span class="irc-date">[0:45]</span> <span class="irc-black">&lt;atinm&gt; or whatever the latest version is</span><br />
<span class="irc-date">[0:45]</span> <span class="irc-black">&lt;atinm&gt; got it 12 years ago - haven't had to wear glasses since.</span><br />
<span class="irc-date">[0:46]</span> <span class="irc-black">&lt;Unhelpful&gt; atinm: yeah-pretty-sure-insurance-won't-do-it. :/</span><br />
<span class="irc-date">[0:46]</span> <span class="irc-black">&lt;atinm&gt; oh yeah - I was willing to pay for it because glasses sucked.</span><br />
<span class="irc-date">[0:46]</span> <span class="irc-black">&lt;atinm&gt; couldn't swim or anything</span><br />
<span class="irc-date">[0:46]</span> <span class="irc-black">&lt;atinm&gt; (at the time i was a swimmer)</span><br />
<span class="irc-date">[0:47]</span> <span class="irc-black">&lt;atinm&gt; (can't much anymore - the transplant screwed with my abdominal muscles . . . well, cut them really and that doesn't heal back to where it was)</span><br />
<span class="irc-date">[0:50]</span> <span class="irc-black">&lt;atinm&gt; lol!</span><br />
<span class="irc-date">[0:50]</span> <span class="irc-black">&lt;atinm&gt; only valid measurement of code quality: <a href="http://img854.imageshack.us/i/code.jpg/">http://img854.imageshack.us/i/code.jpg/</a></span><br />
<span class="irc-date">[0:53]</span> <span class="irc-green">* coolya is now known as coolya|away</span><br />
<span class="irc-date">[1:00]</span> <span class="irc-black">&lt;stickpin&gt; ok... latest repo is fine... just flashed ota...</span><br />
<span class="irc-date">[1:00]</span> <span class="irc-black">&lt;stickpin&gt; time to sleep now... 3am here.. :)</span><br />
<span class="irc-date">[1:00]</span> <span class="irc-black">&lt;stickpin&gt; need to wake up in 4 hours... :)</span><br />
<span class="irc-date">[1:00]</span> <span class="irc-black">&lt;stickpin&gt; gnite all... see you in few hours... :)</span><br />
<span class="irc-date">[1:01]</span> <span class="irc-black">&lt;techmik67&gt; nite</span><br />
<span class="irc-date">[1:05]</span> <span class="irc-navy">* stickpin (~stickpin@84.94.109.203.cable.012.net.il) Quit (Ping timeout: 264 seconds)</span><br />
<span class="irc-date">[1:09]</span> <span class="irc-black">&lt;Kaik541&gt; woo questions seem to be dying down on the CM7 thread</span><br />
<span class="irc-date">[1:10]</span> <span class="irc-black">&lt;Kaik541&gt; don't have to refresh every two minutes to answer new questions</span><br />
<span class="irc-date">[1:10]</span> <span class="irc-black">&lt;Kaik541&gt; "new" = repeated</span><br />
<span class="irc-date">[1:17]</span> <span class="irc-black">&lt;Unhelpful&gt; Kaik541: i don't use brunch. ;)</span><br />
<span class="irc-date">[1:18]</span> <span class="irc-black">&lt;Kaik541&gt; Unhelpful, figured as much, just interesting since I don't know why it wouldn't work when the ./build.sh script (which uses lunch) works fine</span><br />
<span class="irc-date">[1:23]</span> <span class="irc-black">&lt;Unhelpful&gt; the make target, somehow? brunch builds "bacon"</span><br />
<span class="irc-date">[1:24]</span> <span class="irc-black">&lt;Unhelpful&gt; so, code to construct quaternion representations of pitch and roll is working. :)</span><br />
<span class="irc-date">[1:29]</span> <span class="irc-black">&lt;techmik67&gt; yay</span><br />
<span class="irc-date">[1:29]</span> <span class="irc-navy">* techmik_laptop (~techmik@c-76-109-173-83.hsd1.fl.comcast.net) Quit (Quit: Konversation terminated!)</span><br />
<span class="irc-date">[1:30]</span> <span class="irc-green">* techmik_laptop (~techmik@c-76-109-173-83.hsd1.fl.comcast.net) has joined this channel.</span><br />
<span class="irc-date">[1:31]</span> <span class="irc-black">&lt;Unhelpful&gt; i'd like to at least test that these are reasonable (not hard as they have sin and cos of pitch or roll /2 as elements), then get on to the hard nasty bits. :)</span><br />
<span class="irc-date">[1:33]</span> <span class="irc-navy">* techmik_laptop (~techmik@c-76-109-173-83.hsd1.fl.comcast.net) Quit (Client Quit)</span><br />
<span class="irc-date">[1:34]</span> <span class="irc-green">* techmik_laptop (~techmik@c-76-109-173-83.hsd1.fl.comcast.net) has joined this channel.</span><br />
<span class="irc-date">[1:34]</span> <span class="irc-black">&lt;techmik67&gt; whatis up with my routers wifi?</span><br />
<span class="irc-date">[1:36]</span> <span class="irc-black">&lt;atinm&gt; damn it!</span><br />
<span class="irc-date">[1:36]</span> <span class="irc-black">&lt;atinm&gt; frameworks/base/core/java/android/content/Context.java:1169: error 1: Unresolved link/see tag "android.net.wimax.WimaxManager WimaxManager" in android.\</span><br />
<span class="irc-date">[1:36]</span> <span class="irc-black">&lt;atinm&gt; content.Context</span><br />
<span class="irc-date">[1:36]</span> <span class="irc-black">&lt;atinm&gt; frameworks/base/core/java/android/content/Context.java:1477: error 1: Unresolved link/see tag "android.net.wimax.WimaxManager" in android.content.Conte\</span><br />
<span class="irc-date">[1:36]</span> <span class="irc-black">&lt;atinm&gt; xt</span><br />
<span class="irc-date">[1:36]</span> <span class="irc-black">&lt;atinm&gt; why do I always get this..</span><br />
<span class="irc-date">[1:40]</span> <span class="irc-black">&lt;Unhelpful&gt; atinm: i only started getting those recently</span><br />
<span class="irc-date">[1:40]</span> <span class="irc-black">&lt;atinm&gt; any fix for it?</span><br />
<span class="irc-date">[1:41]</span> <span class="irc-black">&lt;Unhelpful&gt; i don't know, because i just did a brunch and that worked ok, but then i wasn't clean and it didn't really *do* anything, just kernel final link and re-zip of the package.</span><br />
<span class="irc-date">[1:41]</span> <span class="irc-navy">* techmik_laptop (~techmik@c-76-109-173-83.hsd1.fl.comcast.net) Quit (Quit: Konversation terminated!)</span><br />
<span class="irc-date">[1:42]</span> <span class="irc-green">* techmik_laptop (~techmik@c-76-109-173-83.hsd1.fl.comcast.net) has joined this channel.</span><br />
<span class="irc-date">[1:43]</span> <span class="irc-brick">* Unhelpful set it up so that kernel is *always* rebuilt, because the android makefile can't know about deps inside the kernel one. but a kernel build w/ no new changes == almost nothing, running cpio and lzma pretty much.</span><br />
<span class="irc-date">[1:43]</span> <span class="irc-black">&lt;Unhelpful&gt; now that there's lzma kernel support we don't really need to gzip or compress at all the ramdisk.</span><br />
<span class="irc-date">[1:45]</span> <span class="irc-navy">* techmik_laptop (~techmik@c-76-109-173-83.hsd1.fl.comcast.net) Quit (Client Quit)</span><br />
<span class="irc-date">[1:46]</span> <span class="irc-green">* techmik_laptop (~techmik@c-76-109-173-83.hsd1.fl.comcast.net) has joined this channel.</span><br />
<span class="irc-date">[1:52]</span> <span class="irc-black">&lt;Unhelpful&gt; hah, bacon is just a phony target w/ a dep on otapackage.</span><br />
<span class="irc-date">[1:54]</span> <span class="irc-black">&lt;Unhelpful&gt; so brunch == breakfast (select target and setup), make bacon (==otapackage)</span><br />
<span class="irc-date">[1:54]</span> <span class="irc-black">&lt;Unhelpful&gt; it's the same bloody thing i do manually. :P</span><br />
<span class="irc-date">[1:54]</span> <span class="irc-black">&lt;atinm&gt; I'm hungry.</span><br />
<span class="irc-date">[1:54]</span> <span class="irc-black">&lt;techmik67&gt; lol</span><br />
<span class="irc-date">[1:56]</span> <span class="irc-black">&lt;Kaik541&gt; I want bacon</span><br />
<span class="irc-date">[1:56]</span> <span class="irc-black">&lt;Unhelpful&gt; there is no reason that brunch should fail where envsetup / lunch / make otapackage succeeds.</span><br />
<span class="irc-date">[1:57]</span> <span class="irc-black">&lt;Unhelpful&gt; also brunch on clean build has progressed past kernel and i can see it completed recovery first.</span><br />
<span class="irc-date">[1:57]</span> <span class="irc-black">&lt;Kaik541&gt; maybe mine failed for a different reason</span><br />
<span class="irc-date">[1:58]</span> <span class="irc-black">&lt;Unhelpful&gt; seems likely.</span><br />
<span class="irc-date">[1:59]</span> <span class="irc-black">&lt;Unhelpful&gt; package name changed? out/target/product/captivate/update-cm-7.0.0-RC0-Captivate-KANG-signed.zip &lt;- never had this before</span><br />
<span class="irc-date">[1:59]</span> <span class="irc-black">&lt;Kaik541&gt; result of brunch I believe</span><br />
<span class="irc-date">[2:00]</span> <span class="irc-black">&lt;Unhelpful&gt; does it change anything else? it didn't *seem* to...</span><br />
<span class="irc-date">[2:00]</span> <span class="irc-black">&lt;Kaik541&gt; nope, just different naming convention</span><br />
<span class="irc-date">[2:09]</span> <span class="irc-navy">* techmik_laptop (~techmik@c-76-109-173-83.hsd1.fl.comcast.net) Quit (Quit: Konversation terminated!)</span><br />
<span class="irc-date">[2:10]</span> <span class="irc-green">* techmik_laptop (~techmik@c-76-109-173-83.hsd1.fl.comcast.net) has joined this channel.</span><br />
<span class="irc-date">[2:12]</span> <span class="irc-navy">* mxracer_linux (~mxracer@adsl-21-151-116.clt.bellsouth.net) Quit (Remote host closed the connection)</span><br />
<span class="irc-date">[2:19]</span> <span class="irc-black">&lt;atinm&gt; ahhhhrghh!!</span><br />
<span class="irc-date">[2:19]</span> <span class="irc-black">&lt;atinm&gt; why am I getting conflicts when syncing when I haven't got anything in there (everything is stashed)</span><br />
<span class="irc-date">[2:19]</span> <span class="irc-black">&lt;atinm&gt; git status told me the kernel tree was clean</span><br />
<span class="irc-date">[2:19]</span> <span class="irc-black">&lt;atinm&gt; but now I have conflicts.</span><br />
<span class="irc-date">[2:20]</span> <span class="irc-black">&lt;atinm&gt; weird.</span><br />
<span class="irc-date">[2:20]</span> <span class="irc-black">&lt;atinm&gt; and theyre all the new biuld changes . . .</span><br />
<span class="irc-date">[2:20]</span> <span class="irc-black">&lt;atinm&gt; screw it</span><br />
<span class="irc-date">[2:20]</span> <span class="irc-black">&lt;atinm&gt; moving it out of the way and sycing without kernel tree.</span><br />
<span class="irc-date">[2:21]</span> <span class="irc-black">&lt;atinm&gt; no conflicts then . ..</span><br />
<span class="irc-date">[2:21]</span> <span class="irc-black">&lt;atinm&gt; so should build.</span><br />
<span class="irc-date">[2:23]</span> <span class="irc-black">&lt;Unhelpful&gt; you know, if you commit to a local branch that tracks upstream, repo sync will merge?</span><br />
<span class="irc-date">[2:27]</span> <span class="irc-black">&lt;techmik67&gt; guys.... is this ok? <a href="http://www.pastie.org/1641633">http://www.pastie.org/1641633</a></span><br />
<span class="irc-date">[2:29]</span> <span class="irc-black">&lt;techmik67&gt; its going to replace the existing instructions on cmsgs.com, so i wanna get it rigfht for all</span><br />
<span class="irc-date">[2:29]</span> <span class="irc-black">&lt;techmik67&gt; the noob and experienced user</span><br />
<span class="irc-date">[2:29]</span> <span class="irc-black">&lt;Kaik541&gt; shouldn't it be ./build.sh clean not "captivate clean"</span><br />
<span class="irc-date">[2:30]</span> <span class="irc-black">&lt;techmik67&gt; check</span><br />
<span class="irc-date">[2:30]</span> <span class="irc-black">&lt;techmik67&gt; fixed</span><br />
<span class="irc-date">[2:31]</span> <span class="irc-black">&lt;Kaik541&gt; seems right</span><br />
<span class="irc-date">[2:31]</span> <span class="irc-black">&lt;techmik67&gt; cool</span><br />
<span class="irc-date">[2:31]</span> <span class="irc-black">&lt;techmik67&gt; post away, atinm =)</span><br />
<span class="irc-date">[2:32]</span> <span class="irc-black">&lt;techmik67&gt; will add to topic in the other channel</span><br />
<span class="irc-date">[2:32]</span> <span class="irc-black">&lt;atinm&gt; no</span><br />
<span class="irc-date">[2:32]</span> <span class="irc-black">&lt;atinm&gt; its only for devs</span><br />
<span class="irc-date">[2:32]</span> <span class="irc-black">&lt;atinm&gt; and I have the link on the Development thread</span><br />
<span class="irc-date">[2:32]</span> <span class="irc-black">&lt;Kaik541&gt; he wants you to put it up on cmsgs</span><br />
<span class="irc-date">[2:32]</span> <span class="irc-black">&lt;Kaik541&gt; not on the xda thread</span><br />
<span class="irc-date">[2:33]</span> <span class="irc-black">&lt;atinm&gt; where?</span><br />
<span class="irc-date">[2:33]</span> <span class="irc-black">&lt;atinm&gt; this is the dev channel ;)</span><br />
<span class="irc-date">[2:33]</span> <span class="irc-black">&lt;techmik67&gt; ok</span><br />
<span class="irc-date">[2:34]</span> <span class="irc-black">&lt;techmik67&gt; i was gonna put it in the cmsgs channel instructions/topic</span><br />
<span class="irc-date">[2:34]</span> <span class="irc-black">&lt;atinm&gt; what's the name of the update zip now?</span><br />
<span class="irc-date">[2:35]</span> <span class="irc-black">&lt;techmik67&gt; cyanogen_captivate-ota-eng-user.zip</span><br />
<span class="irc-date">[2:35]</span> <span class="irc-black">&lt;atinm&gt; update-cm-7.0.0-RC0-Captivate-KANG-signed.zip</span><br />
<span class="irc-date">[2:35]</span> <span class="irc-black">&lt;atinm&gt; ?</span><br />
<span class="irc-date">[2:35]</span> <span class="irc-black">&lt;techmik67&gt; replace user with your name</span><br />
<span class="irc-date">[2:35]</span> <span class="irc-black">&lt;atinm&gt; ok</span><br />
<span class="irc-date">[2:36]</span> <span class="irc-black">&lt;techmik67&gt; mine is eng-techmik.zip</span><br />
<span class="irc-date">[2:39]</span> <span class="irc-black">&lt;Kaik541&gt; techmik67, that's if you do the ./build.sh method</span><br />
<span class="irc-date">[2:39]</span> <span class="irc-black">&lt;Kaik541&gt; if you do brunch you get the KANG one</span><br />
<span class="irc-date">[2:39]</span> <span class="irc-black">&lt;atinm&gt; k, I've put the build.sh in the instructions, so leaving as user.zip</span><br />
<span class="irc-date">[2:39]</span> <span class="irc-black">&lt;Unhelpful&gt; i can't see any reason brunch should be a problem</span><br />
<span class="irc-date">[2:40]</span> <span class="irc-black">&lt;techmik67&gt; i thought we werent telling people to bruch anymore, is why i said that/./... also, flash in browser? gone bye bye...</span><br />
<span class="irc-date">[2:40]</span> <span class="irc-black">&lt;techmik67&gt; i SWEAR it worked before</span><br />
<span class="irc-date">[2:40]</span> <span class="irc-black">&lt;Kaik541&gt; techmik67, I think it did at one point, but doesn't anymore</span><br />
<span class="irc-date">[2:40]</span> <span class="irc-black">&lt;techmik67&gt; ok</span><br />
<span class="irc-date">[2:40]</span> <span class="irc-black">&lt;techmik67&gt; not a me mistake</span><br />
<span class="irc-date">[2:40]</span> <span class="irc-black">&lt;atinm&gt; wonder what happened tho . . . not like we modify that stuff</span><br />
<span class="irc-date">[2:40]</span> <span class="irc-black">&lt;techmik67&gt; i can hadke that</span><br />
<span class="irc-date">[2:40]</span> <span class="irc-black">&lt;techmik67&gt; handle</span><br />
<span class="irc-date">[2:41]</span> <span class="irc-black">&lt;Kaik541&gt; I feel like if it was working at one point and isn't anymore (even though it's installed)</span><br />
<span class="irc-date">[2:41]</span> <span class="irc-black">&lt;Kaik541&gt; it's related to upstream/browser</span><br />
<span class="irc-date">[2:41]</span> <span class="irc-black">&lt;techmik67&gt; we laughed today.... my roommates 11 year old, when getting off the phone with his dad, gave him, instead of "bye".... "peace"</span><br />
<span class="irc-date">[2:41]</span> <span class="irc-black">&lt;techmik67&gt; we wewre waiting for "peace, out"</span><br />
<span class="irc-date">[2:44]</span> <span class="irc-black">&lt;atinm&gt; kids say the darndest things . . . mine is starting to surprise us now that his vocabulary is growing (he's 3)</span><br />
<span class="irc-date">[2:45]</span> <span class="irc-black">&lt;atinm&gt; ok, updated instructions to reflect what techmik wrote. I haven't actually tried them :)</span><br />
<span class="irc-date">[2:45]</span> <span class="irc-black">&lt;atinm&gt; still building.</span><br />
<span class="irc-date">[2:45]</span> <span class="irc-black">&lt;atinm&gt; so its on you if they're wrong ;)</span><br />
<span class="irc-date">[2:45]</span> <span class="irc-black">&lt;atinm&gt; and you can fix them.</span><br />
<span class="irc-date">[2:46]</span> <span class="irc-black">&lt;atinm&gt; if you learn about templates in mediawiki.</span><br />
<span class="irc-date">[2:46]</span> <span class="irc-black">&lt;atinm&gt; ;)</span><br />
<span class="irc-date">[2:46]</span> <span class="irc-black">&lt;atinm&gt; basically two templates: <a href="http://cmsgs.com/mediawiki/index.php?title=Template:Building_and_Installing_Gingerbread_from_Source">http://cmsgs.com/mediawiki/index.php?title=Template:Building_and_Installing_Gingerbread_from_Source</a></span><br />
<span class="irc-date">[2:46]</span> <span class="irc-black">&lt;atinm&gt; and <a href="http://cmsgs.com/mediawiki/index.php?title=Template:Gingerbread_initial_flash">http://cmsgs.com/mediawiki/index.php?title=Template:Gingerbread_initial_flash</a></span><br />
<span class="irc-date">[2:46]</span> <span class="irc-black">&lt;atinm&gt; and you can go edit them if you know mediawiki.</span><br />
<span class="irc-date">[2:47]</span> <span class="irc-black">&lt;Unhelpful&gt; brunch worked for me. :P</span><br />
<span class="irc-date">[2:47]</span> <span class="irc-black">&lt;Unhelpful&gt; no weird initramfs issues.</span><br />
<span class="irc-date">[2:47]</span> <span class="irc-black">&lt;atinm&gt; so what are the steps? from scratch?</span><br />
<span class="irc-date">[2:47]</span> <span class="irc-brick">* Unhelpful blames ppl w/ problems :P</span><br />
<span class="irc-date">[2:47]</span> <span class="irc-black">&lt;techmik67&gt; lol</span><br />
<span class="irc-date">[2:47]</span> <span class="irc-black">&lt;Kaik541&gt; Unhelpful, yeah, i'm trying again, blew out the repo and am checking now</span><br />
<span class="irc-date">[2:48]</span> <span class="irc-black">&lt;Unhelpful&gt; atinm: . build/envsetup.sh ; brunch &lt;target&gt; should work</span><br />
<span class="irc-date">[2:48]</span> <span class="irc-black">&lt;atinm&gt; that it? :)</span><br />
<span class="irc-date">[2:48]</span> <span class="irc-black">&lt;atinm&gt; I've used brunch to build generic targets . . . haven't used it since I moved to Captivate . . .</span><br />
<span class="irc-date">[2:48]</span> <span class="irc-black">&lt;atinm&gt; forgot about it.</span><br />
<span class="irc-date">[2:48]</span> <span class="irc-black">&lt;Unhelpful&gt; it built for me.</span><br />
<span class="irc-date">[2:49]</span> <span class="irc-black">&lt;atinm&gt; brunch captivate</span><br />
<span class="irc-date">[2:49]</span> <span class="irc-black">&lt;atinm&gt; not brunch captivate otapackage or something?</span><br />
<span class="irc-date">[2:49]</span> <span class="irc-black">&lt;Kaik541&gt; just brunch</span><br />
<span class="irc-date">[2:49]</span> <span class="irc-black">&lt;Kaik541&gt; brunch captivate*</span><br />
<span class="irc-date">[2:49]</span> <span class="irc-black">&lt;atinm&gt; cool.</span><br />
<span class="irc-date">[2:50]</span> <span class="irc-black">&lt;atinm&gt; lol, guess I'll edit the wiki tomorrow.</span><br />
<span class="irc-date">[2:50]</span> <span class="irc-black">&lt;Kaik541&gt; &lt;Unhelpful&gt; hah, bacon is just a phony target w/ a dep on otapackage.</span><br />
<span class="irc-date">[2:52]</span> <span class="irc-black">&lt;Unhelpful&gt; it is! in build/core/Makefile you'll find ".PHONY: bacon" and "bacon: otapackage"</span><br />
<span class="irc-date">[2:52]</span> <span class="irc-black">&lt;atinm&gt; brunch bacon after brunch captivate?</span><br />
<span class="irc-date">[2:52]</span> <span class="irc-black">&lt;atinm&gt; or brunch captivate bacon</span><br />
<span class="irc-date">[2:53]</span> <span class="irc-black">&lt;atinm&gt; guess brunch captivate -j4 bacon</span><br />
<span class="irc-date">[2:53]</span> <span class="irc-black">&lt;Unhelpful&gt; huh? no, "brunch" does "breakfast" to select a build target and set up for it, then calls "make bacon"</span><br />
<span class="irc-date">[2:53]</span> <span class="irc-black">&lt;Unhelpful&gt; no, just "brunch captivate"</span><br />
<span class="irc-date">[2:53]</span> <span class="irc-black">&lt;Kaik541&gt; Unhelpful, I wasn't disagreeing, I was just copying your explanation</span><br />
<span class="irc-date">[2:54]</span> <span class="irc-black">&lt;atinm&gt; interesting - see a lot of ppl saying they do brunch target -j4 bacon</span><br />
<span class="irc-date">[2:54]</span> <span class="irc-black">&lt;Kaik541&gt; brunch captivate gets redirected to "make bacon" which is the otapackage</span><br />
<span class="irc-date">[2:54]</span> <span class="irc-black">&lt;atinm&gt; in a google search</span><br />
<span class="irc-date">[2:54]</span> <span class="irc-black">&lt;atinm&gt; k.</span><br />
<span class="irc-date">[2:55]</span> <span class="irc-black">&lt;Unhelpful&gt; atinm: well, that will work, but arguments are only passed to breakfast, and it only looks at the first one.</span><br />
<span class="irc-date">[2:55]</span> <span class="irc-black">&lt;atinm&gt; how do we pass -j4?</span><br />
<span class="irc-date">[2:55]</span> <span class="irc-black">&lt;Unhelpful&gt; we don't.</span><br />
<span class="irc-date">[2:55]</span> <span class="irc-black">&lt;atinm&gt; :-P</span><br />
<span class="irc-date">[2:55]</span> <span class="irc-black">&lt;Kaik541&gt; brunch does the make -j part I think</span><br />
<span class="irc-date">[2:55]</span> <span class="irc-black">&lt;atinm&gt; ah ok.</span><br />
<span class="irc-date">[2:55]</span> <span class="irc-black">&lt;techmik67&gt; i am happy with the all in one build.sh captivate method, personally</span><br />
<span class="irc-date">[2:55]</span> <span class="irc-black">&lt;Unhelpful&gt; brunch actually calls mka bacon, which sets SCHED_BATCH and adds a -j option for all cores.</span><br />
<span class="irc-date">[2:56]</span> <span class="irc-black">&lt;Kaik541&gt; according to the cyanogenmod wiki, "brunch &lt;device&gt;" is the standard way to build</span><br />
<span class="irc-date">[2:56]</span> <span class="irc-black">&lt;atinm&gt; ok</span><br />
<span class="irc-date">[2:56]</span> <span class="irc-black">&lt;techmik67&gt; ah</span><br />
<span class="irc-date">[2:56]</span> <span class="irc-black">&lt;techmik67&gt; never looked at the "officia;l"wiki</span><br />
<span class="irc-date">[2:57]</span> <span class="irc-black">&lt;techmik67&gt; i just went to kernel and "make mrproper"</span><br />
<span class="irc-date">[2:57]</span> <span class="irc-black">&lt;techmik67&gt; is that even required, or does brunch clean too?</span><br />
<span class="irc-date">[2:58]</span> <span class="irc-black">&lt;techmik67&gt; aha</span><br />
<span class="irc-date">[2:58]</span> <span class="irc-black">&lt;techmik67&gt; no command brunch found</span><br />
<span class="irc-date">[2:58]</span> <span class="irc-black">&lt;Kaik541&gt; you need to run . build/envsetup.sh first</span><br />
<span class="irc-date">[2:58]</span> <span class="irc-black">&lt;techmik67&gt; ah</span><br />
<span class="irc-date">[2:58]</span> <span class="irc-black">&lt;techmik67&gt; ok</span><br />
<span class="irc-date">[2:59]</span> <span class="irc-black">&lt;techmik67&gt; 2 steps =)</span><br />
<span class="irc-date">[2:59]</span> <span class="irc-black">&lt;Kaik541&gt; because brunch is a local step</span><br />
<span class="irc-date">[2:59]</span> <span class="irc-black">&lt;Unhelpful&gt; techmik67: make mrproper is only needed in the kernel directory, and only if you've dirtied it!</span><br />
<span class="irc-date">[2:59]</span> <span class="irc-black">&lt;Kaik541&gt; err, command*</span><br />
<span class="irc-date">[2:59]</span> <span class="irc-black">&lt;techmik67&gt; brunching</span><br />
