<span class="irc-date">[0:10]</span> <span class="irc-black">&lt;UberPinguin&gt; <a href="http://forum.sdx-developers.com/epic-development/galaxy-s-uart-jig-debugging-connector/msg145123/#msg145123">http://forum.sdx-developers.com/epic-development/galaxy-s-uart-jig-debugging-connector/msg145123/#msg145123</a>   :D</span><br />
<span class="irc-date">[0:18]</span> <span class="irc-navy">* gdanko (~gdanko@66-162-32-185.static.twtelecom.net) Quit (Quit: Computer has gone to sleep)</span><br />
<span class="irc-date">[0:43]</span> <span class="irc-green">* jt1134|bbiab is now known as jt1134</span><br />
<span class="irc-date">[0:45]</span> <span class="irc-green">* thedeanius (~dean@c-69-242-191-5.hsd1.mo.comcast.net) has joined this channel.</span><br />
<span class="irc-date">[0:49]</span> <span class="irc-navy">* thedeanius (~dean@c-69-242-191-5.hsd1.mo.comcast.net) Quit (Client Quit)</span><br />
<span class="irc-date">[0:53]</span> <span class="irc-green">* thedeanius (~dean@c-69-242-191-5.hsd1.mo.comcast.net) has joined this channel.</span><br />
<span class="irc-date">[1:01]</span> <span class="irc-navy">* thedeanius (~dean@c-69-242-191-5.hsd1.mo.comcast.net) Quit (Quit: thedeanius)</span><br />
<span class="irc-date">[2:09]</span> <span class="irc-green">* thedeanius (~dean@c-24-2-24-87.hsd1.mo.comcast.net) has joined this channel.</span><br />
<span class="irc-date">[2:11]</span> <span class="irc-navy">* jt1134 (~jt1134@c-71-207-226-80.hsd1.al.comcast.net) Quit (Quit: Leaving)</span><br />
<span class="irc-date">[2:29]</span> <span class="irc-navy">* thedeanius (~dean@c-24-2-24-87.hsd1.mo.comcast.net) Quit (Quit: thedeanius)</span><br />
<span class="irc-date">[2:47]</span> <span class="irc-green">* thedeanius (~dean@c-24-2-24-87.hsd1.mo.comcast.net) has joined this channel.</span><br />
<span class="irc-date">[3:01]</span> <span class="irc-navy">* kernelzilla (~patrick@174-26-71-61.phnx.qwest.net) Quit (Ping timeout: 246 seconds)</span><br />
<span class="irc-date">[4:21]</span> <span class="irc-green">* gdanko (~gdanko@99-33-178-151.lightspeed.simica.sbcglobal.net) has joined this channel.</span><br />
<span class="irc-date">[4:29]</span> <span class="irc-navy">* wArri (~dave.will@rrcs-72-45-254-78.nys.biz.rr.com) Quit (Quit: ( www.nnscript.com :: NoNameScript 4.22 :: www.esnation.com ))</span><br />
<span class="irc-date">[5:31]</span> <span class="irc-navy">* gdanko (~gdanko@99-33-178-151.lightspeed.simica.sbcglobal.net) Quit (Quit: Computer has gone to sleep)</span><br />
<span class="irc-date">[5:48]</span> <span class="irc-navy">* zombiebird (~Steven@24.246.130.106) Quit (Ping timeout: 276 seconds)</span><br />
<span class="irc-date">[5:54]</span> <span class="irc-green">* kernelzilla (~patrick@174-17-88-104.phnx.qwest.net) has joined this channel.</span><br />
<span class="irc-date">[6:45]</span> <span class="irc-green">* coolya|away is now known as coolya</span><br />
<span class="irc-date">[6:54]</span> <span class="irc-green">* zimmbi (~Adium@cable-static-244-14.eblcom.ch) has joined this channel.</span><br />
<span class="irc-date">[7:01]</span> <span class="irc-green">* coolya is now known as coolya|away</span><br />
<span class="irc-date">[7:35]</span> <span class="irc-navy">* thedeanius (~dean@c-24-2-24-87.hsd1.mo.comcast.net) Quit (Quit: thedeanius)</span><br />
<span class="irc-date">[7:44]</span> <span class="irc-black">&lt;dasunsrule32&gt; should check this kernel out from Eugene on XDA, get the sources! :p <a href="http://goo.gl/r4dxR">http://goo.gl/r4dxR</a></span><br />
<span class="irc-date">[7:44]</span> <span class="irc-black">&lt;dasunsrule32&gt; works on Vibrant...</span><br />
<span class="irc-date">[7:45]</span> <span class="irc-black">&lt;dasunsrule32&gt; well, good battery life for the first time on a i9000 port to the Vibrant</span><br />
<span class="irc-date">[8:10]</span> <span class="irc-green">* birdman (~Steven@24.246.130.106) has joined this channel.</span><br />
<span class="irc-date">[8:21]</span> <span class="irc-black">&lt;dasunsrule32&gt; Needs some things fixed, mainly mounts, but that bit is vold</span><br />
<span class="irc-date">[8:49]</span> <span class="irc-black">&lt;zimmbi&gt; <a href="http://www.youtube.com/watch?v=C2DsF7VT3ms">http://www.youtube.com/watch?v=C2DsF7VT3ms</a></span><br />
<span class="irc-date">[9:00]</span> <span class="irc-black">&lt;birdman&gt; coolya|away, just a heads up, turns out param.lfs can be wiped dead clean xD</span><br />
<span class="irc-date">[9:00]</span> <span class="irc-black">&lt;birdman&gt; at least, i got away with it</span><br />
<span class="irc-date">[9:00]</span> <span class="irc-black">&lt;birdman&gt; not something id recommend doing</span><br />
<span class="irc-date">[9:03]</span> <span class="irc-green">* birdman is now known as birdzzzz</span><br />
<span class="irc-date">[9:39]</span> <span class="irc-black">&lt;birdzzzz&gt; what does the nexus s have in replace for odin?</span><br />
<span class="irc-date">[10:30]</span> <span class="irc-navy">* zimmbi (~Adium@cable-static-244-14.eblcom.ch) Quit (Quit: Leaving.)</span><br />
<span class="irc-date">[10:31]</span> <span class="irc-green">* zimmbi (~Adium@cable-static-244-14.eblcom.ch) has joined this channel.</span><br />
<span class="irc-date">[10:31]</span> <span class="irc-navy">* kalpik (~kalpik@unaffiliated/kalpik) Quit (Read error: Operation timed out)</span><br />
<span class="irc-date">[11:14]</span> <span class="irc-green">* riggnix (~riggnix@bulme34.htl-bulmegraz.ac.at) has joined this channel.</span><br />
<span class="irc-date">[11:15]</span> <span class="irc-green">* kalpik (~kalpik@unaffiliated/kalpik) has joined this channel.</span><br />
<span class="irc-date">[12:35]</span> <span class="irc-black">&lt;magote&gt; birdzzzz, NS have fastboot</span><br />
<span class="irc-date">[12:58]</span> <span class="irc-black">&lt;UberPinguin&gt; <a href="http://www.samsung.com/global/business/semiconductor/products/fusionmemory/Products_FAQs_RFS.html">http://www.samsung.com/global/business/semiconductor/products/fusionmemory/Products_FAQs_RFS.html</a></span><br />
