<span class="irc-date">[0:06]</span> <span class="irc-green">* atinm (~atin@unaffiliated/atinm) has joined this channel.</span><br />
<span class="irc-date">[0:06]</span> <span class="irc-green">* ChanServ sets mode +o atinm</span><br />
<span class="irc-date">[0:08]</span> <span class="irc-black">&lt;atinm&gt; lol, coolya|away - issue tracker actually sucks royally</span><br />
<span class="irc-date">[0:08]</span> <span class="irc-black">&lt;Kaik541&gt; people keep putting duplicates</span><br />
<span class="irc-date">[0:08]</span> <span class="irc-black">&lt;atinm&gt; the concept is not understood.</span><br />
<span class="irc-date">[0:08]</span> <span class="irc-black">&lt;atinm&gt; we should appoint someone the gatekeeper . . .</span><br />
<span class="irc-date">[0:09]</span> <span class="irc-black">&lt;atinm&gt; or just &gt; /dev/null.</span><br />
<span class="irc-date">[0:09]</span> <span class="irc-black">&lt;atinm&gt; not like we don't already konw the issues.</span><br />
<span class="irc-date">[0:09]</span> <span class="irc-green">* Yangtse (~Yangtse@117.136.5.68) has joined this channel.</span><br />
<span class="irc-date">[0:12]</span> <span class="irc-green">* mersault (~mersault@65.95.181.170) has joined this channel.</span><br />
<span class="irc-date">[0:12]</span> <span class="irc-black">&lt;Wout`&gt; why not close the tracker for a while?</span><br />
<span class="irc-date">[0:13]</span> <span class="irc-black">&lt;Wout`&gt; I mean, there enough on the devs plate as it is</span><br />
<span class="irc-date">[0:14]</span> <span class="irc-green">* stickpin (~stickpin@84.94.109.203.cable.012.net.il) has joined this channel.</span><br />
<span class="irc-date">[0:14]</span> <span class="irc-black">&lt;Kaik541&gt; "modem not working in rural areas"</span><br />
<span class="irc-date">[0:14]</span> <span class="irc-black">&lt;Kaik541&gt; wow</span><br />
<span class="irc-date">[0:14]</span> <span class="irc-black">&lt;Kaik541&gt; clearly an CMSGS specific bug!</span><br />
<span class="irc-date">[0:15]</span> <span class="irc-black">&lt;Kaik541&gt; maybe try a different modem &gt;_&gt;</span><br />
<span class="irc-date">[0:15]</span> <span class="irc-black">&lt;atinm&gt; I'll get right on it.</span><br />
<span class="irc-date">[0:15]</span> <span class="irc-black">&lt;Kaik541&gt; "fixed because stupid"</span><br />
<span class="irc-date">[0:16]</span> <span class="irc-black">&lt;Kaik541&gt; I love the constant bug reports with absolutely zero logs too</span><br />
<span class="irc-date">[0:16]</span> <span class="irc-black">&lt;Kaik541&gt; <a href="http://code.google.com/p/cyanogenmod7-for-samsung-galaxys/issues/detail?id=182&amp;colspec=ID%20Type%20Status%20Priority%20Device%20Owner%20Summary">http://code.google.com/p/cyanogenmod7-for-samsung-galaxys/issues/detail?id=182&amp;colspec=ID%20Type%20Status%20Priority%20Device%20Owner%20Summary</a> &lt;--- this happened on stock samsung too, but it's because you're hitting the poewr button as the phone is falling asleep</span><br />
<span class="irc-date">[0:26]</span> <span class="irc-black">&lt;mersault&gt; Kaik541: to be fair, that behavior is pretty annoying, whatever the cause.</span><br />
<span class="irc-date">[0:26]</span> <span class="irc-black">&lt;mersault&gt; I have encountered it, and it does happen more frequently when on a call.</span><br />
<span class="irc-date">[0:27]</span> <span class="irc-black">&lt;mersault&gt; at least, if I'm understanding the bug report right...</span><br />
<span class="irc-date">[0:28]</span> <span class="irc-black">&lt;mersault&gt; wait... no. the behavior I'm thinking of is the screen just and phone just being really slow to respond to the power button when on a call. one two or three presses doesn't matter</span><br />
<span class="irc-date">[0:28]</span> <span class="irc-black">&lt;Kaik541&gt; mersault, very, but it's not a cmsgs thing, it's just an sgs thing</span><br />
<span class="irc-date">[0:29]</span> <span class="irc-black">&lt;mersault&gt; I hadn't really investigated it, but anecdotally I would say it happens more frequently on cmsgs. Also, it depends on your perspective on bug reports.</span><br />
<span class="irc-date">[0:30]</span> <span class="irc-black">&lt;mersault&gt; I kinda like the idea of having every little deficiency at least notes and logged, with the expectation that many of them will linger.</span><br />
<span class="irc-date">[0:30]</span> <span class="irc-brick">* mersault doesn't really do well with 'stats' at the office, heh</span><br />
<span class="irc-date">[0:30]</span> <span class="irc-black">&lt;Kaik541&gt; I like the idea of it, but then people expect to fix things that can't be fixed possibly</span><br />
<span class="irc-date">[0:31]</span> <span class="irc-black">&lt;Kaik541&gt; "it's on the list they must be doing something about it"</span><br />
<span class="irc-date">[0:31]</span> <span class="irc-black">&lt;mersault&gt; and that's true... but if you don't have a bug report on it, then people will continually think it's a new issue and report it</span><br />
<span class="irc-date">[0:31]</span> <span class="irc-black">&lt;atinm&gt; meh. they report it anyway</span><br />
<span class="irc-date">[0:31]</span> <span class="irc-black">&lt;mersault&gt; unfortunately, most people won't scan the list of existing bugs...</span><br />
<span class="irc-date">[0:32]</span> <span class="irc-black">&lt;mersault&gt; atinm: did you see my comments about the testing with the kb1 modem?</span><br />
<span class="irc-date">[0:33]</span> <span class="irc-black">&lt;mersault&gt; I think we can assume the I896 has an A1026 chip.</span><br />
<span class="irc-date">[0:33]</span> <span class="irc-black">&lt;atinm&gt; yes, i896 has the chip</span><br />
<span class="irc-date">[0:33]</span> <span class="irc-black">&lt;atinm&gt; is the conclusion.</span><br />
<span class="irc-date">[0:33]</span> <span class="irc-black">&lt;mersault&gt; yeah, I think so.</span><br />
<span class="irc-date">[0:33]</span> <span class="irc-black">&lt;atinm&gt; which is lucky for you ;)</span><br />
<span class="irc-date">[0:33]</span> <span class="irc-black">&lt;atinm&gt; if I actually go implement the darn thing, we would have to create a new device/samsung/i896 otherwise</span><br />
<span class="irc-date">[0:33]</span> <span class="irc-black">&lt;mersault&gt; I still want the build.prop vs. default.prop thing resolved so I can edit my phone to be an I896</span><br />
<span class="irc-date">[0:33]</span> <span class="irc-black">&lt;atinm&gt; and that would suck.</span><br />
<span class="irc-date">[0:34]</span> <span class="irc-black">&lt;atinm&gt; its fixed.</span><br />
<span class="irc-date">[0:34]</span> <span class="irc-black">&lt;atinm&gt; well, fixed as in they're separate now</span><br />
<span class="irc-date">[0:34]</span> <span class="irc-black">&lt;atinm&gt; but it'll still say i897</span><br />
<span class="irc-date">[0:34]</span> <span class="irc-black">&lt;atinm&gt; will require a different device to get i896</span><br />
<span class="irc-date">[0:34]</span> <span class="irc-black">&lt;mersault&gt; well, if I ever get around to learning enough to implement canadian caller name ID, then depending on how it's done we might need something like that anyway</span><br />
<span class="irc-date">[0:34]</span> <span class="irc-black">&lt;atinm&gt; yes</span><br />
<span class="irc-date">[0:34]</span> <span class="irc-black">&lt;atinm&gt; but until then, you're almost better off keeping i897</span><br />
<span class="irc-date">[0:34]</span> <span class="irc-black">&lt;mersault&gt; atinm: but if there is no default.prop, then I should be able to edit the build.prop manually, correct?</span><br />
<span class="irc-date">[0:34]</span> <span class="irc-black">&lt;atinm&gt; yes</span><br />
<span class="irc-date">[0:35]</span> <span class="irc-black">&lt;atinm&gt; there is a default.prop</span><br />
<span class="irc-date">[0:35]</span> <span class="irc-black">&lt;Kaik541&gt; atinm, why make a different defconfig just for i896... I don't think galaxysb does</span><br />
<span class="irc-date">[0:35]</span> <span class="irc-black">&lt;atinm&gt; but doesn't have anything you want to edit in it</span><br />
<span class="irc-date">[0:35]</span> <span class="irc-navy">* Wout` (~Wout@s559776f4.adsl.wanadoo.nl) Quit ()</span><br />
<span class="irc-date">[0:35]</span> <span class="irc-black">&lt;Kaik541&gt; err just for the i896 naming convention I mean</span><br />
<span class="irc-date">[0:35]</span> <span class="irc-black">&lt;atinm&gt; actually it does</span><br />
<span class="irc-date">[0:35]</span> <span class="irc-black">&lt;mersault&gt; though... since lots of americans used the version of Cog based on Rogers' Jl1 release, I assume there is a way to support canadian caller name ID without impacting Americans</span><br />
<span class="irc-date">[0:36]</span> <span class="irc-black">&lt;atinm&gt; galaxys and galaxysb are separate devices.</span><br />
<span class="irc-date">[0:36]</span> <span class="irc-black">&lt;Kaik541&gt; yeah I know, but I think it's more than just the name is why though</span><br />
<span class="irc-date">[0:36]</span> <span class="irc-black">&lt;Kaik541&gt; but I might be wrong</span><br />
<span class="irc-date">[0:36]</span> <span class="irc-black">&lt;mersault&gt; I just wish it was in the Rogers' source drop.</span><br />
<span class="irc-date">[0:36]</span> <span class="irc-black">&lt;atinm&gt; anything that is device specific ends up in there</span><br />
<span class="irc-date">[0:36]</span> <span class="irc-black">&lt;atinm&gt; and so we would need something like that to separate the differences</span><br />
<span class="irc-date">[0:37]</span> <span class="irc-black">&lt;Kaik541&gt; I guess I'm just asking are there any differences between i896 and i897?</span><br />
<span class="irc-date">[0:37]</span> <span class="irc-black">&lt;Kaik541&gt; besides the name?</span><br />
<span class="irc-date">[0:37]</span> <span class="irc-black">&lt;atinm&gt; caller id it seems</span><br />
<span class="irc-date">[0:37]</span> <span class="irc-black">&lt;techmik67&gt; ok, atinm, it seems that 1 file is not getting put in place to finish evaluates changes</span><br />
<span class="irc-date">[0:37]</span> <span class="irc-black">&lt;atinm&gt; what file</span><br />
<span class="irc-date">[0:37]</span> <span class="irc-black">&lt;techmik67&gt; vold</span><br />
<span class="irc-date">[0:37]</span> <span class="irc-black">&lt;mersault&gt; now, if I wanted to do my own personal builds that said I896 out of the box, I would need to edit the teamhacksung/device/samsung/captivate/full_captivate.mk file, correct?</span><br />
<span class="irc-date">[0:37]</span> <span class="irc-black">&lt;atinm&gt; ?</span><br />
<span class="irc-date">[0:37]</span> <span class="irc-black">&lt;techmik67&gt; i have the 1 that came build, dated august</span><br />
<span class="irc-date">[0:37]</span> <span class="irc-black">&lt;atinm&gt; mersault: yes, or files in that area</span><br />
<span class="irc-date">[0:38]</span> <span class="irc-black">&lt;techmik67&gt; in /system/bin</span><br />
<span class="irc-date">[0:38]</span> <span class="irc-black">&lt;mersault&gt; caller id isn't a device issue</span><br />
<span class="irc-date">[0:38]</span> <span class="irc-black">&lt;mersault&gt; I897 or I896 could support Canadian network side caller name</span><br />
<span class="irc-date">[0:38]</span> <span class="irc-black">&lt;atinm&gt; techmik67: I already forked system_vold</span><br />
<span class="irc-date">[0:38]</span> <span class="irc-black">&lt;atinm&gt; you need to do the same there</span><br />
<span class="irc-date">[0:38]</span> <span class="irc-black">&lt;techmik67&gt; the august version still causes errors.... he sent me a vold file i put in therer instead and it works correctly now</span><br />
<span class="irc-date">[0:39]</span> <span class="irc-black">&lt;atinm&gt; go into system/vold, git remote add atinm etc</span><br />
<span class="irc-date">[0:39]</span> <span class="irc-black">&lt;techmik67&gt; ah</span><br />
<span class="irc-date">[0:39]</span> <span class="irc-black">&lt;techmik67&gt; another repo</span><br />
<span class="irc-date">[0:39]</span> <span class="irc-black">&lt;atinm&gt; yes</span><br />
<span class="irc-date">[0:39]</span> <span class="irc-black">&lt;Kaik541&gt; fair enough, caller ID is different but that seems more or less a cyanogenmod improvement kind of thing</span><br />
<span class="irc-date">[0:39]</span> <span class="irc-black">&lt;techmik67&gt; gotcha</span><br />
<span class="irc-date">[0:39]</span> <span class="irc-black">&lt;atinm&gt; <a href="https://github.com/atinm/android_system_vold">https://github.com/atinm/android_system_vold</a></span><br />
<span class="irc-date">[0:39]</span> <span class="irc-black">&lt;techmik67&gt; so thats 4, right?</span><br />
<span class="irc-date">[0:39]</span> <span class="irc-black">&lt;atinm&gt; yes</span><br />
<span class="irc-date">[0:39]</span> <span class="irc-black">&lt;atinm&gt; now its 4</span><br />
<span class="irc-date">[0:39]</span> <span class="irc-black">&lt;techmik67&gt; weell, then... my testing says it works... even fixed something silly</span><br />
<span class="irc-date">[0:39]</span> <span class="irc-black">&lt;mersault&gt; For the caller name issue I found the relevant code in teamhacksung/frameworks/base/telephony/java/com/android/internal/telephony/CallerInfo.java</span><br />
<span class="irc-date">[0:40]</span> <span class="irc-black">&lt;atinm&gt; mersault: is it ifdef'ed somehow?</span><br />
<span class="irc-date">[0:40]</span> <span class="irc-black">&lt;atinm&gt; like based on some board parameter which it takes?</span><br />
<span class="irc-date">[0:40]</span> <span class="irc-black">&lt;techmik67&gt; it used to pop up an auto "what do i auto-do" window 2x.... now only 1nce</span><br />
<span class="irc-date">[0:40]</span> <span class="irc-black">&lt;mersault&gt; atinm: no.</span><br />
<span class="irc-date">[0:40]</span> <span class="irc-black">&lt;mersault&gt; atinm: and given the path, it looks like it comes from Google, primarily</span><br />
<span class="irc-date">[0:40]</span> <span class="irc-black">&lt;atinm&gt; I mean in the code.</span><br />
<span class="irc-date">[0:41]</span> <span class="irc-black">&lt;mersault&gt; atinm: <a href="http://pastebin.com/vTU4W15J">http://pastebin.com/vTU4W15J</a></span><br />
<span class="irc-date">[0:42]</span> <span class="irc-black">&lt;mersault&gt; that's the method in question</span><br />
<span class="irc-date">[0:42]</span> <span class="irc-black">&lt;atinm&gt; actually, the method in question would be getCallerInfo ...</span><br />
<span class="irc-date">[0:42]</span> <span class="irc-green">* thedeanius (~dean@c-24-2-24-87.hsd1.mo.comcast.net) has joined this channel.</span><br />
<span class="irc-date">[0:42]</span> <span class="irc-black">&lt;atinm&gt; which must be somewhere nearby</span><br />
<span class="irc-date">[0:42]</span> <span class="irc-black">&lt;mersault&gt; ah, yes, sorry, wrong method, but yes, same file.</span><br />
<span class="irc-date">[0:42]</span> <span class="irc-black">&lt;mersault&gt; wow... overuse of commas.</span><br />
<span class="irc-date">[0:43]</span> <span class="irc-black">&lt;atinm&gt; nah . . .this is just looking in your logs</span><br />
<span class="irc-date">[0:44]</span> <span class="irc-black">&lt;mersault&gt; when I was scanning it earlier, it looked like it looked at the phone contact list</span><br />
<span class="irc-date">[0:44]</span> <span class="irc-black">&lt;atinm&gt; or that yes</span><br />
<span class="irc-date">[0:44]</span> <span class="irc-black">&lt;mersault&gt; which is I thought all Americans had to go on for caller name</span><br />
<span class="irc-date">[0:45]</span> <span class="irc-black">&lt;atinm&gt; I thought you were looking for the telephony protocol stuff</span><br />
<span class="irc-date">[0:45]</span> <span class="irc-black">&lt;mersault&gt; but it seems this is where one would have to start to implement canadian style caller id</span><br />
<span class="irc-date">[0:45]</span> <span class="irc-black">&lt;mersault&gt; I've only been able to scan briefly while at work</span><br />
<span class="irc-date">[0:45]</span> <span class="irc-black">&lt;atinm&gt; I'm sure it is already implemented, it is more a question of enabling it</span><br />
<span class="irc-date">[0:45]</span> <span class="irc-black">&lt;mersault&gt; really?</span><br />
<span class="irc-date">[0:46]</span> <span class="irc-black">&lt;mersault&gt; that would be cool</span><br />
<span class="irc-date">[0:46]</span> <span class="irc-black">&lt;atinm&gt; does it work in Rogers phones in stock?</span><br />
<span class="irc-date">[0:46]</span> <span class="irc-black">&lt;mersault&gt; yes</span><br />
<span class="irc-date">[0:46]</span> <span class="irc-black">&lt;atinm&gt; then most probably its there</span><br />
<span class="irc-date">[0:46]</span> <span class="irc-black">&lt;mersault&gt; unless Rogers added it</span><br />
<span class="irc-date">[0:46]</span> <span class="irc-black">&lt;atinm&gt; Rogers doesn't seem to be the type to mess with software</span><br />
<span class="irc-date">[0:46]</span> <span class="irc-black">&lt;atinm&gt; their experience is usually very clean</span><br />
<span class="irc-date">[0:47]</span> <span class="irc-black">&lt;mersault&gt; usually they bloat the experience to hell, though they failed to do that with the captivate</span><br />
<span class="irc-date">[0:47]</span> <span class="irc-black">&lt;mersault&gt; so maybe you're right. I certainly wouldn't complain.</span><br />
<span class="irc-date">[0:47]</span> <span class="irc-black">&lt;atinm&gt; plus aren't there other android phones in canada?</span><br />
<span class="irc-date">[0:47]</span> <span class="irc-black">&lt;atinm&gt; they must all have it</span><br />
<span class="irc-date">[0:47]</span> <span class="irc-black">&lt;Kaik541&gt; whoa, atinm got mad on the forum :P</span><br />
<span class="irc-date">[0:47]</span> <span class="irc-black">&lt;mersault&gt; I'm still pretty unfamiliar with how all the android bits fit together (this is also my first android phone, only got it in november)</span><br />
<span class="irc-date">[0:48]</span> <span class="irc-black">&lt;atinm&gt; android stuff is usually "standard" - samsung is an outlier in that sense.</span><br />
<span class="irc-date">[0:48]</span> <span class="irc-black">&lt;atinm&gt; they just hacked stuff in</span><br />
<span class="irc-date">[0:48]</span> <span class="irc-black">&lt;atinm&gt; but a lot of android stuff comes from google.</span><br />
<span class="irc-date">[0:48]</span> <span class="irc-black">&lt;mersault&gt; didn't HTC dig Sense is pretty deep?</span><br />
<span class="irc-date">[0:48]</span> <span class="irc-black">&lt;atinm&gt; yes, but things like telephony protocols I doubt are things manufacturers are doing</span><br />
<span class="irc-date">[0:49]</span> <span class="irc-black">&lt;mersault&gt; agreed.</span><br />
<span class="irc-date">[0:49]</span> <span class="irc-black">&lt;mersault&gt; alright, where else would you look to find this magical canadian cnam support?</span><br />
<span class="irc-date">[0:49]</span> <span class="irc-black">&lt;atinm&gt; I have no idea where to look :)</span><br />
<span class="irc-date">[0:49]</span> <span class="irc-black">&lt;mersault&gt; damn</span><br />
<span class="irc-date">[0:49]</span> <span class="irc-black">&lt;atinm&gt; google first</span><br />
<span class="irc-date">[0:49]</span> <span class="irc-black">&lt;atinm&gt; on the android site</span><br />
<span class="irc-date">[0:49]</span> <span class="irc-black">&lt;atinm&gt; for telephony</span><br />
<span class="irc-date">[0:49]</span> <span class="irc-black">&lt;atinm&gt; start there</span><br />
<span class="irc-date">[0:50]</span> <span class="irc-black">&lt;atinm&gt; ok, I'm off to bed.</span><br />
<span class="irc-date">[0:50]</span> <span class="irc-black">&lt;mersault&gt; night</span><br />
<span class="irc-date">[0:51]</span> <span class="irc-black">&lt;atinm&gt; Kaik541: xcaliburinhand is in the midst of porting dock stuff</span><br />
<span class="irc-date">[0:51]</span> <span class="irc-black">&lt;mersault&gt; <a href="http://code.google.com/p/android/issues/detail?id=3796">http://code.google.com/p/android/issues/detail?id=3796</a></span><br />
<span class="irc-date">[0:51]</span> <span class="irc-black">&lt;atinm&gt; tho it seems he also has an app?</span><br />
<span class="irc-date">[0:51]</span> <span class="irc-black">&lt;mersault&gt; not a good start</span><br />
<span class="irc-date">[0:51]</span> <span class="irc-black">&lt;atinm&gt; so not sire what that is about.</span><br />
<span class="irc-date">[0:51]</span> <span class="irc-black">&lt;Kaik541&gt; yeah I remember something about the app</span><br />
<span class="irc-date">[0:52]</span> <span class="irc-black">&lt;Kaik541&gt; I think it's like the equivalent of a headphone toggle widget but for car/home dock</span><br />
<span class="irc-date">[0:52]</span> <span class="irc-black">&lt;atinm&gt; mersault: no. that's bad.</span><br />
<span class="irc-date">[0:52]</span> <span class="irc-black">&lt;mersault&gt; atinm: yeah, looks like this might be added by rogers for the captivate.</span><br />
<span class="irc-date">[0:52]</span> <span class="irc-black">&lt;atinm&gt; and it involved kernel hooks.</span><br />
<span class="irc-date">[0:52]</span> <span class="irc-black">&lt;atinm&gt; so lets see what he has.</span><br />
<span class="irc-date">[0:52]</span> <span class="irc-black">&lt;mersault&gt; the HTC Magic apparently doesn't have it</span><br />
<span class="irc-date">[0:52]</span> <span class="irc-black">&lt;atinm&gt; before I do anythign :)</span><br />
<span class="irc-date">[0:53]</span> <span class="irc-black">&lt;atinm&gt; mersault: yeah . . . well, get work. :)</span><br />
<span class="irc-date">[0:53]</span> <span class="irc-black">&lt;mersault&gt; goddamnit.</span><br />
<span class="irc-date">[0:53]</span> <span class="irc-black">&lt;atinm&gt; a lot of people will love you.</span><br />
<span class="irc-date">[0:53]</span> <span class="irc-black">&lt;atinm&gt; and google will hire you ;)</span><br />
<span class="irc-date">[0:53]</span> <span class="irc-black">&lt;mersault&gt; that would be awesome... if I were a programmer</span><br />
<span class="irc-date">[0:54]</span> <span class="irc-black">&lt;atinm&gt; ah</span><br />
<span class="irc-date">[0:54]</span> <span class="irc-black">&lt;atinm&gt; thougth you were. sorry.</span><br />
<span class="irc-date">[0:54]</span> <span class="irc-black">&lt;atinm&gt; well, find a canadian programmer to work on CM7 :)</span><br />
<span class="irc-date">[0:54]</span> <span class="irc-black">&lt;mersault&gt; I have coded, but it's not pretty.</span><br />
<span class="irc-date">[0:54]</span> <span class="irc-black">&lt;mersault&gt; I have used code I've written to solve problems, but I would never call myself a programmer would be a good way to put it</span><br />
<span class="irc-date">[0:55]</span> <span class="irc-black">&lt;mersault&gt; unfortunately the best programmer I know who would love a challenge like this moved to the states...</span><br />
<span class="irc-date">[0:55]</span> <span class="irc-black">&lt;atinm&gt; how do you point at just one tweet?</span><br />
<span class="irc-date">[0:55]</span> <span class="irc-black">&lt;atinm&gt; like the url for it?</span><br />
<span class="irc-date">[0:55]</span> <span class="irc-black">&lt;atinm&gt; I'm on the website</span><br />
<span class="irc-date">[0:55]</span> <span class="irc-black">&lt;atinm&gt; and can't for the life of me see how its done</span><br />
<span class="irc-date">[0:56]</span> <span class="irc-black">&lt;mersault&gt; permalink linke at the bottom of the tweet?</span><br />
<span class="irc-date">[0:56]</span> <span class="irc-black">&lt;atinm&gt; I have favorite, retweet and reply ..</span><br />
<span class="irc-date">[0:56]</span> <span class="irc-black">&lt;mersault&gt; wait, no, where it says how long ago it was tweeted</span><br />
<span class="irc-date">[0:56]</span> <span class="irc-black">&lt;mersault&gt; that is the link you want</span><br />
<span class="irc-date">[0:57]</span> <span class="irc-black">&lt;atinm&gt; thanks :)</span><br />
<span class="irc-date">[0:57]</span> <span class="irc-black">&lt;atinm&gt; Kaik541: <a href="http://twitter.com/#!/DREWSASTER/status/48149581720076288">http://twitter.com/#!/DREWSASTER/status/48149581720076288</a></span><br />
<span class="irc-date">[0:57]</span> <span class="irc-black">&lt;atinm&gt; !</span><br />
<span class="irc-date">[0:57]</span> <span class="irc-black">&lt;atinm&gt; guess he thinks DG and I are BFFs ;)</span><br />
<span class="irc-date">[0:57]</span> <span class="irc-black">&lt;Kaik541&gt; LOL</span><br />
<span class="irc-date">[0:57]</span> <span class="irc-black">&lt;Kaik541&gt; @ him and be like "who is this designgears you're talking about?"</span><br />
<span class="irc-date">[0:58]</span> <span class="irc-black">&lt;atinm&gt; nah - I just messaged him privately to tell him I had no idea what he was talking about because DG and I don't work on the same things.</span><br />
<span class="irc-date">[0:58]</span> <span class="irc-black">&lt;atinm&gt; didn't want to embarass him</span><br />
<span class="irc-date">[0:58]</span> <span class="irc-black">&lt;Kaik541&gt; but it would be a nice way to take a swipe at DG without being over the top :P</span><br />
<span class="irc-date">[0:58]</span> <span class="irc-black">&lt;atinm&gt; he said he knew . . . just wanted to thank us . . . ignored after. :)</span><br />
<span class="irc-date">[0:59]</span> <span class="irc-black">&lt;atinm&gt; nah, DG would see thru it.</span><br />
<span class="irc-date">[0:59]</span> <span class="irc-black">&lt;atinm&gt; I'm sure he is steaming already because he's not sure whether this was a dig at him anyway :)</span><br />
<span class="irc-date">[0:59]</span> <span class="irc-black">&lt;Kaik541&gt; that was the other possibility I was thinking of</span><br />
<span class="irc-date">[0:59]</span> <span class="irc-black">&lt;atinm&gt; I dont' think he puts out nightlies</span><br />
