<span class="irc-date">[0:02]</span> <span class="irc-green">* atinm (~atin@unaffiliated/atinm) has joined this channel.</span><br />
<span class="irc-date">[0:02]</span> <span class="irc-green">* ChanServ sets mode +o atinm</span><br />
<span class="irc-date">[0:03]</span> <span class="irc-black">&lt;techmik&gt; ok, fresh rom manager installed</span><br />
<span class="irc-date">[0:03]</span> <span class="irc-black">&lt;techmik&gt; mtd not a choice...... galaxy s captivate</span><br />
<span class="irc-date">[0:03]</span> <span class="irc-black">&lt;atinm&gt; techmik: what are you starting from?</span><br />
<span class="irc-date">[0:04]</span> <span class="irc-black">&lt;atinm&gt; &lt;-- coming in late</span><br />
<span class="irc-date">[0:04]</span> <span class="irc-black">&lt;techmik&gt; right now, froyo</span><br />
<span class="irc-date">[0:04]</span> <span class="irc-black">&lt;atinm&gt; ok, there should be no mtd then</span><br />
<span class="irc-date">[0:04]</span> <span class="irc-black">&lt;koush_&gt; meh teh build is broke</span><br />
<span class="irc-date">[0:04]</span> <span class="irc-black">&lt;techmik&gt; koush asked me to check something</span><br />
<span class="irc-date">[0:04]</span> <span class="irc-black">&lt;koush_&gt; letme fix this</span><br />
<span class="irc-date">[0:04]</span> <span class="irc-black">&lt;techmik&gt; have msgs for you =)</span><br />
<span class="irc-date">[0:04]</span> <span class="irc-black">&lt;koush_&gt; techmik: ok ill fix that too, sec.</span><br />
<span class="irc-date">[0:04]</span> <span class="irc-black">&lt;atinm&gt; ok</span><br />
<span class="irc-date">[0:04]</span> <span class="irc-black">&lt;techmik&gt; coolya&gt; techmik: can you tell atinm when he gets back that ril is merged</span><br />
<span class="irc-date">[0:04]</span> <span class="irc-black">&lt;techmik&gt; 19:48 &lt;coolya&gt; and i will setup i9k and vibrant to use it tomorrow</span><br />
<span class="irc-date">[0:05]</span> <span class="irc-black">&lt;atinm&gt; ok</span><br />
<span class="irc-date">[0:05]</span> <span class="irc-black">&lt;techmik&gt; :49 &lt;coolya&gt; they will work fine with the blobies from crespo and kernel right now</span><br />
<span class="irc-date">[0:05]</span> <span class="irc-black">&lt;atinm&gt; ok.</span><br />
<span class="irc-date">[0:05]</span> <span class="irc-black">&lt;atinm&gt; I'm not going to do much tonight - last night's 3 hours wasnt' enough and I'm burnt out</span><br />
<span class="irc-date">[0:06]</span> <span class="irc-black">&lt;atinm&gt; should wear ear plugs tonight in case the DPW shows up again</span><br />
<span class="irc-date">[0:06]</span> <span class="irc-black">&lt;techmik&gt; good plan</span><br />
<span class="irc-date">[0:06]</span> <span class="irc-black">&lt;atinm&gt; what is koush asking for testing on?</span><br />
<span class="irc-date">[0:06]</span> <span class="irc-black">&lt;Kaik541&gt; atinm, take some melatonin and pass out</span><br />
<span class="irc-date">[0:06]</span> <span class="irc-black">&lt;techmik&gt; from bml</span><br />
<span class="irc-date">[0:07]</span> <span class="irc-black">&lt;Kaik541&gt; he thinks he can have a universal zip</span><br />
<span class="irc-date">[0:07]</span> <span class="irc-black">&lt;techmik&gt; flash nightly 2</span><br />
<span class="irc-date">[0:07]</span> <span class="irc-black">&lt;koush_&gt; techmik: ok check again</span><br />
<span class="irc-date">[0:07]</span> <span class="irc-black">&lt;techmik&gt; which is upcoming</span><br />
<span class="irc-date">[0:07]</span> <span class="irc-black">&lt;techmik&gt; k</span><br />
<span class="irc-date">[0:07]</span> <span class="irc-black">&lt;techmik&gt; nice</span><br />
<span class="irc-date">[0:07]</span> <span class="irc-black">&lt;atinm&gt; I was thinking - we don't really need to say MTD on the menus btw. If we're already in mtd, you'll know they want MTD right? and if we're on bml, you know too.</span><br />
<span class="irc-date">[0:07]</span> <span class="irc-black">&lt;techmik&gt; captivatemtd s there and so is regular captivate</span><br />
<span class="irc-date">[0:07]</span> <span class="irc-black">&lt;koush_&gt; atinm: no, we need an upgrade path</span><br />
<span class="irc-date">[0:08]</span> <span class="irc-black">&lt;koush_&gt; someone is on bml</span><br />
<span class="irc-date">[0:08]</span> <span class="irc-black">&lt;koush_&gt; they'll see two options</span><br />
<span class="irc-date">[0:08]</span> <span class="irc-black">&lt;koush_&gt; mtd or bml</span><br />
<span class="irc-date">[0:08]</span> <span class="irc-black">&lt;techmik&gt; yup</span><br />
<span class="irc-date">[0:08]</span> <span class="irc-black">&lt;koush_&gt; they choose mtd</span><br />
<span class="irc-date">[0:08]</span> <span class="irc-black">&lt;koush_&gt; and they can flash cm</span><br />
<span class="irc-date">[0:08]</span> <span class="irc-black">&lt;techmik&gt; thats what i gogt</span><br />
<span class="irc-date">[0:08]</span> <span class="irc-black">&lt;atinm&gt; ah</span><br />
<span class="irc-date">[0:08]</span> <span class="irc-black">&lt;atinm&gt; right.</span><br />
<span class="irc-date">[0:08]</span> <span class="irc-black">&lt;techmik&gt; will choose mtd and wait fr nightly</span><br />
<span class="irc-date">[0:08]</span> <span class="irc-black">&lt;atinm&gt; that's actually good warning. I'd just figured if they choose CyagenonMod, they know they're going to MTD</span><br />
<span class="irc-date">[0:08]</span> <span class="irc-black">&lt;atinm&gt; not a good assumption</span><br />
<span class="irc-date">[0:08]</span> <span class="irc-black">&lt;techmik&gt; lol</span><br />
<span class="irc-date">[0:09]</span> <span class="irc-black">&lt;atinm&gt; at least it would make them pause to ask what is MTD</span><br />
<span class="irc-date">[0:09]</span> <span class="irc-black">&lt;techmik&gt; nope</span><br />
<span class="irc-date">[0:09]</span> <span class="irc-black">&lt;techmik&gt; they wouldnt scroll that far</span><br />
<span class="irc-date">[0:09]</span> <span class="irc-black">&lt;koush_&gt; grr actually that wont work</span><br />
<span class="irc-date">[0:09]</span> <span class="irc-black">&lt;Kaik541&gt; atinm, nope people are dumb</span><br />
<span class="irc-date">[0:09]</span> <span class="irc-black">&lt;atinm&gt; we should really flash a warning - "do you really want to do this?"</span><br />
<span class="irc-date">[0:09]</span> <span class="irc-black">&lt;koush_&gt; i bet the recovery flash failed right techmik</span><br />
<span class="irc-date">[0:09]</span> <span class="irc-black">&lt;techmik&gt; error yup</span><br />
<span class="irc-date">[0:09]</span> <span class="irc-black">&lt;atinm&gt; "like really really"</span><br />
<span class="irc-date">[0:09]</span> <span class="irc-black">&lt;atinm&gt; "ok"</span><br />
<span class="irc-date">[0:09]</span> <span class="irc-black">&lt;atinm&gt; :)</span><br />
<span class="irc-date">[0:09]</span> <span class="irc-black">&lt;techmik&gt; error when flashing your recovery</span><br />
<span class="irc-date">[0:09]</span> <span class="irc-black">&lt;Kaik541&gt; <a href="http://www.androidpolice.com/2011/05/18/cyanogenmod-gets-first-official-galaxy-s-release-captivate-nightlies-now-serving-gingerbread-2-3-4-grj22-on-isle-you/">http://www.androidpolice.com/2011/05/18/cyanogenmod-gets-first-official-galaxy-s-release-captivate-nightlies-now-serving-gingerbread-2-3-4-grj22-on-isle-you/</a></span><br />
<span class="irc-date">[0:10]</span> <span class="irc-black">&lt;atinm&gt; &lt;-- is punchy</span><br />
<span class="irc-date">[0:10]</span> <span class="irc-black">&lt;Kaik541&gt; android police discussed mtd like it was a fantasy</span><br />
<span class="irc-date">[0:10]</span> <span class="irc-black">&lt;Kaik541&gt; apparently a lot of people thought the "td" part stood for "teamdouche"</span><br />
<span class="irc-date">[0:10]</span> <span class="irc-black">&lt;atinm&gt; yeah well :)</span><br />
<span class="irc-date">[0:10]</span> <span class="irc-black">&lt;atinm&gt; I'm going to leave you and koush to this.</span><br />
<span class="irc-date">[0:11]</span> <span class="irc-black">&lt;atinm&gt; I don't think I can stay awake very long</span><br />
<span class="irc-date">[0:11]</span> <span class="irc-black">&lt;techmik&gt; go sleep</span><br />
<span class="irc-date">[0:11]</span> <span class="irc-black">&lt;koush_&gt; techmik: ok try now</span><br />
<span class="irc-date">[0:11]</span> <span class="irc-black">&lt;koush_&gt; techmik: first, select bml</span><br />
<span class="irc-date">[0:11]</span> <span class="irc-black">&lt;koush_&gt; like you are a bml user</span><br />
<span class="irc-date">[0:11]</span> <span class="irc-black">&lt;koush_&gt; then flash again</span><br />
<span class="irc-date">[0:11]</span> <span class="irc-black">&lt;koush_&gt; and choose mtd</span><br />
<span class="irc-date">[0:11]</span> <span class="irc-black">&lt;techmik&gt; "doesnt have an officially supported "msg</span><br />
<span class="irc-date">[0:11]</span> <span class="irc-black">&lt;koush_&gt; on the mtd flas right</span><br />
<span class="irc-date">[0:11]</span> <span class="irc-black">&lt;koush_&gt; thats correct</span><br />
<span class="irc-date">[0:12]</span> <span class="irc-black">&lt;techmik&gt; so choose yes, i did manually?</span><br />
<span class="irc-date">[0:12]</span> <span class="irc-black">&lt;techmik&gt; oh</span><br />
<span class="irc-date">[0:12]</span> <span class="irc-black">&lt;koush_&gt; sure</span><br />
<span class="irc-date">[0:12]</span> <span class="irc-black">&lt;techmik&gt; no</span><br />
<span class="irc-date">[0:12]</span> <span class="irc-black">&lt;techmik&gt; k</span><br />
<span class="irc-date">[0:12]</span> <span class="irc-black">&lt;techmik&gt; v3.x</span><br />
<span class="irc-date">[0:12]</span> <span class="irc-black">&lt;koush_&gt; sure</span><br />
<span class="irc-date">[0:12]</span> <span class="irc-black">&lt;koush_&gt; err</span><br />
<span class="irc-date">[0:12]</span> <span class="irc-black">&lt;koush_&gt; no 2.x</span><br />
<span class="irc-date">[0:12]</span> <span class="irc-black">&lt;koush_&gt; i think thats the recovery you have now</span><br />
<span class="irc-date">[0:12]</span> <span class="irc-black">&lt;techmik&gt; yup</span><br />
<span class="irc-date">[0:12]</span> <span class="irc-black">&lt;techmik&gt; sec</span><br />
<span class="irc-date">[0:13]</span> <span class="irc-black">&lt;koush_&gt; i never released 3.x for sgs</span><br />
<span class="irc-date">[0:13]</span> <span class="irc-black">&lt;techmik&gt; therer we go</span><br />
<span class="irc-date">[0:13]</span> <span class="irc-black">&lt;koush_&gt; im gonna just make a build myself. se.</span><br />
<span class="irc-date">[0:13]</span> <span class="irc-black">&lt;koush_&gt; sec.</span><br />
<span class="irc-date">[0:13]</span> <span class="irc-black">&lt;techmik&gt; 2x.x.x.x on top, 2512 below</span><br />
<span class="irc-date">[0:15]</span> <span class="irc-black">&lt;techmik&gt; i see premium download cm nightlies and free cm, extras, gapps, teamhacksung</span><br />
<span class="irc-date">[0:15]</span> <span class="irc-black">&lt;atinm&gt; koush needs a captivate.</span><br />
<span class="irc-date">[0:15]</span> <span class="irc-black">&lt;atinm&gt; man, my wife cuts me no slack! I showed her the androidpolice.com link :)</span><br />
<span class="irc-date">[0:16]</span> <span class="irc-black">&lt;atinm&gt; and she shrugged and said "good" and turned back to her computer.</span><br />
<span class="irc-date">[0:16]</span> <span class="irc-black">&lt;techmik&gt; lol</span><br />
<span class="irc-date">[0:16]</span> <span class="irc-black">&lt;atinm&gt; she also has a blackberry</span><br />
<span class="irc-date">[0:16]</span> <span class="irc-black">&lt;atinm&gt; if she wasn't so much more brilliant than me - I'd have no respect!</span><br />
<span class="irc-date">[0:16]</span> <span class="irc-black">&lt;techmik&gt; man</span><br />
<span class="irc-date">[0:17]</span> <span class="irc-black">&lt;atinm&gt; wait..</span><br />
<span class="irc-date">[0:17]</span> <span class="irc-black">&lt;techmik&gt; i was gonna say,</span><br />
<span class="irc-date">[0:17]</span> <span class="irc-black">&lt;techmik&gt; didnt you say she is and/or works with like worlds-leading people in her filed?</span><br />
<span class="irc-date">[0:17]</span> <span class="irc-black">&lt;atinm&gt; yeah</span><br />
<span class="irc-date">[0:17]</span> <span class="irc-black">&lt;techmik&gt; field</span><br />
<span class="irc-date">[0:17]</span> <span class="irc-black">&lt;atinm&gt; which is why I am sorta small potatoes.</span><br />
<span class="irc-date">[0:17]</span> <span class="irc-black">&lt;techmik&gt; she's like, "nice little phone, dear" right =)</span><br />
<span class="irc-date">[0:17]</span> <span class="irc-black">&lt;koush_&gt; whats she do</span><br />
<span class="irc-date">[0:18]</span> <span class="irc-black">&lt;atinm&gt; she runs a radiology research lab at harvard med school</span><br />
<span class="irc-date">[0:18]</span> <span class="irc-black">&lt;koush_&gt; nice</span><br />
<span class="irc-date">[0:18]</span> <span class="irc-black">&lt;h8rift&gt; geez</span><br />
<span class="irc-date">[0:18]</span> <span class="irc-black">&lt;h8rift&gt; she must think your "phone antics" are pretty childish then lol</span><br />
<span class="irc-date">[0:18]</span> <span class="irc-black">&lt;h8rift&gt; even though everybody and their mom loves your work</span><br />
<span class="irc-date">[0:18]</span> <span class="irc-black">&lt;atinm&gt; *and* is a phd from mit in computer science (medical image analysis)</span><br />
<span class="irc-date">[0:18]</span> <span class="irc-black">&lt;h8rift&gt; o.O</span><br />
<span class="irc-date">[0:18]</span> <span class="irc-black">&lt;atinm&gt; builds robots for surgery</span><br />
<span class="irc-date">[0:18]</span> <span class="irc-black">&lt;techmik&gt; wow</span><br />
<span class="irc-date">[0:18]</span> <span class="irc-black">&lt;techmik&gt; scary</span><br />
<span class="irc-date">[0:19]</span> <span class="irc-black">&lt;atinm&gt; she scares me ;)</span><br />
<span class="irc-date">[0:19]</span> <span class="irc-black">&lt;atinm&gt; but no - she actually does think I am one of the better programmers she knows, but still would rather I spent more time with the family</span><br />
<span class="irc-date">[0:20]</span> <span class="irc-black">&lt;atinm&gt; so phone is low on her list of likes.</span><br />
<span class="irc-date">[0:20]</span> <span class="irc-black">&lt;techmik&gt; ah</span><br />
<span class="irc-date">[0:20]</span> <span class="irc-black">&lt;atinm&gt; actually, is non-existent.</span><br />
<span class="irc-date">[0:20]</span> <span class="irc-black">&lt;techmik&gt; at least she appreciates your talents</span><br />
<span class="irc-date">[0:20]</span> <span class="irc-black">&lt;Kaik541&gt; atinm, was the vibrant you got pre-rooted?</span><br />
<span class="irc-date">[0:20]</span> <span class="irc-black">&lt;Kaik541&gt; or how did you root it?</span><br />
<span class="irc-date">[0:20]</span> <span class="irc-black">&lt;atinm&gt; was pre-rooted</span><br />
<span class="irc-date">[0:20]</span> <span class="irc-black">&lt;atinm&gt; but I flashed back to stock</span><br />
<span class="irc-date">[0:20]</span> <span class="irc-black">&lt;atinm&gt; and then rooted it myself</span><br />
<span class="irc-date">[0:21]</span> <span class="irc-black">&lt;Kaik541&gt; drat</span><br />
<span class="irc-date">[0:21]</span> <span class="irc-black">&lt;atinm&gt; got an update.zip which did it.</span><br />
<span class="irc-date">[0:21]</span> <span class="irc-black">&lt;Kaik541&gt; looking for a kernel that will root on 2.2</span><br />
<span class="irc-date">[0:21]</span> <span class="irc-black">&lt;techmik&gt; Kaik541: you got the rage i sent?</span><br />
<span class="irc-date">[0:21]</span> <span class="irc-black">&lt;Kaik541&gt; kinda like how hardcore's kernel will</span><br />
<span class="irc-date">[0:22]</span> <span class="irc-black">&lt;atinm&gt; I love how the androidpolice link has my home screen on it and the music player has "I Feel Free" on it.</span><br />
<span class="irc-date">[0:22]</span> <span class="irc-black">&lt;atinm&gt; great coincidence when that happened :)</span><br />
<span class="irc-date">[0:22]</span> <span class="irc-black">&lt;techmik&gt; =)</span><br />
<span class="irc-date">[0:22]</span> <span class="irc-black">&lt;atinm&gt; didn't plan it :)</span><br />
<span class="irc-date">[0:23]</span> <span class="irc-black">&lt;atinm&gt; not only is it great music (this is The Cream we're talking about here), but very appropo</span><br />
<span class="irc-date">[0:23]</span> <span class="irc-black">&lt;atinm&gt; actually just Cream.</span><br />
<span class="irc-date">[0:24]</span> <span class="irc-black">&lt;atinm&gt; which reminds me</span><br />
<span class="irc-date">[0:24]</span> <span class="irc-black">&lt;atinm&gt; I should go look into sound again sometime</span><br />
<span class="irc-date">[0:24]</span> <span class="irc-black">&lt;atinm&gt; and headset</span><br />
<span class="irc-date">[0:24]</span> <span class="irc-black">&lt;atinm&gt; TMC_Sherpa was saying something to me about it</span><br />
<span class="irc-date">[0:24]</span> <span class="irc-black">&lt;atinm&gt; but I forget what</span><br />
<span class="irc-date">[0:24]</span> <span class="irc-black">&lt;atinm&gt; I'm going to bed.</span><br />
<span class="irc-date">[0:24]</span> <span class="irc-black">&lt;koush_&gt; i need to install my 80gb ssd</span><br />
<span class="irc-date">[0:25]</span> <span class="irc-black">&lt;koush_&gt; builds would go way faste</span><br />
<span class="irc-date">[0:25]</span> <span class="irc-black">&lt;atinm&gt; I wish I could have my work spring for some..</span><br />
<span class="irc-date">[0:25]</span> <span class="irc-black">&lt;atinm&gt; I have taken one of the 8 core boxes for this :)</span><br />
<span class="irc-date">[0:25]</span> <span class="irc-black">&lt;atinm&gt; I have a few of these test machines, so I co-opted one</span><br />
<span class="irc-date">[0:26]</span> <span class="irc-black">&lt;atinm&gt; but an ssd on it would be sweet.</span><br />
<span class="irc-date">[0:26]</span> <span class="irc-black">&lt;Kaik541&gt; seriously, does anyone know of a kernel that can root for vibrant?</span><br />
<span class="irc-date">[0:26]</span> <span class="irc-black">&lt;atinm&gt; one of my clients puts me to shame</span><br />
<span class="irc-date">[0:26]</span> <span class="irc-black">&lt;Kaik541&gt; similar to hardcore's?</span><br />
<span class="irc-date">[0:26]</span> <span class="irc-black">&lt;atinm&gt; he runs on a 48 core box.</span><br />
<span class="irc-date">[0:26]</span> <span class="irc-black">&lt;atinm&gt; 48 bloody cores. he can take in the full OPRA datafeed</span><br />
<span class="irc-date">[0:27]</span> <span class="irc-black">&lt;atinm&gt; (OPRA == consolidated options feed - 500,000 symbols)</span><br />
<span class="irc-date">[0:27]</span> <span class="irc-black">&lt;atinm&gt; it brings most machines to their knees.</span><br />
<span class="irc-date">[0:28]</span> <span class="irc-black">&lt;atinm&gt; ok, night!</span><br />
<span class="irc-date">[0:28]</span> <span class="irc-green">* atinm is now known as atinm|night</span><br />
<span class="irc-date">[0:29]</span> <span class="irc-black">&lt;Unhelpful&gt; soooooo.... still looking for a working work-around for a bug reported in 2009 :(</span><br />
<span class="irc-date">[0:32]</span> <span class="irc-green">* ciwrl[bbl] is now known as ciwrl</span><br />
<span class="irc-date">[0:34]</span> <span class="irc-black">&lt;Kaik541&gt; techmik,</span><br />
<span class="irc-date">[0:34]</span> <span class="irc-black">&lt;Kaik541&gt; or anyone</span><br />
<span class="irc-date">[0:34]</span> <span class="irc-black">&lt;techmik&gt; yup</span><br />
<span class="irc-date">[0:35]</span> <span class="irc-black">&lt;Kaik541&gt; do you remember what kernel we used to use for vibrant to do efsbackup?</span><br />
<span class="irc-date">[0:35]</span> <span class="irc-black">&lt;Kaik541&gt; captivate and i9000 used hardcore speedmod</span><br />
<span class="irc-date">[0:35]</span> <span class="irc-black">&lt;techmik&gt; not a clue, sorry</span><br />
<span class="irc-date">[0:35]</span> <span class="irc-black">&lt;techmik&gt; i always used firebird</span><br />
<span class="irc-date">[0:36]</span> <span class="irc-black">&lt;techmik&gt; so i never paid much attention to vibrant</span><br />
<span class="irc-date">[0:36]</span> <span class="irc-black">&lt;Kaik541&gt; me neither, I just realized that vibrant doesn't have an official speedmod kernel</span><br />
<span class="irc-date">[0:36]</span> <span class="irc-black">&lt;Kaik541&gt; and was looking for a kernel that will root</span><br />
<span class="irc-date">[0:36]</span> <span class="irc-black">&lt;Kaik541&gt; and supercurio's injected kernel will, but without the superuser app</span><br />
<span class="irc-date">[0:36]</span> <span class="irc-black">&lt;techmik&gt; snatch a rom... arent the roms rooted?</span><br />
<span class="irc-date">[0:37]</span> <span class="irc-black">&lt;Kaik541&gt; how will you get them to install the ROM xD</span><br />
<span class="irc-date">[0:37]</span> <span class="irc-black">&lt;techmik&gt; ah</span><br />
<span class="irc-date">[0:37]</span> <span class="irc-black">&lt;techmik&gt; hmmm</span><br />
<span class="irc-date">[0:37]</span> <span class="irc-black">&lt;Kaik541&gt; they already have to be rooted for that</span><br />
<span class="irc-date">[0:37]</span> <span class="irc-black">&lt;Kaik541&gt; I have to get them to root without any "one-click" programs so super one click is out</span><br />
<span class="irc-date">[0:38]</span> <span class="irc-black">&lt;techmik&gt; i have an update.zip that roots captivate</span><br />
<span class="irc-date">[0:38]</span> <span class="irc-black">&lt;techmik&gt; from 2e</span><br />
<span class="irc-date">[0:38]</span> <span class="irc-black">&lt;Kaik541&gt; we're saying 2.2</span><br />
<span class="irc-date">[0:38]</span> <span class="irc-black">&lt;techmik&gt; dont remembre where it came from</span><br />
<span class="irc-date">[0:38]</span> <span class="irc-black">&lt;techmik&gt; hmmmm</span><br />
<span class="irc-date">[0:38]</span> <span class="irc-black">&lt;Kaik541&gt; so I'm requiring everyone to be on 2.2 for their respective devices</span><br />
<span class="irc-date">[0:38]</span> <span class="irc-black">&lt;Kaik541&gt; <a href="http://wiki.cyanogenmod.com/index.php?title=User:Kaik541">http://wiki.cyanogenmod.com/index.php?title=User:Kaik541</a></span><br />
<span class="irc-date">[0:39]</span> <span class="irc-black">&lt;techmik&gt; so if they need to 1 click to stock, they have to go to 2.2, like i just did.....</span><br />
<span class="irc-date">[0:39]</span> <span class="irc-black">&lt;techmik&gt; which required an old update.zip</span><br />
<span class="irc-date">[0:39]</span> <span class="irc-black">&lt;techmik&gt; hmmm</span><br />
<span class="irc-date">[0:39]</span> <span class="irc-black">&lt;Kaik541&gt; or just use KIES</span><br />
<span class="irc-date">[0:40]</span> <span class="irc-black">&lt;techmik&gt; i see the problem =)</span><br />
<span class="irc-date">[0:40]</span> <span class="irc-black">&lt;Kaik541&gt; we're going under the assumption that they know how to get to 2.2</span><br />
<span class="irc-date">[0:40]</span> <span class="irc-black">&lt;techmik&gt; makes it ez for us</span><br />
<span class="irc-date">[0:41]</span> <span class="irc-black">&lt;Unhelpful&gt; techmik: lol... there are really not many things a quantum computer can do better.</span><br />
<span class="irc-date">[0:41]</span> <span class="irc-black">&lt;Unhelpful&gt; in fact, there's rather a shortage of algorithms to run on one at all.</span><br />
<span class="irc-date">[0:41]</span> <span class="irc-black">&lt;techmik&gt; i know.... but it will, someday....</span><br />
<span class="irc-date">[0:42]</span> <span class="irc-black">&lt;techmik&gt; if we could afford em, someone would tweak em</span><br />
<span class="irc-date">[0:43]</span> <span class="irc-black">&lt;Unhelpful&gt; this is quantum physics. nobody knows how to make one that is sufficiently generally-programmable to support anything anybody would recognize as an OS.</span><br />
<span class="irc-date">[0:49]</span> <span class="irc-black">&lt;koush&gt; techmik: ok uploading a test now</span><br />
<span class="irc-date">[0:50]</span> <span class="irc-black">&lt;techmik&gt; k</span><br />
<span class="irc-date">[0:51]</span> <span class="irc-black">&lt;techmik&gt; i have a new obsession Kaik541</span><br />
<span class="irc-date">[0:51]</span> <span class="irc-black">&lt;Kaik541&gt; my tears?</span><br />
<span class="irc-date">[0:51]</span> <span class="irc-black">&lt;techmik&gt; i'm using smuxi in windows now, recommended by codeworkx</span><br />
<span class="irc-date">[0:52]</span> <span class="irc-black">&lt;techmik&gt; i have only 1 thing i *need* that it sucks at</span><br />
<span class="irc-date">[0:52]</span> <span class="irc-black">&lt;techmik&gt; it added " beep on hightlight" a while back</span><br />
<span class="irc-date">[0:53]</span> <span class="irc-black">&lt;techmik&gt; 1600 days ago, in fact, i have the page of diffs</span><br />
<span class="irc-date">[0:53]</span> <span class="irc-black">&lt;techmik&gt; but</span><br />
<span class="irc-date">[0:53]</span> <span class="irc-black">&lt;techmik&gt; its literally the tiny beep of the pc speaker only</span><br />
<span class="irc-date">[0:53]</span> <span class="irc-black">&lt;techmik&gt; not a real beep, or choice of alert sound</span><br />
<span class="irc-date">[0:54]</span> <span class="irc-black">&lt;techmik&gt; i want a real highlight sound</span><br />
<span class="irc-date">[0:54]</span> <span class="irc-black">&lt;techmik&gt; <a href="http://www.smuxi.org/repositories/revision/1/037fcce271fb33770e1ebdb9cef5be28f483a864">http://www.smuxi.org/repositories/revision/1/037fcce271fb33770e1ebdb9cef5be28f483a864</a></span><br />
<span class="irc-date">[0:55]</span> <span class="irc-black">&lt;Unhelpful&gt; wtf is smuxi?</span><br />
<span class="irc-date">[0:55]</span> <span class="irc-black">&lt;techmik&gt; chat program</span><br />
<span class="irc-date">[0:55]</span> <span class="irc-black">&lt;Unhelpful&gt; oh, gnome/gtk. skip. ;)</span><br />
<span class="irc-date">[0:55]</span> <span class="irc-black">&lt;techmik&gt; i like it.... so far</span><br />
<span class="irc-date">[0:57]</span> <span class="irc-black">&lt;Kaik541&gt; <a href="http://www.androidcentral.com/samsung-vibrant-captivate-i9000-merged-cyanogenmod-7-tree">http://www.androidcentral.com/samsung-vibrant-captivate-i9000-merged-cyanogenmod-7-tree</a></span><br />
<span class="irc-date">[0:57]</span> <span class="irc-black">&lt;Kaik541&gt; really</span><br />
<span class="irc-date">[0:58]</span> <span class="irc-black">&lt;techmik&gt; Unhelpful: <a href="http://www.smuxi.org/main/">http://www.smuxi.org/main/</a></span><br />
<span class="irc-date">[0:58]</span> <span class="irc-brick">* Unhelpful plugs quassel again</span><br />
<span class="irc-date">[0:58]</span> <span class="irc-black">&lt;techmik&gt; Sound support by notification daemons which support this extension</span><br />
<span class="irc-date">[1:02]</span> <span class="irc-black">&lt;techmik&gt; seems like there should be a way to add/change the beep</span><br />
<span class="irc-date">[1:03]</span> <span class="irc-black">&lt;techmik&gt; i tested quassel but i cant remember what i didnt like.......</span><br />
<span class="irc-date">[1:03]</span> <span class="irc-brick">* gehzumteufel likes quassel</span><br />
<span class="irc-date">[1:04]</span> <span class="irc-black">&lt;koush&gt; techmik: ok try it now</span><br />
<span class="irc-date">[1:04]</span> <span class="irc-black">&lt;koush&gt; its in RM</span><br />
<span class="irc-date">[1:04]</span> <span class="irc-black">&lt;koush&gt; it iwll be listed under "koush"</span><br />
<span class="irc-date">[1:05]</span> <span class="irc-black">&lt;techmik&gt; i see it</span><br />
<span class="irc-date">[1:05]</span> <span class="irc-black">&lt;techmik&gt; downloading</span><br />
<span class="irc-date">[1:05]</span> <span class="irc-black">&lt;Unhelpful&gt; techmik: if you only used it on one computer you missed its best features. ;)</span><br />
<span class="irc-date">[1:06]</span> <span class="irc-black">&lt;Unhelpful&gt; so, these nightlies... they're good, working builds? ;)</span><br />
<span class="irc-date">[1:07]</span> <span class="irc-black">&lt;koush&gt; about to find out</span><br />
<span class="irc-date">[1:08]</span> <span class="irc-green">* chaembian (~chaembian@122.174.207.46) has joined this channel.</span><br />
<span class="irc-date">[1:08]</span> <span class="irc-brick">* Unhelpful googles "ASCII facepalm" so that he can respond appropriately ;)</span><br />
<span class="irc-date">[1:08]</span> <span class="irc-black">&lt;ciwrl&gt; lol</span><br />
<span class="irc-date">[1:08]</span> <span class="irc-black">&lt;Unhelpful&gt; these are all too large, i was really hoping for a 1-liner.</span><br />
<span class="irc-date">[1:09]</span> <span class="irc-black">&lt;gehzumteufel&gt; A 1 line facepalm?.....</span><br />
<span class="irc-date">[1:10]</span> <span class="irc-black">&lt;Unhelpful&gt; yes.... sort of the opposite of \o/ ;)</span><br />
<span class="irc-date">[1:10]</span> <span class="irc-green">* ChanServ sets mode +v chaembian</span><br />
<span class="irc-date">[1:11]</span> <span class="irc-black">&lt;chaembian&gt; Good morning all!</span><br />
<span class="irc-date">[1:11]</span> <span class="irc-brick">* Unhelpful is... manually extracting his full duplicity backup ;(</span><br />
<span class="irc-date">[1:15]</span> <span class="irc-black">&lt;techmik&gt; koush_ it downloaded, i chosee ok to reboot and continue, and itt rebooted into my 2.2 rom's integrated cwm.....</span><br />
<span class="irc-date">[1:15]</span> <span class="irc-green">* nullghost (~justin@c-76-18-157-237.hsd1.tn.comcast.net) has joined this channel.</span><br />
<span class="irc-date">[1:15]</span> <span class="irc-green">* ciwrl is now known as kmoobs</span><br />
<span class="irc-date">[1:15]</span> <span class="irc-green">* kmoobs is now known as ciwrl</span><br />
<span class="irc-date">[1:16]</span> <span class="irc-black">&lt;techmik&gt; no</span><br />
<span class="irc-date">[1:16]</span> <span class="irc-black">&lt;techmik&gt; it rebooted the rom</span><br />
<span class="irc-date">[1:19]</span> <span class="irc-navy">* chaembian (~chaembian@122.174.207.46) Quit (Ping timeout: 240 seconds)</span><br />
<span class="irc-date">[1:21]</span> <span class="irc-black">&lt;ciwrl&gt; assert fail?</span><br />
<span class="irc-date">[1:21]</span> <span class="irc-black">&lt;techmik&gt; no</span><br />
<span class="irc-date">[1:21]</span> <span class="irc-black">&lt;ciwrl&gt; well that sucks</span><br />
<span class="irc-date">[1:21]</span> <span class="irc-black">&lt;techmik&gt; just rebooted right into the kernel's intergrated cwm</span><br />
<span class="irc-date">[1:21]</span> <span class="irc-brick">* ciwrl waits for Unhelpful's facepalm</span><br />
<span class="irc-date">[1:23]</span> <span class="irc-black">&lt;techmik&gt; in /sdcard/clockwork/download/deploy.fu/theres a -kang rom</span><br />
<span class="irc-date">[1:23]</span> <span class="irc-black">&lt;techmik&gt; zip</span><br />
<span class="irc-date">[1:23]</span> <span class="irc-black">&lt;techmik&gt; flash it manually?</span><br />
<span class="irc-date">[1:23]</span> <span class="irc-black">&lt;ciwrl&gt; worth a try</span><br />
<span class="irc-date">[1:23]</span> <span class="irc-black">&lt;ciwrl&gt; could be RM's hooks failed</span><br />
<span class="irc-date">[1:23]</span> <span class="irc-black">&lt;techmik&gt; error status 6</span><br />
<span class="irc-date">[1:24]</span> <span class="irc-black">&lt;ciwrl&gt; koush</span><br />
<span class="irc-date">[1:24]</span> <span class="irc-black">&lt;ciwrl&gt; get in here :)</span><br />
<span class="irc-date">[1:24]</span> <span class="irc-black">&lt;techmik&gt; oh man..... this rom is all ext4</span><br />
<span class="irc-date">[1:24]</span> <span class="irc-black">&lt;koush&gt; ciwrl: ?</span><br />
<span class="irc-date">[1:25]</span> <span class="irc-black">&lt;ciwrl&gt; techmik is struggling</span><br />
<span class="irc-date">[1:25]</span> <span class="irc-black">&lt;ciwrl&gt; RM failed to flash when prompted (just rebooted to recovery); and zip status 6'd on manual flash</span><br />
<span class="irc-date">[1:25]</span> <span class="irc-black">&lt;techmik&gt; no, it rebooted right back into the 2.2 rom</span><br />
<span class="irc-date">[1:26]</span> <span class="irc-black">&lt;ciwrl&gt; oh</span><br />
<span class="irc-date">[1:26]</span> <span class="irc-black">&lt;ciwrl&gt; even worse</span><br />
<span class="irc-date">[1:26]</span> <span class="irc-black">&lt;techmik&gt; ext4 kernel 2.2 rom</span><br />
<span class="irc-date">[1:26]</span> <span class="irc-black">&lt;koush&gt; flash manually again please</span><br />
<span class="irc-date">[1:26]</span> <span class="irc-black">&lt;koush&gt; and when it fails, pull /tmp/recovery.log</span><br />
<span class="irc-date">[1:26]</span> <span class="irc-black">&lt;koush&gt; and pastebin</span><br />
<span class="irc-date">[1:27]</span> <span class="irc-green">* chaembian (~chaembian@122.174.88.77) has joined this channel.</span><br />
<span class="irc-date">[1:27]</span> <span class="irc-green">* ChanServ sets mode +v chaembian</span><br />
<span class="irc-date">[1:29]</span> <span class="irc-black">&lt;techmik_laptop&gt; koush: <a href="http://pastebin.com/KLDXEVc8">http://pastebin.com/KLDXEVc8</a></span><br />
<span class="irc-date">[1:29]</span> <span class="irc-black">&lt;koush&gt; poopsuace.</span><br />
<span class="irc-date">[1:32]</span> <span class="irc-black">&lt;koush&gt; are you savvy with replacing an updater-script techmik_laptop</span><br />
<span class="irc-date">[1:33]</span> <span class="irc-black">&lt;techmik&gt; i believe i can handle it</span><br />
<span class="irc-date">[1:33]</span> <span class="irc-black">&lt;ciwrl&gt; you need to be savy to unzip these days?</span><br />
<span class="irc-date">[1:33]</span> <span class="irc-black">&lt;ciwrl&gt; :)</span><br />
<span class="irc-date">[1:33]</span> <span class="irc-black">&lt;techmik&gt; =)</span><br />
<span class="irc-date">[1:36]</span> <span class="irc-black">&lt;techmik&gt; pullin zip ti laptop</span><br />
<span class="irc-date">[1:36]</span> <span class="irc-black">&lt;techmik&gt; got t</span><br />
<span class="irc-date">[1:37]</span> <span class="irc-black">&lt;koush&gt; techmik_laptop: nm i found the problem</span><br />
<span class="irc-date">[1:37]</span> <span class="irc-black">&lt;koush&gt; i can fix it locally without you repacking</span><br />
<span class="irc-date">[1:37]</span> <span class="irc-black">&lt;techmik&gt; lol, k</span><br />
<span class="irc-date">[1:37]</span> <span class="irc-black">&lt;koush&gt; techmik_laptop: but if you want to continue testing</span><br />
<span class="irc-date">[1:37]</span> <span class="irc-black">&lt;koush&gt; while i work on this</span><br />
<span class="irc-date">[1:37]</span> <span class="irc-black">&lt;techmik&gt; sure</span><br />
<span class="irc-date">[1:38]</span> <span class="irc-black">&lt;koush&gt; open that zip up</span><br />
<span class="irc-date">[1:38]</span> <span class="irc-black">&lt;koush&gt; and remove the lines about assert</span><br />
<span class="irc-date">[1:40]</span> <span class="irc-black">&lt;koush&gt; its the first 4 lines of spam</span><br />
<span class="irc-date">[1:40]</span> <span class="irc-black">&lt;koush&gt; then repack and flash</span><br />
<span class="irc-date">[1:43]</span> <span class="irc-black">&lt;techmik&gt; gotta run to store and walk dogs..... 15-20 mins......</span><br />
<span class="irc-date">[1:48]</span> <span class="irc-green">* TMC_Sherpa_ (~TMC_Sherp@c-67-173-42-196.hsd1.il.comcast.net) has joined this channel.</span><br />
<span class="irc-date">[1:48]</span> <span class="irc-green">* TMC_Sherpa_ is now known as TMC_Sherpa</span><br />
<span class="irc-date">[1:52]</span> <span class="irc-navy">* chaembian (~chaembian@122.174.88.77) Quit (Ping timeout: 246 seconds)</span><br />
<span class="irc-date">[2:00]</span> <span class="irc-black">&lt;nullghost&gt; TMC_Sherpa: poke.</span><br />
<span class="irc-date">[2:00]</span> <span class="irc-black">&lt;TMC_Sherpa&gt; woof</span><br />
<span class="irc-date">[2:00]</span> <span class="irc-black">&lt;nullghost&gt; TMC_Sherpa: when you made those regulator diffs, was it intentional that you diffed the two different regulators? 8893 vs 8998?</span><br />
<span class="irc-date">[2:01]</span> <span class="irc-black">&lt;TMC_Sherpa&gt; no?</span><br />
<span class="irc-date">[2:01]</span> <span class="irc-black">&lt;TMC_Sherpa&gt; did I?</span><br />
<span class="irc-date">[2:01]</span> <span class="irc-black">&lt;nullghost&gt; yeah, you diffed max8893.c vs victory/max8998.c</span><br />
<span class="irc-date">[2:02]</span> <span class="irc-black">&lt;nullghost&gt; which are we supposed to use? 8998?</span><br />
<span class="irc-date">[2:02]</span> <span class="irc-black">&lt;TMC_Sherpa&gt; I'm pretty sure I just ran diff after moving the stuff out of the victory directories</span><br />
<span class="irc-date">[2:02]</span> <span class="irc-black">&lt;TMC_Sherpa&gt; diff -wrp on the whole tree</span><br />
<span class="irc-date">[2:03]</span> <span class="irc-black">&lt;nullghost&gt; well here's the diff in question</span><br />
<span class="irc-date">[2:03]</span> <span class="irc-black">&lt;nullghost&gt; <a href="http://paste.pocoo.org/show/391505/">http://paste.pocoo.org/show/391505/</a></span><br />
<span class="irc-date">[2:03]</span> <span class="irc-black">&lt;TMC_Sherpa&gt; it looks like you guys use both 8893 is something else</span><br />
<span class="irc-date">[2:03]</span> <span class="irc-black">&lt;nullghost&gt; ok, so that probably means we use both 8893 and 8998</span><br />
<span class="irc-date">[2:03]</span> <span class="irc-black">&lt;nullghost&gt; grr.</span><br />
<span class="irc-date">[2:04]</span> <span class="irc-black">&lt;UberPinguin&gt; .32 used 8893 and 8998, but I don't think .35 does</span><br />
<span class="irc-date">[2:04]</span> <span class="irc-black">&lt;nullghost&gt; so maybe if we fix 8998 we can get away with leaving 8893 alone</span><br />
<span class="irc-date">[2:04]</span> <span class="irc-black">&lt;UberPinguin&gt; Or maybe we need to rewrite it todo so  &gt;.&lt;</span><br />
<span class="irc-date">[2:04]</span> <span class="irc-black">&lt;TMC_Sherpa&gt; it should your hardware is still the same</span><br />
<span class="irc-date">[2:05]</span> <span class="irc-black">&lt;nullghost&gt; TMC_Sherpa: which regulator do the other devices use?</span><br />
<span class="irc-date">[2:05]</span> <span class="irc-black">&lt;nullghost&gt; does. that sounded funny in my head.</span><br />
<span class="irc-date">[2:05]</span> <span class="irc-black">&lt;TMC_Sherpa&gt; I honestly don't remember doing that diff but it woldn't surprise me if I fatfingered something</span><br />
<span class="irc-date">[2:05]</span> <span class="irc-black">&lt;koush&gt; techmik_laptop: ok bug fixed</span><br />
<span class="irc-date">[2:05]</span> <span class="irc-black">&lt;koush&gt; putting a new update out now</span><br />
<span class="irc-date">[2:05]</span> <span class="irc-black">&lt;TMC_Sherpa&gt; 8998</span><br />
<span class="irc-date">[2:06]</span> <span class="irc-black">&lt;techmik&gt; back</span><br />
<span class="irc-date">[2:07]</span> <span class="irc-black">&lt;TMC_Sherpa&gt; 8893 is something special for your phone only iirc</span><br />
<span class="irc-date">[2:08]</span> <span class="irc-green">* zachy_md (~zacharias@chello084114179145.16.15.vie.surfer.at) has left this channel.</span><br />
<span class="irc-date">[2:08]</span> <span class="irc-black">&lt;Unhelpful&gt; max8998... the PMIC rite?</span><br />
<span class="irc-date">[2:08]</span> <span class="irc-black">&lt;TMC_Sherpa&gt; ya</span><br />
<span class="irc-date">[2:09]</span> <span class="irc-black">&lt;Unhelpful&gt; extracting 2k tgz files :D</span><br />
<span class="irc-date">[2:09]</span> <span class="irc-black">&lt;TMC_Sherpa&gt; but the epic also has 8893</span><br />
<span class="irc-date">[2:09]</span> <span class="irc-black">&lt;TMC_Sherpa&gt; figure out a way to get your files back then?</span><br />
<span class="irc-date">[2:12]</span> <span class="irc-black">&lt;koush&gt; techmik_laptop: ok new update is up</span><br />
<span class="irc-date">[2:12]</span> <span class="irc-black">&lt;koush&gt; it'll be called test2</span><br />
<span class="irc-date">[2:13]</span> <span class="irc-black">&lt;techmik&gt; downloading</span><br />
<span class="irc-date">[2:15]</span> <span class="irc-black">&lt;Unhelpful&gt; TMC_Sherpa: it en't pretty. :)</span><br />
<span class="irc-date">[2:15]</span> <span class="irc-black">&lt;TMC_Sherpa&gt; doesn't sound like it</span><br />
<span class="irc-date">[2:16]</span> <span class="irc-black">&lt;Unhelpful&gt; duplicity breaks your backup into xxMB tarfiles... if files are bigger than that, well, it packs part of them in each file, until they're complete and it can move on</span><br />
<span class="irc-date">[2:17]</span> <span class="irc-black">&lt;Unhelpful&gt; so, i unpack these 2300 or so tgz files, and what i get is directory "snapshot" w/ all of the small files in my filesystem, and a directory "multivol_snapshot" that has a directory for each big file w/ files 1, 2, 3 etc in it. :/</span><br />
<span class="irc-date">[2:18]</span> <span class="irc-black">&lt;Unhelpful&gt; reassembling these isn't exactly impossible, but, big friggin pain. :P</span><br />
<span class="irc-date">[2:18]</span> <span class="irc-black">&lt;TMC_Sherpa&gt; yuck</span><br />
<span class="irc-date">[2:20]</span> <span class="irc-black">&lt;Unhelpful&gt; yeah, well, the *program* was meant to reassemble them</span><br />
<span class="irc-date">[2:20]</span> <span class="irc-black">&lt;Unhelpful&gt; but it stops dead on any error and there's no --continue-the-hell-on-anyway</span><br />
<span class="irc-date">[2:20]</span> <span class="irc-black">&lt;TMC_Sherpa&gt; no I get that part, just seems like a weird way for a program to make a backup</span><br />
<span class="irc-date">[2:21]</span> <span class="irc-black">&lt;TMC_Sherpa&gt; are they 1.44MB in size so you can fit them on a floppy :P</span><br />
<span class="irc-date">[2:24]</span> <span class="irc-black">&lt;Unhelpful&gt; hah, no, but the idea is that they're convenient sizes to transfer over a network, via ssh, sftp, scp, or to one of several supported network object stores like allmydata or s3.</span><br />
<span class="irc-date">[2:25]</span> <span class="irc-black">&lt;Unhelpful&gt; i think default is 25MB or such?</span><br />
<span class="irc-date">[2:27]</span> <span class="irc-black">&lt;Unhelpful&gt; 1.44MB would be funny though, i should ask if they'd take a "protocol" handler for prompting the user to insert a new floppy.</span><br />
<span class="irc-date">[2:28]</span> <span class="irc-black">&lt;Unhelpful&gt; they may well already have one, for tape drives...</span><br />
<span class="irc-date">[2:29]</span> <span class="irc-black">&lt;TMC_Sherpa&gt; I hate tape backup.  brings back nightmares</span><br />
<span class="irc-date">[2:29]</span> <span class="irc-green">* knowsnotmuch (~ashwinds@122.174.67.99) has joined this channel.</span><br />
<span class="irc-date">[2:29]</span> <span class="irc-green">* ChanServ sets mode +v knowsnotmuch</span><br />
<span class="irc-date">[2:30]</span> <span class="irc-black">&lt;knowsnotmuch&gt; woohoo - where is the party :)</span><br />
<span class="irc-date">[2:30]</span> <span class="irc-black">&lt;knowsnotmuch&gt; awesome work you guys</span><br />
<span class="irc-date">[2:33]</span> <span class="irc-black">&lt;TMC_Sherpa&gt; UberPinguin: did you guys change all the voltages in mach-aries?</span><br />
<span class="irc-date">[2:36]</span> <span class="irc-black">&lt;techmik&gt; it is still rebooting right into the rom</span><br />
<span class="irc-date">[2:36]</span> <span class="irc-black">&lt;techmik&gt; lemme test something</span><br />
<span class="irc-date">[2:40]</span> <span class="irc-navy">* knowsnotmuch (~ashwinds@122.174.67.99) Quit (Read error: Connection reset by peer)</span><br />
<span class="irc-date">[2:41]</span> <span class="irc-green">* knowsnotmuch (~ashwinds@122.174.67.99) has joined this channel.</span><br />
<span class="irc-date">[2:41]</span> <span class="irc-green">* ChanServ sets mode +v knowsnotmuch</span><br />
<span class="irc-date">[2:41]</span> <span class="irc-black">&lt;TMC_Sherpa&gt; knowsnotmuch: it ain't over yet</span><br />
<span class="irc-date">[2:42]</span> <span class="irc-black">&lt;knowsnotmuch&gt; TMC_Sherpa, yeah - saw just the tweets :)</span><br />
<span class="irc-date">[2:42]</span> <span class="irc-black">&lt;knowsnotmuch&gt; will read the logs now to answer Y I No see i9000 on rom manager?</span><br />
<span class="irc-date">[2:43]</span> <span class="irc-black">&lt;TMC_Sherpa&gt; oh we dropped that one captivate vibrant and epic all the way</span><br />
<span class="irc-date">[2:43]</span> <span class="irc-black">&lt;TMC_Sherpa&gt; :P</span><br />
<span class="irc-date">[2:44]</span> <span class="irc-black">&lt;knowsnotmuch&gt; lol</span><br />
<span class="irc-date">[2:45]</span> <span class="irc-black">&lt;Kaik541&gt; Unhelpful, the CM guys want to know your twitter</span><br />
<span class="irc-date">[2:45]</span> <span class="irc-black">&lt;Kaik541&gt; I told them you don't use it, they asked again xD</span><br />
<span class="irc-date">[2:46]</span> <span class="irc-navy">* gehzumteufel (~gehzumteu@adsl-76-252-171-187.dsl.lsan03.sbcglobal.net) Quit (Quit: gehzumteufel)</span><br />
<span class="irc-date">[2:46]</span> <span class="irc-black">&lt;knowsnotmuch&gt; lol</span><br />
<span class="irc-date">[2:46]</span> <span class="irc-black">&lt;knowsnotmuch&gt; Unhelpful, DID tweet ONCE</span><br />
<span class="irc-date">[2:47]</span> <span class="irc-black">&lt;Kaik541&gt; knowsnotmuch, what's his twitter?</span><br />
<span class="irc-date">[2:47]</span> <span class="irc-black">&lt;Kaik541&gt; just so they stop asking me</span><br />
<span class="irc-date">[2:47]</span> <span class="irc-black">&lt;knowsnotmuch&gt; <a href="http://twitter.com/#!/UnhelpfulOne">http://twitter.com/#!/UnhelpfulOne</a></span><br />
<span class="irc-date">[2:52]</span> <span class="irc-black">&lt;techmik&gt; i tried to flash manually from stock and it also rebooted into the same rom.... no /tmp/recovery.log to pull it says</span><br />
<span class="irc-date">[2:56]</span> <span class="irc-black">&lt;koush&gt; techmik: hosed?</span><br />
<span class="irc-date">[2:56]</span> <span class="irc-black">&lt;koush&gt; new update did not work?</span><br />
<span class="irc-date">[2:56]</span> <span class="irc-black">&lt;techmik&gt; nope, same thing</span><br />
<span class="irc-date">[2:56]</span> <span class="irc-black">&lt;techmik&gt; but no log</span><br />
<span class="irc-date">[2:56]</span> <span class="irc-black">&lt;koush&gt; status 6?</span><br />
<span class="irc-date">[2:56]</span> <span class="irc-black">&lt;techmik&gt; yes</span><br />
<span class="irc-date">[2:57]</span> <span class="irc-black">&lt;koush&gt; are you sure you pushed the right file</span><br />
<span class="irc-date">[2:57]</span> <span class="irc-black">&lt;koush&gt; they have the same name</span><br />
<span class="irc-date">[2:57]</span> <span class="irc-black">&lt;koush&gt; err installed the right file rather</span><br />
<span class="irc-date">[2:57]</span> <span class="irc-black">&lt;koush&gt; pastebin me your updater-script</span><br />
<span class="irc-date">[2:57]</span> <span class="irc-black">&lt;koush&gt; in the file you installed</span><br />
<span class="irc-date">[2:58]</span> <span class="irc-black">&lt;techmik&gt; sec</span><br />
<span class="irc-date">[3:01]</span> <span class="irc-black">&lt;techmik&gt; sec, error opening zip... lemme redownload.....</span><br />
<span class="irc-date">[3:01]</span> <span class="irc-black">&lt;techmik&gt; 3rd time</span><br />
<span class="irc-date">[3:02]</span> <span class="irc-black">&lt;koush&gt; error opening zip?</span><br />
<span class="irc-date">[3:02]</span> <span class="irc-black">&lt;koush&gt; you may not be able to use unzip on device to unzip it</span><br />
<span class="irc-date">[3:02]</span> <span class="irc-black">&lt;koush&gt; it will say flags 1 and 8 are not supported</span><br />
<span class="irc-date">[3:02]</span> <span class="irc-black">&lt;koush&gt; busybox unzip sucks</span><br />
<span class="irc-date">[3:02]</span> <span class="irc-black">&lt;techmik&gt; no, on laptop</span><br />
<span class="irc-date">[3:02]</span> <span class="irc-black">&lt;techmik&gt; got error with archive mounter, manager, and extract</span><br />
<span class="irc-date">[3:05]</span> <span class="irc-black">&lt;koush&gt; <a href="http://romshare.deployfu.com/downloads/1/114/update-cm-7.1.0-Captivate-KANG-signed.zip">http://romshare.deployfu.com/downloads/1/114/update-cm-7.1.0-Captivate-KANG-signed.zip</a></span><br />
<span class="irc-date">[3:12]</span> <span class="irc-black">&lt;techmik&gt; checkoing state of bml....</span><br />
<span class="irc-date">[3:12]</span> <span class="irc-black">&lt;techmik&gt; ebooting.....</span><br />
<span class="irc-date">[3:13]</span> <span class="irc-black">&lt;techmik&gt; in rom again</span><br />
<span class="irc-date">[3:16]</span> <span class="irc-black">&lt;techmik&gt; no tmp/recovery.log</span><br />
<span class="irc-date">[3:25]</span> <span class="irc-black">&lt;Unhelpful&gt; bahahahahah i don't *use* my twitter!</span><br />
<span class="irc-date">[3:25]</span> <span class="irc-black">&lt;Kaik541&gt; that's what I told them :)</span><br />
<span class="irc-date">[3:25]</span> <span class="irc-black">&lt;knowsnotmuch&gt; they dont care. Unhelpful IS on twitter</span><br />
<span class="irc-date">[3:26]</span> <span class="irc-black">&lt;Unhelpful&gt; but...but....</span><br />
<span class="irc-date">[3:27]</span> <span class="irc-black">&lt;koush&gt; get me your updater-script</span><br />
<span class="irc-date">[3:27]</span> <span class="irc-black">&lt;koush&gt; from that zip please</span><br />
<span class="irc-date">[3:28]</span> <span class="irc-black">&lt;techmik_laptop&gt; sec</span><br />
<span class="irc-date">[3:29]</span> <span class="irc-black">&lt;Unhelpful&gt; ok, so, a *good* program for full and incremental backups, over ssh (or possibly other network storage), that can do compression, and can store only differences for large files w/ small changes? there seem to be a few based on storing rsync-ish data to disk - duplicity is one, but look how well that went. :P</span><br />
<span class="irc-date">[3:31]</span> <span class="irc-black">&lt;techmik_laptop&gt; koush: <a href="http://pastebin.com/ZAcB3Vuk">http://pastebin.com/ZAcB3Vuk</a></span><br />
<span class="irc-date">[3:31]</span> <span class="irc-navy">* knowsnotmuch (~ashwinds@122.174.67.99) Quit (Read error: Connection reset by peer)</span><br />
<span class="irc-date">[3:32]</span> <span class="irc-green">* knowsnotmuch (~ashwinds@122.174.67.99) has joined this channel.</span><br />
<span class="irc-date">[3:32]</span> <span class="irc-green">* ChanServ sets mode +v knowsnotmuch</span><br />
<span class="irc-date">[3:33]</span> <span class="irc-black">&lt;techmik_laptop&gt; different build error than before:</span><br />
<span class="irc-date">[3:34]</span> <span class="irc-black">&lt;techmik_laptop&gt; make: *** No rule to make target `device/samsung/aries-common/../../../vendor/samsung/captivatemtd/proprietary/modem.bin', needed by `out/target/product/captivatemtd/obj/EXECUTABLES/modem.bin_intermediates/modem.bin'.  Stop.</span><br />
<span class="irc-date">[3:36]</span> <span class="irc-black">&lt;techmik_laptop&gt; still here as techmik... brb on laptop also</span><br />
<span class="irc-date">[3:36]</span> <span class="irc-navy">* techmik_laptop (~techmik@c-76-109-173-83.hsd1.fl.comcast.net) Quit (Remote host closed the connection)</span><br />
<span class="irc-date">[3:38]</span> <span class="irc-black">&lt;koush&gt; yeah just sync and then build</span><br />
<span class="irc-date">[3:38]</span> <span class="irc-black">&lt;koush&gt; repo sync vendor/samsung</span><br />
<span class="irc-date">[3:39]</span> <span class="irc-black">&lt;techmik&gt; vendor/samsung not found</span><br />
<span class="irc-date">[3:40]</span> <span class="irc-black">&lt;koush&gt; do you not have the proprietary shit checked out</span><br />
<span class="irc-date">[3:40]</span> <span class="irc-black">&lt;koush&gt; or a local_manifest.xcml</span><br />
<span class="irc-date">[3:40]</span> <span class="irc-black">&lt;koush&gt; xml*</span><br />
<span class="irc-date">[3:41]</span> <span class="irc-navy">* knowsnotmuch (~ashwinds@122.174.67.99) Quit (Ping timeout: 246 seconds)</span><br />
<span class="irc-date">[3:41]</span> <span class="irc-black">&lt;techmik&gt; i see it in .repo manifests</span><br />
<span class="irc-date">[3:42]</span> <span class="irc-black">&lt;koush&gt; pastebin yours for me</span><br />
<span class="irc-date">[3:42]</span> <span class="irc-black">&lt;koush&gt; err wait in .repo/manfiests?</span><br />
<span class="irc-date">[3:42]</span> <span class="irc-black">&lt;techmik&gt; yes</span><br />
<span class="irc-date">[3:42]</span> <span class="irc-black">&lt;koush&gt; exact path from root of android&gt;?</span><br />
<span class="irc-date">[3:42]</span> <span class="irc-black">&lt;koush&gt; are you using the cm android manifest</span><br />
<span class="irc-date">[3:42]</span> <span class="irc-black">&lt;koush&gt; meh dont worry about it :)</span><br />
<span class="irc-date">[3:42]</span> <span class="irc-black">&lt;koush&gt; I'll rebuild</span><br />
<span class="irc-date">[3:42]</span> <span class="irc-black">&lt;techmik&gt; sec</span><br />
<span class="irc-date">[3:45]</span> <span class="irc-black">&lt;koush&gt; ah i love <a href="http://romshare.deployfu.com,">http://romshare.deployfu.com,</a> makes it so ridiculous easy for me to get tests out</span><br />
<span class="irc-date">[3:45]</span> <span class="irc-black">&lt;techmik&gt; =)</span><br />
<span class="irc-date">[3:45]</span> <span class="irc-green">* techmik_laptop (~quassel@c-76-109-173-83.hsd1.fl.comcast.net) has joined this channel.</span><br />
<span class="irc-date">[3:45]</span> <span class="irc-green">* ChanServ sets mode +o techmik_laptop</span><br />
<span class="irc-date">[3:47]</span> <span class="irc-navy">* techmik_laptop (~quassel@c-76-109-173-83.hsd1.fl.comcast.net) Quit (Client Quit)</span><br />
<span class="irc-date">[3:47]</span> <span class="irc-green">* techmik_laptop (~quassel@c-76-109-173-83.hsd1.fl.comcast.net) has joined this channel.</span><br />
<span class="irc-date">[3:47]</span> <span class="irc-green">* ChanServ sets mode +o techmik_laptop</span><br />
<span class="irc-date">[3:53]</span> <span class="irc-black">&lt;Kaik541&gt; techmik, Unhelpful, just fyi I installed the netflix from the market and it works fine now (audio and vidoe)</span><br />
<span class="irc-date">[3:53]</span> <span class="irc-black">&lt;Kaik541&gt; video*</span><br />
<span class="irc-date">[3:53]</span> <span class="irc-black">&lt;techmik&gt; excellent</span><br />
<span class="irc-date">[3:58]</span> <span class="irc-black">&lt;techmik&gt; Unhelpful: is therre anyway to move the channel list from the left side to the bottom?</span><br />
<span class="irc-date">[3:59]</span> <span class="irc-black">&lt;techmik&gt; and the timestamp area is hge.....</span><br />
<span class="irc-date">[3:59]</span> <span class="irc-black">&lt;techmik&gt; huge</span><br />
<span class="irc-date">[3:59]</span> <span class="irc-black">&lt;Unhelpful&gt; drag it smaller?</span><br />
<span class="irc-date">[3:59]</span> <span class="irc-black">&lt;Unhelpful&gt; i can't seem to drop chanlist under chat area</span><br />
<span class="irc-date">[3:59]</span> <span class="irc-black">&lt;techmik&gt; then it cuts off nicks</span><br />
<span class="irc-date">[3:59]</span> <span class="irc-black">&lt;koush&gt; techmik: btw new test is up</span><br />
<span class="irc-date">[3:59]</span> <span class="irc-black">&lt;techmik&gt; k</span><br />
