<span class="irc-date">[0:20]</span> <span class="irc-navy">* Socrates13 (~chatzilla@168.16.143.73) Quit (Remote host closed the connection)</span><br />
<span class="irc-date">[0:22]</span> <span class="irc-green">* atinm (~atin@unaffiliated/atinm) has joined this channel.</span><br />
<span class="irc-date">[0:22]</span> <span class="irc-green">* ChanServ sets mode +o atinm</span><br />
<span class="irc-date">[0:24]</span> <span class="irc-black">&lt;techmik67&gt; ok, this has never happened b4.... cell standby used more battery than wifi today, 7 hrs 11 mins</span><br />
<span class="irc-date">[0:25]</span> <span class="irc-black">&lt;techmik67&gt; 12% vs 7%</span><br />
<span class="irc-date">[0:28]</span> <span class="irc-black">&lt;techmik67&gt; so do they also review our kernel before we go mainline, or thats all us?</span><br />
<span class="irc-date">[0:31]</span> <span class="irc-black">&lt;atinm&gt; all us</span><br />
<span class="irc-date">[0:31]</span> <span class="irc-black">&lt;atinm&gt; kernel is ours.</span><br />
<span class="irc-date">[0:31]</span> <span class="irc-black">&lt;techmik67&gt; k</span><br />
<span class="irc-date">[0:31]</span> <span class="irc-black">&lt;atinm&gt; only things reviewed are things that are common/shared between phones</span><br />
<span class="irc-date">[0:32]</span> <span class="irc-black">&lt;atinm&gt; others might still be reviewed for consistency etc, but a lower bar</span><br />
<span class="irc-date">[0:32]</span> <span class="irc-black">&lt;techmik67&gt; got it</span><br />
<span class="irc-date">[0:32]</span> <span class="irc-green">* TMC_Sherpa (~jeff@c-67-173-42-196.hsd1.il.comcast.net) has joined this channel.</span><br />
<span class="irc-date">[0:33]</span> <span class="irc-black">&lt;atinm&gt; chiggy wiggy lyrics</span><br />
<span class="irc-date">[0:33]</span> <span class="irc-black">&lt;atinm&gt; lol :)</span><br />
<span class="irc-date">[0:33]</span> <span class="irc-black">&lt;atinm&gt; my son insisted on playing this song all evening</span><br />
<span class="irc-date">[0:33]</span> <span class="irc-black">&lt;atinm&gt; so now I have to know the lyrics..</span><br />
<span class="irc-date">[0:33]</span> <span class="irc-black">&lt;techmik67&gt; lol</span><br />
<span class="irc-date">[0:34]</span> <span class="irc-black">&lt;atinm&gt; <a href="http://www.indicine.com/movies/bollywood/chiggy-wiggy-lyrics-blue/">http://www.indicine.com/movies/bollywood/chiggy-wiggy-lyrics-blue/</a> kinda fun actually</span><br />
<span class="irc-date">[0:34]</span> <span class="irc-black">&lt;atinm&gt; video and everything</span><br />
<span class="irc-date">[0:35]</span> <span class="irc-black">&lt;atinm&gt; its a Rahman song . . . the guy who won an oscar for the music on slumdog millionaire</span><br />
<span class="irc-date">[0:36]</span> <span class="irc-black">&lt;atinm&gt; (and an outright genius of bollywood music)</span><br />
<span class="irc-date">[0:37]</span> <span class="irc-black">&lt;zachy_md&gt; i looove bollywood</span><br />
<span class="irc-date">[0:37]</span> <span class="irc-black">&lt;zachy_md&gt; sounds nice actually</span><br />
<span class="irc-date">[0:37]</span> <span class="irc-black">&lt;zachy_md&gt; anyone tried out MIUI ?</span><br />
<span class="irc-date">[0:37]</span> <span class="irc-black">&lt;atinm&gt; I refuse.</span><br />
<span class="irc-date">[0:37]</span> <span class="irc-black">&lt;atinm&gt; its closed.</span><br />
<span class="irc-date">[0:37]</span> <span class="irc-black">&lt;zachy_md&gt; i can't believe how polished it appears</span><br />
<span class="irc-date">[0:37]</span> <span class="irc-black">&lt;zachy_md&gt; *appears*</span><br />
<span class="irc-date">[0:37]</span> <span class="irc-black">&lt;zachy_md&gt; ;)</span><br />
<span class="irc-date">[0:37]</span> <span class="irc-black">&lt;zachy_md&gt; but it's soo laggy and almost all apps force-close for me</span><br />
<span class="irc-date">[0:38]</span> <span class="irc-black">&lt;zachy_md&gt; I just started an adventure and wanted to see what all the fuss is about</span><br />
<span class="irc-date">[0:38]</span> <span class="irc-black">&lt;zachy_md&gt; will be back with CM7 in an instant</span><br />
<span class="irc-date">[0:38]</span> <span class="irc-black">&lt;zachy_md&gt; lol</span><br />
<span class="irc-date">[0:38]</span> <span class="irc-black">&lt;atinm&gt; eh. its built on cm7 kernel . . . so our stuff still sits under it</span><br />
<span class="irc-date">[0:43]</span> <span class="irc-black">&lt;atinm&gt; I guess 'chiggy wiggy" is the bollywood version of "getting jiggy"</span><br />
<span class="irc-date">[0:47]</span> <span class="irc-black">&lt;zachy_md&gt; gotta watch the video - without it it's only half the fun ;)</span><br />
<span class="irc-date">[0:47]</span> <span class="irc-black">&lt;zachy_md&gt; <a href="http://www.youtube.com/watch?v=1eixTmds-6Q&amp;NR=1">http://www.youtube.com/watch?v=1eixTmds-6Q&amp;NR=1</a></span><br />
<span class="irc-date">[0:50]</span> <span class="irc-green">* teamhacksung (~teamhacks@sh1-ext.rs.github.com) has joined this channel.</span><br />
<span class="irc-date">[0:50]</span> <span class="irc-black">&lt;teamhacksung&gt; android_kernel_samsung: android-samsung-2.6.35 kang * 8b10c63 (1 files in 1 dirs): bump the refresh frequency and tweak the screen timings ...</span><br />
<span class="irc-date">[0:50]</span> <span class="irc-black">&lt;teamhacksung&gt; android_kernel_samsung: android-samsung-2.6.35 atinm * a4a3ac5 (13 files in 2 dirs): Merge branch 'android-samsung-2.6.35' of git://github.com/teamhacksung/android_kernel_samsung into android-samsung-2.6.35</span><br />
<span class="irc-date">[0:50]</span> <span class="irc-black">&lt;teamhacksung&gt; android_kernel_samsung: android-samsung-2.6.35 commits f9977a6...a4a3ac5 - <a href="http://bit.ly/hGFvaq">http://bit.ly/hGFvaq</a></span><br />
<span class="irc-date">[0:50]</span> <span class="irc-green">* teamhacksung (~teamhacks@sh1-ext.rs.github.com) has left this channel.</span><br />
<span class="irc-date">[0:57]</span> <span class="irc-black">&lt;atinm&gt; (I have to say it sounds better to me when the indian voices start to sing bhangra)</span><br />
<span class="irc-date">[0:58]</span> <span class="irc-black">&lt;techmik67&gt; i havent seen the problems supercurio mentions......</span><br />
<span class="irc-date">[0:59]</span> <span class="irc-black">&lt;techmik67&gt; <a href="http://twitter.com/#!/supercurio/status/58332216731779072">http://twitter.com/#!/supercurio/status/58332216731779072</a></span><br />
<span class="irc-date">[0:59]</span> <span class="irc-black">&lt;zachy_md&gt; maybe he's referring to the weird green tint to the screen when locking the screen while the locking screen animation is disabled</span><br />
