<span class="irc-date">[0:15]</span> <span class="irc-navy">* dasunsrule32 (~dasunsrul@christiantechsaz.com) Quit (Ping timeout: 276 seconds)</span><br />
<span class="irc-date">[0:49]</span> <span class="irc-green">* coolya is now known as coolya|away</span><br />
<span class="irc-date">[1:02]</span> <span class="irc-navy">* atinm|away (~atin@unaffiliated/atinm) Quit (Quit: atinm|away)</span><br />
<span class="irc-date">[12:56]</span> <span class="irc-brown">-zelazny.freenode.net- *** Looking up your hostname...</span><br />
<span class="irc-date">[12:56]</span> <span class="irc-brown">-zelazny.freenode.net- *** Checking Ident</span><br />
<span class="irc-date">[12:56]</span> <span class="irc-brown">-zelazny.freenode.net- *** No Ident response</span><br />
<span class="irc-date">[12:56]</span> <span class="irc-brown">-zelazny.freenode.net- *** Found your hostname</span><br />
<span class="irc-date">[12:57]</span> <span class="irc-green">* cmsgsteam-logger (~PircBot@cmsgs.com) has joined this channel.</span><br />
<span class="irc-date">[12:57]</span> <span class="irc-green">* Topic is 'SGS CyanogenMod developers and testers (and other kernel and android hackers) - <a href="http://www.cmsgs.com/'">http://www.cmsgs.com/'</a></span><br />
<span class="irc-date">[12:57]</span> <span class="irc-green">* Set by atinm|night!~atin@unaffiliated/atinm on Sun Dec 19 02:05:32 GMT 2010</span><br />
<span class="irc-date">[12:57]</span> <span class="irc-brown">-ChanServ- [#__topsecret__] SGS-CM6 developers and testers only pls. Others could be kickbanned if not contributing to the channel's function.</span><br />
<span class="irc-date">[12:57]</span> <span class="irc-green">* ChanServ sets mode +o cmsgsteam-logger</span><br />
<span class="irc-date">[13:45]</span> <span class="irc-green">* izibi_ is now known as izibi</span><br />
<span class="irc-date">[14:49]</span> <span class="irc-black">&lt;coolya&gt; rhcp: what about the nook color port? anyone working on that? i think i'll order one ;-)</span><br />
<span class="irc-date">[16:26]</span> <span class="irc-green">* gdanko (~gdanko@99-33-178-151.lightspeed.simica.sbcglobal.net) has joined this channel.</span><br />
<span class="irc-date">[18:05]</span> <span class="irc-green">* skeeterslint (~skeetersl@c-71-192-215-99.hsd1.ma.comcast.net) has joined this channel.</span><br />
<span class="irc-date">[19:55]</span> <span class="irc-green">* coolya is now known as coolya|away</span><br />
<span class="irc-date">[20:11]</span> <span class="irc-green">* coolya|away is now known as coolya</span><br />
<span class="irc-date">[20:18]</span> <span class="irc-green">* thedood|away is now known as thedood|blooped</span><br />
<span class="irc-date">[20:18]</span> <span class="irc-navy">* neldar (~neldar@dsl-217-160-36.pool.bitel.net) Quit (Read error: Connection reset by peer)</span><br />
<span class="irc-date">[20:27]</span> <span class="irc-green">* neldar (~neldar@dsl-217-160-36.pool.bitel.net) has joined this channel.</span><br />
<span class="irc-date">[20:27]</span> <span class="irc-black">&lt;- *neldar* Bot Sentry eingeschalten:  Sie werden jetzt ignoriert!  Ihre Nachricht wird übermittelt wenn sie die folgenden Fragen innerhalb von 10 Minuten richtig beantworten:  How do you spell the result of ten div_ided by 2?</span><br />
<span class="irc-date">[20:30]</span> <span class="irc-navy">* gdanko (~gdanko@99-33-178-151.lightspeed.simica.sbcglobal.net) Quit (Quit: This computer has gone to sleep)</span><br />
<span class="irc-date">[20:35]</span> <span class="irc-green">* ciwrl|away is now known as ciwrl</span><br />
<span class="irc-date">[20:40]</span> <span class="irc-green">* gdanko (~gdanko@99-33-178-151.lightspeed.simica.sbcglobal.net) has joined this channel.</span><br />
<span class="irc-date">[20:46]</span> <span class="irc-navy">* skeeterslint (~skeetersl@c-71-192-215-99.hsd1.ma.comcast.net) Quit (Quit: Leaving)</span><br />
<span class="irc-date">[20:48]</span> <span class="irc-navy">* gdanko (~gdanko@99-33-178-151.lightspeed.simica.sbcglobal.net) Quit (Quit: This computer has gone to sleep)</span><br />
<span class="irc-date">[21:38]</span> <span class="irc-black">&lt;rhcp&gt; coolya: Yea we are in #nookie</span><br />
<span class="irc-date">[21:38]</span> <span class="irc-black">&lt;rhcp&gt; anyone wanting to work on it. may join and help</span><br />
<span class="irc-date">[21:38]</span> <span class="irc-black">&lt;rhcp&gt; we are pretty close to full 2.2 aosp port</span><br />
<span class="irc-date">[21:38]</span> <span class="irc-black">&lt;rhcp&gt; with clock work</span><br />
<span class="irc-date">[21:54]</span> <span class="irc-black">&lt;rhcp&gt; lol</span><br />
<span class="irc-date">[21:54]</span> <span class="irc-black">&lt;rhcp&gt; <a href="http://t.co/L8ROAlN">http://t.co/L8ROAlN</a></span><br />
<span class="irc-date">[21:54]</span> <span class="irc-black">&lt;rhcp&gt; like that was expected?</span><br />
<span class="irc-date">[21:55]</span> <span class="irc-black">&lt;rhcp&gt; 2.2 for sprints samsung</span><br />
<span class="irc-date">[21:59]</span> <span class="irc-black">&lt;coolya&gt; lol</span><br />
<span class="irc-date">[22:10]</span> <span class="irc-green">* jt|drizzunk is now known as jt1134</span><br />
<span class="irc-date">[22:15]</span> <span class="irc-black">&lt;rhcp&gt; seriously a joke</span><br />
<span class="irc-date">[22:15]</span> <span class="irc-black">&lt;rhcp&gt; I am really suprised no one has sued TMO</span><br />
<span class="irc-date">[22:15]</span> <span class="irc-black">&lt;rhcp&gt; and ATT</span><br />
<span class="irc-date">[22:15]</span> <span class="irc-black">&lt;rhcp&gt; and sprint</span><br />
<span class="irc-date">[22:16]</span> <span class="irc-black">&lt;rhcp&gt; a lawyer could have a field trip</span><br />
<span class="irc-date">[22:16]</span> <span class="irc-black">&lt;rhcp&gt; all devices released past galaxy S in the USA has been 2.2+</span><br />
<span class="irc-date">[22:16]</span> <span class="irc-black">&lt;rhcp&gt; even the GT-i900's are offical 2.2</span><br />
<span class="irc-date">[22:16]</span> <span class="irc-black">&lt;rhcp&gt; fucking galtab is 2.2</span><br />
<span class="irc-date">[22:17]</span> <span class="irc-black">&lt;rhcp&gt; nexus is 2.3.1</span><br />
