<span class="irc-date">[0:01]</span> <span class="irc-black">&lt;codeworkx&gt; migrating 10gb of data is hard. will be a long night -.-</span><br />
<span class="irc-date">[0:05]</span> <span class="irc-black">&lt;TMC_Sherpa&gt; I think so Kaik541 but ilibs have been back and forth for a while now</span><br />
<span class="irc-date">[0:05]</span> <span class="irc-black">&lt;Kaik541&gt; that's what I thought, but my light levels don't match up</span><br />
<span class="irc-date">[0:05]</span> <span class="irc-black">&lt;Kaik541&gt; and I'm not using auto brightness</span><br />
<span class="irc-date">[0:06]</span> <span class="irc-black">&lt;Unhelpful&gt; Kaik541: those're just settings, though. ;)</span><br />
<span class="irc-date">[0:06]</span> <span class="irc-green">* bleh is now known as blehhhhhh</span><br />
<span class="irc-date">[0:07]</span> <span class="irc-black">&lt;Kaik541&gt; Unhelpful, that's why I'm asking :D</span><br />
<span class="irc-date">[0:07]</span> <span class="irc-black">&lt;Unhelpful&gt; and given the outputs we have from our light sensors, defaults probably need to be changed</span><br />
<span class="irc-date">[0:09]</span> <span class="irc-black">&lt;Unhelpful&gt; so, who has a decent debugger for ARM? :)</span><br />
<span class="irc-date">[0:09]</span> <span class="irc-black">&lt;atinm|away&gt; got it Kaik541</span><br />
<span class="irc-date">[0:10]</span> <span class="irc-black">&lt;NiXXeD&gt; so, i'm finally back in</span><br />
<span class="irc-date">[0:10]</span> <span class="irc-black">&lt;NiXXeD&gt; and had him send me a new MMS</span><br />
<span class="irc-date">[0:10]</span> <span class="irc-black">&lt;Kaik541&gt; ok good</span><br />
<span class="irc-date">[0:11]</span> <span class="irc-black">&lt;NiXXeD&gt; and now, i got the notification sound, the text, and an icon indicating there was a problem</span><br />
<span class="irc-date">[0:11]</span> <span class="irc-black">&lt;NiXXeD&gt; but no download button</span><br />
<span class="irc-date">[0:11]</span> <span class="irc-black">&lt;NiXXeD&gt; so, different than before</span><br />
<span class="irc-date">[0:11]</span> <span class="irc-black">&lt;atinm|away&gt; logcat</span><br />
<span class="irc-date">[0:11]</span> <span class="irc-black">&lt;NiXXeD&gt; try sending me one from cm7, my wife is gone</span><br />
<span class="irc-date">[0:11]</span> <span class="irc-black">&lt;atinm|away&gt; send Kaik541 your # in PM</span><br />
<span class="irc-date">[0:11]</span> <span class="irc-black">&lt;NiXXeD&gt; if someone is willing</span><br />
<span class="irc-date">[0:12]</span> <span class="irc-black">&lt;Kaik541&gt; I'll spam the fuck out o fyou</span><br />
<span class="irc-date">[0:12]</span> <span class="irc-black">&lt;NiXXeD&gt; haha</span><br />
<span class="irc-date">[0:12]</span> <span class="irc-black">&lt;Kaik541&gt; random pics of things over the past year</span><br />
<span class="irc-date">[0:12]</span> <span class="irc-black">&lt;NiXXeD&gt; lol</span><br />
<span class="irc-date">[0:13]</span> <span class="irc-black">&lt;Kaik541&gt; actually you get something weird this time</span><br />
<span class="irc-date">[0:13]</span> <span class="irc-black">&lt;Kaik541&gt; in case you don't get it</span><br />
<span class="irc-date">[0:13]</span> <span class="irc-black">&lt;Kaik541&gt; sent</span><br />
<span class="irc-date">[0:14]</span> <span class="irc-black">&lt;NiXXeD&gt; yea yours worked</span><br />
<span class="irc-date">[0:14]</span> <span class="irc-black">&lt;NiXXeD&gt; iphoners still no go</span><br />
<span class="irc-date">[0:14]</span> <span class="irc-black">&lt;atinm|away&gt; why do you even have friends with iphones?</span><br />
<span class="irc-date">[0:14]</span> <span class="irc-black">&lt;NiXXeD&gt; i told them to send me another and i'm running logcat so</span><br />
<span class="irc-date">[0:14]</span> <span class="irc-black">&lt;NiXXeD&gt; haha</span><br />
<span class="irc-date">[0:14]</span> <span class="irc-black">&lt;NiXXeD&gt; i know right</span><br />
<span class="irc-date">[0:14]</span> <span class="irc-black">&lt;NiXXeD&gt; the worst! one of them bought a captivate and kept it for 2 days and returned it for an iphone</span><br />
<span class="irc-date">[0:14]</span> <span class="irc-black">&lt;atinm|away&gt; I did the opposite</span><br />
<span class="irc-date">[0:15]</span> <span class="irc-black">&lt;atinm|away&gt; kept the iphone for a couple of days and went to a BB and then finally to the captivate.</span><br />
<span class="irc-date">[0:15]</span> <span class="irc-black">&lt;NiXXeD&gt; i had an iphone 3g and 3gs but couldn't take it any longer</span><br />
<span class="irc-date">[0:15]</span> <span class="irc-black">&lt;atinm|away&gt; I want to hack, not have my hand held.</span><br />
<span class="irc-date">[0:15]</span> <span class="irc-black">&lt;atinm|away&gt; I have family to keep me feeling safe and loved</span><br />
<span class="irc-date">[0:16]</span> <span class="irc-black">&lt;atinm|away&gt; don't need my phone to coddle me too</span><br />
<span class="irc-date">[0:16]</span> <span class="irc-black">&lt;atinm|away&gt; (you get a lot of coddling after a liver transplant)</span><br />
<span class="irc-date">[0:19]</span> <span class="irc-black">&lt;Kaik541&gt; why do people want to *force* 3G</span><br />
<span class="irc-date">[0:19]</span> <span class="irc-black">&lt;techmik_laptop&gt; ugh..... windows problems...... swapped hdd's between 2 pcs ans they dont wanna boot now =(</span><br />
<span class="irc-date">[0:20]</span> <span class="irc-black">&lt;NiXXeD&gt; hmm</span><br />
<span class="irc-date">[0:20]</span> <span class="irc-black">&lt;NiXXeD&gt; so i got logcat now</span><br />
<span class="irc-date">[0:20]</span> <span class="irc-black">&lt;NiXXeD&gt; but, no idea</span><br />
<span class="irc-date">[0:20]</span> <span class="irc-black">&lt;Kaik541&gt; techmik_laptop, do they have identical hardware?</span><br />
<span class="irc-date">[0:20]</span> <span class="irc-black">&lt;techmik_laptop&gt; nope =)</span><br />
<span class="irc-date">[0:20]</span> <span class="irc-black">&lt;atinm|away&gt; you can't really just do that :)</span><br />
<span class="irc-date">[0:20]</span> <span class="irc-black">&lt;Kaik541&gt; techmik_laptop, there you go</span><br />
<span class="irc-date">[0:21]</span> <span class="irc-black">&lt;atinm|away&gt; that's like playing with fire and all</span><br />
<span class="irc-date">[0:21]</span> <span class="irc-black">&lt;techmik_laptop&gt; you would think startup repair disk could diagnose and fix problems</span><br />
<span class="irc-date">[0:21]</span> <span class="irc-black">&lt;NiXXeD&gt; <a href="http://dl.dropbox.com/u/10062959/logcat507.txt">http://dl.dropbox.com/u/10062959/logcat507.txt</a></span><br />
<span class="irc-date">[0:22]</span> <span class="irc-black">&lt;Kaik541&gt; techmik_laptop, why do you think that?</span><br />
<span class="irc-date">[0:22]</span> <span class="irc-black">&lt;atinm|away&gt; what the hell kind of image is the iphone sending</span><br />
<span class="irc-date">[0:23]</span> <span class="irc-black">&lt;NiXXeD&gt; haha</span><br />
<span class="irc-date">[0:23]</span> <span class="irc-black">&lt;atinm|away&gt; ok, anyone know what skia is? SkImageDecoder..</span><br />
<span class="irc-date">[0:23]</span> <span class="irc-black">&lt;Kaik541&gt; atinm|away, iphone user probably isn't holding it right</span><br />
<span class="irc-date">[0:24]</span> <span class="irc-black">&lt;atinm|away&gt; whatever it is, it is not recognized by 2.3.4</span><br />
<span class="irc-date">[0:24]</span> <span class="irc-black">&lt;NiXXeD&gt; unfortunately in the 507 build, i get no download button anymore</span><br />
<span class="irc-date">[0:24]</span> <span class="irc-black">&lt;atinm|away&gt; or something - we cannot create a decoder</span><br />
<span class="irc-date">[0:25]</span> <span class="irc-black">&lt;techmik_laptop&gt; please dont tell me i gotta wipe or backup all i wanna save, reinstall windows on new hardwre, etc....</span><br />
<span class="irc-date">[0:25]</span> <span class="irc-black">&lt;atinm|away&gt; techmik_laptop: ok.</span><br />
<span class="irc-date">[0:25]</span> <span class="irc-black">&lt;techmik_laptop&gt; i do, huh=(</span><br />
<span class="irc-date">[0:25]</span> <span class="irc-black">&lt;techmik_laptop&gt; long nite ahead</span><br />
<span class="irc-date">[0:25]</span> <span class="irc-black">&lt;atinm|away&gt; but then we wont have much to say.</span><br />
<span class="irc-date">[0:26]</span> <span class="irc-black">&lt;techmik_laptop&gt; i love a project =)</span><br />
<span class="irc-date">[0:26]</span> <span class="irc-black">&lt;atinm|away&gt; yeah..</span><br />
<span class="irc-date">[0:26]</span> <span class="irc-black">&lt;techmik_laptop&gt; i'm on your build</span><br />
<span class="irc-date">[0:26]</span> <span class="irc-black">&lt;atinm|away&gt; NiXXeD: I think because the image was not decodable</span><br />
<span class="irc-date">[0:26]</span> <span class="irc-black">&lt;techmik_laptop&gt; what do i look for?</span><br />
<span class="irc-date">[0:26]</span> <span class="irc-black">&lt;atinm|away&gt; techmik_laptop: nothing - I think the problem is what us not understanding what the iphone is sending</span><br />
<span class="irc-date">[0:27]</span> <span class="irc-black">&lt;atinm|away&gt; all new code for me</span><br />
<span class="irc-date">[0:27]</span> <span class="irc-black">&lt;NiXXeD&gt; weird</span><br />
<span class="irc-date">[0:27]</span> <span class="irc-black">&lt;NiXXeD&gt; i tried forwarding the message</span><br />
<span class="irc-date">[0:27]</span> <span class="irc-black">&lt;NiXXeD&gt; and it says the message size limit was reached</span><br />
<span class="irc-date">[0:28]</span> <span class="irc-black">&lt;Kaik541&gt; NiXXeD, do you have a dumbphone to try with?</span><br />
<span class="irc-date">[0:29]</span> <span class="irc-black">&lt;Kaik541&gt; see if it really is just the iphone being a stupidhead</span><br />
<span class="irc-date">[0:29]</span> <span class="irc-black">&lt;Kaik541&gt; if I had another phone I'd pop in my SIM and test, but I do not</span><br />
<span class="irc-date">[0:29]</span> <span class="irc-black">&lt;NiXXeD&gt; i don't =(</span><br />
<span class="irc-date">[0:29]</span> <span class="irc-black">&lt;NiXXeD&gt; i sold all my iphones</span><br />
<span class="irc-date">[0:30]</span> <span class="irc-black">&lt;NiXXeD&gt; and i switched from tmo to att</span><br />
<span class="irc-date">[0:30]</span> <span class="irc-black">&lt;NiXXeD&gt; and haven't had any other att phones</span><br />
<span class="irc-date">[0:30]</span> <span class="irc-black">&lt;Kaik541&gt; next week I'll have another phone, but a week is a while from now</span><br />
<span class="irc-date">[0:30]</span> <span class="irc-black">&lt;zachy_md&gt; atinm|away: samsung at its best: <a href="https://github.com/TheEscapistxda/CM7-OCUV/commit/b9838a0372583ef7498a4e52d529b5c124c3c1d3">https://github.com/TheEscapistxda/CM7-OCUV/commit/b9838a0372583ef7498a4e52d529b5c124c3c1d3</a></span><br />
<span class="irc-date">[0:31]</span> <span class="irc-black">&lt;zachy_md&gt; (read the comments)</span><br />
<span class="irc-date">[0:31]</span> <span class="irc-black">&lt;zachy_md&gt; (down there)</span><br />
<span class="irc-date">[0:32]</span> <span class="irc-black">&lt;NiXXeD&gt; haha variable naming =(</span><br />
<span class="irc-date">[0:32]</span> <span class="irc-black">&lt;Unhelpful&gt; codeworkx: CameraParameters - is that interface code? is it something we can change?</span><br />
<span class="irc-date">[0:33]</span> <span class="irc-black">&lt;zachy_md&gt; NiXXeD: yeah, another great example is the JVB source where they changed lots of variable names from the Nexus S source</span><br />
<span class="irc-date">[0:33]</span> <span class="irc-black">&lt;zachy_md&gt; :(</span><br />
<span class="irc-date">[0:33]</span> <span class="irc-black">&lt;codeworkx&gt; Unhelpful: have a look at SecCamera.cpp</span><br />
<span class="irc-date">[0:33]</span> <span class="irc-black">&lt;codeworkx&gt; common/aries/libcamera</span><br />
<span class="irc-date">[0:34]</span> <span class="irc-black">&lt;Kaik541&gt; zachy_md, ctrl+f "nexus s" "galaxy s"</span><br />
<span class="irc-date">[0:34]</span> <span class="irc-black">&lt;Kaik541&gt; "yay we made a firmware!"</span><br />
<span class="irc-date">[0:34]</span> <span class="irc-black">&lt;zachy_md&gt; Kaik541: lol</span><br />
<span class="irc-date">[0:34]</span> <span class="irc-green">* Charkey (~Laurent@cpe-76-175-105-20.socal.res.rr.com) has joined this channel.</span><br />
<span class="irc-date">[0:34]</span> <span class="irc-black">&lt;zachy_md&gt; Kaik541: yeah, most of that appears to have been done that way ;)</span><br />
<span class="irc-date">[0:35]</span> <span class="irc-green">* ChanServ sets mode +v Charkey</span><br />
<span class="irc-date">[0:35]</span> <span class="irc-black">&lt;Charkey&gt; thanks Kaik541 :)</span><br />
<span class="irc-date">[0:35]</span> <span class="irc-black">&lt;Unhelpful&gt; codeworkx: CameraParameters class is referenced extensively in SecCameraHWInterface, but is defined somewhere outside libcamera</span><br />
<span class="irc-date">[0:35]</span> <span class="irc-black">&lt;codeworkx&gt; wtf?</span><br />
<span class="irc-date">[0:36]</span> <span class="irc-black">&lt;codeworkx&gt; hmm</span><br />
<span class="irc-date">[0:36]</span> <span class="irc-black">&lt;codeworkx&gt; grep</span><br />
<span class="irc-date">[0:36]</span> <span class="irc-black">&lt;atinm|away&gt; NiXXeD: whatever it is, it is a format that is unrecognized.</span><br />
<span class="irc-date">[0:36]</span> <span class="irc-black">&lt;Unhelpful&gt; so i presume it's some part of the android API for cameras, that perhaps we could change...</span><br />
<span class="irc-date">[0:36]</span> <span class="irc-black">&lt;codeworkx&gt; Unhelpful: seems so</span><br />
<span class="irc-date">[0:37]</span> <span class="irc-black">&lt;Unhelpful&gt; because changing HAL_getNumberOfCameras, which only returns an int, is easy - change one instruction to load a different value in r0 before return</span><br />
<span class="irc-date">[0:37]</span> <span class="irc-black">&lt;Unhelpful&gt; but the fix we would need for extra preview sizes is *much* uglier.</span><br />
<span class="irc-date">[0:38]</span> <span class="irc-black">&lt;codeworkx&gt; Unhelpful: doesn't matter where we hack it in. if it works, it's ok for me ;-)</span><br />
<span class="irc-date">[0:38]</span> <span class="irc-black">&lt;codeworkx&gt; Unhelpful: other devices need it too. like LG2x</span><br />
<span class="irc-date">[0:38]</span> <span class="irc-black">&lt;codeworkx&gt; Unhelpful: and all other with ffc and prebuilt libcam</span><br />
<span class="irc-date">[0:38]</span> <span class="irc-black">&lt;Unhelpful&gt; we would need to add a new string into the .rodata section, and a symbol pointing to it, and change the code that loads the string to pass</span><br />
<span class="irc-date">[0:39]</span> <span class="irc-black">&lt;Unhelpful&gt; i would need to know a lot more about ELF, or need a debugger/disassembler that does.</span><br />
<span class="irc-date">[0:39]</span> <span class="irc-black">&lt;Unhelpful&gt; so, we could justify the NastyHack because lots of devices could use it?</span><br />
<span class="irc-date">[0:39]</span> <span class="irc-brick">* Unhelpful bets camera/CameraHardwareInterface.h is a good place to start...</span><br />
<span class="irc-date">[0:40]</span> <span class="irc-black">&lt;Unhelpful&gt; an API include, i'm assuming, and i bet where CameraParameters is defined.</span><br />
<span class="irc-date">[0:40]</span> <span class="irc-black">&lt;NiXXeD&gt; atinm|away / Kaik541 anything else i can provide in the mean time?</span><br />
<span class="irc-date">[0:41]</span> <span class="irc-black">&lt;atinm|away&gt; can you send me the mms</span><br />
<span class="irc-date">[0:41]</span> <span class="irc-black">&lt;Kaik541&gt; NiXXeD, tears of your unbaptized young</span><br />
<span class="irc-date">[0:41]</span> <span class="irc-black">&lt;Unhelpful&gt; if somebody who has a full checkout would like to find that include, and which project it's in, maybe i can take a look at doing something to it.</span><br />
<span class="irc-date">[0:41]</span> <span class="irc-black">&lt;NiXXeD&gt; i'll tell them to send to you one MMS</span><br />
<span class="irc-date">[0:41]</span> <span class="irc-black">&lt;NiXXeD&gt; you ready?</span><br />
<span class="irc-date">[0:42]</span> <span class="irc-black">&lt;Kaik541&gt; NiXXeD, you sent it to me</span><br />
<span class="irc-date">[0:42]</span> <span class="irc-black">&lt;NiXXeD&gt; did it work?</span><br />
<span class="irc-date">[0:42]</span> <span class="irc-black">&lt;Kaik541&gt; and I get a little error box</span><br />
<span class="irc-date">[0:42]</span> <span class="irc-black">&lt;NiXXeD&gt; interesting</span><br />
<span class="irc-date">[0:42]</span> <span class="irc-black">&lt;NiXXeD&gt; so i can forward it</span><br />
<span class="irc-date">[0:42]</span> <span class="irc-black">&lt;NiXXeD&gt; it gives me an error but it sent i guess</span><br />
<span class="irc-date">[0:42]</span> <span class="irc-black">&lt;NiXXeD&gt; i told them to send you one atinm</span><br />
<span class="irc-date">[0:42]</span> <span class="irc-black">&lt;atinm|away&gt; ok, thanks</span><br />
<span class="irc-date">[0:42]</span> <span class="irc-black">&lt;NiXXeD&gt; no guarantees on the content</span><br />
<span class="irc-date">[0:43]</span> <span class="irc-black">&lt;NiXXeD&gt; if it works =0</span><br />
<span class="irc-date">[0:43]</span> <span class="irc-black">&lt;Kaik541&gt; NiXXeD, what's interesting</span><br />
<span class="irc-date">[0:43]</span> <span class="irc-black">&lt;Kaik541&gt; is my phone can calearly tell it's a jpeg and 173.15K</span><br />
<span class="irc-date">[0:43]</span> <span class="irc-black">&lt;Kaik541&gt; so it downloaded correctly</span><br />
<span class="irc-date">[0:43]</span> <span class="irc-black">&lt;NiXXeD&gt; yea</span><br />
<span class="irc-date">[0:43]</span> <span class="irc-black">&lt;Kaik541&gt; it's just corrupt</span><br />
<span class="irc-date">[0:43]</span> <span class="irc-black">&lt;atinm|away&gt; kaik, try flashing normal update</span><br />
<span class="irc-date">[0:43]</span> <span class="irc-black">&lt;NiXXeD&gt; one thing i mentioned before, not sure if it's realted</span><br />
<span class="irc-date">[0:43]</span> <span class="irc-black">&lt;atinm|away&gt; the one already up</span><br />
<span class="irc-date">[0:44]</span> <span class="irc-black">&lt;atinm|away&gt; and see if it works</span><br />
<span class="irc-date">[0:44]</span> <span class="irc-black">&lt;NiXXeD&gt; but when they sent me these before on a samsung rom, it actually showed up (mime wise) as a video</span><br />
<span class="irc-date">[0:44]</span> <span class="irc-black">&lt;Kaik541&gt; I don't think I've been on an official build in like 2 months xD</span><br />
<span class="irc-date">[0:44]</span> <span class="irc-black">&lt;NiXXeD&gt; and i would click it, and it would even have a little time bar</span><br />
<span class="irc-date">[0:44]</span> <span class="irc-black">&lt;NiXXeD&gt; and i could "pause" it</span><br />
<span class="irc-date">[0:44]</span> <span class="irc-black">&lt;NiXXeD&gt; but it was a static image</span><br />
<span class="irc-date">[0:44]</span> <span class="irc-black">&lt;Kaik541&gt; NiXXeD, stock samsung ROM does that with all pics</span><br />
<span class="irc-date">[0:45]</span> <span class="irc-black">&lt;NiXXeD&gt; lol, classic</span><br />
<span class="irc-date">[0:45]</span> <span class="irc-black">&lt;NiXXeD&gt; yea i haven't been on a stock samsung rom since probably august?</span><br />
<span class="irc-date">[0:45]</span> <span class="irc-black">&lt;NiXXeD&gt; whenever cognition first came out</span><br />
<span class="irc-date">[0:45]</span> <span class="irc-black">&lt;Kaik541&gt; I couldn't use CM6.1 :(</span><br />
<span class="irc-date">[0:46]</span> <span class="irc-black">&lt;Kaik541&gt; raped my battery hardcore</span><br />
<span class="irc-date">[0:46]</span> <span class="irc-black">&lt;zachy_md&gt; atinm|away: maybe something interesting: in my last kernel quorra r5 I had forgotten to include the commit named 'New Camera Branch to try to kang drivers. WIP'</span><br />
<span class="irc-date">[0:47]</span> <span class="irc-black">&lt;zachy_md&gt; atinm|away: and I had to rework a large portion of my tree: but before - at that stage the phone was actually able to get into "deep sleep" while it was plugged into usb-port</span><br />
<span class="irc-date">[0:47]</span> <span class="irc-black">&lt;zachy_md&gt; atinm|away: that's at least what cpu-spy (reading out cpu states) said</span><br />
<span class="irc-date">[0:47]</span> <span class="irc-black">&lt;zachy_md&gt; atinm|away: maybe that's of some help</span><br />
<span class="irc-date">[0:47]</span> <span class="irc-black">&lt;Unhelpful&gt; why does android.git.kernel.org frameworks/base have a camera dir and not cyanogenmod/teamhacksung? :/</span><br />
<span class="irc-date">[0:47]</span> <span class="irc-black">&lt;NiXXeD&gt; k atinm he said he sent</span><br />
<span class="irc-date">[0:48]</span> <span class="irc-black">&lt;atinm|away&gt; ok</span><br />
<span class="irc-date">[0:48]</span> <span class="irc-black">&lt;atinm|away&gt; it just didn't like the format</span><br />
<span class="irc-date">[0:48]</span> <span class="irc-black">&lt;atinm|away&gt; I can debug this now</span><br />
<span class="irc-date">[0:50]</span> <span class="irc-black">&lt;NiXXeD&gt; cool</span><br />
<span class="irc-date">[0:50]</span> <span class="irc-black">&lt;Kaik541&gt; atinm|away, installing official update :(</span><br />
<span class="irc-date">[0:50]</span> <span class="irc-black">&lt;Kaik541&gt; miss my slide to bright!</span><br />
<span class="irc-date">[0:53]</span> <span class="irc-black">&lt;NiXXeD&gt; iphone guy says he noticed if he sends an un-modified file it usually goes through, but if he crops/modifies it at all, it won't make it... wonder if that's related</span><br />
<span class="irc-date">[0:54]</span> <span class="irc-black">&lt;atinm|away&gt; can he send you an unmodified fie?</span><br />
<span class="irc-date">[0:54]</span> <span class="irc-black">&lt;atinm|away&gt; and me</span><br />
<span class="irc-date">[0:54]</span> <span class="irc-black">&lt;NiXXeD&gt; the ones he sent us were pure</span><br />
<span class="irc-date">[0:54]</span> <span class="irc-black">&lt;NiXXeD&gt; but he said he could send a modified one too if we want to see</span><br />
<span class="irc-date">[0:54]</span> <span class="irc-black">&lt;atinm|away&gt; no, that's fine then</span><br />
<span class="irc-date">[0:54]</span> <span class="irc-black">&lt;atinm|away&gt; because this broke</span><br />
<span class="irc-date">[0:54]</span> <span class="irc-black">&lt;atinm|away&gt; just wasn't recognized.</span><br />
<span class="irc-date">[0:54]</span> <span class="irc-black">&lt;NiXXeD&gt; damn iphones</span><br />
<span class="irc-date">[0:55]</span> <span class="irc-black">&lt;NiXXeD&gt; k i'm gonna be nearby but not at my comp, just page me in irc if you need me</span><br />
<span class="irc-date">[0:55]</span> <span class="irc-black">&lt;Kaik541&gt; ok I'm on official do I spam someone more pics?</span><br />
<span class="irc-date">[0:55]</span> <span class="irc-black">&lt;Charkey&gt; is the slide to bright part of the power widget Kaik541?</span><br />
<span class="irc-date">[0:55]</span> <span class="irc-black">&lt;atinm|away&gt; k, thanks</span><br />
<span class="irc-date">[0:56]</span> <span class="irc-black">&lt;Kaik541&gt; Charkey, notification bar, just like samsung ROM</span><br />
<span class="irc-date">[0:57]</span> <span class="irc-black">&lt;Unhelpful&gt; codeworkx: anyway, what i'm suggesting is hacking the set() method of CameraParameters - maybe something like, when preview or picture size is set, look for a resource or property for something like camera_front_preview_size, and use that instead if found.</span><br />
<span class="irc-date">[0:58]</span> <span class="irc-black">&lt;Unhelpful&gt; that keeps it nice and generic, and gives everybody an easy place to use a device-specific value.</span><br />
<span class="irc-date">[1:05]</span> <span class="irc-black">&lt;Unhelpful&gt; maybe somebody whou can still build and has an FFC can tackle that</span><br />
<span class="irc-date">[1:10]</span> <span class="irc-black">&lt;chaembian|away&gt; A day long marriage(s) today ...</span><br />
<span class="irc-date">[1:10]</span> <span class="irc-black">&lt;chaembian|away&gt; I'll probably not turn up for the day.</span><br />
<span class="irc-date">[1:10]</span> <span class="irc-black">&lt;chaembian|away&gt; Catch you later, guys!</span><br />
<span class="irc-date">[1:10]</span> <span class="irc-black">&lt;chaembian|away&gt; Bye!</span><br />
<span class="irc-date">[1:10]</span> <span class="irc-navy">* chaembian|away (~chaembian@122.174.106.20) Quit (Quit: WeeChat 0.3.2)</span><br />
<span class="irc-date">[1:14]</span> <span class="irc-black">&lt;atinm|away&gt; the file is corrupt</span><br />
<span class="irc-date">[1:14]</span> <span class="irc-black">&lt;atinm|away&gt; let me try with standard update</span><br />
<span class="irc-date">[1:15]</span> <span class="irc-black">&lt;atinm|away&gt; Kaik541: did you send me a png or jpg?</span><br />
<span class="irc-date">[1:15]</span> <span class="irc-black">&lt;Kaik541&gt; I haven't sent anything?</span><br />
<span class="irc-date">[1:15]</span> <span class="irc-black">&lt;Kaik541&gt; oh you mean my last pics</span><br />
<span class="irc-date">[1:15]</span> <span class="irc-black">&lt;Kaik541&gt; whatever the phone snaps</span><br />
<span class="irc-date">[1:15]</span> <span class="irc-black">&lt;Kaik541&gt; so jpeg</span><br />
<span class="irc-date">[1:16]</span> <span class="irc-black">&lt;atinm|away&gt; yeah, jpg</span><br />
<span class="irc-date">[1:16]</span> <span class="irc-black">&lt;atinm|away&gt; and those worked.</span><br />
<span class="irc-date">[1:18]</span> <span class="irc-black">&lt;Charkey&gt; Unhelpful: let me know I have a FFC but I'm going to have to walk through the build process on the wiki to get started</span><br />
<span class="irc-date">[1:21]</span> <span class="irc-green">* wwyvern (~wwyvern@adsl-074-167-175-227.sip.jax.bellsouth.net) has joined this channel.</span><br />
<span class="irc-date">[1:21]</span> <span class="irc-green">* ChanServ sets mode +v wwyvern</span><br />
<span class="irc-date">[1:21]</span> <span class="irc-green">* ChanServ sets mode +v wwyvern</span><br />
<span class="irc-date">[1:22]</span> <span class="irc-black">&lt;wwyvern&gt; Hi all</span><br />
<span class="irc-date">[1:22]</span> <span class="irc-black">&lt;Charkey&gt; whats goin on wwyvern</span><br />
<span class="irc-date">[1:23]</span> <span class="irc-black">&lt;wwyvern&gt; had to go to Brooksville yesterday...missed my usual evening check in</span><br />
<span class="irc-date">[1:23]</span> <span class="irc-black">&lt;wwyvern&gt; what's doing?</span><br />
<span class="irc-date">[1:24]</span> <span class="irc-black">&lt;wwyvern&gt; saw the light sensor thing-no I have it installed it's very nice</span><br />
<span class="irc-date">[1:24]</span> <span class="irc-black">&lt;atinm|away&gt; iphones suck.</span><br />
<span class="irc-date">[1:24]</span> <span class="irc-black">&lt;wwyvern&gt; always</span><br />
<span class="irc-date">[1:25]</span> <span class="irc-black">&lt;Charkey&gt; held a white iphone 4 earlier today at the apple store.. pretty solid device</span><br />
<span class="irc-date">[1:25]</span> <span class="irc-black">&lt;wwyvern&gt; I was helping a drummer friend move his stuff...djembes are heavy</span><br />
<span class="irc-date">[1:26]</span> <span class="irc-black">&lt;wwyvern&gt; I would expect it to be solid..they charge enough for them</span><br />
<span class="irc-date">[1:26]</span> <span class="irc-black">&lt;wwyvern&gt; People relate price to weight, have you noticed?</span><br />
<span class="irc-date">[1:27]</span> <span class="irc-black">&lt;Charkey&gt; our android devices come out to be just as much as an iphone would cost the carrier</span><br />
<span class="irc-date">[1:28]</span> <span class="irc-black">&lt;atinm|away&gt; iphones suck at sending mms.</span><br />
<span class="irc-date">[1:28]</span> <span class="irc-black">&lt;atinm|away&gt; that I can recognize.</span><br />
<span class="irc-date">[1:29]</span> <span class="irc-black">&lt;atinm|away&gt; (to be more specific)</span><br />
<span class="irc-date">[1:29]</span> <span class="irc-black">&lt;atinm|away&gt; and SkImageDecoder code didnt' change between 4/28 and now</span><br />
<span class="irc-date">[1:29]</span> <span class="irc-black">&lt;atinm|away&gt; from what I can tell</span><br />
<span class="irc-date">[1:33]</span> <span class="irc-black">&lt;atinm|away&gt; I give up</span><br />
<span class="irc-date">[1:34]</span> <span class="irc-black">&lt;atinm|away&gt; but did discover handcent in the process</span><br />
<span class="irc-date">[1:35]</span> <span class="irc-black">&lt;Charkey&gt; what's the issue with mms between iphones and androids?</span><br />
<span class="irc-date">[1:39]</span> <span class="irc-black">&lt;atinm|away&gt; the phone isn't recognizing them</span><br />
<span class="irc-date">[1:40]</span> <span class="irc-black">&lt;atinm|away&gt; argh. I managed to delete my app drawer from adw bottom icons</span><br />
<span class="irc-date">[1:40]</span> <span class="irc-black">&lt;atinm|away&gt; how do I bring it back?</span><br />
<span class="irc-date">[1:40]</span> <span class="irc-black">&lt;Kaik541&gt; add a shortcut to your home screen</span><br />
<span class="irc-date">[1:40]</span> <span class="irc-black">&lt;Kaik541&gt; drag it down</span><br />
<span class="irc-date">[1:41]</span> <span class="irc-black">&lt;TMC_Sherpa&gt; press and hold, then launcher actions?</span><br />
<span class="irc-date">[1:42]</span> <span class="irc-black">&lt;atinm|away&gt; phew</span><br />
<span class="irc-date">[1:43]</span> <span class="irc-black">&lt;atinm|away&gt; yeah</span><br />
<span class="irc-date">[1:43]</span> <span class="irc-black">&lt;atinm|away&gt; launcher actions</span><br />
<span class="irc-date">[1:43]</span> <span class="irc-black">&lt;atinm|away&gt; I was used to looking for a widget</span><br />
<span class="irc-date">[1:43]</span> <span class="irc-black">&lt;atinm|away&gt; or shortcut</span><br />
<span class="irc-date">[1:43]</span> <span class="irc-black">&lt;atinm|away&gt; but there was none</span><br />
<span class="irc-date">[1:43]</span> <span class="irc-black">&lt;TMC_Sherpa&gt; did it to myself the other day</span><br />
<span class="irc-date">[1:43]</span> <span class="irc-black">&lt;atinm|away&gt; anyway, screw mms</span><br />
<span class="irc-date">[1:44]</span> <span class="irc-black">&lt;atinm|away&gt; SkImageDecoder just doesn't recognize the image</span><br />
<span class="irc-date">[1:44]</span> <span class="irc-black">&lt;atinm|away&gt; and so returns null for the decoder</span><br />
<span class="irc-date">[1:44]</span> <span class="irc-black">&lt;atinm|away&gt; and the current upload barfs because the network is giving it crap.</span><br />
<span class="irc-date">[1:44]</span> <span class="irc-black">&lt;atinm|away&gt; either way sucks.</span><br />
<span class="irc-date">[1:45]</span> <span class="irc-black">&lt;atinm|away&gt; I prefer this, at least it doesn't crash</span><br />
<span class="irc-date">[1:45]</span> <span class="irc-black">&lt;TMC_Sherpa&gt; an apple product? behaving in a non industry standard way? say it aint so</span><br />
<span class="irc-date">[1:45]</span> <span class="irc-black">&lt;atinm|away&gt; actually, it isn't the network, it is the iphone that is giving it crap</span><br />
<span class="irc-date">[1:45]</span> <span class="irc-black">&lt;atinm|away&gt; basically the length cannot be greater than 31 according to the specification</span><br />
<span class="irc-date">[1:46]</span> <span class="irc-black">&lt;atinm|away&gt; and we get 134.</span><br />
<span class="irc-date">[1:46]</span> <span class="irc-black">&lt;atinm|away&gt; for one of the parts of the mms</span><br />
<span class="irc-date">[1:50]</span> <span class="irc-navy">* wwyvern (~wwyvern@adsl-074-167-175-227.sip.jax.bellsouth.net) Quit (Quit: Ex-Chat)</span><br />
<span class="irc-date">[1:52]</span> <span class="irc-black">&lt;Kaik541&gt; why do people *never* include dmesgs</span><br />
<span class="irc-date">[1:52]</span> <span class="irc-black">&lt;Kaik541&gt; I say "logcat and dmesg" and they go "here's the logcat"</span><br />
<span class="irc-date">[1:55]</span> <span class="irc-black">&lt;atinm|away&gt; he should just reinstall..</span><br />
<span class="irc-date">[1:57]</span> <span class="irc-black">&lt;Kaik541&gt; i just wish people would respond properly</span><br />
<span class="irc-date">[1:59]</span> <span class="irc-black">&lt;Kaik541&gt; same with the issue tracker</span><br />
<span class="irc-date">[1:59]</span> <span class="irc-black">&lt;Kaik541&gt; "I have bug" and ltierally no technical info</span><br />
