<span class="irc-date">[0:01]</span> <span class="irc-black">&lt;techmik67&gt; i just synced without error</span><br />
<span class="irc-date">[0:04]</span> <span class="irc-black">&lt;techmik67&gt; more updates upstream</span><br />
<span class="irc-date">[0:05]</span> <span class="irc-black">&lt;atinm&gt; Scepterr: can you lock <a href="http://forum.cyanogenmod.com/topic/17037-sgh-i897-cyanogenmod-7-this-will-eat-your-kitties/">http://forum.cyanogenmod.com/topic/17037-sgh-i897-cyanogenmod-7-this-will-eat-your-kitties/</a></span><br />
<span class="irc-date">[0:05]</span> <span class="irc-black">&lt;atinm&gt; it says you are admin there too</span><br />
<span class="irc-date">[0:07]</span> <span class="irc-black">&lt;atinm&gt; eugene never gives out code.</span><br />
<span class="irc-date">[0:07]</span> <span class="irc-black">&lt;atinm&gt; but is happy to take...they're using teamhacksung repos.</span><br />
<span class="irc-date">[0:08]</span> <span class="irc-black">&lt;atinm&gt; I stopped following the guy - was just useless to other developers like me to hear what he has or hasn't done.</span><br />
<span class="irc-date">[0:08]</span> <span class="irc-black">&lt;atinm&gt; its open source . . . open the damn thing.</span><br />
<span class="irc-date">[0:08]</span> <span class="irc-black">&lt;atinm&gt; no cool.</span><br />
<span class="irc-date">[0:09]</span> <span class="irc-black">&lt;techmik67&gt; has anyone/many people maybe tweeted this and called him on this publicly?</span><br />
<span class="irc-date">[0:10]</span> <span class="irc-black">&lt;techmik67&gt; i only have 20 followers, so i'm not much voice....</span><br />
<span class="irc-date">[0:10]</span> <span class="irc-black">&lt;dalingrin&gt; atinm: stopped following him the other day...</span><br />
<span class="irc-date">[0:10]</span> <span class="irc-black">&lt;atinm&gt; asked him directly - lets see</span><br />
<span class="irc-date">[0:10]</span> <span class="irc-black">&lt;Scepterr&gt; how do i lock</span><br />
<span class="irc-date">[0:11]</span> <span class="irc-black">&lt;atinm&gt; <a href="http://forum.xda-developers.com/showpost.php?p=11819248&amp;postcount=1150">http://forum.xda-developers.com/showpost.php?p=11819248&amp;postcount=1150</a></span><br />
<span class="irc-date">[0:11]</span> <span class="irc-black">&lt;atinm&gt; Scepterr: I dunno :) - I thought you knew!</span><br />
<span class="irc-date">[0:11]</span> <span class="irc-black">&lt;atinm&gt; you're the admin! :)</span><br />
<span class="irc-date">[0:11]</span> <span class="irc-black">&lt;Scepterr&gt; i didnt know i was admin lol</span><br />
<span class="irc-date">[0:12]</span> <span class="irc-black">&lt;atinm&gt; I guess go to the thread and see if you have some menu or something? I don't know - I'm not an admin! :)</span><br />
<span class="irc-date">[0:12]</span> <span class="irc-black">&lt;atinm&gt; and if you  have any pull with eugene, get him to release his kernel fixes back to us.</span><br />
<span class="irc-date">[0:13]</span> <span class="irc-black">&lt;Scepterr&gt; i can ask</span><br />
<span class="irc-date">[0:14]</span> <span class="irc-black">&lt;atinm&gt; <a href="http://forum.xda-developers.com/showpost.php?p=11819315&amp;postcount=1153">http://forum.xda-developers.com/showpost.php?p=11819315&amp;postcount=1153</a></span><br />
<span class="irc-date">[0:14]</span> <span class="irc-black">&lt;atinm&gt; wow - he doesn't use git?!</span><br />
<span class="irc-date">[0:14]</span> <span class="irc-black">&lt;Scepterr&gt; i think i did it, check</span><br />
<span class="irc-date">[0:14]</span> <span class="irc-black">&lt;atinm&gt; ok</span><br />
<span class="irc-date">[0:14]</span> <span class="irc-black">&lt;techmik67&gt; wow</span><br />
<span class="irc-date">[0:14]</span> <span class="irc-black">&lt;atinm&gt; Scepterr: awesome</span><br />
<span class="irc-date">[0:14]</span> <span class="irc-black">&lt;techmik67&gt; that ewasy? just had to ask?</span><br />
<span class="irc-date">[0:15]</span> <span class="irc-black">&lt;atinm&gt; looks like it is</span><br />
<span class="irc-date">[0:15]</span> <span class="irc-black">&lt;techmik67&gt; cool</span><br />
<span class="irc-date">[0:15]</span> <span class="irc-black">&lt;atinm&gt; well, I did sort of say "we at teamhacksung"</span><br />
<span class="irc-date">[0:15]</span> <span class="irc-black">&lt;atinm&gt; and it is kind of obvious its our code - he just said that ;)</span><br />
<span class="irc-date">[0:15]</span> <span class="irc-black">&lt;techmik67&gt; nicely phrased</span><br />
<span class="irc-date">[0:15]</span> <span class="irc-black">&lt;atinm&gt; I don't care - I just want to fix bugs</span><br />
<span class="irc-date">[0:20]</span> <span class="irc-navy">* avgvb (~pvr@187.59.145.127) Quit (Read error: Connection reset by peer)</span><br />
<span class="irc-date">[0:20]</span> <span class="irc-green">* avgvb (~pvr@187.59.145.127) has joined this channel.</span><br />
<span class="irc-date">[0:21]</span> <span class="irc-navy">* avgvb (~pvr@187.59.145.127) Quit (Client Quit)</span><br />
<span class="irc-date">[0:30]</span> <span class="irc-black">&lt;Unhelpful&gt; what about me? :)</span><br />
<span class="irc-date">[0:31]</span> <span class="irc-brick">* Unhelpful attempts to create a build target for the kernel ;)</span><br />
<span class="irc-date">[0:32]</span> <span class="irc-black">&lt;Unhelpful&gt; again!</span><br />
<span class="irc-date">[0:32]</span> <span class="irc-black">&lt;techmik67&gt; so eugene is gonna give us his wifi fix.....</span><br />
<span class="irc-date">[0:32]</span> <span class="irc-black">&lt;Unhelpful&gt; it appears PRODUCT_OUT is not yet defined in captivate.mk :/</span><br />
<span class="irc-date">[0:32]</span> <span class="irc-black">&lt;techmik67&gt; camera thing still bugs me....</span><br />
<span class="irc-date">[0:36]</span> <span class="irc-black">&lt;Unhelpful&gt; wasn't somebody saying a few days ago that the camera app or library is making a mess of exif when it adds tags, and basically creating two distinct sets of exif tags as a result?</span><br />
<span class="irc-date">[0:38]</span> <span class="irc-black">&lt;Unhelpful&gt; if 1) we handle rotation by tagging the image as rotated and 2) the tags are funny in some way then it's possible that nothing can read the rotation tag. :)</span><br />
<span class="irc-date">[0:39]</span> <span class="irc-black">&lt;techmik67&gt; sounds promising...</span><br />
<span class="irc-date">[0:40]</span> <span class="irc-black">&lt;techmik67&gt; so it IS the app....oh well, it was fun searching thru the sensor files last nite....</span><br />
<span class="irc-date">[0:41]</span> <span class="irc-black">&lt;techmik67&gt; hmmm. people reporting wifi error on build from xda.....</span><br />
<span class="irc-date">[0:41]</span> <span class="irc-black">&lt;Unhelpful&gt; i said all along it's unlikely to be anything *but* the app or library</span><br />
<span class="irc-date">[0:44]</span> <span class="irc-black">&lt;atinm&gt; techmik67: can you try what's on there?</span><br />
<span class="irc-date">[0:44]</span> <span class="irc-black">&lt;atinm&gt; I am not able to right now</span><br />
<span class="irc-date">[0:45]</span> <span class="irc-black">&lt;techmik67&gt; sync? or your build?</span><br />
<span class="irc-date">[0:45]</span> <span class="irc-black">&lt;atinm&gt; the build</span><br />
<span class="irc-date">[0:45]</span> <span class="irc-navy">* gdanko (~gdanko@66-162-32-185.static.twtelecom.net) Quit (Quit: Computer has gone to sleep)</span><br />
<span class="irc-date">[0:45]</span> <span class="irc-black">&lt;techmik67&gt; people say this mornings was fine... i think its the people building that are having problems</span><br />
<span class="irc-date">[0:45]</span> <span class="irc-black">&lt;techmik67&gt; but i'll flash</span><br />
<span class="irc-date">[0:45]</span> <span class="irc-black">&lt;atinm&gt; k</span><br />
<span class="irc-date">[0:45]</span> <span class="irc-black">&lt;atinm&gt; lets see if Eugene actually comes thru on uploading the source</span><br />
<span class="irc-date">[0:46]</span> <span class="irc-black">&lt;atinm&gt; . . . I'm skeptical.</span><br />
<span class="irc-date">[0:46]</span> <span class="irc-black">&lt;atinm&gt; he's said stuff like that before</span><br />
<span class="irc-date">[0:46]</span> <span class="irc-black">&lt;atinm&gt; I know this is logged.</span><br />
<span class="irc-date">[0:47]</span> <span class="irc-black">&lt;techmik67&gt; i'm keeping an eye on his thread and i follow him on twitter.... we  only NEED the kernel, nt his whole source, correct?</span><br />
<span class="irc-date">[0:48]</span> <span class="irc-black">&lt;atinm&gt; right.</span><br />
<span class="irc-date">[0:48]</span> <span class="irc-black">&lt;atinm&gt; just needs diffs really</span><br />
<span class="irc-date">[0:48]</span> <span class="irc-black">&lt;techmik67&gt; k</span><br />
<span class="irc-date">[0:56]</span> <span class="irc-green">* ytt3r|laptop (~evan@adsl-88-56-225.asm.bellsouth.net) has joined this channel.</span><br />
<span class="irc-date">[0:58]</span> <span class="irc-black">&lt;atinm&gt; wow, ppl really don't read the OP do they</span><br />
<span class="irc-date">[0:58]</span> <span class="irc-black">&lt;techmik67&gt; nope =)</span><br />
<span class="irc-date">[0:58]</span> <span class="irc-black">&lt;Unhelpful&gt; atinm: you've had a kernel thread, how did you not know that already? ;)</span><br />
<span class="irc-date">[0:59]</span> <span class="irc-black">&lt;atinm&gt; some guy actually missed the screenshots.</span><br />
<span class="irc-date">[0:59]</span> <span class="irc-black">&lt;Unhelpful&gt; HOKAY. this now works, somewhat, at top level: make out/target/product/captivate/zImage</span><br />
<span class="irc-date">[1:00]</span> <span class="irc-black">&lt;Unhelpful&gt; oops, need to make mrproper my kernel dir.</span><br />
<span class="irc-date">[1:00]</span> <span class="irc-black">&lt;atinm&gt; lol - just noticed. I have "I feel free" by Cream on one of my screenshots</span><br />
<span class="irc-date">[1:00]</span> <span class="irc-black">&lt;techmik67&gt; atinm: just flashed your post on xda... wifi is fine</span><br />
<span class="irc-date">[1:01]</span> <span class="irc-black">&lt;atinm&gt; appropriate :)</span><br />
<span class="irc-date">[1:01]</span> <span class="irc-black">&lt;Scepterr&gt; hmm ive got a half dozen cm7 devices in front of me</span><br />
<span class="irc-date">[1:01]</span> <span class="irc-black">&lt;ytt3r|laptop&gt; hey atinm can you update the op to point to the #CMSGS channel? might just clean up the thread a bit :)</span><br />
<span class="irc-date">[1:02]</span> <span class="irc-black">&lt;Scepterr&gt; n1,g2,hd2,vibrant,gtablet,nook color :D</span><br />
<span class="irc-date">[1:02]</span> <span class="irc-black">&lt;Unhelpful&gt; any idea how we can possibly work out if the kernel needs rebuilt? doesn't really seem plausible :/</span><br />
<span class="irc-date">[1:02]</span> <span class="irc-black">&lt;atinm&gt; ytt3r|laptop: it is there. :)</span><br />
<span class="irc-date">[1:02]</span> <span class="irc-black">&lt;atinm&gt; Scepterr: !</span><br />
<span class="irc-date">[1:02]</span> <span class="irc-black">&lt;ytt3r|laptop&gt; I need to read and not be like the very people I get mad at.</span><br />
<span class="irc-date">[1:04]</span> <span class="irc-black">&lt;atinm&gt; I need kaik . . . or someone to get the ones on xda . . .</span><br />
<span class="irc-date">[1:04]</span> <span class="irc-black">&lt;atinm&gt; restarting into recovery is not working . . . well, kinda sort LISTED in the damn bug list.</span><br />
<span class="irc-date">[1:04]</span> <span class="irc-black">&lt;ytt3r|laptop&gt; brb switching computers</span><br />
<span class="irc-date">[1:04]</span> <span class="irc-navy">* ytt3r|laptop (~evan@adsl-88-56-225.asm.bellsouth.net) Quit (Quit: I have a good reason to leave.)</span><br />
<span class="irc-date">[1:06]</span> <span class="irc-black">&lt;Unhelpful&gt; damnit, had this problem before w/ the samsung source tarballs, O= is broken :/</span><br />
<span class="irc-date">[1:22]</span> <span class="irc-black">&lt;techmik67&gt; hey, i'm being nice to them... not mad yet.....</span><br />
<span class="irc-date">[1:26]</span> <span class="irc-black">&lt;atinm&gt; eugene is taring up his sound folder in the kernel</span><br />
<span class="irc-date">[1:26]</span> <span class="irc-black">&lt;atinm&gt; so hopefully we'll have the headset fix</span><br />
<span class="irc-date">[1:26]</span> <span class="irc-black">&lt;atinm&gt; he does stuff manually - doesn't use git</span><br />
<span class="irc-date">[1:26]</span> <span class="irc-black">&lt;techmik67&gt; excellent.... wifi and sound......</span><br />
<span class="irc-date">[1:26]</span> <span class="irc-black">&lt;atinm&gt; I have no idea how he keeps track.</span><br />
<span class="irc-date">[1:26]</span> <span class="irc-black">&lt;atinm&gt; he hasn't said wifi yet :)</span><br />
<span class="irc-date">[1:26]</span> <span class="irc-black">&lt;atinm&gt; just sound.</span><br />
<span class="irc-date">[1:26]</span> <span class="irc-black">&lt;atinm&gt; he said he's taring up the whole dir</span><br />
<span class="irc-date">[1:26]</span> <span class="irc-black">&lt;atinm&gt; so I'll have to do a git diff</span><br />
<span class="irc-date">[1:27]</span> <span class="irc-black">&lt;atinm&gt; to figure out what he really changed.</span><br />
<span class="irc-date">[1:27]</span> <span class="irc-black">&lt;Unhelpful&gt; diff vs what, though? :(</span><br />
<span class="irc-date">[1:27]</span> <span class="irc-black">&lt;atinm&gt; our repo</span><br />
<span class="irc-date">[1:27]</span> <span class="irc-black">&lt;atinm&gt; he took our repo</span><br />
<span class="irc-date">[1:27]</span> <span class="irc-black">&lt;atinm&gt; kernel</span><br />
<span class="irc-date">[1:28]</span> <span class="irc-black">&lt;atinm&gt; I think it is codecs dir - most probably</span><br />
<span class="irc-date">[1:28]</span> <span class="irc-black">&lt;atinm&gt; so it shouldnt be too bad. I hope.</span><br />
<span class="irc-date">[1:28]</span> <span class="irc-black">&lt;atinm&gt; battery is the other pain in the ass.</span><br />
<span class="irc-date">[1:29]</span> <span class="irc-black">&lt;atinm&gt; gonna have to fix it someday - just not urgent for me.</span><br />
<span class="irc-date">[1:29]</span> <span class="irc-black">&lt;atinm&gt; everyone really cares about those numbers it seems</span><br />
<span class="irc-date">[1:29]</span> <span class="irc-black">&lt;techmik67&gt; seems to me that battery=wifi.... at least in part.....</span><br />
<span class="irc-date">[1:29]</span> <span class="irc-black">&lt;atinm&gt; battery stats.</span><br />
<span class="irc-date">[1:30]</span> <span class="irc-black">&lt;atinm&gt; ppl complain about the numbers being weird</span><br />
<span class="irc-date">[1:30]</span> <span class="irc-black">&lt;atinm&gt; mine are always weird until I go to full rechard.</span><br />
<span class="irc-date">[1:30]</span> <span class="irc-black">&lt;atinm&gt; after that it behaves.</span><br />
<span class="irc-date">[1:30]</span> <span class="irc-black">&lt;techmik67&gt; when i logcat, i get almost constant wifi msgs about battery change</span><br />
<span class="irc-date">[1:30]</span> <span class="irc-black">&lt;techmik67&gt; sewc</span><br />
<span class="irc-date">[1:30]</span> <span class="irc-black">&lt;techmik67&gt; sec</span><br />
<span class="irc-date">[1:30]</span> <span class="irc-black">&lt;techmik67&gt; lemme see if i can get it</span><br />
<span class="irc-date">[1:31]</span> <span class="irc-black">&lt;techmik_laptop&gt; D/WifiService(  161): ACTION_BATTERY_CHANGED pluggedType: 2</span><br />
<span class="irc-date">[1:32]</span> <span class="irc-black">&lt;techmik67&gt; comes up every 30 seconds or so</span><br />
<span class="irc-date">[1:32]</span> <span class="irc-black">&lt;atinm&gt; I'm tired - was up at 4:30am the last few days</span><br />
<span class="irc-date">[1:32]</span> <span class="irc-black">&lt;atinm&gt; going to bed. you handle the users :)</span><br />
<span class="irc-date">[1:33]</span> <span class="irc-black">&lt;techmik67&gt; lol, k... night</span><br />
<span class="irc-date">[1:33]</span> <span class="irc-black">&lt;atinm&gt; I'm hoping eugene sends me a link</span><br />
<span class="irc-date">[1:33]</span> <span class="irc-black">&lt;atinm&gt; next I'm going to get coolya to write to him</span><br />
<span class="irc-date">[1:33]</span> <span class="irc-black">&lt;atinm&gt; if I don't get the wifi and bt fixes</span><br />
<span class="irc-date">[1:34]</span> <span class="irc-green">* atinm is now known as atinm|night</span><br />
<span class="irc-date">[1:39]</span> <span class="irc-green">* Yangtse (~Yangtse@117.136.5.80) has joined this channel.</span><br />
<span class="irc-date">[1:43]</span> <span class="irc-green">* Wout` (~Wout@s559776f4.adsl.wanadoo.nl) has joined this channel.</span><br />
<span class="irc-date">[1:43]</span> <span class="irc-green">* Helvio (~c953623b@redenorte.net) has joined this channel.</span><br />
<span class="irc-date">[1:44]</span> <span class="irc-black">&lt;Helvio&gt; hey guys</span><br />
<span class="irc-date">[1:47]</span> <span class="irc-black">&lt;techmik67&gt; eugene posted!!!</span><br />
<span class="irc-date">[1:48]</span> <span class="irc-black">&lt;techmik67&gt; Here is the Request @codeworkx @atinm @dumdidum Sound folder from my Current CM7 Kernel Source <a href="http://bit.ly/ekCkhJ">http://bit.ly/ekCkhJ</a></span><br />
<span class="irc-date">[1:48]</span> <span class="irc-black">&lt;atinm|night&gt; alright</span><br />
<span class="irc-date">[1:51]</span> <span class="irc-black">&lt;atinm|night&gt; ah yuck - has voodoo as well</span><br />
<span class="irc-date">[1:52]</span> <span class="irc-black">&lt;techmik67&gt; uber has voodoo on his, if you need a 3-way diff......</span><br />
<span class="irc-date">[1:52]</span> <span class="irc-black">&lt;atinm|night&gt; wait - this *only* has voodoo.</span><br />
<span class="irc-date">[1:53]</span> <span class="irc-black">&lt;atinm|night&gt; Unhelpful: can you take a look to make sure I'm not missing something?</span><br />
<span class="irc-date">[1:53]</span> <span class="irc-black">&lt;atinm|night&gt; maybe it is voodoo that fixes the headset/mic?</span><br />
<span class="irc-date">[1:53]</span> <span class="irc-black">&lt;Unhelpful&gt; what am i looking at?</span><br />
<span class="irc-date">[1:53]</span> <span class="irc-black">&lt;atinm|night&gt; eugene supposedly fixed the headset/mic issue we have</span><br />
<span class="irc-date">[1:54]</span> <span class="irc-black">&lt;Unhelpful&gt; which is? :/</span><br />
<span class="irc-date">[1:54]</span> <span class="irc-black">&lt;atinm|night&gt; and that is the tar of his sound dir. I just did a diff against my kernel tree</span><br />
<span class="irc-date">[1:54]</span> <span class="irc-black">&lt;atinm|night&gt; and it is just voodoo.</span><br />
<span class="irc-date">[1:54]</span> <span class="irc-black">&lt;atinm|night&gt; from what I can tell</span><br />
<span class="irc-date">[1:54]</span> <span class="irc-black">&lt;atinm|night&gt; but it seems to have fixed headset/mic issues - supposedly cleaned it up</span><br />
<span class="irc-date">[1:54]</span> <span class="irc-black">&lt;atinm|night&gt; and maybe even got them to work - i'm unclear - what exactly isn't working?</span><br />
<span class="irc-date">[1:55]</span> <span class="irc-black">&lt;Unhelpful&gt; i don't know, i wasn't aware of this issue.</span><br />
<span class="irc-date">[1:55]</span> <span class="irc-black">&lt;atinm|night&gt; so I'm wondering if voodoo changed something that we can just take.</span><br />
<span class="irc-date">[1:55]</span> <span class="irc-black">&lt;Unhelpful&gt; and i don't have my headset with me</span><br />
<span class="irc-date">[1:55]</span> <span class="irc-black">&lt;atinm|night&gt; techmik67: you know?</span><br />
<span class="irc-date">[1:55]</span> <span class="irc-black">&lt;Unhelpful&gt; that's entirely possible</span><br />
<span class="irc-date">[1:55]</span> <span class="irc-black">&lt;atinm|night&gt; he has "hooks" in the main driver</span><br />
<span class="irc-date">[1:55]</span> <span class="irc-black">&lt;atinm|night&gt; that call out to vm8994_voodoo.c ...</span><br />
<span class="irc-date">[1:55]</span> <span class="irc-black">&lt;atinm|night&gt; wm</span><br />
<span class="irc-date">[1:55]</span> <span class="irc-black">&lt;techmik67&gt; no, i have just been following the tweets..... "wifi fixed.... sound fixed...."</span><br />
<span class="irc-date">[1:56]</span> <span class="irc-black">&lt;atinm|night&gt; maybe he meant "sound is now voodoo"</span><br />
<span class="irc-date">[1:56]</span> <span class="irc-black">&lt;atinm|night&gt; its wifi I want.</span><br />
<span class="irc-date">[1:56]</span> <span class="irc-black">&lt;techmik67&gt; me too</span><br />
<span class="irc-date">[1:57]</span> <span class="irc-black">&lt;techmik67&gt; new wifi ko he tweeted about</span><br />
<span class="irc-date">[1:58]</span> <span class="irc-black">&lt;Unhelpful&gt; ugh. :(</span><br />
<span class="irc-date">[1:58]</span> <span class="irc-brick">* Unhelpful is armpits-deep in build system crap right now ;)</span><br />
