<span class="irc-date">[0:00]</span> <span class="irc-navy">* gdanko (~gdanko@66-162-32-185.static.twtelecom.net) Quit (Quit: Computer has gone to sleep)</span><br />
<span class="irc-date">[0:06]</span> <span class="irc-green">* mbizzle (~mbizzle@vp117018.reshsg.uci.edu) has joined this channel.</span><br />
<span class="irc-date">[0:08]</span> <span class="irc-black">&lt;dasunsrule32&gt; pm works too</span><br />
<span class="irc-date">[0:08]</span> <span class="irc-black">&lt;dasunsrule32&gt; :D</span><br />
<span class="irc-date">[0:08]</span> <span class="irc-black">&lt;Kaik541&gt; I haven't built in a while</span><br />
<span class="irc-date">[0:09]</span> <span class="irc-black">&lt;techmik67&gt; building now</span><br />
<span class="irc-date">[0:15]</span> <span class="irc-black">&lt;dasunsrule32&gt; cmsgs.christiantechsaz.com</span><br />
<span class="irc-date">[0:15]</span> <span class="irc-black">&lt;dasunsrule32&gt; i am now posting nightlies there</span><br />
<span class="irc-date">[0:17]</span> <span class="irc-black">&lt;dasunsrule32&gt; working on getting better bandwith</span><br />
<span class="irc-date">[0:19]</span> <span class="irc-green">* coolya is now known as coolya|away</span><br />
<span class="irc-date">[0:33]</span> <span class="irc-black">&lt;mbizzle&gt; dasun</span><br />
<span class="irc-date">[0:36]</span> <span class="irc-black">&lt;mbizzle&gt; I don't see where your script cleans the kernel build</span><br />
<span class="irc-date">[0:38]</span> <span class="irc-black">&lt;dasunsrule32&gt; this is true</span><br />
<span class="irc-date">[0:42]</span> <span class="irc-black">&lt;mbizzle&gt; are you only going to build for vibrants? or for all the sgs models?</span><br />
<span class="irc-date">[0:44]</span> <span class="irc-black">&lt;mbizzle&gt; (and the script will fail when the build increment changes)</span><br />
<span class="irc-date">[0:47]</span> <span class="irc-black">&lt;dasunsrule32&gt; mbizzle: for the moment, once I get this perfected, I will start the others</span><br />
<span class="irc-date">[0:49]</span> <span class="irc-black">&lt;mbizzle&gt; I unfortunately can't give you any advice for how to create a variable, because I don't know how the team is going to name</span><br />
<span class="irc-date">[0:50]</span> <span class="irc-black">&lt;Unhelpful&gt; oh wtf @ this msensor transform matrix. there are *far too many* nonzero values :/</span><br />
<span class="irc-date">[0:50]</span> <span class="irc-green">* dasunsrule32_ (~cm7_rulz@christiantechsaz.com) has joined this channel.</span><br />
<span class="irc-date">[0:51]</span> <span class="irc-black">&lt;dasunsrule32_&gt; mbizzle: you suggest like a variable for the build, BUILD=7.0.0, then drop that and change it when the build does increment?</span><br />
<span class="irc-date">[0:52]</span> <span class="irc-navy">* dasunsrule32 (~cm7_rulz@christiantechsaz.com) Quit (Ping timeout: 246 seconds)</span><br />
<span class="irc-date">[0:53]</span> <span class="irc-black">&lt;mbizzle&gt; yeah but the problem is it'd be even better to have the script autoincrement the variable</span><br />
<span class="irc-date">[0:53]</span> <span class="irc-black">&lt;mbizzle&gt; as written, once it changes to rc1 or 7.1 your script will fail and /var/log will fill up with notifications</span><br />
<span class="irc-date">[0:54]</span> <span class="irc-black">&lt;dasunsrule32_&gt; here, check what I've changed...</span><br />
<span class="irc-date">[0:54]</span> <span class="irc-black">&lt;Unhelpful&gt; mbizzle: regular "make clean" already cleans the kernel since it's built in the product output directory.</span><br />
<span class="irc-date">[0:54]</span> <span class="irc-black">&lt;dasunsrule32_&gt; one sec</span><br />
<span class="irc-date">[0:55]</span> <span class="irc-black">&lt;mbizzle&gt; ahh, I was looking at that</span><br />
<span class="irc-date">[0:57]</span> <span class="irc-black">&lt;dasunsrule32_&gt; <a href="http://pastebin.com/hMJNZNeW">http://pastebin.com/hMJNZNeW</a></span><br />
<span class="irc-date">[0:57]</span> <span class="irc-black">&lt;dasunsrule32_&gt; so that is what I've got</span><br />
<span class="irc-date">[0:57]</span> <span class="irc-black">&lt;dasunsrule32_&gt; now</span><br />
<span class="irc-date">[0:58]</span> <span class="irc-black">&lt;mbizzle&gt; but for some reason I thought it wasn't cleaning everything like my kernel .config</span><br />
<span class="irc-date">[0:59]</span> <span class="irc-black">&lt;mbizzle&gt; yeah I like the looks of that much better</span><br />
<span class="irc-date">[0:59]</span> <span class="irc-black">&lt;dasunsrule32_&gt; it will be easy to change the version once it changes</span><br />
<span class="irc-date">[0:59]</span> <span class="irc-black">&lt;dasunsrule32_&gt; :)</span><br />
<span class="irc-date">[0:59]</span> <span class="irc-black">&lt;Unhelpful&gt; mbizzle: that is also in the output directory.</span><br />
<span class="irc-date">[1:00]</span> <span class="irc-black">&lt;dasunsrule32_&gt; I don't know how to grab the new version number automatically</span><br />
<span class="irc-date">[1:00]</span> <span class="irc-black">&lt;Unhelpful&gt; you'll get an error if you've been building directly in the kernel directory and haven't cleaned it w/ make mrproper.</span><br />
<span class="irc-date">[1:00]</span> <span class="irc-black">&lt;dasunsrule32_&gt; that'd be cool if it could hapen</span><br />
<span class="irc-date">[1:00]</span> <span class="irc-black">&lt;mbizzle&gt; Unhelpful is that new or always been the case?</span><br />
<span class="irc-date">[1:01]</span> <span class="irc-black">&lt;dasunsrule32_&gt; just changed</span><br />
<span class="irc-date">[1:01]</span> <span class="irc-black">&lt;Unhelpful&gt; mbizzle: new since the change to make the kernel part of the CM build process.</span><br />
<span class="irc-date">[1:01]</span> <span class="irc-black">&lt;mbizzle&gt; ah that makes sense. I build kernels more often than roms...</span><br />
<span class="irc-date">[1:02]</span> <span class="irc-black">&lt;mbizzle&gt; I wasn't sure if I broke something so I made mrproper and went along with my business lol</span><br />
<span class="irc-date">[1:02]</span> <span class="irc-black">&lt;dasunsrule32_&gt; How would suggest changing the script around to add other builds? Just repeat and rinse throuhout the script to each build?</span><br />
<span class="irc-date">[1:03]</span> <span class="irc-black">&lt;dasunsrule32_&gt; or use the same code and start using more variables, and a while statement?</span><br />
<span class="irc-date">[1:03]</span> <span class="irc-black">&lt;dasunsrule32_&gt; loop</span><br />
<span class="irc-date">[1:03]</span> <span class="irc-black">&lt;mbizzle&gt; you could actually set a variable instead of rinse/repeat</span><br />
<span class="irc-date">[1:03]</span> <span class="irc-black">&lt;mbizzle&gt; yeah</span><br />
<span class="irc-date">[1:04]</span> <span class="irc-black">&lt;Unhelpful&gt; or put the build in a function so all of its variables can be local</span><br />
<span class="irc-date">[1:04]</span> <span class="irc-black">&lt;mbizzle&gt; but I got to eat...don't want to raise gf ire :)</span><br />
<span class="irc-date">[1:04]</span> <span class="irc-black">&lt;dasunsrule32_&gt; I have experience in C programming, it's been awhile, so I'm trying to reaquaint</span><br />
<span class="irc-date">[1:04]</span> <span class="irc-black">&lt;dasunsrule32_&gt; :p</span><br />
<span class="irc-date">[1:04]</span> <span class="irc-black">&lt;dasunsrule32_&gt; thx</span><br />
<span class="irc-date">[1:04]</span> <span class="irc-black">&lt;dasunsrule32_&gt; I will start testing this script and see if it dies on me</span><br />
<span class="irc-date">[1:04]</span> <span class="irc-black">&lt;dasunsrule32_&gt; it's a start</span><br />
<span class="irc-date">[1:04]</span> <span class="irc-black">&lt;dasunsrule32_&gt; :D</span><br />
<span class="irc-date">[1:05]</span> <span class="irc-green">* designfears (~df@cpe-184-57-163-79.cinci.res.rr.com) has joined this channel.</span><br />
<span class="irc-date">[1:09]</span> <span class="irc-green">* dasunsrule32 (~cm7_rulz@christiantechsaz.com) has joined this channel.</span><br />
<span class="irc-date">[1:09]</span> <span class="irc-brick">* dasunsrule32 stabs laptop</span><br />
<span class="irc-date">[1:11]</span> <span class="irc-navy">* dasunsrule32_ (~cm7_rulz@christiantechsaz.com) Quit (Ping timeout: 246 seconds)</span><br />
<span class="irc-date">[1:11]</span> <span class="irc-black">&lt;dasunsrule32&gt; Unhelpful: is there an easy way to get the latest build and release number?</span><br />
<span class="irc-date">[1:12]</span> <span class="irc-black">&lt;dasunsrule32&gt; from repo, etc?</span><br />
<span class="irc-date">[1:22]</span> <span class="irc-black">&lt;techmik67&gt; latest build, finished 15 minutes ago... i booted..... no interanl sdcard... the 14GB... i have external and internal 1.85GB</span><br />
<span class="irc-date">[1:22]</span> <span class="irc-black">&lt;techmik67&gt; rebooting</span><br />
<span class="irc-date">[1:23]</span> <span class="irc-black">&lt;dasunsrule32&gt; ouch</span><br />
<span class="irc-date">[1:24]</span> <span class="irc-black">&lt;techmik67&gt; new upstream changes</span><br />
<span class="irc-date">[1:25]</span> <span class="irc-black">&lt;techmik67&gt; its bak on reboot</span><br />
<span class="irc-date">[1:25]</span> <span class="irc-black">&lt;techmik67&gt; &lt;whew&gt;</span><br />
<span class="irc-date">[1:25]</span> <span class="irc-black">&lt;dasunsrule32&gt; ah cool</span><br />
<span class="irc-date">[1:25]</span> <span class="irc-black">&lt;dasunsrule32&gt; :)</span><br />
<span class="irc-date">[1:25]</span> <span class="irc-black">&lt;dasunsrule32&gt; lol</span><br />
<span class="irc-date">[1:26]</span> <span class="irc-brick">* dasunsrule32 got scared :p</span><br />
<span class="irc-date">[1:26]</span> <span class="irc-black">&lt;dasunsrule32&gt; gotsta go...</span><br />
<span class="irc-date">[1:26]</span> <span class="irc-brick">* dasunsrule32 running script for first time... :)</span><br />
<span class="irc-date">[1:26]</span> <span class="irc-black">&lt;techmik67&gt; GL</span><br />
<span class="irc-date">[1:30]</span> <span class="irc-black">&lt;dasunsrule32&gt; Any ideas?</span><br />
<span class="irc-date">[1:30]</span> <span class="irc-black">&lt;dasunsrule32&gt; Cleaning out/target/product/vibrant...</span><br />
<span class="irc-date">[1:30]</span> <span class="irc-black">&lt;dasunsrule32&gt; Cleaning out/target/common...</span><br />
<span class="irc-date">[1:30]</span> <span class="irc-black">&lt;dasunsrule32&gt; Clean.</span><br />
<span class="irc-date">[1:30]</span> <span class="irc-black">&lt;dasunsrule32&gt; ./nightly.sh: line 31: [: missing `]'</span><br />
<span class="irc-date">[1:30]</span> <span class="irc-black">&lt;dasunsrule32&gt; Clean failed...</span><br />
<span class="irc-date">[1:31]</span> <span class="irc-black">&lt;dasunsrule32&gt; missing a `</span><br />
<span class="irc-date">[1:31]</span> <span class="irc-black">&lt;dasunsrule32&gt; ?</span><br />
<span class="irc-date">[1:37]</span> <span class="irc-navy">* dasunsrule32 (~cm7_rulz@christiantechsaz.com) Quit (Ping timeout: 246 seconds)</span><br />
<span class="irc-date">[1:47]</span> <span class="irc-navy">* mbizzle (~mbizzle@vp117018.reshsg.uci.edu) Quit (Ping timeout: 248 seconds)</span><br />
<span class="irc-date">[1:47]</span> <span class="irc-green">* atinm (~atin@unaffiliated/atinm) has joined this channel.</span><br />
<span class="irc-date">[1:47]</span> <span class="irc-green">* ChanServ sets mode +o atinm</span><br />
<span class="irc-date">[1:52]</span> <span class="irc-black">&lt;atinm&gt; techmik67: did your build work?</span><br />
<span class="irc-date">[1:52]</span> <span class="irc-black">&lt;techmik67&gt; yup</span><br />
<span class="irc-date">[1:52]</span> <span class="irc-black">&lt;techmik67&gt; its good at the moment</span><br />
<span class="irc-date">[1:53]</span> <span class="irc-black">&lt;techmik67&gt; a bunch of changes just came in the re ppo sync now</span><br />
<span class="irc-date">[1:54]</span> <span class="irc-black">&lt;Unhelpful&gt; wtf samsung/yamaha: aw_xyz[0] = - temp_rawdata[0]; raw_xyz[1] = temp_rawdata[2] - temp_rawdata[1]; raw_xyz[2] = temp_rawdata[2] + temp_rawdata[1];</span><br />
<span class="irc-date">[2:00]</span> <span class="irc-black">&lt;atinm&gt; Unhelpful: <a href="http://img854.imageshack.us/i/code.jpg/">http://img854.imageshack.us/i/code.jpg/</a></span><br />
<span class="irc-date">[2:01]</span> <span class="irc-black">&lt;Unhelpful&gt; do we not have compas sources from any of the samsung source releases?</span><br />
<span class="irc-date">[2:01]</span> <span class="irc-black">&lt;Unhelpful&gt; the meego code appears to do the same thing.</span><br />
<span class="irc-date">[2:02]</span> <span class="irc-black">&lt;Unhelpful&gt; x = -x; y = y2 - y1 ; z = y2 + y1</span><br />
<span class="irc-date">[2:02]</span> <span class="irc-black">&lt;Unhelpful&gt; no fucking wonder z reads waaaay larger than the other two.</span><br />
<span class="irc-date">[2:03]</span> <span class="irc-black">&lt;Unhelpful&gt; and here i thought the maths were going to be the hard part. :/</span><br />
<span class="irc-date">[2:14]</span> <span class="irc-green">* mbizzle (~mbizzle@vp117018.reshsg.uci.edu) has joined this channel.</span><br />
<span class="irc-date">[2:22]</span> <span class="irc-black">&lt;atinm&gt; its funny how everyone wants to post recompiled teamhacksung code.</span><br />
<span class="irc-date">[2:23]</span> <span class="irc-black">&lt;atinm&gt; recompiled with voodoo patches at that.</span><br />
<span class="irc-date">[2:23]</span> <span class="irc-black">&lt;mbizzle&gt; yeah</span><br />
<span class="irc-date">[2:23]</span> <span class="irc-black">&lt;mbizzle&gt; and then refuse to share the source of what they're doing :\</span><br />
<span class="irc-date">[2:23]</span> <span class="irc-black">&lt;atinm&gt; well, that's a separate issue. these are just plain recompiles.</span><br />
<span class="irc-date">[2:23]</span> <span class="irc-black">&lt;atinm&gt; nothing else.</span><br />
<span class="irc-date">[2:23]</span> <span class="irc-black">&lt;Kaik541&gt; oh that reminds me, time to do my daily peek onto eugene's forum</span><br />
<span class="irc-date">[2:23]</span> <span class="irc-black">&lt;atinm&gt; no bug fixes or anything</span><br />
<span class="irc-date">[2:24]</span> <span class="irc-black">&lt;atinm&gt; which seems even more pointless to me . . .</span><br />
<span class="irc-date">[2:24]</span> <span class="irc-black">&lt;atinm&gt; kang has done the voodoo bit, so no more need to be uploaded.</span><br />
<span class="irc-date">[2:24]</span> <span class="irc-black">&lt;atinm&gt; (and I'm glad he has so we don't have to - it needs some thought)</span><br />
<span class="irc-date">[2:24]</span> <span class="irc-black">&lt;mbizzle&gt; on that note, I'm starting to see kernels built without debugging</span><br />
<span class="irc-date">[2:25]</span> <span class="irc-black">&lt;atinm&gt; as long as there are bad bugs floating, it would help to be able to see a stack trace but I guess codeworkx can compile without it.</span><br />
<span class="irc-date">[2:26]</span> <span class="irc-black">&lt;atinm&gt; when he uploads next</span><br />
<span class="irc-date">[2:27]</span> <span class="irc-black">&lt;atinm&gt; techmik67: so did you say you just built?</span><br />
<span class="irc-date">[2:27]</span> <span class="irc-black">&lt;atinm&gt; techmik67: and it ran?</span><br />
<span class="irc-date">[2:27]</span> <span class="irc-black">&lt;techmik67&gt; yup</span><br />
<span class="irc-date">[2:27]</span> <span class="irc-black">&lt;techmik67&gt; its up and running fime</span><br />
<span class="irc-date">[2:27]</span> <span class="irc-black">&lt;atinm&gt; ok, here goes.</span><br />
<span class="irc-date">[2:27]</span> <span class="irc-black">&lt;techmik67&gt; fine*</span><br />
<span class="irc-date">[2:27]</span> <span class="irc-black">&lt;atinm&gt; things got synced, maybe something got fixed.</span><br />
<span class="irc-date">[2:27]</span> <span class="irc-black">&lt;atinm&gt; and your recovery isn't the weird 4 window one</span><br />
<span class="irc-date">[2:27]</span> <span class="irc-black">&lt;techmik67&gt; building again, since i repo synced and there were new adds</span><br />
<span class="irc-date">[2:28]</span> <span class="irc-black">&lt;atinm&gt; I guess that'll you'll find out this time ;)</span><br />
<span class="irc-date">[2:28]</span> <span class="irc-black">&lt;techmik67&gt; i REALLY dont wanna build clean. =( ... 90 mins.....</span><br />
<span class="irc-date">[2:28]</span> <span class="irc-navy">* techmik_laptop (~techmik@c-76-109-173-83.hsd1.fl.comcast.net) Quit (Quit: Konversation terminated!)</span><br />
<span class="irc-date">[2:28]</span> <span class="irc-black">&lt;atinm&gt; don't worry about it</span><br />
<span class="irc-date">[2:28]</span> <span class="irc-black">&lt;techmik67&gt; router</span><br />
<span class="irc-date">[2:28]</span> <span class="irc-black">&lt;atinm&gt; just build</span><br />
<span class="irc-date">[2:28]</span> <span class="irc-black">&lt;atinm&gt; without clean</span><br />
<span class="irc-date">[2:28]</span> <span class="irc-black">&lt;techmik67&gt; wifi crap</span><br />
<span class="irc-date">[2:28]</span> <span class="irc-black">&lt;techmik67&gt; cool</span><br />
<span class="irc-date">[2:28]</span> <span class="irc-black">&lt;techmik67&gt; k</span><br />
<span class="irc-date">[2:28]</span> <span class="irc-green">* techmik_laptop (~techmik@c-76-109-173-83.hsd1.fl.comcast.net) has joined this channel.</span><br />
<span class="irc-date">[2:29]</span> <span class="irc-black">&lt;techmik67&gt; brucnhing =)</span><br />
<span class="irc-date">[2:38]</span> <span class="irc-black">&lt;techmik67&gt; from eugene's twitter: If you was Following me Due to the Vibrant.. Please Un-follow</span><br />
<span class="irc-date">[2:39]</span> <span class="irc-brick">* techmik67 is taking the advice</span><br />
<span class="irc-date">[2:42]</span> <span class="irc-black">&lt;Kaik541&gt; how does he not know how capitalization works?</span><br />
<span class="irc-date">[2:42]</span> <span class="irc-black">&lt;Kaik541&gt; am I the only to notice that?</span><br />
<span class="irc-date">[2:42]</span> <span class="irc-black">&lt;techmik67&gt; lol</span><br />
<span class="irc-date">[2:46]</span> <span class="irc-black">&lt;techmik67&gt; wow</span><br />
<span class="irc-date">[2:46]</span> <span class="irc-black">&lt;techmik67&gt; cyanogen cyanogen</span><br />
<span class="irc-date">[2:46]</span> <span class="irc-black">&lt;techmik67&gt; CyanogenMod-7.0.0-RC2 is here! | CyanogenMod <a href="http://bit.ly/hsNMQz">http://bit.ly/hsNMQz</a></span><br />
<span class="irc-date">[2:47]</span> <span class="irc-black">&lt;Kaik541&gt; ugh</span><br />
<span class="irc-date">[2:47]</span> <span class="irc-black">&lt;Kaik541&gt; feature freeze</span><br />
<span class="irc-date">[2:47]</span> <span class="irc-black">&lt;techmik67&gt; tweeted 3 mins ago</span><br />
<span class="irc-date">[2:53]</span> <span class="irc-black">&lt;Unhelpful&gt; oh, so after 7.0.0, can we has merge?</span><br />
<span class="irc-date">[2:57]</span> <span class="irc-black">&lt;Kaik541&gt; well since they did feature freeze, doesn't that mean none of the potential merges will be able to make it in until post-7.0 stable?</span><br />
