<span class="irc-date">[0:00]</span> <span class="irc-black">&lt;atinm|away&gt; how am I supposed to...</span><br />
<span class="irc-date">[0:00]</span> <span class="irc-black">&lt;atinm|away&gt; nevermind.</span><br />
<span class="irc-date">[0:01]</span> <span class="irc-black">&lt;Unhelpful&gt; also it's templated, so if we want to do fixed-point math in biasmodel at some point (might save a *lot* of time w/ the matrix manipulation stuff), we can.</span><br />
<span class="irc-date">[0:01]</span> <span class="irc-black">&lt;Unhelpful&gt; to debug for a device you don't have? i don't think you *are* supposed to?</span><br />
<span class="irc-date">[0:06]</span> <span class="irc-black">&lt;Kaik541&gt; magics</span><br />
<span class="irc-date">[0:06]</span> <span class="irc-black">&lt;Kaik541&gt; though I'm curious why they're getting a kernel panic at all considering you can't use a custom kernel on the atrix xD</span><br />
<span class="irc-date">[0:09]</span> <span class="irc-black">&lt;atinm|away&gt; he did say something along the lines of if they can figure that out, they'll unlock the bootloader</span><br />
<span class="irc-date">[0:10]</span> <span class="irc-black">&lt;Kaik541&gt; I don't get why more people don't look at what the xperia x10 guys did and just use kexec</span><br />
<span class="irc-date">[0:11]</span> <span class="irc-black">&lt;Kaik541&gt; since that seems like a perfectly suited way to get around a bad bootloader</span><br />
<span class="irc-date">[0:18]</span> <span class="irc-black">&lt;atinm|away&gt; going to ignore it . . .</span><br />
<span class="irc-date">[0:18]</span> <span class="irc-black">&lt;atinm|away&gt; why do DG's ppl think I work with him...</span><br />
<span class="irc-date">[0:18]</span> <span class="irc-black">&lt;atinm|away&gt; (I assume this is another)</span><br />
<span class="irc-date">[0:19]</span> <span class="irc-green">* acdbx (~acdbx@cpe-66-75-28-44.san.res.rr.com) has joined this channel.</span><br />
<span class="irc-date">[0:22]</span> <span class="irc-black">&lt;Kaik541&gt; nah, DG left the atrix because of the "locked bootloader shit" even though it has literally not affected his ability at all since he doesn't know how to make a custom kernel anyway</span><br />
<span class="irc-date">[0:24]</span> <span class="irc-black">&lt;Kaik541&gt; if that's the reason he wants to pretend he couldn't do anything more than deodex and add a reboot option to the atrix, so be it</span><br />
<span class="irc-date">[0:48]</span> <span class="irc-black">&lt;atinm|away&gt; I was hoping he'd go to the atrix.</span><br />
<span class="irc-date">[0:48]</span> <span class="irc-black">&lt;atinm|away&gt; then I'd never run into him again because without being able to load a kernel, it might as well not exist for me</span><br />
<span class="irc-date">[0:52]</span> <span class="irc-black">&lt;atinm|away&gt; curio is working on it too and invited me to join.</span><br />
<span class="irc-date">[0:53]</span> <span class="irc-black">&lt;atinm|away&gt; guess he has an atrix</span><br />
<span class="irc-date">[0:53]</span> <span class="irc-black">&lt;atinm|away&gt; or time on his hands.</span><br />
<span class="irc-date">[0:55]</span> <span class="irc-black">&lt;chaembian_&gt; Good morning, guys!</span><br />
<span class="irc-date">[1:00]</span> <span class="irc-black">&lt;atinm|away&gt; morning</span><br />
<span class="irc-date">[1:00]</span> <span class="irc-green">* atinm|away is now known as atinm</span><br />
<span class="irc-date">[1:00]</span> <span class="irc-black">&lt;atinm&gt; evening here</span><br />
<span class="irc-date">[1:17]</span> <span class="irc-black">&lt;atinm&gt; finally.</span><br />
<span class="irc-date">[1:17]</span> <span class="irc-black">&lt;atinm&gt; devs.c</span><br />
<span class="irc-date">[1:17]</span> <span class="irc-black">&lt;atinm&gt; jeez.</span><br />
<span class="irc-date">[1:17]</span> <span class="irc-black">&lt;atinm&gt; anyway, INTERNAL, EXTERNAL and tethering all work now</span><br />
<span class="irc-date">[1:18]</span> <span class="irc-black">&lt;ytt3r&gt; atinm, send teamhacksung a pull request, android_device_samsung_captivate</span><br />
<span class="irc-date">[1:18]</span> <span class="irc-black">&lt;ytt3r&gt; sent*</span><br />
<span class="irc-date">[1:18]</span> <span class="irc-black">&lt;atinm&gt; what is it?</span><br />
<span class="irc-date">[1:18]</span> <span class="irc-black">&lt;ytt3r&gt; hopefully fixed no misc partiton error</span><br />
<span class="irc-date">[1:18]</span> <span class="irc-black">&lt;Kaik541&gt; hopefully?</span><br />
<span class="irc-date">[1:19]</span> <span class="irc-black">&lt;ytt3r&gt; haven't tested it, my repo is borked</span><br />
<span class="irc-date">[1:19]</span> <span class="irc-black">&lt;ytt3r&gt; it shouldn't do any harm if it doesn't work though</span><br />
<span class="irc-date">[1:20]</span> <span class="irc-black">&lt;Kaik541&gt; submitting untested patches is bad form though :P</span><br />
<span class="irc-date">[1:20]</span> <span class="irc-black">&lt;atinm&gt; typo in your pull request</span><br />
<span class="irc-date">[1:20]</span> <span class="irc-black">&lt;atinm&gt; but I don't think that variable is used anywhere anyway</span><br />
<span class="irc-date">[1:20]</span> <span class="irc-black">&lt;ytt3r&gt; dangit</span><br />
<span class="irc-date">[1:21]</span> <span class="irc-black">&lt;ytt3r&gt; partition*</span><br />
<span class="irc-date">[1:21]</span> <span class="irc-black">&lt;atinm&gt; yes, but doing a grep in the tree showed nowhere that it is used</span><br />
<span class="irc-date">[1:21]</span> <span class="irc-black">&lt;atinm&gt; at least not since my last repo sync</span><br />
<span class="irc-date">[1:21]</span> <span class="irc-black">&lt;ytt3r&gt; its in recovery</span><br />
<span class="irc-date">[1:21]</span> <span class="irc-black">&lt;atinm&gt; not in our recovery :)</span><br />
<span class="irc-date">[1:21]</span> <span class="irc-black">&lt;ytt3r&gt; just came across it, looking through when koush originally started sgs support</span><br />
<span class="irc-date">[1:22]</span> <span class="irc-black">&lt;atinm&gt; we have forked recovery</span><br />
<span class="irc-date">[1:22]</span> <span class="irc-black">&lt;atinm&gt; so if it was after, we haven't been doing merges</span><br />
<span class="irc-date">[1:22]</span> <span class="irc-black">&lt;ytt3r&gt; hang on a sec</span><br />
<span class="irc-date">[1:22]</span> <span class="irc-black">&lt;atinm&gt; but adding it is no harm.</span><br />
<span class="irc-date">[1:23]</span> <span class="irc-black">&lt;ytt3r&gt; there is something in bootable recovery, give me a few minutes though brb</span><br />
<span class="irc-date">[1:23]</span> <span class="irc-black">&lt;techmik67&gt; i just looked up... fixed cards w/tether? atinm is *the man* !!!</span><br />
<span class="irc-date">[1:24]</span> <span class="irc-black">&lt;atinm&gt; need to start pushing up stuff now.</span><br />
<span class="irc-date">[1:24]</span> <span class="irc-black">&lt;techmik67&gt; to you or hacksung?</span><br />
<span class="irc-date">[1:24]</span> <span class="irc-black">&lt;chaembian_&gt; anyway, INTERNAL, EXTERNAL and tethering all work now -- w00t!! :)</span><br />
<span class="irc-date">[1:24]</span> <span class="irc-black">&lt;atinm&gt; well, first have to sync, do merges</span><br />
<span class="irc-date">[1:25]</span> <span class="irc-black">&lt;atinm&gt; make sure I didn't break anything. test again</span><br />
<span class="irc-date">[1:25]</span> <span class="irc-black">&lt;atinm&gt; upload for you to make sure also</span><br />
<span class="irc-date">[1:25]</span> <span class="irc-black">&lt;atinm&gt; then hacksung.</span><br />
<span class="irc-date">[1:25]</span> <span class="irc-black">&lt;techmik67&gt; k</span><br />
<span class="irc-date">[1:25]</span> <span class="irc-green">* TMC_Sherpa (~jeff@c-67-173-42-196.hsd1.il.comcast.net) has joined this channel.</span><br />
<span class="irc-date">[1:25]</span> <span class="irc-black">&lt;techmik67&gt; so i dont need to branch and remote and all</span><br />
<span class="irc-date">[1:25]</span> <span class="irc-black">&lt;techmik67&gt; k</span><br />
<span class="irc-date">[1:26]</span> <span class="irc-black">&lt;atinm&gt; btw, we don't allow applications on external sd, right?</span><br />
<span class="irc-date">[1:26]</span> <span class="irc-black">&lt;atinm&gt; Kaik541: ?</span><br />
<span class="irc-date">[1:26]</span> <span class="irc-black">&lt;Kaik541&gt; not that I know</span><br />
<span class="irc-date">[1:26]</span> <span class="irc-black">&lt;atinm&gt; because this would break that.</span><br />
<span class="irc-date">[1:26]</span> <span class="irc-black">&lt;atinm&gt; well, it was always broken</span><br />
<span class="irc-date">[1:26]</span> <span class="irc-black">&lt;Kaik541&gt; asec is only on internal</span><br />
<span class="irc-date">[1:26]</span> <span class="irc-black">&lt;atinm&gt; and I tried to fix it.</span><br />
<span class="irc-date">[1:26]</span> <span class="irc-black">&lt;atinm&gt; but its too painful to fix</span><br />
<span class="irc-date">[1:26]</span> <span class="irc-black">&lt;atinm&gt; right.</span><br />
<span class="irc-date">[1:26]</span> <span class="irc-black">&lt;atinm&gt; that's why.</span><br />
<span class="irc-date">[1:27]</span> <span class="irc-black">&lt;atinm&gt; and too painful to fix.</span><br />
<span class="irc-date">[1:27]</span> <span class="irc-black">&lt;atinm&gt; when we share/unshare, we also have to tell the package manager that card is going away</span><br />
<span class="irc-date">[1:27]</span> <span class="irc-black">&lt;atinm&gt; so any packages that are using the disk stop doing so</span><br />
<span class="irc-date">[1:27]</span> <span class="irc-black">&lt;atinm&gt; so like angry birds was using sdcard</span><br />
<span class="irc-date">[1:27]</span> <span class="irc-black">&lt;atinm&gt; and it had to die</span><br />
<span class="irc-date">[1:27]</span> <span class="irc-black">&lt;Kaik541&gt; I think it does so anyway since games like "angry brids" stop working</span><br />
<span class="irc-date">[1:28]</span> <span class="irc-black">&lt;atinm&gt; so I tried to make it also check when external was going to be shared</span><br />
<span class="irc-date">[1:28]</span> <span class="irc-black">&lt;atinm&gt; to make sure nothign was using external</span><br />
<span class="irc-date">[1:28]</span> <span class="irc-black">&lt;atinm&gt; and i could still do it</span><br />
<span class="irc-date">[1:28]</span> <span class="irc-black">&lt;atinm&gt; but then I'd also have to muck in package manager.</span><br />
<span class="irc-date">[1:28]</span> <span class="irc-black">&lt;techmik67&gt; lotsa things in repo sync</span><br />
<span class="irc-date">[1:28]</span> <span class="irc-black">&lt;atinm&gt; this one card thing is like all over the place.</span><br />
<span class="irc-date">[1:29]</span> <span class="irc-black">&lt;atinm&gt; so I'm ignoring if something is using external card and card gets shared</span><br />
<span class="irc-date">[1:29]</span> <span class="irc-black">&lt;chaembian_&gt; I have about 795 GPIOs listed going by TMC_Sherpa's method</span><br />
<span class="irc-date">[1:29]</span> <span class="irc-black">&lt;atinm&gt; with the assumption that it is never so.</span><br />
<span class="irc-date">[1:30]</span> <span class="irc-black">&lt;chaembian_&gt; Is that a good number to start with?</span><br />
<span class="irc-date">[1:30]</span> <span class="irc-black">&lt;ytt3r&gt; this is part of the old android.mk from cwm 2.5.x</span><br />
<span class="irc-date">[1:30]</span> <span class="irc-black">&lt;ytt3r&gt; <a href="http://pastie.org/1774116">http://pastie.org/1774116</a></span><br />
<span class="irc-date">[1:30]</span> <span class="irc-black">&lt;atinm&gt; chaembian_: that sounds about right</span><br />
<span class="irc-date">[1:30]</span> <span class="irc-black">&lt;TMC_Sherpa&gt; I didn't do it.  even if I did no one saw me.  you can't prove anything</span><br />
<span class="irc-date">[1:30]</span> <span class="irc-black">&lt;atinm&gt; yeah well, I couldn't find the code that cared.</span><br />
<span class="irc-date">[1:31]</span> <span class="irc-black">&lt;ytt3r&gt; should I send a pull request with that in android_bootable_recovery?</span><br />
<span class="irc-date">[1:31]</span> <span class="irc-black">&lt;atinm&gt; but it might be code that we haven't merged from upstream</span><br />
<span class="irc-date">[1:31]</span> <span class="irc-black">&lt;ytt3r&gt; its old stuff</span><br />
<span class="irc-date">[1:31]</span> <span class="irc-black">&lt;atinm&gt; nah, leave it then</span><br />
<span class="irc-date">[1:31]</span> <span class="irc-black">&lt;atinm&gt; the pull request doesnt' do anything</span><br />
<span class="irc-date">[1:31]</span> <span class="irc-black">&lt;atinm&gt; so you can kill it</span><br />
<span class="irc-date">[1:31]</span> <span class="irc-black">&lt;atinm&gt; if we had code that used that -D, then it would be interesting</span><br />
<span class="irc-date">[1:32]</span> <span class="irc-black">&lt;ytt3r&gt; that's what i was proposing</span><br />
<span class="irc-date">[1:32]</span> <span class="irc-black">&lt;atinm&gt; look in the cyanogenmod tree to see if that has the code</span><br />
<span class="irc-date">[1:32]</span> <span class="irc-black">&lt;ytt3r&gt; I could add in that stuff</span><br />
<span class="irc-date">[1:32]</span> <span class="irc-black">&lt;atinm&gt; no, coolya has been trying to get merged upstream</span><br />
<span class="irc-date">[1:32]</span> <span class="irc-black">&lt;ytt3r&gt; I won't kill the pull request yet, i'm going to see if its feasible to add that stuff in</span><br />
<span class="irc-date">[1:32]</span> <span class="irc-black">&lt;atinm&gt; and then it won't matter and the no_misc_partition can be added then</span><br />
<span class="irc-date">[1:33]</span> <span class="irc-black">&lt;atinm&gt; right now it doesn't hurt anything</span><br />
<span class="irc-date">[1:33]</span> <span class="irc-black">&lt;atinm&gt; and would rather not deal with a weird merge</span><br />
<span class="irc-date">[1:34]</span> <span class="irc-green">* designfears (~AndChat@32.168.13.199) has joined this channel.</span><br />
<span class="irc-date">[1:34]</span> <span class="irc-black">&lt;ytt3r&gt; OH</span><br />
<span class="irc-date">[1:34]</span> <span class="irc-black">&lt;atinm&gt; I'm going to let coolya figure out what to do with bootable/recovery</span><br />
<span class="irc-date">[1:34]</span> <span class="irc-black">&lt;ytt3r&gt; found it</span><br />
<span class="irc-date">[1:34]</span> <span class="irc-black">&lt;atinm&gt; he may want to pull upstream into our tree . . .</span><br />
<span class="irc-date">[1:34]</span> <span class="irc-black">&lt;ytt3r&gt; I'll kill that one, tell coolya to pull in d9fbe2f1ce7aa79e0448</span><br />
<span class="irc-date">[1:34]</span> <span class="irc-black">&lt;atinm&gt; link?</span><br />
<span class="irc-date">[1:34]</span> <span class="irc-black">&lt;ytt3r&gt; <a href="https://github.com/CyanogenMod/android_bootable_recovery/commit/d9fbe2f1ce7aa79e044833202257f9a414a49ec8">https://github.com/CyanogenMod/android_bootable_recovery/commit/d9fbe2f1ce7aa79e044833202257f9a414a49ec8</a></span><br />
<span class="irc-date">[1:35]</span> <span class="irc-black">&lt;atinm&gt; funny</span><br />
<span class="irc-date">[1:37]</span> <span class="irc-black">&lt;ytt3r&gt; funny?</span><br />
<span class="irc-date">[1:37]</span> <span class="irc-black">&lt;atinm&gt; yeah . . . just deleted the lines</span><br />
<span class="irc-date">[1:38]</span> <span class="irc-black">&lt;atinm&gt; so much for that variable.</span><br />
<span class="irc-date">[1:38]</span> <span class="irc-black">&lt;atinm&gt; anyway. back in a few</span><br />
<span class="irc-date">[1:39]</span> <span class="irc-black">&lt;ytt3r&gt; gtg</span><br />
<span class="irc-date">[1:49]</span> <span class="irc-black">&lt;atinm&gt; techmik67: its quicker to upload to sourceforge</span><br />
<span class="irc-date">[1:49]</span> <span class="irc-black">&lt;techmik67&gt; ok</span><br />
<span class="irc-date">[1:49]</span> <span class="irc-black">&lt;atinm&gt; so I'm going to upload there with a _bad</span><br />
<span class="irc-date">[1:49]</span> <span class="irc-black">&lt;atinm&gt; so if ppl download it, at least they'll know its _bad :)</span><br />
<span class="irc-date">[1:49]</span> <span class="irc-black">&lt;techmik67&gt; lol</span><br />
<span class="irc-date">[1:54]</span> <span class="irc-black">&lt;atinm&gt; nice, and Sox beats the Yankees</span><br />
<span class="irc-date">[1:54]</span> <span class="irc-green">* designfears_ (~df@cpe-71-64-204-109.cinci.res.rr.com) has joined this channel.</span><br />
<span class="irc-date">[1:54]</span> <span class="irc-black">&lt;techmik67&gt; we better freaking beat the celtics on sunday .....</span><br />
<span class="irc-date">[1:55]</span> <span class="irc-black">&lt;techmik67&gt; should be a gREAT game</span><br />
<span class="irc-date">[1:56]</span> <span class="irc-black">&lt;atinm&gt; pity Shaq is injured again</span><br />
<span class="irc-date">[1:56]</span> <span class="irc-black">&lt;techmik67&gt; would have been interesting =)</span><br />
<span class="irc-date">[1:57]</span> <span class="irc-black">&lt;atinm&gt; he's been great tho . . . seems to love Boston</span><br />
<span class="irc-date">[1:57]</span> <span class="irc-black">&lt;techmik67&gt; i dont like how he feels the need to trash every team when he leaves</span><br />
<span class="irc-date">[1:57]</span> <span class="irc-black">&lt;techmik67&gt; if we beat you, he'll have a LOT to say =P</span><br />
<span class="irc-date">[1:57]</span> <span class="irc-black">&lt;techmik67&gt; "i coulda ...."</span><br />
<span class="irc-date">[1:57]</span> <span class="irc-black">&lt;atinm&gt; was funny having him walk around harvard square</span><br />
<span class="irc-date">[1:57]</span> <span class="irc-black">&lt;techmik67&gt; i used to really like him</span><br />
<span class="irc-date">[1:57]</span> <span class="irc-black">&lt;atinm&gt; and wait in line for a burger</span><br />
<span class="irc-date">[1:58]</span> <span class="irc-black">&lt;techmik67&gt; i bet =)</span><br />
<span class="irc-date">[1:58]</span> <span class="irc-black">&lt;atinm&gt; he seems to be relaxed, has nothing to prove anymore. so he's enjoying himself. tho was more fun when he was actually able to play</span><br />
<span class="irc-date">[1:58]</span> <span class="irc-black">&lt;atinm&gt; now he just gets hurt</span><br />
<span class="irc-date">[1:58]</span> <span class="irc-black">&lt;atinm&gt; too many creaking bodies there</span><br />
<span class="irc-date">[1:59]</span> <span class="irc-black">&lt;atinm&gt; but they can still play.</span><br />
<span class="irc-date">[1:59]</span> <span class="irc-black">&lt;atinm&gt; last year was damned close . . . heartbreaking</span><br />
<span class="irc-date">[1:59]</span> <span class="irc-black">&lt;techmik67&gt; i basically started watching bball as a shaq fan</span><br />
<span class="irc-date">[1:59]</span> <span class="irc-black">&lt;techmik67&gt; when he was on la</span><br />
