<span class="irc-date">[11:25]</span> <span class="irc-brown">-anthony.freenode.net- *** Looking up your hostname...</span><br />
<span class="irc-date">[11:25]</span> <span class="irc-brown">-anthony.freenode.net- *** Checking Ident</span><br />
<span class="irc-date">[11:25]</span> <span class="irc-brown">-anthony.freenode.net- *** No Ident response</span><br />
<span class="irc-date">[11:25]</span> <span class="irc-brown">-anthony.freenode.net- *** Found your hostname</span><br />
<span class="irc-date">[11:25]</span> <span class="irc-green">* cmsgsteam-logger (~PircBot@cmsgs.com) has joined this channel.</span><br />
<span class="irc-date">[11:25]</span> <span class="irc-green">* Topic is 'SGS CyanogenMod developers and testers (and other kernel and android hackers) - <a href="http://www.cmsgs.com/'">http://www.cmsgs.com/'</a></span><br />
<span class="irc-date">[11:25]</span> <span class="irc-green">* Set by atinm|night!~atin@unaffiliated/atinm on Sun Dec 19 02:05:32 GMT 2010</span><br />
<span class="irc-date">[11:25]</span> <span class="irc-brown">-ChanServ- [#__topsecret__] SGS-CM6 developers and testers only pls. Others could be kickbanned if not contributing to the channel's function.</span><br />
<span class="irc-date">[11:25]</span> <span class="irc-green">* ChanServ sets mode +o cmsgsteam-logger</span><br />
<span class="irc-date">[11:27]</span> <span class="irc-green">* codeworkx (~codeworkx@95-89-111-251-dynip.superkabel.de) has joined this channel.</span><br />
<span class="irc-date">[14:04]</span> <span class="irc-black">&lt;noobnl&gt;  can somebody fork this <a href="https://github.com/noobnl/android_device_samsung_common">https://github.com/noobnl/android_device_samsung_common</a></span><br />
<span class="irc-date">[14:22]</span> <span class="irc-green">* coolya is now known as coolya|away</span><br />
<span class="irc-date">[14:23]</span> <span class="irc-green">* coolya|away is now known as coolya</span><br />
<span class="irc-date">[14:57]</span> <span class="irc-green">* wArri` (~dave.will@rrcs-72-45-254-78.nys.biz.rr.com) has joined this channel.</span><br />
<span class="irc-date">[14:58]</span> <span class="irc-navy">* wArri (~dave.will@rrcs-72-45-254-78.nys.biz.rr.com) Quit (Ping timeout: 250 seconds)</span><br />
<span class="irc-date">[17:35]</span> <span class="irc-green">* skeeterslint (~skeetersl@c-71-192-215-99.hsd1.ma.comcast.net) has joined this channel.</span><br />
<span class="irc-date">[19:56]</span> <span class="irc-green">* coolya is now known as coolya|away</span><br />
<span class="irc-date">[20:05]</span> <span class="irc-green">* coolya|away is now known as coolya</span><br />
<span class="irc-date">[20:37]</span> <span class="irc-navy">* skeeterslint (~skeetersl@c-71-192-215-99.hsd1.ma.comcast.net) Quit (Quit: Leaving)</span><br />
<span class="irc-date">[21:31]</span> <span class="irc-green">* Froz3n (561e16a5@gateway/web/freenode/ip.86.30.22.165) has joined this channel.</span><br />
<span class="irc-date">[21:36]</span> <span class="irc-navy">* Froz3n (561e16a5@gateway/web/freenode/ip.86.30.22.165) Quit (Quit: Page closed)</span><br />
<span class="irc-date">[21:38]</span> <span class="irc-navy">* magote (~magote@a79-169-106-110.cpe.netcabo.pt) Quit (Ping timeout: 255 seconds)</span><br />
<span class="irc-date">[21:43]</span> <span class="irc-green">* magote (~magote@a79-169-106-110.cpe.netcabo.pt) has joined this channel.</span><br />
<span class="irc-date">[22:07]</span> <span class="irc-navy">* codeworkx (~codeworkx@95-89-111-251-dynip.superkabel.de) Quit (Read error: Connection reset by peer)</span><br />
<span class="irc-date">[23:21]</span> <span class="irc-green">* coolya is now known as coolya|away</span><br />
<span class="irc-date">[23:24]</span> <span class="irc-navy">* GuiPer (~GuiPer@ip-86-49-25-242.net.upcbroadband.cz) Quit (Ping timeout: 240 seconds)</span><br />
<span class="irc-date">[23:35]</span> <span class="irc-navy">* kernelzilla (~patrick@174-26-100-192.phnx.qwest.net) Quit (Remote host closed the connection)</span><br />
