<span class="irc-date">[0:25]</span> <span class="irc-green">* kernelzilla (~patrick@174-26-71-61.phnx.qwest.net) has joined this channel.</span><br />
<span class="irc-date">[0:33]</span> <span class="irc-navy">* jscurtu (~jscurtu@p4FCC69C4.dip.t-dialin.net) Quit (Ping timeout: 246 seconds)</span><br />
<span class="irc-date">[0:52]</span> <span class="irc-green">* zimmbi (~Adium@cable-static-242-48.eblcom.ch) has joined this channel.</span><br />
<span class="irc-date">[0:53]</span> <span class="irc-navy">* zimmbi (~Adium@cable-static-242-48.eblcom.ch) Quit (Client Quit)</span><br />
<span class="irc-date">[0:53]</span> <span class="irc-navy">* codeworkx (~codeworkx@95-89-111-251-dynip.superkabel.de) Quit (Read error: Connection reset by peer)</span><br />
<span class="irc-date">[1:11]</span> <span class="irc-green">* Gregounech (6dd2d1b9@gateway/web/freenode/ip.109.210.209.185) has joined this channel.</span><br />
<span class="irc-date">[1:11]</span> <span class="irc-black">&lt;Gregounech&gt; Wow, I had a bug</span><br />
<span class="irc-date">[1:11]</span> <span class="irc-black">&lt;Gregounech&gt; did you see my messages ?</span><br />
<span class="irc-date">[1:11]</span> <span class="irc-black">&lt;Gregounech&gt; 1 minute ago</span><br />
<span class="irc-date">[1:32]</span> <span class="irc-navy">* Gregounech (6dd2d1b9@gateway/web/freenode/ip.109.210.209.185) Quit (Quit: Page closed)</span><br />
<span class="irc-date">[1:38]</span> <span class="irc-navy">* noobnl (~noob@unaffiliated/noobnl) Quit ()</span><br />
<span class="irc-date">[1:41]</span> <span class="irc-green">* noobnl (~noob@unaffiliated/noobnl) has joined this channel.</span><br />
<span class="irc-date">[2:40]</span> <span class="irc-navy">* birdman (~Steven@24.246.130.106) Quit (Ping timeout: 240 seconds)</span><br />
<span class="irc-date">[3:00]</span> <span class="irc-green">* knowsnotmuch (~ashwinds@122.174.68.78) has joined this channel.</span><br />
<span class="irc-date">[4:08]</span> <span class="irc-navy">* knowsnotmuch (~ashwinds@122.174.68.78) Quit (Quit: Zzzz)</span><br />
<span class="irc-date">[4:10]</span> <span class="irc-green">* knowsnotmuch (~ashwinds@122.174.68.78) has joined this channel.</span><br />
<span class="irc-date">[4:22]</span> <span class="irc-navy">* knowsnotmuch (~ashwinds@122.174.68.78) Quit (Quit: bfn)</span><br />
<span class="irc-date">[4:42]</span> <span class="irc-green">* gdanko (~gdanko@99-33-178-151.lightspeed.simica.sbcglobal.net) has joined this channel.</span><br />
<span class="irc-date">[4:43]</span> <span class="irc-navy">* gdanko (~gdanko@99-33-178-151.lightspeed.simica.sbcglobal.net) Quit (Client Quit)</span><br />
<span class="irc-date">[5:55]</span> <span class="irc-green">* knowsnotmuch (~ashwinds@122.174.68.78) has joined this channel.</span><br />
<span class="irc-date">[6:13]</span> <span class="irc-black">&lt;knowsnotmuch&gt; good morn all... anyone knows where the devs prefer issues to be logged?</span><br />
<span class="irc-date">[6:13]</span> <span class="irc-black">&lt;knowsnotmuch&gt; the issue tracker? or the forum?</span><br />
<span class="irc-date">[6:18]</span> <span class="irc-black">&lt;knowsnotmuch&gt; on 29B... i seem to have lost the lockscreen</span><br />
<span class="irc-date">[6:37]</span> <span class="irc-black">&lt;knowsnotmuch&gt; nm - got it back after a bunch of reboots, cache clean and dalvik wipe</span><br />
<span class="irc-date">[6:40]</span> <span class="irc-navy">* kalpik (~kalpik@unaffiliated/kalpik) Quit (Ping timeout: 240 seconds)</span><br />
<span class="irc-date">[6:54]</span> <span class="irc-green">* kalpik (~kalpik@unaffiliated/kalpik) has joined this channel.</span><br />
<span class="irc-date">[7:07]</span> <span class="irc-green">* jt1134 is now known as jt|BedTime</span><br />
<span class="irc-date">[7:24]</span> <span class="irc-navy">* noobnl (~noob@unaffiliated/noobnl) Quit (Read error: Connection reset by peer)</span><br />
<span class="irc-date">[7:30]</span> <span class="irc-green">* knowsnotmuch (~ashwinds@122.174.68.78) has left this channel.</span><br />
<span class="irc-date">[7:50]</span> <span class="irc-green">* coolya|away is now known as coolya</span><br />
<span class="irc-date">[9:03]</span> <span class="irc-green">* Gregounech (6dd2d1b9@gateway/web/freenode/ip.109.210.209.185) has joined this channel.</span><br />
<span class="irc-date">[9:28]</span> <span class="irc-navy">* Gregounech (6dd2d1b9@gateway/web/freenode/ip.109.210.209.185) Quit (Ping timeout: 265 seconds)</span><br />
<span class="irc-date">[9:39]</span> <span class="irc-green">* zimmbi (~Adium@cable-static-242-48.eblcom.ch) has joined this channel.</span><br />
<span class="irc-date">[9:47]</span> <span class="irc-green">* zimmbi1 (~Adium@cable-static-242-48.eblcom.ch) has joined this channel.</span><br />
<span class="irc-date">[9:49]</span> <span class="irc-black">&lt;zimmbi1&gt; com.android.phone force closing all the time</span><br />
<span class="irc-date">[9:49]</span> <span class="irc-black">&lt;zimmbi1&gt; I/TelephonyRegistry(  168): notifyDataConnection: state=0 isDataConnectivityPossible=false reason=gprsDetached interfaceName=null networkType=0</span><br />
<span class="irc-date">[9:49]</span> <span class="irc-black">&lt;zimmbi1&gt; D/PhoneApp( 3077): Radio technology switched. Now GSM is active.</span><br />
<span class="irc-date">[9:49]</span> <span class="irc-black">&lt;zimmbi1&gt; D/AndroidRuntime( 3077): Shutting down VM</span><br />
<span class="irc-date">[9:49]</span> <span class="irc-black">&lt;zimmbi1&gt; E/AndroidRuntime( 3077): 	at com.android.internal.os.ZygoteInit$MethodAndArgsCaller.run(ZygoteInit.java:841)</span><br />
<span class="irc-date">[9:49]</span> <span class="irc-black">&lt;zimmbi1&gt; E/AndroidRuntime( 3077): 	at com.android.internal.os.ZygoteInit.main(ZygoteInit.java:599)</span><br />
<span class="irc-date">[9:49]</span> <span class="irc-black">&lt;zimmbi1&gt; E/AndroidRuntime( 3077): 	at dalvik.system.NativeStart.main(Native Method)</span><br />
<span class="irc-date">[9:50]</span> <span class="irc-green">* coolya is now known as coolya|away</span><br />
<span class="irc-date">[9:51]</span> <span class="irc-navy">* zimmbi (~Adium@cable-static-242-48.eblcom.ch) Quit (Ping timeout: 276 seconds)</span><br />
<span class="irc-date">[10:44]</span> <span class="irc-green">* codeworkx (~codeworkx@95-89-111-251-dynip.superkabel.de) has joined this channel.</span><br />
<span class="irc-date">[11:12]</span> <span class="irc-navy">* zimmbi1 (~Adium@cable-static-242-48.eblcom.ch) Quit (Quit: Leaving.)</span><br />
<span class="irc-date">[11:26]</span> <span class="irc-green">* Gomes (6dd2d1b9@gateway/web/freenode/ip.109.210.209.185) has joined this channel.</span><br />
<span class="irc-date">[11:26]</span> <span class="irc-green">* jscurtu (~jscurtu@p54A535ED.dip.t-dialin.net) has joined this channel.</span><br />
<span class="irc-date">[11:26]</span> <span class="irc-green">* Gomes (6dd2d1b9@gateway/web/freenode/ip.109.210.209.185) has left this channel.</span><br />
<span class="irc-date">[11:27]</span> <span class="irc-green">* Gregounech (6dd2d1b9@gateway/web/freenode/ip.109.210.209.185) has joined this channel.</span><br />
<span class="irc-date">[11:29]</span> <span class="irc-black">&lt;jscurtu&gt; my sd mounts are switched?.. external is now emmc.. internal is sdcard..</span><br />
<span class="irc-date">[11:30]</span> <span class="irc-black">&lt;codeworkx&gt; yes</span><br />
<span class="irc-date">[11:32]</span> <span class="irc-black">&lt;jscurtu&gt; why so?</span><br />
<span class="irc-date">[11:34]</span> <span class="irc-black">&lt;Gregounech&gt; Because most applications won't recognize emmc if it is as internel</span><br />
<span class="irc-date">[11:35]</span> <span class="irc-black">&lt;Gregounech&gt; Titanium Backup for instance</span><br />
<span class="irc-date">[11:35]</span> <span class="irc-black">&lt;Gregounech&gt; even the music player I think</span><br />
<span class="irc-date">[11:36]</span> <span class="irc-black">&lt;codeworkx&gt; false</span><br />
<span class="irc-date">[11:36]</span> <span class="irc-black">&lt;codeworkx&gt; booth are recognized. doesn't matter if emmc is int or ext</span><br />
<span class="irc-date">[11:36]</span> <span class="irc-black">&lt;codeworkx&gt; but some peoples don't use a external card</span><br />
<span class="irc-date">[11:36]</span> <span class="irc-black">&lt;codeworkx&gt; so we decided to mage int = sdcard</span><br />
<span class="irc-date">[11:39]</span> <span class="irc-black">&lt;jscurtu&gt; okay.. works for me.. it just made my brain having to work for a sec when i was searching for something .... :)</span><br />
<span class="irc-date">[11:43]</span> <span class="irc-black">&lt;jscurtu&gt; codeworkx, just out of Interest ...  can you tell me for what the (F00, F01, F02, F03) .bin FW are for located in the stock samsung FW ? I see we are only using the F02.bin FW in CM7 ..</span><br />
<span class="irc-date">[11:48]</span> <span class="irc-black">&lt;codeworkx&gt; camera</span><br />
<span class="irc-date">[11:48]</span> <span class="irc-black">&lt;codeworkx&gt; i think</span><br />
<span class="irc-date">[11:53]</span> <span class="irc-green">* zimmbi (~Adium@cable-static-242-48.eblcom.ch) has joined this channel.</span><br />
