<span class="irc-date">[0:05]</span> <span class="irc-navy">* birdman (~Steven@24.246.130.106) Quit (Ping timeout: 250 seconds)</span><br />
<span class="irc-date">[0:06]</span> <span class="irc-green">* birdman (~Steven@24.246.130.106) has joined this channel.</span><br />
<span class="irc-date">[0:10]</span> <span class="irc-navy">* birdman (~Steven@24.246.130.106) Quit (Read error: Connection reset by peer)</span><br />
<span class="irc-date">[1:08]</span> <span class="irc-navy">* Pedlar (~mkoenig@vps4590.inmotionhosting.com) Quit (Ping timeout: 240 seconds)</span><br />
<span class="irc-date">[1:08]</span> <span class="irc-green">* Pedlar (~mkoenig@vps4590.inmotionhosting.com) has joined this channel.</span><br />
<span class="irc-date">[1:14]</span> <span class="irc-green">* jt1134 (~jt1134@c-71-207-226-80.hsd1.al.comcast.net) has joined this channel.</span><br />
<span class="irc-date">[2:44]</span> <span class="irc-navy">* kalpik (~kalpik@unaffiliated/kalpik) Quit (Disconnected by services)</span><br />
<span class="irc-date">[2:45]</span> <span class="irc-green">* kalpik (~kalpik@unaffiliated/kalpik) has joined this channel.</span><br />
<span class="irc-date">[5:52]</span> <span class="irc-navy">* kalpik (~kalpik@unaffiliated/kalpik) Quit (Ping timeout: 260 seconds)</span><br />
<span class="irc-date">[5:54]</span> <span class="irc-green">* kalpik (~kalpik@unaffiliated/kalpik) has joined this channel.</span><br />
<span class="irc-date">[6:25]</span> <span class="irc-green">* coolya is now known as coolya|away</span><br />
<span class="irc-date">[7:03]</span> <span class="irc-navy">* noobnl0 (~noob@unaffiliated/noobnl) Quit ()</span><br />
<span class="irc-date">[7:38]</span> <span class="irc-green">* birdman (~Steven@24.246.130.106) has joined this channel.</span><br />
<span class="irc-date">[9:14]</span> <span class="irc-navy">* birdman (~Steven@24.246.130.106) Quit (Ping timeout: 240 seconds)</span><br />
<span class="irc-date">[9:21]</span> <span class="irc-green">* birdman (~Steven@24.246.130.106) has joined this channel.</span><br />
<span class="irc-date">[9:38]</span> <span class="irc-navy">* coolya|away (~coolya@microdoof.net) Quit (Quit: ZNC - <a href="http://znc.sourceforge.net)">http://znc.sourceforge.net)</a></span><br />
<span class="irc-date">[9:40]</span> <span class="irc-green">* coolya|away (~coolya@microdoof.net) has joined this channel.</span><br />
<span class="irc-date">[11:14]</span> <span class="irc-navy">* birdman (~Steven@24.246.130.106) Quit (Ping timeout: 255 seconds)</span><br />
<span class="irc-date">[13:24]</span> <span class="irc-navy">* kalpik (~kalpik@unaffiliated/kalpik) Quit (Disconnected by services)</span><br />
<span class="irc-date">[13:24]</span> <span class="irc-green">* kalpik_ (~kalpik@unaffiliated/kalpik) has joined this channel.</span><br />
<span class="irc-date">[13:59]</span> <span class="irc-green">* Wout` (~Wout@s55927d21.adsl.wanadoo.nl) has joined this channel.</span><br />
<span class="irc-date">[14:51]</span> <span class="irc-brown">-anthony.freenode.net- *** Looking up your hostname...</span><br />
<span class="irc-date">[14:51]</span> <span class="irc-brown">-anthony.freenode.net- *** Checking Ident</span><br />
<span class="irc-date">[14:51]</span> <span class="irc-brown">-anthony.freenode.net- *** No Ident response</span><br />
<span class="irc-date">[14:51]</span> <span class="irc-brown">-anthony.freenode.net- *** Found your hostname</span><br />
<span class="irc-date">[14:51]</span> <span class="irc-green">* cmsgsteam-logger (~PircBot@cmsgs.com) has joined this channel.</span><br />
<span class="irc-date">[14:51]</span> <span class="irc-green">* Topic is 'SGS CyanogenMod developers and testers (and other kernel and android hackers) - <a href="http://www.cmsgs.com/'">http://www.cmsgs.com/'</a></span><br />
<span class="irc-date">[14:51]</span> <span class="irc-green">* Set by atinm|night!~atin@unaffiliated/atinm on Sun Dec 19 02:05:32 GMT 2010</span><br />
<span class="irc-date">[14:51]</span> <span class="irc-brown">-ChanServ- [#__topsecret__] SGS-CM6 developers and testers only pls. Others could be kickbanned if not contributing to the channel's function.</span><br />
<span class="irc-date">[14:51]</span> <span class="irc-green">* ChanServ sets mode +o cmsgsteam-logger</span><br />
<span class="irc-date">[14:51]</span> <span class="irc-black">&lt;Wout`&gt; anyone running the cm7 beta here?</span><br />
<span class="irc-date">[14:59]</span> <span class="irc-black">&lt;gregounech&gt; I have a build from 5 days old</span><br />
<span class="irc-date">[14:59]</span> <span class="irc-black">&lt;gregounech&gt; that's all</span><br />
<span class="irc-date">[14:59]</span> <span class="irc-green">* codeworkx (~codeworkx@95-89-111-251-dynip.superkabel.de) has joined this channel.</span><br />
<span class="irc-date">[14:59]</span> <span class="irc-black">&lt;gregounech&gt; but I'm not really using it right now</span><br />
<span class="irc-date">[15:00]</span> <span class="irc-black">&lt;gregounech&gt; Hey codeworks</span><br />
<span class="irc-date">[15:00]</span> <span class="irc-black">&lt;gregounech&gt; -s +x</span><br />
<span class="irc-date">[15:05]</span> <span class="irc-black">&lt;gregounech&gt; Could you activate my account on the forum codeworkx ?</span><br />
<span class="irc-date">[15:06]</span> <span class="irc-black">&lt;codeworkx&gt; already done</span><br />
<span class="irc-date">[15:06]</span> <span class="irc-black">&lt;gregounech&gt; Yep thanks</span><br />
<span class="irc-date">[15:10]</span> <span class="irc-black">&lt;gregounech&gt; What is the cm7-galaxys-ota-20110126.zip file for ?</span><br />
<span class="irc-date">[15:25]</span> <span class="irc-green">* gdanko (~gdanko@66-162-32-185.static.twtelecom.net) has joined this channel.</span><br />
<span class="irc-date">[15:25]</span> <span class="irc-green">* thedeanius (~dean@64.151.21.178) has joined this channel.</span><br />
<span class="irc-date">[15:30]</span> <span class="irc-navy">* codeworkx (~codeworkx@95-89-111-251-dynip.superkabel.de) Quit (Ping timeout: 246 seconds)</span><br />
<span class="irc-date">[15:58]</span> <span class="irc-black">&lt;gregounech&gt; where on the forum should I report bugs ?</span><br />
<span class="irc-date">[15:59]</span> <span class="irc-black">&lt;gregounech&gt; directly on the issues list ?</span><br />
<span class="irc-date">[16:04]</span> <span class="irc-navy">* dasunsrule32 (~dasunsrul@christiantechsaz.com) Quit (Read error: Connection reset by peer)</span><br />
<span class="irc-date">[16:16]</span> <span class="irc-green">* dasunsrule32 (~dasunsrul@christiantechsaz.com) has joined this channel.</span><br />
<span class="irc-date">[16:30]</span> <span class="irc-navy">* Wout` (~Wout@s55927d21.adsl.wanadoo.nl) Quit ()</span><br />
<span class="irc-date">[17:31]</span> <span class="irc-green">* coolya|away is now known as coolya</span><br />
<span class="irc-date">[17:43]</span> <span class="irc-green">* kalpik (~kalpik@unaffiliated/kalpik) has joined this channel.</span><br />
<span class="irc-date">[17:45]</span> <span class="irc-navy">* kalpik_ (~kalpik@unaffiliated/kalpik) Quit (Ping timeout: 276 seconds)</span><br />
<span class="irc-date">[17:50]</span> <span class="irc-green">* codeworkx (~codeworkx@95-89-111-251-dynip.superkabel.de) has joined this channel.</span><br />
<span class="irc-date">[17:55]</span> <span class="irc-navy">* kalpik (~kalpik@unaffiliated/kalpik) Quit (Disconnected by services)</span><br />
<span class="irc-date">[17:55]</span> <span class="irc-green">* kalpik_ (~kalpik@unaffiliated/kalpik) has joined this channel.</span><br />
<span class="irc-date">[18:01]</span> <span class="irc-navy">* kalpik_ (~kalpik@unaffiliated/kalpik) Quit (Ping timeout: 240 seconds)</span><br />
<span class="irc-date">[18:10]</span> <span class="irc-green">* kalpik (~kalpik@unaffiliated/kalpik) has joined this channel.</span><br />
<span class="irc-date">[18:42]</span> <span class="irc-navy">* Clust3r_ (~Clust3r@gateway.cluster-services.fr) Quit ()</span><br />
<span class="irc-date">[19:25]</span> <span class="irc-green">* riggnix (~RggnX@91-118-61-125.dynamic.adsl-line.inode.at) has joined this channel.</span><br />
<span class="irc-date">[19:43]</span> <span class="irc-black">&lt;codeworkx&gt; hi riggnix</span><br />
<span class="irc-date">[19:44]</span> <span class="irc-black">&lt;riggnix&gt; hi</span><br />
<span class="irc-date">[19:44]</span> <span class="irc-black">&lt;riggnix&gt; i guess we'll write english here?^^</span><br />
<span class="irc-date">[19:44]</span> <span class="irc-black">&lt;codeworkx&gt; yes</span><br />
<span class="irc-date">[19:46]</span> <span class="irc-black">&lt;riggnix&gt; so, do i have to flash a kernel first before applying the update.zip? coming from cm6.1 beta3 btw</span><br />
<span class="irc-date">[19:48]</span> <span class="irc-black">&lt;codeworkx&gt; read the readme ;-)</span><br />
<span class="irc-date">[19:49]</span> <span class="irc-black">&lt;riggnix&gt; which i can find where?^^</span><br />
<span class="irc-date">[19:49]</span> <span class="irc-black">&lt;codeworkx&gt; codeworkx forum</span><br />
<span class="irc-date">[19:50]</span> <span class="irc-black">&lt;gregounech&gt; Just download the 26/01 stuff</span><br />
<span class="irc-date">[19:50]</span> <span class="irc-black">&lt;gregounech&gt; initial 26/01</span><br />
<span class="irc-date">[19:50]</span> <span class="irc-black">&lt;gregounech&gt; you have a readme in</span><br />
<span class="irc-date">[19:50]</span> <span class="irc-black">&lt;gregounech&gt; I did this then flashed the 27/01 afterwards</span><br />
<span class="irc-date">[19:50]</span> <span class="irc-black">&lt;gregounech&gt; Codeworkx, I thought the wifi sleep causing a reboot was fixed by reading issues ?</span><br />
<span class="irc-date">[19:51]</span> <span class="irc-black">&lt;codeworkx&gt; yes, works</span><br />
<span class="irc-date">[19:51]</span> <span class="irc-black">&lt;gregounech&gt; With sleep with screen off, I had 3 reboots in 10min</span><br />
<span class="irc-date">[19:51]</span> <span class="irc-black">&lt;gregounech&gt; then I put it to never</span><br />
<span class="irc-date">[19:51]</span> <span class="irc-black">&lt;gregounech&gt; and no crashes</span><br />
<span class="irc-date">[19:51]</span> <span class="irc-black">&lt;codeworkx&gt; hmm</span><br />
<span class="irc-date">[19:52]</span> <span class="irc-black">&lt;codeworkx&gt; last_kmsg ?</span><br />
<span class="irc-date">[19:52]</span> <span class="irc-green">* birdman (~Steven@24.246.130.106) has joined this channel.</span><br />
<span class="irc-date">[19:52]</span> <span class="irc-black">&lt;gregounech&gt; you want me to send you the file ?</span><br />
<span class="irc-date">[19:55]</span> <span class="irc-black">&lt;gregounech&gt; here you go codeworkx, <a href="http://pastie.org/1506921">http://pastie.org/1506921</a></span><br />
<span class="irc-date">[19:56]</span> <span class="irc-black">&lt;gregounech&gt; is it what you wanted ?</span><br />
<span class="irc-date">[20:07]</span> <span class="irc-black">&lt;gregounech&gt; I may have rebooted since then tho.</span><br />
<span class="irc-date">[20:07]</span> <span class="irc-black">&lt;gregounech&gt; Do you want me to reproduce the bug ?</span><br />
<span class="irc-date">[20:27]</span> <span class="irc-black">&lt;codeworkx&gt; i hate this damn bug</span><br />
<span class="irc-date">[20:30]</span> <span class="irc-green">* ciwrl|sick is now known as ciwrl|sick[w]</span><br />
<span class="irc-date">[20:49]</span> <span class="irc-black">&lt;codeworkx&gt; gregounech: please reflash and try again. sometimes the bug is there, sometimes not</span><br />
<span class="irc-date">[20:49]</span> <span class="irc-black">&lt;codeworkx&gt; but dont know why</span><br />
<span class="irc-date">[20:54]</span> <span class="irc-green">* atinm is now known as atinm|away</span><br />
<span class="irc-date">[21:04]</span> <span class="irc-black">&lt;gregounech&gt; ok</span><br />
<span class="irc-date">[21:05]</span> <span class="irc-black">&lt;gregounech&gt; playing black ops now</span><br />
<span class="irc-date">[21:05]</span> <span class="irc-black">&lt;gregounech&gt; :)</span><br />
<span class="irc-date">[21:08]</span> <span class="irc-black">&lt;gregounech&gt; I just reproduced the bug</span><br />
<span class="irc-date">[21:08]</span> <span class="irc-black">&lt;gregounech&gt; <a href="http://pastie.org/1507105">http://pastie.org/1507105</a></span><br />
<span class="irc-date">[21:18]</span> <span class="irc-navy">* riggnix (~RggnX@91-118-61-125.dynamic.adsl-line.inode.at) Quit (Ping timeout: 240 seconds)</span><br />
<span class="irc-date">[21:21]</span> <span class="irc-black">&lt;coolya&gt; was working fine for a while</span><br />
<span class="irc-date">[21:22]</span> <span class="irc-black">&lt;coolya&gt; strange that that is back</span><br />
<span class="irc-date">[21:22]</span> <span class="irc-black">&lt;coolya&gt; yes</span><br />
<span class="irc-date">[21:23]</span> <span class="irc-black">&lt;coolya&gt; the source is therer but its not a driver problem</span><br />
<span class="irc-date">[21:24]</span> <span class="irc-black">&lt;coolya&gt; we fixed that by changing some things in the power gpio setup but dunno why its back now</span><br />
<span class="irc-date">[21:58]</span> <span class="irc-black">&lt;gregounech&gt; Okay i'm gonna reflash</span><br />
<span class="irc-date">[21:58]</span> <span class="irc-black">&lt;gregounech&gt; want me to reflash only 2701 nightly</span><br />
<span class="irc-date">[21:58]</span> <span class="irc-black">&lt;gregounech&gt; or kernel as well ?</span><br />
