<span class="irc-date">[0:00]</span> <span class="irc-black">&lt;atinm|away&gt; well, take what techmik67 puts up, and then flash the kernel they give you over it</span><br />
<span class="irc-date">[0:00]</span> <span class="irc-black">&lt;evaluate&gt; Kaik541, to be sure, you can look in out/target/product/captivate/recovery/root/default.prop and see if ro.additionalmounts=/mnt/sdcard</span><br />
<span class="irc-date">[0:03]</span> <span class="irc-black">&lt;Kaik541&gt; evaluate, yes that's what it says</span><br />
<span class="irc-date">[0:03]</span> <span class="irc-black">&lt;evaluate&gt; then it's good :-p</span><br />
<span class="irc-date">[0:03]</span> <span class="irc-black">&lt;techmik67&gt; here"s todays nightly that was taken down  <a href="http://dl.dropbox.com/u/10818379/update-cm-7-03122011-NIGHTLY-Captivate-signed.zip">http://dl.dropbox.com/u/10818379/update-cm-7-03122011-NIGHTLY-Captivate-signed.zip</a></span><br />
<span class="irc-date">[0:05]</span> <span class="irc-black">&lt;techmik67&gt; what do i need to type to get my logcat as a file?</span><br />
<span class="irc-date">[0:05]</span> <span class="irc-black">&lt;atinm|away&gt; have to go for a bit.</span><br />
<span class="irc-date">[0:05]</span> <span class="irc-black">&lt;Kaik541&gt; &gt; out.log</span><br />
<span class="irc-date">[0:06]</span> <span class="irc-black">&lt;evaluate&gt; techmik67, adb logcat &gt; somefile</span><br />
<span class="irc-date">[0:08]</span> <span class="irc-black">&lt;evaluate&gt; I have looked at the i9000 forum, and noone there is reporting mounting problems (yet)...</span><br />
<span class="irc-date">[0:08]</span> <span class="irc-black">&lt;evaluate&gt; so if it really is a problem, it might only be a problem with the captivate...</span><br />
<span class="irc-date">[0:09]</span> <span class="irc-black">&lt;Kaik541&gt; I haven't seen anyone commenting on it in cappy forum?</span><br />
<span class="irc-date">[0:11]</span> <span class="irc-black">&lt;evaluate&gt; I really suspect it's something with techmik67's device, but you will have to confirm Kaik541</span><br />
<span class="irc-date">[0:12]</span> <span class="irc-black">&lt;Kaik541&gt; hmm, logcat is showing a booting device but my screen is all black?</span><br />
<span class="irc-date">[0:12]</span> <span class="irc-black">&lt;evaluate&gt; try rebooting</span><br />
<span class="irc-date">[0:12]</span> <span class="irc-black">&lt;evaluate&gt; afaik there wasn't anything changed for the screen</span><br />
<span class="irc-date">[0:12]</span> <span class="irc-black">&lt;Kaik541&gt; yeah, that was weird</span><br />
<span class="irc-date">[0:13]</span> <span class="irc-black">&lt;Kaik541&gt; booting fine this time</span><br />
<span class="irc-date">[0:13]</span> <span class="irc-black">&lt;mersault&gt; I'm just joining the discussion, but I also have a captivate to confirm or deny any issues, if anyone wants my input.</span><br />
<span class="irc-date">[0:13]</span> <span class="irc-black">&lt;evaluate&gt; mersault, did you flash the latest update?</span><br />
<span class="irc-date">[0:13]</span> <span class="irc-black">&lt;mersault&gt; no, I've been afk most of the afternoon.</span><br />
<span class="irc-date">[0:14]</span> <span class="irc-black">&lt;mersault&gt; but I can download it and flash it now, if so desired.</span><br />
<span class="irc-date">[0:14]</span> <span class="irc-black">&lt;techmik67&gt; here"s todays nightly that was taken down  <a href="http://dl.dropbox.com/u/10818379/update-cm-7-03122011-NIGHTLY-Captivate-signed.zip">http://dl.dropbox.com/u/10818379/update-cm-7-03122011-NIGHTLY-Captivate-signed.zip</a></span><br />
<span class="irc-date">[0:14]</span> <span class="irc-black">&lt;mersault&gt; okay, downloading now. internet connection here is poor, so it'll be 10 minutes to download.</span><br />
<span class="irc-date">[0:15]</span> <span class="irc-black">&lt;Kaik541&gt; ok so what am I looking for now?</span><br />
<span class="irc-date">[0:15]</span> <span class="irc-black">&lt;Kaik541&gt; I see my internal SD card is now as "internal storage /mnt/sdcard/" and can no longer format/eject it</span><br />
<span class="irc-date">[0:15]</span> <span class="irc-black">&lt;evaluate&gt; Kaik541, to test, try plugging in the phone to the computer, then activate "Turn on USB storage"</span><br />
<span class="irc-date">[0:16]</span> <span class="irc-black">&lt;Kaik541&gt; little orange dude</span><br />
<span class="irc-date">[0:16]</span> <span class="irc-black">&lt;Kaik541&gt; and then shared on computer</span><br />
<span class="irc-date">[0:16]</span> <span class="irc-black">&lt;evaluate&gt; then, after a couple of second, unmount usb storage and go to Settings -&gt; Storage and see if everything's ok</span><br />
<span class="irc-date">[0:16]</span> <span class="irc-black">&lt;Kaik541&gt; and then he's green</span><br />
<span class="irc-date">[0:16]</span> <span class="irc-black">&lt;Kaik541&gt; so the device is still shared on the computer even though it thinks it isn't</span><br />
<span class="irc-date">[0:16]</span> <span class="irc-black">&lt;techmik67&gt; yup</span><br />
<span class="irc-date">[0:16]</span> <span class="irc-black">&lt;techmik67&gt; same with me</span><br />
<span class="irc-date">[0:16]</span> <span class="irc-black">&lt;evaluate&gt; hmm</span><br />
<span class="irc-date">[0:16]</span> <span class="irc-black">&lt;techmik67&gt; gonna flip out the noobs</span><br />
<span class="irc-date">[0:16]</span> <span class="irc-black">&lt;evaluate&gt; this is really strage</span><br />
<span class="irc-date">[0:17]</span> <span class="irc-black">&lt;evaluate&gt; I swear it works perfectly fine with me, and I don't see why it would be different...</span><br />
<span class="irc-date">[0:17]</span> <span class="irc-black">&lt;evaluate&gt; Kaik541, if you unmount USB storage and then go to Settings -&gt; Storage, what do you see?</span><br />
<span class="irc-date">[0:17]</span> <span class="irc-black">&lt;Kaik541&gt; unavailable for internal</span><br />
<span class="irc-date">[0:17]</span> <span class="irc-black">&lt;techmik67&gt; Kaik541: is it useful to compare stuff like this to xcal's work?</span><br />
<span class="irc-date">[0:17]</span> <span class="irc-black">&lt;Kaik541&gt; but I don't know how to unmount it</span><br />
<span class="irc-date">[0:18]</span> <span class="irc-black">&lt;techmik67&gt; for diff and stuff?</span><br />
<span class="irc-date">[0:18]</span> <span class="irc-black">&lt;evaluate&gt; techmik67, who's xcal?</span><br />
<span class="irc-date">[0:18]</span> <span class="irc-black">&lt;Kaik541&gt; xcaliburinhand</span><br />
<span class="irc-date">[0:18]</span> <span class="irc-black">&lt;Kaik541&gt; guy who did all the i9000 to captivate stuff</span><br />
<span class="irc-date">[0:18]</span> <span class="irc-black">&lt;techmik67&gt; the guy who made the captivate reoriented kernel</span><br />
<span class="irc-date">[0:18]</span> <span class="irc-black">&lt;Kaik541&gt; early on</span><br />
<span class="irc-date">[0:19]</span> <span class="irc-black">&lt;evaluate&gt; ok, could anyone of you please get me a logcat output from the mount?</span><br />
<span class="irc-date">[0:19]</span> <span class="irc-black">&lt;evaluate&gt; I'm really curios what's going on there...</span><br />
<span class="irc-date">[0:19]</span> <span class="irc-black">&lt;techmik67&gt; i had to change batteries.... still booting</span><br />
<span class="irc-date">[0:19]</span> <span class="irc-black">&lt;Kaik541&gt; I'm trying to get a logcat, but now the phone is bugging out</span><br />
<span class="irc-date">[0:21]</span> <span class="irc-black">&lt;Kaik541&gt; gonna have to reboot it seems @.@</span><br />
<span class="irc-date">[0:22]</span> <span class="irc-black">&lt;techmik67&gt; evaluate: check out what was different that he had to adjust..... maybe there's something small and silly you missed that is captivate specific... <a href="https://github.com/xcaliburinhand">https://github.com/xcaliburinhand</a></span><br />
<span class="irc-date">[0:22]</span> <span class="irc-black">&lt;evaluate&gt; do the sdcards worj properly on his rom/kernel or whatever he's done?</span><br />
<span class="irc-date">[0:22]</span> <span class="irc-black">&lt;evaluate&gt; work*</span><br />
<span class="irc-date">[0:22]</span> <span class="irc-black">&lt;techmik67&gt; yup</span><br />
<span class="irc-date">[0:22]</span> <span class="irc-black">&lt;evaluate&gt; uhum</span><br />
<span class="irc-date">[0:22]</span> <span class="irc-black">&lt;evaluate&gt; ok, let's see</span><br />
<span class="irc-date">[0:23]</span> <span class="irc-black">&lt;techmik67&gt; you had to use his kernel to get orientation and button mapopping for captivate on a i9000 base</span><br />
<span class="irc-date">[0:23]</span> <span class="irc-black">&lt;techmik67&gt; mapping*</span><br />
<span class="irc-date">[0:25]</span> <span class="irc-black">&lt;Kaik541&gt; evaluate, <a href="http://pastebin.com/raw.php?i=DiEYSRnp">http://pastebin.com/raw.php?i=DiEYSRnp</a></span><br />
<span class="irc-date">[0:26]</span> <span class="irc-black">&lt;Kaik541&gt; and then there's no way to "unmount" the USB storage because it says "sd card is now safe to remove" for internal</span><br />
<span class="irc-date">[0:26]</span> <span class="irc-black">&lt;Kaik541&gt; and even when you unplug the device, the internal stays unmounted</span><br />
<span class="irc-date">[0:27]</span> <span class="irc-black">&lt;techmik67&gt; it comes back when you reboot</span><br />
<span class="irc-date">[0:27]</span> <span class="irc-black">&lt;Kaik541&gt; possibly a bug with mediascanner?</span><br />
<span class="irc-date">[0:27]</span> <span class="irc-black">&lt;evaluate&gt; Kaik541, did you have a song playing while you did this?</span><br />
<span class="irc-date">[0:27]</span> <span class="irc-black">&lt;Kaik541&gt; nope</span><br />
<span class="irc-date">[0:27]</span> <span class="irc-black">&lt;evaluate&gt; E/ProcessKiller(   77): Process /system/bin/mediaserver (82) has open file /mnt/secure/staging/media/music/Brand New/Demos/Brand New - I Will Play My Game Beneath the Spin Light (Demo 2).mp3</span><br />
<span class="irc-date">[0:28]</span> <span class="irc-black">&lt;Kaik541&gt; nope</span><br />
<span class="irc-date">[0:28]</span> <span class="irc-black">&lt;evaluate&gt; That was why I was asking ^</span><br />
<span class="irc-date">[0:28]</span> <span class="irc-black">&lt;Kaik541&gt; yeah hence why I think it might be mediascanner</span><br />
<span class="irc-date">[0:28]</span> <span class="irc-black">&lt;Kaik541&gt; it was counting through my files it seems</span><br />
<span class="irc-date">[0:28]</span> <span class="irc-black">&lt;evaluate&gt; Thing is, it TRIES to remount the cards, which is correct, but it fails, and I can't explain why...</span><br />
<span class="irc-date">[0:29]</span> <span class="irc-black">&lt;Kaik541&gt; E/Vold    (   77): Unable to open ums lunfile (No such file or directory)</span><br />
<span class="irc-date">[0:29]</span> <span class="irc-black">&lt;Kaik541&gt; E/MountService(  150): Failed to share/unshare</span><br />
<span class="irc-date">[0:29]</span> <span class="irc-black">&lt;evaluate&gt; could you please run adb logcat with '-v time' and output that part of the log again?</span><br />
<span class="irc-date">[0:29]</span> <span class="irc-black">&lt;Kaik541&gt; it looks like it's related to trying to share /mnt/emmc</span><br />
<span class="irc-date">[0:30]</span> <span class="irc-black">&lt;Kaik541&gt; -v didn't do anything/</span><br />
<span class="irc-date">[0:30]</span> <span class="irc-black">&lt;Kaik541&gt; it just tells me how to use adb</span><br />
<span class="irc-date">[0:30]</span> <span class="irc-black">&lt;Kaik541&gt; I can use -v for brief, process, tag, thread, raw, time, threadtime, long</span><br />
<span class="irc-date">[0:31]</span> <span class="irc-black">&lt;evaluate&gt; 'adb logcat -v time';</span><br />
<span class="irc-date">[0:31]</span> <span class="irc-black">&lt;evaluate&gt; -;</span><br />
<span class="irc-date">[0:31]</span> <span class="irc-black">&lt;evaluate&gt; it should show the same stuff, but with timestamps</span><br />
<span class="irc-date">[0:34]</span> <span class="irc-black">&lt;techmik_laptop&gt; this is on release from last night</span><br />
<span class="irc-date">[0:34]</span> <span class="irc-black">&lt;Kaik541&gt; <a href="http://pastebin.com/raw.php?i=FVCzb6ft">http://pastebin.com/raw.php?i=FVCzb6ft</a></span><br />
<span class="irc-date">[0:34]</span> <span class="irc-black">&lt;techmik_laptop&gt; <a href="http://pastebin.com/kVtzL4YS">http://pastebin.com/kVtzL4YS</a></span><br />
<span class="irc-date">[0:35]</span> <span class="irc-black">&lt;techmik_laptop&gt; rebooting for this one</span><br />
<span class="irc-date">[0:39]</span> <span class="irc-navy">* kalpik (~kalpik@unaffiliated/kalpik) Quit (Ping timeout: 264 seconds)</span><br />
<span class="irc-date">[0:40]</span> <span class="irc-black">&lt;mersault&gt; download and other distractions dealt with. is any testing of this build still required?</span><br />
<span class="irc-date">[0:40]</span> <span class="irc-black">&lt;techmik_laptop&gt; todays release: <a href="http://pastebin.com/GL8ASFrx">http://pastebin.com/GL8ASFrx</a></span><br />
<span class="irc-date">[0:41]</span> <span class="irc-black">&lt;Kaik541&gt; mersault, more logcats couldn't hurt</span><br />
<span class="irc-date">[0:42]</span> <span class="irc-black">&lt;Kaik541&gt; seems to be an error with media scanner</span><br />
<span class="irc-date">[0:43]</span> <span class="irc-black">&lt;Kaik541&gt; but that wouldn't seem to really explain why it works fine on i9000 and not captivate =/</span><br />
<span class="irc-date">[0:45]</span> <span class="irc-black">&lt;Kaik541&gt; oh boo, titanium backup doesn't know where my backups are</span><br />
<span class="irc-date">[0:45]</span> <span class="irc-black">&lt;Kaik541&gt; and I forget how to change it.</span><br />
<span class="irc-date">[0:45]</span> <span class="irc-black">&lt;techmik_laptop&gt; evaluate kernel over recent nightly</span><br />
<span class="irc-date">[0:46]</span> <span class="irc-black">&lt;evaluate&gt; could you please try: 'adb shell cat /sys/devices/platform/usb_mass_storage/lun0/file' and 'adb shell /sys/devices/platform/usb_mass_storage/lun1/file' ?</span><br />
<span class="irc-date">[0:46]</span> <span class="irc-black">&lt;evaluate&gt; and pastebin the output</span><br />
<span class="irc-date">[0:46]</span> <span class="irc-black">&lt;techmik_laptop&gt; <a href="http://pastebin.com/DKYmTQp8">http://pastebin.com/DKYmTQp8</a></span><br />
<span class="irc-date">[0:47]</span> <span class="irc-black">&lt;techmik_laptop&gt; output : /dev/block/vold/179:1</span><br />
<span class="irc-date">[0:47]</span> <span class="irc-black">&lt;Kaik541&gt; lun0 produces a blank file</span><br />
<span class="irc-date">[0:47]</span> <span class="irc-black">&lt;Kaik541&gt; lun1 says unable to open</span><br />
<span class="irc-date">[0:48]</span> <span class="irc-black">&lt;evaluate&gt; hmm</span><br />
<span class="irc-date">[0:48]</span> <span class="irc-black">&lt;Kaik541&gt; "no such file or directory"</span><br />
<span class="irc-date">[0:48]</span> <span class="irc-black">&lt;techmik_laptop&gt; evaluate: i am using the kernel you sent me now</span><br />
<span class="irc-date">[0:48]</span> <span class="irc-black">&lt;mersault&gt; okay, I'm backing up and updating now. once the phone is booted again, you want an 'adb logcat -v time | tee logcat.log' and for my to mount the card on the computer, wait a few seconds, and then unmount from the computer, and then unmount on the phone, right?</span><br />
<span class="irc-date">[0:48]</span> <span class="irc-black">&lt;evaluate&gt; I was asking because until this line in your logcat output: 03-12 18:23:21.050 E/Vold    (   77): Unable to open ums lunfile (No such file or directory)</span><br />
<span class="irc-date">[0:48]</span> <span class="irc-black">&lt;techmik_laptop&gt; same Kaik541</span><br />
<span class="irc-date">[0:49]</span> <span class="irc-black">&lt;evaluate&gt; everything seemed fine, but that error isn't normal (at least not on the i9000)</span><br />
<span class="irc-date">[0:49]</span> <span class="irc-black">&lt;techmik_laptop&gt; but i do get lun0</span><br />
<span class="irc-date">[0:49]</span> <span class="irc-black">&lt;techmik_laptop&gt; output : /dev/block/vold/179:1</span><br />
<span class="irc-date">[0:49]</span> <span class="irc-black">&lt;Kaik541&gt; for me, lun0 seems to do nothing</span><br />
<span class="irc-date">[0:49]</span> <span class="irc-black">&lt;techmik_laptop&gt; diff kernel</span><br />
<span class="irc-date">[0:49]</span> <span class="irc-black">&lt;Kaik541&gt; no response, just completes without error</span><br />
<span class="irc-date">[0:50]</span> <span class="irc-black">&lt;techmik_laptop&gt; you are on the nightly?</span><br />
<span class="irc-date">[0:50]</span> <span class="irc-black">&lt;Kaik541&gt; I'm on my build</span><br />
<span class="irc-date">[0:50]</span> <span class="irc-black">&lt;evaluate&gt; from what I can tell from this error, the problem seems to be with the mountservice</span><br />
<span class="irc-date">[0:50]</span> <span class="irc-black">&lt;Kaik541&gt; which was identical</span><br />
<span class="irc-date">[0:50]</span> <span class="irc-black">&lt;techmik_laptop&gt; i am on eval's kernelover the nightly</span><br />
<span class="irc-date">[0:50]</span> <span class="irc-black">&lt;Kaik541&gt; minus something about FM radio</span><br />
<span class="irc-date">[0:50]</span> <span class="irc-black">&lt;evaluate&gt; I'm not sure why though</span><br />
<span class="irc-date">[0:51]</span> <span class="irc-black">&lt;evaluate&gt; Kaik541, is there anything more after what you have pasted?</span><br />
<span class="irc-date">[0:51]</span> <span class="irc-black">&lt;Kaik541&gt; yeah there was a lot more but nothing relevant</span><br />
<span class="irc-date">[0:51]</span> <span class="irc-black">&lt;evaluate&gt; I mean, any more output that seems related to media/mount?</span><br />
<span class="irc-date">[0:51]</span> <span class="irc-black">&lt;Kaik541&gt; I can post the entire logcat I guess</span><br />
<span class="irc-date">[0:52]</span> <span class="irc-black">&lt;Kaik541&gt; but after that was all just like GC FREE blah</span><br />
<span class="irc-date">[0:52]</span> <span class="irc-black">&lt;Kaik541&gt; and updating widgets and whatnot</span><br />
<span class="irc-date">[0:52]</span> <span class="irc-green">* kalpik (~kalpik@unaffiliated/kalpik) has joined this channel.</span><br />
<span class="irc-date">[0:52]</span> <span class="irc-black">&lt;Kaik541&gt; so it wasn't relevant</span><br />
<span class="irc-date">[0:52]</span> <span class="irc-black">&lt;evaluate&gt; ok, if it's nothing interesting, there's no need for that</span><br />
<span class="irc-date">[0:53]</span> <span class="irc-black">&lt;techmik_laptop&gt; walking dogs... brb...</span><br />
<span class="irc-date">[0:54]</span> <span class="irc-black">&lt;Kaik541&gt; well forunately I don't put stuff on my sdcard often so I can stay on this build for any testing I suppose</span><br />
<span class="irc-date">[0:54]</span> <span class="irc-black">&lt;atinm|away&gt; ...</span><br />
<span class="irc-date">[0:54]</span> <span class="irc-black">&lt;atinm|away&gt; life suck.s</span><br />
<span class="irc-date">[0:55]</span> <span class="irc-black">&lt;atinm|away&gt; useless piece of junk phone...something disables the mic when music players starts and it never comes back again unless you pull and plug it back in</span><br />
<span class="irc-date">[0:55]</span> <span class="irc-black">&lt;evaluate&gt; I'm not sure why android had to make this stuff so complicated. Didn't they think about the fact that people might want to use SD cards in their android devices?</span><br />
<span class="irc-date">[0:55]</span> <span class="irc-black">&lt;Unhelpful&gt; bahahahah, listening fatigue?!</span><br />
<span class="irc-date">[0:56]</span> <span class="irc-black">&lt;atinm|away&gt; my logs actually say good things too</span><br />
<span class="irc-date">[0:56]</span> <span class="irc-black">&lt;atinm|away&gt; &lt;6&gt;[   59.140489] sec_jack_set_type : jack_type = 1</span><br />
<span class="irc-date">[0:56]</span> <span class="irc-black">&lt;atinm|away&gt; &lt;6&gt;[   69.250354] Recording through Headset Mic</span><br />
<span class="irc-date">[0:56]</span> <span class="irc-black">&lt;atinm|away&gt; &lt;6&gt;[   69.263809] Set gain mode = 0x4000, device = 0x20, gain_bits = 0x21,		table_num=32, gain_code = 0</span><br />
<span class="irc-date">[0:57]</span> <span class="irc-black">&lt;atinm|away&gt; except that the mic is actually disables underneath.</span><br />
<span class="irc-date">[0:57]</span> <span class="irc-black">&lt;mersault&gt; alright, I did the test. I have a logcat of mounting the sdcard on the computer.</span><br />
<span class="irc-date">[0:59]</span> <span class="irc-black">&lt;Kaik541&gt; mersault, when you mounted did the little android guy go green &gt; orange &gt;right back to green but stayed mounteed on the PC?</span><br />
<span class="irc-date">[0:59]</span> <span class="irc-black">&lt;mersault&gt; yes. exactly.</span><br />
<span class="irc-date">[0:59]</span> <span class="irc-black">&lt;mersault&gt; now in storage settings, both the internal and external sd card are unavailable.</span><br />
<span class="irc-date">[0:59]</span> <span class="irc-black">&lt;mersault&gt; this was with straight nightly build, no alternate kernel</span><br />
