<span class="irc-date">[0:00]</span> <span class="irc-green">* jt|BedTime is now known as jt|FoodTime</span><br />
<span class="irc-date">[0:12]</span> <span class="irc-green">* TCMAN-dmg (8b5ffb7c@gateway/web/freenode/ip.139.95.251.124) has joined this channel.</span><br />
<span class="irc-date">[0:12]</span> <span class="irc-black">&lt;TCMAN-dmg&gt; hi</span><br />
<span class="irc-date">[0:12]</span> <span class="irc-black">&lt;TCMAN-dmg&gt; does anyone have problems with git and repo sync?</span><br />
<span class="irc-date">[0:13]</span> <span class="irc-black">&lt;TCMAN-dmg&gt; since yesterday i get weird errors trying to sync anything fro, github</span><br />
<span class="irc-date">[0:14]</span> <span class="irc-black">&lt;KhasMek&gt; yeah</span><br />
<span class="irc-date">[0:14]</span> <span class="irc-black">&lt;KhasMek&gt; it's been happening to many people.</span><br />
<span class="irc-date">[0:15]</span> <span class="irc-black">&lt;TCMAN-dmg&gt; i get this weird git protocol error trying to do anything, is it github problem?</span><br />
<span class="irc-date">[0:16]</span> <span class="irc-black">&lt;TCMAN-dmg&gt; i spent whole evening watching Veronica Mars instead of working on CM7 for Tab because of this shit</span><br />
<span class="irc-date">[0:16]</span> <span class="irc-black">&lt;KhasMek&gt; yeah</span><br />
<span class="irc-date">[0:16]</span> <span class="irc-black">&lt;KhasMek&gt; I finally started getting a sync working, but it's taking forever.</span><br />
<span class="irc-date">[0:17]</span> <span class="irc-black">&lt;TCMAN-dmg&gt; yeah, for me too</span><br />
<span class="irc-date">[0:17]</span> <span class="irc-black">&lt;KhasMek&gt; after a good 12hrs of getting unexpected end of .git or something like that.</span><br />
<span class="irc-date">[0:17]</span> <span class="irc-black">&lt;TCMAN-dmg&gt; yeah</span><br />
<span class="irc-date">[0:18]</span> <span class="irc-black">&lt;KhasMek&gt; I think the pipes are clogged.</span><br />
<span class="irc-date">[0:18]</span> <span class="irc-black">&lt;TCMAN-dmg&gt; i started fresh sync of new repo since i decimated my tree trying to figure out what was going on last night</span><br />
<span class="irc-date">[0:18]</span> <span class="irc-black">&lt;TCMAN-dmg&gt; hehe</span><br />
<span class="irc-date">[0:20]</span> <span class="irc-black">&lt;TCMAN-dmg&gt; nothing about these problems on their announcements blog <a href="https://github.com/blog/broadcasts">https://github.com/blog/broadcasts</a></span><br />
<span class="irc-date">[0:20]</span> <span class="irc-black">&lt;KhasMek&gt; nope</span><br />
<span class="irc-date">[0:20]</span> <span class="irc-black">&lt;KhasMek&gt; I've seen other people talking about having issues all day though.</span><br />
<span class="irc-date">[0:20]</span> <span class="irc-black">&lt;KhasMek&gt; in here and other chans.</span><br />
<span class="irc-date">[0:21]</span> <span class="irc-black">&lt;TCMAN-dmg&gt; well, at least i am not imagining things</span><br />
<span class="irc-date">[0:21]</span> <span class="irc-black">&lt;KhasMek&gt; indeed. :)</span><br />
<span class="irc-date">[0:21]</span> <span class="irc-black">&lt;TCMAN-dmg&gt; i was about to start emerging different versions of git thinking its an issue on my end</span><br />
<span class="irc-date">[0:21]</span> <span class="irc-black">&lt;UberPinguin&gt; Who's working on the Captivate?</span><br />
<span class="irc-date">[0:22]</span> <span class="irc-black">&lt;TCMAN-dmg&gt; i saw somebody mentioned in readme file</span><br />
<span class="irc-date">[0:23]</span> <span class="irc-black">&lt;TCMAN-dmg&gt; Captivate - TheDudesAndroid</span><br />
<span class="irc-date">[0:24]</span> <span class="irc-black">&lt;UberPinguin&gt; Thanks</span><br />
<span class="irc-date">[0:24]</span> <span class="irc-black">&lt;TCMAN-dmg&gt; actually WesGarner - Vibrant noobnl_epic - Epic atinm - Captivate TheDudesAndroid - Vibrant Pedlar - Fascinate codeworkx - GT-i9000</span><br />
<span class="irc-date">[0:24]</span> <span class="irc-black">&lt;TCMAN-dmg&gt; so i guess atinm?</span><br />
<span class="irc-date">[0:24]</span> <span class="irc-black">&lt;UberPinguin&gt; Ah</span><br />
<span class="irc-date">[0:24]</span> <span class="irc-black">&lt;TCMAN-dmg&gt; see here <a href="https://github.com/cmsgs/android">https://github.com/cmsgs/android</a></span><br />
<span class="irc-date">[0:25]</span> <span class="irc-black">&lt;UberPinguin&gt; Thank you</span><br />
<span class="irc-date">[1:38]</span> <span class="irc-navy">* magote (~magote@a79-169-106-110.cpe.netcabo.pt) Quit (Ping timeout: 276 seconds)</span><br />
<span class="irc-date">[1:42]</span> <span class="irc-green">* magote (~magote@a79-169-106-110.cpe.netcabo.pt) has joined this channel.</span><br />
<span class="irc-date">[2:21]</span> <span class="irc-black">&lt;KhasMek&gt; TCMAN-dmg: you around still?</span><br />
<span class="irc-date">[2:21]</span> <span class="irc-black">&lt;KhasMek&gt; I think I found that codename you were asking about last night.</span><br />
<span class="irc-date">[2:39]</span> <span class="irc-black">&lt;TCMAN-dmg&gt; yeah</span><br />
<span class="irc-date">[2:39]</span> <span class="irc-black">&lt;TCMAN-dmg&gt; cool</span><br />
<span class="irc-date">[2:48]</span> <span class="irc-black">&lt;KhasMek&gt; # This is the product configuration for a generic GSM passion,</span><br />
<span class="irc-date">[2:48]</span> <span class="irc-black">&lt;KhasMek&gt; # not specialized for any geography.</span><br />
<span class="irc-date">[2:49]</span> <span class="irc-black">&lt;KhasMek&gt; from your <a href="https://github.com/cmsgs/android_device_samsung_galaxytab/blob/master/full_galaxytab.mk">https://github.com/cmsgs/android_device_samsung_galaxytab/blob/master/full_galaxytab.mk</a> is that not what you were looking for?</span><br />
<span class="irc-date">[2:57]</span> <span class="irc-black">&lt;TCMAN-dmg&gt; hmm, since i wrote this file, no its not what i am looking for ;)</span><br />
<span class="irc-date">[2:57]</span> <span class="irc-black">&lt;KhasMek&gt; I thought you wrote it, but the comment confused me, lol.</span><br />
<span class="irc-date">[2:58]</span> <span class="irc-black">&lt;KhasMek&gt; I've been looking at your BoardConfig.mk, it looks like it should be pretty compatible for me.</span><br />
<span class="irc-date">[2:59]</span> <span class="irc-black">&lt;KhasMek&gt; going to try and compile voodoo recovery onto my kernel instead of CWM 3.0.0.5</span><br />
