<span class="irc-date">[0:00]</span> <span class="irc-black">&lt;Kaik541&gt; october</span><br />
<span class="irc-date">[0:01]</span> <span class="irc-black">&lt;Kaik541&gt; the 04 = april, 10 = october</span><br />
<span class="irc-date">[0:01]</span> <span class="irc-black">&lt;techmik67&gt; oh, duh, right</span><br />
<span class="irc-date">[0:01]</span> <span class="irc-black">&lt;techmik67&gt; i had SOOO many problems with it in november,,,,,,</span><br />
<span class="irc-date">[0:07]</span> <span class="irc-black">&lt;Kaik541&gt; guys, guys, you can meet charlie sheen for only $575</span><br />
<span class="irc-date">[0:07]</span> <span class="irc-green">* designfears is now known as techmic68</span><br />
<span class="irc-date">[0:07]</span> <span class="irc-black">&lt;techmik67&gt; lol</span><br />
<span class="irc-date">[0:07]</span> <span class="irc-green">* techmic68 is now known as techmik68</span><br />
<span class="irc-date">[0:07]</span> <span class="irc-navy">* Wout` (~Wout@s559776f4.adsl.wanadoo.nl) Quit ()</span><br />
<span class="irc-date">[0:08]</span> <span class="irc-black">&lt;Kaik541&gt; you can hear his violent truth torpedoes in person</span><br />
<span class="irc-date">[0:10]</span> <span class="irc-green">* Kaik541 is now known as techmik69</span><br />
<span class="irc-date">[0:14]</span> <span class="irc-black">&lt;Unhelpful_web&gt; and in my head i hear the phrase "enough cocaine to kill two and a half men"</span><br />
<span class="irc-date">[0:18]</span> <span class="irc-black">&lt;techmik69&gt; that's one of my favorite jokes I've heard about the situation</span><br />
<span class="irc-date">[0:23]</span> <span class="irc-navy">* mersault (~mersault@67.71.3.184) Quit (Ping timeout: 255 seconds)</span><br />
<span class="irc-date">[0:26]</span> <span class="irc-green">* techmik67 is now known as KaiserSouze</span><br />
<span class="irc-date">[0:28]</span> <span class="irc-green">* KaiserSouze is now known as techmik67</span><br />
<span class="irc-date">[0:29]</span> <span class="irc-black">&lt;Unhelpful_web&gt; techmik69: it works on so many levels. like, about two. ;)</span><br />
<span class="irc-date">[0:29]</span> <span class="irc-green">* techmik69 is now known as Kaik541</span><br />
<span class="irc-date">[0:29]</span> <span class="irc-black">&lt;Kaik541&gt; Unhelpful_web, it just hit me as something so clever when I first heard it because I'd never even thought to look at it that way</span><br />
<span class="irc-date">[0:30]</span> <span class="irc-black">&lt;Unhelpful_web&gt; we need to have more celebrities with drug problems starring in shows with numbers of persons, or maybe animals, for titles.</span><br />
<span class="irc-date">[0:31]</span> <span class="irc-brick">* Unhelpful_web hopes next time it's the star of a show called "an elephant"</span><br />
<span class="irc-date">[0:36]</span> <span class="irc-green">* techmik68 is now known as designfears</span><br />
<span class="irc-date">[0:37]</span> <span class="irc-green">* mersault (~mersault@64.231.177.83) has joined this channel.</span><br />
<span class="irc-date">[0:38]</span> <span class="irc-navy">* mersault (~mersault@64.231.177.83) Quit (Read error: Connection reset by peer)</span><br />
<span class="irc-date">[0:39]</span> <span class="irc-black">&lt;Unhelpful_web&gt; heh: <a href="http://xkcd.com/730/">http://xkcd.com/730/</a></span><br />
<span class="irc-date">[0:41]</span> <span class="irc-black">&lt;Kaik541&gt; I like the batman logo</span><br />
<span class="irc-date">[0:43]</span> <span class="irc-green">* mersault (~mersault@64.231.177.83) has joined this channel.</span><br />
<span class="irc-date">[0:50]</span> <span class="irc-black">&lt;Kaik541&gt; Unhelpful_web, would you happen to have a standpoint on cfq vs deadline vs noop for schedulers?</span><br />
<span class="irc-date">[0:54]</span> <span class="irc-black">&lt;techmik67&gt; i am reading a q and a from 2 years ago and i wonder if i should be paying attention.....</span><br />
<span class="irc-date">[0:55]</span> <span class="irc-black">&lt;techmik67&gt; <a href="http://kan.gd/1km">http://kan.gd/1km</a></span><br />
<span class="irc-date">[0:56]</span> <span class="irc-green">* mersault_ (~mersault@64.231.177.83) has joined this channel.</span><br />
