<span class="irc-date">[0:31]</span> <span class="irc-navy">* codeworkx (~codeworkx@95-89-111-251-dynip.superkabel.de) Quit (Read error: Connection reset by peer)</span><br />
<span class="irc-date">[0:48]</span> <span class="irc-green">* coolya is now known as coolya|away</span><br />
<span class="irc-date">[0:58]</span> <span class="irc-navy">* izibi (~julian@unaffiliated/izibi) Quit (Read error: Connection reset by peer)</span><br />
<span class="irc-date">[11:40]</span> <span class="irc-brown">-barjavel.freenode.net- *** Looking up your hostname...</span><br />
<span class="irc-date">[11:40]</span> <span class="irc-brown">-barjavel.freenode.net- *** Checking Ident</span><br />
<span class="irc-date">[11:40]</span> <span class="irc-brown">-barjavel.freenode.net- *** No Ident response</span><br />
<span class="irc-date">[11:40]</span> <span class="irc-brown">-barjavel.freenode.net- *** Found your hostname</span><br />
<span class="irc-date">[11:40]</span> <span class="irc-green">* cmsgsteam-logger (~PircBot@cmsgs.com) has joined this channel.</span><br />
<span class="irc-date">[11:40]</span> <span class="irc-green">* Topic is 'SGS CyanogenMod developers and testers (and other kernel and android hackers) - <a href="http://www.cmsgs.com/'">http://www.cmsgs.com/'</a></span><br />
<span class="irc-date">[11:40]</span> <span class="irc-green">* Set by atinm|night!~atin@unaffiliated/atinm on Sun Dec 19 02:05:32 GMT 2010</span><br />
<span class="irc-date">[11:40]</span> <span class="irc-brown">-ChanServ- [#__topsecret__] SGS-CM6 developers and testers only pls. Others could be kickbanned if not contributing to the channel's function.</span><br />
<span class="irc-date">[11:40]</span> <span class="irc-green">* ChanServ sets mode +o cmsgsteam-logger</span><br />
<span class="irc-date">[11:40]</span> <span class="irc-green">* atinm is now known as atinm|away</span><br />
<span class="irc-date">[11:46]</span> <span class="irc-green">* neldar (~neldar@dsl-217-163-116.pool.bitel.net) has joined this channel.</span><br />
<span class="irc-date">[11:46]</span> <span class="irc-black">&lt;- *neldar* Bot Sentry eingeschalten:  Sie werden jetzt ignoriert!  Ihre Nachricht wird 端bermittelt wenn sie die folgenden Fragen innerhalb von 10 Minuten richtig beantworten:  How do you spell the result of ten div_ided by 2?</span><br />
<span class="irc-date">[12:02]</span> <span class="irc-green">* izibi (~julian@unaffiliated/izibi) has joined this channel.</span><br />
<span class="irc-date">[12:09]</span> <span class="irc-navy">* jeagoss (jef@i.kanged.kingklick.org) Quit (Ping timeout: 255 seconds)</span><br />
<span class="irc-date">[12:09]</span> <span class="irc-green">* jeagoss (jef@i.kanged.kingklick.org) has joined this channel.</span><br />
<span class="irc-date">[15:31]</span> <span class="irc-navy">* magote (~magote@a79-169-106-110.cpe.netcabo.pt) Quit (Ping timeout: 246 seconds)</span><br />
<span class="irc-date">[15:45]</span> <span class="irc-green">* magote (~magote@a79-169-106-110.cpe.netcabo.pt) has joined this channel.</span><br />
<span class="irc-date">[16:16]</span> <span class="irc-navy">* magote (~magote@a79-169-106-110.cpe.netcabo.pt) Quit (Ping timeout: 240 seconds)</span><br />
<span class="irc-date">[16:22]</span> <span class="irc-green">* magote (~magote@a79-169-106-110.cpe.netcabo.pt) has joined this channel.</span><br />
<span class="irc-date">[16:36]</span> <span class="irc-navy">* jt1134 (~jt1134@c-71-207-226-80.hsd1.al.comcast.net) Quit (Remote host closed the connection)</span><br />
<span class="irc-date">[18:07]</span> <span class="irc-navy">* neldar (~neldar@dsl-217-163-116.pool.bitel.net) Quit (Quit: Leaving.)</span><br />
<span class="irc-date">[18:14]</span> <span class="irc-green">* gdanko (~gdanko@99-33-178-151.lightspeed.simica.sbcglobal.net) has joined this channel.</span><br />
<span class="irc-date">[18:18]</span> <span class="irc-navy">* gdanko (~gdanko@99-33-178-151.lightspeed.simica.sbcglobal.net) Quit (Ping timeout: 240 seconds)</span><br />
<span class="irc-date">[18:31]</span> <span class="irc-green">* skeeterslint (~skeetersl@c-71-192-215-99.hsd1.ma.comcast.net) has joined this channel.</span><br />
<span class="irc-date">[18:40]</span> <span class="irc-navy">* thedeanius (~dean@c-24-2-24-87.hsd1.mo.comcast.net) Quit (Quit: thedeanius)</span><br />
<span class="irc-date">[19:55]</span> <span class="irc-green">* coolya is now known as coolya|away</span><br />
<span class="irc-date">[20:08]</span> <span class="irc-green">* coolya|away is now known as coolya</span><br />
<span class="irc-date">[20:15]</span> <span class="irc-green">* neldar (~neldar@dsl-217-163-116.pool.bitel.net) has joined this channel.</span><br />
<span class="irc-date">[20:15]</span> <span class="irc-black">&lt;- *neldar* Bot Sentry eingeschalten:  Sie werden jetzt ignoriert!  Ihre Nachricht wird 端bermittelt wenn sie die folgenden Fragen innerhalb von 10 Minuten richtig beantworten:  How do you spell the result of ten div_ided by 2?</span><br />
<span class="irc-date">[20:15]</span> <span class="irc-navy">* skeeterslint (~skeetersl@c-71-192-215-99.hsd1.ma.comcast.net) Quit (Quit: Leaving)</span><br />
<span class="irc-date">[20:57]</span> <span class="irc-navy">* magote (~magote@a79-169-106-110.cpe.netcabo.pt) Quit (Ping timeout: 260 seconds)</span><br />
<span class="irc-date">[21:02]</span> <span class="irc-green">* magote (~magote@a79-169-106-110.cpe.netcabo.pt) has joined this channel.</span><br />
<span class="irc-date">[21:15]</span> <span class="irc-navy">* magote (~magote@a79-169-106-110.cpe.netcabo.pt) Quit (Ping timeout: 276 seconds)</span><br />
<span class="irc-date">[21:45]</span> <span class="irc-green">* thedeanius (~dean@c-24-2-24-87.hsd1.mo.comcast.net) has joined this channel.</span><br />
<span class="irc-date">[22:12]</span> <span class="irc-green">* jt1134 (~jt1134@c-71-207-226-80.hsd1.al.comcast.net) has joined this channel.</span><br />
<span class="irc-date">[22:45]</span> <span class="irc-navy">* efeller (~efeller@ardo-net.de) Quit (*.net *.split)</span><br />
<span class="irc-date">[22:45]</span> <span class="irc-navy">* Unhelpful (~quassel@rockbox/developer/Unhelpful) Quit (*.net *.split)</span><br />
<span class="irc-date">[22:45]</span> <span class="irc-navy">* neldar (~neldar@dsl-217-163-116.pool.bitel.net) Quit (*.net *.split)</span><br />
<span class="irc-date">[22:45]</span> <span class="irc-navy">* ChanServ (ChanServ@services.) Quit (*.net *.split)</span><br />
<span class="irc-date">[22:45]</span> <span class="irc-navy">* kmobs (~kmobs@you.got.kanged.net) Quit (*.net *.split)</span><br />
<span class="irc-date">[22:45]</span> <span class="irc-navy">* noobnl (~noob@unaffiliated/noobnl) Quit (*.net *.split)</span><br />
<span class="irc-date">[22:45]</span> <span class="irc-navy">* jeagoss (jef@i.kanged.kingklick.org) Quit (*.net *.split)</span><br />
<span class="irc-date">[22:45]</span> <span class="irc-navy">* atinm|away (~atin@unaffiliated/atinm) Quit (*.net *.split)</span><br />
<span class="irc-date">[22:45]</span> <span class="irc-navy">* gdanko_home (~gdanko_ho@99-33-178-151.lightspeed.simica.sbcglobal.net) Quit (*.net *.split)</span><br />
<span class="irc-date">[22:45]</span> <span class="irc-navy">* DJRichie (~djrichier@i.love.kingklick.org) Quit (*.net *.split)</span><br />
<span class="irc-date">[22:45]</span> <span class="irc-navy">* thedood (~thedood@got.kanged.by.teamdouche.net) Quit (*.net *.split)</span><br />
<span class="irc-date">[22:45]</span> <span class="irc-navy">* cob_ (~conrado@swan.dds.nl) Quit (*.net *.split)</span><br />
<span class="irc-date">[22:45]</span> <span class="irc-navy">* izibi (~julian@unaffiliated/izibi) Quit (*.net *.split)</span><br />
<span class="irc-date">[22:45]</span> <span class="irc-navy">* Pedlar (~mkoenig@vps4590.inmotionhosting.com) Quit (*.net *.split)</span><br />
<span class="irc-date">[22:45]</span> <span class="irc-navy">* kernelzilla (~patrick@63-225-214-48.phnx.qwest.net) Quit (*.net *.split)</span><br />
<span class="irc-date">[22:45]</span> <span class="irc-navy">* rhcp (rhcp@unaffiliated/rhcp) Quit (*.net *.split)</span><br />
<span class="irc-date">[22:45]</span> <span class="irc-navy">* coolya (~coolya@microdoof.net) Quit (*.net *.split)</span><br />
<span class="irc-date">[22:46]</span> <span class="irc-green">* efeller (~efeller@ardo-net.de) has joined this channel.</span><br />
<span class="irc-date">[22:46]</span> <span class="irc-green">* neldar (~neldar@dsl-217-163-116.pool.bitel.net) has joined this channel.</span><br />
<span class="irc-date">[22:46]</span> <span class="irc-green">* jeagoss (jef@i.kanged.kingklick.org) has joined this channel.</span><br />
<span class="irc-date">[22:46]</span> <span class="irc-green">* izibi (~julian@unaffiliated/izibi) has joined this channel.</span><br />
<span class="irc-date">[22:46]</span> <span class="irc-green">* atinm|away (~atin@unaffiliated/atinm) has joined this channel.</span><br />
<span class="irc-date">[22:46]</span> <span class="irc-green">* noobnl (~noob@unaffiliated/noobnl) has joined this channel.</span><br />
<span class="irc-date">[22:46]</span> <span class="irc-green">* Unhelpful (~quassel@rockbox/developer/Unhelpful) has joined this channel.</span><br />
<span class="irc-date">[22:46]</span> <span class="irc-green">* kernelzilla (~patrick@63-225-214-48.phnx.qwest.net) has joined this channel.</span><br />
<span class="irc-date">[22:46]</span> <span class="irc-green">* rwicl|work (work@work.com) has joined this channel.</span><br />
<span class="irc-date">[22:46]</span> <span class="irc-green">* Pedlar (~mkoenig@vps4590.inmotionhosting.com) has joined this channel.</span><br />
<span class="irc-date">[22:46]</span> <span class="irc-green">* cob_ (~conrado@swan.dds.nl) has joined this channel.</span><br />
<span class="irc-date">[22:46]</span> <span class="irc-green">* kmobs (~kmobs@you.got.kanged.net) has joined this channel.</span><br />
<span class="irc-date">[22:46]</span> <span class="irc-green">* gdanko_home (~gdanko_ho@99-33-178-151.lightspeed.simica.sbcglobal.net) has joined this channel.</span><br />
<span class="irc-date">[22:46]</span> <span class="irc-green">* coolya (~coolya@microdoof.net) has joined this channel.</span><br />
<span class="irc-date">[22:46]</span> <span class="irc-green">* thedood (~thedood@got.kanged.by.teamdouche.net) has joined this channel.</span><br />
<span class="irc-date">[22:46]</span> <span class="irc-green">* DJRichie (~djrichier@i.love.kingklick.org) has joined this channel.</span><br />
<span class="irc-date">[22:46]</span> <span class="irc-green">* ChanServ (ChanServ@services.) has joined this channel.</span><br />
<span class="irc-date">[22:46]</span> <span class="irc-green">* rhcp (rhcp@unaffiliated/rhcp) has joined this channel.</span><br />
<span class="irc-date">[22:46]</span> <span class="irc-black">&lt;- *neldar* Bot Sentry eingeschalten:  Sie werden jetzt ignoriert!  Ihre Nachricht wird 端bermittelt wenn sie die folgenden Fragen innerhalb von 10 Minuten richtig beantworten:  How do you spell the result of ten div_ided by 2?</span><br />
<span class="irc-date">[22:57]</span> <span class="irc-green">* coolya is now known as coolya|away</span><br />
<span class="irc-date">[23:27]</span> <span class="irc-navy">* Unhelpful (~quassel@rockbox/developer/Unhelpful) Quit (*.net *.split)</span><br />
<span class="irc-date">[23:27]</span> <span class="irc-navy">* neldar (~neldar@dsl-217-163-116.pool.bitel.net) Quit (*.net *.split)</span><br />
<span class="irc-date">[23:27]</span> <span class="irc-navy">* ChanServ (ChanServ@services.) Quit (*.net *.split)</span><br />
<span class="irc-date">[23:27]</span> <span class="irc-navy">* kmobs (~kmobs@you.got.kanged.net) Quit (*.net *.split)</span><br />
<span class="irc-date">[23:27]</span> <span class="irc-navy">* noobnl (~noob@unaffiliated/noobnl) Quit (*.net *.split)</span><br />
<span class="irc-date">[23:27]</span> <span class="irc-navy">* jeagoss (jef@i.kanged.kingklick.org) Quit (*.net *.split)</span><br />
<span class="irc-date">[23:27]</span> <span class="irc-navy">* atinm|away (~atin@unaffiliated/atinm) Quit (*.net *.split)</span><br />
<span class="irc-date">[23:27]</span> <span class="irc-navy">* gdanko_home (~gdanko_ho@99-33-178-151.lightspeed.simica.sbcglobal.net) Quit (*.net *.split)</span><br />
<span class="irc-date">[23:27]</span> <span class="irc-navy">* DJRichie (~djrichier@i.love.kingklick.org) Quit (*.net *.split)</span><br />
<span class="irc-date">[23:27]</span> <span class="irc-navy">* thedood (~thedood@got.kanged.by.teamdouche.net) Quit (*.net *.split)</span><br />
<span class="irc-date">[23:27]</span> <span class="irc-navy">* cob_ (~conrado@swan.dds.nl) Quit (*.net *.split)</span><br />
<span class="irc-date">[23:27]</span> <span class="irc-navy">* kernelzilla (~patrick@63-225-214-48.phnx.qwest.net) Quit (*.net *.split)</span><br />
<span class="irc-date">[23:27]</span> <span class="irc-navy">* rhcp (rhcp@unaffiliated/rhcp) Quit (*.net *.split)</span><br />
<span class="irc-date">[23:27]</span> <span class="irc-navy">* efeller (~efeller@ardo-net.de) Quit (*.net *.split)</span><br />
<span class="irc-date">[23:27]</span> <span class="irc-navy">* coolya|away (~coolya@microdoof.net) Quit (*.net *.split)</span><br />
<span class="irc-date">[23:29]</span> <span class="irc-green">* efeller (~efeller@ardo-net.de) has joined this channel.</span><br />
<span class="irc-date">[23:29]</span> <span class="irc-green">* neldar (~neldar@dsl-217-163-116.pool.bitel.net) has joined this channel.</span><br />
<span class="irc-date">[23:29]</span> <span class="irc-green">* jeagoss (jef@i.kanged.kingklick.org) has joined this channel.</span><br />
<span class="irc-date">[23:29]</span> <span class="irc-green">* atinm|away (~atin@unaffiliated/atinm) has joined this channel.</span><br />
<span class="irc-date">[23:29]</span> <span class="irc-green">* noobnl (~noob@unaffiliated/noobnl) has joined this channel.</span><br />
<span class="irc-date">[23:29]</span> <span class="irc-green">* Unhelpful (~quassel@rockbox/developer/Unhelpful) has joined this channel.</span><br />
<span class="irc-date">[23:29]</span> <span class="irc-green">* kernelzilla (~patrick@63-225-214-48.phnx.qwest.net) has joined this channel.</span><br />
<span class="irc-date">[23:29]</span> <span class="irc-green">* rwicl|work (work@work.com) has joined this channel.</span><br />
<span class="irc-date">[23:29]</span> <span class="irc-green">* cob_ (~conrado@swan.dds.nl) has joined this channel.</span><br />
<span class="irc-date">[23:29]</span> <span class="irc-green">* kmobs (~kmobs@you.got.kanged.net) has joined this channel.</span><br />
<span class="irc-date">[23:29]</span> <span class="irc-green">* gdanko_home (~gdanko_ho@99-33-178-151.lightspeed.simica.sbcglobal.net) has joined this channel.</span><br />
<span class="irc-date">[23:29]</span> <span class="irc-green">* coolya|away (~coolya@microdoof.net) has joined this channel.</span><br />
<span class="irc-date">[23:29]</span> <span class="irc-green">* thedood (~thedood@got.kanged.by.teamdouche.net) has joined this channel.</span><br />
<span class="irc-date">[23:29]</span> <span class="irc-green">* DJRichie (~djrichier@i.love.kingklick.org) has joined this channel.</span><br />
<span class="irc-date">[23:29]</span> <span class="irc-green">* ChanServ (ChanServ@services.) has joined this channel.</span><br />
<span class="irc-date">[23:29]</span> <span class="irc-green">* rhcp (rhcp@unaffiliated/rhcp) has joined this channel.</span><br />
<span class="irc-date">[23:29]</span> <span class="irc-black">&lt;- *neldar* Bot Sentry eingeschalten:  Sie werden jetzt ignoriert!  Ihre Nachricht wird 端bermittelt wenn sie die folgenden Fragen innerhalb von 10 Minuten richtig beantworten:  How do you spell the result of ten div_ided by 2?</span><br />
<span class="irc-date">[23:29]</span> <span class="irc-black">&lt;rwicl|work&gt; 'ing splits</span><br />
<span class="irc-date">[23:42]</span> <span class="irc-navy">* jt1134 (~jt1134@c-71-207-226-80.hsd1.al.comcast.net) Quit (Ping timeout: 240 seconds)</span><br />
<span class="irc-date">[23:56]</span> <span class="irc-green">* jt1134 (~jt1134@c-71-207-226-80.hsd1.al.comcast.net) has joined this channel.</span><br />
