<span class="irc-date">[0:41]</span> <span class="irc-brown">-anthony.freenode.net- *** Looking up your hostname...</span><br />
<span class="irc-date">[0:41]</span> <span class="irc-brown">-anthony.freenode.net- *** Checking Ident</span><br />
<span class="irc-date">[0:41]</span> <span class="irc-brown">-anthony.freenode.net- *** No Ident response</span><br />
<span class="irc-date">[0:41]</span> <span class="irc-brown">-anthony.freenode.net- *** Found your hostname</span><br />
<span class="irc-date">[0:41]</span> <span class="irc-red">[frigg VERSION]</span><br />
<span class="irc-date">[0:41]</span> <span class="irc-green">* cmsgsteam-logger (~PircBot@cmsgs.com) has joined this channel.</span><br />
<span class="irc-date">[0:41]</span> <span class="irc-green">* Topic is 'SGS CyanogenMod - mergelist: <a href="http://kan.gd/1dt">http://kan.gd/1dt</a> ask coolya for write access  - for pastebin: <a href="http://cmsgsteam.pastebin.com">http://cmsgsteam.pastebin.com</a> - <a href="http://www.cmsgs.com/'">http://www.cmsgs.com/'</a></span><br />
<span class="irc-date">[0:41]</span> <span class="irc-green">* Set by coolya!~coolya@microdoof.net on Sun Mar 27 08:10:46 GMT 2011</span><br />
<span class="irc-date">[0:41]</span> <span class="irc-brown">-ChanServ- [#__topsecret__] SGS CyanogenMod developers and testers (and other kernel and android hackers) - <a href="http://www.cmsgs.com/">http://www.cmsgs.com/</a></span><br />
<span class="irc-date">[0:41]</span> <span class="irc-green">* ChanServ sets mode +o cmsgsteam-logger</span><br />
<span class="irc-date">[0:41]</span> <span class="irc-black">&lt;atinm|away&gt; well, hello</span><br />
<span class="irc-date">[0:41]</span> <span class="irc-black">&lt;kang&gt; nope, u sleep</span><br />
<span class="irc-date">[0:41]</span> <span class="irc-black">&lt;atinm|away&gt; was just greeting logger. gnite for real :)</span><br />
<span class="irc-date">[0:41]</span> <span class="irc-black">&lt;kang&gt; night^^</span><br />
<span class="irc-date">[0:42]</span> <span class="irc-black">&lt;ytt3r&gt; night</span><br />
<span class="irc-date">[0:42]</span> <span class="irc-black">&lt;atinm|away&gt; (I had to upgrade the machine logger runs on)</span><br />
<span class="irc-date">[1:52]</span> <span class="irc-black">&lt;Unhelpful&gt; atinm|away: thanks for supporting deduplication, i was seriously considering not after koush's comment :)</span><br />
<span class="irc-date">[1:53]</span> <span class="irc-black">&lt;Unhelpful&gt; but, i like this much much better. the only thing i might want to change, although it would involve moving bits around, is to use else-if to get rid of the nesting.</span><br />
<span class="irc-date">[1:53]</span> <span class="irc-black">&lt;Unhelpful&gt; it's bad enough with three. it'll get awful with four. the only trouble is that we've already got the no-special-options case *first*, where it would need to go *last*.</span><br />
<span class="irc-date">[1:54]</span> <span class="irc-green">* Zilch25 (Zilch25@c-76-109-50-219.hsd1.fl.comcast.net) has joined this channel.</span><br />
<span class="irc-date">[2:02]</span> <span class="irc-navy">* kalpik (~kalpik@unaffiliated/kalpik) Quit (Disconnected by services)</span><br />
<span class="irc-date">[2:02]</span> <span class="irc-green">* kalpik_ (~kalpik@unaffiliated/kalpik) has joined this channel.</span><br />
<span class="irc-date">[2:05]</span> <span class="irc-green">* kalpik_ is now known as kalpik</span><br />
<span class="irc-date">[2:08]</span> <span class="irc-navy">* DJNgoma (~DJNgoma@41-133-116-144.dsl.mweb.co.za) Quit (Read error: Connection reset by peer)</span><br />
<span class="irc-date">[2:08]</span> <span class="irc-green">* DJNgoma (~DJNgoma@41-133-116-144.dsl.mweb.co.za) has joined this channel.</span><br />
<span class="irc-date">[2:20]</span> <span class="irc-navy">* DJNgoma (~DJNgoma@41-133-116-144.dsl.mweb.co.za) Quit (Read error: Connection reset by peer)</span><br />
<span class="irc-date">[2:21]</span> <span class="irc-green">* DJNgoma (~DJNgoma@41-133-116-144.dsl.mweb.co.za) has joined this channel.</span><br />
<span class="irc-date">[2:32]</span> <span class="irc-navy">* DJNgoma (~DJNgoma@41-133-116-144.dsl.mweb.co.za) Quit (Read error: Connection reset by peer)</span><br />
<span class="irc-date">[2:32]</span> <span class="irc-green">* DJNgoma (~DJNgoma@41-133-116-144.dsl.mweb.co.za) has joined this channel.</span><br />
<span class="irc-date">[2:50]</span> <span class="irc-navy">* Kaik541 (~Rawr@cpe-66-68-164-213.austin.res.rr.com) Quit (Ping timeout: 246 seconds)</span><br />
<span class="irc-date">[2:56]</span> <span class="irc-navy">* designfears (~df@cpe-184-57-163-79.cinci.res.rr.com) Quit (Quit: Leaving)</span><br />
<span class="irc-date">[3:02]</span> <span class="irc-green">* Kaik541 (~Rawr@cpe-66-68-164-213.austin.res.rr.com) has joined this channel.</span><br />
<span class="irc-date">[3:07]</span> <span class="irc-navy">* Zilch25 (Zilch25@c-76-109-50-219.hsd1.fl.comcast.net) Quit ()</span><br />
<span class="irc-date">[4:02]</span> <span class="irc-green">* ciwrl|away is now known as ciwrl</span><br />
<span class="irc-date">[4:21]</span> <span class="irc-navy">* birdman (~Steven@24.246.130.106) Quit (Ping timeout: 246 seconds)</span><br />
<span class="irc-date">[4:35]</span> <span class="irc-navy">* nullghost (~quassel@c-76-18-157-237.hsd1.tn.comcast.net) Quit (Remote host closed the connection)</span><br />
<span class="irc-date">[4:42]</span> <span class="irc-green">* crypta1 (~KP@port-93863.pppoe.wtnet.de) has joined this channel.</span><br />
<span class="irc-date">[4:44]</span> <span class="irc-navy">* crypta (~KP@port-5252.pppoe.wtnet.de) Quit (Ping timeout: 246 seconds)</span><br />
<span class="irc-date">[4:47]</span> <span class="irc-navy">* techmik_laptop (~techmik@c-76-109-173-83.hsd1.fl.comcast.net) Quit (Quit: Konversation terminated!)</span><br />
<span class="irc-date">[4:47]</span> <span class="irc-green">* techmik_laptop (~techmik@c-76-109-173-83.hsd1.fl.comcast.net) has joined this channel.</span><br />
<span class="irc-date">[6:03]</span> <span class="irc-navy">* DJNgoma (~DJNgoma@41-133-116-144.dsl.mweb.co.za) Quit (Quit: Leaving)</span><br />
<span class="irc-date">[6:04]</span> <span class="irc-green">* KaikHole (~Rawr@cpe-66-68-164-213.austin.res.rr.com) has joined this channel.</span><br />
<span class="irc-date">[6:07]</span> <span class="irc-navy">* Kaik541 (~Rawr@cpe-66-68-164-213.austin.res.rr.com) Quit (Ping timeout: 264 seconds)</span><br />
<span class="irc-date">[6:07]</span> <span class="irc-green">* KaikHole is now known as Kaik541</span><br />
<span class="irc-date">[6:23]</span> <span class="irc-green">* coolya|away is now known as coolya</span><br />
<span class="irc-date">[6:28]</span> <span class="irc-green">* coolya is now known as coolya|away</span><br />
<span class="irc-date">[6:33]</span> <span class="irc-green">* neldar (~neldar@dsl-217-172-158.pool.bitel.net) has joined this channel.</span><br />
<span class="irc-date">[6:33]</span> <span class="irc-black">&lt;- *neldar* Bot Sentry eingeschalten:  Sie werden jetzt ignoriert!  Ihre Nachricht wird übermittelt wenn sie die folgenden Fragen innerhalb von 10 Minuten richtig beantworten:  How do you spell the result of ten div_ided by 2?</span><br />
<span class="irc-date">[7:01]</span> <span class="irc-navy">* Disconnected.</span><br />
<span class="irc-date">[7:01]</span> <span class="irc-brown">-anthony.freenode.net- *** Looking up your hostname...</span><br />
<span class="irc-date">[7:01]</span> <span class="irc-brown">-anthony.freenode.net- *** Checking Ident</span><br />
<span class="irc-date">[7:01]</span> <span class="irc-brown">-anthony.freenode.net- *** No Ident response</span><br />
<span class="irc-date">[7:01]</span> <span class="irc-brown">-anthony.freenode.net- *** Found your hostname</span><br />
<span class="irc-date">[7:01]</span> <span class="irc-red">[frigg VERSION]</span><br />
<span class="irc-date">[10:54]</span> <span class="irc-brown">-sendak.freenode.net- *** Looking up your hostname...</span><br />
<span class="irc-date">[10:54]</span> <span class="irc-brown">-sendak.freenode.net- *** Checking Ident</span><br />
<span class="irc-date">[10:54]</span> <span class="irc-brown">-sendak.freenode.net- *** No Ident response</span><br />
<span class="irc-date">[10:54]</span> <span class="irc-brown">-sendak.freenode.net- *** Found your hostname</span><br />
<span class="irc-date">[10:54]</span> <span class="irc-red">[frigg VERSION]</span><br />
<span class="irc-date">[10:55]</span> <span class="irc-green">* cmsgsteam-logger (~PircBot@cmsgs.com) has joined this channel.</span><br />
<span class="irc-date">[10:55]</span> <span class="irc-green">* Topic is 'SGS CyanogenMod - mergelist: <a href="http://kan.gd/1dt">http://kan.gd/1dt</a> ask coolya for write access  - for pastebin: <a href="http://cmsgsteam.pastebin.com">http://cmsgsteam.pastebin.com</a> - <a href="http://www.cmsgs.com/'">http://www.cmsgs.com/'</a></span><br />
<span class="irc-date">[10:55]</span> <span class="irc-green">* Set by coolya!~coolya@microdoof.net on Sun Mar 27 08:10:46 GMT 2011</span><br />
<span class="irc-date">[10:55]</span> <span class="irc-brown">-ChanServ- [#__topsecret__] SGS CyanogenMod developers and testers (and other kernel and android hackers) - <a href="http://www.cmsgs.com/">http://www.cmsgs.com/</a></span><br />
<span class="irc-date">[10:55]</span> <span class="irc-green">* ChanServ sets mode +o cmsgsteam-logger</span><br />
<span class="irc-date">[10:55]</span> <span class="irc-black">&lt;atinm|away&gt; Unhelpful: sure - now if he'd just accept it so we can use it</span><br />
<span class="irc-date">[10:55]</span> <span class="irc-black">&lt;atinm|away&gt; tho we could just merge it anyway</span><br />
<span class="irc-date">[11:12]</span> <span class="irc-black">&lt;atinm|away&gt; lol! "Hi I'm a new android girl is.there anyway u could help me get cm7? I have msn, Skype and gtalk. Would appreciate any help. Thanks"</span><br />
<span class="irc-date">[11:12]</span> <span class="irc-black">&lt;atinm|away&gt; the heights ppl go to . . . or should I say depths...</span><br />
<span class="irc-date">[11:13]</span> <span class="irc-black">&lt;atinm|away&gt; pointed him to the OP.</span><br />
<span class="irc-date">[11:13]</span> <span class="irc-black">&lt;atinm|away&gt; guess I could also point to #cmsgs?</span><br />
<span class="irc-date">[11:14]</span> <span class="irc-black">&lt;Kaik541&gt; android girl!</span><br />
<span class="irc-date">[11:14]</span> <span class="irc-black">&lt;Kaik541&gt; lies, there are no girls on the internets.</span><br />
<span class="irc-date">[11:16]</span> <span class="irc-black">&lt;kang&gt; no webcam</span><br />
<span class="irc-date">[11:16]</span> <span class="irc-black">&lt;kang&gt; no help</span><br />
<span class="irc-date">[11:16]</span> <span class="irc-black">&lt;kang&gt; xD</span><br />
<span class="irc-date">[11:28]</span> <span class="irc-black">&lt;atinm|away&gt; I'm thinking it was DesignGears :)</span><br />
<span class="irc-date">[11:29]</span> <span class="irc-black">&lt;atinm|away&gt; and I shuddered</span><br />
<span class="irc-date">[11:55]</span> <span class="irc-navy">* thedeanius (~dean@c-24-2-24-87.hsd1.mo.comcast.net) Quit (Quit: thedeanius)</span><br />
<span class="irc-date">[12:08]</span> <span class="irc-black">&lt;atinm|away&gt; off to work</span><br />
<span class="irc-date">[12:08]</span> <span class="irc-navy">* atinm|away (~atin@unaffiliated/atinm) Quit (Quit: atinm|away)</span><br />
<span class="irc-date">[12:10]</span> <span class="irc-black">&lt;mikebeecham&gt; afternoon all</span><br />
<span class="irc-date">[12:12]</span> <span class="irc-green">* Wout` (~Wout@s559776f4.adsl.wanadoo.nl) has joined this channel.</span><br />
<span class="irc-date">[12:13]</span> <span class="irc-black">&lt;Wout`&gt; oi</span><br />
<span class="irc-date">[12:14]</span> <span class="irc-black">&lt;mikebeecham&gt; hey Wout`</span><br />
<span class="irc-date">[12:50]</span> <span class="irc-navy">* quad-home (d121029f@gateway/web/freenode/ip.209.33.2.159) Quit (Ping timeout: 252 seconds)</span><br />
<span class="irc-date">[13:06]</span> <span class="irc-green">* techmik (~techmik@c-76-109-173-83.hsd1.fl.comcast.net) has joined this channel.</span><br />
<span class="irc-date">[13:07]</span> <span class="irc-navy">* techmik67 (~techmik@c-76-109-173-83.hsd1.fl.comcast.net) Quit (Ping timeout: 246 seconds)</span><br />
<span class="irc-date">[13:31]</span> <span class="irc-green">* dasunsrule32 (~dasunsrul@uto-atechols-2.inre.asu.edu) has joined this channel.</span><br />
<span class="irc-date">[13:35]</span> <span class="irc-green">* designfears (~AndChat@32.148.184.232) has joined this channel.</span><br />
<span class="irc-date">[13:38]</span> <span class="irc-green">* nitam|work (work@work.com) has joined this channel.</span><br />
<span class="irc-date">[13:38]</span> <span class="irc-green">* ChanServ sets mode +o atinm|work</span><br />
<span class="irc-date">[13:48]</span> <span class="irc-green">* birdman (~Steven@24.246.130.106) has joined this channel.</span><br />
<span class="irc-date">[13:51]</span> <span class="irc-black">&lt;Kaik541&gt; fat32 doesn't support symlinks I thought</span><br />
<span class="irc-date">[13:52]</span> <span class="irc-black">&lt;UberPinguin&gt; It doesn't</span><br />
<span class="irc-date">[13:53]</span> <span class="irc-black">&lt;UberPinguin&gt; It's not emu, the card is actually formatted and mounted as fat32</span><br />
<span class="irc-date">[13:55]</span> <span class="irc-navy">* techmik_laptop (~techmik@c-76-109-173-83.hsd1.fl.comcast.net) Quit (Read error: No route to host)</span><br />
<span class="irc-date">[13:55]</span> <span class="irc-green">* techmik_laptop (~techmik@c-76-109-173-83.hsd1.fl.comcast.net) has joined this channel.</span><br />
<span class="irc-date">[13:55]</span> <span class="irc-green">* quad-work (415241e3@gateway/web/freenode/ip.65.82.65.227) has joined this channel.</span><br />
<span class="irc-date">[13:56]</span> <span class="irc-green">* mersault (~mersault@acihip.tor4.dsl4u.ca) has joined this channel.</span><br />
<span class="irc-date">[13:57]</span> <span class="irc-black">&lt;dasunsrule32&gt; vold</span><br />
<span class="irc-date">[13:57]</span> <span class="irc-black">&lt;dasunsrule32&gt; :)</span><br />
<span class="irc-date">[13:58]</span> <span class="irc-black">&lt;dasunsrule32&gt; still doesn't matter, it uses vfat aka fat32, no symlinks supported</span><br />
<span class="irc-date">[13:58]</span> <span class="irc-black">&lt;UberPinguin&gt; Yes.. but it supports fat32 according to standard, not with magic extra features. symlinks are not supported by the data structures on fat32.</span><br />
<span class="irc-date">[13:59]</span> <span class="irc-black">&lt;dasunsrule32&gt; it's an FS issue</span><br />
<span class="irc-date">[13:59]</span> <span class="irc-black">&lt;dasunsrule32&gt; OLD</span><br />
<span class="irc-date">[14:03]</span> <span class="irc-navy">* kalpik (~kalpik@unaffiliated/kalpik) Quit (Ping timeout: 260 seconds)</span><br />
<span class="irc-date">[14:04]</span> <span class="irc-black">&lt;dasunsrule32&gt; been awhile since I used the SGS theme, I like it a lot more now</span><br />
<span class="irc-date">[14:04]</span> <span class="irc-black">&lt;dasunsrule32&gt; it's clean</span><br />
<span class="irc-date">[14:05]</span> <span class="irc-black">&lt;UberPinguin&gt; hm I can't remember exactly.. are there any other CDMA SGS besides Epic? Maybe the Vibrant?</span><br />
<span class="irc-date">[14:05]</span> <span class="irc-black">&lt;dasunsrule32&gt; no</span><br />
<span class="irc-date">[14:05]</span> <span class="irc-black">&lt;dasunsrule32&gt; GSM</span><br />
<span class="irc-date">[14:05]</span> <span class="irc-black">&lt;UberPinguin&gt; ok</span><br />
<span class="irc-date">[14:05]</span> <span class="irc-black">&lt;dasunsrule32&gt; Epic</span><br />
<span class="irc-date">[14:06]</span> <span class="irc-black">&lt;Kaik541&gt; UberPinguin, there are TWO CDMA phones</span><br />
<span class="irc-date">[14:06]</span> <span class="irc-black">&lt;Kaik541&gt; Epic and Fascinate</span><br />
<span class="irc-date">[14:06]</span> <span class="irc-black">&lt;UberPinguin&gt; Kaik541: TY</span><br />
<span class="irc-date">[14:06]</span> <span class="irc-black">&lt;dasunsrule32&gt; ah yea, verizon</span><br />
<span class="irc-date">[14:07]</span> <span class="irc-black">&lt;dasunsrule32&gt; thx Kaik541</span><br />
<span class="irc-date">[14:07]</span> <span class="irc-black">&lt;dasunsrule32&gt; hehe</span><br />
<span class="irc-date">[14:07]</span> <span class="irc-black">&lt;UberPinguin&gt; Is GPS on the Fascinate working w/ CM? We're having a devil of a time getting it going for Epic.</span><br />
<span class="irc-date">[14:08]</span> <span class="irc-black">&lt;dasunsrule32&gt; it works on all of them from my understanding, with the exception of the Vibrant</span><br />
<span class="irc-date">[14:08]</span> <span class="irc-black">&lt;UberPinguin&gt; ok</span><br />
<span class="irc-date">[14:08]</span> <span class="irc-black">&lt;Kaik541&gt; I think the kernel never fully boots to userland on fascinate right now</span><br />
<span class="irc-date">[14:08]</span> <span class="irc-black">&lt;dasunsrule32&gt; Vibrant's GPS is screwy</span><br />
<span class="irc-date">[14:08]</span> <span class="irc-black">&lt;UberPinguin&gt; Oh</span><br />
<span class="irc-date">[14:08]</span> <span class="irc-black">&lt;Kaik541&gt; if you're talking about 2.6.35</span><br />
<span class="irc-date">[14:08]</span> <span class="irc-black">&lt;UberPinguin&gt; hmm</span><br />
<span class="irc-date">[14:08]</span> <span class="irc-black">&lt;UberPinguin&gt; Yeah</span><br />
<span class="irc-date">[14:08]</span> <span class="irc-black">&lt;Kaik541&gt; but last I saw, epic was using 2.6.32</span><br />
<span class="irc-date">[14:08]</span> <span class="irc-black">&lt;UberPinguin&gt; It is at the moment, work is underway to get .35 working w/ mtd</span><br />
<span class="irc-date">[14:09]</span> <span class="irc-black">&lt;UberPinguin&gt; Right now it's panicking in the s3c power and fb drivers</span><br />
<span class="irc-date">[14:15]</span> <span class="irc-green">* Zilch25 (~androirc@32.133.210.160) has joined this channel.</span><br />
<span class="irc-date">[14:16]</span> <span class="irc-black">&lt;Zilch25&gt; Kaik541, stupid question ...</span><br />
<span class="irc-date">[14:16]</span> <span class="irc-black">&lt;Zilch25&gt; morning all</span><br />
<span class="irc-date">[14:16]</span> <span class="irc-black">&lt;Kaik541&gt; it's called a scrotum</span><br />
<span class="irc-date">[14:16]</span> <span class="irc-navy">* stickpin (~stickpin@80.178.10.184.adsl.012.net.il) Quit ()</span><br />
<span class="irc-date">[14:17]</span> <span class="irc-green">* kalpik (~kalpik@unaffiliated/kalpik) has joined this channel.</span><br />
<span class="irc-date">[14:17]</span> <span class="irc-black">&lt;Zilch25&gt; so theoretically if I were a huge retard without a cable and I flashed a kernel with no cwm... is there any way for me to kinda force in a kernel anyway?</span><br />
<span class="irc-date">[14:17]</span> <span class="irc-black">&lt;Kaik541&gt; uhh download mode?</span><br />
<span class="irc-date">[14:17]</span> <span class="irc-black">&lt;Kaik541&gt; flash a zimage.tar</span><br />
<span class="irc-date">[14:17]</span> <span class="irc-black">&lt;Zilch25&gt; you missed the "no cable" part I take it</span><br />
<span class="irc-date">[14:18]</span> <span class="irc-black">&lt;Zilch25&gt; I'm screwing around at work :P</span><br />
<span class="irc-date">[14:18]</span> <span class="irc-black">&lt;Kaik541&gt; oh</span><br />
<span class="irc-date">[14:18]</span> <span class="irc-black">&lt;Kaik541&gt; you're right I did</span><br />
<span class="irc-date">[14:18]</span> <span class="irc-black">&lt;Kaik541&gt; damn you, lack of sleep</span><br />
<span class="irc-date">[14:18]</span> <span class="irc-black">&lt;Kaik541&gt; well my vote is magic then</span><br />
<span class="irc-date">[14:18]</span> <span class="irc-black">&lt;Zilch25&gt; jeez I took a break, I didn't get a lobotomy lol</span><br />
<span class="irc-date">[14:19]</span> <span class="irc-black">&lt;Zilch25&gt; also brb</span><br />
<span class="irc-date">[14:20]</span> <span class="irc-black">&lt;Kaik541&gt; but I also don't have a lot of faith in people for thinking things out :D</span><br />
<span class="irc-date">[14:21]</span> <span class="irc-black">&lt;Kaik541&gt; and what do you mean "no recovery"?</span><br />
<span class="irc-date">[14:21]</span> <span class="irc-black">&lt;kang&gt; <a href="http://www.kroah.com/log/linux/android-wakelock-solution.html">http://www.kroah.com/log/linux/android-wakelock-solution.html</a></span><br />
<span class="irc-date">[14:23]</span> <span class="irc-black">&lt;techmik&gt; cant zilch use sgs kernel flasher? i thought he wasnt on cm7.......</span><br />
<span class="irc-date">[14:24]</span> <span class="irc-black">&lt;Kaik541&gt; I have no idea what he's on</span><br />
<span class="irc-date">[14:27]</span> <span class="irc-black">&lt;Zilch25&gt; miui</span><br />
<span class="irc-date">[14:27]</span> <span class="irc-black">&lt;Zilch25&gt; and its not supported :P</span><br />
<span class="irc-date">[14:27]</span> <span class="irc-black">&lt;Zilch25&gt; as in it halts instantly and grays out the buttons</span><br />
<span class="irc-date">[14:27]</span> <span class="irc-black">&lt;Kaik541&gt; wait so does it boot?</span><br />
<span class="irc-date">[14:27]</span> <span class="irc-black">&lt;Zilch25&gt; it's an i9k kernel so my button combos are not effective</span><br />
<span class="irc-date">[14:27]</span> <span class="irc-black">&lt;Zilch25&gt; yep</span><br />
<span class="irc-date">[14:28]</span> <span class="irc-black">&lt;Kaik541&gt; it shouldn't affect button combo =/</span><br />
<span class="irc-date">[14:28]</span> <span class="irc-black">&lt;Zilch25&gt; it boots about once after several bootloops</span><br />
<span class="irc-date">[14:28]</span> <span class="irc-black">&lt;Zilch25&gt; shouldn't.. but it did</span><br />
<span class="irc-date">[14:28]</span> <span class="irc-black">&lt;Wout`&gt; kang: whats that about?</span><br />
<span class="irc-date">[14:29]</span> <span class="irc-black">&lt;Zilch25&gt; either that or my button combos cause it to crash :P</span><br />
<span class="irc-date">[14:30]</span> <span class="irc-black">&lt;Kaik541&gt; I've no idea... have fun figuring out how to get into download mode</span><br />
<span class="irc-date">[14:30]</span> <span class="irc-black">&lt;Zilch25&gt; eh dl mode should be easy... when I have a cable..</span><br />
<span class="irc-date">[14:31]</span> <span class="irc-black">&lt;kang&gt; Wout`: wakelocks vs wakeup events and that we should send our drivers upstream</span><br />
<span class="irc-date">[14:31]</span> <span class="irc-black">&lt;kang&gt; eg coolya integrates the fm driver into the upstream driver or smth (or stand alone maybe idk), could clean it up submit upstream</span><br />
<span class="irc-date">[14:31]</span> <span class="irc-black">&lt;kang&gt; free maintenance + have ur name in kernel is nice</span><br />
<span class="irc-date">[14:31]</span> <span class="irc-black">&lt;kang&gt; :P</span><br />
<span class="irc-date">[14:33]</span> <span class="irc-green">* codeworkx (~codeworkx@188-195-7-18-dynip.superkabel.de) has joined this channel.</span><br />
<span class="irc-date">[14:33]</span> <span class="irc-green">* ChanServ sets mode +o codeworkx</span><br />
<span class="irc-date">[14:33]</span> <span class="irc-black">&lt;Wout`&gt; oi codeworkx</span><br />
<span class="irc-date">[14:34]</span> <span class="irc-black">&lt;Zilch25&gt; using rom manager to reboot recovery does nothing either bluh... this is going to bug me all day</span><br />
<span class="irc-date">[14:35]</span> <span class="irc-black">&lt;Wout`&gt; you want to get into recovery?</span><br />
<span class="irc-date">[14:35]</span> <span class="irc-black">&lt;Wout`&gt; make a jig  :P</span><br />
<span class="irc-date">[14:35]</span> <span class="irc-black">&lt;Kaik541&gt; Zilch25, reboot recovery/reboot download don't work</span><br />
<span class="irc-date">[14:35]</span> <span class="irc-black">&lt;Zilch25&gt; I'm at work... don't have too many resources</span><br />
<span class="irc-date">[14:35]</span> <span class="irc-black">&lt;Zilch25&gt; yeah I know... tried anyway lol</span><br />
<span class="irc-date">[14:36]</span> <span class="irc-black">&lt;Zilch25&gt; can't believe I forgot to reflash kernel before booting to production ... herp a derp</span><br />
<span class="irc-date">[14:37]</span> <span class="irc-black">&lt;Kaik541&gt; someone's phoneless for a day!</span><br />
<span class="irc-date">[14:37]</span> <span class="irc-navy">* uberushaximus (~uberushax@71-13-134-35.dhcp.ftbg.wi.charter.com) Quit (Remote host closed the connection)</span><br />
<span class="irc-date">[14:37]</span> <span class="irc-black">&lt;Kaik541&gt; hope you don't have anything time-sensitive</span><br />
<span class="irc-date">[14:37]</span> <span class="irc-black">&lt;Zilch25&gt; I'm not phoneless lol</span><br />
<span class="irc-date">[14:37]</span> <span class="irc-black">&lt;Kaik541&gt; RIGHT it boots</span><br />
<span class="irc-date">[14:37]</span> <span class="irc-black">&lt;Kaik541&gt; I forgot</span><br />
<span class="irc-date">[14:37]</span> <span class="irc-black">&lt;Kaik541&gt; wow I should sleep.</span><br />
<span class="irc-date">[14:37]</span> <span class="irc-black">&lt;Zilch25&gt; I'm on irc on the phone</span><br />
<span class="irc-date">[14:38]</span> <span class="irc-black">&lt;techmik&gt; damn.... laptop didnt sell 1st go round on ebay.....  trying again.... i REALLY wanna upgrade.......</span><br />
<span class="irc-date">[14:38]</span> <span class="irc-black">&lt;Zilch25&gt; now all I need to do is screw up my nook color and I'll have nothing to do today :P</span><br />
<span class="irc-date">[14:40]</span> <span class="irc-black">&lt;mikebeecham&gt; lol...I'm now getting people hitting me up on twitter trying to convince me why the latest Samsung leaked 2.3 is better than CM7</span><br />
<span class="irc-date">[14:40]</span> <span class="irc-black">&lt;mikebeecham&gt; It's not even worth responding</span><br />
<span class="irc-date">[14:41]</span> <span class="irc-black">&lt;dasunsrule32&gt; mikebeecham: what's the lates? from like a month ago?</span><br />
<span class="irc-date">[14:41]</span> <span class="irc-black">&lt;mikebeecham&gt; nahhh</span><br />
<span class="irc-date">[14:41]</span> <span class="irc-black">&lt;mikebeecham&gt; JVK from the other day</span><br />
<span class="irc-date">[14:41]</span> <span class="irc-black">&lt;mikebeecham&gt; 2.3.3</span><br />
<span class="irc-date">[14:41]</span> <span class="irc-black">&lt;Kaik541&gt; JVK was built sometime this month</span><br />
<span class="irc-date">[14:41]</span> <span class="irc-black">&lt;dasunsrule32&gt; ah, it's still twiz</span><br />
<span class="irc-date">[14:41]</span> <span class="irc-black">&lt;dasunsrule32&gt; so it</span><br />
<span class="irc-date">[14:41]</span> <span class="irc-black">&lt;mikebeecham&gt; reportedly the actual revision version that providers will use</span><br />
<span class="irc-date">[14:41]</span> <span class="irc-black">&lt;dasunsrule32&gt; 's garbage</span><br />
<span class="irc-date">[14:41]</span> <span class="irc-black">&lt;mikebeecham&gt; tw2 dasunsrule32</span><br />
<span class="irc-date">[14:41]</span> <span class="irc-black">&lt;mikebeecham&gt; tw3**</span><br />
<span class="irc-date">[14:41]</span> <span class="irc-black">&lt;dasunsrule32&gt; ooooo</span><br />
<span class="irc-date">[14:41]</span> <span class="irc-brick">* dasunsrule32 barfs</span><br />
<span class="irc-date">[14:42]</span> <span class="irc-black">&lt;Wout`&gt; JKV is actually not bad at all</span><br />
<span class="irc-date">[14:42]</span> <span class="irc-black">&lt;mikebeecham&gt; my response was:</span><br />
<span class="irc-date">[14:42]</span> <span class="irc-black">&lt;dasunsrule32&gt; what, they cheaping out, no twiz4?</span><br />
<span class="irc-date">[14:42]</span> <span class="irc-black">&lt;mikebeecham&gt; I dont have time to list all the reasons why CM7 is better</span><br />
<span class="irc-date">[14:42]</span> <span class="irc-black">&lt;Zilch25&gt; some people should just stick with ios and stop bothering others</span><br />
<span class="irc-date">[14:42]</span> <span class="irc-black">&lt;Wout`&gt; some people want both gingerbread and every single bit working</span><br />
<span class="irc-date">[14:42]</span> <span class="irc-black">&lt;Wout`&gt; obviously it's slower than CM7</span><br />
<span class="irc-date">[14:42]</span> <span class="irc-black">&lt;dasunsrule32&gt; Wout`: it will, in time</span><br />
<span class="irc-date">[14:42]</span> <span class="irc-black">&lt;mikebeecham&gt; Wout`,  but nowhere near as good as CM7</span><br />
<span class="irc-date">[14:42]</span> <span class="irc-black">&lt;kang&gt; JKV has gingerbread VOIP?</span><br />
<span class="irc-date">[14:42]</span> <span class="irc-black">&lt;Wout`&gt; mikebeecham: depends on your definition of good</span><br />
<span class="irc-date">[14:43]</span> <span class="irc-black">&lt;mikebeecham&gt; Wout`, I've been around the block long enough to have a fairly robust definition of 'good'</span><br />
<span class="irc-date">[14:43]</span> <span class="irc-black">&lt;Wout`&gt; Guys,I love CM7 just as much as the rest of you. But you have to admit, that for several usage scenarios, it's not good enough yet</span><br />
<span class="irc-date">[14:43]</span> <span class="irc-black">&lt;Kaik541&gt; Wout`, yes I know</span><br />
<span class="irc-date">[14:43]</span> <span class="irc-black">&lt;Kaik541&gt; that's why for the Captivate, I wrote up a FAQ that includes instructions on how to get off of it :)</span><br />
<span class="irc-date">[14:43]</span> <span class="irc-black">&lt;mikebeecham&gt; Wout`, the only thing that bothers me is the noise on the camera</span><br />
<span class="irc-date">[14:43]</span> <span class="irc-black">&lt;mikebeecham&gt; apart from that</span><br />
<span class="irc-date">[14:43]</span> <span class="irc-black">&lt;Wout`&gt; I can totally understand why people would prefer JKV over CM</span><br />
<span class="irc-date">[14:43]</span> <span class="irc-black">&lt;mikebeecham&gt; there are MANY reasons why the crap that Samsung bring out is worse</span><br />
<span class="irc-date">[14:44]</span> <span class="irc-black">&lt;dasunsrule32&gt; RFS</span><br />
<span class="irc-date">[14:44]</span> <span class="irc-black">&lt;dasunsrule32&gt; that's all you have to say</span><br />
<span class="irc-date">[14:44]</span> <span class="irc-black">&lt;Kaik541&gt; here, isntead of arguing</span><br />
<span class="irc-date">[14:44]</span> <span class="irc-black">&lt;dasunsrule32&gt; hehe</span><br />
<span class="irc-date">[14:44]</span> <span class="irc-black">&lt;Wout`&gt; mikebeecham: right...that bothers YOU. But some people like 720p mkv support, like 720p recording, like good battery life, like working accelerometer, fm radio, etc...</span><br />
<span class="irc-date">[14:44]</span> <span class="irc-black">&lt;Kaik541&gt; let's agree that while we all prefer CM7 here</span><br />
<span class="irc-date">[14:44]</span> <span class="irc-black">&lt;mikebeecham&gt; Wout`, I wouldn't tote the battery life as a good argument</span><br />
<span class="irc-date">[14:45]</span> <span class="irc-black">&lt;Kaik541&gt; we can understand why some people might enjoy the slightly more practical samsung ROM (for now) while this ROM is in pre-beta</span><br />
<span class="irc-date">[14:45]</span> <span class="irc-black">&lt;Wout`&gt; I'm convinded that in the end, CM7 will come out on top</span><br />
<span class="irc-date">[14:45]</span> <span class="irc-black">&lt;Wout`&gt; obviously</span><br />
<span class="irc-date">[14:45]</span> <span class="irc-black">&lt;mikebeecham&gt; the battery life in samsunbg is not that great either way</span><br />
<span class="irc-date">[14:45]</span> <span class="irc-black">&lt;Kaik541&gt; once this ROM is out of beta, and has few/no bugs</span><br />
<span class="irc-date">[14:45]</span> <span class="irc-black">&lt;Wout`&gt; anyway, let's just focus on cm7 in here. But it's a bit childish to diss anything Samsung does</span><br />
<span class="irc-date">[14:45]</span> <span class="irc-black">&lt;Kaik541&gt; then I will have a much harder time understanding why someone would stick with samsung</span><br />
<span class="irc-date">[14:46]</span> <span class="irc-black">&lt;mikebeecham&gt; Kaik541, that wont be a long while though, as we know</span><br />
<span class="irc-date">[14:46]</span> <span class="irc-black">&lt;Kaik541&gt; oh for sure, hell I had to drop back down to 2.2 this week</span><br />
<span class="irc-date">[14:46]</span> <span class="irc-black">&lt;kang&gt; once it has 720p record/proper pictures i wont have any reason to go back :P</span><br />
<span class="irc-date">[14:46]</span> <span class="irc-black">&lt;mikebeecham&gt; Wout`, not being childish since my opening gambit was on the fact that someone was trying hard to convince me out of CM7 to begin with</span><br />
<span class="irc-date">[14:46]</span> <span class="irc-black">&lt;Kaik541&gt; I don't like it, but I need better audio quality in my calls</span><br />
<span class="irc-date">[14:46]</span> <span class="irc-black">&lt;mikebeecham&gt; hey Kang :D</span><br />
<span class="irc-date">[14:46]</span> <span class="irc-black">&lt;Wout`&gt; kang: pretty much, cam is the current dealbraker for me</span><br />
<span class="irc-date">[14:47]</span> <span class="irc-black">&lt;dasunsrule32&gt; I just need GPS :p</span><br />
<span class="irc-date">[14:47]</span> <span class="irc-black">&lt;dasunsrule32&gt; well, I don't need it</span><br />
<span class="irc-date">[14:47]</span> <span class="irc-black">&lt;dasunsrule32&gt; it's nice to have</span><br />
<span class="irc-date">[14:47]</span> <span class="irc-black">&lt;dasunsrule32&gt; :p</span><br />
<span class="irc-date">[14:47]</span> <span class="irc-black">&lt;mikebeecham&gt; dasunsrule32, gps is fine</span><br />
<span class="irc-date">[14:47]</span> <span class="irc-black">&lt;dasunsrule32&gt; not on the Vibrant</span><br />
<span class="irc-date">[14:48]</span> <span class="irc-black">&lt;mikebeecham&gt; I just drove to Cornwall and back....GPS with Google Nav never missed a beat</span><br />
<span class="irc-date">[14:48]</span> <span class="irc-black">&lt;dasunsrule32&gt; coolya|away: is still working on it</span><br />
<span class="irc-date">[14:48]</span> <span class="irc-black">&lt;mikebeecham&gt; oh, dont know about that</span><br />
<span class="irc-date">[14:48]</span> <span class="irc-black">&lt;dasunsrule32&gt; GPS h/w is diff in it</span><br />
<span class="irc-date">[14:48]</span> <span class="irc-black">&lt;dasunsrule32&gt; o.O</span><br />
<span class="irc-date">[14:48]</span> <span class="irc-black">&lt;dasunsrule32&gt; Samsuck and "Let's make the 'same' phone completely different across the world"</span><br />
<span class="irc-date">[14:48]</span> <span class="irc-black">&lt;dasunsrule32&gt; O.o</span><br />
<span class="irc-date">[14:49]</span> <span class="irc-brick">* dasunsrule32 slaps Samsuck</span><br />
<span class="irc-date">[14:49]</span> <span class="irc-black">&lt;kang&gt; im not sure what are the real issues with the gps in cm7</span><br />
<span class="irc-date">[14:49]</span> <span class="irc-black">&lt;kang&gt; mine has always been ultra good there</span><br />
<span class="irc-date">[14:49]</span> <span class="irc-black">&lt;kang&gt; xd</span><br />
<span class="irc-date">[14:49]</span> <span class="irc-black">&lt;nitam|work&gt; we don't diss Samsung for no reason - the reason we diss Samsung is because we could get the same stuff working if they'd only release source.</span><br />
<span class="irc-date">[14:49]</span> <span class="irc-black">&lt;dasunsrule32&gt; hehe  ^^^</span><br />
<span class="irc-date">[14:49]</span> <span class="irc-black">&lt;dasunsrule32&gt; they are proprietary</span><br />
<span class="irc-date">[14:50]</span> <span class="irc-black">&lt;nitam|work&gt; its the stupidity of closing source that gets to us . . . then release kernel modules, real ones. not just hacks that call into user space to get work done.</span><br />
<span class="irc-date">[14:50]</span> <span class="irc-black">&lt;nitam|work&gt; stuff we can link into our kernel</span><br />
<span class="irc-date">[14:51]</span> <span class="irc-black">&lt;nitam|work&gt; and not need user space daemons</span><br />
<span class="irc-date">[14:51]</span> <span class="irc-black">&lt;UberPinguin&gt; ++</span><br />
<span class="irc-date">[14:51]</span> <span class="irc-black">&lt;mikebeecham&gt; I think I've used 720 recording once, and I never really use FFcamera, although it's a nice-to-have, I guess</span><br />
<span class="irc-date">[14:52]</span> <span class="irc-black">&lt;nitam|work&gt; and its true - for a lot of people Samsung is the only way to go. And I'm fine with those people prefering Samsung ROMs - dissing CM7 is what bothers me. They have different goals.</span><br />
<span class="irc-date">[14:52]</span> <span class="irc-black">&lt;UberPinguin&gt; ooc, are any of the SGS phones using PREEMPT in their .35 kernels?</span><br />
<span class="irc-date">[14:52]</span> <span class="irc-black">&lt;mikebeecham&gt; mnita|work, absolutely</span><br />
<span class="irc-date">[14:52]</span> <span class="irc-black">&lt;nitam|work&gt; our goal is to have a working, open source, AOSP running on SGS phones.</span><br />
<span class="irc-date">[14:52]</span> <span class="irc-black">&lt;Kaik541&gt; kang, GPS works fine for the devices that it actually starts on... Vibrant uses different GPS hardware than any other SGS</span><br />
<span class="irc-date">[14:52]</span> <span class="irc-black">&lt;mikebeecham&gt; can people go from Cm7 to JVK and back to CM7 easily? Can people try it to see what is good / bad about both?</span><br />
<span class="irc-date">[14:53]</span> <span class="irc-black">&lt;Kaik541&gt; mikebeecham, it's the exact same process as before</span><br />
<span class="irc-date">[14:53]</span> <span class="irc-black">&lt;nitam|work&gt; mikebeecham: sure. flash back to stock, with repartition and go on from there to install JVK.</span><br />
<span class="irc-date">[14:53]</span> <span class="irc-black">&lt;mikebeecham&gt; cool, then if people have issues then we can push them to JVK and then go "see!"</span><br />
<span class="irc-date">[14:53]</span> <span class="irc-black">&lt;kang&gt; Kaik541: alright^^</span><br />
<span class="irc-date">[14:53]</span> <span class="irc-black">&lt;nitam|work&gt; its the same method as everything</span><br />
<span class="irc-date">[14:54]</span> <span class="irc-black">&lt;kang&gt; flashing samsung and cm7 back is a slight pain tho..</span><br />
<span class="irc-date">[14:54]</span> <span class="irc-black">&lt;Wout`&gt; mnita|work: samsung's opensource stance and coding style is indeed laughable</span><br />
<span class="irc-date">[14:54]</span> <span class="irc-black">&lt;Wout`&gt; kang: JVK had new bootloaders, so when switching you need to choose the right packages</span><br />
<span class="irc-date">[14:54]</span> <span class="irc-black">&lt;dasunsrule32&gt; kang: it's as simple as odin or heimdall to go back</span><br />
<span class="irc-date">[14:55]</span> <span class="irc-black">&lt;dasunsrule32&gt; Wout`: isn't the new bootloader signed 2.3.3 from samsung?</span><br />
<span class="irc-date">[14:55]</span> <span class="irc-black">&lt;Wout`&gt; signed?</span><br />
<span class="irc-date">[14:55]</span> <span class="irc-black">&lt;dasunsrule32&gt; or was that just the tab</span><br />
<span class="irc-date">[14:55]</span> <span class="irc-black">&lt;Wout`&gt; just the tab</span><br />
<span class="irc-date">[14:55]</span> <span class="irc-black">&lt;dasunsrule32&gt; ok</span><br />
<span class="irc-date">[14:55]</span> <span class="irc-black">&lt;Wout`&gt; this one changes some things regarding sd mounting and framebuffer</span><br />
<span class="irc-date">[14:55]</span> <span class="irc-black">&lt;kang&gt; yeah u gotta change bootldr, switch kernels a couple of times, go into recovery tec</span><br />
<span class="irc-date">[14:55]</span> <span class="irc-black">&lt;dasunsrule32&gt; couldn't remember</span><br />
<span class="irc-date">[14:55]</span> <span class="irc-black">&lt;kang&gt; etc*</span><br />
<span class="irc-date">[14:55]</span> <span class="irc-black">&lt;kang&gt; =sux lol</span><br />
<span class="irc-date">[14:56]</span> <span class="irc-black">&lt;dasunsrule32&gt; kang: well, people shouldn't be flashing it :p</span><br />
<span class="irc-date">[14:56]</span> <span class="irc-black">&lt;Kaik541&gt; oh also I noticed that</span><br />
<span class="irc-date">[14:56]</span> <span class="irc-black">&lt;Kaik541&gt; I saw a video of 2.3.3. and the sd card mounting looks different</span><br />
<span class="irc-date">[14:56]</span> <span class="irc-black">&lt;Zilch25&gt; I think the one thing we can agree on is that the end user will never agree with another end user</span><br />
<span class="irc-date">[14:56]</span> <span class="irc-black">&lt;mikebeecham&gt; Zilch25, yup</span><br />
<span class="irc-date">[14:56]</span> <span class="irc-black">&lt;Kaik541&gt; the internal is called "USB storage" or soemthing</span><br />
<span class="irc-date">[14:56]</span> <span class="irc-black">&lt;nitam|work&gt; are they signing bootloaders now?</span><br />
<span class="irc-date">[14:56]</span> <span class="irc-black">&lt;dasunsrule32&gt; I agree...to disagree...to disagree...to agreee</span><br />
<span class="irc-date">[14:56]</span> <span class="irc-black">&lt;Wout`&gt; no</span><br />
<span class="irc-date">[14:56]</span> <span class="irc-black">&lt;Kaik541&gt; and the external is just titled "external"</span><br />
<span class="irc-date">[14:57]</span> <span class="irc-black">&lt;Wout`&gt; thats right Kaik541</span><br />
<span class="irc-date">[14:57]</span> <span class="irc-black">&lt;Kaik541&gt; external is just titled "SD Card"*</span><br />
<span class="irc-date">[14:57]</span> <span class="irc-black">&lt;Zilch25&gt; they'll all want different things both aesthetically and functionally and will see any ROM that doesn't include everything "their way" is bad</span><br />
<span class="irc-date">[14:57]</span> <span class="irc-black">&lt;Wout`&gt; internal sd is USB Storage, only formatable from settings, not unmountable</span><br />
<span class="irc-date">[14:57]</span> <span class="irc-black">&lt;dasunsrule32&gt; mnita|work: yea, on the tab, I wasn't sure if they started on teh phones yet</span><br />
<span class="irc-date">[14:57]</span> <span class="irc-black">&lt;Wout`&gt; external SD is formattable and unmountable</span><br />
<span class="irc-date">[14:57]</span> <span class="irc-black">&lt;nitam|work&gt; funny . . . we just added the options to format and unmount internal :)</span><br />
<span class="irc-date">[14:57]</span> <span class="irc-black">&lt;nitam|work&gt; and external</span><br />
<span class="irc-date">[14:58]</span> <span class="irc-black">&lt;nitam|work&gt; well, its not merged</span><br />
<span class="irc-date">[14:58]</span> <span class="irc-black">&lt;Wout`&gt; i know, but why would you unmount internal?</span><br />
<span class="irc-date">[14:58]</span> <span class="irc-black">&lt;nitam|work&gt; to format it ;)</span><br />
<span class="irc-date">[14:58]</span> <span class="irc-black">&lt;dasunsrule32&gt; mnita|work: when will that get merged?</span><br />
<span class="irc-date">[14:58]</span> <span class="irc-black">&lt;nitam|work&gt; dasunsrule32: dunno. waiting on upstream acceptance, which isn't happening. I think we'll do something ourselves that reverts some of the changes and pulls in others.</span><br />
<span class="irc-date">[14:58]</span> <span class="irc-black">&lt;dasunsrule32&gt; ah</span><br />
<span class="irc-date">[14:58]</span> <span class="irc-black">&lt;mikebeecham&gt; Zilch25, but I think we can agree that the basic functionality of all the hardware is a must</span><br />
<span class="irc-date">[14:59]</span> <span class="irc-black">&lt;mikebeecham&gt; cameras, recording, gps, etc</span><br />
<span class="irc-date">[14:59]</span> <span class="irc-black">&lt;mikebeecham&gt; all should work on both Samsung and CM7</span><br />
<span class="irc-date">[14:59]</span> <span class="irc-black">&lt;nitam|work&gt; and then resubmit. tho now that I basically threw out the guy who did that work and no one is paying attention to his stuff on CM, we might have to do it again ourselves.</span><br />
<span class="irc-date">[14:59]</span> <span class="irc-black">&lt;nitam|work&gt; pain in the ass.</span><br />
<span class="irc-date">[14:59]</span> <span class="irc-black">&lt;Wout`&gt; hehe</span><br />
<span class="irc-date">[14:59]</span> <span class="irc-black">&lt;dasunsrule32&gt; lol</span><br />
<span class="irc-date">[14:59]</span> <span class="irc-black">&lt;dasunsrule32&gt; I saw that</span><br />
<span class="irc-date">[14:59]</span> <span class="irc-black">&lt;Zilch25&gt; agreed, but cm7 is a work in progress, to expect it to be 100% already is unreasonable</span><br />
