<span class="irc-date">[0:02]</span> <span class="irc-green">* Yangtse (~Yangtse@117.136.5.71) has joined this channel.</span><br />
<span class="irc-date">[0:03]</span> <span class="irc-black">&lt;stickpin&gt; flashed latest git... no buttons... :))</span><br />
<span class="irc-date">[0:07]</span> <span class="irc-black">&lt;stickpin&gt; and now.................</span><br />
<span class="irc-date">[0:08]</span> <span class="irc-black">&lt;stickpin&gt; flashed back to 2.3.2... buttons back!!! :p</span><br />
<span class="irc-date">[0:10]</span> <span class="irc-navy">* kalpik (~kalpik@unaffiliated/kalpik) Quit (Ping timeout: 240 seconds)</span><br />
<span class="irc-date">[0:14]</span> <span class="irc-black">&lt;stickpin&gt; btw... something wrong with a touchscreen with latest git too...</span><br />
<span class="irc-date">[0:24]</span> <span class="irc-green">* kalpik (~kalpik@unaffiliated/kalpik) has joined this channel.</span><br />
<span class="irc-date">[0:49]</span> <span class="irc-navy">* stickpin (~stickpin@84.94.109.203.cable.012.net.il) Quit (Ping timeout: 260 seconds)</span><br />
<span class="irc-date">[0:52]</span> <span class="irc-navy">* ytt3r (~evan@adsl-88-56-225.asm.bellsouth.net) Quit (Read error: Connection reset by peer)</span><br />
<span class="irc-date">[0:54]</span> <span class="irc-navy">* freat (~ron@c-98-216-38-131.hsd1.ma.comcast.net) Quit (Remote host closed the connection)</span><br />
<span class="irc-date">[1:03]</span> <span class="irc-navy">* dalingrin (~erik@173.218.151.241) Quit (Remote host closed the connection)</span><br />
<span class="irc-date">[1:04]</span> <span class="irc-navy">* Yangtse (~Yangtse@117.136.5.71) Quit (Quit: Bye)</span><br />
<span class="irc-date">[1:10]</span> <span class="irc-green">* atinm (~atin@unaffiliated/atinm) has joined this channel.</span><br />
<span class="irc-date">[1:10]</span> <span class="irc-green">* ChanServ sets mode +o atinm</span><br />
<span class="irc-date">[1:10]</span> <span class="irc-black">&lt;atinm&gt; good? bad? ugly?</span><br />
<span class="irc-date">[1:11]</span> <span class="irc-black">&lt;atinm&gt; (whoee whoee whooo . . . ta te tuh . . .)</span><br />
<span class="irc-date">[1:11]</span> <span class="irc-black">&lt;atinm&gt; (sorry - "the good, the bad and the ugly", one of my favorite clint eastwood movies)</span><br />
<span class="irc-date">[1:12]</span> <span class="irc-black">&lt;atinm&gt; but any progress on the touchkey crap?</span><br />
<span class="irc-date">[1:21]</span> <span class="irc-black">&lt;techmik67&gt; wow, youy guys are work animals.... i keep repo syncing every 15-30 minutes, and there are many commits every time.....</span><br />
<span class="irc-date">[1:27]</span> <span class="irc-green">* ciwrl|away is now known as ciwrl</span><br />
<span class="irc-date">[1:33]</span> <span class="irc-black">&lt;Unhelpful&gt; techmik67: quit clogging the tubes. ;)</span><br />
<span class="irc-date">[1:33]</span> <span class="irc-black">&lt;techmik67&gt; lol</span><br />
<span class="irc-date">[1:33]</span> <span class="irc-black">&lt;techmik67&gt; repo sync -ju230.... done in 5 seconds... (kidding)</span><br />
<span class="irc-date">[1:34]</span> <span class="irc-black">&lt;techmik67&gt; -j1000</span><br />
<span class="irc-date">[1:36]</span> <span class="irc-green">* ytt3r (~evan@adsl-88-56-225.asm.bellsouth.net) has joined this channel.</span><br />
<span class="irc-date">[1:36]</span> <span class="irc-black">&lt;Unhelpful&gt; -jOVERNINETHOUSAND :P</span><br />
<span class="irc-date">[1:38]</span> <span class="irc-black">&lt;techmik67&gt; =P</span><br />
<span class="irc-date">[1:38]</span> <span class="irc-green">* kudakeru (~jakemckni@71-32-93-243.tukw.qwest.net) has joined this channel.</span><br />
<span class="irc-date">[1:40]</span> <span class="irc-green">* ryantzor (4cb5fc6f@gateway/web/freenode/ip.76.181.252.111) has joined this channel.</span><br />
<span class="irc-date">[1:40]</span> <span class="irc-black">&lt;Unhelpful&gt; oh neat, i *can* mount ubi devices by name instead of device path :D</span><br />
<span class="irc-date">[1:44]</span> <span class="irc-black">&lt;ryantzor&gt; hey anyone working with the epic in here</span><br />
<span class="irc-date">[1:56]</span> <span class="irc-black">&lt;atinm&gt; me, I'm going to bed</span><br />
<span class="irc-date">[1:56]</span> <span class="irc-black">&lt;atinm&gt; well, going to read in bed.</span><br />
<span class="irc-date">[1:57]</span> <span class="irc-black">&lt;atinm&gt; tough day overall - work, android .. .</span><br />
<span class="irc-date">[1:57]</span> <span class="irc-green">* atinm is now known as atinm|night</span><br />
<span class="irc-date">[1:58]</span> <span class="irc-green">* KaikHole (~Rawr@cpe-66-68-164-213.austin.res.rr.com) has joined this channel.</span><br />
<span class="irc-date">[1:58]</span> <span class="irc-navy">* Kaik541 (~Rawr@cpe-66-68-164-213.austin.res.rr.com) Quit (Read error: Connection reset by peer)</span><br />
<span class="irc-date">[1:58]</span> <span class="irc-green">* KaikHole is now known as Kaik541</span><br />
<span class="irc-date">[1:59]</span> <span class="irc-green">* freat (~ron@c-98-216-38-131.hsd1.ma.comcast.net) has joined this channel.</span><br />
<span class="irc-date">[1:59]</span> <span class="irc-green">* ryantzor (4cb5fc6f@gateway/web/freenode/ip.76.181.252.111) has left this channel.</span><br />
<span class="irc-date">[2:02]</span> <span class="irc-navy">* ytt3r (~evan@adsl-88-56-225.asm.bellsouth.net) Quit (Quit: Leaving)</span><br />
<span class="irc-date">[2:12]</span> <span class="irc-green">* KaikHole (~Rawr@cpe-66-68-164-213.austin.res.rr.com) has joined this channel.</span><br />
<span class="irc-date">[2:13]</span> <span class="irc-navy">* Kaik541 (~Rawr@cpe-66-68-164-213.austin.res.rr.com) Quit (Disconnected by services)</span><br />
<span class="irc-date">[2:13]</span> <span class="irc-green">* KaikHole is now known as Kaik541</span><br />
<span class="irc-date">[2:52]</span> <span class="irc-green">* uberushaximus (~uberushax@71-13-134-35.dhcp.ftbg.wi.charter.com) has joined this channel.</span><br />
<span class="irc-date">[2:56]</span> <span class="irc-green">* mxracer (~me@adsl-21-151-116.clt.bellsouth.net) has joined this channel.</span><br />
<span class="irc-date">[3:01]</span> <span class="irc-green">* ytt3r (~evan@adsl-88-56-225.asm.bellsouth.net) has joined this channel.</span><br />
<span class="irc-date">[3:04]</span> <span class="irc-black">&lt;uberushaximus&gt; <a href="https://github.com/uberushaximus/android_kernel_samsung/commits/android-samsung-2.6.35">https://github.com/uberushaximus/android_kernel_samsung/commits/android-samsung-2.6.35</a></span><br />
<span class="irc-date">[3:04]</span> <span class="irc-black">&lt;uberushaximus&gt; dunno if this helps you guys still</span><br />
<span class="irc-date">[3:06]</span> <span class="irc-black">&lt;Kaik541&gt; oh wow, uber... that could be incredibly useful</span><br />
<span class="irc-date">[3:13]</span> <span class="irc-green">* KaikHole (~Rawr@cpe-66-68-164-213.austin.res.rr.com) has joined this channel.</span><br />
<span class="irc-date">[3:13]</span> <span class="irc-navy">* Kaik541 (~Rawr@cpe-66-68-164-213.austin.res.rr.com) Quit (Disconnected by services)</span><br />
<span class="irc-date">[3:13]</span> <span class="irc-green">* KaikHole is now known as Kaik541</span><br />
<span class="irc-date">[3:41]</span> <span class="irc-black">&lt;uberushaximus&gt; have there been any other firmware updates in any of the source drops?</span><br />
<span class="irc-date">[3:44]</span> <span class="irc-navy">* Kaik541 (~Rawr@cpe-66-68-164-213.austin.res.rr.com) Quit (Ping timeout: 252 seconds)</span><br />
<span class="irc-date">[4:15]</span> <span class="irc-green">* gdanko (~gdanko@99-33-178-151.lightspeed.simica.sbcglobal.net) has joined this channel.</span><br />
<span class="irc-date">[4:19]</span> <span class="irc-navy">* designfears (~df@cpe-184-57-163-79.cinci.res.rr.com) Quit (Quit: Leaving)</span><br />
<span class="irc-date">[4:24]</span> <span class="irc-navy">* gdanko (~gdanko@99-33-178-151.lightspeed.simica.sbcglobal.net) Quit (Quit: Computer has gone to sleep)</span><br />
<span class="irc-date">[4:30]</span> <span class="irc-green">* ciwrl is now known as ciwrl|bbl</span><br />
<span class="irc-date">[4:39]</span> <span class="irc-black">&lt;rhcp&gt; we need a .35 or .32 kernel for nook color</span><br />
<span class="irc-date">[4:39]</span> <span class="irc-black">&lt;rhcp&gt; :P</span><br />
<span class="irc-date">[4:45]</span> <span class="irc-black">&lt;Unhelpful&gt; so make one? :)</span><br />
<span class="irc-date">[5:08]</span> <span class="irc-green">* uberushax (~uberushax@2001:470:1f11:c4c:b607:f9ff:fe03:f050) has joined this channel.</span><br />
<span class="irc-date">[5:24]</span> <span class="irc-green">* dasunsrule32 (~quassel@christiantechsaz.com) has joined this channel.</span><br />
<span class="irc-date">[5:26]</span> <span class="irc-black">&lt;dasunsrule32&gt; Haven't been following much lately (Jury duty), did the touchkey firmware get pulled from the vibrant tree?</span><br />
<span class="irc-date">[5:26]</span> <span class="irc-black">&lt;dasunsrule32&gt; Wanted to build...</span><br />
<span class="irc-date">[5:26]</span> <span class="irc-black">&lt;dasunsrule32&gt; :)</span><br />
<span class="irc-date">[5:27]</span> <span class="irc-brick">* Unhelpful finds out that the build system already outputs gzipped cpio of recovery :D</span><br />
<span class="irc-date">[5:28]</span> <span class="irc-brick">* dasunsrule32 hola</span><br />
<span class="irc-date">[5:29]</span> <span class="irc-brick">* dasunsrule32 loves cm7 on my vibrant, even if it's half-broken...da best...missed it for the last 7 months</span><br />
<span class="irc-date">[5:30]</span> <span class="irc-navy">* dasunsrule32 (~quassel@christiantechsaz.com) Quit (Remote host closed the connection)</span><br />
<span class="irc-date">[5:31]</span> <span class="irc-green">* dasunsrule32 (~quassel@christiantechsaz.com) has joined this channel.</span><br />
<span class="irc-date">[5:39]</span> <span class="irc-navy">* freat (~ron@c-98-216-38-131.hsd1.ma.comcast.net) Quit (Quit: leaving)</span><br />
<span class="irc-date">[5:40]</span> <span class="irc-green">* Yangtse (~Yangtse@117.136.5.71) has joined this channel.</span><br />
<span class="irc-date">[5:41]</span> <span class="irc-green">* freat (~ron@c-98-216-38-131.hsd1.ma.comcast.net) has joined this channel.</span><br />
<span class="irc-date">[5:55]</span> <span class="irc-black">&lt;TCMAN-dmg&gt; hey, do you guys see any errors when creating media database in 2.3.3?</span><br />
<span class="irc-date">[5:56]</span> <span class="irc-black">&lt;TCMAN-dmg&gt; it looks like db schema has changed and the insert fails</span><br />
<span class="irc-date">[5:56]</span> <span class="irc-black">&lt;Yangtse&gt; where is 2.3.3?</span><br />
<span class="irc-date">[5:58]</span> <span class="irc-black">&lt;Yangtse&gt; all on xwjv1?</span><br />
<span class="irc-date">[5:59]</span> <span class="irc-navy">* kalpik (~kalpik@unaffiliated/kalpik) Quit (Ping timeout: 260 seconds)</span><br />
<span class="irc-date">[6:05]</span> <span class="irc-black">&lt;TCMAN-dmg&gt; hmm, i think recent AOSP pull into media provider fixed it, so i just need to recompile</span><br />
<span class="irc-date">[6:06]</span> <span class="irc-black">&lt;Unhelpful&gt; are there other targets that build their kernels via the build system? and how do they do it?</span><br />
<span class="irc-date">[6:07]</span> <span class="irc-black">&lt;TCMAN-dmg&gt; do you guys know where are the .32 sources codeworkx got this radio code from? <a href="https://github.com/uberushaximus/android_kernel_samsung/commit/6d0f47cae3eb406d334343f4f6e2d93c89736782">https://github.com/uberushaximus/android_kernel_samsung/commit/6d0f47cae3eb406d334343f4f6e2d93c89736782</a></span><br />
<span class="irc-date">[6:12]</span> <span class="irc-navy">* uberushax (~uberushax@2001:470:1f11:c4c:b607:f9ff:fe03:f050) Quit (Ping timeout: 272 seconds)</span><br />
<span class="irc-date">[6:15]</span> <span class="irc-green">* kalpik (~kalpik@unaffiliated/kalpik) has joined this channel.</span><br />
<span class="irc-date">[6:16]</span> <span class="irc-navy">* dasunsrule32 (~quassel@christiantechsaz.com) Quit (Quit: Going into the abyss....)</span><br />
<span class="irc-date">[6:18]</span> <span class="irc-navy">* Yangtse (~Yangtse@117.136.5.71) Quit (Quit: Bye)</span><br />
<span class="irc-date">[6:21]</span> <span class="irc-navy">* techmik_laptop (~techmik@c-76-109-173-83.hsd1.fl.comcast.net) Quit (Quit: Konversation terminated!)</span><br />
<span class="irc-date">[6:22]</span> <span class="irc-green">* Yangtse (~Yangtse@117.136.5.65) has joined this channel.</span><br />
<span class="irc-date">[6:22]</span> <span class="irc-green">* techmik_laptop (~techmik@c-76-109-173-83.hsd1.fl.comcast.net) has joined this channel.</span><br />
<span class="irc-date">[6:22]</span> <span class="irc-green">* stickpin (~stickpin@84.94.109.203.cable.012.net.il) has joined this channel.</span><br />
<span class="irc-date">[6:24]</span> <span class="irc-black">&lt;stickpin&gt; good morning all...</span><br />
<span class="irc-date">[6:24]</span> <span class="irc-black">&lt;stickpin&gt; so, any luck with touch buttons? :)</span><br />
<span class="irc-date">[6:25]</span> <span class="irc-black">&lt;Unhelpful&gt; no luck w/ merging kernel build into the rest of the build system :/</span><br />
<span class="irc-date">[6:25]</span> <span class="irc-black">&lt;Unhelpful&gt; well, *some* luck, i think we can ditch the initramfs repo, i can get the build system to produce a good initramfs. :)</span><br />
<span class="irc-date">[6:26]</span> <span class="irc-black">&lt;stickpin&gt; Unhelpful, you know if coolya got his vibrant buttons back?</span><br />
<span class="irc-date">[6:26]</span> <span class="irc-black">&lt;Unhelpful&gt; sure don't. :)</span><br />
<span class="irc-date">[6:26]</span> <span class="irc-black">&lt;stickpin&gt; sure don't?</span><br />
<span class="irc-date">[6:27]</span> <span class="irc-black">&lt;Unhelpful&gt; i sure don't know. :)</span><br />
<span class="irc-date">[6:29]</span> <span class="irc-black">&lt;stickpin&gt; intresting what changed in 2.3.3 that messing touch buttons...</span><br />
<span class="irc-date">[6:31]</span> <span class="irc-green">* evaluate (~cristi@unaffiliated/evaluate) has joined this channel.</span><br />
<span class="irc-date">[6:32]</span> <span class="irc-black">&lt;evaluate&gt; morning everyone</span><br />
<span class="irc-date">[6:32]</span> <span class="irc-black">&lt;stickpin&gt; gmorning evaluate</span><br />
<span class="irc-date">[6:50]</span> <span class="irc-green">* coolya|away is now known as coolya</span><br />
<span class="irc-date">[6:52]</span> <span class="irc-black">&lt;coolya&gt; stickpin: a new firmware ... that killed my button controller</span><br />
<span class="irc-date">[6:53]</span> <span class="irc-black">&lt;Unhelpful&gt; coolya: any idea how you might unstick it?</span><br />
<span class="irc-date">[6:54]</span> <span class="irc-black">&lt;coolya&gt; i will diable alle the security checks this evening because it failed when it check if a part of the firware was writte correctly</span><br />
<span class="irc-date">[6:54]</span> <span class="irc-black">&lt;coolya&gt; an hope that it will work</span><br />
<span class="irc-date">[6:54]</span> <span class="irc-black">&lt;coolya&gt; because it canceled flashing, as it thought something was going wrong</span><br />
<span class="irc-date">[6:54]</span> <span class="irc-black">&lt;Unhelpful&gt; ah. so you're hoping a complete reflash will fix it?</span><br />
<span class="irc-date">[6:54]</span> <span class="irc-black">&lt;coolya&gt; but i will revert the complete driver to our old one right now</span><br />
<span class="irc-date">[6:55]</span> <span class="irc-black">&lt;coolya&gt; hopefully</span><br />
<span class="irc-date">[6:55]</span> <span class="irc-black">&lt;stickpin&gt; coolya i can check if my controller is updated?</span><br />
<span class="irc-date">[6:55]</span> <span class="irc-black">&lt;coolya&gt; if it is working its all good</span><br />
<span class="irc-date">[6:55]</span> <span class="irc-black">&lt;Unhelpful&gt; do you have any idea how kernel builds are handled for other targets? i can get the build system to build an initramfs for captivate, but can't figure out how to integrate building a kernel w/ that initramfs to incorporate into the ota package.</span><br />
<span class="irc-date">[6:56]</span> <span class="irc-black">&lt;coolya&gt; codeworkx is the python master who wrote the release tools scripts that hook into the build system</span><br />
<span class="irc-date">[6:56]</span> <span class="irc-brick">* coolya hates python :-D</span><br />
<span class="irc-date">[6:57]</span> <span class="irc-navy">* techmik_laptop (~techmik@c-76-109-173-83.hsd1.fl.comcast.net) Quit (Remote host closed the connection)</span><br />
<span class="irc-date">[6:58]</span> <span class="irc-black">&lt;Unhelpful&gt; i was more asking if you knew if there was any standard AOSP or CM method for building kernels as part of the release :/</span><br />
<span class="irc-date">[6:58]</span> <span class="irc-black">&lt;coolya&gt; nope</span><br />
<span class="irc-date">[6:58]</span> <span class="irc-black">&lt;coolya&gt; but androidX86 has one</span><br />
<span class="irc-date">[6:58]</span> <span class="irc-green">* techmik_laptop (~techmik@c-76-109-173-83.hsd1.fl.comcast.net) has joined this channel.</span><br />
<span class="irc-date">[6:59]</span> <span class="irc-black">&lt;coolya&gt; the created a kernel.mk to build the kernel as part of the normal build process</span><br />
<span class="irc-date">[6:59]</span> <span class="irc-green">* teamhacksung (~teamhacks@sh1-ext.rs.github.com) has joined this channel.</span><br />
<span class="irc-date">[6:59]</span> <span class="irc-black">&lt;teamhacksung&gt; android_kernel_samsung: android-samsung-2.6.35 Kolja Dummann * ece6245 (1 files in 1 dirs): cypress: back to good old driver - <a href="http://bit.ly/gk6PVe">http://bit.ly/gk6PVe</a></span><br />
<span class="irc-date">[6:59]</span> <span class="irc-green">* teamhacksung (~teamhacks@sh1-ext.rs.github.com) has left this channel.</span><br />
<span class="irc-date">[7:00]</span> <span class="irc-black">&lt;Unhelpful&gt; huh. i hope it's not some horror like the .mk files we have that replace other imported projects' normal build files :/</span><br />
<span class="irc-date">[7:02]</span> <span class="irc-green">* Kaik541 (~Rawr@cpe-66-68-164-213.austin.res.rr.com) has joined this channel.</span><br />
<span class="irc-date">[7:04]</span> <span class="irc-black">&lt;stickpin&gt; hmmm... with old driver buttons should work right?</span><br />
<span class="irc-date">[7:04]</span> <span class="irc-black">&lt;coolya&gt; yep</span><br />
<span class="irc-date">[7:04]</span> <span class="irc-black">&lt;stickpin&gt; building now... will see...</span><br />
<span class="irc-date">[7:05]</span> <span class="irc-black">&lt;Unhelpful&gt; unless your button firmware was hosed. :)</span><br />
<span class="irc-date">[7:05]</span> <span class="irc-black">&lt;stickpin&gt; i think mine updated...</span><br />
<span class="irc-date">[7:05]</span> <span class="irc-black">&lt;stickpin&gt; im not sure...</span><br />
<span class="irc-date">[7:06]</span> <span class="irc-black">&lt;stickpin&gt; dunno how to check it...</span><br />
<span class="irc-date">[7:06]</span> <span class="irc-black">&lt;Kaik541&gt; so coolya is your vibrant now hosed or what?</span><br />
<span class="irc-date">[7:06]</span> <span class="irc-black">&lt;coolya&gt; looks like</span><br />
<span class="irc-date">[7:07]</span> <span class="irc-black">&lt;Kaik541&gt; :(</span><br />
<span class="irc-date">[7:07]</span> <span class="irc-black">&lt;coolya&gt; back to GT-I9000 for today, need to go to work now</span><br />
<span class="irc-date">[7:07]</span> <span class="irc-black">&lt;stickpin&gt; coolya any command that can show me touchkeys firmware?</span><br />
<span class="irc-date">[7:08]</span> <span class="irc-black">&lt;coolya&gt; if it working all is fine</span><br />
<span class="irc-date">[7:09]</span> <span class="irc-navy">* thedood (~thedood@got.kanged.by.teamdouche.net) Quit (Remote host closed the connection)</span><br />
<span class="irc-date">[7:15]</span> <span class="irc-green">* coolya is now known as coolya|away</span><br />
<span class="irc-date">[7:16]</span> <span class="irc-black">&lt;evaluate&gt; btw</span><br />
<span class="irc-date">[7:16]</span> <span class="irc-black">&lt;evaluate&gt; were the touch buttons not working at all with the new firmware or were they just not mapped properly?</span><br />
<span class="irc-date">[7:17]</span> <span class="irc-black">&lt;Kaik541&gt; there was an update to the touchkey firmware from the crespo (nexus s) that isn't exactly compatible with our phones it seems</span><br />
<span class="irc-date">[7:18]</span> <span class="irc-black">&lt;Unhelpful&gt; stickpin: don't assume that there *is* a "dump firmware" command ;)</span><br />
<span class="irc-date">[7:18]</span> <span class="irc-black">&lt;Kaik541&gt; I believed codeworkx was able to put it on his i9000 and go back to the old one, but not the vibrant</span><br />
<span class="irc-date">[7:18]</span> <span class="irc-black">&lt;evaluate&gt; Kaik541, that doesn't answer my question though :-p</span><br />
<span class="irc-date">[7:18]</span> <span class="irc-black">&lt;evaluate&gt; were the buttons not working AT ALL, or were they just not mapped properly...</span><br />
<span class="irc-date">[7:19]</span> <span class="irc-black">&lt;Kaik541&gt; well your buttons were "inside" the screen</span><br />
<span class="irc-date">[7:19]</span> <span class="irc-black">&lt;Kaik541&gt; so that's kind of a bug</span><br />
<span class="irc-date">[7:19]</span> <span class="irc-black">&lt;evaluate&gt; ohh</span><br />
<span class="irc-date">[7:19]</span> <span class="irc-black">&lt;Kaik541&gt; they were mapped properly in terms of purpose, but not in terms of location</span><br />
<span class="irc-date">[7:19]</span> <span class="irc-black">&lt;evaluate&gt; I see</span><br />
<span class="irc-date">[7:20]</span> <span class="irc-black">&lt;evaluate&gt; and were there any benefits of this FW over what we have one?</span><br />
<span class="irc-date">[7:20]</span> <span class="irc-black">&lt;evaluate&gt; s/one/now/</span><br />
<span class="irc-date">[7:21]</span> <span class="irc-black">&lt;Kaik541&gt; I don't think it's known... it was meant for the nexus s to improve sensitivity from what I hear... supercurio's back button started working properly because of it</span><br />
<span class="irc-date">[7:21]</span> <span class="irc-black">&lt;Kaik541&gt; that's about all I've heard from it</span><br />
<span class="irc-date">[7:22]</span> <span class="irc-black">&lt;evaluate&gt; uhum</span><br />
<span class="irc-date">[7:22]</span> <span class="irc-black">&lt;Unhelpful&gt; hah, my back button *already* woks.</span><br />
<span class="irc-date">[7:23]</span> <span class="irc-black">&lt;Unhelpful&gt; my "r" doesn't, though.</span><br />
<span class="irc-date">[7:23]</span> <span class="irc-black">&lt;evaluate&gt; "r"?</span><br />
<span class="irc-date">[7:27]</span> <span class="irc-black">&lt;evaluate&gt; did anyone try the voodoo sound that uberushaximus submitted last night?</span><br />
<span class="irc-date">[7:27]</span> <span class="irc-black">&lt;Kaik541&gt; I've been running it for a while</span><br />
<span class="irc-date">[7:27]</span> <span class="irc-black">&lt;Kaik541&gt; works nicely combined with DSP manager</span><br />
<span class="irc-date">[7:27]</span> <span class="irc-black">&lt;evaluate&gt; I'm not sure if the voodoo sound is only related to headphones or not, but I have a strange buzzing in the earpiece on every phone call</span><br />
<span class="irc-date">[7:28]</span> <span class="irc-black">&lt;Kaik541&gt; headphones only</span><br />
<span class="irc-date">[7:28]</span> <span class="irc-black">&lt;evaluate&gt; ohh, snap</span><br />
<span class="irc-date">[7:29]</span> <span class="irc-black">&lt;evaluate&gt; ohh, right. DSP. might try that...</span><br />
<span class="irc-date">[7:29]</span> <span class="irc-black">&lt;evaluate&gt; does DSP also affect the earpiece or only the speaker?</span><br />
<span class="irc-date">[7:30]</span> <span class="irc-black">&lt;Kaik541&gt; DSP has multiple profiles</span><br />
<span class="irc-date">[7:33]</span> <span class="irc-black">&lt;evaluate&gt; yeah, noticed that. Amongst those is also one that is called "Phone speaker". I was curios if that also affects the earpiece or if it only affects the rear speaker...</span><br />
<span class="irc-date">[7:35]</span> <span class="irc-black">&lt;Kaik541&gt; not sure, I only fiddle with the headset settings</span><br />
<span class="irc-date">[7:36]</span> <span class="irc-black">&lt;evaluate&gt; could someone here that's running the latest version look in "Settings" -&gt; "About Phone" -&gt; "Battery Use" -&gt; upper graph tap</span><br />
<span class="irc-date">[7:36]</span> <span class="irc-black">&lt;Kaik541&gt; what do youw ant to see?</span><br />
<span class="irc-date">[7:37]</span> <span class="irc-black">&lt;evaluate&gt; I'm curios what you guys have in the "Awake" column</span><br />
<span class="irc-date">[7:37]</span> <span class="irc-black">&lt;evaluate&gt; mine looks really f*cked up</span><br />
<span class="irc-date">[7:37]</span> <span class="irc-black">&lt;Kaik541&gt; I really enjoy the graph, btw</span><br />
<span class="irc-date">[7:38]</span> <span class="irc-black">&lt;evaluate&gt; yeah, me 2. I just don't enjoy the fact that it looks f*cked up, lol</span><br />
<span class="irc-date">[7:38]</span> <span class="irc-black">&lt;evaluate&gt; let me make a screenshot real quick</span><br />
<span class="irc-date">[7:39]</span> <span class="irc-black">&lt;Kaik541&gt; <a href="https://dl.dropbox.com/u/10640272/snap20110302_013800.png">https://dl.dropbox.com/u/10640272/snap20110302_013800.png</a></span><br />
<span class="irc-date">[7:40]</span> <span class="irc-black">&lt;evaluate&gt; that doesn't look good either, but not as bad as mine</span><br />
<span class="irc-date">[7:40]</span> <span class="irc-black">&lt;Kaik541&gt; what's yours look like</span><br />
<span class="irc-date">[7:40]</span> <span class="irc-black">&lt;evaluate&gt; just a sec</span><br />
<span class="irc-date">[7:41]</span> <span class="irc-black">&lt;Kaik541&gt; I'm pretty sure a lot of my "awake" are widget relate</span><br />
<span class="irc-date">[7:41]</span> <span class="irc-black">&lt;Kaik541&gt; but some of them are a bit much</span><br />
<span class="irc-date">[7:42]</span> <span class="irc-black">&lt;evaluate&gt; <a href="http://dl.dropbox.com/u/9596802/snap20110302_093904.png">http://dl.dropbox.com/u/9596802/snap20110302_093904.png</a> and <a href="http://dl.dropbox.com/u/9596802/snap20110302_093911.png">http://dl.dropbox.com/u/9596802/snap20110302_093911.png</a></span><br />
<span class="irc-date">[7:42]</span> <span class="irc-black">&lt;Kaik541&gt; jesus</span><br />
<span class="irc-date">[7:43]</span> <span class="irc-black">&lt;evaluate&gt; firstly, why the hell would google maps use 24%? I was sleeping until 2 hours ago, and didn't use google maps since I woke up</span><br />
<span class="irc-date">[7:43]</span> <span class="irc-black">&lt;evaluate&gt; so that's the first thing that's wrong</span><br />
<span class="irc-date">[7:43]</span> <span class="irc-black">&lt;evaluate&gt; and secondly, awake looks really screwed</span><br />
<span class="irc-date">[7:43]</span> <span class="irc-black">&lt;Kaik541&gt; alarm clock at 8% @.@</span><br />
<span class="irc-date">[7:44]</span> <span class="irc-black">&lt;evaluate&gt; Kaik541, I'm a heavy sleeper. Alarm clock rings every 5 minutes for 2 minutes, for an hour</span><br />
<span class="irc-date">[7:44]</span> <span class="irc-black">&lt;evaluate&gt; so I guess that's fine</span><br />
<span class="irc-date">[7:44]</span> <span class="irc-black">&lt;Kaik541&gt; still a lot of awake time</span><br />
<span class="irc-date">[7:45]</span> <span class="irc-black">&lt;Kaik541&gt; though compared to the curve on your graph</span><br />
<span class="irc-date">[7:45]</span> <span class="irc-black">&lt;Kaik541&gt; I'm gonna try disabling wifi, seems to be draining more battery than I thought</span><br />
<span class="irc-date">[7:45]</span> <span class="irc-black">&lt;Kaik541&gt; since it's second in mine, and mine's much steeper</span><br />
<span class="irc-date">[7:46]</span> <span class="irc-black">&lt;evaluate&gt; yup, I forgot wifi enabled yesterday for like half a day. In the evening I had around 5% battery left, lol</span><br />
<span class="irc-date">[7:47]</span> <span class="irc-black">&lt;evaluate&gt; and yeah, the curve was much steeper that it is now...</span><br />
<span class="irc-date">[7:48]</span> <span class="irc-black">&lt;Kaik541&gt; well I'm gonna disable it and see if it  levels out</span><br />
<span class="irc-date">[7:48]</span> <span class="irc-black">&lt;evaluate&gt; it should</span><br />
<span class="irc-date">[7:49]</span> <span class="irc-brick">* evaluate thinks about uninstalling Maps</span><br />
<span class="irc-date">[7:49]</span> <span class="irc-black">&lt;Kaik541&gt; battery life was still liveable though because I've had it on most of the past week</span><br />
<span class="irc-date">[7:49]</span> <span class="irc-black">&lt;evaluate&gt; I've never had good battery life with CM with wifi enabled...</span><br />
<span class="irc-date">[7:49]</span> <span class="irc-black">&lt;Kaik541&gt; then again, I don't know if I ever tried going more than 14 hours without charging (even briefly)</span><br />
<span class="irc-date">[7:50]</span> <span class="irc-black">&lt;evaluate&gt; With the stock firmwares I could leave it on all day and still have 2 days of battery, but this just drains like a MF</span><br />
<span class="irc-date">[7:50]</span> <span class="irc-black">&lt;Kaik541&gt; yeah, same</span><br />
<span class="irc-date">[7:50]</span> <span class="irc-black">&lt;Kaik541&gt; 2 days was about my standard battery life</span><br />
<span class="irc-date">[7:51]</span> <span class="irc-black">&lt;evaluate&gt; yeah, with medium usage. When I was heavy at configuring stuff and keeping the screen on for long periods, I could only go through a day.</span><br />
<span class="irc-date">[7:52]</span> <span class="irc-black">&lt;evaluate&gt; When I had exams, I managed a battery life of 5 days. That was with around 4Hrs of screen on time, like 40-50 voice call minutes, and around 10Hrs of wifi. I was baffled...</span><br />
<span class="irc-date">[7:52]</span> <span class="irc-black">&lt;Unhelpful&gt; ok, so now i know why we're not using ubi already ;)</span><br />
<span class="irc-date">[7:53]</span> <span class="irc-black">&lt;evaluate&gt; Unhelpful, care to share? :-p</span><br />
<span class="irc-date">[7:53]</span> <span class="irc-black">&lt;Unhelpful&gt; it falls over under memory pressure. :)</span><br />
<span class="irc-date">[7:54]</span> <span class="irc-black">&lt;evaluate&gt; But if there's one to sort that, you're it! :-)</span><br />
<span class="irc-date">[7:55]</span> <span class="irc-black">&lt;stickpin&gt; rofl...</span><br />
<span class="irc-date">[7:55]</span> <span class="irc-black">&lt;stickpin&gt; something really really wrong with touchkeys mapping...</span><br />
<span class="irc-date">[7:56]</span> <span class="irc-black">&lt;Unhelpful&gt; no, i'm not an mtd driver developer :P</span><br />
<span class="irc-date">[8:03]</span> <span class="irc-navy">* stickpin (~stickpin@84.94.109.203.cable.012.net.il) Quit (Ping timeout: 272 seconds)</span><br />
<span class="irc-date">[8:17]</span> <span class="irc-navy">* kalpik (~kalpik@unaffiliated/kalpik) Quit (Quit: WeeChat 0.3.4)</span><br />
<span class="irc-date">[8:34]</span> <span class="irc-green">* Wout` (~Wout@s559776f4.adsl.wanadoo.nl) has joined this channel.</span><br />
<span class="irc-date">[8:42]</span> <span class="irc-green">* enl_ (5270c4ce@gateway/web/freenode/ip.82.112.196.206) has joined this channel.</span><br />
<span class="irc-date">[8:55]</span> <span class="irc-navy">* enl_ (5270c4ce@gateway/web/freenode/ip.82.112.196.206) Quit (Quit: Page closed)</span><br />
