<span class="irc-date">[0:01]</span> <span class="irc-navy">* kalpik (~kalpik@unaffiliated/kalpik) Quit (Ping timeout: 248 seconds)</span><br />
<span class="irc-date">[0:02]</span> <span class="irc-green">* mersault (~mersault@69.158.30.21) has joined this channel.</span><br />
<span class="irc-date">[0:14]</span> <span class="irc-green">* kalpik (~kalpik@unaffiliated/kalpik) has joined this channel.</span><br />
<span class="irc-date">[0:15]</span> <span class="irc-green">* atinm is now known as atinm|sick</span><br />
<span class="irc-date">[0:15]</span> <span class="irc-black">&lt;atinm|sick&gt; g'nite..</span><br />
<span class="irc-date">[0:15]</span> <span class="irc-black">&lt;atinm|sick&gt; side-effects starting now - see you tomorrow I hope</span><br />
<span class="irc-date">[0:17]</span> <span class="irc-black">&lt;Unhelpful&gt; have fun feeling sick :(</span><br />
<span class="irc-date">[0:41]</span> <span class="irc-navy">* Kaik541 (~Rawr@cpe-66-68-164-213.austin.res.rr.com) Quit (Ping timeout: 246 seconds)</span><br />
<span class="irc-date">[0:47]</span> <span class="irc-black">&lt;techmik_laptop&gt; brb</span><br />
<span class="irc-date">[0:51]</span> <span class="irc-green">* gdanko (~gdanko@ip68-111-171-185.sd.sd.cox.net) has joined this channel.</span><br />
<span class="irc-date">[0:51]</span> <span class="irc-navy">* gdanko (~gdanko@ip68-111-171-185.sd.sd.cox.net) Quit (Client Quit)</span><br />
<span class="irc-date">[0:56]</span> <span class="irc-green">* gdanko (~gdanko@ip68-111-171-185.sd.sd.cox.net) has joined this channel.</span><br />
<span class="irc-date">[1:08]</span> <span class="irc-navy">* gdanko (~gdanko@ip68-111-171-185.sd.sd.cox.net) Quit (Quit: Computer has gone to sleep)</span><br />
<span class="irc-date">[1:13]</span> <span class="irc-green">* gdanko (~gdanko@ip68-111-171-185.sd.sd.cox.net) has joined this channel.</span><br />
<span class="irc-date">[1:18]</span> <span class="irc-green">* siegeljb (62fa6ea4@gateway/web/freenode/ip.98.250.110.164) has joined this channel.</span><br />
<span class="irc-date">[1:23]</span> <span class="irc-navy">* siegeljb (62fa6ea4@gateway/web/freenode/ip.98.250.110.164) Quit (Client Quit)</span><br />
<span class="irc-date">[1:24]</span> <span class="irc-green">* mersault_ (~mersault@69.158.30.21) has joined this channel.</span><br />
<span class="irc-date">[1:24]</span> <span class="irc-navy">* mersault (~mersault@69.158.30.21) Quit (Read error: Connection reset by peer)</span><br />
<span class="irc-date">[1:24]</span> <span class="irc-green">* mersault_ is now known as mersault</span><br />
<span class="irc-date">[1:36]</span> <span class="irc-green">* Kaik541 (~Rawr@cpe-66-68-164-213.austin.res.rr.com) has joined this channel.</span><br />
<span class="irc-date">[1:50]</span> <span class="irc-green">* thedeanius (~dean@c-24-2-24-87.hsd1.mo.comcast.net) has joined this channel.</span><br />
<span class="irc-date">[1:54]</span> <span class="irc-navy">* mersault (~mersault@69.158.30.21) Quit (Read error: Connection reset by peer)</span><br />
