<span class="irc-date">[0:11]</span> <span class="irc-green">* jt1134 (~jt1134@c-71-207-226-80.hsd1.al.comcast.net) has joined this channel.</span><br />
<span class="irc-date">[0:19]</span> <span class="irc-navy">* jeagoss (jef@i.kanged.kingklick.org) Quit (Ping timeout: 255 seconds)</span><br />
<span class="irc-date">[0:20]</span> <span class="irc-green">* jeagoss (jef@i.kanged.kingklick.org) has joined this channel.</span><br />
<span class="irc-date">[11:53]</span> <span class="irc-brown">-anthony.freenode.net- *** Looking up your hostname...</span><br />
<span class="irc-date">[11:53]</span> <span class="irc-brown">-anthony.freenode.net- *** Checking Ident</span><br />
<span class="irc-date">[11:53]</span> <span class="irc-brown">-anthony.freenode.net- *** No Ident response</span><br />
<span class="irc-date">[11:53]</span> <span class="irc-brown">-anthony.freenode.net- *** Found your hostname</span><br />
<span class="irc-date">[11:53]</span> <span class="irc-green">* cmsgsteam-logger (~PircBot@cmsgs.com) has joined this channel.</span><br />
<span class="irc-date">[11:53]</span> <span class="irc-green">* Topic is 'SGS CyanogenMod developers and testers (and other kernel and android hackers) - <a href="http://www.cmsgs.com/'">http://www.cmsgs.com/'</a></span><br />
<span class="irc-date">[11:53]</span> <span class="irc-green">* Set by atinm|night!~atin@unaffiliated/atinm on Sun Dec 19 02:05:32 GMT 2010</span><br />
<span class="irc-date">[11:53]</span> <span class="irc-brown">-ChanServ- [#__topsecret__] SGS-CM6 developers and testers only pls. Others could be kickbanned if not contributing to the channel's function.</span><br />
<span class="irc-date">[11:53]</span> <span class="irc-green">* ChanServ sets mode +o cmsgsteam-logger</span><br />
<span class="irc-date">[13:29]</span> <span class="irc-green">* thedeanius (~dean@64.151.21.178) has joined this channel.</span><br />
<span class="irc-date">[15:36]</span> <span class="irc-green">* skeeterslint (~skeetersl@c-71-192-215-99.hsd1.ma.comcast.net) has joined this channel.</span><br />
<span class="irc-date">[15:55]</span> <span class="irc-green">* gdanko (~gdanko@66-162-32-185.static.twtelecom.net) has joined this channel.</span><br />
<span class="irc-date">[16:19]</span> <span class="irc-navy">* skeeterslint (~skeetersl@c-71-192-215-99.hsd1.ma.comcast.net) Quit (Quit: Leaving)</span><br />
<span class="irc-date">[16:44]</span> <span class="irc-green">* neldar (~neldar@dsl-217-164-46.pool.bitel.net) has joined this channel.</span><br />
<span class="irc-date">[16:44]</span> <span class="irc-black">&lt;- *neldar* Bot Sentry eingeschalten:  Sie werden jetzt ignoriert!  Ihre Nachricht wird übermittelt wenn sie die folgenden Fragen innerhalb von 10 Minuten richtig beantworten:  How do you spell the result of ten div_ided by 2?</span><br />
<span class="irc-date">[17:38]</span> <span class="irc-green">* coolya|away is now known as coolya</span><br />
<span class="irc-date">[18:29]</span> <span class="irc-green">* codeworkx (~codeworkx@95-89-111-251-dynip.superkabel.de) has joined this channel.</span><br />
<span class="irc-date">[18:41]</span> <span class="irc-navy">* noobnl (~noob@unaffiliated/noobnl) Quit (Ping timeout: 260 seconds)</span><br />
<span class="irc-date">[19:41]</span> <span class="irc-navy">* neldar (~neldar@dsl-217-164-46.pool.bitel.net) Quit (Quit: Leaving.)</span><br />
<span class="irc-date">[19:53]</span> <span class="irc-green">* jscurtu (~jscurtu@p54A53979.dip.t-dialin.net) has joined this channel.</span><br />
<span class="irc-date">[19:55]</span> <span class="irc-green">* coolya is now known as coolya|away</span><br />
<span class="irc-date">[19:55]</span> <span class="irc-navy">* thedeanius (~dean@64.151.21.178) Quit (Ping timeout: 240 seconds)</span><br />
<span class="irc-date">[19:56]</span> <span class="irc-green">* coolya|away is now known as coolya</span><br />
<span class="irc-date">[20:15]</span> <span class="irc-navy">* dasunsrule32 (~dasunsrul@christiantechsaz.com) Quit (Quit: WeeChat 0.3.2)</span><br />
<span class="irc-date">[20:19]</span> <span class="irc-green">* dasunsrule32 (~dasunsrul@christiantechsaz.com) has joined this channel.</span><br />
<span class="irc-date">[20:21]</span> <span class="irc-navy">* wArri (~dave.will@rrcs-72-45-254-78.nys.biz.rr.com) Quit (Quit: ( www.nnscript.com :: NoNameScript 4.22 :: www.esnation.com ))</span><br />
<span class="irc-date">[21:11]</span> <span class="irc-navy">* codeworkx (~codeworkx@95-89-111-251-dynip.superkabel.de) Quit (Read error: Connection reset by peer)</span><br />
<span class="irc-date">[21:18]</span> <span class="irc-navy">* gdanko (~gdanko@66-162-32-185.static.twtelecom.net) Quit (Quit: Get MacIrssi - <a href="http://www.sysctl.co.uk/projects/macirssi/)">http://www.sysctl.co.uk/projects/macirssi/)</a></span><br />
<span class="irc-date">[21:32]</span> <span class="irc-green">* kernelzilla (~patrick@174-17-86-122.phnx.qwest.net) has joined this channel.</span><br />
<span class="irc-date">[21:33]</span> <span class="irc-green">* TCMAN-web (8b5ffb15@gateway/web/freenode/ip.139.95.251.21) has joined this channel.</span><br />
<span class="irc-date">[21:33]</span> <span class="irc-black">&lt;TCMAN-web&gt; hi</span><br />
<span class="irc-date">[21:33]</span> <span class="irc-black">&lt;TCMAN-web&gt; is there any place with dump of Nexus S rom, including gl drivers etc? have gl driver sources been released?</span><br />
<span class="irc-date">[21:34]</span> <span class="irc-black">&lt;TCMAN-web&gt; it looks like some flags in gralloc.h have changed from froyo to gingerbread and binary gralloc library cannot be used with cm7</span><br />
<span class="irc-date">[21:52]</span> <span class="irc-green">* Froz3n (561e16a5@gateway/web/freenode/ip.86.30.22.165) has joined this channel.</span><br />
<span class="irc-date">[22:05]</span> <span class="irc-black">&lt;Froz3n&gt; WOOO</span><br />
<span class="irc-date">[22:05]</span> <span class="irc-black">&lt;Froz3n&gt; Finally got CM7 working</span><br />
<span class="irc-date">[22:05]</span> <span class="irc-black">&lt;TCMAN-web&gt; Froz3n: on what?</span><br />
<span class="irc-date">[22:06]</span> <span class="irc-black">&lt;TCMAN-web&gt; what gl driver did you use?</span><br />
<span class="irc-date">[22:06]</span> <span class="irc-black">&lt;Froz3n&gt; TCMAN-web: Just the CM7 test for i9000</span><br />
<span class="irc-date">[22:06]</span> <span class="irc-black">&lt;Froz3n&gt; No dev stuff ;)</span><br />
<span class="irc-date">[22:06]</span> <span class="irc-black">&lt;Froz3n&gt; sorry :S</span><br />
<span class="irc-date">[22:07]</span> <span class="irc-black">&lt;TCMAN-web&gt; hmm, could you post link to the zipfile/image? i have hell of a time getting it to work on my galaxytab because of gralloc changes from froyo</span><br />
<span class="irc-date">[22:14]</span> <span class="irc-green">* thedeanius (~dean@c-24-2-24-87.hsd1.mo.comcast.net) has joined this channel.</span><br />
<span class="irc-date">[22:14]</span> <span class="irc-black">&lt;TCMAN-web&gt; hmm, i see there is some stuff in coolya's depot</span><br />
<span class="irc-date">[22:20]</span> <span class="irc-green">* jt1134 is now known as jt|f00d</span><br />
<span class="irc-date">[22:32]</span> <span class="irc-navy">* thedeanius (~dean@c-24-2-24-87.hsd1.mo.comcast.net) Quit (Quit: thedeanius)</span><br />
<span class="irc-date">[22:42]</span> <span class="irc-black">&lt;Froz3n&gt; anyone know how to restore efs?</span><br />
<span class="irc-date">[22:43]</span> <span class="irc-black">&lt;Froz3n&gt; I got modem working but I have the wrong imei etc</span><br />
<span class="irc-date">[22:43]</span> <span class="irc-black">&lt;Froz3n&gt; I got the folder with all of its contents</span><br />
<span class="irc-date">[22:44]</span> <span class="irc-black">&lt;coolya&gt; just copy the files and don'T forget the hidden ones</span><br />
<span class="irc-date">[22:45]</span> <span class="irc-black">&lt;Froz3n&gt; that didnt work :(</span><br />
<span class="irc-date">[22:46]</span> <span class="irc-black">&lt;Froz3n&gt; I copied the whole /efs folder onto my computer previously with root explorer and then adb pushed it back</span><br />
<span class="irc-date">[22:48]</span> <span class="irc-black">&lt;Froz3n&gt; it shows signal strength and baseband</span><br />
<span class="irc-date">[22:48]</span> <span class="irc-black">&lt;Froz3n&gt; etc</span><br />
<span class="irc-date">[22:48]</span> <span class="irc-black">&lt;Froz3n&gt; JPY</span><br />
<span class="irc-date">[22:48]</span> <span class="irc-black">&lt;Froz3n&gt; any idea? :(</span><br />
<span class="irc-date">[22:48]</span> <span class="irc-black">&lt;coolya&gt; when did you pushe it, in recovery?</span><br />
<span class="irc-date">[22:48]</span> <span class="irc-black">&lt;Froz3n&gt; yes</span><br />
<span class="irc-date">[22:49]</span> <span class="irc-black">&lt;Froz3n&gt; should I delete it and try again?</span><br />
<span class="irc-date">[22:49]</span> <span class="irc-black">&lt;coolya&gt; are ther files starting with . in the folder on you pc ?</span><br />
<span class="irc-date">[22:49]</span> <span class="irc-black">&lt;Froz3n&gt; yes</span><br />
<span class="irc-date">[22:49]</span> <span class="irc-black">&lt;Froz3n&gt; .imei, .nv_data.bak etc</span><br />
<span class="irc-date">[22:50]</span> <span class="irc-black">&lt;Froz3n&gt; they dont show up on the phone though I dont think</span><br />
<span class="irc-date">[22:50]</span> <span class="irc-black">&lt;Froz3n&gt; only .nv_state is there</span><br />
<span class="irc-date">[22:53]</span> <span class="irc-black">&lt;Froz3n&gt; coolya: any idea?</span><br />
<span class="irc-date">[22:54]</span> <span class="irc-black">&lt;coolya&gt; wipe the partition and try again :-)</span><br />
<span class="irc-date">[22:58]</span> <span class="irc-black">&lt;coolya&gt; go to recovery, unmount efs if it isn't</span><br />
<span class="irc-date">[22:58]</span> <span class="irc-black">&lt;coolya&gt; run erase_image efs</span><br />
<span class="irc-date">[22:59]</span> <span class="irc-black">&lt;coolya&gt; reboot, mount it and push the files back</span><br />
<span class="irc-date">[22:59]</span> <span class="irc-black">&lt;Froz3n&gt; wooo</span><br />
<span class="irc-date">[22:59]</span> <span class="irc-black">&lt;Froz3n&gt; I just deleted it with root explorer</span><br />
<span class="irc-date">[22:59]</span> <span class="irc-black">&lt;Froz3n&gt; pushed it from desktop</span><br />
<span class="irc-date">[22:59]</span> <span class="irc-black">&lt;Froz3n&gt; and it worked =D</span><br />
<span class="irc-date">[22:59]</span> <span class="irc-black">&lt;Froz3n&gt; thanks man :)</span><br />
<span class="irc-date">[22:59]</span> <span class="irc-black">&lt;coolya&gt; ok that might work :-D</span><br />
<span class="irc-date">[22:59]</span> <span class="irc-black">&lt;Froz3n&gt; Its awesome fast as well</span><br />
<span class="irc-date">[22:59]</span> <span class="irc-black">&lt;coolya&gt; good ;-)</span><br />
<span class="irc-date">[22:59]</span> <span class="irc-black">&lt;Froz3n&gt; Great work</span><br />
<span class="irc-date">[22:59]</span> <span class="irc-black">&lt;Froz3n&gt; another donation in a week for you :P</span><br />
<span class="irc-date">[22:59]</span> <span class="irc-black">&lt;coolya&gt; but freespace on yaffs2 is a bit tricky</span><br />
<span class="irc-date">[23:00]</span> <span class="irc-black">&lt;Froz3n&gt; yeah I had that issue when doing that command</span><br />
<span class="irc-date">[23:00]</span> <span class="irc-black">&lt;Froz3n&gt; cp -R /sdcard/backup/efs/ /efs</span><br />
<span class="irc-date">[23:01]</span> <span class="irc-black">&lt;coolya&gt; yes it uses checkpoints ... and that can cause that more space is allocated the the files are in sum</span><br />
<span class="irc-date">[23:02]</span> <span class="irc-black">&lt;Froz3n&gt; I hope you make good progress this weekend :) On future builds can we just install over it?</span><br />
<span class="irc-date">[23:03]</span> <span class="irc-green">* noobnl (~noob@unaffiliated/noobnl) has joined this channel.</span><br />
<span class="irc-date">[23:05]</span> <span class="irc-black">&lt;coolya&gt; yes</span><br />
<span class="irc-date">[23:06]</span> <span class="irc-black">&lt;Froz3n&gt; Okay, thanks for the testing opportunity - ill do testing and report back :)</span><br />
<span class="irc-date">[23:07]</span> <span class="irc-green">* jscurtu (~jscurtu@p54A53979.dip.t-dialin.net) has left this channel.</span><br />
<span class="irc-date">[23:12]</span> <span class="irc-green">* jscurtu (~jscurtu@p54A53979.dip.t-dialin.net) has joined this channel.</span><br />
<span class="irc-date">[23:28]</span> <span class="irc-green">* jscurtu (~jscurtu@p54A53979.dip.t-dialin.net) has left this channel.</span><br />
<span class="irc-date">[23:39]</span> <span class="irc-navy">* noobnl (~noob@unaffiliated/noobnl) Quit ()</span><br />
<span class="irc-date">[23:47]</span> <span class="irc-black">&lt;Froz3n&gt; coolya: any idea why the touchscreen on the keyboard doesnt work in the extremeties of the screen?</span><br />
<span class="irc-date">[23:47]</span> <span class="irc-black">&lt;Froz3n&gt; like corners etc?</span><br />
<span class="irc-date">[23:49]</span> <span class="irc-black">&lt;coolya&gt; thats framework stuff, toch screen itself should work, i guess its just onscreenkeyboard issue in the mainline of CM that was there when we build</span><br />
<span class="irc-date">[23:49]</span> <span class="irc-black">&lt;Froz3n&gt; okaty</span><br />
<span class="irc-date">[23:49]</span> <span class="irc-black">&lt;coolya&gt; because my build it working good</span><br />
<span class="irc-date">[23:49]</span> <span class="irc-black">&lt;Froz3n&gt; ill see if it happens with swiftkey</span><br />
<span class="irc-date">[23:54]</span> <span class="irc-black">&lt;coolya&gt; wtf 1 o'clock at night ... i really need sleep</span><br />
<span class="irc-date">[23:59]</span> <span class="irc-navy">* jt|f00d (~jt1134@c-71-207-226-80.hsd1.al.comcast.net) Quit (Quit: Leaving)</span><br />
