<span class="irc-date">[0:00]</span> <span class="irc-black">&lt;atinm&gt; the two pull requests related to cpu freq</span><br />
<span class="irc-date">[0:00]</span> <span class="irc-black">&lt;atinm&gt; once seems like it didn't actually make it into the android samsung kernel</span><br />
<span class="irc-date">[0:00]</span> <span class="irc-black">&lt;atinm&gt; so not sure it really should be included</span><br />
<span class="irc-date">[0:01]</span> <span class="irc-black">&lt;atinm&gt; the second doesn't even apply to us as far as I can tell</span><br />
<span class="irc-date">[0:01]</span> <span class="irc-black">&lt;atinm&gt; but just in case, please look at this - it is right up your alley</span><br />
<span class="irc-date">[0:02]</span> <span class="irc-black">&lt;codeworkx&gt; techmik67: hurry up xD</span><br />
<span class="irc-date">[0:02]</span> <span class="irc-brick">* Kaik541 hands codeworkx the bullwhip</span><br />
<span class="irc-date">[0:03]</span> <span class="irc-black">&lt;techmik67&gt; typing fast</span><br />
<span class="irc-date">[0:05]</span> <span class="irc-black">&lt;techmik_laptop&gt; git add .</span><br />
<span class="irc-date">[0:05]</span> <span class="irc-black">&lt;techmik_laptop&gt; lol</span><br />
<span class="irc-date">[0:05]</span> <span class="irc-black">&lt;techmik_laptop&gt; see</span><br />
<span class="irc-date">[0:08]</span> <span class="irc-black">&lt;techmik67&gt; building</span><br />
<span class="irc-date">[0:09]</span> <span class="irc-black">&lt;Unhelpful&gt; oh, hey, the dock support. i just got a dock... btw, the clock app already has a thingy for redirecting sound out the dock, what exactly is this redirector app supposed to be for?</span><br />
<span class="irc-date">[0:10]</span> <span class="irc-green">* chaembian|away is now known as chaembian</span><br />
<span class="irc-date">[0:11]</span> <span class="irc-black">&lt;TMC_Sherpa&gt; everything but the clock?</span><br />
<span class="irc-date">[0:11]</span> <span class="irc-black">&lt;Kaik541&gt; audio in things like music player?</span><br />
<span class="irc-date">[0:11]</span> <span class="irc-black">&lt;chaembian&gt; good moorning</span><br />
<span class="irc-date">[0:11]</span> <span class="irc-black">&lt;TMC_Sherpa&gt; morning</span><br />
<span class="irc-date">[0:12]</span> <span class="irc-black">&lt;Unhelpful&gt; TMC_Sherpa: the setting in the clock app is to redirect sound while connected - i would assume that works even if you leave the clock app?</span><br />
<span class="irc-date">[0:12]</span> <span class="irc-black">&lt;Kaik541&gt; Unhelpful, you could try opening the music app and seeing?</span><br />
<span class="irc-date">[0:12]</span> <span class="irc-black">&lt;TMC_Sherpa&gt; I was being an ass</span><br />
<span class="irc-date">[0:13]</span> <span class="irc-black">&lt;Kaik541&gt; Unhelpful, desktop dock or car dock? because I thought the car dock never came out</span><br />
<span class="irc-date">[0:13]</span> <span class="irc-black">&lt;TMC_Sherpa&gt; chaembian:  can you do me a favor? cd into your android/system or whatever and type find . -name s3c-pcmdev.h</span><br />
<span class="irc-date">[0:14]</span> <span class="irc-black">&lt;Unhelpful&gt; Kaik541: it's a desktop dock. and i can't try it, because that option is disabled - but i wonder if we could connect this dock-support code properly so that the clock app can use it?</span><br />
<span class="irc-date">[0:14]</span> <span class="irc-brick">* Unhelpful is not even strictly sure the "dock settings" menu from the clock app is actually part of clock. ;)</span><br />
<span class="irc-date">[0:14]</span> <span class="irc-black">&lt;Kaik541&gt; oh, there's a whole dock settings thing for clock? I did not know that (not having a dock)</span><br />
<span class="irc-date">[0:14]</span> <span class="irc-black">&lt;Kaik541&gt; have you tried straight running the music app?</span><br />
<span class="irc-date">[0:15]</span> <span class="irc-black">&lt;Kaik541&gt; that's interesting that the clock can detect it's in a dock though</span><br />
<span class="irc-date">[0:15]</span> <span class="irc-black">&lt;chaembian&gt; TMC_Sherpa: give me a min</span><br />
<span class="irc-date">[0:15]</span> <span class="irc-black">&lt;TMC_Sherpa&gt; sure np</span><br />
<span class="irc-date">[0:16]</span> <span class="irc-black">&lt;chaembian&gt; TMC_Sherpa: no file found</span><br />
<span class="irc-date">[0:16]</span> <span class="irc-black">&lt;Unhelpful&gt; Kaik541: i think it can, iirc the dock settings menu item doesn't even work if not docked</span><br />
<span class="irc-date">[0:16]</span> <span class="irc-black">&lt;Unhelpful&gt; probably it detects that  audio redirection is not supported?</span><br />
<span class="irc-date">[0:16]</span> <span class="irc-black">&lt;TMC_Sherpa&gt; I remember playing with the dock app for a while, lost it in one of the rom flashes</span><br />
<span class="irc-date">[0:17]</span> <span class="irc-black">&lt;codeworkx&gt; Unhelpful: we've still the lock/unlock problem on RIL and camera/video. if you lock/unlock straight after boot it's ok. what about writing a little pre-boot app which does a kind of reset?</span><br />
<span class="irc-date">[0:17]</span> <span class="irc-black">&lt;TMC_Sherpa&gt; file not found..... yet the kernel built when you were testing audio?</span><br />
<span class="irc-date">[0:17]</span> <span class="irc-black">&lt;Kaik541&gt; Unhelpful, well could you try setting an alarm to go off in a minute from now and see if it comes out of the phone or whatever it's plugged into?</span><br />
<span class="irc-date">[0:18]</span> <span class="irc-black">&lt;Kaik541&gt; or both O.o</span><br />
<span class="irc-date">[0:18]</span> <span class="irc-black">&lt;Unhelpful&gt; Kaik541: my bad, it doesn't need to be in a dock for that menu. and it does know it's docked, because it opens the clock app on dock, and exits it on undock. and the dock/undock sounds play if enabled.</span><br />
<span class="irc-date">[0:18]</span> <span class="irc-black">&lt;Unhelpful&gt; ermm... dock is @ home :)</span><br />
<span class="irc-date">[0:18]</span> <span class="irc-black">&lt;Kaik541&gt; Unhelpful, well I don't mean right now, I mean when you get a chance</span><br />
<span class="irc-date">[0:19]</span> <span class="irc-black">&lt;Kaik541&gt; it's not like it affects me directly as I have neither a dock nor CM7</span><br />
<span class="irc-date">[0:19]</span> <span class="irc-brick">* TMC_Sherpa is wondering if there was a sync done after the files got copied which nuked them...and we were testing for the wrong audio problem</span><br />
<span class="irc-date">[0:19]</span> <span class="irc-black">&lt;Unhelpful&gt; codeworkx: i would really love to know what the issue is there... would it be possible to just trigger the suspend/wake events in the relevant driver?</span><br />
<span class="irc-date">[0:19]</span> <span class="irc-black">&lt;codeworkx&gt; Unhelpful: think we should do some research what's going on while lock/unlock</span><br />
<span class="irc-date">[0:20]</span> <span class="irc-black">&lt;chaembian&gt; TMC_Sherpa: I did not do any sync after I pulled sound from techmik67</span><br />
<span class="irc-date">[0:20]</span> <span class="irc-black">&lt;Unhelpful&gt; actually it can't be just suspend/wake, because it works even if the phone is plugged in @ startup. hm.</span><br />
<span class="irc-date">[0:20]</span> <span class="irc-black">&lt;Kaik541&gt; atinm, "one zip to rule them all"</span><br />
<span class="irc-date">[0:21]</span> <span class="irc-black">&lt;Kaik541&gt; I like that</span><br />
<span class="irc-date">[0:22]</span> <span class="irc-black">&lt;TMC_Sherpa&gt; chaembian:  we don't know why/how the kernel compiled, s3c-pcmdev.h is needed by wm8994_samsung.c which isn't in the tree so the build should have died</span><br />
<span class="irc-date">[0:22]</span> <span class="irc-black">&lt;Unhelpful&gt; and in the CWM bind them</span><br />
<span class="irc-date">[0:22]</span> <span class="irc-black">&lt;codeworkx&gt; techmik67: finished? xD</span><br />
<span class="irc-date">[0:24]</span> <span class="irc-black">&lt;techmik67&gt; slow =(</span><br />
<span class="irc-date">[0:24]</span> <span class="irc-green">* teamhacksung (~teamhacks@sh1-ext.rs.github.com) has joined this channel.</span><br />
<span class="irc-date">[0:24]</span> <span class="irc-black">&lt;teamhacksung&gt; android_vendor_samsung_common: gingerbread atinm * bd1b2e3 (1 files in 1 dirs): Use older nvram_net.txt (has correct ccode). ... - <a href="http://bit.ly/lxuwXb">http://bit.ly/lxuwXb</a></span><br />
<span class="irc-date">[0:24]</span> <span class="irc-green">* teamhacksung (~teamhacks@sh1-ext.rs.github.com) has left this channel.</span><br />
<span class="irc-date">[0:24]</span> <span class="irc-black">&lt;techmik67&gt; dunno why</span><br />
<span class="irc-date">[0:30]</span> <span class="irc-green">* zerojay (~jay@Maemo/community/contributor/zerojay) has joined this channel.</span><br />
<span class="irc-date">[0:31]</span> <span class="irc-navy">* techmik_laptop (~techmik@c-76-109-173-83.hsd1.fl.comcast.net) Quit (Remote host closed the connection)</span><br />
<span class="irc-date">[0:32]</span> <span class="irc-black">&lt;techmik67&gt; ugh!</span><br />
<span class="irc-date">[0:32]</span> <span class="irc-black">&lt;techmik67&gt; cat turned off laptop</span><br />
<span class="irc-date">[0:32]</span> <span class="irc-black">&lt;zerojay&gt; lol</span><br />
<span class="irc-date">[0:32]</span> <span class="irc-black">&lt;Kaik541&gt; stupid cat</span><br />
<span class="irc-date">[0:32]</span> <span class="irc-black">&lt;techmik67&gt; i forgot to feed the animals an hour and a half ago =)</span><br />
<span class="irc-date">[0:32]</span> <span class="irc-black">&lt;techmik67&gt; i'll feed while restarting stupid build.... grrr.......</span><br />
<span class="irc-date">[0:33]</span> <span class="irc-black">&lt;techmik67&gt; had to almost be done, too</span><br />
<span class="irc-date">[0:34]</span> <span class="irc-black">&lt;UberPinguin&gt; <a href="http://paste.pocoo.org/show/383771/">http://paste.pocoo.org/show/383771/</a> Has anyone here seen a crash similar to this? Not sure what's causing it.</span><br />
<span class="irc-date">[0:34]</span> <span class="irc-black">&lt;chaembian&gt; Is there a way to undo last repo sync?</span><br />
<span class="irc-date">[0:40]</span> <span class="irc-black">&lt;chaembian&gt;  TMC_Sherpa: I ran a repo sync yesterday night after I came back home from work</span><br />
<span class="irc-date">[0:40]</span> <span class="irc-black">&lt;TMC_Sherpa&gt; thats fine</span><br />
<span class="irc-date">[0:40]</span> <span class="irc-black">&lt;chaembian&gt; TMC_Sherpa: the wm8994_samsung.c I have doesn't have changes pulled from techmik67</span><br />
<span class="irc-date">[0:41]</span> <span class="irc-black">&lt;chaembian&gt; Just to be sure: <a href="https://github.com/techmik/android_kernel_samsung/commit/51426fc86a6332bbfd7b08779bd88b952625212d#diff-2">https://github.com/techmik/android_kernel_samsung/commit/51426fc86a6332bbfd7b08779bd88b952625212d#diff-2</a></span><br />
<span class="irc-date">[0:41]</span> <span class="irc-black">&lt;TMC_Sherpa&gt; yeah it got clobbered by the sync</span><br />
<span class="irc-date">[0:42]</span> <span class="irc-black">&lt;TMC_Sherpa&gt; s'cool something weird happened and it shouldn't have worked as is anyway</span><br />
<span class="irc-date">[0:44]</span> <span class="irc-green">* DocMAX2 (~docmax@g224159134.adsl.alicedsl.de) has joined this channel.</span><br />
<span class="irc-date">[0:46]</span> <span class="irc-green">* ciwrl|food is now known as ciwrl</span><br />
<span class="irc-date">[0:46]</span> <span class="irc-navy">* DocMAX (~docmax@g224154243.adsl.alicedsl.de) Quit (Ping timeout: 252 seconds)</span><br />
<span class="irc-date">[0:47]</span> <span class="irc-black">&lt;techmik67&gt; seems like a dumb question.... dont i just need the pcmdev file?</span><br />
<span class="irc-date">[0:48]</span> <span class="irc-black">&lt;TMC_Sherpa&gt; not according to kangzor I guess there are a few defines or something that need to be set</span><br />
<span class="irc-date">[0:48]</span> <span class="irc-black">&lt;techmik67&gt; i cannot stress enough that it built, several times now.....</span><br />
<span class="irc-date">[0:48]</span> <span class="irc-black">&lt;TMC_Sherpa&gt; its all good man</span><br />
<span class="irc-date">[0:48]</span> <span class="irc-black">&lt;techmik67&gt; check it out.... this s what i am building right now:</span><br />
<span class="irc-date">[0:49]</span> <span class="irc-black">&lt;techmik67&gt; <a href="https://github.com/techmik/android_vendor_samsung_common/commits/all-merge">https://github.com/techmik/android_vendor_samsung_common/commits/all-merge</a></span><br />
<span class="irc-date">[0:49]</span> <span class="irc-black">&lt;TMC_Sherpa&gt; hell your git has more activity than hacksungs</span><br />
<span class="irc-date">[0:49]</span> <span class="irc-black">&lt;techmik67&gt; <a href="https://github.com/techmik/android_device_samsung_common/commits/all-merge">https://github.com/techmik/android_device_samsung_common/commits/all-merge</a></span><br />
<span class="irc-date">[0:50]</span> <span class="irc-black">&lt;techmik67&gt; <a href="https://github.com/techmik/android_device_samsung_captivate/commits/camera">https://github.com/techmik/android_device_samsung_captivate/commits/camera</a></span><br />
<span class="irc-date">[0:51]</span> <span class="irc-black">&lt;TMC_Sherpa&gt; besides someone put my name on it so its still my problem :D</span><br />
<span class="irc-date">[0:52]</span> <span class="irc-black">&lt;techmik67&gt; <a href="https://github.com/techmik/android_kernel_samsung/commits/all-merge">https://github.com/techmik/android_kernel_samsung/commits/all-merge</a></span><br />
<span class="irc-date">[0:52]</span> <span class="irc-black">&lt;techmik67&gt; thats all the 4 changed form main repos</span><br />
<span class="irc-date">[0:52]</span> <span class="irc-black">&lt;TMC_Sherpa&gt; techmik67:  it's fine man, don't worry about it</span><br />
<span class="irc-date">[0:52]</span> <span class="irc-black">&lt;TMC_Sherpa&gt; if I'm going to blame anyone its kang</span><br />
<span class="irc-date">[0:52]</span> <span class="irc-green">* techmik_laptop (~techmik@c-76-109-173-83.hsd1.fl.comcast.net) has joined this channel.</span><br />
<span class="irc-date">[0:52]</span> <span class="irc-black">&lt;TMC_Sherpa&gt; :P</span><br />
<span class="irc-date">[0:53]</span> <span class="irc-black">&lt;codeworkx&gt; techmik67 techmik67 techmik67 techmik67 techmik67 techmik67</span><br />
<span class="irc-date">[0:53]</span> <span class="irc-black">&lt;techmik67&gt; lol</span><br />
<span class="irc-date">[0:53]</span> <span class="irc-black">&lt;codeworkx&gt; xD</span><br />
<span class="irc-date">[0:54]</span> <span class="irc-black">&lt;codeworkx&gt; i'm pretty sure it runs on every phone</span><br />
<span class="irc-date">[0:54]</span> <span class="irc-black">&lt;techmik67&gt; should mostly be done building now.....</span><br />
<span class="irc-date">[0:54]</span> <span class="irc-black">&lt;codeworkx&gt; hope so</span><br />
<span class="irc-date">[0:54]</span> <span class="irc-black">&lt;Kaik541&gt; codeworkx, just keep punching him</span><br />
<span class="irc-date">[0:54]</span> <span class="irc-black">&lt;TMC_Sherpa&gt; at no point in time did I ever test the thing before I gave it to you (what else is new huh?) I'll get it figured out and we'll try it again</span><br />
<span class="irc-date">[0:54]</span> <span class="irc-black">&lt;codeworkx&gt; techmik67 techmik67 techmik67 techmik67 techmik67 techmik67 techmik67 techmik67 techmik67 techmik67 techmik67 techmik67 techmik67 techmik67 techmik67 techmik67 techmik67 techmik67 techmik67 techmik67 techmik67 techmik67 techmik67 techmik67 techmik67 techmik67 techmik67 techmik67 techmik67 techmik67</span><br />
<span class="irc-date">[0:54]</span> <span class="irc-black">&lt;techmik67&gt; =)</span><br />
<span class="irc-date">[0:55]</span> <span class="irc-black">&lt;Kaik541&gt; techmik67  techmik67  techmik67  techmik67  techmik67  techmik67  techmik67  techmik67  techmik67  techmik67  techmik67  techmik67  techmik67  techmik67  techmik67  techmik67  techmik67  techmik67  techmik67  techmik67  techmik67  techmik67  techmik67  techmik67  techmik67  techmik67  techmik67  techmik67  techmik67  techmik67  techmik67  techmik67  techmik67  techmik67  techmik67</span><br />
<span class="irc-date">[0:55]</span> <span class="irc-black">&lt;Kaik541&gt; I have the most techmiks</span><br />
<span class="irc-date">[0:55]</span> <span class="irc-black">&lt;Unhelpful&gt; early dismissal tomorrow! my eldest will be on a bus for nearly 90min to go to school for 50min :/</span><br />
<span class="irc-date">[0:55]</span> <span class="irc-black">&lt;Kaik541&gt; how old is eldest?</span><br />
<span class="irc-date">[0:55]</span> <span class="irc-black">&lt;Kaik541&gt; also, my mom always just let me stay home</span><br />
<span class="irc-date">[0:55]</span> <span class="irc-black">&lt;codeworkx&gt; i'm going to smoke one, if i come back, it must be flashed and approved!!!!!</span><br />
<span class="irc-date">[0:56]</span> <span class="irc-black">&lt;atinm&gt; 90 min?!</span><br />
<span class="irc-date">[0:56]</span> <span class="irc-black">&lt;Kaik541&gt; 45 minutes each way</span><br />
<span class="irc-date">[0:56]</span> <span class="irc-black">&lt;Kaik541&gt; that's about how long I could go on some buses depending on where I live</span><br />
<span class="irc-date">[0:59]</span> <span class="irc-black">&lt;chaembian&gt; Kaik541, where are you from?</span><br />
<span class="irc-date">[0:59]</span> <span class="irc-black">&lt;Kaik541&gt; AMERICA (fuck yeah)</span><br />
<span class="irc-date">[1:00]</span> <span class="irc-black">&lt;chaembian&gt; :)</span><br />
<span class="irc-date">[1:04]</span> <span class="irc-black">&lt;codeworkx&gt; techmik67</span><br />
<span class="irc-date">[1:04]</span> <span class="irc-black">&lt;techmik67&gt; that is i..... lotsa target : Dex</span><br />
<span class="irc-date">[1:04]</span> <span class="irc-brick">* Unhelpful should try to extract his android sources from the backup on his NAS and build them. on the NAS. w/ a 2-core atom and 1GB ;)</span><br />
<span class="irc-date">[1:05]</span> <span class="irc-black">&lt;codeworkx&gt; lol</span><br />
<span class="irc-date">[1:05]</span> <span class="irc-black">&lt;Kaik541&gt; Unhelpful, do it</span><br />
<span class="irc-date">[1:05]</span> <span class="irc-black">&lt;Kaik541&gt; like a man</span><br />
<span class="irc-date">[1:05]</span> <span class="irc-black">&lt;codeworkx&gt; my nas has tel single core mips</span><br />
<span class="irc-date">[1:05]</span> <span class="irc-black">&lt;Kaik541&gt; it only takes about 4 and a half hours on my single core atom</span><br />
<span class="irc-date">[1:05]</span> <span class="irc-black">&lt;TMC_Sherpa&gt; you will prolly have your new laptop before its done</span><br />
<span class="irc-date">[1:05]</span> <span class="irc-black">&lt;Unhelpful&gt; Kaik541: how much RAM does that have?</span><br />
<span class="irc-date">[1:05]</span> <span class="irc-black">&lt;atinm&gt; so I am ignoring the sound stuff for now?</span><br />
<span class="irc-date">[1:05]</span> <span class="irc-black">&lt;Kaik541&gt; 2 GB</span><br />
<span class="irc-date">[1:05]</span> <span class="irc-black">&lt;atinm&gt; or am I supposed to be looking at it</span><br />
<span class="irc-date">[1:05]</span> <span class="irc-black">&lt;codeworkx&gt; Y U NO COMPILE ON DLINK WIFI ROUTER?</span><br />
<span class="irc-date">[1:05]</span> <span class="irc-black">&lt;TMC_Sherpa&gt; atinm:  yes</span><br />
<span class="irc-date">[1:05]</span> <span class="irc-black">&lt;Unhelpful&gt; Kaik541: i suspect that will help a lot.</span><br />
<span class="irc-date">[1:05]</span> <span class="irc-black">&lt;atinm&gt; unhelpful, you saw my link?</span><br />
<span class="irc-date">[1:06]</span> <span class="irc-black">&lt;atinm&gt; the pull requests from zach</span><br />
<span class="irc-date">[1:06]</span> <span class="irc-black">&lt;Kaik541&gt; Unhelpful, you'll be done by morning</span><br />
<span class="irc-date">[1:06]</span> <span class="irc-black">&lt;Unhelpful&gt; atinm: ...which one?</span><br />
<span class="irc-date">[1:06]</span> <span class="irc-black">&lt;atinm&gt; need you to take a look</span><br />
<span class="irc-date">[1:06]</span> <span class="irc-black">&lt;atinm&gt; <a href="https://github.com/teamhacksung/android_kernel_samsung/pulls">https://github.com/teamhacksung/android_kernel_samsung/pulls</a></span><br />
<span class="irc-date">[1:06]</span> <span class="irc-black">&lt;atinm&gt; the 2nd 2</span><br />
<span class="irc-date">[1:06]</span> <span class="irc-black">&lt;TMC_Sherpa&gt; ie yes ignore it for now</span><br />
<span class="irc-date">[1:06]</span> <span class="irc-black">&lt;atinm&gt; I have no idea what they do</span><br />
<span class="irc-date">[1:06]</span> <span class="irc-black">&lt;atinm&gt; and the one he links to on android.git.kernel.org isn't on the tree</span><br />
<span class="irc-date">[1:07]</span> <span class="irc-black">&lt;atinm&gt; most probably done on a branch and never merged or something</span><br />
<span class="irc-date">[1:07]</span> <span class="irc-black">&lt;atinm&gt; I don't know.</span><br />
<span class="irc-date">[1:07]</span> <span class="irc-black">&lt;atinm&gt; as in I can see the commit</span><br />
<span class="irc-date">[1:07]</span> <span class="irc-black">&lt;atinm&gt; but it isn't on head</span><br />
<span class="irc-date">[1:08]</span> <span class="irc-black">&lt;atinm&gt; ok good. then I might just be going to bed soon</span><br />
<span class="irc-date">[1:08]</span> <span class="irc-black">&lt;TMC_Sherpa&gt; you should do that anyway</span><br />
<span class="irc-date">[1:08]</span> <span class="irc-black">&lt;techmik67&gt; optimizing</span><br />
<span class="irc-date">[1:08]</span> <span class="irc-black">&lt;Kaik541&gt; atinm, take a break</span><br />
<span class="irc-date">[1:08]</span> <span class="irc-black">&lt;Kaik541&gt; codeworkx can handle it</span><br />
<span class="irc-date">[1:08]</span> <span class="irc-black">&lt;Kaik541&gt; even if he is a bit punchhappy right now</span><br />
<span class="irc-date">[1:08]</span> <span class="irc-black">&lt;atinm&gt; if koush comes by, he need to review our two gerrit submissions</span><br />
<span class="irc-date">[1:09]</span> <span class="irc-black">&lt;atinm&gt; one for Makefile</span><br />
<span class="irc-date">[1:09]</span> <span class="irc-black">&lt;codeworkx&gt; techmik67: i'm going to optimize YOU!!!!</span><br />
<span class="irc-date">[1:09]</span> <span class="irc-black">&lt;atinm&gt; and one for bootable/recovery that he wanted me to change</span><br />
<span class="irc-date">[1:09]</span> <span class="irc-black">&lt;techmik67&gt; zipping</span><br />
<span class="irc-date">[1:09]</span> <span class="irc-black">&lt;codeworkx&gt; and i'll zip you!</span><br />
<span class="irc-date">[1:09]</span> <span class="irc-black">&lt;atinm&gt; codeworkx be in the beer</span><br />
<span class="irc-date">[1:09]</span> <span class="irc-black">&lt;codeworkx&gt; and sign</span><br />
<span class="irc-date">[1:09]</span> <span class="irc-black">&lt;codeworkx&gt; the beer might be with you atinm</span><br />
<span class="irc-date">[1:10]</span> <span class="irc-black">&lt;atinm&gt; may the beer be with you.</span><br />
<span class="irc-date">[1:10]</span> <span class="irc-black">&lt;atinm&gt; always.</span><br />
<span class="irc-date">[1:10]</span> <span class="irc-black">&lt;atinm&gt; ;-)</span><br />
<span class="irc-date">[1:10]</span> <span class="irc-black">&lt;codeworkx&gt; ya</span><br />
<span class="irc-date">[1:10]</span> <span class="irc-black">&lt;Kaik541&gt; yesterday was may 4th</span><br />
<span class="irc-date">[1:10]</span> <span class="irc-black">&lt;Kaik541&gt; may the fourth be with you day</span><br />
<span class="irc-date">[1:10]</span> <span class="irc-black">&lt;atinm&gt; oh man ...</span><br />
<span class="irc-date">[1:10]</span> <span class="irc-black">&lt;atinm&gt; :)</span><br />
<span class="irc-date">[1:10]</span> <span class="irc-black">&lt;codeworkx&gt; we're silly</span><br />
<span class="irc-date">[1:11]</span> <span class="irc-black">&lt;atinm&gt; I don't think now is a good time to try to play poker either</span><br />
<span class="irc-date">[1:11]</span> <span class="irc-black">&lt;codeworkx&gt; get some sleep</span><br />
<span class="irc-date">[1:11]</span> <span class="irc-black">&lt;atinm&gt; lying down and going to sleep sounds the best rightn ow</span><br />
<span class="irc-date">[1:11]</span> <span class="irc-black">&lt;atinm&gt; yeah, good night</span><br />
<span class="irc-date">[1:11]</span> <span class="irc-black">&lt;techmik67&gt; flashing</span><br />
<span class="irc-date">[1:11]</span> <span class="irc-black">&lt;atinm&gt; updates tomorrow I guess</span><br />
<span class="irc-date">[1:11]</span> <span class="irc-black">&lt;codeworkx&gt; i'll fuck the whole buildsystem now, and then i'll get some sleep too</span><br />
<span class="irc-date">[1:11]</span> <span class="irc-black">&lt;atinm&gt; just don't do any updates and we're ok</span><br />
<span class="irc-date">[1:11]</span> <span class="irc-black">&lt;Kaik541&gt; yay</span><br />
<span class="irc-date">[1:12]</span> <span class="irc-brick">* Unhelpful needs a margarita :/</span><br />
<span class="irc-date">[1:12]</span> <span class="irc-black">&lt;codeworkx&gt; atinm: tomorrow new updates + new initials</span><br />
<span class="irc-date">[1:12]</span> <span class="irc-black">&lt;atinm&gt; no new bugs.</span><br />
<span class="irc-date">[1:12]</span> <span class="irc-black">&lt;Kaik541&gt; and all the bitches a man could dream of</span><br />
<span class="irc-date">[1:12]</span> <span class="irc-black">&lt;codeworkx&gt; our bug list is going to small. need new ones</span><br />
<span class="irc-date">[1:12]</span> <span class="irc-black">&lt;atinm&gt; codeworkx: yeah, and hopefully koush gets us a new ROMManager</span><br />
<span class="irc-date">[1:12]</span> <span class="irc-black">&lt;atinm&gt; that will do it all</span><br />
<span class="irc-date">[1:12]</span> <span class="irc-black">&lt;atinm&gt; there's always ril and battery</span><br />
<span class="irc-date">[1:12]</span> <span class="irc-black">&lt;atinm&gt; a</span><br />
<span class="irc-date">[1:12]</span> <span class="irc-black">&lt;Kaik541&gt; codeworkx, I wonder what would happen if I just closed all the bugs on the issue tracker</span><br />
<span class="irc-date">[1:12]</span> <span class="irc-black">&lt;atinm&gt; always</span><br />
<span class="irc-date">[1:13]</span> <span class="irc-black">&lt;atinm&gt; they'll just submit new ones</span><br />
<span class="irc-date">[1:13]</span> <span class="irc-black">&lt;codeworkx&gt; Kaik541: i'm going to improve android</span><br />
<span class="irc-date">[1:13]</span> <span class="irc-black">&lt;atinm&gt; they submit new ones for old ones anyway</span><br />
<span class="irc-date">[1:13]</span> <span class="irc-green">* sixstringsg (~Jason@pool-173-74-150-29.dllstx.fios.verizon.net) has joined this channel.</span><br />
<span class="irc-date">[1:13]</span> <span class="irc-black">&lt;Kaik541&gt; well whichever ones they submit again will be the ones that matter xD</span><br />
<span class="irc-date">[1:14]</span> <span class="irc-black">&lt;codeworkx&gt; 7 console windows opened. every one shows "git push"</span><br />
<span class="irc-date">[1:14]</span> <span class="irc-black">&lt;Kaik541&gt; codeworkx, how big is your monitor</span><br />
<span class="irc-date">[1:14]</span> <span class="irc-black">&lt;codeworkx&gt; techmik67</span><br />
<span class="irc-date">[1:14]</span> <span class="irc-black">&lt;codeworkx&gt; 2x 24"</span><br />
<span class="irc-date">[1:14]</span> <span class="irc-black">&lt;atinm&gt; I got irritated and told them if they're obvious we know about them.  either we are working on them or actively ignoring them.</span><br />
<span class="irc-date">[1:14]</span> <span class="irc-black">&lt;Kaik541&gt; or we hate end users</span><br />
<span class="irc-date">[1:14]</span> <span class="irc-black">&lt;atinm&gt; maybe that got the message across.</span><br />
<span class="irc-date">[1:14]</span> <span class="irc-black">&lt;Kaik541&gt; that's what I tell them</span><br />
<span class="irc-date">[1:14]</span> <span class="irc-black">&lt;techmik67&gt; nice</span><br />
<span class="irc-date">[1:15]</span> <span class="irc-black">&lt;techmik67&gt; mine are 22's</span><br />
<span class="irc-date">[1:15]</span> <span class="irc-black">&lt;atinm&gt; 30"</span><br />
<span class="irc-date">[1:15]</span> <span class="irc-black">&lt;codeworkx&gt; techmik67: cam cam cam cam cam</span><br />
<span class="irc-date">[1:15]</span> <span class="irc-black">&lt;techmik67&gt; i'm exciyted</span><br />
<span class="irc-date">[1:15]</span> <span class="irc-black">&lt;atinm&gt; Kaik541: you know, that is not a bad idea ;)</span><br />
<span class="irc-date">[1:15]</span> <span class="irc-black">&lt;Kaik541&gt; techmik67, Y U NO BOOT</span><br />
<span class="irc-date">[1:15]</span> <span class="irc-black">&lt;atinm&gt; "oops"</span><br />
<span class="irc-date">[1:16]</span> <span class="irc-green">* wwyvern (~wwyvern@adsl-074-167-175-227.sip.jax.bellsouth.net) has joined this channel.</span><br />
<span class="irc-date">[1:16]</span> <span class="irc-black">&lt;Kaik541&gt; "we *accdientally* deleted the issue tracker.... if it matters, open it up again"</span><br />
<span class="irc-date">[1:16]</span> <span class="irc-black">&lt;codeworkx&gt; if he's excited, it must be gooooood</span><br />
<span class="irc-date">[1:16]</span> <span class="irc-black">&lt;TMC_Sherpa&gt; wait the closing the bugs part of the we hate end users replay before you do it part</span><br />
<span class="irc-date">[1:16]</span> <span class="irc-brick">* Unhelpful wants vendor codecs and HDMI output working before his laptop gets back ;)</span><br />
<span class="irc-date">[1:16]</span> <span class="irc-black">&lt;Kaik541&gt; TMC_Sherpa, yes</span><br />
<span class="irc-date">[1:16]</span> <span class="irc-black">&lt;atinm&gt; wwyvern: two ppl have offered to send me their vibrants, so you should take your bid off..</span><br />
<span class="irc-date">[1:16]</span> <span class="irc-black">&lt;techmik67&gt; ok.... the big moment..... booting......</span><br />
<span class="irc-date">[1:16]</span> <span class="irc-black">&lt;TMC_Sherpa&gt; awesome</span><br />
<span class="irc-date">[1:16]</span> <span class="irc-black">&lt;atinm&gt; if you can</span><br />
<span class="irc-date">[1:16]</span> <span class="irc-black">&lt;codeworkx&gt; techmik67: boot, lock, unlock, take a photo</span><br />
<span class="irc-date">[1:17]</span> <span class="irc-black">&lt;techmik67&gt; k</span><br />
<span class="irc-date">[1:17]</span> <span class="irc-black">&lt;wwyvern&gt; atinm..don't know if I can at this point..it closes in 10 minutes or so, I think</span><br />
<span class="irc-date">[1:17]</span> <span class="irc-black">&lt;Kaik541&gt; codeworkx, Y U NO FIX LOCK</span><br />
<span class="irc-date">[1:17]</span> <span class="irc-black">&lt;atinm&gt; ugh</span><br />
<span class="irc-date">[1:17]</span> <span class="irc-black">&lt;codeworkx&gt; Kaik541: Y I FIX NO LOCK?</span><br />
<span class="irc-date">[1:17]</span> <span class="irc-black">&lt;Kaik541&gt; codeworkx, Y U NO SPEAK ENRISH</span><br />
<span class="irc-date">[1:17]</span> <span class="irc-black">&lt;wwyvern&gt; I'll check</span><br />
<span class="irc-date">[1:17]</span> <span class="irc-black">&lt;atinm&gt; well, can't hurt to have another I guess. codeworkx or unhelpful could use it</span><br />
<span class="irc-date">[1:17]</span> <span class="irc-black">&lt;codeworkx&gt; Kaik541: Y I NO ENGLISH, I GERMAN</span><br />
<span class="irc-date">[1:18]</span> <span class="irc-black">&lt;Kaik541&gt; atinm, one with FFC one without?</span><br />
<span class="irc-date">[1:18]</span> <span class="irc-black">&lt;Kaik541&gt; codeworkx, Y U NO BORN IN REAL COUNTRY</span><br />
<span class="irc-date">[1:18]</span> <span class="irc-black">&lt;codeworkx&gt; atinm: riffbooooooxxxxxxx</span><br />
<span class="irc-date">[1:18]</span> <span class="irc-black">&lt;atinm&gt; I dunno actually</span><br />
<span class="irc-date">[1:18]</span> <span class="irc-black">&lt;techmik67&gt; animation......</span><br />
<span class="irc-date">[1:18]</span> <span class="irc-black">&lt;atinm&gt; I didn't ask.</span><br />
<span class="irc-date">[1:18]</span> <span class="irc-black">&lt;atinm&gt; let me check</span><br />
<span class="irc-date">[1:18]</span> <span class="irc-black">&lt;codeworkx&gt; Kaik541: cause in real country there's not enough beeeeer</span><br />
<span class="irc-date">[1:18]</span> <span class="irc-black">&lt;wwyvern&gt; atinm-actually, I've been outbid, so that's ok</span><br />
<span class="irc-date">[1:19]</span> <span class="irc-black">&lt;atinm&gt; I think without ffc</span><br />
<span class="irc-date">[1:19]</span> <span class="irc-black">&lt;atinm&gt; wwyvern: good</span><br />
<span class="irc-date">[1:19]</span> <span class="irc-black">&lt;codeworkx&gt; Kaik541: gimme place to sleep, i'll come to real country lol</span><br />
<span class="irc-date">[1:19]</span> <span class="irc-black">&lt;wwyvern&gt; do you want a first gen FFC to go with it? That, I have and can send</span><br />
<span class="irc-date">[1:19]</span> <span class="irc-black">&lt;Kaik541&gt; codeworkx, do floors count?</span><br />
<span class="irc-date">[1:19]</span> <span class="irc-black">&lt;codeworkx&gt; Kaik541: sleep, power, internet, pizza, coffee, coke</span><br />
<span class="irc-date">[1:19]</span> <span class="irc-black">&lt;atinm&gt; wwyvern: I don't know the difference - there is a 1st and 2nd?</span><br />
<span class="irc-date">[1:19]</span> <span class="irc-black">&lt;atinm&gt; beer</span><br />
<span class="irc-date">[1:19]</span> <span class="irc-black">&lt;atinm&gt; you forgot beer.</span><br />
<span class="irc-date">[1:19]</span> <span class="irc-black">&lt;Kaik541&gt; codeworkx, that's like a normal american's diet right there, you'd fight right in</span><br />
<span class="irc-date">[1:20]</span> <span class="irc-black">&lt;Kaik541&gt; you'd just have to get used to cold beer</span><br />
<span class="irc-date">[1:20]</span> <span class="irc-black">&lt;wwyvern&gt; the first gen works, but has streaks in the picture, the second gen works perfectly</span><br />
<span class="irc-date">[1:20]</span> <span class="irc-black">&lt;Kaik541&gt; or is that England?</span><br />
<span class="irc-date">[1:20]</span> <span class="irc-black">&lt;wwyvern&gt; but hey, it'd be free..other than the streaking, it works just fine</span><br />
<span class="irc-date">[1:20]</span> <span class="irc-black">&lt;atinm&gt; as long as it is good enough to test ffc</span><br />
<span class="irc-date">[1:20]</span> <span class="irc-black">&lt;wwyvern&gt; it is, that's what I did with it</span><br />
<span class="irc-date">[1:21]</span> <span class="irc-black">&lt;atinm&gt; that's cool then. just care to be able to build and make sure it works</span><br />
<span class="irc-date">[1:21]</span> <span class="irc-black">&lt;codeworkx&gt; oh Kaik541</span><br />
<span class="irc-date">[1:21]</span> <span class="irc-black">&lt;codeworkx&gt; need <a href="http://www.getraenke-lensker.de/cms/images/stories/Jgermeisterflasche.jpg">http://www.getraenke-lensker.de/cms/images/stories/Jgermeisterflasche.jpg</a></span><br />
<span class="irc-date">[1:21]</span> <span class="irc-black">&lt;atinm&gt; if it is the same as 2nd, then its fine</span><br />
<span class="irc-date">[1:21]</span> <span class="irc-black">&lt;techmik67&gt; hmmmm</span><br />
<span class="irc-date">[1:21]</span> <span class="irc-black">&lt;codeworkx&gt; otherwise no go</span><br />
<span class="irc-date">[1:21]</span> <span class="irc-black">&lt;techmik67&gt; i took pic</span><br />
<span class="irc-date">[1:21]</span> <span class="irc-black">&lt;techmik67&gt; it froze after click sound</span><br />
<span class="irc-date">[1:21]</span> <span class="irc-navy">* gehzumteufel (~gehzumteu@adsl-76-252-171-187.dsl.lsan03.sbcglobal.net) Quit (Ping timeout: 246 seconds)</span><br />
<span class="irc-date">[1:21]</span> <span class="irc-black">&lt;codeworkx&gt; preview is naise?</span><br />
<span class="irc-date">[1:21]</span> <span class="irc-black">&lt;Kaik541&gt; codeworkx, of course we have jager</span><br />
<span class="irc-date">[1:21]</span> <span class="irc-black">&lt;techmik67&gt; i can move the slider</span><br />
<span class="irc-date">[1:21]</span> <span class="irc-black">&lt;techmik67&gt; but it wont stay on video</span><br />
<span class="irc-date">[1:21]</span> <span class="irc-black">&lt;wwyvern&gt; atinm.sent you pm</span><br />
<span class="irc-date">[1:21]</span> <span class="irc-green">* gehzumteufel (~gehzumteu@adsl-76-252-171-187.dsl.lsan03.sbcglobal.net) has joined this channel.</span><br />
<span class="irc-date">[1:22]</span> <span class="irc-black">&lt;techmik67&gt; back button no work</span><br />
<span class="irc-date">[1:22]</span> <span class="irc-black">&lt;techmik67&gt; home works</span><br />
<span class="irc-date">[1:22]</span> <span class="irc-black">&lt;codeworkx&gt; techmik67: preview ok?</span><br />
<span class="irc-date">[1:23]</span> <span class="irc-black">&lt;techmik67&gt; it froze right after clcik, no thumbnail, but if you mean the viewfinder/preview, yes, that works</span><br />
<span class="irc-date">[1:23]</span> <span class="irc-black">&lt;codeworkx&gt; can u gimme logcat and dmesg?</span><br />
<span class="irc-date">[1:24]</span> <span class="irc-black">&lt;techmik67&gt; sec</span><br />
<span class="irc-date">[1:26]</span> <span class="irc-black">&lt;atinm&gt; techmik, since you'll be around longer than me - please get everyone to build head once everyone is done testing this</span><br />
<span class="irc-date">[1:26]</span> <span class="irc-black">&lt;atinm&gt; wa</span><br />
<span class="irc-date">[1:26]</span> <span class="irc-black">&lt;atinm&gt; want to make sure that everyone's modem and wifi still works</span><br />
<span class="irc-date">[1:26]</span> <span class="irc-black">&lt;techmik_laptop&gt; logcat <a href="http://pastebin.com/dwH3f0Yf">http://pastebin.com/dwH3f0Yf</a></span><br />
<span class="irc-date">[1:26]</span> <span class="irc-black">&lt;gehzumteufel&gt; So sync and build?</span><br />
<span class="irc-date">[1:26]</span> <span class="irc-black">&lt;atinm&gt; it seems to for me but need vibrant and galaxys to be tested too</span><br />
<span class="irc-date">[1:26]</span> <span class="irc-black">&lt;atinm&gt; gehzumteufel: yes</span><br />
<span class="irc-date">[1:27]</span> <span class="irc-black">&lt;gehzumteufel&gt; Okay will do.</span><br />
<span class="irc-date">[1:27]</span> <span class="irc-black">&lt;atinm&gt; kaik, pester xcaliburinhand to port A1026 ;)</span><br />
<span class="irc-date">[1:27]</span> <span class="irc-black">&lt;atinm&gt; I don't know if he has made any progress</span><br />
<span class="irc-date">[1:27]</span> <span class="irc-black">&lt;Kaik541&gt; ON IT</span><br />
<span class="irc-date">[1:27]</span> <span class="irc-black">&lt;Kaik541&gt; I will send him 15 pm's</span><br />
<span class="irc-date">[1:27]</span> <span class="irc-black">&lt;techmik_laptop&gt; dmesg <a href="http://pastebin.com/cHgakeKg">http://pastebin.com/cHgakeKg</a></span><br />
<span class="irc-date">[1:28]</span> <span class="irc-black">&lt;gehzumteufel&gt; lol</span><br />
<span class="irc-date">[1:28]</span> <span class="irc-black">&lt;codeworkx&gt; techmik67: are u sure u got all stuff?</span><br />
<span class="irc-date">[1:28]</span> <span class="irc-black">&lt;atinm&gt; I'm off. even though I didn't get my injections today (last week, I start again next thursday), I'm still beat.</span><br />
<span class="irc-date">[1:28]</span> <span class="irc-black">&lt;atinm&gt; from next week I'm going to be sick as a dog again.</span><br />
<span class="irc-date">[1:29]</span> <span class="irc-black">&lt;techmik67&gt; codeworkx these are the repos:</span><br />
<span class="irc-date">[1:29]</span> <span class="irc-black">&lt;atinm&gt; so even more temperamental than usual :)</span><br />
<span class="irc-date">[1:29]</span> <span class="irc-black">&lt;techmik67&gt; <a href="https://github.com/techmik/android_vendor_samsung_common/commits/all-merge">https://github.com/techmik/android_vendor_samsung_common/commits/all-merge</a></span><br />
<span class="irc-date">[1:29]</span> <span class="irc-black">&lt;codeworkx&gt; maybe we have to enable the ffc driver for you too</span><br />
<span class="irc-date">[1:29]</span> <span class="irc-black">&lt;atinm&gt; good night.</span><br />
<span class="irc-date">[1:29]</span> <span class="irc-black">&lt;techmik67&gt; <a href="https://github.com/techmik/android_device_samsung_common/commits/all-merge">https://github.com/techmik/android_device_samsung_common/commits/all-merge</a></span><br />
<span class="irc-date">[1:29]</span> <span class="irc-green">* atinm is now known as atinm|night</span><br />
<span class="irc-date">[1:29]</span> <span class="irc-black">&lt;techmik67&gt; <a href="https://github.com/techmik/android_device_samsung_captivate/commits/camera">https://github.com/techmik/android_device_samsung_captivate/commits/camera</a></span><br />
<span class="irc-date">[1:29]</span> <span class="irc-black">&lt;techmik67&gt; <a href="https://github.com/techmik/android_kernel_samsung/commits/all-merge">https://github.com/techmik/android_kernel_samsung/commits/all-merge</a></span><br />
<span class="irc-date">[1:31]</span> <span class="irc-black">&lt;wwyvern&gt; ok, so how do Ibuild tonight?</span><br />
<span class="irc-date">[1:32]</span> <span class="irc-black">&lt;Kaik541&gt; wwyvern, with many tears</span><br />
<span class="irc-date">[1:32]</span> <span class="irc-black">&lt;wwyvern&gt; why?</span><br />
<span class="irc-date">[1:32]</span> <span class="irc-black">&lt;Kaik541&gt; it's gonna get real confusing</span><br />
<span class="irc-date">[1:32]</span> <span class="irc-black">&lt;techmik67&gt; dogs freaking.... back in 10 mins...</span><br />
<span class="irc-date">[1:33]</span> <span class="irc-black">&lt;wwyvern&gt; Somehow, I'm not surprised..ut that's ok..just give me clear directions</span><br />
<span class="irc-date">[1:33]</span> <span class="irc-black">&lt;codeworkx&gt; techmik67: something is missing</span><br />
<span class="irc-date">[1:33]</span> <span class="irc-black">&lt;wwyvern&gt; oh, and now I have cut and paste working, so it'll go much faster</span><br />
<span class="irc-date">[1:34]</span> <span class="irc-green">* teamhacksung (~teamhacks@sh1-ext.rs.github.com) has joined this channel.</span><br />
<span class="irc-date">[1:34]</span> <span class="irc-black">&lt;teamhacksung&gt; android_device_samsung_common: gingerbread codeworkx * e4ae196 (2 files in 2 dirs): disable libcamera and libs3cjpeg - <a href="http://bit.ly/iGXoSy">http://bit.ly/iGXoSy</a></span><br />
<span class="irc-date">[1:34]</span> <span class="irc-green">* teamhacksung (~teamhacks@sh1-ext.rs.github.com) has left this channel.</span><br />
<span class="irc-date">[1:34]</span> <span class="irc-green">* teamhacksung (~teamhacks@sh1-ext.rs.github.com) has joined this channel.</span><br />
<span class="irc-date">[1:34]</span> <span class="irc-black">&lt;teamhacksung&gt; android_kernel_samsung: android-samsung-2.6.35 codeworkx * 48683c3 (1 files in 1 dirs): mach-aries.c: fixes on cam regs</span><br />
<span class="irc-date">[1:34]</span> <span class="irc-black">&lt;teamhacksung&gt; android_kernel_samsung: android-samsung-2.6.35 codeworkx * 2e477e1 (2 files in 1 dirs): fixes broken front camera</span><br />
<span class="irc-date">[1:34]</span> <span class="irc-black">&lt;teamhacksung&gt; android_kernel_samsung: android-samsung-2.6.35 codeworkx * 974fd0a (13 files in 5 dirs): Merge branch 'camera' into android-samsung-2.6.35</span><br />
<span class="irc-date">[1:34]</span> <span class="irc-black">&lt;teamhacksung&gt; android_kernel_samsung: android-samsung-2.6.35 commits 4582393...974fd0a - <a href="http://bit.ly/mvVTgp">http://bit.ly/mvVTgp</a></span><br />
<span class="irc-date">[1:34]</span> <span class="irc-green">* teamhacksung (~teamhacks@sh1-ext.rs.github.com) has left this channel.</span><br />
<span class="irc-date">[1:34]</span> <span class="irc-green">* teamhacksung (~teamhacks@sh1-ext.rs.github.com) has joined this channel.</span><br />
<span class="irc-date">[1:34]</span> <span class="irc-black">&lt;teamhacksung&gt; android_device_samsung_vibrant: gingerbread codeworkx * 0825623 (1 files in 1 dirs): init.aries.rc: added tvoutserver for camera - <a href="http://bit.ly/kMAkgV">http://bit.ly/kMAkgV</a></span><br />
<span class="irc-date">[1:34]</span> <span class="irc-green">* teamhacksung (~teamhacks@sh1-ext.rs.github.com) has left this channel.</span><br />
<span class="irc-date">[1:34]</span> <span class="irc-black">&lt;Kaik541&gt; HELLO MERGE</span><br />
<span class="irc-date">[1:35]</span> <span class="irc-black">&lt;wwyvern&gt; back in a sec-macaw is eatring couch</span><br />
<span class="irc-date">[1:35]</span> <span class="irc-black">&lt;Kaik541&gt; I hope macaw is the name of a coked out friend</span><br />
<span class="irc-date">[1:35]</span> <span class="irc-black">&lt;TMC_Sherpa&gt; well, I guess the build just got alot simpler</span><br />
<span class="irc-date">[1:36]</span> <span class="irc-black">&lt;TMC_Sherpa&gt; dono, there is a bird and a marine compass, I think wwyvern may be a pirate queen or something</span><br />
<span class="irc-date">[1:36]</span> <span class="irc-black">&lt;wwyvern&gt; no, it's my bird</span><br />
<span class="irc-date">[1:36]</span> <span class="irc-black">&lt;gehzumteufel&gt; building</span><br />
<span class="irc-date">[1:36]</span> <span class="irc-black">&lt;Kaik541&gt; wwyvern, that's WAY less fun</span><br />
<span class="irc-date">[1:37]</span> <span class="irc-black">&lt;wwyvern&gt; depends...birds are quite amusing</span><br />
<span class="irc-date">[1:37]</span> <span class="irc-black">&lt;wwyvern&gt; especially when they make up names to call you</span><br />
<span class="irc-date">[1:37]</span> <span class="irc-green">* teamhacksung (~teamhacks@sh1-ext.rs.github.com) has joined this channel.</span><br />
<span class="irc-date">[1:37]</span> <span class="irc-black">&lt;teamhacksung&gt; android_vendor_samsung_common: gingerbread codeworkx * 846aa8b (2 files in 2 dirs): Merge branch 'camera' into gingerbread ... - <a href="http://bit.ly/l4k9t1">http://bit.ly/l4k9t1</a></span><br />
<span class="irc-date">[1:37]</span> <span class="irc-green">* teamhacksung (~teamhacks@sh1-ext.rs.github.com) has left this channel.</span><br />
<span class="irc-date">[1:37]</span> <span class="irc-black">&lt;Kaik541&gt; wwyvern, teach it to swim</span><br />
<span class="irc-date">[1:38]</span> <span class="irc-black">&lt;wwyvern&gt; he likes rain</span><br />
<span class="irc-date">[1:38]</span> <span class="irc-black">&lt;Kaik541&gt; tell hims wimming is like flying in pure rain</span><br />
<span class="irc-date">[1:38]</span> <span class="irc-black">&lt;wwyvern&gt; I don't know that he'd get it</span><br />
<span class="irc-date">[1:39]</span> <span class="irc-black">&lt;Kaik541&gt; just hold him there</span><br />
<span class="irc-date">[1:39]</span> <span class="irc-black">&lt;techmik67&gt; back</span><br />
<span class="irc-date">[1:39]</span> <span class="irc-black">&lt;wwyvern&gt; besides, I like him better alive</span><br />
<span class="irc-date">[1:39]</span> <span class="irc-green">* teamhacksung (~teamhacks@sh1-ext.rs.github.com) has joined this channel.</span><br />
<span class="irc-date">[1:39]</span> <span class="irc-black">&lt;teamhacksung&gt; android_kernel_samsung: android-samsung-2.6.35 codeworkx * a74a275 (5 files in 3 dirs): Merge branch 'initial' into android-samsung-2.6.35 - <a href="http://bit.ly/lg0Fli">http://bit.ly/lg0Fli</a></span><br />
<span class="irc-date">[1:39]</span> <span class="irc-green">* teamhacksung (~teamhacks@sh1-ext.rs.github.com) has left this channel.</span><br />
<span class="irc-date">[1:39]</span> <span class="irc-black">&lt;codeworkx&gt; techmik67: wipe your stuff, sync clean, build</span><br />
<span class="irc-date">[1:39]</span> <span class="irc-black">&lt;techmik67&gt; so all that is main branch now, right?</span><br />
<span class="irc-date">[1:39]</span> <span class="irc-black">&lt;techmik67&gt; k</span><br />
<span class="irc-date">[1:40]</span> <span class="irc-black">&lt;wwyvern&gt; if you want to see picks, check out  www.squeekybird.com</span><br />
<span class="irc-date">[1:40]</span> <span class="irc-black">&lt;wwyvern&gt; pics</span><br />
<span class="irc-date">[1:40]</span> <span class="irc-black">&lt;codeworkx&gt; techmik67: if something is wrong, logcat and dmesg and send email to meeeeh</span><br />
<span class="irc-date">[1:40]</span> <span class="irc-black">&lt;techmik67&gt; yupyup</span><br />
<span class="irc-date">[1:41]</span> <span class="irc-black">&lt;wwyvern&gt; should I just sync and build?</span><br />
<span class="irc-date">[1:42]</span> <span class="irc-black">&lt;wwyvern&gt; or does it get all complicated now?</span><br />
<span class="irc-date">[1:42]</span> <span class="irc-black">&lt;codeworkx&gt; sync and build</span><br />
<span class="irc-date">[1:42]</span> <span class="irc-black">&lt;TMC_Sherpa&gt; not anymore codeworkx merged it into the main branch</span><br />
<span class="irc-date">[1:42]</span> <span class="irc-black">&lt;gehzumteufel&gt; Dunno. For some reason I can't even build</span><br />
<span class="irc-date">[1:42]</span> <span class="irc-black">&lt;codeworkx&gt;   ./build.sh clean    and then   ./build.sh device kernel</span><br />
<span class="irc-date">[1:42]</span> <span class="irc-black">&lt;gehzumteufel&gt; oh</span><br />
<span class="irc-date">[1:43]</span> <span class="irc-black">&lt;gehzumteufel&gt; gotta build kernel first?</span><br />
<span class="irc-date">[1:43]</span> <span class="irc-black">&lt;codeworkx&gt; this builds kernel first and then goes to build android</span><br />
<span class="irc-date">[1:43]</span> <span class="irc-black">&lt;gehzumteufel&gt; Ah</span><br />
<span class="irc-date">[1:45]</span> <span class="irc-black">&lt;codeworkx&gt; &lt;- sleep. good nite</span><br />
<span class="irc-date">[1:45]</span> <span class="irc-black">&lt;gehzumteufel&gt; night</span><br />
<span class="irc-date">[1:45]</span> <span class="irc-navy">* codeworkx (~codeworkx@188-195-7-18-dynip.superkabel.de) Quit (Read error: Connection reset by peer)</span><br />
<span class="irc-date">[1:47]</span> <span class="irc-black">&lt;wwyvern&gt; system/core/: discarding 1 commits</span><br />
<span class="irc-date">[1:47]</span> <span class="irc-black">&lt;wwyvern&gt; project kernel/samsung/2.6.35/</span><br />
<span class="irc-date">[1:47]</span> <span class="irc-black">&lt;wwyvern&gt; It looks like git-am is in progress. Cannot rebase.</span><br />
<span class="irc-date">[1:47]</span> <span class="irc-brick">* gehzumteufel can't build</span><br />
<span class="irc-date">[1:47]</span> <span class="irc-black">&lt;gehzumteufel&gt; Shit fails</span><br />
<span class="irc-date">[1:48]</span> <span class="irc-black">&lt;TMC_Sherpa&gt; ah-ha! the stupid build script keeps going after the kernel pukes and if you didn't clean first, there will be a kernel for it to pack up so it will make you an installable package with whatever good kernel you made before</span><br />
<span class="irc-date">[1:48]</span> <span class="irc-black">&lt;gehzumteufel&gt; I cleaned</span><br />
<span class="irc-date">[1:48]</span> <span class="irc-black">&lt;gehzumteufel&gt; And then ran</span><br />
<span class="irc-date">[1:48]</span> <span class="irc-black">&lt;gehzumteufel&gt; Still borks</span><br />
<span class="irc-date">[1:49]</span> <span class="irc-black">&lt;Kaik541&gt; rm -rf ~/android/system/*</span><br />
<span class="irc-date">[1:49]</span> <span class="irc-black">&lt;Kaik541&gt; repo sync -j40</span><br />
<span class="irc-date">[1:49]</span> <span class="irc-black">&lt;gehzumteufel&gt; lol serious?</span><br />
<span class="irc-date">[1:49]</span> <span class="irc-black">&lt;TMC_Sherpa&gt; sorry, working on a different problem</span><br />
<span class="irc-date">[1:49]</span> <span class="irc-black">&lt;gehzumteufel&gt; Yeah I realised that TMC_Sherpa , sorry</span><br />
<span class="irc-date">[1:49]</span> <span class="irc-black">&lt;TMC_Sherpa&gt; s'cool</span><br />
<span class="irc-date">[1:49]</span> <span class="irc-black">&lt;Kaik541&gt; gehzumteufel, that will wipe out your entire build directory, but not your .repo folder</span><br />
<span class="irc-date">[1:50]</span> <span class="irc-black">&lt;gehzumteufel&gt; ohh</span><br />
<span class="irc-date">[1:50]</span> <span class="irc-black">&lt;TMC_Sherpa&gt; it wont have to redownload anythikng, just rebuild the directorys</span><br />
<span class="irc-date">[1:50]</span> <span class="irc-black">&lt;wwyvern&gt; bad magic, for real</span><br />
<span class="irc-date">[1:50]</span> <span class="irc-black">&lt;Kaik541&gt; so it should just reorganize your files</span><br />
<span class="irc-date">[1:50]</span> <span class="irc-black">&lt;gehzumteufel&gt; Cool</span><br />
<span class="irc-date">[1:56]</span> <span class="irc-navy">* designfears (~df@cpe-71-64-204-109.cinci.res.rr.com) Quit (Ping timeout: 252 seconds)</span><br />
<span class="irc-date">[1:58]</span> <span class="irc-black">&lt;wwyvern&gt; so what do I do here?</span><br />
<span class="irc-date">[1:59]</span> <span class="irc-black">&lt;wwyvern&gt; gonna go smoke</span><br />
<span class="irc-date">[1:59]</span> <span class="irc-black">&lt;Kaik541&gt; &lt;codeworkx&gt;   ./build.sh clean    and then   ./build.sh device kernel</span><br />
<span class="irc-date">[1:59]</span> <span class="irc-black">&lt;wwyvern&gt; back in 10</span><br />
<span class="irc-date">[2:02]</span> <span class="irc-black">&lt;gehzumteufel&gt; Yeah my shit won't build</span><br />
<span class="irc-date">[2:02]</span> <span class="irc-black">&lt;techmik67&gt; delete ~/android/system/kernel and ~/android/system/.repo/kernel if you still have a problem, then repo sync and try again......</span><br />
<span class="irc-date">[2:02]</span> <span class="irc-black">&lt;Kaik541&gt; gehzumteufel, did you delete your folders?</span><br />
<span class="irc-date">[2:02]</span> <span class="irc-black">&lt;gehzumteufel&gt; Kaik541: yes</span><br />
<span class="irc-date">[2:03]</span> <span class="irc-black">&lt;Kaik541&gt; do it again</span><br />
<span class="irc-date">[2:03]</span> <span class="irc-black">&lt;Kaik541&gt; and the .repo/kernel</span><br />
<span class="irc-date">[2:04]</span> <span class="irc-black">&lt;gehzumteufel&gt; there is no .repo/kernel</span><br />
<span class="irc-date">[2:04]</span> <span class="irc-black">&lt;techmik67&gt; its hidden =)</span><br />
<span class="irc-date">[2:04]</span> <span class="irc-black">&lt;Kaik541&gt; .repo == hidden</span><br />
<span class="irc-date">[2:05]</span> <span class="irc-black">&lt;TMC_Sherpa&gt; thats that the . on the front does</span><br />
<span class="irc-date">[2:05]</span> <span class="irc-black">&lt;Kaik541&gt; thats that the</span><br />
<span class="irc-date">[2:05]</span> <span class="irc-black">&lt;techmik67&gt; lol</span><br />
<span class="irc-date">[2:05]</span> <span class="irc-black">&lt;gehzumteufel&gt; No I know. There is a .repo but no sub folder for kernel</span><br />
<span class="irc-date">[2:05]</span> <span class="irc-black">&lt;Kaik541&gt; ls -a ~/android/system/.repo/</span><br />
<span class="irc-date">[2:05]</span> <span class="irc-black">&lt;Kaik541&gt; output pl0x</span><br />
<span class="irc-date">[2:05]</span> <span class="irc-black">&lt;gehzumteufel&gt; ben@ubuntu:~/android/system/.repo$ ls -a</span><br />
<span class="irc-date">[2:05]</span> <span class="irc-black">&lt;gehzumteufel&gt; .  ..  manifests  manifests.git  manifest.xml  project.list  projects  repo</span><br />
<span class="irc-date">[2:05]</span> <span class="irc-black">&lt;Kaik541&gt; pastebin</span><br />
<span class="irc-date">[2:06]</span> <span class="irc-black">&lt;techmik67&gt; projects/kernel</span><br />
<span class="irc-date">[2:06]</span> <span class="irc-black">&lt;TMC_Sherpa&gt; that, what, you know whatever</span><br />
<span class="irc-date">[2:06]</span> <span class="irc-black">&lt;gehzumteufel&gt; lol</span><br />
<span class="irc-date">[2:06]</span> <span class="irc-black">&lt;techmik67&gt; .repo/projects/kernel</span><br />
<span class="irc-date">[2:06]</span> <span class="irc-black">&lt;gehzumteufel&gt; so rm -rf kernel/*</span><br />
<span class="irc-date">[2:07]</span> <span class="irc-black">&lt;techmik67&gt; rm -rf kernel</span><br />
<span class="irc-date">[2:07]</span> <span class="irc-black">&lt;gehzumteufel&gt; now sync and then attempt to build</span><br />
<span class="irc-date">[2:07]</span> <span class="irc-black">&lt;techmik67&gt; rm -rf /.repo/projects/kernel</span><br />
<span class="irc-date">[2:08]</span> <span class="irc-black">&lt;gehzumteufel&gt; Yep done</span><br />
<span class="irc-date">[2:08]</span> <span class="irc-black">&lt;techmik67&gt; now resync and build =0</span><br />
<span class="irc-date">[2:08]</span> <span class="irc-black">&lt;gehzumteufel&gt; just waiting for sync</span><br />
<span class="irc-date">[2:08]</span> <span class="irc-black">&lt;techmik67&gt; you are re downloading the kernel</span><br />
<span class="irc-date">[2:08]</span> <span class="irc-black">&lt;techmik67&gt; may take a few minutes</span><br />
<span class="irc-date">[2:08]</span> <span class="irc-black">&lt;gehzumteufel&gt; yeah</span><br />
<span class="irc-date">[2:10]</span> <span class="irc-black">&lt;wwyvern&gt; syncing after removal of .repo stuff</span><br />
<span class="irc-date">[2:11]</span> <span class="irc-black">&lt;techmik67&gt; in my earlier dmesg:</span><br />
<span class="irc-date">[2:11]</span> <span class="irc-black">&lt;techmik67&gt; &lt;3&gt;[  237.124157] failed gpio_request(GPB7) for camera control</span><br />
<span class="irc-date">[2:16]</span> <span class="irc-black">&lt;chaembian&gt; Why should the kernel folders be deleted?</span><br />
<span class="irc-date">[2:16]</span> <span class="irc-black">&lt;techmik67&gt; they had issues... if you dont, then dont delete</span><br />
<span class="irc-date">[2:17]</span> <span class="irc-black">&lt;chaembian&gt; ok, let me check</span><br />
<span class="irc-date">[2:19]</span> <span class="irc-green">* zacharias (~zacharias@chello084114179145.16.15.vie.surfer.at) has joined this channel.</span><br />
<span class="irc-date">[2:19]</span> <span class="irc-green">* zacharias is now known as zacharias|bsuy</span><br />
<span class="irc-date">[2:19]</span> <span class="irc-green">* zacharias|bsuy is now known as zacharias|busy</span><br />
<span class="irc-date">[2:19]</span> <span class="irc-green">* Charkey (~Charkey@cpe-76-175-105-20.socal.res.rr.com) has joined this channel.</span><br />
<span class="irc-date">[2:19]</span> <span class="irc-black">&lt;zacharias|busy&gt; hi guys</span><br />
<span class="irc-date">[2:19]</span> <span class="irc-black">&lt;chaembian&gt; hi zacharias|busy</span><br />
<span class="irc-date">[2:20]</span> <span class="irc-black">&lt;zacharias|busy&gt; hey chaembian</span><br />
<span class="irc-date">[2:22]</span> <span class="irc-black">&lt;wwyvern&gt; building-back in a while</span><br />
<span class="irc-date">[2:42]</span> <span class="irc-navy">* zacharias|busy (~zacharias@chello084114179145.16.15.vie.surfer.at) Quit (Remote host closed the connection)</span><br />
<span class="irc-date">[2:47]</span> <span class="irc-black">&lt;gehzumteufel&gt; build failed again</span><br />
<span class="irc-date">[2:47]</span> <span class="irc-black">&lt;techmik67&gt; ./build.sh vibrant kernel</span><br />
<span class="irc-date">[2:47]</span> <span class="irc-black">&lt;techmik67&gt; failed?</span><br />
<span class="irc-date">[2:47]</span> <span class="irc-black">&lt;gehzumteufel&gt; Yes</span><br />
<span class="irc-date">[2:48]</span> <span class="irc-black">&lt;techmik67&gt; what errors? pastebin the last 50 or so lines</span><br />
<span class="irc-date">[2:49]</span> <span class="irc-black">&lt;gehzumteufel&gt; <a href="http://pastebin.com/WTNy3yZd">http://pastebin.com/WTNy3yZd</a></span><br />
<span class="irc-date">[2:49]</span> <span class="irc-black">&lt;gehzumteufel&gt; I don't honestly see an error</span><br />
<span class="irc-date">[2:50]</span> <span class="irc-black">&lt;TMC_Sherpa&gt; you need to run prepare first</span><br />
<span class="irc-date">[2:50]</span> <span class="irc-black">&lt;gehzumteufel&gt; k</span><br />
<span class="irc-date">[2:50]</span> <span class="irc-black">&lt;TMC_Sherpa&gt; can't find rommanager.apk</span><br />
<span class="irc-date">[2:51]</span> <span class="irc-black">&lt;gehzumteufel&gt; And I should probably clean now, correct?</span><br />
<span class="irc-date">[2:51]</span> <span class="irc-black">&lt;wwyvern&gt; mine hasn't failed yet, but I ran make clean first..</span><br />
<span class="irc-date">[2:52]</span> <span class="irc-black">&lt;wwyvern&gt; or mine might just be slow as hell...</span><br />
<span class="irc-date">[2:53]</span> <span class="irc-navy">* kalpik (~kalpik@unaffiliated/kalpik) Quit (Ping timeout: 264 seconds)</span><br />
<span class="irc-date">[2:54]</span> <span class="irc-black">&lt;techmik_laptop&gt; logcat of my cam fail: <a href="http://pastebin.com/Dgu8iJzN">http://pastebin.com/Dgu8iJzN</a> and dmesg: <a href="http://pastebin.com/TMyY60Sn">http://pastebin.com/TMyY60Sn</a></span><br />
<span class="irc-date">[2:54]</span> <span class="irc-black">&lt;techmik67&gt; yes, you need to rm -rf out</span><br />
<span class="irc-date">[2:54]</span> <span class="irc-black">&lt;techmik67&gt; ./build.sh clean</span><br />
<span class="irc-date">[2:54]</span> <span class="irc-black">&lt;techmik67&gt; ./build.sh prepare</span><br />
<span class="irc-date">[2:55]</span> <span class="irc-black">&lt;techmik67&gt; ./build.sh vibrant kernel</span><br />
<span class="irc-date">[2:55]</span> <span class="irc-black">&lt;techmik67&gt; sherpa</span><br />
<span class="irc-date">[2:55]</span> <span class="irc-black">&lt;techmik67&gt; TMC_Sherpa: &lt;3&gt;[  237.124157] failed gpio_request(GPB7) for camera control</span><br />
<span class="irc-date">[2:55]</span> <span class="irc-black">&lt;gehzumteufel&gt; If I ran prepare before clean, does that make a difference?</span><br />
<span class="irc-date">[2:56]</span> <span class="irc-black">&lt;TMC_Sherpa&gt; I know I think its a mach-aries problem</span><br />
<span class="irc-date">[2:56]</span> <span class="irc-black">&lt;techmik67&gt; gehzumteufel: no</span><br />
<span class="irc-date">[2:56]</span> <span class="irc-black">&lt;gehzumteufel&gt; cool and it got passed the part it was failing on. sweet thanks TMC_Sherpa</span><br />
<span class="irc-date">[2:56]</span> <span class="irc-black">&lt;techmik67&gt; and AHA!</span><br />
<span class="irc-date">[2:57]</span> <span class="irc-black">&lt;TMC_Sherpa&gt; we call it a few more times in our mach-aries than in the 'real' mach-aries</span><br />
<span class="irc-date">[2:57]</span> <span class="irc-black">&lt;techmik67&gt; D/SEC_Overlay(  189): Rotation/90</span><br />
<span class="irc-date">[2:57]</span> <span class="irc-black">&lt;techmik67&gt; LIES!!!!!</span><br />
<span class="irc-date">[2:57]</span> <span class="irc-black">&lt;techmik67&gt; Y_U_LIE!!!</span><br />
<span class="irc-date">[2:58]</span> <span class="irc-black">&lt;techmik67&gt; E/SecCamera(  104): ERR(int android::fimc_v4l2_s_ctrl(int, unsigned int, unsigned int)):VIDIOC_S_CTRL(id = 0x8000032 (50), value = 0) failed ret = -1</span><br />
<span class="irc-date">[2:58]</span> <span class="irc-black">&lt;techmik67&gt; E/SecCamera(  104): unsigned char* android::SecCamera::getJpeg(int*, unsigned int*)::1769 fail, errno: Invalid argument, m_camera_id = 0</span><br />
<span class="irc-date">[2:58]</span> <span class="irc-black">&lt;techmik67&gt; E/CameraHardwareSec(  104): ERR(int android::CameraHardwareSec::pictureThread()):Fail on SecCamera-&gt;getJpeg()</span><br />
<span class="irc-date">[2:59]</span> <span class="irc-black">&lt;TMC_Sherpa&gt; soon as this kernel fails to build I'll look at aries</span><br />
