<span class="irc-date">[0:08]</span> <span class="irc-black">&lt;TCMAN-web&gt; i am ;-)</span><br />
<span class="irc-date">[0:12]</span> <span class="irc-navy">* birdman-dead (~Steven@24.246.130.106) Quit (Ping timeout: 240 seconds)</span><br />
<span class="irc-date">[11:33]</span> <span class="irc-brown">-anthony.freenode.net- *** Looking up your hostname...</span><br />
<span class="irc-date">[11:33]</span> <span class="irc-brown">-anthony.freenode.net- *** Checking Ident</span><br />
<span class="irc-date">[11:33]</span> <span class="irc-brown">-anthony.freenode.net- *** Found your hostname</span><br />
<span class="irc-date">[11:33]</span> <span class="irc-brown">-anthony.freenode.net- *** No Ident response</span><br />
<span class="irc-date">[11:34]</span> <span class="irc-green">* cmsgsteam-logger (~PircBot@cmsgs.com) has joined this channel.</span><br />
<span class="irc-date">[11:34]</span> <span class="irc-green">* Topic is 'SGS CyanogenMod developers and testers (and other kernel and android hackers) - <a href="http://www.cmsgs.com/'">http://www.cmsgs.com/'</a></span><br />
<span class="irc-date">[11:34]</span> <span class="irc-green">* Set by atinm|night!~atin@unaffiliated/atinm on Sun Dec 19 02:05:32 GMT 2010</span><br />
<span class="irc-date">[11:34]</span> <span class="irc-brown">-ChanServ- [#__topsecret__] SGS-CM6 developers and testers only pls. Others could be kickbanned if not contributing to the channel's function.</span><br />
<span class="irc-date">[11:34]</span> <span class="irc-green">* ChanServ sets mode +o cmsgsteam-logger</span><br />
<span class="irc-date">[11:34]</span> <span class="irc-green">* atinm (~atin@unaffiliated/atinm) has joined this channel.</span><br />
<span class="irc-date">[11:34]</span> <span class="irc-green">* ChanServ sets mode +o atinm</span><br />
<span class="irc-date">[11:46]</span> <span class="irc-black">&lt;atinm&gt; hrm, no codeworkx or coolya..</span><br />
<span class="irc-date">[11:46]</span> <span class="irc-black">&lt;atinm&gt; prebuilt/linux-x86/toolchain/arm-eabi-4.4.3/bin/../lib/gcc/arm-eabi/4.4.3/../../../../arm-eabi/bin/ld: out/target/product/captivate/obj/EXECUTABLES/updater_intermediates/install.o: in function FormatFn:bootable/recovery/updater/install.c:236: error: undefined reference to 'reset_ext4fs_info'</span><br />
<span class="irc-date">[11:46]</span> <span class="irc-black">&lt;atinm&gt; prebuilt/linux-x86/toolchain/arm-eabi-4.4.3/bin/../lib/gcc/arm-eabi/4.4.3/../../../../arm-eabi/bin/ld: out/target/product/captivate/obj/EXECUTABLES/updater_intermediates/install.o: in function FormatFn:bootable/recovery/updater/install.c:237: error: undefined reference to 'make_ext4fs'</span><br />
<span class="irc-date">[12:15]</span> <span class="irc-black">&lt;atinm&gt; making captivate duplicate galaxys device tree and vendor tree again and see what happens</span><br />
<span class="irc-date">[12:22]</span> <span class="irc-black">&lt;atinm&gt; crap. same.</span><br />
<span class="irc-date">[12:22]</span> <span class="irc-black">&lt;atinm&gt; somehow system/extras/ext4_utils is not being pulled into recovery</span><br />
<span class="irc-date">[12:34]</span> <span class="irc-black">&lt;atinm&gt; hrm - clean and rebuild made it build. I guess I had an older object sitting around that was referencing ext4</span><br />
<span class="irc-date">[12:44]</span> <span class="irc-black">&lt;coolya&gt; atinm:</span><br />
<span class="irc-date">[12:44]</span> <span class="irc-black">&lt;coolya&gt; i'm back</span><br />
<span class="irc-date">[12:44]</span> <span class="irc-black">&lt;atinm&gt; hey</span><br />
<span class="irc-date">[12:44]</span> <span class="irc-black">&lt;coolya&gt; hi</span><br />
<span class="irc-date">[12:45]</span> <span class="irc-black">&lt;atinm&gt; I seem to be making better progress after I recopied the galaxys device and vendor trees and cleaned</span><br />
<span class="irc-date">[12:45]</span> <span class="irc-black">&lt;atinm&gt; now it is building</span><br />
<span class="irc-date">[12:45]</span> <span class="irc-black">&lt;coolya&gt; ok</span><br />
<span class="irc-date">[12:45]</span> <span class="irc-black">&lt;atinm&gt; I need write access to bootable/recovery</span><br />
<span class="irc-date">[12:45]</span> <span class="irc-black">&lt;atinm&gt; I modified it to also add download mode</span><br />
<span class="irc-date">[12:45]</span> <span class="irc-black">&lt;atinm&gt; I guess I can check it into cmsgs too</span><br />
<span class="irc-date">[12:46]</span> <span class="irc-black">&lt;atinm&gt; once captivate starts building/working close to what galaxys is, we should go back to cmsgs and create gingerbread branches there and work there so we can collaborate more easily</span><br />
<span class="irc-date">[12:46]</span> <span class="irc-black">&lt;coolya&gt; i'll give you rights on my repo</span><br />
<span class="irc-date">[12:47]</span> <span class="irc-black">&lt;atinm&gt; for now I am ok with working on your repo because you are the busiest of us :)</span><br />
<span class="irc-date">[12:47]</span> <span class="irc-black">&lt;coolya&gt; :-)</span><br />
<span class="irc-date">[12:48]</span> <span class="irc-black">&lt;atinm&gt; cool! it is signing the zip for captivate cyanogen!</span><br />
<span class="irc-date">[12:48]</span> <span class="irc-black">&lt;atinm&gt; guess it built :)</span><br />
<span class="irc-date">[12:49]</span> <span class="irc-black">&lt;atinm&gt; have to get permission from wife to break my phone now :)</span><br />
<span class="irc-date">[12:49]</span> <span class="irc-black">&lt;atinm&gt; can't flash unless she is ok with me being unavailable!</span><br />
<span class="irc-date">[12:50]</span> <span class="irc-black">&lt;coolya&gt; how is the thing with the lawsuit?</span><br />
<span class="irc-date">[12:50]</span> <span class="irc-black">&lt;coolya&gt; is the captivate gsm ?</span><br />
<span class="irc-date">[12:52]</span> <span class="irc-black">&lt;atinm&gt; yes, gsm</span><br />
<span class="irc-date">[12:53]</span> <span class="irc-black">&lt;atinm&gt; the other side caved and gave back the money to us</span><br />
<span class="irc-date">[12:53]</span> <span class="irc-black">&lt;atinm&gt; I was very forceful ;)</span><br />
<span class="irc-date">[12:53]</span> <span class="irc-black">&lt;coolya&gt; :-)</span><br />
<span class="irc-date">[12:53]</span> <span class="irc-black">&lt;noobnl&gt; lol</span><br />
<span class="irc-date">[12:54]</span> <span class="irc-black">&lt;atinm&gt; so phone is allowed to be borked again</span><br />
<span class="irc-date">[12:54]</span> <span class="irc-black">&lt;atinm&gt; but have to confirm! :)</span><br />
<span class="irc-date">[12:54]</span> <span class="irc-black">&lt;noobnl&gt;  i cannot figuree iout the damn bug in the  calls it happens in stock rp,</span><br />
<span class="irc-date">[12:54]</span> <span class="irc-black">&lt;noobnl&gt;  i cannot figuree iout the damn bug in the  calls it happens in stock rom</span><br />
<span class="irc-date">[12:54]</span> <span class="irc-black">&lt;noobnl&gt; *</span><br />
<span class="irc-date">[12:54]</span> <span class="irc-black">&lt;noobnl&gt;  leaked*</span><br />
<span class="irc-date">[12:55]</span> <span class="irc-black">&lt;noobnl&gt;  it must be sammy problem</span><br />
<span class="irc-date">[12:58]</span> <span class="irc-black">&lt;atinm&gt; coolya: guess you gave me write access</span><br />
<span class="irc-date">[12:58]</span> <span class="irc-black">&lt;atinm&gt; coolya: I just pushed - it is dirty, requires BOARD_HAS_DOWNLOAD_MODE in the BoardConfig for the phones that have download mode</span><br />
<span class="irc-date">[12:58]</span> <span class="irc-black">&lt;atinm&gt; so I added that to captivate, you may want to add that to galaxys</span><br />
<span class="irc-date">[12:59]</span> <span class="irc-black">&lt;coolya&gt; ok :-)</span><br />
<span class="irc-date">[13:06]</span> <span class="irc-black">&lt;atinm&gt; add gingerbread branch to cmsgs/bootable/recovery and checked in the same code</span><br />
<span class="irc-date">[13:06]</span> <span class="irc-black">&lt;atinm&gt; and gave you access to it too</span><br />
<span class="irc-date">[13:06]</span> <span class="irc-black">&lt;atinm&gt; so you *can* change android/default.xml and refer to cmsgs/android_bootable_recovery</span><br />
<span class="irc-date">[13:07]</span> <span class="irc-black">&lt;atinm&gt; :)</span><br />
<span class="irc-date">[13:07]</span> <span class="irc-green">* codeworkx (~codeworkx@95-89-111-251-dynip.superkabel.de) has joined this channel.</span><br />
<span class="irc-date">[13:08]</span> <span class="irc-black">&lt;atinm&gt; as 3 or more ppl start working on a repo, we should move it back to cmsgs - for now only android_bootable_recovery on cmsgs has a gingerbread branch and it matches yours.</span><br />
<span class="irc-date">[13:11]</span> <span class="irc-black">&lt;atinm&gt; off for a bit - hi codeworkx</span><br />
<span class="irc-date">[13:12]</span> <span class="irc-black">&lt;codeworkx&gt; hi</span><br />
<span class="irc-date">[13:12]</span> <span class="irc-black">&lt;atinm&gt; I'll  be back . . . need to understand more about keypad stuff</span><br />
<span class="irc-date">[13:12]</span> <span class="irc-black">&lt;atinm&gt; and what I need to make different from galaxys</span><br />
<span class="irc-date">[13:12]</span> <span class="irc-black">&lt;atinm&gt; if anything</span><br />
<span class="irc-date">[13:13]</span> <span class="irc-black">&lt;atinm&gt; I thought galaxys and captivate were very similar except for orientation and sound</span><br />
<span class="irc-date">[13:14]</span> <span class="irc-black">&lt;atinm&gt; back in a bit.</span><br />
<span class="irc-date">[13:14]</span> <span class="irc-green">* atinm is now known as atinm|away</span><br />
<span class="irc-date">[13:49]</span> <span class="irc-black">&lt;codeworkx&gt; atinm <a href="https://github.com/coolya/android_bootable_recovery/commit/9d1be9c09e812da68daa3a6e6048f6ecdc2a98bb">https://github.com/coolya/android_bootable_recovery/commit/9d1be9c09e812da68daa3a6e6048f6ecdc2a98bb</a></span><br />
<span class="irc-date">[13:51]</span> <span class="irc-black">&lt;codeworkx&gt; you had an error in your code. case 1 exists twice if board has no download mode. would break all other devices. and the excessive usage if IFDEF makes the code unreadable.</span><br />
<span class="irc-date">[13:58]</span> <span class="irc-black">&lt;atinm|away&gt; I guess I can just avoid #ifdef like everything else does</span><br />
<span class="irc-date">[13:59]</span> <span class="irc-black">&lt;atinm|away&gt; because partition sd card, fix permissions and partition internal sd card etc don't use #ifdef either</span><br />
<span class="irc-date">[14:00]</span> <span class="irc-black">&lt;atinm|away&gt; the problem is that ther eis no other way to do it. it is ugly, but because not everything has download mode, there has to be an ifdef.</span><br />
<span class="irc-date">[14:00]</span> <span class="irc-black">&lt;atinm|away&gt; I'll fix the error tho</span><br />
<span class="irc-date">[14:03]</span> <span class="irc-black">&lt;codeworkx&gt; download mode would not work without touching param.lfs</span><br />
<span class="irc-date">[14:04]</span> <span class="irc-black">&lt;codeworkx&gt; i'll not touch it</span><br />
<span class="irc-date">[14:04]</span> <span class="irc-black">&lt;atinm|away&gt; how to we get into download mode now? I thought it was just bootmode=3</span><br />
<span class="irc-date">[14:04]</span> <span class="irc-black">&lt;codeworkx&gt; 3 button</span><br />
<span class="irc-date">[14:05]</span> <span class="irc-black">&lt;codeworkx&gt; but reboot download or reboot recovery wont work</span><br />
<span class="irc-date">[14:05]</span> <span class="irc-black">&lt;codeworkx&gt; you have to write the next desired bootmode to param.lfs</span><br />
<span class="irc-date">[14:05]</span> <span class="irc-black">&lt;atinm|away&gt; something changed there between froyo and gingerbread? we cannot pass bootmode anymore?</span><br />
<span class="irc-date">[14:05]</span> <span class="irc-black">&lt;codeworkx&gt; the kernel ;-)</span><br />
<span class="irc-date">[14:06]</span> <span class="irc-black">&lt;atinm|away&gt; I understand that - I mean, in passing bootmodes. we can't pass that anymore?</span><br />
<span class="irc-date">[14:06]</span> <span class="irc-black">&lt;codeworkx&gt; without writing to param.lfs there seems to be no way</span><br />
<span class="irc-date">[14:06]</span> <span class="irc-black">&lt;atinm|away&gt; because reboot recovery is still there, and that is just bootmode=2</span><br />
<span class="irc-date">[14:06]</span> <span class="irc-black">&lt;codeworkx&gt; but it doesnt work</span><br />
<span class="irc-date">[14:07]</span> <span class="irc-black">&lt;atinm|away&gt; ah, ok.</span><br />
<span class="irc-date">[14:07]</span> <span class="irc-black">&lt;atinm|away&gt; then download won't either until we futz with passing params</span><br />
<span class="irc-date">[14:07]</span> <span class="irc-black">&lt;codeworkx&gt; yes</span><br />
<span class="irc-date">[14:11]</span> <span class="irc-black">&lt;atinm|away&gt; so then we should take out reboot recovery too . . .</span><br />
<span class="irc-date">[14:11]</span> <span class="irc-black">&lt;atinm|away&gt; which puts us back in ifdef crap.</span><br />
<span class="irc-date">[14:12]</span> <span class="irc-black">&lt;atinm|away&gt; I guess it'll just do a reboot.</span><br />
<span class="irc-date">[14:12]</span> <span class="irc-black">&lt;atinm|away&gt; is bootmode not being passed at all now?</span><br />
<span class="irc-date">[14:13]</span> <span class="irc-black">&lt;codeworkx&gt; no, be compatible with mainline</span><br />
<span class="irc-date">[14:13]</span> <span class="irc-black">&lt;codeworkx&gt; our goal is to bring all stuff back into mainline</span><br />
<span class="irc-date">[14:14]</span> <span class="irc-black">&lt;atinm|away&gt; when we do get (if) param.lfs working to pass bootmode, we would want both recovery and download for sgs</span><br />
<span class="irc-date">[14:15]</span> <span class="irc-black">&lt;codeworkx&gt; but we'll not touch param.lfs</span><br />
<span class="irc-date">[14:15]</span> <span class="irc-black">&lt;atinm|away&gt; and just as there are other #ifdefs in there, we could have one for download mode</span><br />
<span class="irc-date">[14:15]</span> <span class="irc-black">&lt;codeworkx&gt; if its fucked up, you can throw your phone away</span><br />
<span class="irc-date">[14:15]</span> <span class="irc-black">&lt;atinm|away&gt; true. do we just give up on samsung ever releasing gingerbread for our phones? :)</span><br />
<span class="irc-date">[14:15]</span> <span class="irc-black">&lt;codeworkx&gt; they'll release it</span><br />
<span class="irc-date">[14:16]</span> <span class="irc-black">&lt;codeworkx&gt; february/march i think</span><br />
<span class="irc-date">[14:18]</span> <span class="irc-black">&lt;atinm|away&gt; alright - moving it to the bottom is fine, at least it would be easier to manage</span><br />
<span class="irc-date">[14:18]</span> <span class="irc-black">&lt;atinm|away&gt; and if we ever have param.lfs w/ gingerbread that is blessed by samsung, we could use it</span><br />
<span class="irc-date">[14:18]</span> <span class="irc-black">&lt;codeworkx&gt; but we're still not able to handel bootmodes xD</span><br />
<span class="irc-date">[14:18]</span> <span class="irc-black">&lt;codeworkx&gt; yes maybe</span><br />
<span class="irc-date">[14:19]</span> <span class="irc-black">&lt;atinm|away&gt; but for now it is as bad as reboot recovery, but no worse :)</span><br />
<span class="irc-date">[14:19]</span> <span class="irc-black">&lt;codeworkx&gt; you're forced to use 3 button combo at the moment</span><br />
<span class="irc-date">[14:19]</span> <span class="irc-black">&lt;codeworkx&gt; but it's not bad at all</span><br />
<span class="irc-date">[14:19]</span> <span class="irc-black">&lt;atinm|away&gt; yeah - that is why I liked being able to go straight to download from recovery - was easier, but I can handle either.</span><br />
<span class="irc-date">[14:20]</span> <span class="irc-black">&lt;atinm|away&gt; the ppl who don't have 3 button are few</span><br />
<span class="irc-date">[14:20]</span> <span class="irc-black">&lt;atinm|away&gt; if any - I think that problem was a hardware bug on some phones</span><br />
<span class="irc-date">[14:21]</span> <span class="irc-black">&lt;codeworkx&gt; so samsung has to fix it</span><br />
<span class="irc-date">[14:21]</span> <span class="irc-black">&lt;codeworkx&gt; its not our problem ;-)</span><br />
<span class="irc-date">[14:21]</span> <span class="irc-black">&lt;codeworkx&gt; is your phone running cm7?</span><br />
<span class="irc-date">[14:21]</span> <span class="irc-black">&lt;atinm|away&gt; not yet, I'm futzing in the kernel right now to make sure I have all the sound stuff</span><br />
<span class="irc-date">[14:21]</span> <span class="irc-black">&lt;atinm|away&gt; then I flash - most probably later in the afternoon</span><br />
<span class="irc-date">[14:22]</span> <span class="irc-black">&lt;atinm|away&gt; (it is morning here)</span><br />
<span class="irc-date">[14:23]</span> <span class="irc-black">&lt;atinm|away&gt; for some reason, changing aries_captivate_defconfig is messing up</span><br />
<span class="irc-date">[14:23]</span> <span class="irc-black">&lt;atinm|away&gt; I think I also have to do some other stuff with Kconfigs - brb</span><br />
<span class="irc-date">[14:32]</span> <span class="irc-green">* neldar (~neldar@dsl21-104.pool.bitel.net) has joined this channel.</span><br />
<span class="irc-date">[14:32]</span> <span class="irc-black">&lt;- *neldar* Bot Sentry eingeschalten:  Sie werden jetzt ignoriert!  Ihre Nachricht wird übermittelt wenn sie die folgenden Fragen innerhalb von 10 Minuten richtig beantworten:  How do you spell the result of ten div_ided by 2?</span><br />
<span class="irc-date">[17:11]</span> <span class="irc-green">* thedeanius (~dean@c-24-2-24-87.hsd1.mo.comcast.net) has joined this channel.</span><br />
<span class="irc-date">[17:30]</span> <span class="irc-green">* atinm|away is now known as atinm</span><br />
<span class="irc-date">[17:31]</span> <span class="irc-black">&lt;atinm&gt; how do I make a backup of my efs partition and also modem.bin?</span><br />
<span class="irc-date">[17:31]</span> <span class="irc-black">&lt;atinm&gt; dd if=/dev/block/stl3 of=/sdcard/efs.img should do it?</span><br />
<span class="irc-date">[17:31]</span> <span class="irc-black">&lt;atinm&gt; (this is on froyo)</span><br />
<span class="irc-date">[17:33]</span> <span class="irc-black">&lt;UberPinguin&gt; That should work.  It'll give you an image of whatever is on stl3.</span><br />
<span class="irc-date">[17:49]</span> <span class="irc-black">&lt;atinm&gt; hmm, or does codeworkx/coolya mean cp /efs to sdcard when making a backup of efs</span><br />
<span class="irc-date">[17:50]</span> <span class="irc-black">&lt;atinm&gt; codeworkx: coolya: do you want me to do a cp or a dd when backing up/restoring efs?</span><br />
<span class="irc-date">[17:51]</span> <span class="irc-black">&lt;atinm&gt; and change ownership of the files on restore back to 1001 1001?</span><br />
<span class="irc-date">[17:52]</span> <span class="irc-black">&lt;coolya&gt; you just can cp it in, owern doesn't need to be changed</span><br />
<span class="irc-date">[17:53]</span> <span class="irc-black">&lt;atinm&gt; ok, so I just did a cp -ar /efs /sdcard</span><br />
<span class="irc-date">[17:54]</span> <span class="irc-black">&lt;atinm&gt; and it seems to have copied efs to /sdcard/efs - but ownership and permissions seem to have changed. how do you do it?</span><br />
<span class="irc-date">[17:54]</span> <span class="irc-black">&lt;coolya&gt; when you boot it should mount /efs as yaffs and you can copy it there</span><br />
<span class="irc-date">[17:56]</span> <span class="irc-black">&lt;coolya&gt; but you have to write a modem to mtdblock5 before the ril will come up</span><br />
<span class="irc-date">[17:57]</span> <span class="irc-black">&lt;coolya&gt; just write some modem.bin with dd to it</span><br />
<span class="irc-date">[17:57]</span> <span class="irc-black">&lt;atinm&gt; yes, I copied the modem.bin too</span><br />
<span class="irc-date">[17:57]</span> <span class="irc-black">&lt;atinm&gt; ok</span><br />
