<span class="irc-date">[0:00]</span> <span class="irc-green">* thedeanius (~dean@c-24-2-24-87.hsd1.mo.comcast.net) has joined this channel.</span><br />
<span class="irc-date">[0:03]</span> <span class="irc-green">* atinm (~atin@unaffiliated/atinm) has joined this channel.</span><br />
<span class="irc-date">[0:03]</span> <span class="irc-green">* ChanServ sets mode +o atinm</span><br />
<span class="irc-date">[0:05]</span> <span class="irc-black">&lt;atinm&gt; funny, we look like such slugs . . . last commit was 2 days ago .  ..</span><br />
<span class="irc-date">[0:06]</span> <span class="irc-black">&lt;atinm&gt; I feel like uploading a captivate update.</span><br />
<span class="irc-date">[0:06]</span> <span class="irc-black">&lt;atinm&gt; just 'cause.</span><br />
<span class="irc-date">[0:07]</span> <span class="irc-black">&lt;atinm&gt; put some random changelog in there..</span><br />
<span class="irc-date">[0:07]</span> <span class="irc-black">&lt;atinm&gt; "updated Makefile in preparation for merge to Mainline! Yeah!"</span><br />
<span class="irc-date">[0:07]</span> <span class="irc-black">&lt;atinm&gt; ;)</span><br />
<span class="irc-date">[0:08]</span> <span class="irc-black">&lt;techmik67&gt; lol</span><br />
<span class="irc-date">[0:09]</span> <span class="irc-black">&lt;techmik67&gt; we need koush to look at the 2 things again</span><br />
<span class="irc-date">[0:09]</span> <span class="irc-black">&lt;atinm&gt; ohmigod -- coolya said 'fart' on twitter ;)</span><br />
<span class="irc-date">[0:09]</span> <span class="irc-black">&lt;atinm&gt; ...and I knew exactly who he was talking about.</span><br />
<span class="irc-date">[0:11]</span> <span class="irc-black">&lt;Kaik541&gt; heh</span><br />
<span class="irc-date">[0:11]</span> <span class="irc-black">&lt;Kaik541&gt; I'm gonna guess someone who focuses a lot on color and sound? :P</span><br />
<span class="irc-date">[0:12]</span> <span class="irc-black">&lt;atinm&gt; oh there are others things he focuses - mostly to do with our favorite manufacturer's stinkers.</span><br />
<span class="irc-date">[0:13]</span> <span class="irc-black">&lt;atinm&gt; anyway - coolya, if you're in alsa land, maybe you should just do the sound stuff that everyone loves so much.</span><br />
<span class="irc-date">[0:13]</span> <span class="irc-black">&lt;atinm&gt; (I still don't know whether that stuff is real)</span><br />
<span class="irc-date">[0:13]</span> <span class="irc-black">&lt;atinm&gt; (never tried it . . .)</span><br />
<span class="irc-date">[0:16]</span> <span class="irc-black">&lt;atinm&gt; Guess Cloud Drive is missing the shared folder concept that Dropbox does so well</span><br />
<span class="irc-date">[0:16]</span> <span class="irc-black">&lt;techmik67&gt; yup</span><br />
<span class="irc-date">[0:16]</span> <span class="irc-black">&lt;atinm&gt; the whole music sharing thing would bite amazon</span><br />
<span class="irc-date">[0:16]</span> <span class="irc-black">&lt;atinm&gt; that's why I guess</span><br />
<span class="irc-date">[0:16]</span> <span class="irc-black">&lt;atinm&gt; so didn't quite get in Dropbox's face.</span><br />
<span class="irc-date">[0:16]</span> <span class="irc-black">&lt;atinm&gt; but close.</span><br />
<span class="irc-date">[0:16]</span> <span class="irc-black">&lt;atinm&gt; definitely got in AAPL's face :)</span><br />
<span class="irc-date">[0:16]</span> <span class="irc-black">&lt;atinm&gt; and Google's</span><br />
<span class="irc-date">[0:16]</span> <span class="irc-black">&lt;Unhelpful&gt; is there a list of team twitter accounts?</span><br />
<span class="irc-date">[0:17]</span> <span class="irc-black">&lt;atinm&gt; umm, no - I just randomly picked ppl. I think I have most</span><br />
<span class="irc-date">[0:17]</span> <span class="irc-black">&lt;atinm&gt; so if you have me, you can see who I follow</span><br />
<span class="irc-date">[0:17]</span> <span class="irc-black">&lt;atinm&gt; I think you do</span><br />
<span class="irc-date">[0:18]</span> <span class="irc-black">&lt;atinm&gt; I added kmobs yesterday</span><br />
<span class="irc-date">[0:18]</span> <span class="irc-black">&lt;techmik67&gt; see, i just repo synced and there wwere several new things....... i want *our* changes (and by our, i mean Unhelpful)</span><br />
<span class="irc-date">[0:18]</span> <span class="irc-black">&lt;atinm&gt; only because samsung seemed to be communicating with him.</span><br />
<span class="irc-date">[0:19]</span> <span class="irc-black">&lt;atinm&gt; but my list is very small - and I vacillate between curio on and off.</span><br />
<span class="irc-date">[0:19]</span> <span class="irc-black">&lt;atinm&gt; when he becomes quiet, I follow him. when he tweets every thing that comes into his head, I take him off</span><br />
<span class="irc-date">[0:19]</span> <span class="irc-black">&lt;atinm&gt; right now he's off</span><br />
<span class="irc-date">[0:19]</span> <span class="irc-black">&lt;techmik67&gt; hey, what is the *proper* way to use the code review page to test? if i create a new branch, change to it, then use the "pull" link, i always get merge confilct in core/Makefile......</span><br />
<span class="irc-date">[0:20]</span> <span class="irc-brick">* Unhelpful sees he probably won't get much out of following coolya ;)</span><br />
<span class="irc-date">[0:20]</span> <span class="irc-black">&lt;atinm&gt; techmik67: that's because unhelpful is doing diffs against cyanogenmod as he should</span><br />
<span class="irc-date">[0:20]</span> <span class="irc-black">&lt;atinm&gt; not our tree</span><br />
<span class="irc-date">[0:20]</span> <span class="irc-black">&lt;atinm&gt; I actually go into the cyanogenmod tree</span><br />
<span class="irc-date">[0:20]</span> <span class="irc-black">&lt;techmik67&gt; so i am idoing it the right way?</span><br />
<span class="irc-date">[0:21]</span> <span class="irc-black">&lt;atinm&gt; create a branch there and pull it</span><br />
<span class="irc-date">[0:21]</span> <span class="irc-black">&lt;Unhelpful&gt; or just check it out</span><br />
<span class="irc-date">[0:21]</span> <span class="irc-black">&lt;atinm&gt; couldn't think of a quicker way.</span><br />
<span class="irc-date">[0:21]</span> <span class="irc-black">&lt;techmik67&gt; use the checkout link? right from the gingerbread branch?</span><br />
<span class="irc-date">[0:21]</span> <span class="irc-black">&lt;atinm&gt; I dunno if that will create a merge conflict</span><br />
<span class="irc-date">[0:21]</span> <span class="irc-black">&lt;atinm&gt; I wanted to try each step</span><br />
<span class="irc-date">[0:22]</span> <span class="irc-black">&lt;techmik67&gt; no, it puts you in detached head</span><br />
<span class="irc-date">[0:22]</span> <span class="irc-black">&lt;atinm&gt; so I just did it on the cyanogenmod tree</span><br />
<span class="irc-date">[0:22]</span> <span class="irc-black">&lt;atinm&gt; ok, that works then</span><br />
<span class="irc-date">[0:22]</span> <span class="irc-black">&lt;Unhelpful&gt; atinm: per review you can just git fetch &lt;url&gt; ; git checkout FETCH_HEAD</span><br />
<span class="irc-date">[0:22]</span> <span class="irc-black">&lt;atinm&gt; yeah, coolya you need babelfish or something for</span><br />
<span class="irc-date">[0:23]</span> <span class="irc-black">&lt;atinm&gt; google translate.</span><br />
<span class="irc-date">[0:23]</span> <span class="irc-black">&lt;atinm&gt; tho when he wants to communicate with us non german speakers, he speaks english :)</span><br />
<span class="irc-date">[0:23]</span> <span class="irc-black">&lt;Unhelpful&gt; um, google translate appears not to work w/ twitter's abuse of hash</span><br />
<span class="irc-date">[0:24]</span> <span class="irc-black">&lt;atinm&gt; Unhelpful: I'll try that next time.</span><br />
<span class="irc-date">[0:24]</span> <span class="irc-black">&lt;Unhelpful&gt; techmik67: if you try to check that out you need only #4127, since it's on top of the other.</span><br />
<span class="irc-date">[0:24]</span> <span class="irc-black">&lt;atinm&gt; it worked from Cyanogenmod - I think I was hopped up on drugs when I was doing the Makefile stuff - it was the weekend of my being in hell from the sideeffects</span><br />
<span class="irc-date">[0:25]</span> <span class="irc-black">&lt;techmik67&gt; aha! thanks</span><br />
<span class="irc-date">[0:25]</span> <span class="irc-black">&lt;atinm&gt; so I wasn't really thinking straight :)</span><br />
<span class="irc-date">[0:25]</span> <span class="irc-black">&lt;atinm&gt; trying to get up the activation energy to go back into vibrant code ...</span><br />
<span class="irc-date">[0:25]</span> <span class="irc-black">&lt;Unhelpful&gt; should i just merge this locally, and the required device/kernel changes, for now? it's better than what we have, and not accepted upstream yet but more acceptable. :)</span><br />
<span class="irc-date">[0:26]</span> <span class="irc-black">&lt;atinm&gt; stupid headset.</span><br />
<span class="irc-date">[0:26]</span> <span class="irc-black">&lt;atinm&gt; I was going to ask that.</span><br />
<span class="irc-date">[0:26]</span> <span class="irc-black">&lt;atinm&gt; I was thinking yes</span><br />
<span class="irc-date">[0:26]</span> <span class="irc-black">&lt;techmik67&gt; it certainly all works</span><br />
<span class="irc-date">[0:26]</span> <span class="irc-black">&lt;atinm&gt; Unhelpful: yes, merge.</span><br />
<span class="irc-date">[0:26]</span> <span class="irc-black">&lt;techmik67&gt; woohoo!!</span><br />
<span class="irc-date">[0:27]</span> <span class="irc-black">&lt;atinm&gt; that can go in the changelog ;)</span><br />
<span class="irc-date">[0:27]</span> <span class="irc-black">&lt;techmik67&gt; make new nightlies?</span><br />
<span class="irc-date">[0:27]</span> <span class="irc-black">&lt;atinm&gt; actually, I think there is a actually one fix that I've not put out</span><br />
<span class="irc-date">[0:27]</span> <span class="irc-black">&lt;atinm&gt; the irq sleep thing</span><br />
<span class="irc-date">[0:27]</span> <span class="irc-black">&lt;atinm&gt; or did I put that out</span><br />
<span class="irc-date">[0:27]</span> <span class="irc-black">&lt;atinm&gt; gah.</span><br />
<span class="irc-date">[0:28]</span> <span class="irc-black">&lt;atinm&gt; guess not.</span><br />
<span class="irc-date">[0:28]</span> <span class="irc-black">&lt;atinm&gt; after unhelpful merges I'll rebuild clean and upload</span><br />
<span class="irc-date">[0:29]</span> <span class="irc-black">&lt;atinm&gt; get ppl to stop dropping hints about getting withdrawal symptoms...</span><br />
<span class="irc-date">[0:30]</span> <span class="irc-black">&lt;atinm&gt; hmm, wtf.</span><br />
<span class="irc-date">[0:30]</span> <span class="irc-black">&lt;atinm&gt; settings changed upstream</span><br />
<span class="irc-date">[0:32]</span> <span class="irc-black">&lt;atinm&gt; not the mount stuff</span><br />
<span class="irc-date">[0:32]</span> <span class="irc-black">&lt;atinm&gt; which will never get merged upstream . . .</span><br />
<span class="irc-date">[0:32]</span> <span class="irc-black">&lt;atinm&gt; and I'd hate to have to maintain a fork.</span><br />
<span class="irc-date">[0:33]</span> <span class="irc-black">&lt;atinm&gt; guess someone should remind them to look again . . .</span><br />
<span class="irc-date">[0:33]</span> <span class="irc-black">&lt;atinm&gt; not me.</span><br />
<span class="irc-date">[0:33]</span> <span class="irc-black">&lt;techmik67&gt; i'm a nobody....</span><br />
<span class="irc-date">[0:33]</span> <span class="irc-black">&lt;atinm&gt; coolya.</span><br />
<span class="irc-date">[0:34]</span> <span class="irc-black">&lt;atinm&gt; he wasn't the one who threw out the guy who did the Settings stuff :)</span><br />
<span class="irc-date">[0:34]</span> <span class="irc-black">&lt;techmik67&gt; lol</span><br />
<span class="irc-date">[0:34]</span> <span class="irc-black">&lt;atinm&gt; tho it is almost more pain that it is worth . . .</span><br />
<span class="irc-date">[0:35]</span> <span class="irc-black">&lt;atinm&gt; it requires undoing one patch, redoing a different way. stupid nit.</span><br />
<span class="irc-date">[0:35]</span> <span class="irc-black">&lt;atinm&gt; just makes us look like idiots . . .</span><br />
<span class="irc-date">[0:35]</span> <span class="irc-green">* teamhacksung (~teamhacks@sh1-ext.rs.github.com) has joined this channel.</span><br />
<span class="irc-date">[0:35]</span> <span class="irc-black">&lt;teamhacksung&gt; android_device_samsung_captivate: gingerbread Andrew Mahone * baba2fb (2 files in 1 dirs): Use BOARD_USES_INITRAMFS/BOARD_USES_COMBINED_RECOVERY ... - <a href="http://bit.ly/dW30P4">http://bit.ly/dW30P4</a></span><br />
<span class="irc-date">[0:35]</span> <span class="irc-green">* teamhacksung (~teamhacks@sh1-ext.rs.github.com) has left this channel.</span><br />
<span class="irc-date">[0:35]</span> <span class="irc-black">&lt;atinm&gt; so I don't want to be associated with it.</span><br />
<span class="irc-date">[0:36]</span> <span class="irc-black">&lt;atinm&gt; unhelpful, you get to fix the device/samsung/xx/.mk files too</span><br />
<span class="irc-date">[0:37]</span> <span class="irc-black">&lt;Unhelpful&gt; working on it, which are acutally used and/or ours?</span><br />
<span class="irc-date">[0:37]</span> <span class="irc-black">&lt;atinm&gt; galaxys, vibrant and captivate</span><br />
<span class="irc-date">[0:37]</span> <span class="irc-black">&lt;atinm&gt; I guess galaxysb too</span><br />
<span class="irc-date">[0:37]</span> <span class="irc-black">&lt;atinm&gt; yes</span><br />
<span class="irc-date">[0:37]</span> <span class="irc-black">&lt;atinm&gt; I don't look at the others - I don't think they're in use</span><br />
<span class="irc-date">[0:38]</span> <span class="irc-black">&lt;atinm&gt; didn't even know we have a vzwtab</span><br />
<span class="irc-date">[0:38]</span> <span class="irc-black">&lt;techmik67&gt; so that commit was the 3 lines in BoardConfig, right? still need the android_build stuff?</span><br />
<span class="irc-date">[0:39]</span> <span class="irc-black">&lt;atinm&gt; techmik67: not done yet</span><br />
<span class="irc-date">[0:39]</span> <span class="irc-green">* gdanko (~gdanko@ip68-111-171-185.sd.sd.cox.net) has joined this channel.</span><br />
<span class="irc-date">[0:39]</span> <span class="irc-black">&lt;techmik67&gt; just following along.... i like to understand =)]</span><br />
<span class="irc-date">[0:40]</span> <span class="irc-black">&lt;atinm&gt; Unhelpful, BOARD_USES_INITRAMFS := true in there twice.</span><br />
<span class="irc-date">[0:40]</span> <span class="irc-black">&lt;Unhelpful&gt; i see that :)</span><br />
<span class="irc-date">[0:40]</span> <span class="irc-black">&lt;atinm&gt; and the ls -l is still testing recovery.img size</span><br />
<span class="irc-date">[0:41]</span> <span class="irc-black">&lt;atinm&gt; you know. screw it. no vibrant for vibrant ppl tonight.</span><br />
<span class="irc-date">[0:41]</span> <span class="irc-green">* teamhacksung (~teamhacks@sh1-ext.rs.github.com) has joined this channel.</span><br />
<span class="irc-date">[0:41]</span> <span class="irc-black">&lt;teamhacksung&gt; android_device_samsung_galaxys: gingerbread Andrew Mahone * 19b2a69 (2 files in 1 dirs): Use BOARD_USES_INITRAMFS/BOARD_USES_COMBINED_RECOVERY ... - <a href="http://bit.ly/eCSGNH">http://bit.ly/eCSGNH</a></span><br />
<span class="irc-date">[0:41]</span> <span class="irc-green">* teamhacksung (~teamhacks@sh1-ext.rs.github.com) has left this channel.</span><br />
<span class="irc-date">[0:41]</span> <span class="irc-black">&lt;atinm&gt; will come back to this tomorrow. I'm protesting today.</span><br />
<span class="irc-date">[0:42]</span> <span class="irc-black">&lt;atinm&gt; protesting Samsung's lack of . . . wits.</span><br />
<span class="irc-date">[0:42]</span> <span class="irc-green">* teamhacksung (~teamhacks@sh1-ext.rs.github.com) has joined this channel.</span><br />
<span class="irc-date">[0:42]</span> <span class="irc-black">&lt;teamhacksung&gt; android_device_samsung_captivate: gingerbread Andrew Mahone * f51be08 (1 files in 1 dirs): Remove extra BOARD_USES_INITRAMFS ... - <a href="http://bit.ly/dP7vW3">http://bit.ly/dP7vW3</a></span><br />
<span class="irc-date">[0:42]</span> <span class="irc-green">* teamhacksung (~teamhacks@sh1-ext.rs.github.com) has left this channel.</span><br />
<span class="irc-date">[0:43]</span> <span class="irc-navy">* birdman (~Steven@24.246.130.106) Quit (Ping timeout: 252 seconds)</span><br />
<span class="irc-date">[0:45]</span> <span class="irc-black">&lt;Unhelpful&gt; what's the status of fascinate?</span><br />
<span class="irc-date">[0:45]</span> <span class="irc-black">&lt;atinm&gt; someone shows up here now and then when they go into bootloop</span><br />
<span class="irc-date">[0:45]</span> <span class="irc-black">&lt;atinm&gt; but in general they're incognito. ignore it.</span><br />
<span class="irc-date">[0:46]</span> <span class="irc-black">&lt;Kaik541&gt; it's birdman</span><br />
<span class="irc-date">[0:46]</span> <span class="irc-black">&lt;atinm&gt; damn. I was looking at miui thinking that maybe they had something working in their kernel that we don't.</span><br />
<span class="irc-date">[0:46]</span> <span class="irc-green">* teamhacksung (~teamhacks@sh1-ext.rs.github.com) has joined this channel.</span><br />
<span class="irc-date">[0:46]</span> <span class="irc-black">&lt;teamhacksung&gt; android_device_samsung_vibrant: gingerbread Andrew Mahone * b179223 (2 files in 1 dirs): Use BOARD_USES_INITRAMFS/BOARD_USES_COMBINED_RECOVERY ... - <a href="http://bit.ly/i2DasD">http://bit.ly/i2DasD</a></span><br />
<span class="irc-date">[0:46]</span> <span class="irc-green">* teamhacksung (~teamhacks@sh1-ext.rs.github.com) has left this channel.</span><br />
<span class="irc-date">[0:46]</span> <span class="irc-black">&lt;atinm&gt; turns out its ours.</span><br />
<span class="irc-date">[0:47]</span> <span class="irc-black">&lt;Kaik541&gt; yeah, MIUI is based off of CM</span><br />
<span class="irc-date">[0:47]</span> <span class="irc-black">&lt;Kaik541&gt; 7</span><br />
<span class="irc-date">[0:47]</span> <span class="irc-green">* teamhacksung (~teamhacks@sh1-ext.rs.github.com) has joined this channel.</span><br />
<span class="irc-date">[0:47]</span> <span class="irc-black">&lt;teamhacksung&gt; android_device_samsung_captivate: gingerbread Andrew Mahone * 117c279 (1 files in 1 dirs): Remove debug initramfs size check. ... - <a href="http://bit.ly/e9bPCj">http://bit.ly/e9bPCj</a></span><br />
<span class="irc-date">[0:47]</span> <span class="irc-green">* teamhacksung (~teamhacks@sh1-ext.rs.github.com) has left this channel.</span><br />
<span class="irc-date">[0:47]</span> <span class="irc-black">&lt;atinm&gt; yeah . . . so we're all just waiting for the damn Samsung code drop . . .</span><br />
<span class="irc-date">[0:47]</span> <span class="irc-navy">* gdanko (~gdanko@ip68-111-171-185.sd.sd.cox.net) Quit (Quit: Get MacIrssi - <a href="http://www.sysctl.co.uk/projects/macirssi/)">http://www.sysctl.co.uk/projects/macirssi/)</a></span><br />
<span class="irc-date">[0:48]</span> <span class="irc-black">&lt;atinm&gt; or hacking blind on trying to port .32 code</span><br />
<span class="irc-date">[0:48]</span> <span class="irc-green">* teamhacksung (~teamhacks@sh1-ext.rs.github.com) has joined this channel.</span><br />
<span class="irc-date">[0:48]</span> <span class="irc-black">&lt;teamhacksung&gt; android_device_samsung_galaxys: gingerbread Andrew Mahone * eb69430 (1 files in 1 dirs): Remove debug initramfs size check. ... - <a href="http://bit.ly/eS9ZgD">http://bit.ly/eS9ZgD</a></span><br />
<span class="irc-date">[0:48]</span> <span class="irc-green">* teamhacksung (~teamhacks@sh1-ext.rs.github.com) has left this channel.</span><br />
<span class="irc-date">[0:48]</span> <span class="irc-black">&lt;atinm&gt; I guess it isn't that hard to just get vibrant headset working. its the audience chip that is a pain.</span><br />
<span class="irc-date">[0:48]</span> <span class="irc-black">&lt;atinm&gt; and I really don't want to just copy the whole thing over wholesale</span><br />
<span class="irc-date">[0:48]</span> <span class="irc-black">&lt;atinm&gt; th</span><br />
<span class="irc-date">[0:48]</span> <span class="irc-black">&lt;atinm&gt; that's just grungy and dirty</span><br />
<span class="irc-date">[0:49]</span> <span class="irc-black">&lt;Unhelpful&gt; oh blah, i didn't remove the old options D:</span><br />
<span class="irc-date">[0:51]</span> <span class="irc-green">* teamhacksung (~teamhacks@sh1-ext.rs.github.com) has joined this channel.</span><br />
<span class="irc-date">[0:51]</span> <span class="irc-black">&lt;teamhacksung&gt; android_device_samsung_galaxysb: gingerbread Andrew Mahone * 36b7abd (2 files in 1 dirs): Use BOARD_USES_INITRAMFS/BOARD_USES_COMBINED_RECOVERY ... - <a href="http://bit.ly/eqa6RD">http://bit.ly/eqa6RD</a></span><br />
<span class="irc-date">[0:51]</span> <span class="irc-green">* teamhacksung (~teamhacks@sh1-ext.rs.github.com) has left this channel.</span><br />
<span class="irc-date">[0:52]</span> <span class="irc-green">* teamhacksung (~teamhacks@sh1-ext.rs.github.com) has joined this channel.</span><br />
<span class="irc-date">[0:52]</span> <span class="irc-black">&lt;teamhacksung&gt; android_device_samsung_vibrant: gingerbread Andrew Mahone * 8d7a419 (1 files in 1 dirs): Remove old TARGET_ options. ... - <a href="http://bit.ly/gi7Vsl">http://bit.ly/gi7Vsl</a></span><br />
<span class="irc-date">[0:52]</span> <span class="irc-green">* teamhacksung (~teamhacks@sh1-ext.rs.github.com) has left this channel.</span><br />
<span class="irc-date">[0:57]</span> <span class="irc-black">&lt;atinm&gt; emacs wm8994_herring.c</span><br />
<span class="irc-date">[0:57]</span> <span class="irc-black">&lt;atinm&gt; urk</span><br />
