<span class="irc-date">[0:11]</span> <span class="irc-green">* designfears_ (~df@cpe-184-57-163-79.cinci.res.rr.com) has joined this channel.</span><br />
<span class="irc-date">[0:25]</span> <span class="irc-navy">* designfears (~jayp@32.147.198.205) Quit (Disconnected by services)</span><br />
<span class="irc-date">[0:25]</span> <span class="irc-green">* designfears_ is now known as designfears</span><br />
<span class="irc-date">[0:26]</span> <span class="irc-green">* designfears_ (~jayp@32.147.198.205) has joined this channel.</span><br />
<span class="irc-date">[0:26]</span> <span class="irc-navy">* designfears_ (~jayp@32.147.198.205) Quit (Client Quit)</span><br />
<span class="irc-date">[0:39]</span> <span class="irc-green">* ciwrl is now known as ciwrl|away</span><br />
<span class="irc-date">[0:41]</span> <span class="irc-green">* KaikHole (~Rawr@cpe-66-68-164-213.austin.res.rr.com) has joined this channel.</span><br />
<span class="irc-date">[0:41]</span> <span class="irc-navy">* Kaik541 (~Rawr@cpe-66-68-164-213.austin.res.rr.com) Quit (Disconnected by services)</span><br />
<span class="irc-date">[0:41]</span> <span class="irc-green">* KaikHole is now known as Kaik541</span><br />
<span class="irc-date">[0:47]</span> <span class="irc-green">* atinm (~atin@unaffiliated/atinm) has joined this channel.</span><br />
<span class="irc-date">[0:47]</span> <span class="irc-green">* ChanServ sets mode +o atinm</span><br />
<span class="irc-date">[0:48]</span> <span class="irc-black">&lt;atinm&gt; wtf . . . is more stuff getting checked in right now?</span><br />
<span class="irc-date">[0:49]</span> <span class="irc-black">&lt;atinm&gt; error: kernel/samsung/2.6.35/: prior sync failed; rebase still in progress</span><br />
<span class="irc-date">[0:49]</span> <span class="irc-black">&lt;atinm&gt; except I wasn't rebasing . . .</span><br />
<span class="irc-date">[0:49]</span> <span class="irc-black">&lt;atinm&gt; weird, just restarted it . . . and now its going ...</span><br />
<span class="irc-date">[0:50]</span> <span class="irc-black">&lt;atinm&gt; back once I've got everything</span><br />
<span class="irc-date">[1:00]</span> <span class="irc-black">&lt;ytt3r&gt; atinm, I'm running a build from ~2 hours ago</span><br />
<span class="irc-date">[1:00]</span> <span class="irc-black">&lt;Kaik541&gt; same</span><br />
<span class="irc-date">[1:00]</span> <span class="irc-black">&lt;ytt3r&gt; I can make clean and build under an hour, if you're up for it</span><br />
<span class="irc-date">[1:01]</span> <span class="irc-black">&lt;ytt3r&gt; I can confirm that everything that's supposed to work works</span><br />
<span class="irc-date">[1:01]</span> <span class="irc-black">&lt;ytt3r&gt; AND I just took a picture</span><br />
<span class="irc-date">[1:01]</span> <span class="irc-black">&lt;Kaik541&gt; as well as techmik67 but I think atinm wants to verify it boots on his phone first</span><br />
<span class="irc-date">[1:04]</span> <span class="irc-navy">* techmik67 (~techmik@c-76-109-173-83.hsd1.fl.comcast.net) Quit (Remote host closed the connection)</span><br />
<span class="irc-date">[1:07]</span> <span class="irc-black">&lt;atinm&gt; right.</span><br />
<span class="irc-date">[1:08]</span> <span class="irc-black">&lt;ytt3r&gt; so are we good to go? want me to make clean and build it?</span><br />
<span class="irc-date">[1:09]</span> <span class="irc-black">&lt;atinm&gt; up to you. I have to do it before I feel comfortable putting up anything.</span><br />
<span class="irc-date">[1:12]</span> <span class="irc-black">&lt;Unhelpful&gt; so, wait, isitsafe to sync? :)</span><br />
<span class="irc-date">[1:12]</span> <span class="irc-black">&lt;ytt3r&gt; I just did</span><br />
<span class="irc-date">[1:12]</span> <span class="irc-black">&lt;ytt3r&gt; I'm about to build</span><br />
<span class="irc-date">[1:12]</span> <span class="irc-black">&lt;atinm&gt; Unhelpful: yes - or so I'm told :)</span><br />
<span class="irc-date">[1:12]</span> <span class="irc-black">&lt;Unhelpful&gt; yes, but i mean, are things *usable* right now. :)</span><br />
<span class="irc-date">[1:12]</span> <span class="irc-black">&lt;ytt3r&gt; I'm running a 2 hour old build</span><br />
<span class="irc-date">[1:13]</span> <span class="irc-black">&lt;atinm&gt; I'm building now to make sure before I put up a copy of coolya/codeworkx post for captivate on cyanogen forums.</span><br />
<span class="irc-date">[1:13]</span> <span class="irc-black">&lt;atinm&gt; and a link on xda</span><br />
<span class="irc-date">[1:13]</span> <span class="irc-black">&lt;Unhelpful&gt; atinm: i've been making good progress on rebuilding the initramfs contents. should i leave fixing up the other devices similarly to somebody who *has* them?</span><br />
<span class="irc-date">[1:13]</span> <span class="irc-black">&lt;atinm&gt; and refer ppl to Kaik541 ytt3r et al for user support ;)</span><br />
<span class="irc-date">[1:14]</span> <span class="irc-black">&lt;ytt3r&gt; atinm: let me know when you post so I can grab a spot</span><br />
<span class="irc-date">[1:14]</span> <span class="irc-black">&lt;Kaik541&gt; ytt3r, you want to make the post on xda?</span><br />
<span class="irc-date">[1:14]</span> <span class="irc-black">&lt;ytt3r&gt; no let atinm</span><br />
<span class="irc-date">[1:14]</span> <span class="irc-black">&lt;atinm&gt; screw it, I'll do it.</span><br />
<span class="irc-date">[1:14]</span> <span class="irc-black">&lt;atinm&gt; but first have to make sure everything builds, works.</span><br />
<span class="irc-date">[1:14]</span> <span class="irc-black">&lt;atinm&gt; back in a bit</span><br />
<span class="irc-date">[1:15]</span> <span class="irc-black">&lt;uberushaximus&gt; I just bootloop on captivate</span><br />
<span class="irc-date">[1:15]</span> <span class="irc-black">&lt;atinm&gt; Unhelpful: well, most ppl are here (only coolya matters - he has both vibrant and sgs)</span><br />
<span class="irc-date">[1:15]</span> <span class="irc-black">&lt;atinm&gt; run it by him.</span><br />
<span class="irc-date">[1:15]</span> <span class="irc-black">&lt;atinm&gt; I trust ya for captivate :)</span><br />
<span class="irc-date">[1:16]</span> <span class="irc-black">&lt;atinm&gt; wtf is error: kernel/samsung/2.6.35/: prior sync failed; rebase still in progress</span><br />
<span class="irc-date">[1:16]</span> <span class="irc-black">&lt;atinm&gt; err</span><br />
<span class="irc-date">[1:16]</span> <span class="irc-black">&lt;ytt3r&gt; try git reset</span><br />
<span class="irc-date">[1:16]</span> <span class="irc-black">&lt;atinm&gt; MK_FW   firmware/samsung_mfc_fw.bin.gen.S</span><br />
<span class="irc-date">[1:16]</span> <span class="irc-black">&lt;atinm&gt;   IHEX    firmware/samsung_mfc_fw.bin</span><br />
<span class="irc-date">[1:16]</span> <span class="irc-black">&lt;atinm&gt;   AS      firmware/samsung_mfc_fw.bin.gen.o</span><br />
<span class="irc-date">[1:16]</span> <span class="irc-black">&lt;Unhelpful&gt; it's pretty simple, i added a new board config variable, setting it stops the recovery image build from stripping certain normal-boot-only elements from the recovery</span><br />
<span class="irc-date">[1:16]</span> <span class="irc-black">&lt;atinm&gt; that</span><br />
<span class="irc-date">[1:16]</span> <span class="irc-black">&lt;Unhelpful&gt; that and a few fixups w/ the captivate device directory, and i have no need of /initramfs :)</span><br />
<span class="irc-date">[1:16]</span> <span class="irc-black">&lt;atinm&gt; excellent.</span><br />
<span class="irc-date">[1:17]</span> <span class="irc-black">&lt;atinm&gt; so wait - common initramfs?</span><br />
<span class="irc-date">[1:17]</span> <span class="irc-black">&lt;Unhelpful&gt; not common, just built-to-order. :)</span><br />
<span class="irc-date">[1:17]</span> <span class="irc-black">&lt;atinm&gt; ah. where do the contents sit?</span><br />
<span class="irc-date">[1:17]</span> <span class="irc-black">&lt;atinm&gt; or there are no contents - just built to order</span><br />
<span class="irc-date">[1:18]</span> <span class="irc-black">&lt;Unhelpful&gt; there are a few premade files that are copied from the device tree - most of these were there already - and the final product is put together in out/target/product/&lt;device&gt;/recovery/root</span><br />
<span class="irc-date">[1:20]</span> <span class="irc-black">&lt;atinm&gt; coolya|away: ping!</span><br />
<span class="irc-date">[1:20]</span> <span class="irc-black">&lt;atinm&gt; Unhelpful: you can commit tomorrow - want to finish this :)</span><br />
<span class="irc-date">[1:21]</span> <span class="irc-black">&lt;Unhelpful&gt; finish what? :)</span><br />
<span class="irc-date">[1:21]</span> <span class="irc-black">&lt;atinm&gt; sync and build :)</span><br />
<span class="irc-date">[1:21]</span> <span class="irc-black">&lt;uberushaximus&gt; Unhelpful: go ahead and commit, captivate is broken right now</span><br />
<span class="irc-date">[1:21]</span> <span class="irc-black">&lt;Kaik541&gt; uberushaximus, no it's not =/</span><br />
<span class="irc-date">[1:21]</span> <span class="irc-black">&lt;Unhelpful&gt; uberushaximus: :(</span><br />
<span class="irc-date">[1:21]</span> <span class="irc-black">&lt;Kaik541&gt; I just built</span><br />
<span class="irc-date">[1:21]</span> <span class="irc-black">&lt;atinm&gt; whut?</span><br />
<span class="irc-date">[1:22]</span> <span class="irc-black">&lt;Kaik541&gt; so did ytt3r and techmik_laptop</span><br />
<span class="irc-date">[1:22]</span> <span class="irc-green">* ytt3r is now known as ytt3r|homework</span><br />
<span class="irc-date">[1:22]</span> <span class="irc-black">&lt;Unhelpful&gt; no, i have to sync to commit, i'd rather not sync what i know is broken. :/</span><br />
<span class="irc-date">[1:22]</span> <span class="irc-black">&lt;uberushaximus&gt; I built twice today and it was broken</span><br />
<span class="irc-date">[1:22]</span> <span class="irc-black">&lt;atinm&gt; when?</span><br />
<span class="irc-date">[1:22]</span> <span class="irc-black">&lt;Kaik541&gt; I sync'd, pulled some files, built, sync'd again, tehre were no changes</span><br />
<span class="irc-date">[1:22]</span> <span class="irc-black">&lt;uberushaximus&gt; about an hour ago and several before that</span><br />
<span class="irc-date">[1:23]</span> <span class="irc-black">&lt;uberushaximus&gt; and there were no changes between the builds, I couldn't boot</span><br />
<span class="irc-date">[1:23]</span> <span class="irc-black">&lt;uberushaximus&gt; I might have broken something with voodoo sound</span><br />
<span class="irc-date">[1:23]</span> <span class="irc-black">&lt;Kaik541&gt; I was about to say</span><br />
<span class="irc-date">[1:23]</span> <span class="irc-black">&lt;Kaik541&gt; are you sure that's not a problem with your kernel</span><br />
<span class="irc-date">[1:23]</span> <span class="irc-black">&lt;uberushaximus&gt; can someone send me their build? :)</span><br />
<span class="irc-date">[1:23]</span> <span class="irc-black">&lt;ytt3r|homework&gt; I'll send you my kernel</span><br />
<span class="irc-date">[1:27]</span> <span class="irc-black">&lt;atinm&gt; shoot, everytime I sync something gets committed upstream</span><br />
<span class="irc-date">[1:27]</span> <span class="irc-black">&lt;atinm&gt; they must be merging more stuff</span><br />
<span class="irc-date">[1:28]</span> <span class="irc-black">&lt;Unhelpful&gt; heh.</span><br />
<span class="irc-date">[1:28]</span> <span class="irc-black">&lt;Unhelpful&gt; actually it looks like i have no choice about fixing this for all devices first - there are changes in the kernel tree. :/</span><br />
<span class="irc-date">[1:32]</span> <span class="irc-navy">* chek0v (~chek0v@i.see.deadpackets.com) Quit (Ping timeout: 240 seconds)</span><br />
<span class="irc-date">[1:34]</span> <span class="irc-green">* chek0v (~chek0v@i.see.deadpackets.com) has joined this channel.</span><br />
<span class="irc-date">[1:41]</span> <span class="irc-black">&lt;uberushaximus&gt; yeah that fixed it, I r dum</span><br />
<span class="irc-date">[1:43]</span> <span class="irc-black">&lt;uberushaximus&gt; where do I push the wifi modules if I messed around with the kernel?</span><br />
<span class="irc-date">[1:46]</span> <span class="irc-black">&lt;Scepterr&gt; fresh build all good on vibrant :)</span><br />
<span class="irc-date">[1:48]</span> <span class="irc-navy">* kalpik (~kalpik@unaffiliated/kalpik) Quit (Ping timeout: 246 seconds)</span><br />
<span class="irc-date">[1:48]</span> <span class="irc-black">&lt;uberushaximus&gt; I don't mind the new color temp</span><br />
<span class="irc-date">[1:49]</span> <span class="irc-black">&lt;atinm&gt; Unhelpful: after initramfs and ubif, tackle the whole voodoo sound thing the right way</span><br />
<span class="irc-date">[1:49]</span> <span class="irc-black">&lt;atinm&gt; ?</span><br />
<span class="irc-date">[1:49]</span> <span class="irc-black">&lt;atinm&gt; better you than me :)</span><br />
<span class="irc-date">[1:50]</span> <span class="irc-black">&lt;atinm&gt; no one, no one at all has reviewed your shutdown/preboot</span><br />
<span class="irc-date">[1:51]</span> <span class="irc-black">&lt;atinm&gt; maybe coolya shoudl go approve it ;)</span><br />
<span class="irc-date">[1:51]</span> <span class="irc-black">&lt;ytt3r|homework&gt; uberushaximus, /system/modules/</span><br />
<span class="irc-date">[1:53]</span> <span class="irc-black">&lt;Kaik541&gt; uberushaximus, I actually like the new color temp</span><br />
<span class="irc-date">[1:53]</span> <span class="irc-black">&lt;Kaik541&gt; it's more accurate, we're just used to seeing a "colder" color</span><br />
<span class="irc-date">[1:54]</span> <span class="irc-black">&lt;uberushaximus&gt; yep yep</span><br />
<span class="irc-date">[1:54]</span> <span class="irc-black">&lt;uberushaximus&gt; and as a result, blacks were redder</span><br />
<span class="irc-date">[1:55]</span> <span class="irc-green">* h8|away is now known as h8rift</span><br />
<span class="irc-date">[1:55]</span> <span class="irc-black">&lt;uberushaximus&gt; can we write to /mnt/.lfs/ from cm at all?</span><br />
<span class="irc-date">[1:57]</span> <span class="irc-black">&lt;Kaik541&gt; why do people want to replace that AT&amp;T logo so bad</span><br />
<span class="irc-date">[1:57]</span> <span class="irc-black">&lt;Kaik541&gt; haha</span><br />
<span class="irc-date">[1:57]</span> <span class="irc-black">&lt;atinm&gt; :) - even I looked into that</span><br />
<span class="irc-date">[1:57]</span> <span class="irc-black">&lt;Kaik541&gt; I'd like to keep it in case I ever have to take it in</span><br />
<span class="irc-date">[1:57]</span> <span class="irc-black">&lt;ytt3r|homework&gt; we can't with a single flash from recovery</span><br />
<span class="irc-date">[1:58]</span> <span class="irc-green">* ytt3r|homework is now known as ytt3r</span><br />
<span class="irc-date">[1:58]</span> <span class="irc-black">&lt;Kaik541&gt; they'll know something's up if the only screen it boots to isn't AT&amp;T related</span><br />
<span class="irc-date">[1:58]</span> <span class="irc-black">&lt;ytt3r&gt; you can always flash a stock param.lfs</span><br />
<span class="irc-date">[1:58]</span> <span class="irc-black">&lt;Kaik541&gt; well I'm assuming if I were to ever bring it in, it would be a situation where I somehow couldn't flash something to it</span><br />
<span class="irc-date">[1:58]</span> <span class="irc-black">&lt;Kaik541&gt; even with ODIN</span><br />
<span class="irc-date">[1:58]</span> <span class="irc-black">&lt;ytt3r&gt; then it wouldn't show the AT&amp;T screen</span><br />
<span class="irc-date">[1:59]</span> <span class="irc-black">&lt;Kaik541&gt; it's a very specific instance, but I'd rather not mess with it :)</span><br />
<span class="irc-date">[1:59]</span> <span class="irc-black">&lt;ytt3r&gt; atinm: almost ready to post?</span><br />
<span class="irc-date">[1:59]</span> <span class="irc-black">&lt;h8rift&gt; ooooh</span><br />
<span class="irc-date">[1:59]</span> <span class="irc-black">&lt;h8rift&gt; is it "that time" already?</span><br />
<span class="irc-date">[1:59]</span> <span class="irc-black">&lt;h8rift&gt; :O</span><br />
<span class="irc-date">[2:01]</span> <span class="irc-black">&lt;atinm&gt; ytt3r: what's the hurry? :)</span><br />
<span class="irc-date">[2:01]</span> <span class="irc-black">&lt;kudakeru&gt; Did I make it home in time for something fun?</span><br />
<span class="irc-date">[2:01]</span> <span class="irc-black">&lt;atinm&gt; and no - not yet. its still building.</span><br />
<span class="irc-date">[2:02]</span> <span class="irc-black">&lt;ytt3r&gt; lol slow computer^</span><br />
<span class="irc-date">[2:02]</span> <span class="irc-green">* kalpik (~kalpik@unaffiliated/kalpik) has joined this channel.</span><br />
<span class="irc-date">[2:02]</span> <span class="irc-black">&lt;atinm&gt; yes - its an old one</span><br />
<span class="irc-date">[2:02]</span> <span class="irc-black">&lt;atinm&gt; I'm not running on my ... frick, wtf.</span><br />
<span class="irc-date">[2:02]</span> <span class="irc-black">&lt;atinm&gt; aapt: warning: **** string 'title_show_spn_sb' has no default or required localization for 'hdpi' in packages/apps/CMParts/res</span><br />
<span class="irc-date">[2:03]</span> <span class="irc-black">&lt;atinm&gt; CMParts just got updated in my last sync . . .</span><br />
<span class="irc-date">[2:03]</span> <span class="irc-green">* techmik67 (~techmik@c-76-109-173-83.hsd1.fl.comcast.net) has joined this channel.</span><br />
<span class="irc-date">[2:03]</span> <span class="irc-black">&lt;atinm&gt; 100s of those warnings</span><br />
<span class="irc-date">[2:03]</span> <span class="irc-black">&lt;atinm&gt; gonna ignore them for now</span><br />
<span class="irc-date">[2:03]</span> <span class="irc-black">&lt;Kaik541&gt; yeah I got a ton too</span><br />
<span class="irc-date">[2:03]</span> <span class="irc-green">* designfears_ (~df@cpe-184-57-163-79.cinci.res.rr.com) has joined this channel.</span><br />
<span class="irc-date">[2:03]</span> <span class="irc-black">&lt;Kaik541&gt; but it build just fine and CM settings seem to work</span><br />
<span class="irc-date">[2:03]</span> <span class="irc-black">&lt;atinm&gt; lots of localization crap</span><br />
<span class="irc-date">[2:04]</span> <span class="irc-black">&lt;atinm&gt; Phone too</span><br />
<span class="irc-date">[2:04]</span> <span class="irc-black">&lt;h8rift&gt; i thought the "I'm not running on my ... frick, wtf."</span><br />
<span class="irc-date">[2:04]</span> <span class="irc-black">&lt;h8rift&gt; was gonna be</span><br />
<span class="irc-date">[2:04]</span> <span class="irc-black">&lt;h8rift&gt; why is my computer on fire</span><br />
<span class="irc-date">[2:04]</span> <span class="irc-black">&lt;h8rift&gt; lol</span><br />
<span class="irc-date">[2:04]</span> <span class="irc-navy">* designfears (~df@cpe-184-57-163-79.cinci.res.rr.com) Quit (Disconnected by services)</span><br />
<span class="irc-date">[2:04]</span> <span class="irc-green">* designfears_ is now known as designfears</span><br />
<span class="irc-date">[2:04]</span> <span class="irc-black">&lt;atinm&gt; its too slow to catch fire.</span><br />
<span class="irc-date">[2:04]</span> <span class="irc-black">&lt;atinm&gt; it putters along.</span><br />
<span class="irc-date">[2:05]</span> <span class="irc-black">&lt;h8rift&gt; i meant, your AC power was over-powering it</span><br />
<span class="irc-date">[2:05]</span> <span class="irc-black">&lt;h8rift&gt; :P</span><br />
<span class="irc-date">[2:05]</span> <span class="irc-black">&lt;kudakeru&gt; Has anyone had any luck with the button relocation problem?</span><br />
<span class="irc-date">[2:05]</span> <span class="irc-black">&lt;h8rift&gt; and it started smoking</span><br />
<span class="irc-date">[2:05]</span> <span class="irc-black">&lt;atinm&gt; one of these days I'm going to try to get my work to let me take one home :)</span><br />
<span class="irc-date">[2:05]</span> <span class="irc-black">&lt;Kaik541&gt; there's a button relocation problem?</span><br />
<span class="irc-date">[2:05]</span> <span class="irc-black">&lt;atinm&gt; my work machines are nice xeon quad cores.</span><br />
<span class="irc-date">[2:05]</span> <span class="irc-black">&lt;h8rift&gt; kudakeru: well, you see, we moved the buttons to Witness Protection</span><br />
<span class="irc-date">[2:05]</span> <span class="irc-black">&lt;h8rift&gt; it should be fine now.</span><br />
<span class="irc-date">[2:06]</span> <span class="irc-black">&lt;kudakeru&gt; Maybe it's because I used the default kernel when I built yesterday, but my touchkeys are out of order and everything is transposed up about 3/8".</span><br />
<span class="irc-date">[2:06]</span> <span class="irc-black">&lt;atinm&gt; kudakeru: yes - were able to reflash back.</span><br />
<span class="irc-date">[2:06]</span> <span class="irc-black">&lt;atinm&gt; oh, you're talking about someting else then</span><br />
<span class="irc-date">[2:06]</span> <span class="irc-black">&lt;kudakeru&gt; Also that button problem.  Glad to hear that's fixed.</span><br />
<span class="irc-date">[2:06]</span> <span class="irc-black">&lt;atinm&gt; no, same bug</span><br />
<span class="irc-date">[2:06]</span> <span class="irc-black">&lt;atinm&gt; anyway - someone found a fix</span><br />
<span class="irc-date">[2:06]</span> <span class="irc-black">&lt;atinm&gt; is a link somewhere</span><br />
<span class="irc-date">[2:06]</span> <span class="irc-black">&lt;atinm&gt; ask on #cmsgs</span><br />
<span class="irc-date">[2:06]</span> <span class="irc-black">&lt;kudakeru&gt; I got fucking buried at work today, so I haven't been able to keep up.</span><br />
<span class="irc-date">[2:06]</span> <span class="irc-black">&lt;atinm&gt; (that the correct channel guys?)</span><br />
<span class="irc-date">[2:06]</span> <span class="irc-black">&lt;Kaik541&gt; kudakeru, you have to go back to stock and flash a stock touchkey firmware</span><br />
<span class="irc-date">[2:06]</span> <span class="irc-black">&lt;h8rift&gt; yes atinm :)</span><br />
<span class="irc-date">[2:07]</span> <span class="irc-black">&lt;atinm&gt; #cmsgs for user stuff.</span><br />
<span class="irc-date">[2:07]</span> <span class="irc-black">&lt;h8rift&gt; c1.</span><br />
<span class="irc-date">[2:07]</span> <span class="irc-black">&lt;atinm&gt; so I can avoid it :)</span><br />
<span class="irc-date">[2:07]</span> <span class="irc-black">&lt;atinm&gt; I love our users - when they ask Kaik stuff.</span><br />
<span class="irc-date">[2:08]</span> <span class="irc-black">&lt;Kaik541&gt; :P</span><br />
<span class="irc-date">[2:08]</span> <span class="irc-black">&lt;h8rift&gt; me too</span><br />
<span class="irc-date">[2:08]</span> <span class="irc-black">&lt;atinm&gt; one of these days I have to start hacking my kindle.</span><br />
<span class="irc-date">[2:08]</span> <span class="irc-black">&lt;atinm&gt; it is just sitting there.</span><br />
<span class="irc-date">[2:08]</span> <span class="irc-black">&lt;h8rift&gt; like when DesignGears was being an idiot.</span><br />
<span class="irc-date">[2:08]</span> <span class="irc-black">&lt;atinm&gt; being a book reader.</span><br />
<span class="irc-date">[2:08]</span> <span class="irc-black">&lt;h8rift&gt; Kaik has a permanent +5 with me.</span><br />
<span class="irc-date">[2:09]</span> <span class="irc-black">&lt;h8rift&gt; bc of that.</span><br />
<span class="irc-date">[2:09]</span> <span class="irc-black">&lt;atinm&gt; instead of something else</span><br />
<span class="irc-date">[2:09]</span> <span class="irc-black">&lt;h8rift&gt; atinm, Nook Color FTW</span><br />
<span class="irc-date">[2:09]</span> <span class="irc-black">&lt;Kaik541&gt; when I kicked him?</span><br />
<span class="irc-date">[2:09]</span> <span class="irc-black">&lt;atinm&gt; (not sure what yet) :)</span><br />
<span class="irc-date">[2:09]</span> <span class="irc-black">&lt;h8rift&gt; Kaik541: yessir</span><br />
<span class="irc-date">[2:09]</span> <span class="irc-black">&lt;atinm&gt; you /kicked him? :)</span><br />
<span class="irc-date">[2:09]</span> <span class="irc-black">&lt;atinm&gt; from where?</span><br />
<span class="irc-date">[2:09]</span> <span class="irc-black">&lt;h8rift&gt; he might as well have /shattered_his_dreams</span><br />
<span class="irc-date">[2:09]</span> <span class="irc-black">&lt;Kaik541&gt; long time ago</span><br />
<span class="irc-date">[2:09]</span> <span class="irc-black">&lt;h8rift&gt; from the cm chan back in cm6</span><br />
<span class="irc-date">[2:09]</span> <span class="irc-black">&lt;Kaik541&gt; back in sgs-cm6</span><br />
<span class="irc-date">[2:09]</span> <span class="irc-black">&lt;atinm&gt; ah yes.</span><br />
<span class="irc-date">[2:09]</span> <span class="irc-black">&lt;h8rift&gt; he's been broken up over it ever since</span><br />
<span class="irc-date">[2:09]</span> <span class="irc-black">&lt;h8rift&gt; lol</span><br />
<span class="irc-date">[2:09]</span> <span class="irc-black">&lt;atinm&gt; I was hoping it was now.</span><br />
<span class="irc-date">[2:09]</span> <span class="irc-black">&lt;Kaik541&gt; everyone congratulated me on that</span><br />
<span class="irc-date">[2:10]</span> <span class="irc-black">&lt;Kaik541&gt; yeah ever since then he's talked siht about CM</span><br />
<span class="irc-date">[2:10]</span> <span class="irc-black">&lt;atinm&gt; yes, he hates CyanogenMod ever since.</span><br />
<span class="irc-date">[2:10]</span> <span class="irc-black">&lt;atinm&gt; and so do his minions.</span><br />
<span class="irc-date">[2:10]</span> <span class="irc-black">&lt;h8rift&gt; lol</span><br />
<span class="irc-date">[2:10]</span> <span class="irc-black">&lt;h8rift&gt; and my god</span><br />
<span class="irc-date">[2:10]</span> <span class="irc-black">&lt;h8rift&gt; he has a ton of mimions</span><br />
<span class="irc-date">[2:10]</span> <span class="irc-black">&lt;h8rift&gt; that mindlessly follow him</span><br />
<span class="irc-date">[2:10]</span> <span class="irc-black">&lt;h8rift&gt; minions*</span><br />
<span class="irc-date">[2:10]</span> <span class="irc-black">&lt;ytt3r&gt; you screwed over cm's chance of success in the Captivate community</span><br />
<span class="irc-date">[2:10]</span> <span class="irc-black">&lt;Kaik541&gt; "OMG YOU UPDATE COG? HAVE MORE DONATE MONIES!"</span><br />
<span class="irc-date">[2:10]</span> <span class="irc-black">&lt;atinm&gt; eh, they'll leave as soon as the next good rom comes</span><br />
<span class="irc-date">[2:10]</span> <span class="irc-black">&lt;h8rift&gt; the Atrix is getting worse.</span><br />
<span class="irc-date">[2:11]</span> <span class="irc-black">&lt;Kaik541&gt; his latest update to cog was one app and a mod to build.prop</span><br />
<span class="irc-date">[2:11]</span> <span class="irc-black">&lt;h8rift&gt; and its not Moto's fault</span><br />
<span class="irc-date">[2:11]</span> <span class="irc-black">&lt;atinm&gt; cyanogen is going to basically hurt quite a few of them</span><br />
<span class="irc-date">[2:11]</span> <span class="irc-black">&lt;atinm&gt; there is a reason most of the good android devs work on cyanogen . . .</span><br />
<span class="irc-date">[2:11]</span> <span class="irc-black">&lt;Kaik541&gt; because cyanogen does.</span><br />
<span class="irc-date">[2:12]</span> <span class="irc-black">&lt;atinm&gt; tho egos have got somewhat inflated.</span><br />
<span class="irc-date">[2:12]</span> <span class="irc-black">&lt;atinm&gt; so in some ways I'm glad we're sort of a step child :)</span><br />
<span class="irc-date">[2:12]</span> <span class="irc-black">&lt;Kaik541&gt; as the other channel says "swapping semi-functioning giggling brat vanity for a bare knuckle bucket of DOES"</span><br />
<span class="irc-date">[2:12]</span> <span class="irc-black">&lt;h8rift&gt; indeed.</span><br />
<span class="irc-date">[2:12]</span> <span class="irc-black">&lt;Kaik541&gt; well they got the name "teamdouche" for a reason</span><br />
<span class="irc-date">[2:12]</span> <span class="irc-black">&lt;h8rift&gt; im still cracking up</span><br />
<span class="irc-date">[2:12]</span> <span class="irc-black">&lt;h8rift&gt; that techmik67's quote made it in</span><br />
<span class="irc-date">[2:13]</span> <span class="irc-black">&lt;Kaik541&gt; which?</span><br />
<span class="irc-date">[2:13]</span> <span class="irc-black">&lt;Kaik541&gt; it does stuff?</span><br />
<span class="irc-date">[2:13]</span> <span class="irc-black">&lt;h8rift&gt; it does stuff</span><br />
<span class="irc-date">[2:13]</span> <span class="irc-black">&lt;h8rift&gt; yes</span><br />
<span class="irc-date">[2:13]</span> <span class="irc-black">&lt;Kaik541&gt; yeah I still have the bootlogo for that</span><br />
<span class="irc-date">[2:13]</span> <span class="irc-black">&lt;atinm&gt; we took it out again ;)</span><br />
<span class="irc-date">[2:13]</span> <span class="irc-black">&lt;atinm&gt; sorr</span><br />
<span class="irc-date">[2:13]</span> <span class="irc-black">&lt;h8rift&gt; :O</span><br />
<span class="irc-date">[2:13]</span> <span class="irc-brick">* h8rift OMGs.</span><br />
<span class="irc-date">[2:13]</span> <span class="irc-black">&lt;atinm&gt; now it is just plain GalaxyS CyanogenMod that Kaik did</span><br />
<span class="irc-date">[2:13]</span> <span class="irc-black">&lt;h8rift&gt; can we at least leave it as a stock wallpaper?</span><br />
<span class="irc-date">[2:13]</span> <span class="irc-black">&lt;h8rift&gt; :(</span><br />
<span class="irc-date">[2:13]</span> <span class="irc-black">&lt;Kaik541&gt; I have one exactly the same that just says "it does stuff" at the bottom"</span><br />
<span class="irc-date">[2:14]</span> <span class="irc-black">&lt;atinm&gt; put up a png</span><br />
<span class="irc-date">[2:14]</span> <span class="irc-black">&lt;atinm&gt; so we can see and approve :)</span><br />
<span class="irc-date">[2:14]</span> <span class="irc-black">&lt;atinm&gt; and maybe we'll like it enough to put that in.</span><br />
<span class="irc-date">[2:14]</span> <span class="irc-black">&lt;Kaik541&gt; <a href="http://dl.dropbox.com/u/10640272/galaxys-cyan-does.png">http://dl.dropbox.com/u/10640272/galaxys-cyan-does.png</a></span><br />
<span class="irc-date">[2:14]</span> <span class="irc-black">&lt;h8rift&gt; atinm didn't see it yet?</span><br />
<span class="irc-date">[2:14]</span> <span class="irc-black">&lt;h8rift&gt; lol its hilarious.</span><br />
<span class="irc-date">[2:14]</span> <span class="irc-black">&lt;Kaik541&gt; I might try to realign that bottom text</span><br />
<span class="irc-date">[2:14]</span> <span class="irc-black">&lt;atinm&gt; how did cyanogen get those fonts.</span><br />
<span class="irc-date">[2:14]</span> <span class="irc-black">&lt;Kaik541&gt; I can't tell if it's in the middle</span><br />
<span class="irc-date">[2:14]</span> <span class="irc-black">&lt;ytt3r&gt; maybe make the text a bit more rounded too</span><br />
<span class="irc-date">[2:15]</span> <span class="irc-black">&lt;ytt3r&gt; that's a little sharp and bleh.</span><br />
<span class="irc-date">[2:15]</span> <span class="irc-black">&lt;atinm&gt; that's the font we need</span><br />
<span class="irc-date">[2:15]</span> <span class="irc-black">&lt;atinm&gt; yeah</span><br />
<span class="irc-date">[2:15]</span> <span class="irc-black">&lt;Kaik541&gt; I asked for any font preferences when I first made it, so just went stark</span><br />
<span class="irc-date">[2:15]</span> <span class="irc-black">&lt;atinm&gt; where did that designfears guy go</span><br />
<span class="irc-date">[2:15]</span> <span class="irc-black">&lt;atinm&gt; I thought he was a designer</span><br />
<span class="irc-date">[2:16]</span> <span class="irc-black">&lt;Kaik541&gt; he's right there</span><br />
<span class="irc-date">[2:16]</span> <span class="irc-black">&lt;Kaik541&gt; designfears, ping</span><br />
<span class="irc-date">[2:16]</span> <span class="irc-black">&lt;atinm&gt; but try changing fonts - see if you can get closer to the Galaxy font or the cyanogen font</span><br />
<span class="irc-date">[2:16]</span> <span class="irc-black">&lt;atinm&gt; well, it looks the same as the galaxy</span><br />
<span class="irc-date">[2:16]</span> <span class="irc-black">&lt;atinm&gt; not sure . . .</span><br />
<span class="irc-date">[2:16]</span> <span class="irc-black">&lt;Kaik541&gt; that's kinda why I went with that font</span><br />
<span class="irc-date">[2:17]</span> <span class="irc-black">&lt;Kaik541&gt; I'm sure they use a custom font</span><br />
<span class="irc-date">[2:17]</span> <span class="irc-black">&lt;atinm&gt; right now I'm still preferring our plain one</span><br />
<span class="irc-date">[2:17]</span> <span class="irc-black">&lt;Kaik541&gt; I prefer the plain one too</span><br />
<span class="irc-date">[2:17]</span> <span class="irc-black">&lt;Kaik541&gt; I just had that one for techmik67</span><br />
<span class="irc-date">[2:18]</span> <span class="irc-black">&lt;atinm&gt; <a href="http://teamhacksung.pastebin.com/pGXm3cqm">http://teamhacksung.pastebin.com/pGXm3cqm</a></span><br />
<span class="irc-date">[2:18]</span> <span class="irc-black">&lt;atinm&gt; did anyone get that at the end of the build?</span><br />
<span class="irc-date">[2:19]</span> <span class="irc-navy">* kalpik (~kalpik@unaffiliated/kalpik) Quit (Ping timeout: 264 seconds)</span><br />
<span class="irc-date">[2:19]</span> <span class="irc-black">&lt;Kaik541&gt; nope</span><br />
<span class="irc-date">[2:19]</span> <span class="irc-black">&lt;ytt3r&gt; nope</span><br />
<span class="irc-date">[2:19]</span> <span class="irc-black">&lt;ytt3r&gt; works fine here</span><br />
<span class="irc-date">[2:19]</span> <span class="irc-black">&lt;atinm&gt; damn it, still getting commits from upstream</span><br />
<span class="irc-date">[2:20]</span> <span class="irc-black">&lt;techmik67&gt; did i just read correctly? my quote may become "official"? =)</span><br />
<span class="irc-date">[2:20]</span> <span class="irc-black">&lt;atinm&gt; lots of stuff</span><br />
<span class="irc-date">[2:20]</span> <span class="irc-black">&lt;atinm&gt; techmik67: no... not yet :)</span><br />
<span class="irc-date">[2:20]</span> <span class="irc-black">&lt;techmik67&gt; lol</span><br />
<span class="irc-date">[2:20]</span> <span class="irc-black">&lt;techmik67&gt; i said "may</span><br />
<span class="irc-date">[2:20]</span> <span class="irc-black">&lt;atinm&gt; need it to look nicer than at the moment.</span><br />
<span class="irc-date">[2:20]</span> <span class="irc-black">&lt;ytt3r&gt; atin is still mad at you</span><br />
<span class="irc-date">[2:20]</span> <span class="irc-black">&lt;techmik67&gt; "=P</span><br />
<span class="irc-date">[2:20]</span> <span class="irc-black">&lt;atinm&gt; before we can decide.</span><br />
<span class="irc-date">[2:20]</span> <span class="irc-black">&lt;ytt3r&gt; lol</span><br />
<span class="irc-date">[2:20]</span> <span class="irc-black">&lt;atinm&gt; simple is good - I like our current one.</span><br />
<span class="irc-date">[2:21]</span> <span class="irc-black">&lt;h8rift&gt; we need to get "It does Stuff" scribbled all over the AT&amp;T logo</span><br />
<span class="irc-date">[2:21]</span> <span class="irc-black">&lt;h8rift&gt; that would kill 2 birds w/1 stone</span><br />
<span class="irc-date">[2:21]</span> <span class="irc-black">&lt;h8rift&gt; !</span><br />
<span class="irc-date">[2:21]</span> <span class="irc-black">&lt;h8rift&gt; :P</span><br />
<span class="irc-date">[2:21]</span> <span class="irc-black">&lt;techmik67&gt; i'm gonna learn programming and make a giant contribution to make up for it.... what would we like? death ray? autobot?</span><br />
<span class="irc-date">[2:21]</span> <span class="irc-black">&lt;atinm&gt; including the phone ..</span><br />
<span class="irc-date">[2:22]</span> <span class="irc-black">&lt;atinm&gt; I'll be fine with a no bug captivate.</span><br />
<span class="irc-date">[2:22]</span> <span class="irc-black">&lt;h8rift&gt; :)</span><br />
<span class="irc-date">[2:22]</span> <span class="irc-brick">* techmik67 stays away from "git push"</span><br />
<span class="irc-date">[2:22]</span> <span class="irc-black">&lt;atinm&gt; resync and build . . . got android_build and framework this time..</span><br />
<span class="irc-date">[2:22]</span> <span class="irc-black">&lt;atinm&gt; gad.</span><br />
<span class="irc-date">[2:23]</span> <span class="irc-black">&lt;atinm&gt; don't quite trust that this build will work</span><br />
<span class="irc-date">[2:23]</span> <span class="irc-black">&lt;Kaik541&gt; <a href="http://www.identifont.com/identify?13+GALAXY+6WN+2XN+G+6ZR+2BT+23+9J+G39+6X5+DH+6X9+9Z+U+M">http://www.identifont.com/identify?13+GALAXY+6WN+2XN+G+6ZR+2BT+23+9J+G39+6X5+DH+6X9+9Z+U+M</a></span><br />
<span class="irc-date">[2:23]</span> <span class="irc-black">&lt;atinm&gt; too frankenstein.</span><br />
<span class="irc-date">[2:23]</span> <span class="irc-black">&lt;Kaik541&gt; here is the closest font I can find</span><br />
<span class="irc-date">[2:23]</span> <span class="irc-black">&lt;Kaik541&gt; for Galaxy S</span><br />
<span class="irc-date">[2:28]</span> <span class="irc-black">&lt;designfears&gt; hey Kaik541 whats up?</span><br />
<span class="irc-date">[2:28]</span> <span class="irc-black">&lt;Kaik541&gt; hi</span><br />
<span class="irc-date">[2:29]</span> <span class="irc-black">&lt;Kaik541&gt; are you a designer?</span><br />
<span class="irc-date">[2:29]</span> <span class="irc-black">&lt;designfears&gt; no</span><br />
<span class="irc-date">[2:29]</span> <span class="irc-black">&lt;kudakeru&gt; Just a bad troll.</span><br />
<span class="irc-date">[2:29]</span> <span class="irc-black">&lt;Kaik541&gt; well I was misled!</span><br />
<span class="irc-date">[2:30]</span> <span class="irc-black">&lt;designfears&gt; woww</span><br />
<span class="irc-date">[2:31]</span> <span class="irc-black">&lt;designfears&gt; F U too buddy</span><br />
<span class="irc-date">[2:31]</span> <span class="irc-green">* KaikHole (~Rawr@cpe-66-68-164-213.austin.res.rr.com) has joined this channel.</span><br />
<span class="irc-date">[2:31]</span> <span class="irc-navy">* Kaik541 (~Rawr@cpe-66-68-164-213.austin.res.rr.com) Quit (Disconnected by services)</span><br />
<span class="irc-date">[2:31]</span> <span class="irc-green">* KaikHole is now known as Kaik541</span><br />
<span class="irc-date">[2:32]</span> <span class="irc-green">* kalpik (~kalpik@unaffiliated/kalpik) has joined this channel.</span><br />
<span class="irc-date">[2:32]</span> <span class="irc-black">&lt;uberushaximus&gt; I feel your pain atinm</span><br />
<span class="irc-date">[2:33]</span> <span class="irc-black">&lt;kudakeru&gt; So is now a good time to sync and build, or should I be waiting for something coming up?</span><br />
<span class="irc-date">[2:33]</span> <span class="irc-black">&lt;designfears&gt; wow u too uberhax</span><br />
<span class="irc-date">[2:34]</span> <span class="irc-black">&lt;atinm&gt; designfears: my fault - I thought you were a designer, we're looking for someone to rework the bootlogo</span><br />
<span class="irc-date">[2:34]</span> <span class="irc-black">&lt;kudakeru&gt; atinm: Looking for anything in particular?</span><br />
<span class="irc-date">[2:34]</span> <span class="irc-black">&lt;atinm&gt; kudakeru: what device?</span><br />
<span class="irc-date">[2:34]</span> <span class="irc-black">&lt;kudakeru&gt; Captivate</span><br />
<span class="irc-date">[2:35]</span> <span class="irc-black">&lt;atinm&gt; read above..</span><br />
<span class="irc-date">[2:35]</span> <span class="irc-black">&lt;atinm&gt; well, I'll put up something soon so you don't have to build</span><br />
<span class="irc-date">[2:35]</span> <span class="irc-black">&lt;atinm&gt; but if you're here - you're supposed to.</span><br />
<span class="irc-date">[2:35]</span> <span class="irc-black">&lt;atinm&gt; since you're a developer or intense tester. otherwise you're in the wrong place. :)</span><br />
<span class="irc-date">[2:36]</span> <span class="irc-black">&lt;kudakeru&gt; I just wasn't sure if you were about to push something, or just building a release.</span><br />
<span class="irc-date">[2:36]</span> <span class="irc-black">&lt;kudakeru&gt; Build ahoy</span><br />
<span class="irc-date">[2:36]</span> <span class="irc-black">&lt;atinm&gt; just building a release right now to make sure it all works.</span><br />
<span class="irc-date">[2:36]</span> <span class="irc-black">&lt;atinm&gt; Ithink somethings got committed upstream</span><br />
<span class="irc-date">[2:36]</span> <span class="irc-black">&lt;atinm&gt; like in the last hours</span><br />
<span class="irc-date">[2:36]</span> <span class="irc-black">&lt;atinm&gt; so I'm sort of worried now.</span><br />
<span class="irc-date">[2:36]</span> <span class="irc-black">&lt;kudakeru&gt; Well, I just resync'd, so I should be good.</span><br />
<span class="irc-date">[2:37]</span> <span class="irc-black">&lt;atinm&gt; not kernel stuff, but lots of android stuff</span><br />
<span class="irc-date">[2:37]</span> <span class="irc-black">&lt;kudakeru&gt; I still have to reflash and fix my touchkeys firmware.</span><br />
<span class="irc-date">[2:39]</span> <span class="irc-black">&lt;designfears&gt; i can do that ant</span><br />
<span class="irc-date">[2:41]</span> <span class="irc-black">&lt;atinm&gt; what is microdoof?</span><br />
<span class="irc-date">[2:41]</span> <span class="irc-black">&lt;atinm&gt; codeworkx or coolya's site?</span><br />
<span class="irc-date">[2:41]</span> <span class="irc-black">&lt;h8rift&gt; its a small, tiny doofus</span><br />
<span class="irc-date">[2:42]</span> <span class="irc-black">&lt;h8rift&gt; :P</span><br />
<span class="irc-date">[2:42]</span> <span class="irc-black">&lt;h8rift&gt; sorry, that was a serious question ;)</span><br />
<span class="irc-date">[2:43]</span> <span class="irc-black">&lt;atinm&gt; that's were the zips are uploaded to</span><br />
<span class="irc-date">[2:43]</span> <span class="irc-black">&lt;atinm&gt; hrm.</span><br />
<span class="irc-date">[2:44]</span> <span class="irc-black">&lt;atinm&gt; I guess I can just upload them to github downloads area.</span><br />
<span class="irc-date">[2:44]</span> <span class="irc-black">&lt;atinm&gt; after it builds clean . . .</span><br />
<span class="irc-date">[2:45]</span> <span class="irc-black">&lt;Kaik541&gt; oh wow, I'm stupid... that font they use is helvetica</span><br />
<span class="irc-date">[2:46]</span> <span class="irc-black">&lt;atinm&gt; wtf - it is building development samples?!</span><br />
<span class="irc-date">[2:47]</span> <span class="irc-black">&lt;atinm&gt; just what did they merge upstream?</span><br />
<span class="irc-date">[2:47]</span> <span class="irc-black">&lt;atinm&gt; development/samples/AccelerometerPlay/src/com/example/android/accelerometerplay/AccelerometerPlayActivity.java:168: warning: unmappable ch\</span><br />
<span class="irc-date">[2:47]</span> <span class="irc-black">&lt;atinm&gt; aracter for encoding ascii</span><br />
<span class="irc-date">[2:47]</span> <span class="irc-black">&lt;atinm&gt; funny</span><br />
<span class="irc-date">[2:49]</span> <span class="irc-black">&lt;Kaik541&gt; yeah looks like something is being killed upstream</span><br />
<span class="irc-date">[2:51]</span> <span class="irc-navy">* ytt3r (~evan@adsl-88-56-225.asm.bellsouth.net) Quit (Remote host closed the connection)</span><br />
<span class="irc-date">[2:59]</span> <span class="irc-green">* ytt3r (~evan@adsl-88-56-225.asm.bellsouth.net) has joined this channel.</span><br />
