<span class="irc-date">[0:01]</span> <span class="irc-black">&lt;Kaik541&gt; anybody have any ideas about this</span><br />
<span class="irc-date">[0:01]</span> <span class="irc-black">&lt;Kaik541&gt; <a href="http://pastebin.com/RLpjT5u6">http://pastebin.com/RLpjT5u6</a> &lt;--- logcat <a href="http://pastebin.com/DXmmKZzL">http://pastebin.com/DXmmKZzL</a> &lt;--- dmesg</span><br />
<span class="irc-date">[0:01]</span> <span class="irc-green">* atinm|away is now known as atinm</span><br />
<span class="irc-date">[0:01]</span> <span class="irc-black">&lt;Kaik541&gt; it's what happens when my phone randomly loses service with i9000 modem</span><br />
<span class="irc-date">[0:02]</span> <span class="irc-black">&lt;techmik67&gt; E/wpa_supplicant(  290): wpa_driver_priv_driver_cmd failed (-1): COUNTRY US</span><br />
<span class="irc-date">[0:02]</span> <span class="irc-black">&lt;Kaik541&gt; that's wifi I think</span><br />
<span class="irc-date">[0:03]</span> <span class="irc-black">&lt;techmik67&gt; yeah, but it jumped out</span><br />
<span class="irc-date">[0:03]</span> <span class="irc-black">&lt;Kaik541&gt; everything in telephony gets set to null</span><br />
<span class="irc-date">[0:03]</span> <span class="irc-black">&lt;techmik67&gt; I/TelephonyRegistry(  182): notifyDataConnection: state=0 isDataConnectivityPossible=false reason=radioTurnedOff interfaceName=null networkType=0</span><br />
<span class="irc-date">[0:03]</span> <span class="irc-black">&lt;atinm&gt; huh</span><br />
<span class="irc-date">[0:04]</span> <span class="irc-black">&lt;atinm&gt; wtf, I thought I had change that.</span><br />
<span class="irc-date">[0:04]</span> <span class="irc-black">&lt;Kaik541&gt; dmesg shows modem shitting itself</span><br />
<span class="irc-date">[0:04]</span> <span class="irc-black">&lt;techmik67&gt; dont tell me you can fix kaik?</span><br />
<span class="irc-date">[0:05]</span> <span class="irc-black">&lt;Kaik541&gt; &lt;3&gt;[ 4358.546340] modem_acquire_mmio() TIMEOUT</span><br />
<span class="irc-date">[0:06]</span> <span class="irc-black">&lt;Kaik541&gt; it's requesting more and more RAM but can't get  any...</span><br />
<span class="irc-date">[0:06]</span> <span class="irc-black">&lt;Kaik541&gt; you know what... I don't remember having issues with i9000 modems until those new high-mem kernels started coming out</span><br />
<span class="irc-date">[0:06]</span> <span class="irc-black">&lt;Kaik541&gt; because I used to use the very old school perception and i9000 based ROM's/modems without any issue</span><br />
<span class="irc-date">[0:07]</span> <span class="irc-black">&lt;Kaik541&gt; I don't know if that's coincidence or what</span><br />
<span class="irc-date">[0:08]</span> <span class="irc-navy">* aarcane (~aarcane@c-98-238-138-177.hsd1.ca.comcast.net) Quit (Ping timeout: 248 seconds)</span><br />
<span class="irc-date">[0:08]</span> <span class="irc-black">&lt;Unhelpful&gt; "high-mem"?</span><br />
<span class="irc-date">[0:09]</span> <span class="irc-black">&lt;Kaik541&gt; it wasn't until I started using those kernels that had 340 MB free (as opposed to stock 300 MB)</span><br />
<span class="irc-date">[0:09]</span> <span class="irc-green">* ChanServ sets mode +v uberushaximus</span><br />
<span class="irc-date">[0:10]</span> <span class="irc-black">&lt;Unhelpful&gt; erm, what's *different* about them?</span><br />
<span class="irc-date">[0:10]</span> <span class="irc-black">&lt;atinm&gt; did we lose our sensors again?</span><br />
<span class="irc-date">[0:11]</span> <span class="irc-black">&lt;atinm&gt; what are light sensors reading now?</span><br />
<span class="irc-date">[0:11]</span> <span class="irc-black">&lt;techmik67&gt; sec</span><br />
<span class="irc-date">[0:11]</span> <span class="irc-black">&lt;atinm&gt; yeah, looks like we lost it</span><br />
<span class="irc-date">[0:11]</span> <span class="irc-black">&lt;atinm&gt; fuck.</span><br />
<span class="irc-date">[0:11]</span> <span class="irc-black">&lt;atinm&gt; how</span><br />
<span class="irc-date">[0:12]</span> <span class="irc-navy">* zerojay (~jay@blk-138-9-123.eastlink.ca) Quit (Remote host closed the connection)</span><br />
<span class="irc-date">[0:12]</span> <span class="irc-black">&lt;techmik67&gt; only guiper knows</span><br />
<span class="irc-date">[0:12]</span> <span class="irc-black">&lt;Kaik541&gt; Unhelpful, I'm not entirely sure the change came about sometime around November of last year I guess</span><br />
<span class="irc-date">[0:13]</span> <span class="irc-black">&lt;Kaik541&gt; I know hardcore implements some of them: <a href="http://forum.xda-developers.com/showthread.php?t=822756">http://forum.xda-developers.com/showthread.php?t=822756</a></span><br />
<span class="irc-date">[0:13]</span> <span class="irc-black">&lt;Kaik541&gt; and he has some info about memory config, but I don't know if that's all of it</span><br />
<span class="irc-date">[0:14]</span> <span class="irc-black">&lt;techmik67&gt; 6 and 5000 for light sensor</span><br />
<span class="irc-date">[0:14]</span> <span class="irc-black">&lt;Kaik541&gt; everyone gives hardcore the credit for finding it, so I guess he had a hand in it</span><br />
<span class="irc-date">[0:15]</span> <span class="irc-black">&lt;Kaik541&gt; <a href="http://forum.xda-developers.com/showpost.php?p=8850760&amp;postcount=164">http://forum.xda-developers.com/showpost.php?p=8850760&amp;postcount=164</a> &lt;--- seems to have stemmed from this thread/post</span><br />
<span class="irc-date">[0:15]</span> <span class="irc-black">&lt;Kaik541&gt; and I'm pretty sure we have the same memory allocation</span><br />
<span class="irc-date">[0:16]</span> <span class="irc-black">&lt;Kaik541&gt; or at least similar... as i used to use xcalibur's kernel with an i9000 modem without any issues</span><br />
<span class="irc-date">[0:17]</span> <span class="irc-black">&lt;Kaik541&gt; I have no idea if they're related, that's just about when I remember it</span><br />
<span class="irc-date">[0:21]</span> <span class="irc-navy">* gehzumteufel (~gehzumteu@adsl-76-252-171-187.dsl.lsan03.sbcglobal.net) Quit (Read error: Connection reset by peer)</span><br />
<span class="irc-date">[0:22]</span> <span class="irc-green">* gehzumteufel (~gehzumteu@adsl-76-252-171-187.dsl.lsan03.sbcglobal.net) has joined this channel.</span><br />
<span class="irc-date">[0:22]</span> <span class="irc-green">* ChanServ sets mode +v gehzumteufel</span><br />
<span class="irc-date">[0:23]</span> <span class="irc-black">&lt;atinm&gt; ah, codeworkx forced a change onto it so that we went back to using samsung sensors</span><br />
<span class="irc-date">[0:24]</span> <span class="irc-black">&lt;atinm&gt; don't know if he meant to tho</span><br />
<span class="irc-date">[0:24]</span> <span class="irc-black">&lt;techmik67&gt; i fixed in my repo and am building to see what happens</span><br />
<span class="irc-date">[0:24]</span> <span class="irc-black">&lt;techmik67&gt; <a href="http://goo.gl/hknkN">http://goo.gl/hknkN</a></span><br />
<span class="irc-date">[0:25]</span> <span class="irc-black">&lt;atinm&gt; yeah</span><br />
<span class="irc-date">[0:25]</span> <span class="irc-black">&lt;techmik67&gt; let ya know in 30 mins =)</span><br />
<span class="irc-date">[0:25]</span> <span class="irc-black">&lt;atinm&gt; I just built</span><br />
<span class="irc-date">[0:25]</span> <span class="irc-black">&lt;atinm&gt; you dont' need to clean I don't think</span><br />
<span class="irc-date">[0:25]</span> <span class="irc-black">&lt;techmik67&gt; this way?</span><br />
<span class="irc-date">[0:25]</span> <span class="irc-black">&lt;techmik67&gt; i already did</span><br />
<span class="irc-date">[0:25]</span> <span class="irc-black">&lt;atinm&gt; yeah, just taking out that line</span><br />
<span class="irc-date">[0:26]</span> <span class="irc-black">&lt;techmik67&gt; 10 mis into clean build with that change</span><br />
<span class="irc-date">[0:26]</span> <span class="irc-black">&lt;atinm&gt; lets see</span><br />
<span class="irc-date">[0:26]</span> <span class="irc-black">&lt;atinm&gt; maybe that will break camera again</span><br />
<span class="irc-date">[0:26]</span> <span class="irc-black">&lt;techmik67&gt; we'll see.....</span><br />
<span class="irc-date">[0:29]</span> <span class="irc-black">&lt;techmik67&gt; supercurio in cmsgs.... invite?</span><br />
<span class="irc-date">[0:30]</span> <span class="irc-black">&lt;atinm&gt; if he wants to come here, sure ...</span><br />
<span class="irc-date">[0:30]</span> <span class="irc-black">&lt;techmik67&gt; oh, he didnt ask, i just assumed he got fwded</span><br />
<span class="irc-date">[0:30]</span> <span class="irc-black">&lt;atinm&gt; don't - only if he asks :)</span><br />
<span class="irc-date">[0:30]</span> <span class="irc-black">&lt;techmik67&gt; ypu</span><br />
<span class="irc-date">[0:30]</span> <span class="irc-black">&lt;techmik67&gt; yup</span><br />
<span class="irc-date">[0:35]</span> <span class="irc-black">&lt;Kaik541&gt; techmik67, he's sat in #cmsgs for like the past 2 months xD</span><br />
<span class="irc-date">[0:37]</span> <span class="irc-black">&lt;techmik67&gt; oh, never noticed.. =)</span><br />
<span class="irc-date">[0:37]</span> <span class="irc-green">* techmik_laptop is now known as techmik</span><br />
<span class="irc-date">[0:37]</span> <span class="irc-green">* techmik is now known as techmik_laptop</span><br />
<span class="irc-date">[0:37]</span> <span class="irc-black">&lt;techmik67&gt; stupid switch</span><br />
<span class="irc-date">[0:37]</span> <span class="irc-black">&lt;techmik67&gt; ahh, i see</span><br />
<span class="irc-date">[0:41]</span> <span class="irc-black">&lt;Unhelpful&gt; ...loggedchannel ;P</span><br />
<span class="irc-date">[0:41]</span> <span class="irc-black">&lt;atinm&gt; that's why I was anon ;)</span><br />
<span class="irc-date">[0:42]</span> <span class="irc-green">* TMC_Sherpa (~jeff@c-67-173-42-196.hsd1.il.comcast.net) has joined this channel.</span><br />
<span class="irc-date">[0:43]</span> <span class="irc-green">* TMC_Sherpa (~jeff@c-67-173-42-196.hsd1.il.comcast.net) has left this channel.</span><br />
<span class="irc-date">[0:43]</span> <span class="irc-black">&lt;Unhelpful&gt; ...</span><br />
<span class="irc-date">[0:43]</span> <span class="irc-black">&lt;atinm&gt; damn it, maybe I did need to clean.</span><br />
<span class="irc-date">[0:44]</span> <span class="irc-black">&lt;techmik67&gt; ooo</span><br />
<span class="irc-date">[0:44]</span> <span class="irc-black">&lt;techmik67&gt; i got a headstart</span><br />
<span class="irc-date">[0:44]</span> <span class="irc-black">&lt;techmik67&gt; =)</span><br />
<span class="irc-date">[0:44]</span> <span class="irc-black">&lt;Kaik541&gt; it only takes him 10 minutes to build clean xD</span><br />
<span class="irc-date">[0:44]</span> <span class="irc-black">&lt;atinm&gt; I'll still take you down ;)</span><br />
<span class="irc-date">[0:44]</span> <span class="irc-black">&lt;techmik67&gt; =)</span><br />
<span class="irc-date">[0:45]</span> <span class="irc-green">* Wout (~Wout@62.140.137.142) has joined this channel.</span><br />
<span class="irc-date">[0:45]</span> <span class="irc-black">&lt;atinm&gt; tho are you building kernel too?</span><br />
<span class="irc-date">[0:45]</span> <span class="irc-black">&lt;techmik67&gt; yup, usual process...</span><br />
<span class="irc-date">[0:45]</span> <span class="irc-black">&lt;techmik67&gt; i cleaned and rebuilt</span><br />
<span class="irc-date">[0:46]</span> <span class="irc-black">&lt;techmik67&gt; prob 15 mins left....</span><br />
<span class="irc-date">[0:48]</span> <span class="irc-black">&lt;Unhelpful&gt; the idea was for us not to be rebuilding the kernel every time :/</span><br />
<span class="irc-date">[0:50]</span> <span class="irc-green">* TMC_Sherpa_ (~jeff@c-67-173-42-196.hsd1.il.comcast.net) has joined this channel.</span><br />
<span class="irc-date">[0:50]</span> <span class="irc-black">&lt;Kaik541&gt; Unhelpful, unless there's a kernel change</span><br />
<span class="irc-date">[0:51]</span> <span class="irc-green">* techmik67 sets mode +v TMC_Sherpa_</span><br />
<span class="irc-date">[0:51]</span> <span class="irc-green">* ChanServ sets mode +v TMC_Sherpa_</span><br />
<span class="irc-date">[0:51]</span> <span class="irc-black">&lt;Kaik541&gt; you need to do it through chanserv techmik67</span><br />
<span class="irc-date">[0:51]</span> <span class="irc-black">&lt;Kaik541&gt;  /msg ChanServ voice #__topsecret__ &lt;nick&gt;</span><br />
<span class="irc-date">[0:52]</span> <span class="irc-black">&lt;techmik67&gt; got it</span><br />
<span class="irc-date">[0:52]</span> <span class="irc-black">&lt;techmik67&gt; i can rt click in konvo</span><br />
<span class="irc-date">[0:52]</span> <span class="irc-black">&lt;techmik67&gt; instinct</span><br />
<span class="irc-date">[0:52]</span> <span class="irc-black">&lt;techmik67&gt; =)</span><br />
<span class="irc-date">[0:52]</span> <span class="irc-green">* Wout is now known as woutvoiceplz</span><br />
<span class="irc-date">[0:52]</span> <span class="irc-black">&lt;TMC_Sherpa_&gt; I have nothing useful to say at the moment, don't worry about it</span><br />
<span class="irc-date">[0:52]</span> <span class="irc-green">* woutvoiceplz is now known as Wout</span><br />
<span class="irc-date">[0:53]</span> <span class="irc-green">* ChanServ sets mode +v Wout</span><br />
<span class="irc-date">[0:53]</span> <span class="irc-black">&lt;Kaik541&gt; TMC_Sherpa_, what else is new</span><br />
<span class="irc-date">[0:53]</span> <span class="irc-black">&lt;TMC_Sherpa_&gt; nothing</span><br />
<span class="irc-date">[0:53]</span> <span class="irc-black">&lt;TMC_Sherpa_&gt; nothing at all</span><br />
<span class="irc-date">[0:54]</span> <span class="irc-black">&lt;Kaik541&gt; I will stop making that joke</span><br />
<span class="irc-date">[0:54]</span> <span class="irc-black">&lt;Kaik541&gt; one day</span><br />
<span class="irc-date">[0:54]</span> <span class="irc-black">&lt;TMC_Sherpa_&gt; no bet</span><br />
<span class="irc-date">[0:54]</span> <span class="irc-green">* TMC_Sherpa_ is now known as TMC_sherpa</span><br />
<span class="irc-date">[0:54]</span> <span class="irc-black">&lt;atinm&gt; <a href="http://stats.cyanogenmod.com/">http://stats.cyanogenmod.com/</a></span><br />
<span class="irc-date">[0:54]</span> <span class="irc-black">&lt;Wout&gt; Battery drain seems to have been improved on latest test build with gpio fixes</span><br />
<span class="irc-date">[0:54]</span> <span class="irc-black">&lt;atinm&gt; on that page, what are the brand names I'd recognize</span><br />
<span class="irc-date">[0:55]</span> <span class="irc-black">&lt;atinm&gt; what is the bravo?</span><br />
<span class="irc-date">[0:55]</span> <span class="irc-black">&lt;atinm&gt; and supersonic?</span><br />
<span class="irc-date">[0:55]</span> <span class="irc-black">&lt;Wout&gt; Haven't done any scientific tests, but batt seems to last longer</span><br />
<span class="irc-date">[0:55]</span> <span class="irc-black">&lt;Kaik541&gt; bravo = desire, supersonic = evo</span><br />
<span class="irc-date">[0:55]</span> <span class="irc-black">&lt;atinm&gt; sholes?</span><br />
<span class="irc-date">[0:56]</span> <span class="irc-black">&lt;Kaik541&gt; droid</span><br />
<span class="irc-date">[0:56]</span> <span class="irc-black">&lt;TMC_sherpa&gt; prolly Wout , now that the changes are in a file that is read when it compiles :P</span><br />
<span class="irc-date">[0:56]</span> <span class="irc-black">&lt;atinm&gt; ace inc and vision?</span><br />
<span class="irc-date">[0:56]</span> <span class="irc-black">&lt;Kaik541&gt; desire hd, htc incredible, g2/desire z</span><br />
<span class="irc-date">[0:57]</span> <span class="irc-black">&lt;atinm&gt; so we're basically up there</span><br />
<span class="irc-date">[0:57]</span> <span class="irc-black">&lt;atinm&gt; only the very best CM7 supported phones are above us</span><br />
<span class="irc-date">[0:57]</span> <span class="irc-black">&lt;atinm&gt; if we had even the tiniest bit of help from samsung, we would be up there</span><br />
<span class="irc-date">[0:57]</span> <span class="irc-black">&lt;Wout&gt; Tmc, that kind of helps, yeah :P</span><br />
<span class="irc-date">[0:57]</span> <span class="irc-black">&lt;TMC_sherpa&gt; figured  you were looking for your next phone</span><br />
<span class="irc-date">[0:57]</span> <span class="irc-brick">* Unhelpful wonders if techmik67 ever figured out how to author-tag TMC_sherpa properly ;P</span><br />
<span class="irc-date">[0:58]</span> <span class="irc-black">&lt;TMC_sherpa&gt; doesn't matter Unhelpful my poop isn't compiled anyway :)</span><br />
<span class="irc-date">[0:58]</span> <span class="irc-black">&lt;techmik67&gt; nope, i tried, but it kept telling me errors or no such author......</span><br />
<span class="irc-date">[1:00]</span> <span class="irc-black">&lt;Unhelpful&gt; techmik67: and you did --author="Author Name &lt;email&gt;" like i kept saying? ;P</span><br />
<span class="irc-date">[1:00]</span> <span class="irc-black">&lt;atinm&gt; I looked at the inspire - it looks sort of cheap</span><br />
<span class="irc-date">[1:00]</span> <span class="irc-black">&lt;atinm&gt; compared to the captivate</span><br />
<span class="irc-date">[1:01]</span> <span class="irc-black">&lt;gehzumteufel&gt; Most HTC phones are sort of cheap looking/feeling</span><br />
<span class="irc-date">[1:01]</span> <span class="irc-black">&lt;techmik67&gt; hmmmm.... not sure if i put the whole thing in quotes like that.......</span><br />
<span class="irc-date">[1:01]</span> <span class="irc-black">&lt;TMC_sherpa&gt; christ, your not going to let that die..... try TMC-Sherpa I guess they don't like underscores</span><br />
<span class="irc-date">[1:02]</span> <span class="irc-black">&lt;TMC_sherpa&gt; just dont expect me to use it</span><br />
<span class="irc-date">[1:02]</span> <span class="irc-black">&lt;atinm&gt; I could get it for $200</span><br />
<span class="irc-date">[1:02]</span> <span class="irc-black">&lt;TMC_sherpa&gt; at least not right now</span><br />
<span class="irc-date">[1:02]</span> <span class="irc-black">&lt;atinm&gt; but didn't want it</span><br />
<span class="irc-date">[1:02]</span> <span class="irc-black">&lt;atinm&gt; so stayed with captivate</span><br />
<span class="irc-date">[1:03]</span> <span class="irc-black">&lt;TMC_sherpa&gt; captivate has a nice feel, the other sgs phones need some lead stuck in there or something</span><br />
<span class="irc-date">[1:04]</span> <span class="irc-black">&lt;TMC_sherpa&gt; and, of course, it isn't a black rectangle with rounded corners but I don't really want to get into that pile of crap</span><br />
<span class="irc-date">[1:04]</span> <span class="irc-black">&lt;gehzumteufel&gt; atinm: Do you know what the unofficial installs are? That would probably include all of us?</span><br />
<span class="irc-date">[1:05]</span> <span class="irc-black">&lt;Unhelpful&gt; techmik67: as i read the man page, it says if your author *doesn't* look like that, *then* it will treat it as a pattern to search authors of other commits for. that's why it found nothing. and also why you could use --author=atinm and have it work. it has nothing to do w/ who has an account on hgithub, which was the *main* point i was trying to make.</span><br />
<span class="irc-date">[1:05]</span> <span class="irc-black">&lt;techmik67&gt; with our without quotes around atinm?</span><br />
<span class="irc-date">[1:06]</span> <span class="irc-black">&lt;TMC_sherpa&gt; I made a stupid account just use a - instead of _</span><br />
<span class="irc-date">[1:06]</span> <span class="irc-black">&lt;Unhelpful&gt; techmik67: wouldn't matter, the quotes in the other case are to make something with spaces in it one argument. also because &lt; and &gt; are special to the shell if not quoted.</span><br />
<span class="irc-date">[1:06]</span> <span class="irc-black">&lt;atinm&gt; no way to tell unofficial installs</span><br />
<span class="irc-date">[1:06]</span> <span class="irc-black">&lt;gehzumteufel&gt; ah</span><br />
<span class="irc-date">[1:06]</span> <span class="irc-black">&lt;atinm&gt; we can count downloads,  but that's not a real number</span><br />
<span class="irc-date">[1:06]</span> <span class="irc-black">&lt;gehzumteufel&gt; figured</span><br />
<span class="irc-date">[1:06]</span> <span class="irc-black">&lt;gehzumteufel&gt; Yeah</span><br />
<span class="irc-date">[1:06]</span> <span class="irc-black">&lt;atinm&gt; since ppl download multiple times</span><br />
<span class="irc-date">[1:06]</span> <span class="irc-black">&lt;atinm&gt; each update</span><br />
<span class="irc-date">[1:06]</span> <span class="irc-black">&lt;atinm&gt; etc</span><br />
<span class="irc-date">[1:06]</span> <span class="irc-black">&lt;Unhelpful&gt; TMC_sherpa: yeah, but no way for it to know on his end that you have an account ;)</span><br />
<span class="irc-date">[1:07]</span> <span class="irc-black">&lt;Unhelpful&gt; again, this has nothing to do w/ who has a github account.</span><br />
<span class="irc-date">[1:07]</span> <span class="irc-black">&lt;TMC_sherpa&gt; awesome</span><br />
<span class="irc-date">[1:07]</span> <span class="irc-black">&lt;Unhelpful&gt; the thing it searches for is a previous commit in the same repository that contains the given author as a substring - unless it "looks like" a proper author tag, in which case it is just used and no search is done.</span><br />
<span class="irc-date">[1:08]</span> <span class="irc-black">&lt;Unhelpful&gt; the "github turns it into a link to an account" is done *by* github</span><br />
<span class="irc-date">[1:09]</span> <span class="irc-black">&lt;TMC_sherpa&gt; atinm:  your adding up all 4 phones right?</span><br />
<span class="irc-date">[1:09]</span> <span class="irc-black">&lt;atinm&gt; yes</span><br />
<span class="irc-date">[1:10]</span> <span class="irc-black">&lt;TMC_sherpa&gt; k</span><br />
<span class="irc-date">[1:10]</span> <span class="irc-black">&lt;atinm&gt; techmik, it worked.</span><br />
<span class="irc-date">[1:11]</span> <span class="irc-black">&lt;techmik67&gt; just flashing</span><br />
<span class="irc-date">[1:11]</span> <span class="irc-black">&lt;atinm&gt; do I need ppl to test others too.</span><br />
<span class="irc-date">[1:11]</span> <span class="irc-black">&lt;atinm&gt; let me commit</span><br />
<span class="irc-date">[1:14]</span> <span class="irc-black">&lt;atinm&gt; unhelpful, can you join #cmsgs</span><br />
<span class="irc-date">[1:14]</span> <span class="irc-black">&lt;atinm&gt; supercurio talking crap about alsa now..</span><br />
<span class="irc-date">[1:17]</span> <span class="irc-navy">* Wout (~Wout@62.140.137.142) Quit (Quit: Bye)</span><br />
<span class="irc-date">[1:18]</span> <span class="irc-black">&lt;Kaik541&gt; shitstorm about to break out in #cmsgs o.o</span><br />
<span class="irc-date">[1:18]</span> <span class="irc-black">&lt;atinm&gt; jump in anytime unhelpful, I also have my kid here..</span><br />
<span class="irc-date">[1:19]</span> <span class="irc-black">&lt;gehzumteufel&gt; lol</span><br />
<span class="irc-date">[1:29]</span> <span class="irc-black">&lt;atinm&gt; screw it.</span><br />
<span class="irc-date">[1:29]</span> <span class="irc-black">&lt;gehzumteufel&gt; lol</span><br />
<span class="irc-date">[1:30]</span> <span class="irc-black">&lt;Kaik541&gt; he doesn't get</span><br />
<span class="irc-date">[1:30]</span> <span class="irc-black">&lt;Kaik541&gt; that it's his app</span><br />
<span class="irc-date">[1:30]</span> <span class="irc-black">&lt;gehzumteufel&gt; Yeah</span><br />
<span class="irc-date">[1:30]</span> <span class="irc-black">&lt;Kaik541&gt; and that it has be configurable for every CM device</span><br />
<span class="irc-date">[1:33]</span> <span class="irc-black">&lt;techmik67&gt; i'm so happy i figured out te fix before atinm told me =)</span><br />
<span class="irc-date">[1:34]</span> <span class="irc-black">&lt;Wout|afk&gt; supercurio is just......french</span><br />
<span class="irc-date">[1:34]</span> <span class="irc-black">&lt;Wout|afk&gt; and arrogant</span><br />
<span class="irc-date">[1:34]</span> <span class="irc-green">* Wout|afk is now known as Wout</span><br />
<span class="irc-date">[1:34]</span> <span class="irc-black">&lt;gehzumteufel&gt; lol</span><br />
<span class="irc-date">[1:34]</span> <span class="irc-black">&lt;techmik67&gt; <a href="http://bit.ly/ms84bh">http://bit.ly/ms84bh</a></span><br />
<span class="irc-date">[1:34]</span> <span class="irc-black">&lt;techmik67&gt; atinm is pushing the change, then everything excellent</span><br />
<span class="irc-date">[1:42]</span> <span class="irc-green">* atinm is now known as atinm|away</span><br />
<span class="irc-date">[1:43]</span> <span class="irc-green">* teamhacksung (~teamhacks@sh1-ext.rs.github.com) has joined this channel.</span><br />
<span class="irc-date">[1:43]</span> <span class="irc-green">* teamhacksung (~teamhacks@sh1-ext.rs.github.com) has left this channel.</span><br />
<span class="irc-date">[1:44]</span> <span class="irc-black">&lt;atinm|away&gt; fuck.</span><br />
<span class="irc-date">[1:58]</span> <span class="irc-black">&lt;gehzumteufel&gt; I say just leave it</span><br />
<span class="irc-date">[1:58]</span> <span class="irc-black">&lt;gehzumteufel&gt; And quit the channel</span><br />
<span class="irc-date">[2:01]</span> <span class="irc-black">&lt;atinm&gt; fuck it, building everything</span><br />
<span class="irc-date">[2:02]</span> <span class="irc-black">&lt;atinm&gt; I am going to start /kicking kang and zach too.</span><br />
<span class="irc-date">[2:02]</span> <span class="irc-black">&lt;atinm&gt; for bring voodoo to cm7.</span><br />
<span class="irc-date">[2:02]</span> <span class="irc-black">&lt;gehzumteufel&gt; olol</span><br />
<span class="irc-date">[2:02]</span> <span class="irc-black">&lt;atinm&gt; *beats zach with a rotten trout*</span><br />
<span class="irc-date">[2:03]</span> <span class="irc-black">&lt;atinm&gt; very frustrating, and gets nowhere</span><br />
<span class="irc-date">[2:04]</span> <span class="irc-black">&lt;atinm&gt; he has his ideas of how he wants things, be we cannot conform so we must be bad designers.</span><br />
<span class="irc-date">[2:04]</span> <span class="irc-black">&lt;atinm&gt; only CM7 works on fucking how many devices?</span><br />
<span class="irc-date">[2:04]</span> <span class="irc-black">&lt;atinm&gt; ...</span><br />
<span class="irc-date">[2:04]</span> <span class="irc-black">&lt;atinm&gt; screw it</span><br />
<span class="irc-date">[2:04]</span> <span class="irc-black">&lt;gehzumteufel&gt; I agree dude. It's bs</span><br />
<span class="irc-date">[2:05]</span> <span class="irc-black">&lt;atinm&gt; he is actually a good developer</span><br />
<span class="irc-date">[2:05]</span> <span class="irc-black">&lt;atinm&gt; just very opinionated.</span><br />
<span class="irc-date">[2:06]</span> <span class="irc-black">&lt;atinm&gt; let me know if he says anything I should  know</span><br />
<span class="irc-date">[2:07]</span> <span class="irc-black">&lt;atinm&gt; ignoring otherwise.</span><br />
<span class="irc-date">[2:07]</span> <span class="irc-black">&lt;Kaik541&gt; yeah didn't mean to start a whole bunch of drama there</span><br />
<span class="irc-date">[2:09]</span> <span class="irc-brick">* gehzumteufel wants to be a dick</span><br />
<span class="irc-date">[2:09]</span> <span class="irc-black">&lt;atinm&gt; i have to be somewhat diplomatic.</span><br />
<span class="irc-date">[2:09]</span> <span class="irc-black">&lt;atinm&gt; so I am going to just stay out</span><br />
<span class="irc-date">[2:09]</span> <span class="irc-black">&lt;gehzumteufel&gt; yeah</span><br />
<span class="irc-date">[2:09]</span> <span class="irc-black">&lt;atinm&gt; plus unhelpful is better at giving technical arguments.</span><br />
<span class="irc-date">[2:09]</span> <span class="irc-black">&lt;atinm&gt; but hes busy</span><br />
<span class="irc-date">[2:10]</span> <span class="irc-black">&lt;atinm&gt; I get pissed too easily, and voodoo stuff isn't worth getting pissed about</span><br />
<span class="irc-date">[2:10]</span> <span class="irc-black">&lt;atinm&gt; I mean, it is just headphone stuff right?</span><br />
<span class="irc-date">[2:10]</span> <span class="irc-black">&lt;gehzumteufel&gt; pretty sure yeah</span><br />
<span class="irc-date">[2:10]</span> <span class="irc-black">&lt;Wout&gt; and mic</span><br />
<span class="irc-date">[2:11]</span> <span class="irc-black">&lt;gehzumteufel&gt; ah</span><br />
<span class="irc-date">[2:11]</span> <span class="irc-black">&lt;atinm&gt; and I seriously dislike the name dropping - I tend to doubt his claims.</span><br />
<span class="irc-date">[2:11]</span> <span class="irc-black">&lt;atinm&gt; he may have had email exchanges - but the guys developing the wolfson drivers are very approachable.</span><br />
<span class="irc-date">[2:11]</span> <span class="irc-black">&lt;atinm&gt; I just haven't spent the time on it</span><br />
<span class="irc-date">[2:12]</span> <span class="irc-black">&lt;atinm&gt; to really know the truth.</span><br />
<span class="irc-date">[2:12]</span> <span class="irc-black">&lt;atinm&gt; but whatever. ppl will keep creating custom kernels, they'll never hit mainline</span><br />
<span class="irc-date">[2:12]</span> <span class="irc-black">&lt;atinm&gt; and we're trying to hit mainline</span><br />
<span class="irc-date">[2:12]</span> <span class="irc-black">&lt;atinm&gt; so he'll get to have his free app.</span><br />
<span class="irc-date">[2:12]</span> <span class="irc-black">&lt;atinm&gt; err, paid app</span><br />
<span class="irc-date">[2:12]</span> <span class="irc-black">&lt;atinm&gt; and should be happy and leave me alone.</span><br />
<span class="irc-date">[2:14]</span> <span class="irc-black">&lt;gehzumteufel&gt; for sure. and with that, I am finally leaving work and hitting up some art thing. bbl</span><br />
<span class="irc-date">[2:14]</span> <span class="irc-black">&lt;gehzumteufel&gt; get have a beer and relax</span><br />
<span class="irc-date">[2:14]</span> <span class="irc-black">&lt;gehzumteufel&gt; lol</span><br />
<span class="irc-date">[2:18]</span> <span class="irc-green">* techmik is now known as techmik67</span><br />
<span class="irc-date">[2:20]</span> <span class="irc-navy">* Wout (~Wout@s559776f4.adsl.wanadoo.nl) Quit ()</span><br />
<span class="irc-date">[2:22]</span> <span class="irc-black">&lt;TMC_sherpa&gt; so.... I was bored at work and ran a strings on libsecril-client.so.  there are an unfortunate number of functions that start with RFS in there</span><br />
<span class="irc-date">[2:23]</span> <span class="irc-black">&lt;gehzumteufel&gt; Can it be ported to non-RFS stuff?</span><br />
<span class="irc-date">[2:24]</span> <span class="irc-black">&lt;Kaik541&gt; not on a binary</span><br />
<span class="irc-date">[2:24]</span> <span class="irc-black">&lt;gehzumteufel&gt; Are we using Samsung rild?</span><br />
<span class="irc-date">[2:24]</span> <span class="irc-black">&lt;TMC_sherpa&gt; have to afaik</span><br />
<span class="irc-date">[2:25]</span> <span class="irc-black">&lt;TMC_sherpa&gt; but we have established that that is very little :P</span><br />
<span class="irc-date">[2:26]</span> <span class="irc-black">&lt;atinm&gt; did we break headset as well?</span><br />
<span class="irc-date">[2:26]</span> <span class="irc-black">&lt;atinm&gt; I hate these merges</span><br />
<span class="irc-date">[2:26]</span> <span class="irc-black">&lt;atinm&gt; I'm sure TMC_Sherpa hates them even more</span><br />
<span class="irc-date">[2:27]</span> <span class="irc-black">&lt;TMC_sherpa&gt; I aint touch'n nothing</span><br />
<span class="irc-date">[2:27]</span> <span class="irc-black">&lt;gehzumteufel&gt; Headset works fine for me</span><br />
<span class="irc-date">[2:27]</span> <span class="irc-black">&lt;gehzumteufel&gt; Been using it all day</span><br />
<span class="irc-date">[2:27]</span> <span class="irc-black">&lt;TMC_sherpa&gt; at least nothing that gets compiled :D</span><br />
<span class="irc-date">[2:27]</span> <span class="irc-black">&lt;atinm&gt; I think the complaint was mic</span><br />
<span class="irc-date">[2:27]</span> <span class="irc-black">&lt;atinm&gt; other side not hearing</span><br />
<span class="irc-date">[2:27]</span> <span class="irc-black">&lt;gehzumteufel&gt; Ah that I haven't tested yet</span><br />
<span class="irc-date">[2:27]</span> <span class="irc-black">&lt;atinm&gt; on galaxys I htink</span><br />
<span class="irc-date">[2:27]</span> <span class="irc-black">&lt;atinm&gt; but might be others too</span><br />
<span class="irc-date">[2:28]</span> <span class="irc-black">&lt;gehzumteufel&gt; I'll test later and report back</span><br />
<span class="irc-date">[2:31]</span> <span class="irc-black">&lt;zachy_md&gt; yeah - mic problem (i'm not using the headset so can't say from 1st experience): <a href="http://forum.xda-developers.com/showpost.php?p=13551100&amp;postcount=876">http://forum.xda-developers.com/showpost.php?p=13551100&amp;postcount=876</a></span><br />
<span class="irc-date">[2:32]</span> <span class="irc-navy">* gehzumteufel (~gehzumteu@adsl-76-252-171-187.dsl.lsan03.sbcglobal.net) Quit (Quit: gehzumteufel)</span><br />
<span class="irc-date">[2:33]</span> <span class="irc-black">&lt;atinm&gt; that's what I saw</span><br />
<span class="irc-date">[2:33]</span> <span class="irc-black">&lt;atinm&gt; I haven't looke dat the code yet</span><br />
<span class="irc-date">[2:34]</span> <span class="irc-black">&lt;atinm&gt; wasting my time with supercurio</span><br />
<span class="irc-date">[2:34]</span> <span class="irc-black">&lt;atinm&gt; so there we go, he is actually counterproductive to improvement in sound ;)</span><br />
<span class="irc-date">[2:37]</span> <span class="irc-black">&lt;Unhelpful&gt; atinm: afaik it's *very possible* that their chip contains a DSP and wolfson is doing parametric EQ w/ an NDA library that spits out code for it.</span><br />
<span class="irc-date">[2:37]</span> <span class="irc-black">&lt;Unhelpful&gt; even so? you could still do that with ALSA! :P</span><br />
<span class="irc-date">[2:38]</span> <span class="irc-black">&lt;Unhelpful&gt; plugins exist for a reason, and they exist for *all* ALSA components afaik, including mixers.</span><br />
<span class="irc-date">[2:38]</span> <span class="irc-black">&lt;atinm&gt; that's what I think too.</span><br />
<span class="irc-date">[2:39]</span> <span class="irc-black">&lt;TMC_sherpa&gt; the jvb source has some POS called s5p-rp which is a bunch of blobs but the functions are about mp3 decoding and sound manipulation</span><br />
<span class="irc-date">[2:39]</span> <span class="irc-black">&lt;Unhelpful&gt; i kind of suspect as much though, when you mention proprietary libraries.</span><br />
<span class="irc-date">[2:40]</span> <span class="irc-black">&lt;atinm&gt; what I have a hard time believing is that he has more ins with wolfson than samsung.</span><br />
<span class="irc-date">[2:40]</span> <span class="irc-black">&lt;atinm&gt; if he was calling proprietary libs, it would be one thing - but he's mostly just using his sysfs to set bits in registers</span><br />
<span class="irc-date">[2:40]</span> <span class="irc-black">&lt;TMC_sherpa&gt; have you seen what samsung did to their files :P</span><br />
<span class="irc-date">[2:41]</span> <span class="irc-black">&lt;atinm&gt; and even then, we cannot put a closed source app in CM</span><br />
<span class="irc-date">[2:41]</span> <span class="irc-black">&lt;atinm&gt; at least not one of this kind</span><br />
<span class="irc-date">[2:41]</span> <span class="irc-black">&lt;atinm&gt; ROMManager is an exception - it works on all devices, is a generic tool</span><br />
<span class="irc-date">[2:42]</span> <span class="irc-black">&lt;atinm&gt; and is bloody written by the main dev on the CM7 team</span><br />
<span class="irc-date">[2:42]</span> <span class="irc-black">&lt;Unhelpful&gt; i liked the slam @ you for, you know, having a day job.</span><br />
<span class="irc-date">[2:42]</span> <span class="irc-black">&lt;atinm&gt; I ignored it :)</span><br />
<span class="irc-date">[2:42]</span> <span class="irc-black">&lt;atinm&gt; I mean, what could I say to that ...</span><br />
<span class="irc-date">[2:42]</span> <span class="irc-black">&lt;Unhelpful&gt; which was tactful of you. funny stuff, though.</span><br />
<span class="irc-date">[2:43]</span> <span class="irc-black">&lt;Unhelpful&gt; you don't play stocks, though, is the best part. you're more like the house @ a poker table, you work for the people who take a cut of everything. ;)</span><br />
<span class="irc-date">[2:43]</span> <span class="irc-black">&lt;atinm&gt; ah yup.</span><br />
<span class="irc-date">[2:43]</span> <span class="irc-black">&lt;atinm&gt; tho I think he meant from my startups</span><br />
<span class="irc-date">[2:43]</span> <span class="irc-black">&lt;atinm&gt; since he knows I come from the networking startup world.</span><br />
<span class="irc-date">[2:43]</span> <span class="irc-black">&lt;atinm&gt; tho maybe he really meant stocks</span><br />
<span class="irc-date">[2:44]</span> <span class="irc-black">&lt;atinm&gt; since I might have mentioned once that I was at a high frequency brokerage firm :)</span><br />
<span class="irc-date">[2:44]</span> <span class="irc-black">&lt;atinm&gt; so who knows - I ignored.</span><br />
<span class="irc-date">[2:44]</span> <span class="irc-black">&lt;atinm&gt; anyway - I thought the whole point of ALSA lib was exactly this stuff.</span><br />
<span class="irc-date">[2:45]</span> <span class="irc-black">&lt;atinm&gt; you don't see multiple crazy apps for each linux box supporting each sound board.</span><br />
<span class="irc-date">[2:46]</span> <span class="irc-black">&lt;atinm&gt; I wish coolya was here.</span><br />
<span class="irc-date">[2:46]</span> <span class="irc-black">&lt;atinm&gt; germans can say things about the french a lot better than we can ;)</span><br />
<span class="irc-date">[2:47]</span> <span class="irc-brick">* Unhelpful tries not to giggle about how that sounds if you interpret it as a stereotyped statement ;)</span><br />
<span class="irc-date">[2:48]</span> <span class="irc-black">&lt;atinm&gt; :)</span><br />
<span class="irc-date">[2:48]</span> <span class="irc-black">&lt;atinm&gt; crap - I have to name my new update something else</span><br />
<span class="irc-date">[2:48]</span> <span class="irc-black">&lt;atinm&gt; so as not to confuse.</span><br />
<span class="irc-date">[2:48]</span> <span class="irc-black">&lt;Kaik541&gt; append a -FIXED</span><br />
<span class="irc-date">[2:48]</span> <span class="irc-black">&lt;atinm&gt; -lights</span><br />
<span class="irc-date">[2:48]</span> <span class="irc-black">&lt;atinm&gt; +lightsensor</span><br />
<span class="irc-date">[2:49]</span> <span class="irc-black">&lt;atinm&gt; -voodoo</span><br />
<span class="irc-date">[2:49]</span> <span class="irc-black">&lt;Kaik541&gt; -RAINBOWS</span><br />
<span class="irc-date">[2:49]</span> <span class="irc-black">&lt;zachy_md&gt; -unicorns</span><br />
<span class="irc-date">[2:49]</span> <span class="irc-black">&lt;atinm&gt; no no +unicorns</span><br />
<span class="irc-date">[2:49]</span> <span class="irc-black">&lt;atinm&gt; we have unicorns in here somewhere</span><br />
<span class="irc-date">[2:49]</span> <span class="irc-black">&lt;zachy_md&gt; ah - yes ^^</span><br />
<span class="irc-date">[2:49]</span> <span class="irc-black">&lt;atinm&gt; &lt;-- tired.</span><br />
<span class="irc-date">[2:50]</span> <span class="irc-black">&lt;atinm&gt; how quickly that happens after maddening conversations</span><br />
<span class="irc-date">[2:50]</span> <span class="irc-black">&lt;zachy_md&gt; yeah, it causes so much anger &amp; negative energy</span><br />
<span class="irc-date">[2:51]</span> <span class="irc-black">&lt;zachy_md&gt; I could oftentimes sleep afterwards</span><br />
<span class="irc-date">[2:52]</span> <span class="irc-black">&lt;atinm&gt; hey, us not merging his driver is keeping some of the other kernel devs interested</span><br />
<span class="irc-date">[2:52]</span> <span class="irc-black">&lt;atinm&gt; like you</span><br />
<span class="irc-date">[2:52]</span> <span class="irc-black">&lt;atinm&gt; so I think it is an overall good thing :)</span><br />
<span class="irc-date">[2:52]</span> <span class="irc-black">&lt;zachy_md&gt; ^^</span><br />
<span class="irc-date">[2:52]</span> <span class="irc-black">&lt;atinm&gt; tho given that you guys have been in that so much more, you should make it work with alsa</span><br />
<span class="irc-date">[2:53]</span> <span class="irc-black">&lt;atinm&gt; create the appropriate devices, the wolfson driver already does some of them</span><br />
<span class="irc-date">[2:53]</span> <span class="irc-black">&lt;atinm&gt; maybe I should try it someday so i can actually tell what it does and whether the whole thing is worth it.</span><br />
<span class="irc-date">[2:54]</span> <span class="irc-black">&lt;zachy_md&gt; well from the end-users POV it does great things :)</span><br />
<span class="irc-date">[2:54]</span> <span class="irc-black">&lt;zachy_md&gt; you can record sound in very noisy areas crystal clear or in areas that are very big and e.g. voices very silent</span><br />
<span class="irc-date">[2:54]</span> <span class="irc-black">&lt;zachy_md&gt; besides that I like the amp</span><br />
<span class="irc-date">[2:54]</span> <span class="irc-black">&lt;atinm&gt; and what does it actually do at the device level?</span><br />
<span class="irc-date">[2:54]</span> <span class="irc-black">&lt;zachy_md&gt; and - best of all the control of the amp</span><br />
<span class="irc-date">[2:55]</span> <span class="irc-black">&lt;zachy_md&gt; haven't actually looked at it yet</span><br />
<span class="irc-date">[2:55]</span> <span class="irc-black">&lt;Kaik541&gt; zachy_md, we have no arguments against voodoo sound as an enhancement</span><br />
<span class="irc-date">[2:55]</span> <span class="irc-black">&lt;atinm&gt; because if it does most of its work in the driver anyway and uses the app as control, then doing it in alsa is jsut the normal way to do it.</span><br />
<span class="irc-date">[2:55]</span> <span class="irc-black">&lt;atinm&gt; in fact, I cannot figure out why alsa isn't the right thing ...</span><br />
<span class="irc-date">[2:56]</span> <span class="irc-black">&lt;atinm&gt; the rest of the world tries to work with alsa.</span><br />
<span class="irc-date">[2:56]</span> <span class="irc-black">&lt;atinm&gt; all sound devices on linux use alsalib from what I understand.</span><br />
<span class="irc-date">[2:56]</span> <span class="irc-black">&lt;zachy_md&gt; exactyl: I see where you're coming from - it's also a problem to include stuff that is very specific for one device - when you can do it in a more generic way</span><br />
<span class="irc-date">[2:57]</span> <span class="irc-black">&lt;atinm&gt; and one is jsut pure aethetics.</span><br />
<span class="irc-date">[2:57]</span> <span class="irc-black">&lt;atinm&gt; aesthetics.</span><br />
<span class="irc-date">[2:57]</span> <span class="irc-black">&lt;zachy_md&gt; one of the advantages that supercurio wrote is that this should come at (virtually) no increased cost of cpu load &amp; thus battery runtime</span><br />
<span class="irc-date">[2:57]</span> <span class="irc-black">&lt;atinm&gt; I am not going to be the one putting in a turf pissing "voodoo" .c/.h in the driver.</span><br />
<span class="irc-date">[2:57]</span> <span class="irc-black">&lt;zachy_md&gt; ;)</span><br />
<span class="irc-date">[2:58]</span> <span class="irc-black">&lt;zachy_md&gt; call it "black magic" instead ? :p</span><br />
<span class="irc-date">[2:58]</span> <span class="irc-black">&lt;atinm&gt; why not just include it in the driver?</span><br />
<span class="irc-date">[2:58]</span> <span class="irc-black">&lt;atinm&gt; it doesnt' need callouts.</span><br />
<span class="irc-date">[2:58]</span> <span class="irc-black">&lt;atinm&gt; i</span><br />
<span class="irc-date">[2:58]</span> <span class="irc-black">&lt;atinm&gt; ts a</span><br />
<span class="irc-date">[2:58]</span> <span class="irc-black">&lt;atinm&gt;  </span><br />
<span class="irc-date">[2:58]</span> <span class="irc-black">&lt;atinm&gt; its a driver, the files are there.</span><br />
<span class="irc-date">[2:58]</span> <span class="irc-black">&lt;zachy_md&gt; isn't it what hardcore does with his gingerbread kernels right now ?</span><br />
<span class="irc-date">[2:58]</span> <span class="irc-black">&lt;atinm&gt; his stuff is just part of the wm8994</span><br />
<span class="irc-date">[2:59]</span> <span class="irc-black">&lt;atinm&gt; I have no idea.</span><br />
<span class="irc-date">[2:59]</span> <span class="irc-black">&lt;atinm&gt; ppl can do what they want.</span><br />
<span class="irc-date">[2:59]</span> <span class="irc-black">&lt;atinm&gt; doesn't mean its a great idea or that upstream will accept them as such</span><br />
<span class="irc-date">[2:59]</span> <span class="irc-black">&lt;atinm&gt; do you really see linus accepting a file that is called xyz-hardcode.c?</span><br />
<span class="irc-date">[2:59]</span> <span class="irc-black">&lt;atinm&gt; hardcore.c</span><br />
