<span class="irc-date">[0:03]</span> <span class="irc-black">&lt;nullghost&gt; anyone in here versed in building clockwork recovery for galaxy s devices?</span><br />
<span class="irc-date">[0:05]</span> <span class="irc-black">&lt;Unhelpful&gt; atinm|away: on linux box it's going to depend on your distribution and configuration. dmesg should show an RNDIS device attached. whether or not your system configures and uses it is something else. ;)</span><br />
<span class="irc-date">[0:06]</span> <span class="irc-black">&lt;sixstringsg&gt; nullghost: go talk to eXistZ over in #suckerpunch. He's been doing a lot of clockwork stuff recently.</span><br />
<span class="irc-date">[0:06]</span> <span class="irc-black">&lt;Unhelpful&gt; also i think 179:8 is quite appropriate to export, isn't that the whole-disk device for ext_sd?</span><br />
<span class="irc-date">[0:07]</span> <span class="irc-black">&lt;nullghost&gt; sixstringsg: thanks</span><br />
<span class="irc-date">[0:07]</span> <span class="irc-black">&lt;techmik67&gt; with wgatever he did, usb tehter broke but 2 cards are recognized in windiws andubuntu 11.04</span><br />
<span class="irc-date">[0:27]</span> <span class="irc-green">* TMC_Sherpa (~jeff@c-67-173-42-196.hsd1.il.comcast.net) has joined this channel.</span><br />
<span class="irc-date">[0:28]</span> <span class="irc-black">&lt;Kaik541&gt; oh yes, someone put a lot of "to catch a predator" on youtube</span><br />
<span class="irc-date">[0:32]</span> <span class="irc-green">* dasunsrule32 (~dasunsrul@christiantechsaz.com) has joined this channel.</span><br />
<span class="irc-date">[0:36]</span> <span class="irc-black">&lt;Unhelpful&gt; excuse me, could you have a seat over here?</span><br />
<span class="irc-date">[0:38]</span> <span class="irc-black">&lt;Kaik541&gt; not surprisingly, it seems like there are a lot of predators from new jersey</span><br />
<span class="irc-date">[0:59]</span> <span class="irc-green">* stickpin (~stickpin@80.178.5.79.adsl.012.net.il) has joined this channel.</span><br />
<span class="irc-date">[1:07]</span> <span class="irc-navy">* dasunsrule32 (~dasunsrul@christiantechsaz.com) Quit (Ping timeout: 240 seconds)</span><br />
<span class="irc-date">[1:08]</span> <span class="irc-navy">* techmik_laptop (~techmik@c-76-109-173-83.hsd1.fl.comcast.net) Quit (Ping timeout: 252 seconds)</span><br />
<span class="irc-date">[1:10]</span> <span class="irc-green">* techmik_laptop (~techmik@c-76-109-173-83.hsd1.fl.comcast.net) has joined this channel.</span><br />
<span class="irc-date">[1:36]</span> <span class="irc-black">&lt;techmik67&gt; testing with speedtest the difference between a wired 10/100 connection and a wireless n</span><br />
<span class="irc-date">[1:37]</span> <span class="irc-green">* techmik (~techmik@c-76-109-173-83.hsd1.fl.comcast.net) has joined this channel.</span><br />
<span class="irc-date">[1:38]</span> <span class="irc-navy">* techmik_laptop (~techmik@c-76-109-173-83.hsd1.fl.comcast.net) Quit (Read error: No route to host)</span><br />
<span class="irc-date">[1:39]</span> <span class="irc-black">&lt;techmik67&gt; crappy 10/100 workgroup hub extending my wired network has *horrifying* upload speed</span><br />
<span class="irc-date">[1:39]</span> <span class="irc-black">&lt;techmik67&gt; .3Mbps</span><br />
<span class="irc-date">[1:40]</span> <span class="irc-black">&lt;techmik67&gt; 18Mbps down .3 up</span><br />
<span class="irc-date">[1:42]</span> <span class="irc-green">* techmik is now known as techmik_laptop</span><br />
<span class="irc-date">[1:52]</span> <span class="irc-green">* birdman (~Steven@24.246.130.106) has joined this channel.</span><br />
<span class="irc-date">[1:54]</span> <span class="irc-black">&lt;techmik67&gt; yup... tested with the xbox..... bad upstream.... gotta get a router not this old hub i pulled out of nowhere i guess......</span><br />
<span class="irc-date">[1:59]</span> <span class="irc-black">&lt;chaembian_&gt; atinm|away: are you here?</span><br />
