<span class="irc-date">[0:11]</span> <span class="irc-green">* noobnl (~noob@unaffiliated/noobnl) has joined this channel.</span><br />
<span class="irc-date">[0:12]</span> <span class="irc-navy">* noobnl (~noob@unaffiliated/noobnl) Quit (Client Quit)</span><br />
<span class="irc-date">[0:13]</span> <span class="irc-green">* noobnl (~noob@unaffiliated/noobnl) has joined this channel.</span><br />
<span class="irc-date">[0:14]</span> <span class="irc-navy">* GuiPer (~GuiPer@ip-86-49-25-242.net.upcbroadband.cz) Quit (Ping timeout: 240 seconds)</span><br />
<span class="irc-date">[1:19]</span> <span class="irc-green">* noobnl is now known as samsung</span><br />
<span class="irc-date">[1:31]</span> <span class="irc-green">* samsung is now known as noobnl</span><br />
<span class="irc-date">[11:07]</span> <span class="irc-brown">-anthony.freenode.net- *** Looking up your hostname...</span><br />
<span class="irc-date">[11:07]</span> <span class="irc-brown">-anthony.freenode.net- *** Checking Ident</span><br />
<span class="irc-date">[11:07]</span> <span class="irc-brown">-anthony.freenode.net- *** No Ident response</span><br />
<span class="irc-date">[11:07]</span> <span class="irc-brown">-anthony.freenode.net- *** Found your hostname</span><br />
<span class="irc-date">[11:07]</span> <span class="irc-green">* cmsgsteam-logger (~PircBot@cmsgs.com) has joined this channel.</span><br />
<span class="irc-date">[11:07]</span> <span class="irc-green">* Topic is 'SGS CyanogenMod developers and testers (and other kernel and android hackers) - <a href="http://www.cmsgs.com/'">http://www.cmsgs.com/'</a></span><br />
<span class="irc-date">[11:07]</span> <span class="irc-green">* Set by atinm|night!~atin@unaffiliated/atinm on Sun Dec 19 02:05:32 GMT 2010</span><br />
<span class="irc-date">[11:07]</span> <span class="irc-brown">-ChanServ- [#__topsecret__] SGS-CM6 developers and testers only pls. Others could be kickbanned if not contributing to the channel's function.</span><br />
<span class="irc-date">[11:07]</span> <span class="irc-green">* ChanServ sets mode +o cmsgsteam-logger</span><br />
<span class="irc-date">[12:36]</span> <span class="irc-green">* wArri (~dave.will@rrcs-72-45-254-78.nys.biz.rr.com) has joined this channel.</span><br />
<span class="irc-date">[12:37]</span> <span class="irc-navy">* ciwrl|away (~ciwrl@pool-173-79-17-104.washdc.fios.verizon.net) Quit ()</span><br />
<span class="irc-date">[12:41]</span> <span class="irc-green">* wArri` (~dave.will@rrcs-72-45-254-78.nys.biz.rr.com) has joined this channel.</span><br />
<span class="irc-date">[12:44]</span> <span class="irc-navy">* wArri (~dave.will@rrcs-72-45-254-78.nys.biz.rr.com) Quit (Ping timeout: 240 seconds)</span><br />
<span class="irc-date">[12:44]</span> <span class="irc-green">* wArri` is now known as wArri</span><br />
<span class="irc-date">[14:54]</span> <span class="irc-green">* codeworkx (~codeworkx@95-89-111-251-dynip.superkabel.de) has joined this channel.</span><br />
<span class="irc-date">[15:38]</span> <span class="irc-green">* neldar (~neldar@dsl-217-171-55.pool.bitel.net) has joined this channel.</span><br />
<span class="irc-date">[15:38]</span> <span class="irc-black">&lt;- *neldar* Bot Sentry eingeschalten:  Sie werden jetzt ignoriert!  Ihre Nachricht wird übermittelt wenn sie die folgenden Fragen innerhalb von 10 Minuten richtig beantworten:  How do you spell the result of ten div_ided by 2?</span><br />
<span class="irc-date">[18:07]</span> <span class="irc-navy">* noobnl (~noob@unaffiliated/noobnl) Quit ()</span><br />
<span class="irc-date">[18:11]</span> <span class="irc-green">* noobnl (~noob@unaffiliated/noobnl) has joined this channel.</span><br />
<span class="irc-date">[19:30]</span> <span class="irc-green">* coolya|away is now known as coolya</span><br />
<span class="irc-date">[19:54]</span> <span class="irc-green">* coolya is now known as coolya|away</span><br />
<span class="irc-date">[20:11]</span> <span class="irc-green">* coolya|away is now known as coolya</span><br />
<span class="irc-date">[20:42]</span> <span class="irc-navy">* wArri (~dave.will@rrcs-72-45-254-78.nys.biz.rr.com) Quit (Ping timeout: 272 seconds)</span><br />
<span class="irc-date">[20:58]</span> <span class="irc-navy">* codeworkx (~codeworkx@95-89-111-251-dynip.superkabel.de) Quit (Read error: Connection reset by peer)</span><br />
<span class="irc-date">[22:10]</span> <span class="irc-green">* iCEBrkr (~icebrkr@cyberdyne.org) has joined this channel.</span><br />
<span class="irc-date">[22:11]</span> <span class="irc-black">&lt;iCEBrkr&gt; Ahh so this is where the CM-Vibrant guys hang out :)</span><br />
<span class="irc-date">[22:15]</span> <span class="irc-black">&lt;coolya&gt; noo we are all total noobs here :-P</span><br />
<span class="irc-date">[22:16]</span> <span class="irc-black">&lt;iCEBrkr&gt; Damn, figured as much :P</span><br />
<span class="irc-date">[22:16]</span> <span class="irc-black">&lt;iCEBrkr&gt; I keep missing codeworkx to get up to speed on things.</span><br />
<span class="irc-date">[22:56]</span> <span class="irc-green">* ciwrl (~ciwrl@pool-173-79-17-104.washdc.fios.verizon.net) has joined this channel.</span><br />
<span class="irc-date">[23:30]</span> <span class="irc-green">* jt1134 (~jt1134@c-71-207-226-80.hsd1.al.comcast.net) has joined this channel.</span><br />
<span class="irc-date">[23:35]</span> <span class="irc-brown">-Martinp23- [Global Notice] Hi folks! We're about to replace our SSL certificates which could result in some disruption. If stuff gets noisy, please accept our apologies. If you have difficulties using SSL in the next few days, tell us in #freenode. In any case, watch the blog and wallops (/umode +w) for further updates. Cheers!</span><br />
<span class="irc-date">[23:36]</span> <span class="irc-green">* coolya is now known as coolya|away</span><br />
<span class="irc-date">[23:45]</span> <span class="irc-green">* skeeter|sleep is now known as skeeterslint</span><br />
<span class="irc-date">[23:57]</span> <span class="irc-green">* dasunsrule32 (~dasunsrul@christiantechsaz.com) has joined this channel.</span><br />
