<span class="irc-date">[0:30]</span> <span class="irc-navy">* atinm (~atin@unaffiliated/atinm) Quit (Remote host closed the connection)</span><br />
<span class="irc-date">[0:36]</span> <span class="irc-green">* atinm (~atin@unaffiliated/atinm) has joined this channel.</span><br />
<span class="irc-date">[0:36]</span> <span class="irc-green">* ChanServ sets mode +o atinm</span><br />
<span class="irc-date">[1:02]</span> <span class="irc-navy">* noobnl (~noob@unaffiliated/noobnl) Quit (Ping timeout: 240 seconds)</span><br />
<span class="irc-date">[1:14]</span> <span class="irc-navy">* skeeterslint (~skeetersl@c-71-192-215-99.hsd1.ma.comcast.net) Quit (Remote host closed the connection)</span><br />
<span class="irc-date">[2:33]</span> <span class="irc-navy">* kalpik (~kalpik@unaffiliated/kalpik) Quit (Ping timeout: 265 seconds)</span><br />
<span class="irc-date">[2:34]</span> <span class="irc-green">* kalpik (~kalpik@unaffiliated/kalpik) has joined this channel.</span><br />
<span class="irc-date">[5:16]</span> <span class="irc-green">* atinm is now known as atinm|night</span><br />
<span class="irc-date">[6:11]</span> <span class="irc-green">* jt1134 is now known as jt|BedTime</span><br />
<span class="irc-date">[7:22]</span> <span class="irc-green">* birdman (~Steven@127.sub-75-216-150.myvzw.com) has joined this channel.</span><br />
<span class="irc-date">[10:11]</span> <span class="irc-navy">* kalpik (~kalpik@unaffiliated/kalpik) Quit (Ping timeout: 240 seconds)</span><br />
<span class="irc-date">[10:35]</span> <span class="irc-green">* kalpik (~kalpik@unaffiliated/kalpik) has joined this channel.</span><br />
<span class="irc-date">[13:20]</span> <span class="irc-navy">* kalpik (~kalpik@unaffiliated/kalpik) Quit (Disconnected by services)</span><br />
<span class="irc-date">[13:21]</span> <span class="irc-green">* kalpik_ (~kalpik@unaffiliated/kalpik) has joined this channel.</span><br />
<span class="irc-date">[13:51]</span> <span class="irc-green">* noobnl (~noob@unaffiliated/noobnl) has joined this channel.</span><br />
<span class="irc-date">[14:31]</span> <span class="irc-green">* codeworkx (~codeworkx@95-89-111-251-dynip.superkabel.de) has joined this channel.</span><br />
<span class="irc-date">[15:13]</span> <span class="irc-green">* atinm (~amalaviya@unaffiliated/atinm) has joined this channel.</span><br />
<span class="irc-date">[15:13]</span> <span class="irc-green">* ChanServ sets mode +o atinm</span><br />
<span class="irc-date">[15:14]</span> <span class="irc-black">&lt;nitam|work&gt; morning</span><br />
<span class="irc-date">[15:15]</span> <span class="irc-navy">* atinm|night (~atin@unaffiliated/atinm) Quit (Remote host closed the connection)</span><br />
<span class="irc-date">[15:36]</span> <span class="irc-black">&lt;codeworkx&gt; using a real boot.img on sgs seems to be not possible. but maybe without this android magic.</span><br />
<span class="irc-date">[15:36]</span> <span class="irc-black">&lt;codeworkx&gt; morning atinm</span><br />
<span class="irc-date">[15:59]</span> <span class="irc-green">* gdanko (~gdanko@66-162-32-185.static.twtelecom.net) has joined this channel.</span><br />
<span class="irc-date">[16:28]</span> <span class="irc-navy">* gdanko (~gdanko@66-162-32-185.static.twtelecom.net) Quit (Ping timeout: 246 seconds)</span><br />
<span class="irc-date">[16:32]</span> <span class="irc-green">* thedood is now known as thedood|away</span><br />
<span class="irc-date">[16:50]</span> <span class="irc-navy">* kalpik_ (~kalpik@unaffiliated/kalpik) Quit (Quit: WeeChat 0.3.4)</span><br />
<span class="irc-date">[17:00]</span> <span class="irc-green">* kalpik (~kalpik@unaffiliated/kalpik) has joined this channel.</span><br />
<span class="irc-date">[17:40]</span> <span class="irc-black">&lt;codeworkx&gt; kalpik, uploaded a new build</span><br />
<span class="irc-date">[17:40]</span> <span class="irc-black">&lt;codeworkx&gt; magote ^</span><br />
<span class="irc-date">[17:43]</span> <span class="irc-black">&lt;UberPinguin&gt; meh. Sparkfun and Seeedstudio are taking forever to get their parts to me :/</span><br />
<span class="irc-date">[17:44]</span> <span class="irc-black">&lt;codeworkx&gt; what r u doing?</span><br />
<span class="irc-date">[17:45]</span> <span class="irc-black">&lt;UberPinguin&gt; Building a box that lets me choose the UART modes to trigger with a set of resistors, <a href="http://forum.sdx-developers.com/epic-development/galaxy-s-uart-jig-debugging-connector/">http://forum.sdx-developers.com/epic-development/galaxy-s-uart-jig-debugging-connector/</a></span><br />
<span class="irc-date">[17:45]</span> <span class="irc-black">&lt;UberPinguin&gt; I've got the resistors and DIP switches, but the rest of the kit is still in the wind</span><br />
<span class="irc-date">[17:47]</span> <span class="irc-black">&lt;UberPinguin&gt; <a href="http://ompldr.org/vNzNrZw/debug_resistors_plotted.pdf">http://ompldr.org/vNzNrZw/debug_resistors_plotted.pdf</a>  is the diagram; I hate when forums make you log in to view attachments.</span><br />
<span class="irc-date">[18:02]</span> <span class="irc-black">&lt;codeworkx&gt; lol, no gt-i9000 on sdx</span><br />
<span class="irc-date">[18:02]</span> <span class="irc-black">&lt;codeworkx&gt; crappy forum xD</span><br />
<span class="irc-date">[18:02]</span> <span class="irc-black">&lt;UberPinguin&gt; lol</span><br />
<span class="irc-date">[18:02]</span> <span class="irc-black">&lt;codeworkx&gt; most sold android phone</span><br />
<span class="irc-date">[18:02]</span> <span class="irc-black">&lt;UberPinguin&gt; It's quite small; I posted on xda, too.</span><br />
<span class="irc-date">[18:02]</span> <span class="irc-black">&lt;UberPinguin&gt; From what I can tell, most SDX users are in the US.  I don't think we have any i9000 phones here.</span><br />
<span class="irc-date">[18:04]</span> <span class="irc-black">&lt;codeworkx&gt; never buy provider phones ;-)</span><br />
<span class="irc-date">[18:04]</span> <span class="irc-black">&lt;UberPinguin&gt; :)</span><br />
<span class="irc-date">[18:20]</span> <span class="irc-navy">* birdman (~Steven@127.sub-75-216-150.myvzw.com) Quit (Ping timeout: 272 seconds)</span><br />
<span class="irc-date">[18:33]</span> <span class="irc-green">* birdman (~Steven@24.246.130.106) has joined this channel.</span><br />
<span class="irc-date">[18:34]</span> <span class="irc-green">* gdanko (~gdanko@66-162-32-185.static.twtelecom.net) has joined this channel.</span><br />
<span class="irc-date">[19:03]</span> <span class="irc-green">* nitam|work (work@work.com) has left this channel.</span><br />
<span class="irc-date">[19:18]</span> <span class="irc-navy">* jt|BedTime (~jt1134@c-71-207-226-80.hsd1.al.comcast.net) Quit (Remote host closed the connection)</span><br />
<span class="irc-date">[19:31]</span> <span class="irc-green">* coolya|away is now known as coolya</span><br />
<span class="irc-date">[19:31]</span> <span class="irc-navy">* codeworkx (~codeworkx@95-89-111-251-dynip.superkabel.de) Quit (Read error: Connection reset by peer)</span><br />
<span class="irc-date">[19:35]</span> <span class="irc-green">* codeworkx (~codeworkx@95-89-111-251-dynip.superkabel.de) has joined this channel.</span><br />
<span class="irc-date">[19:47]</span> <span class="irc-navy">* codeworkx (~codeworkx@95-89-111-251-dynip.superkabel.de) Quit (Read error: Connection reset by peer)</span><br />
<span class="irc-date">[19:55]</span> <span class="irc-green">* coolya is now known as coolya|away</span><br />
<span class="irc-date">[19:55]</span> <span class="irc-green">* coolya|away is now known as coolya</span><br />
<span class="irc-date">[21:11]</span> <span class="irc-navy">* birdman (~Steven@24.246.130.106) Quit (Ping timeout: 240 seconds)</span><br />
<span class="irc-date">[21:14]</span> <span class="irc-green">* birdman (~Steven@24.246.130.106) has joined this channel.</span><br />
<span class="irc-date">[21:54]</span> <span class="irc-green">* thedood|away is now known as thedood</span><br />
<span class="irc-date">[22:28]</span> <span class="irc-green">* noobnl0 (~noob@unaffiliated/noobnl) has joined this channel.</span><br />
<span class="irc-date">[22:31]</span> <span class="irc-navy">* noobnl (~noob@unaffiliated/noobnl) Quit (Ping timeout: 276 seconds)</span><br />
<span class="irc-date">[23:00]</span> <span class="irc-navy">* gdanko (~gdanko@66-162-32-185.static.twtelecom.net) Quit (Quit: Get MacIrssi - <a href="http://www.sysctl.co.uk/projects/macirssi/)">http://www.sysctl.co.uk/projects/macirssi/)</a></span><br />
