<span class="irc-date">[0:30]</span> <span class="irc-green">* ciwrl (~ciwrl@pool-173-79-22-43.washdc.fios.verizon.net) has joined this channel.</span><br />
<span class="irc-date">[0:34]</span> <span class="irc-navy">* ciwrl (~ciwrl@pool-173-79-22-43.washdc.fios.verizon.net) Quit (Ping timeout: 240 seconds)</span><br />
<span class="irc-date">[0:49]</span> <span class="irc-green">* forcystos (62553bac@gateway/web/freenode/ip.98.85.59.172) has joined this channel.</span><br />
<span class="irc-date">[0:49]</span> <span class="irc-green">* forcystos (62553bac@gateway/web/freenode/ip.98.85.59.172) has left this channel.</span><br />
<span class="irc-date">[1:00]</span> <span class="irc-green">* neldar1 (~neldar@dsl-217-168-248.pool.bitel.net) has joined this channel.</span><br />
<span class="irc-date">[1:00]</span> <span class="irc-black">&lt;- *neldar1* Bot Sentry eingeschalten:  Sie werden jetzt ignoriert!  Ihre Nachricht wird 端bermittelt wenn sie die folgenden Fragen innerhalb von 10 Minuten richtig beantworten:  How do you spell the result of ten div_ided by 2?</span><br />
<span class="irc-date">[1:00]</span> <span class="irc-navy">* neldar (~neldar@dsl-217-163-116.pool.bitel.net) Quit (Disconnected by services)</span><br />
<span class="irc-date">[1:00]</span> <span class="irc-navy">* neldar1 (~neldar@dsl-217-168-248.pool.bitel.net) Quit (Client Quit)</span><br />
<span class="irc-date">[1:27]</span> <span class="irc-green">* neldar (~neldar@dsl110-9.pool.bitel.net) has joined this channel.</span><br />
<span class="irc-date">[1:27]</span> <span class="irc-black">&lt;- *neldar* Bot Sentry eingeschalten:  Sie werden jetzt ignoriert!  Ihre Nachricht wird 端bermittelt wenn sie die folgenden Fragen innerhalb von 10 Minuten richtig beantworten:  How do you spell the result of ten div_ided by 2?</span><br />
<span class="irc-date">[1:42]</span> <span class="irc-navy">* neldar (~neldar@dsl110-9.pool.bitel.net) Quit (Quit: Leaving.)</span><br />
<span class="irc-date">[1:48]</span> <span class="irc-green">* neldar (~neldar@dsl110-9.pool.bitel.net) has joined this channel.</span><br />
<span class="irc-date">[1:48]</span> <span class="irc-black">&lt;- *neldar* Bot Sentry eingeschalten:  Sie werden jetzt ignoriert!  Ihre Nachricht wird 端bermittelt wenn sie die folgenden Fragen innerhalb von 10 Minuten richtig beantworten:  How do you spell the result of ten div_ided by 2?</span><br />
<span class="irc-date">[1:49]</span> <span class="irc-navy">* neldar (~neldar@dsl110-9.pool.bitel.net) Quit (Remote host closed the connection)</span><br />
<span class="irc-date">[1:51]</span> <span class="irc-green">* ciwrl (~ciwrl@pool-173-79-22-43.washdc.fios.verizon.net) has joined this channel.</span><br />
<span class="irc-date">[2:00]</span> <span class="irc-green">* thedood is now known as thedood|away</span><br />
<span class="irc-date">[10:15]</span> <span class="irc-brown">-anthony.freenode.net- *** Looking up your hostname...</span><br />
<span class="irc-date">[10:15]</span> <span class="irc-brown">-anthony.freenode.net- *** Checking Ident</span><br />
<span class="irc-date">[10:15]</span> <span class="irc-brown">-anthony.freenode.net- *** No Ident response</span><br />
<span class="irc-date">[10:15]</span> <span class="irc-brown">-anthony.freenode.net- *** Found your hostname</span><br />
<span class="irc-date">[10:15]</span> <span class="irc-green">* cmsgsteam-logger (~PircBot@cmsgs.com) has joined this channel.</span><br />
<span class="irc-date">[10:15]</span> <span class="irc-green">* Topic is 'SGS CyanogenMod developers and testers (and other kernel and android hackers) - <a href="http://www.cmsgs.com/'">http://www.cmsgs.com/'</a></span><br />
<span class="irc-date">[10:15]</span> <span class="irc-green">* Set by atinm|night!~atin@unaffiliated/atinm on Sun Dec 19 02:05:32 GMT 2010</span><br />
<span class="irc-date">[10:15]</span> <span class="irc-brown">-ChanServ- [#__topsecret__] SGS-CM6 developers and testers only pls. Others could be kickbanned if not contributing to the channel's function.</span><br />
<span class="irc-date">[10:15]</span> <span class="irc-green">* ChanServ sets mode +o cmsgsteam-logger</span><br />
<span class="irc-date">[10:15]</span> <span class="irc-green">* atinm is now known as atinm|away</span><br />
<span class="irc-date">[10:55]</span> <span class="irc-green">* Mish- (~mish@194.28.69.111.dynamic.snap.net.nz) has joined this channel.</span><br />
<span class="irc-date">[12:37]</span> <span class="irc-navy">* efeller (~efeller@ardo-net.de) Quit (*.net *.split)</span><br />
<span class="irc-date">[12:37]</span> <span class="irc-navy">* coolya|away (~coolya@microdoof.net) Quit (*.net *.split)</span><br />
<span class="irc-date">[12:53]</span> <span class="irc-green">* efeller (~efeller@ardo-net.de) has joined this channel.</span><br />
<span class="irc-date">[12:53]</span> <span class="irc-green">* coolya|away (~coolya@microdoof.net) has joined this channel.</span><br />
<span class="irc-date">[13:01]</span> <span class="irc-green">* izibi (~julian@unaffiliated/izibi) has joined this channel.</span><br />
<span class="irc-date">[14:07]</span> <span class="irc-green">* gdanko (~gdanko@66-162-32-185.static.twtelecom.net) has joined this channel.</span><br />
<span class="irc-date">[14:11]</span> <span class="irc-navy">* gdanko (~gdanko@66-162-32-185.static.twtelecom.net) Quit (Client Quit)</span><br />
<span class="irc-date">[14:32]</span> <span class="irc-green">* gdanko (~gdanko@66-162-32-185.static.twtelecom.net) has joined this channel.</span><br />
<span class="irc-date">[15:01]</span> <span class="irc-green">* gdanko_ (~gdanko@66-162-32-185.static.twtelecom.net) has joined this channel.</span><br />
<span class="irc-date">[15:02]</span> <span class="irc-navy">* gdanko_ (~gdanko@66-162-32-185.static.twtelecom.net) Quit (Client Quit)</span><br />
<span class="irc-date">[15:02]</span> <span class="irc-green">* gdanko_ (~gdanko@66-162-32-185.static.twtelecom.net) has joined this channel.</span><br />
<span class="irc-date">[15:05]</span> <span class="irc-navy">* gdanko_ (~gdanko@66-162-32-185.static.twtelecom.net) Quit (Client Quit)</span><br />
<span class="irc-date">[15:05]</span> <span class="irc-green">* gdanko_ (~gdanko@66-162-32-185.static.twtelecom.net) has joined this channel.</span><br />
<span class="irc-date">[15:08]</span> <span class="irc-navy">* gdanko (~gdanko@66-162-32-185.static.twtelecom.net) Quit (Quit: Leaving)</span><br />
<span class="irc-date">[15:11]</span> <span class="irc-navy">* gdanko_ (~gdanko@66-162-32-185.static.twtelecom.net) Quit (Quit: Get MacIrssi - <a href="http://www.sysctl.co.uk/projects/macirssi/)">http://www.sysctl.co.uk/projects/macirssi/)</a></span><br />
<span class="irc-date">[15:11]</span> <span class="irc-green">* gdanko (~gdanko@66-162-32-185.static.twtelecom.net) has joined this channel.</span><br />
<span class="irc-date">[15:14]</span> <span class="irc-navy">* gdanko (~gdanko@66-162-32-185.static.twtelecom.net) Quit (Client Quit)</span><br />
<span class="irc-date">[15:14]</span> <span class="irc-green">* gdanko (~gdanko@66-162-32-185.static.twtelecom.net) has joined this channel.</span><br />
<span class="irc-date">[15:19]</span> <span class="irc-navy">* gdanko (~gdanko@66-162-32-185.static.twtelecom.net) Quit (Client Quit)</span><br />
<span class="irc-date">[15:20]</span> <span class="irc-green">* gdanko (~gdanko@66-162-32-185.static.twtelecom.net) has joined this channel.</span><br />
<span class="irc-date">[15:23]</span> <span class="irc-green">* magote (~magote@a79-169-106-110.cpe.netcabo.pt) has joined this channel.</span><br />
<span class="irc-date">[15:29]</span> <span class="irc-black">&lt;gdanko&gt; hello</span><br />
<span class="irc-date">[16:12]</span> <span class="irc-green">* thedood|away is now known as thedood</span><br />
<span class="irc-date">[16:21]</span> <span class="irc-navy">* magote (~magote@a79-169-106-110.cpe.netcabo.pt) Quit ()</span><br />
<span class="irc-date">[16:23]</span> <span class="irc-black">&lt;gdanko&gt; hi thedood</span><br />
<span class="irc-date">[17:29]</span> <span class="irc-green">* neldar (~neldar@dsl-217-167-239.pool.bitel.net) has joined this channel.</span><br />
<span class="irc-date">[17:29]</span> <span class="irc-black">&lt;- *neldar* Bot Sentry eingeschalten:  Sie werden jetzt ignoriert!  Ihre Nachricht wird 端bermittelt wenn sie die folgenden Fragen innerhalb von 10 Minuten richtig beantworten:  How do you spell the result of ten div_ided by 2?</span><br />
<span class="irc-date">[17:31]</span> <span class="irc-green">* thedood is now known as thedood|away</span><br />
<span class="irc-date">[18:11]</span> <span class="irc-green">* thedeanius (~dean@c-69-242-191-5.hsd1.mo.comcast.net) has joined this channel.</span><br />
<span class="irc-date">[18:16]</span> <span class="irc-green">* skeeterslint (~skeetersl@c-71-192-215-99.hsd1.ma.comcast.net) has joined this channel.</span><br />
<span class="irc-date">[18:36]</span> <span class="irc-navy">* gdanko (~gdanko@66-162-32-185.static.twtelecom.net) Quit (Quit: Get MacIrssi - <a href="http://www.sysctl.co.uk/projects/macirssi/)">http://www.sysctl.co.uk/projects/macirssi/)</a></span><br />
<span class="irc-date">[18:47]</span> <span class="irc-green">* gdanko (~gdanko@66-162-32-185.static.twtelecom.net) has joined this channel.</span><br />
<span class="irc-date">[18:48]</span> <span class="irc-black">&lt;gdanko&gt; howdy</span><br />
