<span class="irc-date">[0:14]</span> <span class="irc-black">&lt;iCEBrkr&gt; <a href="http://www.cmsgs.com/mediawiki/index.php?title=Build_CyanogenMod_for_Samsung_Vibrant">http://www.cmsgs.com/mediawiki/index.php?title=Build_CyanogenMod_for_Samsung_Vibrant</a></span><br />
<span class="irc-date">[0:14]</span> <span class="irc-black">&lt;iCEBrkr&gt; is that up to date?</span><br />
<span class="irc-date">[1:32]</span> <span class="irc-green">* magote (~magote@a79-169-106-110.cpe.netcabo.pt) has joined this channel.</span><br />
<span class="irc-date">[2:29]</span> <span class="irc-navy">* gdanko (~gdanko@66-162-32-185.static.twtelecom.net) Quit (Quit: Get MacIrssi - <a href="http://www.sysctl.co.uk/projects/macirssi/)">http://www.sysctl.co.uk/projects/macirssi/)</a></span><br />
<span class="irc-date">[2:54]</span> <span class="irc-navy">* magote (~magote@a79-169-106-110.cpe.netcabo.pt) Quit (Ping timeout: 260 seconds)</span><br />
<span class="irc-date">[2:58]</span> <span class="irc-navy">* Kaos_ (~Kaos@2001:470:1f05:8cf:230:67ff:fe4c:1c3f) Quit (Quit: Leaving)</span><br />
<span class="irc-date">[2:58]</span> <span class="irc-green">* magote (~magote@a79-169-106-110.cpe.netcabo.pt) has joined this channel.</span><br />
<span class="irc-date">[3:19]</span> <span class="irc-navy">* thedeanius (~dean@c-24-2-24-87.hsd1.mo.comcast.net) Quit (Quit: thedeanius)</span><br />
<span class="irc-date">[3:21]</span> <span class="irc-green">* thedeanius (~dean@c-24-2-24-87.hsd1.mo.comcast.net) has joined this channel.</span><br />
<span class="irc-date">[3:41]</span> <span class="irc-green">* thedood|away is now known as eldood</span><br />
<span class="irc-date">[3:42]</span> <span class="irc-green">* eldood is now known as Montazuma</span><br />
<span class="irc-date">[3:42]</span> <span class="irc-green">* Montazuma is now known as thedood</span><br />
<span class="irc-date">[4:12]</span> <span class="irc-navy">* kalpik (~kalpik@unaffiliated/kalpik) Quit (Disconnected by services)</span><br />
<span class="irc-date">[4:13]</span> <span class="irc-green">* kalpik (~kalpik@unaffiliated/kalpik) has joined this channel.</span><br />
<span class="irc-date">[10:29]</span> <span class="irc-green">* thedood is now known as thedood|away</span><br />
<span class="irc-date">[11:24]</span> <span class="irc-navy">* dasunsrule32 (~dasunsrul@christiantechsaz.com) Quit (Read error: Connection reset by peer)</span><br />
<span class="irc-date">[11:25]</span> <span class="irc-green">* dasunsrule32 (~dasunsrul@christiantechsaz.com) has joined this channel.</span><br />
<span class="irc-date">[11:29]</span> <span class="irc-navy">* magote (~magote@a79-169-106-110.cpe.netcabo.pt) Quit (Ping timeout: 264 seconds)</span><br />
<span class="irc-date">[11:33]</span> <span class="irc-green">* magote (~magote@a79-169-106-110.cpe.netcabo.pt) has joined this channel.</span><br />
<span class="irc-date">[12:26]</span> <span class="irc-navy">* thedeanius (~dean@c-24-2-24-87.hsd1.mo.comcast.net) Quit (Quit: thedeanius)</span><br />
<span class="irc-date">[13:31]</span> <span class="irc-green">* thedeanius (~dean@64.151.21.178) has joined this channel.</span><br />
<span class="irc-date">[13:56]</span> <span class="irc-green">* gdanko (~gdanko@66-162-32-185.static.twtelecom.net) has joined this channel.</span><br />
<span class="irc-date">[14:30]</span> <span class="irc-green">* skeeterslint (~skeetersl@c-71-192-215-99.hsd1.ma.comcast.net) has joined this channel.</span><br />
<span class="irc-date">[14:50]</span> <span class="irc-green">* codeworkx (~codeworkx@95-89-111-251-dynip.superkabel.de) has joined this channel.</span><br />
<span class="irc-date">[17:10]</span> <span class="irc-green">* thedood|away is now known as thedood</span><br />
