<span class="irc-date">[0:01]</span> <span class="irc-navy">* gdanko_ (~gdanko@66-162-32-185.static.twtelecom.net) Quit (Quit: Get MacIrssi - <a href="http://www.sysctl.co.uk/projects/macirssi/)">http://www.sysctl.co.uk/projects/macirssi/)</a></span><br />
<span class="irc-date">[0:22]</span> <span class="irc-green">* thedood is now known as thedood|away</span><br />
<span class="irc-date">[0:22]</span> <span class="irc-green">* thedood|away is now known as thedood</span><br />
<span class="irc-date">[0:27]</span> <span class="irc-green">* ciwrl is now known as ciwrl|food</span><br />
<span class="irc-date">[0:29]</span> <span class="irc-green">* jt1134 (~jt1134@c-71-207-226-80.hsd1.al.comcast.net) has joined this channel.</span><br />
<span class="irc-date">[0:36]</span> <span class="irc-green">* thedeanius (~dean@c-24-2-24-87.hsd1.mo.comcast.net) has joined this channel.</span><br />
<span class="irc-date">[0:47]</span> <span class="irc-green">* thedood is now known as thedood|away</span><br />
<span class="irc-date">[0:49]</span> <span class="irc-navy">* codeworkx (~codeworkx@95-89-111-251-dynip.superkabel.de) Quit (Read error: Connection reset by peer)</span><br />
<span class="irc-date">[0:51]</span> <span class="irc-green">* ciwrl|food is now known as ciwrl</span><br />
<span class="irc-date">[10:50]</span> <span class="irc-navy">* Disconnected.</span><br />
<span class="irc-date">[10:50]</span> <span class="irc-brown">-anthony.freenode.net- *** Looking up your hostname...</span><br />
<span class="irc-date">[10:50]</span> <span class="irc-brown">-anthony.freenode.net- *** Checking Ident</span><br />
<span class="irc-date">[10:50]</span> <span class="irc-brown">-anthony.freenode.net- *** No Ident response</span><br />
<span class="irc-date">[10:50]</span> <span class="irc-brown">-anthony.freenode.net- *** Found your hostname</span><br />
<span class="irc-date">[10:57]</span> <span class="irc-brown">-anthony.freenode.net- *** Looking up your hostname...</span><br />
<span class="irc-date">[10:57]</span> <span class="irc-brown">-anthony.freenode.net- *** Checking Ident</span><br />
<span class="irc-date">[10:57]</span> <span class="irc-brown">-anthony.freenode.net- *** No Ident response</span><br />
<span class="irc-date">[10:57]</span> <span class="irc-brown">-anthony.freenode.net- *** Found your hostname</span><br />
<span class="irc-date">[10:57]</span> <span class="irc-green">* cmsgsteam-logger (~PircBot@cmsgs.com) has joined this channel.</span><br />
<span class="irc-date">[10:57]</span> <span class="irc-green">* Topic is 'SGS CyanogenMod developers and testers (and other kernel and android hackers) - <a href="http://www.cmsgs.com/'">http://www.cmsgs.com/'</a></span><br />
<span class="irc-date">[10:57]</span> <span class="irc-green">* Set by atinm|night!~atin@unaffiliated/atinm on Sun Dec 19 02:05:32 GMT 2010</span><br />
<span class="irc-date">[10:57]</span> <span class="irc-brown">-ChanServ- [#__topsecret__] SGS-CM6 developers and testers only pls. Others could be kickbanned if not contributing to the channel's function.</span><br />
<span class="irc-date">[10:57]</span> <span class="irc-green">* ChanServ sets mode +o cmsgsteam-logger</span><br />
<span class="irc-date">[11:12]</span> <span class="irc-green">* codeworkx (~codeworkx@95-89-111-251-dynip.superkabel.de) has joined this channel.</span><br />
<span class="irc-date">[11:23]</span> <span class="irc-green">* atinm (~atin@unaffiliated/atinm) has joined this channel.</span><br />
<span class="irc-date">[11:23]</span> <span class="irc-green">* ChanServ sets mode +o atinm</span><br />
<span class="irc-date">[13:27]</span> <span class="irc-black">&lt;birdman&gt; codeworkx, you here?</span><br />
<span class="irc-date">[13:30]</span> <span class="irc-black">&lt;codeworkx&gt; yep</span><br />
<span class="irc-date">[13:31]</span> <span class="irc-black">&lt;birdman&gt; do the exact mappings of the mtd partitions in the .35 kernel matter?</span><br />
<span class="irc-date">[13:31]</span> <span class="irc-black">&lt;birdman&gt; as long as its not overwriting the bootloaders</span><br />
<span class="irc-date">[13:53]</span> <span class="irc-black">&lt;codeworkx&gt; you can change it, but be careful xD</span><br />
<span class="irc-date">[13:53]</span> <span class="irc-black">&lt;codeworkx&gt; if you overwrite bootloaders, you're fucked up</span><br />
<span class="irc-date">[13:53]</span> <span class="irc-black">&lt;birdman&gt; yeah i think im past that terrible pain xD</span><br />
<span class="irc-date">[13:53]</span> <span class="irc-black">&lt;birdman&gt; for some reason tho, my kernel will only boot into recovery</span><br />
<span class="irc-date">[13:54]</span> <span class="irc-black">&lt;codeworkx&gt; on which device you are working?</span><br />
<span class="irc-date">[13:54]</span> <span class="irc-black">&lt;birdman&gt; do i need to use a boot.img format to write to it?</span><br />
<span class="irc-date">[13:54]</span> <span class="irc-black">&lt;birdman&gt; fascinate</span><br />
<span class="irc-date">[13:54]</span> <span class="irc-black">&lt;birdman&gt; the cdma one</span><br />
<span class="irc-date">[13:54]</span> <span class="irc-black">&lt;codeworkx&gt; which init binary you're using?</span><br />
<span class="irc-date">[13:54]</span> <span class="irc-black">&lt;codeworkx&gt; which ramdisk?</span><br />
<span class="irc-date">[13:55]</span> <span class="irc-black">&lt;birdman&gt; the one in coolya's github</span><br />
<span class="irc-date">[13:55]</span> <span class="irc-black">&lt;codeworkx&gt; ah ok</span><br />
<span class="irc-date">[13:55]</span> <span class="irc-black">&lt;birdman&gt; the gingerbread one</span><br />
<span class="irc-date">[13:55]</span> <span class="irc-black">&lt;codeworkx&gt; we dont work with boot.img</span><br />
<span class="irc-date">[13:55]</span> <span class="irc-black">&lt;birdman&gt; do i need to make my own init binary?</span><br />
<span class="irc-date">[13:55]</span> <span class="irc-black">&lt;codeworkx&gt; no it should work on all galaxy s devices</span><br />
<span class="irc-date">[13:56]</span> <span class="irc-black">&lt;birdman&gt; i write the zimage to the kernel and the recovery partitions? or just one?</span><br />
<span class="irc-date">[13:56]</span> <span class="irc-black">&lt;codeworkx&gt; maybe your bootmodes are different?</span><br />
<span class="irc-date">[13:56]</span> <span class="irc-black">&lt;codeworkx&gt; only to kernel partition</span><br />
<span class="irc-date">[13:56]</span> <span class="irc-black">&lt;codeworkx&gt; recovery partition is useless</span><br />
<span class="irc-date">[13:56]</span> <span class="irc-black">&lt;birdman&gt; bootmode=2 is my recovery</span><br />
<span class="irc-date">[13:57]</span> <span class="irc-black">&lt;birdman&gt; if i delete recovery.rc...it'll try to boot android</span><br />
<span class="irc-date">[13:58]</span> <span class="irc-black">&lt;codeworkx&gt; <a href="https://github.com/coolya/android_device_samsung_galaxys/blob/master/core/init/init.c#L711">https://github.com/coolya/android_device_samsung_galaxys/blob/master/core/init/init.c#L711</a></span><br />
<span class="irc-date">[13:58]</span> <span class="irc-black">&lt;codeworkx&gt; sure that 2 is recovery?</span><br />
<span class="irc-date">[13:58]</span> <span class="irc-black">&lt;codeworkx&gt; then it should work</span><br />
<span class="irc-date">[13:58]</span> <span class="irc-black">&lt;codeworkx&gt; but if 2 is normalboot then that would explain it</span><br />
