<span class="irc-date">[0:00]</span> <span class="irc-green">* coolya is now known as coolya|away</span><br />
<span class="irc-date">[0:01]</span> <span class="irc-green">* TCMAN-web (8b5ffb15@gateway/web/freenode/ip.139.95.251.21) has left this channel.</span><br />
<span class="irc-date">[0:07]</span> <span class="irc-navy">* Froz3n (561e16a5@gateway/web/freenode/ip.86.30.22.165) Quit (Quit: Page closed)</span><br />
<span class="irc-date">[0:41]</span> <span class="irc-green">* jt1134 (~jt1134@c-71-207-226-80.hsd1.al.comcast.net) has joined this channel.</span><br />
<span class="irc-date">[0:47]</span> <span class="irc-green">* neldar (~neldar@dsl-217-164-46.pool.bitel.net) has joined this channel.</span><br />
<span class="irc-date">[0:47]</span> <span class="irc-black">&lt;- *neldar* Bot Sentry eingeschalten:  Sie werden jetzt ignoriert!  Ihre Nachricht wird übermittelt wenn sie die folgenden Fragen innerhalb von 10 Minuten richtig beantworten:  How do you spell the result of ten div_ided by 2?</span><br />
<span class="irc-date">[1:18]</span> <span class="irc-navy">* jt1134 (~jt1134@c-71-207-226-80.hsd1.al.comcast.net) Quit (Quit: Leaving)</span><br />
<span class="irc-date">[1:43]</span> <span class="irc-green">* jt1134 (~jt1134@c-71-207-226-80.hsd1.al.comcast.net) has joined this channel.</span><br />
<span class="irc-date">[1:45]</span> <span class="irc-navy">* neldar (~neldar@dsl-217-164-46.pool.bitel.net) Quit (Quit: Leaving.)</span><br />
<span class="irc-date">[13:15]</span> <span class="irc-brown">-anthony.freenode.net- *** Looking up your hostname...</span><br />
<span class="irc-date">[13:15]</span> <span class="irc-brown">-anthony.freenode.net- *** Checking Ident</span><br />
<span class="irc-date">[13:15]</span> <span class="irc-brown">-anthony.freenode.net- *** No Ident response</span><br />
<span class="irc-date">[13:15]</span> <span class="irc-brown">-anthony.freenode.net- *** Found your hostname</span><br />
<span class="irc-date">[13:15]</span> <span class="irc-green">* cmsgsteam-logger (~PircBot@cmsgs.com) has joined this channel.</span><br />
<span class="irc-date">[13:15]</span> <span class="irc-green">* Topic is 'SGS CyanogenMod developers and testers (and other kernel and android hackers) - <a href="http://www.cmsgs.com/'">http://www.cmsgs.com/'</a></span><br />
<span class="irc-date">[13:15]</span> <span class="irc-green">* Set by atinm|night!~atin@unaffiliated/atinm on Sun Dec 19 02:05:32 GMT 2010</span><br />
<span class="irc-date">[13:15]</span> <span class="irc-brown">-ChanServ- [#__topsecret__] SGS-CM6 developers and testers only pls. Others could be kickbanned if not contributing to the channel's function.</span><br />
<span class="irc-date">[13:15]</span> <span class="irc-green">* ChanServ sets mode +o cmsgsteam-logger</span><br />
<span class="irc-date">[13:34]</span> <span class="irc-green">* neldar (~neldar@dsl-217-167-99.pool.bitel.net) has joined this channel.</span><br />
<span class="irc-date">[13:34]</span> <span class="irc-black">&lt;- *neldar* Bot Sentry eingeschalten:  Sie werden jetzt ignoriert!  Ihre Nachricht wird übermittelt wenn sie die folgenden Fragen innerhalb von 10 Minuten richtig beantworten:  How do you spell the result of ten div_ided by 2?</span><br />
<span class="irc-date">[13:58]</span> <span class="irc-green">* UberPinguin (~uber@in-67-236-34-203.dyn.embarqhsd.net) has joined this channel.</span><br />
<span class="irc-date">[13:58]</span> <span class="irc-navy">* UberPinguin (~uber@in-67-236-34-203.dyn.embarqhsd.net) Quit (Changing host)</span><br />
<span class="irc-date">[13:58]</span> <span class="irc-green">* UberPinguin (~uber@gentoo/user/uberpinguin) has joined this channel.</span><br />
<span class="irc-date">[14:12]</span> <span class="irc-navy">* jt1134 (~jt1134@c-71-207-226-80.hsd1.al.comcast.net) Quit (Remote host closed the connection)</span><br />
<span class="irc-date">[14:54]</span> <span class="irc-green">* codeworkx (~codeworkx@95-89-111-251-dynip.superkabel.de) has joined this channel.</span><br />
