<span class="irc-date">[0:08]</span> <span class="irc-navy">* GuiPer (~GuiPer@ip-86-49-25-242.net.upcbroadband.cz) Quit (Ping timeout: 240 seconds)</span><br />
<span class="irc-date">[1:14]</span> <span class="irc-navy">* atinm (~atin@unaffiliated/atinm) Quit (Quit: atinm)</span><br />
<span class="irc-date">[10:52]</span> <span class="irc-brown">-gibson.freenode.net- *** Looking up your hostname...</span><br />
<span class="irc-date">[10:52]</span> <span class="irc-brown">-gibson.freenode.net- *** Checking Ident</span><br />
<span class="irc-date">[10:52]</span> <span class="irc-brown">-gibson.freenode.net- *** No Ident response</span><br />
<span class="irc-date">[10:52]</span> <span class="irc-brown">-gibson.freenode.net- *** Found your hostname</span><br />
<span class="irc-date">[10:52]</span> <span class="irc-green">* cmsgsteam-logger (~PircBot@cmsgs.com) has joined this channel.</span><br />
<span class="irc-date">[10:52]</span> <span class="irc-green">* Topic is 'SGS CyanogenMod developers and testers (and other kernel and android hackers) - <a href="http://www.cmsgs.com/'">http://www.cmsgs.com/'</a></span><br />
<span class="irc-date">[10:52]</span> <span class="irc-green">* Set by atinm|night!~atin@unaffiliated/atinm on Sun Dec 19 02:05:07 GMT 2010</span><br />
<span class="irc-date">[10:52]</span> <span class="irc-brown">-ChanServ- [#__topsecret__] SGS-CM6 developers and testers only pls. Others could be kickbanned if not contributing to the channel's function.</span><br />
<span class="irc-date">[10:52]</span> <span class="irc-green">* ChanServ sets mode +o cmsgsteam-logger</span><br />
<span class="irc-date">[12:38]</span> <span class="irc-navy">* thedeanius (~dean@c-24-2-24-87.hsd1.mo.comcast.net) Quit (Quit: thedeanius)</span><br />
<span class="irc-date">[14:08]</span> <span class="irc-green">* gdanko_ (~gdanko@66-162-32-185.static.twtelecom.net) has joined this channel.</span><br />
<span class="irc-date">[14:40]</span> <span class="irc-green">* thedeanius (~dean@64.151.21.178) has joined this channel.</span><br />
<span class="irc-date">[14:55]</span> <span class="irc-green">* atinm (~amalaviya@unaffiliated/atinm) has joined this channel.</span><br />
<span class="irc-date">[14:55]</span> <span class="irc-green">* ChanServ sets mode +o atinm</span><br />
<span class="irc-date">[14:56]</span> <span class="irc-black">&lt;atinm&gt; hey gdanko</span><br />
<span class="irc-date">[14:56]</span> <span class="irc-black">&lt;gdanko_&gt; hi</span><br />
<span class="irc-date">[14:57]</span> <span class="irc-black">&lt;atinm&gt; see my complaints about the .35 kernel on captivate?</span><br />
<span class="irc-date">[14:57]</span> <span class="irc-black">&lt;atinm&gt; my whining.</span><br />
<span class="irc-date">[14:57]</span> <span class="irc-black">&lt;gdanko_&gt; no i havent been online much. new baby is keeping me busy.</span><br />
<span class="irc-date">[14:57]</span> <span class="irc-black">&lt;atinm&gt; I almost had gingerbread at least boot.</span><br />
<span class="irc-date">[14:57]</span> <span class="irc-black">&lt;gdanko_&gt; whatis going on?</span><br />
<span class="irc-date">[14:57]</span> <span class="irc-black">&lt;atinm&gt; it boots but the power button won't wake the phone back up</span><br />
<span class="irc-date">[14:58]</span> <span class="irc-black">&lt;atinm&gt; and it looks like the keyboard and touchscreen drivers are screwed and maybe the gpio pins for power too</span><br />
<span class="irc-date">[14:58]</span> <span class="irc-black">&lt;gdanko_&gt; is this 2.3?</span><br />
<span class="irc-date">[14:58]</span> <span class="irc-black">&lt;atinm&gt; yeah</span><br />
<span class="irc-date">[14:58]</span> <span class="irc-black">&lt;atinm&gt; it uses 2.6.35 kernel</span><br />
<span class="irc-date">[14:58]</span> <span class="irc-black">&lt;gdanko_&gt; right</span><br />
<span class="irc-date">[14:58]</span> <span class="irc-black">&lt;gdanko_&gt; how is that coming?</span><br />
<span class="irc-date">[14:58]</span> <span class="irc-black">&lt;gdanko_&gt; stuff still busted?</span><br />
<span class="irc-date">[14:58]</span> <span class="irc-black">&lt;atinm&gt; and we don't have source for the melfas-touchkey driver that captivate uses</span><br />
<span class="irc-date">[14:58]</span> <span class="irc-black">&lt;atinm&gt; nor the touchscreen qs22something</span><br />
<span class="irc-date">[14:59]</span> <span class="irc-black">&lt;atinm&gt; the .36 kernel on mainline has these or somethign close but backporting didn't quite work due to missing firmware I think</span><br />
<span class="irc-date">[14:59]</span> <span class="irc-black">&lt;atinm&gt; and so I have to port them myself</span><br />
