<span class="irc-date">[0:00]</span> <span class="irc-black">&lt;gehzumteufel&gt; rebooting</span><br />
<span class="irc-date">[0:00]</span> <span class="irc-black">&lt;atinm&gt; maybe I should have asked ppl to test before I uploaded hmm? :)</span><br />
<span class="irc-date">[0:00]</span> <span class="irc-black">&lt;gehzumteufel&gt; boot logo</span><br />
<span class="irc-date">[0:00]</span> <span class="irc-black">&lt;gehzumteufel&gt; And seems to hang</span><br />
<span class="irc-date">[0:00]</span> <span class="irc-black">&lt;gehzumteufel&gt; No bootanim</span><br />
<span class="irc-date">[0:00]</span> <span class="irc-black">&lt;gehzumteufel&gt; Stuck at boot logo</span><br />
<span class="irc-date">[0:00]</span> <span class="irc-black">&lt;atinm&gt; great.</span><br />
<span class="irc-date">[0:00]</span> <span class="irc-black">&lt;techmik67&gt; wait a min</span><br />
<span class="irc-date">[0:00]</span> <span class="irc-black">&lt;codeworkx&gt; opening cam, preview, af, shoot, done</span><br />
<span class="irc-date">[0:00]</span> <span class="irc-black">&lt;techmik67&gt; takes a little longet than usual i noticed</span><br />
<span class="irc-date">[0:00]</span> <span class="irc-black">&lt;atinm&gt; codeworkx: galaxys is fine?</span><br />
<span class="irc-date">[0:01]</span> <span class="irc-black">&lt;atinm&gt; booted?</span><br />
<span class="irc-date">[0:01]</span> <span class="irc-black">&lt;gehzumteufel&gt; Still stuck at boot logo</span><br />
<span class="irc-date">[0:01]</span> <span class="irc-black">&lt;gehzumteufel&gt; No anim</span><br />
<span class="irc-date">[0:01]</span> <span class="irc-black">&lt;atinm&gt; try rebooting</span><br />
<span class="irc-date">[0:01]</span> <span class="irc-black">&lt;atinm&gt; lets see if it comes back at all</span><br />
<span class="irc-date">[0:02]</span> <span class="irc-black">&lt;codeworkx&gt; atinm: yes</span><br />
<span class="irc-date">[0:02]</span> <span class="irc-black">&lt;atinm&gt; ok</span><br />
<span class="irc-date">[0:02]</span> <span class="irc-black">&lt;atinm&gt; so maybe vibrant is only one porked</span><br />
<span class="irc-date">[0:02]</span> <span class="irc-black">&lt;gehzumteufel&gt; Rebooted, and stops at boot logo</span><br />
<span class="irc-date">[0:02]</span> <span class="irc-black">&lt;atinm&gt; since no one tests it when we're actually doing the work..</span><br />
<span class="irc-date">[0:02]</span> <span class="irc-black">&lt;atinm&gt; ok. guess I should remove it</span><br />
<span class="irc-date">[0:02]</span> <span class="irc-black">&lt;kang&gt; im going to flash in fact lol</span><br />
<span class="irc-date">[0:02]</span> <span class="irc-black">&lt;codeworkx&gt; uhhhmmm. taking a photo with ffc ever worked?</span><br />
<span class="irc-date">[0:02]</span> <span class="irc-black">&lt;gehzumteufel&gt; And now this confirms, that it wasn't my repo yesterday or today that was borked</span><br />
<span class="irc-date">[0:03]</span> <span class="irc-black">&lt;kang&gt; codeworkx: unsure. might just go boom</span><br />
<span class="irc-date">[0:03]</span> <span class="irc-black">&lt;codeworkx&gt; E/SecCamera(  104): ERR(int android::fimc_v4l2_g_ctrl(int, unsigned int)): VIDIOC_G_CTRL(id = 0x8000076 (118)) failed, ret = -1</span><br />
<span class="irc-date">[0:03]</span> <span class="irc-black">&lt;codeworkx&gt; and then mediaserver dies</span><br />
<span class="irc-date">[0:04]</span> <span class="irc-black">&lt;Manadar_&gt; I reflashed 05/01 update and the phone has booted, want me to check again for the camera in the last update?</span><br />
<span class="irc-date">[0:04]</span> <span class="irc-black">&lt;codeworkx&gt; Manadar_: cam is working on i9000</span><br />
<span class="irc-date">[0:04]</span> <span class="irc-black">&lt;kang&gt; camera is just rotated in ffc but uhm</span><br />
<span class="irc-date">[0:05]</span> <span class="irc-black">&lt;kang&gt; doesnt work for gtalk</span><br />
<span class="irc-date">[0:05]</span> <span class="irc-black">&lt;kang&gt; and ratio not so good in some apps</span><br />
<span class="irc-date">[0:05]</span> <span class="irc-green">* teamhacksung (~teamhacks@sh1-ext.rs.github.com) has joined this channel.</span><br />
<span class="irc-date">[0:05]</span> <span class="irc-black">&lt;teamhacksung&gt; android_device_samsung_captivate: gingerbread atinm * 48c6467 (4 files in 1 dirs): Updated kernel and modules for 20110503 update ... - <a href="http://bit.ly/mhjom3">http://bit.ly/mhjom3</a></span><br />
<span class="irc-date">[0:05]</span> <span class="irc-green">* teamhacksung (~teamhacks@sh1-ext.rs.github.com) has left this channel.</span><br />
<span class="irc-date">[0:05]</span> <span class="irc-black">&lt;Manadar_&gt; Arf ok</span><br />
<span class="irc-date">[0:05]</span> <span class="irc-green">* zacharias (~zacharias@chello084114179145.16.15.vie.surfer.at) has joined this channel.</span><br />
<span class="irc-date">[0:05]</span> <span class="irc-black">&lt;codeworkx&gt; kang: we really should fix the whole thing</span><br />
<span class="irc-date">[0:05]</span> <span class="irc-black">&lt;codeworkx&gt; xD</span><br />
<span class="irc-date">[0:05]</span> <span class="irc-black">&lt;zacharias&gt; hey guys</span><br />
<span class="irc-date">[0:05]</span> <span class="irc-black">&lt;Manadar_&gt; hi</span><br />
<span class="irc-date">[0:05]</span> <span class="irc-black">&lt;atinm&gt; so wtf is up with vibrant</span><br />
<span class="irc-date">[0:06]</span> <span class="irc-green">* zacharias is now known as zacharias|busy</span><br />
<span class="irc-date">[0:06]</span> <span class="irc-black">&lt;gehzumteufel&gt; zacharias: Vibrant borked. Don't flash. lol</span><br />
<span class="irc-date">[0:06]</span> <span class="irc-black">&lt;atinm&gt; unhelpful, you're needed.</span><br />
<span class="irc-date">[0:06]</span> <span class="irc-black">&lt;zacharias|busy&gt; gehzumteufel O.o thanks for the warning !</span><br />
<span class="irc-date">[0:06]</span> <span class="irc-black">&lt;aarcane&gt; o,.,0  20110503 exists, but can't be downloaded yet ?  *confused*</span><br />
<span class="irc-date">[0:06]</span> <span class="irc-black">&lt;gehzumteufel&gt; atinm: Does this update start using the boot.img?</span><br />
<span class="irc-date">[0:06]</span> <span class="irc-black">&lt;atinm&gt; yes</span><br />
<span class="irc-date">[0:06]</span> <span class="irc-black">&lt;kang&gt; codeworkx: yeah well taking pic maybe could look tomorrow lol. rotation i think we could fix with overlay</span><br />
<span class="irc-date">[0:06]</span> <span class="irc-black">&lt;Unhelpful&gt; atinm: another option would be to have separate initial-update that contains all the "non-update" junk, and just makes sure the update is on your SD card before it proceeds to flash anything...</span><br />
<span class="irc-date">[0:06]</span> <span class="irc-black">&lt;zacharias|busy&gt; are the cappy and SGS working ?</span><br />
<span class="irc-date">[0:07]</span> <span class="irc-black">&lt;kang&gt; codeworkx: but i'd like if that sammy guy could fix us the lines in ce147 first that'd be awesome. im also curious what thing is wrong lol</span><br />
<span class="irc-date">[0:07]</span> <span class="irc-black">&lt;atinm&gt; yes</span><br />
<span class="irc-date">[0:07]</span> <span class="irc-black">&lt;Unhelpful&gt; the worst part of that is that if there is more than one, finding the one w/ the latest build date becomes non-trivial due to use of a non-sane date format</span><br />
<span class="irc-date">[0:07]</span> <span class="irc-black">&lt;zacharias|busy&gt; atinm was that directed at me ? ok - thanks !</span><br />
<span class="irc-date">[0:07]</span> <span class="irc-black">&lt;atinm&gt; zacharias|busy: yes</span><br />
<span class="irc-date">[0:07]</span> <span class="irc-black">&lt;atinm&gt; I'm still catching up with Unhelpful</span><br />
<span class="irc-date">[0:08]</span> <span class="irc-black">&lt;atinm&gt; unhelpful, git stash</span><br />
<span class="irc-date">[0:08]</span> <span class="irc-black">&lt;atinm&gt; we need you to help debug vibrant boot</span><br />
<span class="irc-date">[0:08]</span> <span class="irc-black">&lt;atinm&gt; it is not booting..</span><br />
<span class="irc-date">[0:08]</span> <span class="irc-black">&lt;atinm&gt; I really wish coolya was here</span><br />
<span class="irc-date">[0:08]</span> <span class="irc-black">&lt;atinm&gt; or he sent me his vibrant :)</span><br />
<span class="irc-date">[0:09]</span> <span class="irc-black">&lt;zacharias|busy&gt; could the latest gpio changes be involved ?</span><br />
<span class="irc-date">[0:09]</span> <span class="irc-black">&lt;codeworkx&gt; kang: gtalkz video is crashing on lg 2x too</span><br />
<span class="irc-date">[0:09]</span> <span class="irc-black">&lt;atinm&gt; possible.</span><br />
<span class="irc-date">[0:09]</span> <span class="irc-black">&lt;zacharias|busy&gt; I only saw that stuff changed in that area and it was different for vibrant + cappy</span><br />
<span class="irc-date">[0:09]</span> <span class="irc-black">&lt;codeworkx&gt; kang: so we dont care about</span><br />
<span class="irc-date">[0:09]</span> <span class="irc-black">&lt;atinm&gt; we thought we had them working tho</span><br />
<span class="irc-date">[0:09]</span> <span class="irc-black">&lt;atinm&gt; gehzumteufel: you were working with the gpios right?</span><br />
<span class="irc-date">[0:10]</span> <span class="irc-black">&lt;kang&gt; i got gtalk to display video but</span><br />
<span class="irc-date">[0:10]</span> <span class="irc-black">&lt;atinm&gt; it is the boot.img stuff that you haven't been able to work with if I understand</span><br />
<span class="irc-date">[0:10]</span> <span class="irc-black">&lt;kang&gt; other guy doesnt receive it</span><br />
<span class="irc-date">[0:10]</span> <span class="irc-black">&lt;gehzumteufel&gt; atinm: I wasn't</span><br />
<span class="irc-date">[0:10]</span> <span class="irc-black">&lt;kang&gt; so bleh</span><br />
<span class="irc-date">[0:10]</span> <span class="irc-black">&lt;kang&gt; ^^</span><br />
<span class="irc-date">[0:10]</span> <span class="irc-black">&lt;atinm&gt; oh</span><br />
<span class="irc-date">[0:10]</span> <span class="irc-black">&lt;atinm&gt; someone did</span><br />
<span class="irc-date">[0:10]</span> <span class="irc-black">&lt;atinm&gt; Chaembian?</span><br />
<span class="irc-date">[0:10]</span> <span class="irc-black">&lt;gehzumteufel&gt; atinm: Might have been ericDET?</span><br />
<span class="irc-date">[0:10]</span> <span class="irc-black">&lt;gehzumteufel&gt; Or chaembian</span><br />
<span class="irc-date">[0:10]</span> <span class="irc-black">&lt;atinm&gt; maybe.</span><br />
<span class="irc-date">[0:11]</span> <span class="irc-black">&lt;atinm&gt; TMC_Sherpa, need you to look over vibrant gpios one more time . . .</span><br />
<span class="irc-date">[0:11]</span> <span class="irc-black">&lt;codeworkx&gt; Y WE HAVE NO ROMMANAGER SUPPORT?!?</span><br />
<span class="irc-date">[0:11]</span> <span class="irc-black">&lt;atinm&gt; just the changes.</span><br />
<span class="irc-date">[0:11]</span> <span class="irc-black">&lt;atinm&gt; koush is gonna do it soon</span><br />
<span class="irc-date">[0:11]</span> <span class="irc-black">&lt;codeworkx&gt; ;-)</span><br />
<span class="irc-date">[0:11]</span> <span class="irc-black">&lt;atinm&gt; he said tonight but most probably tomorrow night</span><br />
<span class="irc-date">[0:11]</span> <span class="irc-black">&lt;atinm&gt; Y WE BREAK VIBRANT?!</span><br />
<span class="irc-date">[0:11]</span> <span class="irc-black">&lt;codeworkx&gt; Y WE USE NO VIBRATOR DEV?</span><br />
<span class="irc-date">[0:12]</span> <span class="irc-black">&lt;gehzumteufel&gt; lmao</span><br />
<span class="irc-date">[0:12]</span> <span class="irc-black">&lt;codeworkx&gt; who's owning a vibrant?</span><br />
<span class="irc-date">[0:12]</span> <span class="irc-black">&lt;gehzumteufel&gt; Me</span><br />
<span class="irc-date">[0:12]</span> <span class="irc-black">&lt;gehzumteufel&gt; who owns*</span><br />
<span class="irc-date">[0:12]</span> <span class="irc-black">&lt;codeworkx&gt; Y U NOT TAKE CARE OF VIBRATOR?</span><br />
<span class="irc-date">[0:12]</span> <span class="irc-black">&lt;gehzumteufel&gt; rofl</span><br />
<span class="irc-date">[0:12]</span> <span class="irc-black">&lt;codeworkx&gt; :-)</span><br />
<span class="irc-date">[0:13]</span> <span class="irc-black">&lt;gehzumteufel&gt; you and kolja always tweet the word "live" for "life"</span><br />
<span class="irc-date">[0:13]</span> <span class="irc-black">&lt;gehzumteufel&gt; ./grammar nazi</span><br />
<span class="irc-date">[0:13]</span> <span class="irc-black">&lt;codeworkx&gt; luls</span><br />
<span class="irc-date">[0:13]</span> <span class="irc-black">&lt;codeworkx&gt; denglish</span><br />
<span class="irc-date">[0:13]</span> <span class="irc-black">&lt;gehzumteufel&gt; haha yeah</span><br />
<span class="irc-date">[0:13]</span> <span class="irc-black">&lt;Manadar_&gt; codeworkx: I tried again, all seem fine, odd</span><br />
<span class="irc-date">[0:14]</span> <span class="irc-black">&lt;codeworkx&gt; Manadar_: pwned</span><br />
<span class="irc-date">[0:14]</span> <span class="irc-black">&lt;codeworkx&gt; gehzumteufel: fix gps on vibrant plx</span><br />
<span class="irc-date">[0:14]</span> <span class="irc-black">&lt;Manadar_&gt; you should have said "psned" :)</span><br />
<span class="irc-date">[0:14]</span> <span class="irc-brick">* gehzumteufel shits on the Vibrant to make it work</span><br />
<span class="irc-date">[0:15]</span> <span class="irc-black">&lt;codeworkx&gt; gehzumteufel: use froyo libs and gpsshim</span><br />
<span class="irc-date">[0:15]</span> <span class="irc-black">&lt;gehzumteufel&gt; hahaha</span><br />
<span class="irc-date">[0:15]</span> <span class="irc-black">&lt;atinm&gt; someone reporting FC on camera on sgs</span><br />
<span class="irc-date">[0:16]</span> <span class="irc-black">&lt;atinm&gt; on both</span><br />
<span class="irc-date">[0:16]</span> <span class="irc-black">&lt;kang&gt; codeworkx: also on ce147 AF is "fuct"</span><br />
<span class="irc-date">[0:16]</span> <span class="irc-black">&lt;atinm&gt; I guess we ignore for a bit</span><br />
<span class="irc-date">[0:16]</span> <span class="irc-black">&lt;atinm&gt; and let it settle out.</span><br />
<span class="irc-date">[0:16]</span> <span class="irc-black">&lt;atinm&gt; Y WE HAZ NO VIBRANT DEV?!</span><br />
<span class="irc-date">[0:16]</span> <span class="irc-black">&lt;gehzumteufel&gt; :(</span><br />
<span class="irc-date">[0:16]</span> <span class="irc-black">&lt;atinm&gt; guess we have to debug it.</span><br />
<span class="irc-date">[0:16]</span> <span class="irc-black">&lt;atinm&gt; gehzumteufel: what does it say, if anything</span><br />
<span class="irc-date">[0:16]</span> <span class="irc-black">&lt;atinm&gt; just bootlogo and hang?</span><br />
<span class="irc-date">[0:17]</span> <span class="irc-black">&lt;gehzumteufel&gt; If this TMO/GayTT merger happens, I'm jumoing to VZW</span><br />
<span class="irc-date">[0:17]</span> <span class="irc-black">&lt;gehzumteufel&gt; atinm: Just boot logo hang</span><br />
<span class="irc-date">[0:17]</span> <span class="irc-black">&lt;atinm&gt; no adb nothing?</span><br />
<span class="irc-date">[0:17]</span> <span class="irc-black">&lt;gehzumteufel&gt; Nope</span><br />
<span class="irc-date">[0:17]</span> <span class="irc-black">&lt;atinm&gt; fuck.</span><br />
<span class="irc-date">[0:17]</span> <span class="irc-black">&lt;gehzumteufel&gt; Let me try once more and see</span><br />
<span class="irc-date">[0:17]</span> <span class="irc-black">&lt;codeworkx&gt; kang: af is only a little bit fixed. it's enough to get a shot. xD</span><br />
<span class="irc-date">[0:18]</span> <span class="irc-black">&lt;kang&gt; codeworkx: yeah but not for filming xD</span><br />
<span class="irc-date">[0:18]</span> <span class="irc-black">&lt;gehzumteufel&gt; atinm: yeah no dice</span><br />
<span class="irc-date">[0:18]</span> <span class="irc-black">&lt;kang&gt; codeworkx: focus works but just not auto</span><br />
<span class="irc-date">[0:18]</span> <span class="irc-black">&lt;codeworkx&gt; kang: there's a lot to do -.-</span><br />
<span class="irc-date">[0:18]</span> <span class="irc-black">&lt;atinm&gt; Unhelpful: anything we can look at?</span><br />
<span class="irc-date">[0:18]</span> <span class="irc-black">&lt;atinm&gt; or maybe the kernel is just bad.</span><br />
<span class="irc-date">[0:18]</span> <span class="irc-black">&lt;codeworkx&gt; kang: does the cam app support that? xD</span><br />
<span class="irc-date">[0:18]</span> <span class="irc-black">&lt;kang&gt; codeworkx: i prolly receive a sgs2 in a week or 2 and gotta give away sgs1 =/</span><br />
<span class="irc-date">[0:18]</span> <span class="irc-black">&lt;kang&gt; codeworkx: yeah it does</span><br />
<span class="irc-date">[0:18]</span> <span class="irc-black">&lt;atinm&gt; has anyone ever managed to get vibrant running since we got 2 initramfs working?</span><br />
<span class="irc-date">[0:18]</span> <span class="irc-black">&lt;gehzumteufel&gt; atinm: I can flash a kernel and it fully revives it</span><br />
<span class="irc-date">[0:18]</span> <span class="irc-black">&lt;atinm&gt; where is chaembian when I need  him.</span><br />
<span class="irc-date">[0:19]</span> <span class="irc-black">&lt;kang&gt; codeworkx: but if u take pics should use vignette - works a LOT better than stock</span><br />
<span class="irc-date">[0:19]</span> <span class="irc-black">&lt;kang&gt; codeworkx: can manually focus before pic for example</span><br />
<span class="irc-date">[0:19]</span> <span class="irc-black">&lt;atinm&gt; I was under the impression that we had got it working</span><br />
<span class="irc-date">[0:19]</span> <span class="irc-black">&lt;atinm&gt; otherwise I wouldn't have put it up.</span><br />
<span class="irc-date">[0:19]</span> <span class="irc-black">&lt;atinm&gt; oh well.</span><br />
<span class="irc-date">[0:19]</span> <span class="irc-black">&lt;gehzumteufel&gt; Yeah it's all good. Shit happens. We'll get it fixed.</span><br />
<span class="irc-date">[0:19]</span> <span class="irc-black">&lt;kang&gt; some dudes complained vibrant boot loop on my "vibrant kernel thread"</span><br />
<span class="irc-date">[0:19]</span> <span class="irc-black">&lt;codeworkx&gt; kang: theres no af on lg2x too</span><br />
<span class="irc-date">[0:20]</span> <span class="irc-black">&lt;kang&gt; some dudes said it works tho</span><br />
<span class="irc-date">[0:20]</span> <span class="irc-black">&lt;atinm&gt; they did?</span><br />
<span class="irc-date">[0:20]</span> <span class="irc-black">&lt;atinm&gt; I haven't seen any success reports</span><br />
<span class="irc-date">[0:20]</span> <span class="irc-black">&lt;atinm&gt; only failure.</span><br />
<span class="irc-date">[0:20]</span> <span class="irc-black">&lt;atinm&gt; I think we need to get to the bottom of it.</span><br />
<span class="irc-date">[0:20]</span> <span class="irc-black">&lt;kang&gt; yeah but i dont know if they did flash properly</span><br />
<span class="irc-date">[0:20]</span> <span class="irc-black">&lt;kang&gt; lol</span><br />
<span class="irc-date">[0:20]</span> <span class="irc-black">&lt;atinm&gt; if it is your kernel and ours, its a problem.</span><br />
<span class="irc-date">[0:21]</span> <span class="irc-black">&lt;kang&gt; my kernel is like.. super close to cm7 anyway</span><br />
<span class="irc-date">[0:21]</span> <span class="irc-black">&lt;atinm&gt; yeah, but I was first thinking it was just my build.</span><br />
<span class="irc-date">[0:21]</span> <span class="irc-black">&lt;techmik67&gt; i am booted on the posted cap nightyl</span><br />
<span class="irc-date">[0:21]</span> <span class="irc-black">&lt;techmik67&gt; nightly</span><br />
<span class="irc-date">[0:21]</span> <span class="irc-black">&lt;techmik67&gt; says atin in kernel</span><br />
<span class="irc-date">[0:22]</span> <span class="irc-black">&lt;atinm&gt; oh, gehzumteufel</span><br />
<span class="irc-date">[0:22]</span> <span class="irc-black">&lt;atinm&gt; wipe cache and dalvik cache</span><br />
<span class="irc-date">[0:22]</span> <span class="irc-black">&lt;atinm&gt; and then reboot</span><br />
<span class="irc-date">[0:22]</span> <span class="irc-black">&lt;atinm&gt; if you can get into recovery</span><br />
<span class="irc-date">[0:22]</span> <span class="irc-black">&lt;codeworkx&gt; on i9k its a atin kernel too</span><br />
<span class="irc-date">[0:22]</span> <span class="irc-black">&lt;atinm&gt; you could get into recovery, right?</span><br />
<span class="irc-date">[0:22]</span> <span class="irc-black">&lt;atinm&gt; basically do all the wipes we tell ppl to do but never do ourselves...</span><br />
<span class="irc-date">[0:23]</span> <span class="irc-black">&lt;gehzumteufel&gt; I can't get into recovery</span><br />
<span class="irc-date">[0:23]</span> <span class="irc-black">&lt;atinm&gt; 3 button no go?</span><br />
<span class="irc-date">[0:23]</span> <span class="irc-black">&lt;gehzumteufel&gt; Nope</span><br />
<span class="irc-date">[0:23]</span> <span class="irc-black">&lt;gehzumteufel&gt; Download mode is all I can get to</span><br />
<span class="irc-date">[0:23]</span> <span class="irc-black">&lt;atinm&gt; crap, kernel fucked then</span><br />
<span class="irc-date">[0:23]</span> <span class="irc-black">&lt;gehzumteufel&gt; Yeah</span><br />
<span class="irc-date">[0:23]</span> <span class="irc-black">&lt;atinm&gt; or initramfs</span><br />
<span class="irc-date">[0:24]</span> <span class="irc-black">&lt;codeworkx&gt; missed some stuff?</span><br />
<span class="irc-date">[0:24]</span> <span class="irc-black">&lt;atinm&gt; I dunno, didn't think so.</span><br />
<span class="irc-date">[0:24]</span> <span class="irc-black">&lt;atinm&gt; same files always get checked in to everything..</span><br />
<span class="irc-date">[0:25]</span> <span class="irc-black">&lt;atinm&gt; but can you check the commits?</span><br />
<span class="irc-date">[0:25]</span> <span class="irc-black">&lt;atinm&gt; while I do it as well</span><br />
<span class="irc-date">[0:25]</span> <span class="irc-black">&lt;atinm&gt; more eyes looking the better.</span><br />
<span class="irc-date">[0:25]</span> <span class="irc-black">&lt;codeworkx&gt; my eyes are bad, but i'll try</span><br />
<span class="irc-date">[0:27]</span> <span class="irc-black">&lt;atinm&gt; device commits look the same</span><br />
<span class="irc-date">[0:27]</span> <span class="irc-black">&lt;zacharias|busy&gt; atinm, <a href="http://forum.xda-developers.com/showpost.php?p=13448721&amp;postcount=75">http://forum.xda-developers.com/showpost.php?p=13448721&amp;postcount=75</a></span><br />
<span class="irc-date">[0:28]</span> <span class="irc-black">&lt;atinm&gt; yeah, but vibrant isn't even getting into recovery</span><br />
<span class="irc-date">[0:28]</span> <span class="irc-black">&lt;zacharias|busy&gt; then it's probably the kernel</span><br />
<span class="irc-date">[0:28]</span> <span class="irc-navy">* ciwrl|bbl (~ciwrl@pool-173-79-20-88.washdc.fios.verizon.net) Quit (Quit: brb)</span><br />
<span class="irc-date">[0:29]</span> <span class="irc-black">&lt;atinm&gt; no, definitely not. Its the phone app.</span><br />
<span class="irc-date">[0:29]</span> <span class="irc-black">&lt;atinm&gt; actually, its the FFC on vibrant</span><br />
<span class="irc-date">[0:29]</span> <span class="irc-black">&lt;atinm&gt; ..</span><br />
<span class="irc-date">[0:29]</span> <span class="irc-black">&lt;gehzumteufel&gt; haha</span><br />
<span class="irc-date">[0:29]</span> <span class="irc-black">&lt;Unhelpful&gt; atinm: i should write something to unpack shbootimg, maybe? would be helpful for checking :)</span><br />
<span class="irc-date">[0:30]</span> <span class="irc-black">&lt;atinm&gt; yeah ..</span><br />
<span class="irc-date">[0:30]</span> <span class="irc-green">* teamhacksung (~teamhacks@sh1-ext.rs.github.com) has joined this channel.</span><br />
<span class="irc-date">[0:30]</span> <span class="irc-black">&lt;teamhacksung&gt; android_device_samsung_vibrant: gingerbread Daniel Hillenbrand * 028b4c0 (1 files in 1 dirs): BoardConfig.mk: added TARGET_PREBUILT_KERNEL - <a href="http://bit.ly/mrdvCT">http://bit.ly/mrdvCT</a></span><br />
<span class="irc-date">[0:30]</span> <span class="irc-green">* teamhacksung (~teamhacks@sh1-ext.rs.github.com) has left this channel.</span><br />
<span class="irc-date">[0:30]</span> <span class="irc-black">&lt;atinm&gt; wtf.</span><br />
<span class="irc-date">[0:30]</span> <span class="irc-black">&lt;atinm&gt; really?!</span><br />
<span class="irc-date">[0:30]</span> <span class="irc-black">&lt;zacharias|busy&gt; ah - the fixes that Guiper added so that it wouldn't bootloop ?</span><br />
<span class="irc-date">[0:30]</span> <span class="irc-black">&lt;codeworkx&gt; ya</span><br />
<span class="irc-date">[0:30]</span> <span class="irc-black">&lt;atinm&gt; lol :)</span><br />
<span class="irc-date">[0:31]</span> <span class="irc-black">&lt;atinm&gt; ok, rebuilding.</span><br />
<span class="irc-date">[0:31]</span> <span class="irc-black">&lt;codeworkx&gt; atinm: there's much more missing</span><br />
<span class="irc-date">[0:31]</span> <span class="irc-black">&lt;codeworkx&gt; wait</span><br />
<span class="irc-date">[0:31]</span> <span class="irc-black">&lt;atinm&gt; maybe I should just copy captivate and globalreplace with vibrant</span><br />
<span class="irc-date">[0:32]</span> <span class="irc-green">* wergeld (~leviathan@cpe-173-170-151-39.tampabay.res.rr.com) has joined this channel.</span><br />
<span class="irc-date">[0:32]</span> <span class="irc-black">&lt;Kaik541&gt; be better to take galaxys for that</span><br />
<span class="irc-date">[0:32]</span> <span class="irc-black">&lt;wergeld&gt; evening.</span><br />
<span class="irc-date">[0:32]</span> <span class="irc-black">&lt;atinm&gt; yeah</span><br />
<span class="irc-date">[0:32]</span> <span class="irc-black">&lt;atinm&gt; oh jeez</span><br />
<span class="irc-date">[0:32]</span> <span class="irc-black">&lt;atinm&gt; frameworks just changed upstream</span><br />
<span class="irc-date">[0:32]</span> <span class="irc-black">&lt;atinm&gt; fuxk</span><br />
<span class="irc-date">[0:33]</span> <span class="irc-black">&lt;Unhelpful&gt; FFFFFFFFFFFFUUUUUUUUUUUUUUUUU ;)</span><br />
<span class="irc-date">[0:33]</span> <span class="irc-black">&lt;techmik67&gt; wimax</span><br />
<span class="irc-date">[0:33]</span> <span class="irc-black">&lt;atinm&gt; and all kinds of shit</span><br />
<span class="irc-date">[0:33]</span> <span class="irc-black">&lt;atinm&gt; cmparts changed too</span><br />
<span class="irc-date">[0:33]</span> <span class="irc-green">* teamhacksung (~teamhacks@sh1-ext.rs.github.com) has joined this channel.</span><br />
<span class="irc-date">[0:33]</span> <span class="irc-black">&lt;atinm&gt; ugh.</span><br />
<span class="irc-date">[0:33]</span> <span class="irc-black">&lt;teamhacksung&gt; android_device_samsung_vibrant: gingerbread Daniel Hillenbrand * dc8e808 (1 files in 1 dirs): vibrant.mk: fixes for prebuilt kernel - <a href="http://bit.ly/kGmQVk">http://bit.ly/kGmQVk</a></span><br />
<span class="irc-date">[0:33]</span> <span class="irc-green">* teamhacksung (~teamhacks@sh1-ext.rs.github.com) has left this channel.</span><br />
<span class="irc-date">[0:34]</span> <span class="irc-black">&lt;atinm&gt; wait, vibrant doesn't have an asound.conf?</span><br />
<span class="irc-date">[0:34]</span> <span class="irc-black">&lt;codeworkx&gt; ready</span><br />
<span class="irc-date">[0:35]</span> <span class="irc-black">&lt;gehzumteufel&gt; So should I resync and build?</span><br />
<span class="irc-date">[0:35]</span> <span class="irc-black">&lt;atinm&gt; diff galaxys.mk and vibrant.mk</span><br />
<span class="irc-date">[0:35]</span> <span class="irc-black">&lt;atinm&gt; device/samsung/galaxys/asound.conf:system/etc/asound.conf \</span><br />
<span class="irc-date">[0:35]</span> <span class="irc-black">&lt;atinm&gt; is missing on vibrant</span><br />
<span class="irc-date">[0:36]</span> <span class="irc-black">&lt;atinm&gt; aries-keypad is also missing on vibrant - want to confirm</span><br />
<span class="irc-date">[0:36]</span> <span class="irc-black">&lt;atinm&gt; that this is correct</span><br />
<span class="irc-date">[0:36]</span> <span class="irc-navy">* wergeld (~leviathan@cpe-173-170-151-39.tampabay.res.rr.com) Quit (Quit: Leaving)</span><br />
<span class="irc-date">[0:36]</span> <span class="irc-black">&lt;atinm&gt; or is it the other way around</span><br />
<span class="irc-date">[0:36]</span> <span class="irc-brick">* gehzumteufel has no clue</span><br />
<span class="irc-date">[0:36]</span> <span class="irc-black">&lt;atinm&gt; yeah, galaxys is missing asound.conf</span><br />
<span class="irc-date">[0:36]</span> <span class="irc-black">&lt;atinm&gt; no no..</span><br />
<span class="irc-date">[0:36]</span> <span class="irc-black">&lt;atinm&gt; jeez.</span><br />
<span class="irc-date">[0:36]</span> <span class="irc-black">&lt;atinm&gt; can't read diff now</span><br />
<span class="irc-date">[0:36]</span> <span class="irc-black">&lt;gehzumteufel&gt; hahaha</span><br />
<span class="irc-date">[0:36]</span> <span class="irc-green">* teamhacksung (~teamhacks@sh1-ext.rs.github.com) has joined this channel.</span><br />
<span class="irc-date">[0:36]</span> <span class="irc-black">&lt;teamhacksung&gt; android_device_samsung_vibrant: gingerbread Daniel Hillenbrand * a4e6a88 (1 files in 1 dirs): vibrant.mk: asound.conf - <a href="http://bit.ly/jQWrcQ">http://bit.ly/jQWrcQ</a></span><br />
<span class="irc-date">[0:36]</span> <span class="irc-green">* teamhacksung (~teamhacks@sh1-ext.rs.github.com) has left this channel.</span><br />
<span class="irc-date">[0:36]</span> <span class="irc-black">&lt;gehzumteufel&gt; brb gonna do some work related stuff for a bit</span><br />
<span class="irc-date">[0:37]</span> <span class="irc-black">&lt;zacharias|busy&gt; for me it doesn't even build: wimax errors</span><br />
<span class="irc-date">[0:37]</span> <span class="irc-black">&lt;zacharias|busy&gt; (the android system - not kernel)</span><br />
<span class="irc-date">[0:37]</span> <span class="irc-black">&lt;atinm&gt; device/samsung/galaxys/aries-keypad.kl:system/usr/keylayout/aries-keypad.kl \</span><br />
<span class="irc-date">[0:37]</span> <span class="irc-black">&lt;atinm&gt; should vibrant have that?</span><br />
<span class="irc-date">[0:38]</span> <span class="irc-black">&lt;atinm&gt; what doesn't build?</span><br />
<span class="irc-date">[0:38]</span> <span class="irc-black">&lt;atinm&gt; codeworkx, don't repo sync</span><br />
<span class="irc-date">[0:38]</span> <span class="irc-black">&lt;atinm&gt; in case you need to do the vibrant build</span><br />
<span class="irc-date">[0:38]</span> <span class="irc-green">* ciwrl (~ciwrl@pool-96-255-81-2.washdc.fios.verizon.net) has joined this channel.</span><br />
<span class="irc-date">[0:38]</span> <span class="irc-black">&lt;codeworkx&gt; atinm: yes it should</span><br />
<span class="irc-date">[0:38]</span> <span class="irc-black">&lt;zacharias|busy&gt; target Java: android.test.runner (out/target/common/obj/JAVA_LIBRARIES/android.test.runner_intermediates/classes)</span><br />
<span class="irc-date">[0:38]</span> <span class="irc-black">&lt;zacharias|busy&gt; packages/apps/CMParts/src/com/cyanogenmod/cmparts/activities/PowerWidgetActivity.java:20: package com.android.wimax does not exist</span><br />
<span class="irc-date">[0:38]</span> <span class="irc-black">&lt;zacharias|busy&gt; import com.android.wimax.WimaxConstants;</span><br />
<span class="irc-date">[0:39]</span> <span class="irc-black">&lt;codeworkx&gt; atinm: i'll fix it</span><br />
<span class="irc-date">[0:39]</span> <span class="irc-black">&lt;atinm&gt; ok</span><br />
<span class="irc-date">[0:39]</span> <span class="irc-black">&lt;zacharias|busy&gt; and at the end:</span><br />
<span class="irc-date">[0:39]</span> <span class="irc-black">&lt;zacharias|busy&gt; Note: Some input files use or override a deprecated API.</span><br />
<span class="irc-date">[0:39]</span> <span class="irc-black">&lt;zacharias|busy&gt; Note: Recompile with -Xlint:deprecation for details.</span><br />
<span class="irc-date">[0:39]</span> <span class="irc-black">&lt;zacharias|busy&gt; 3 errors</span><br />
<span class="irc-date">[0:39]</span> <span class="irc-black">&lt;zacharias|busy&gt; make: *** [out/target/common/obj/APPS/CMParts_intermediates/classes-full-debug.jar] Error 41</span><br />
<span class="irc-date">[0:39]</span> <span class="irc-black">&lt;zacharias|busy&gt; make: *** Waiting for unfinished jobs....</span><br />
<span class="irc-date">[0:39]</span> <span class="irc-black">&lt;atinm&gt; I think you're going to have to build vibrant too</span><br />
<span class="irc-date">[0:39]</span> <span class="irc-black">&lt;codeworkx&gt; np</span><br />
<span class="irc-date">[0:39]</span> <span class="irc-black">&lt;gehzumteufel&gt; zacharias|busy: Use pastebin</span><br />
<span class="irc-date">[0:39]</span> <span class="irc-black">&lt;atinm&gt; because upstream changed too much</span><br />
<span class="irc-date">[0:39]</span> <span class="irc-black">&lt;zacharias|busy&gt; gehzumteufel ok</span><br />
<span class="irc-date">[0:39]</span> <span class="irc-black">&lt;atinm&gt; and I'm sure its is fuxked</span><br />
<span class="irc-date">[0:40]</span> <span class="irc-black">&lt;zacharias|busy&gt; <a href="http://pastebin.com/Zrza5y5y">http://pastebin.com/Zrza5y5y</a></span><br />
<span class="irc-date">[0:41]</span> <span class="irc-black">&lt;codeworkx&gt; vibrant has 4 touchkeys?</span><br />
<span class="irc-date">[0:42]</span> <span class="irc-black">&lt;atinm&gt; gehzumteufel: &gt;</span><br />
<span class="irc-date">[0:42]</span> <span class="irc-black">&lt;gehzumteufel&gt; Yes</span><br />
<span class="irc-date">[0:42]</span> <span class="irc-black">&lt;gehzumteufel&gt; it does</span><br />
<span class="irc-date">[0:42]</span> <span class="irc-black">&lt;gehzumteufel&gt; There is no center pad like the i9k</span><br />
<span class="irc-date">[0:42]</span> <span class="irc-black">&lt;atinm&gt; tho I guess it has been workign without aries-keypad all this while</span><br />
<span class="irc-date">[0:42]</span> <span class="irc-black">&lt;atinm&gt; so maybe we can leave it out</span><br />
<span class="irc-date">[0:42]</span> <span class="irc-green">* teamhacksung (~teamhacks@sh1-ext.rs.github.com) has joined this channel.</span><br />
<span class="irc-date">[0:42]</span> <span class="irc-black">&lt;teamhacksung&gt; android_device_samsung_vibrant: gingerbread codeworkx * 0c4722e (1 files in 1 dirs): added missing keylayout file - <a href="http://bit.ly/k56XMo">http://bit.ly/k56XMo</a></span><br />
<span class="irc-date">[0:42]</span> <span class="irc-green">* teamhacksung (~teamhacks@sh1-ext.rs.github.com) has left this channel.</span><br />
<span class="irc-date">[0:43]</span> <span class="irc-black">&lt;atinm&gt; but asound.conf might fix the stupid sound in a well thing they have</span><br />
<span class="irc-date">[0:43]</span> <span class="irc-black">&lt;codeworkx&gt; already added</span><br />
<span class="irc-date">[0:43]</span> <span class="irc-black">&lt;atinm&gt; great. build and lest see :)</span><br />
<span class="irc-date">[0:43]</span> <span class="irc-black">&lt;gehzumteufel&gt; codeworkx: <a href="http://www.byemobile.com/bigimages/Samsung/Vibrant%20T959%20Galaxy%20S/1.jpg">http://www.byemobile.com/bigimages/Samsung/Vibrant%20T959%20Galaxy%20S/1.jpg</a></span><br />
<span class="irc-date">[0:44]</span> <span class="irc-black">&lt;gehzumteufel&gt; brb gotta get this stuff entered</span><br />
<span class="irc-date">[0:48]</span> <span class="irc-black">&lt;codeworkx&gt; yay, my clock on ubuntu is fuct</span><br />
<span class="irc-date">[0:48]</span> <span class="irc-black">&lt;codeworkx&gt; still 0503</span><br />
<span class="irc-date">[0:48]</span> <span class="irc-black">&lt;codeworkx&gt; thats good xD</span><br />
<span class="irc-date">[0:48]</span> <span class="irc-black">&lt;codeworkx&gt; so no one will realise this disaster</span><br />
<span class="irc-date">[0:49]</span> <span class="irc-black">&lt;atinm&gt; lol :)</span><br />
<span class="irc-date">[0:49]</span> <span class="irc-black">&lt;atinm&gt; great</span><br />
<span class="irc-date">[0:49]</span> <span class="irc-black">&lt;atinm&gt; if coolya ever comes in, I have to ask him to mail me the vibrant until he gets back to programming it</span><br />
<span class="irc-date">[0:50]</span> <span class="irc-black">&lt;atinm&gt; cool all the massachusetts house reps and senators I wrote to about online poker responded</span><br />
<span class="irc-date">[0:50]</span> <span class="irc-green">* teamhacksung (~teamhacks@sh1-ext.rs.github.com) has joined this channel.</span><br />
<span class="irc-date">[0:50]</span> <span class="irc-black">&lt;teamhacksung&gt; android_device_samsung_vibrant: gingerbread codeworkx * 6f23df0 (4 files in 1 dirs): updated kernel and modules - <a href="http://bit.ly/k5GCOr">http://bit.ly/k5GCOr</a></span><br />
<span class="irc-date">[0:50]</span> <span class="irc-green">* teamhacksung (~teamhacks@sh1-ext.rs.github.com) has left this channel.</span><br />
<span class="irc-date">[0:50]</span> <span class="irc-black">&lt;atinm&gt; with actual appropriate emals.</span><br />
<span class="irc-date">[0:51]</span> <span class="irc-black">&lt;atinm&gt; basically saying that they tried to legalize it before and will again</span><br />
<span class="irc-date">[0:51]</span> <span class="irc-black">&lt;atinm&gt; citing the references etc</span><br />
<span class="irc-date">[0:51]</span> <span class="irc-black">&lt;atinm&gt; they have my vote!</span><br />
<span class="irc-date">[0:51]</span> <span class="irc-black">&lt;atinm&gt; tho the republican senator was the first to respond with the most intelligent respond.</span><br />
<span class="irc-date">[0:51]</span> <span class="irc-black">&lt;atinm&gt; so I'm torn.</span><br />
<span class="irc-date">[0:51]</span> <span class="irc-black">&lt;atinm&gt; there was never any way I was going to vote for him :)</span><br />
<span class="irc-date">[0:52]</span> <span class="irc-black">&lt;atinm&gt; but he's trying to actually be a centrist</span><br />
<span class="irc-date">[0:52]</span> <span class="irc-black">&lt;atinm&gt; so I have to say I will try to actually look at him objectively.</span><br />
<span class="irc-date">[0:52]</span> <span class="irc-black">&lt;atinm&gt; that's all he can ask of me. now if he actually got it legalized for me to play poker online, that would be cool</span><br />
<span class="irc-date">[0:55]</span> <span class="irc-black">&lt;gehzumteufel&gt; +1</span><br />
<span class="irc-date">[0:55]</span> <span class="irc-black">&lt;gehzumteufel&gt; Shit needs to be legal</span><br />
<span class="irc-date">[0:56]</span> <span class="irc-black">&lt;codeworkx&gt; boot.img 3,7mb, updater-script is fine.. seesm to be good</span><br />
<span class="irc-date">[0:56]</span> <span class="irc-black">&lt;atinm&gt; upload somewhere so gehzumteufel can test it</span><br />
<span class="irc-date">[0:57]</span> <span class="irc-black">&lt;atinm&gt; don't put it up yet :)</span><br />
<span class="irc-date">[0:57]</span> <span class="irc-black">&lt;gehzumteufel&gt; *gets on his coworkers windows box to flash a kernel to revive his phone*</span><br />
<span class="irc-date">[0:57]</span> <span class="irc-black">&lt;codeworkx&gt; i'm sure its working</span><br />
<span class="irc-date">[0:57]</span> <span class="irc-black">&lt;atinm&gt; ...</span><br />
<span class="irc-date">[0:57]</span> <span class="irc-black">&lt;gehzumteufel&gt; That's what was presumed before</span><br />
<span class="irc-date">[0:57]</span> <span class="irc-black">&lt;codeworkx&gt; did a diff on vibrant and galaxys.</span><br />
<span class="irc-date">[0:57]</span> <span class="irc-black">&lt;atinm&gt; I epenis shrunk a little after that disaster.</span><br />
<span class="irc-date">[0:57]</span> <span class="irc-black">&lt;gehzumteufel&gt; And my Vibrant is borked</span><br />
<span class="irc-date">[0:58]</span> <span class="irc-black">&lt;gehzumteufel&gt; lol</span><br />
<span class="irc-date">[0:58]</span> <span class="irc-black">&lt;codeworkx&gt; blame unhelpful ;-)</span><br />
<span class="irc-date">[0:58]</span> <span class="irc-black">&lt;codeworkx&gt; gehzumteufel: wanna have the boot.img for odin?</span><br />
<span class="irc-date">[0:58]</span> <span class="irc-black">&lt;atinm&gt; its ok, I have to get back to normal so I have the epenis to submit to review the two changes to system/core and bootable/recovery</span><br />
<span class="irc-date">[0:59]</span> <span class="irc-black">&lt;atinm&gt; btw, build worked fine for me.</span><br />
<span class="irc-date">[0:59]</span> <span class="irc-black">&lt;atinm&gt; with the new crap</span><br />
<span class="irc-date">[0:59]</span> <span class="irc-black">&lt;atinm&gt; so dunno what zacharias|busy say</span><br />
<span class="irc-date">[0:59]</span> <span class="irc-black">&lt;atinm&gt; saw</span><br />
<span class="irc-date">[0:59]</span> <span class="irc-black">&lt;atinm&gt; worked fine in that it built</span><br />
