<span class="irc-date">[0:00]</span> <span class="irc-black">&lt;Unhelpful&gt; yeah. that. :)</span><br />
<span class="irc-date">[0:00]</span> <span class="irc-black">&lt;atinm&gt; except framework :)</span><br />
<span class="irc-date">[0:00]</span> <span class="irc-black">&lt;atinm&gt; that they put stupid hacks in framework still gets me mad..</span><br />
<span class="irc-date">[0:01]</span> <span class="irc-black">&lt;Unhelpful&gt; i want compass working. i don't even *really* care about throwing away the work i did on it - it was frustrating, but a good learning experience. i learned roughly three new kinds of math i didn't know before. :P</span><br />
<span class="irc-date">[0:01]</span> <span class="irc-black">&lt;atinm&gt; damn... I thought there was only the 1</span><br />
<span class="irc-date">[0:01]</span> <span class="irc-black">&lt;atinm&gt; or ok, 2.</span><br />
<span class="irc-date">[0:02]</span> <span class="irc-black">&lt;atinm&gt; wife tells me there are more</span><br />
<span class="irc-date">[0:02]</span> <span class="irc-black">&lt;atinm&gt; I call it sci-fi</span><br />
<span class="irc-date">[0:02]</span> <span class="irc-black">&lt;atinm&gt; and let it go</span><br />
<span class="irc-date">[0:02]</span> <span class="irc-black">&lt;Unhelpful&gt; make it one or two, i guess. i never did put the quaternion stuff to real use, since i found out the compass data was garbage.</span><br />
<span class="irc-date">[0:03]</span> <span class="irc-black">&lt;atinm&gt; I remember the time my wife came home all excited about quaternions</span><br />
<span class="irc-date">[0:03]</span> <span class="irc-black">&lt;Unhelpful&gt; also the orentiation sensor events are deprecated - api doc says give raw geomagnetic and accelerometer to getRotationMatrix.</span><br />
<span class="irc-date">[0:03]</span> <span class="irc-black">&lt;Unhelpful&gt; there are a few dozen *really neat* thinks about Qs</span><br />
<span class="irc-date">[0:03]</span> <span class="irc-black">&lt;Unhelpful&gt; especially when you realize that they can be formulated as an extension to the complex numbers in the same way that complex extends real. :)</span><br />
<span class="irc-date">[0:04]</span> <span class="irc-black">&lt;atinm&gt; see math makes you smile</span><br />
<span class="irc-date">[0:04]</span> <span class="irc-black">&lt;atinm&gt; math makes me . . . well, not cringe.</span><br />
<span class="irc-date">[0:04]</span> <span class="irc-black">&lt;atinm&gt; but close enough not to matter.</span><br />
<span class="irc-date">[0:04]</span> <span class="irc-black">&lt;Unhelpful&gt; if she doesn't know about cayley-dickson construction i know some new exciting things about quaternions for her.</span><br />
<span class="irc-date">[0:05]</span> <span class="irc-black">&lt;atinm&gt; I'll ask - but she will most probably laugh at me . . .</span><br />
<span class="irc-date">[0:05]</span> <span class="irc-black">&lt;atinm&gt; she does that</span><br />
<span class="irc-date">[0:05]</span> <span class="irc-black">&lt;atinm&gt; its an MIT thing ...</span><br />
<span class="irc-date">[0:06]</span> <span class="irc-black">&lt;atinm&gt; many of them learned to laugh at mortals early. she's overcome it mostly :)</span><br />
<span class="irc-date">[0:06]</span> <span class="irc-black">&lt;atinm&gt; now it only comes out at me.</span><br />
<span class="irc-date">[0:06]</span> <span class="irc-black">&lt;atinm&gt; but she still defers to me when it comes to raw coding :)</span><br />
<span class="irc-date">[0:07]</span> <span class="irc-black">&lt;atinm&gt; so I'm good for something.</span><br />
<span class="irc-date">[0:07]</span> <span class="irc-black">&lt;atinm&gt; wth am I doing with two fleetwood mac "the dance" cds.</span><br />
<span class="irc-date">[0:08]</span> <span class="irc-black">&lt;atinm&gt; (great guitarist lindsey buckingham - under-appreciated)</span><br />
<span class="irc-date">[0:09]</span> <span class="irc-black">&lt;atinm&gt; still not worth two of the same cd tho</span><br />
<span class="irc-date">[0:09]</span> <span class="irc-black">&lt;atinm&gt; wonder how that happened.</span><br />
<span class="irc-date">[0:09]</span> <span class="irc-black">&lt;atinm&gt; and whose this is :)</span><br />
<span class="irc-date">[0:10]</span> <span class="irc-black">&lt;atinm&gt; git status</span><br />
<span class="irc-date">[0:10]</span> <span class="irc-black">&lt;atinm&gt; my keyboard is acting flaky . . . hanging every now and then</span><br />
<span class="irc-date">[0:11]</span> <span class="irc-black">&lt;atinm&gt; ever since I hooked up the phone to the mac's usb port instead of the linux box</span><br />
<span class="irc-date">[0:15]</span> <span class="irc-black">&lt;Unhelpful&gt; i don't, i got the impression it is not strictly required to use quaternions... i only happened on it a week or two in.</span><br />
<span class="irc-date">[0:15]</span> <span class="irc-black">&lt;Unhelpful&gt; don't know. geez. need sleeeeeep.</span><br />
<span class="irc-date">[0:23]</span> <span class="irc-black">&lt;Scepterr|AFK&gt; you guys working on merging into cm repo ?</span><br />
<span class="irc-date">[0:23]</span> <span class="irc-black">&lt;atinm&gt; Scepterr|AFK: you have been afk for months.</span><br />
<span class="irc-date">[0:24]</span> <span class="irc-black">&lt;atinm&gt; and we have been merging, we're down to one tiny thing and then just sgs specific stuff</span><br />
<span class="irc-date">[0:24]</span> <span class="irc-black">&lt;Scepterr|AFK&gt; lol its cut off on my screen</span><br />
<span class="irc-date">[0:24]</span> <span class="irc-black">&lt;Scepterr|AFK&gt; totally forgot about it</span><br />
<span class="irc-date">[0:24]</span> <span class="irc-green">* Scepterr|AFK is now known as Scepterr</span><br />
<span class="irc-date">[0:24]</span> <span class="irc-black">&lt;atinm&gt; we want to get some other stuff working before we push up the rest</span><br />
<span class="irc-date">[0:24]</span> <span class="irc-black">&lt;atinm&gt; the sgs specific stuff</span><br />
<span class="irc-date">[0:24]</span> <span class="irc-black">&lt;atinm&gt; we wnat to get reboot/recovery working and ROM Manager integrated that way</span><br />
<span class="irc-date">[0:25]</span> <span class="irc-black">&lt;atinm&gt; and other issues related to samsung</span><br />
<span class="irc-date">[0:25]</span> <span class="irc-black">&lt;atinm&gt; but nothing merge thorny</span><br />
<span class="irc-date">[0:25]</span> <span class="irc-black">&lt;Scepterr&gt; cool</span><br />
<span class="irc-date">[0:25]</span> <span class="irc-black">&lt;Scepterr&gt; vibrant gps working ?</span><br />
<span class="irc-date">[0:25]</span> <span class="irc-black">&lt;atinm&gt; umm, dunno. dont' think so.</span><br />
<span class="irc-date">[0:25]</span> <span class="irc-black">&lt;atinm&gt; or no better than before? I don't really know</span><br />
<span class="irc-date">[0:26]</span> <span class="irc-black">&lt;atinm&gt; oh, you will notice koush hangs out here now so he can see when we have a pending merge he needs to look at</span><br />
<span class="irc-date">[0:26]</span> <span class="irc-black">&lt;atinm&gt; so we're moving faster now :)</span><br />
<span class="irc-date">[0:26]</span> <span class="irc-black">&lt;atinm&gt; (and sort of driven to get this done)</span><br />
<span class="irc-date">[0:27]</span> <span class="irc-black">&lt;atinm&gt; unhelpful has two things on his plate tho . . . sensors and getting initramfs confusion fixed.</span><br />
<span class="irc-date">[0:27]</span> <span class="irc-black">&lt;atinm&gt; unhelpful - initramfs stuff - committed anywhere so I can start on it too?</span><br />
<span class="irc-date">[0:27]</span> <span class="irc-black">&lt;Unhelpful&gt; atinm: the files i linked earlier are really the *whole* think - a python script and a ready-made initramfs</span><br />
<span class="irc-date">[0:28]</span> <span class="irc-black">&lt;atinm&gt; I have to find the link again</span><br />
<span class="irc-date">[0:29]</span> <span class="irc-black">&lt;atinm&gt; actually, how about you link me again :)</span><br />
<span class="irc-date">[0:30]</span> <span class="irc-black">&lt;atinm&gt; or techmik, kaik.</span><br />
<span class="irc-date">[0:30]</span> <span class="irc-black">&lt;atinm&gt; i can't find it</span><br />
<span class="irc-date">[0:31]</span> <span class="irc-black">&lt;atinm&gt; ok, I need to fix this. I have one Police CD.</span><br />
<span class="irc-date">[0:31]</span> <span class="irc-black">&lt;atinm&gt; but 13 Billy Joel CDs</span><br />
<span class="irc-date">[0:31]</span> <span class="irc-black">&lt;atinm&gt; even Melissa Etheridge outnumbers the Police. That just ain't right.</span><br />
<span class="irc-date">[0:33]</span> <span class="irc-black">&lt;atinm&gt; (nothign against her - I actually like her a lot, but still - this is the Police)</span><br />
<span class="irc-date">[0:34]</span> <span class="irc-black">&lt;atinm&gt; techmik, kaik - if unhelpful gives us the link to this python script again, please save it for me :) - I'm going to be fading out soon</span><br />
<span class="irc-date">[0:37]</span> <span class="irc-black">&lt;Unhelpful&gt; um, she's ok and stuff, but *the police*. :P</span><br />
<span class="irc-date">[0:38]</span> <span class="irc-black">&lt;Unhelpful&gt; &lt;Unhelpful&gt; so, new stage1 cpio is at <a href="http://looking-glass.us/~chshrcat/data.cpio">http://looking-glass.us/~chshrcat/data.cpio</a> util is at <a href="http://looking-glass.us/~chshrcat/mkshbootimg.py">http://looking-glass.us/~chshrcat/mkshbootimg.py</a> and you need to disable combined recovery and init bootmode. ;)</span><br />
<span class="irc-date">[0:38]</span> <span class="irc-black">&lt;Unhelpful&gt; 13 billy joel cds, though. i don't even have one. :/</span><br />
<span class="irc-date">[0:38]</span> <span class="irc-black">&lt;atinm&gt; I sing, he is great to sing.</span><br />
<span class="irc-date">[0:38]</span> <span class="irc-black">&lt;atinm&gt; so it sort of worked :)</span><br />
<span class="irc-date">[0:38]</span> <span class="irc-black">&lt;atinm&gt; same reason I have everything ever recorded by the Beatles</span><br />
<span class="irc-date">[0:39]</span> <span class="irc-black">&lt;atinm&gt; Sting is impossible to sing</span><br />
<span class="irc-date">[0:39]</span> <span class="irc-black">&lt;atinm&gt; he seems easy to sing, but isn't</span><br />
<span class="irc-date">[0:39]</span> <span class="irc-black">&lt;atinm&gt; a song like Roxanne</span><br />
<span class="irc-date">[0:39]</span> <span class="irc-black">&lt;atinm&gt; so simple</span><br />
<span class="irc-date">[0:40]</span> <span class="irc-black">&lt;atinm&gt; but never sounds right when I do it</span><br />
<span class="irc-date">[0:40]</span> <span class="irc-black">&lt;Unhelpful&gt; rooooooooooooooxanne</span><br />
<span class="irc-date">[0:40]</span> <span class="irc-black">&lt;atinm&gt; right. that's what it sounds like when I do it ;-)</span><br />
<span class="irc-date">[0:41]</span> <span class="irc-navy">* YeahRight (morgoth@524955F5.cm-4-2b.dynamic.ziggo.nl) Quit ()</span><br />
<span class="irc-date">[0:41]</span> <span class="irc-black">&lt;atinm&gt; funny, looking-glass</span><br />
<span class="irc-date">[0:41]</span> <span class="irc-black">&lt;atinm&gt; and cheshire cat :)</span><br />
<span class="irc-date">[0:41]</span> <span class="irc-black">&lt;Unhelpful&gt; YOU DON'T HAVE TO PUT ON THE REEEEEEED LIIIIIIIGHT</span><br />
<span class="irc-date">[0:42]</span> <span class="irc-black">&lt;atinm&gt; lol I get it - everyone thinks they can sing Sting. but there is only one Sting ;-)</span><br />
<span class="irc-date">[0:42]</span> <span class="irc-black">&lt;techmik67&gt; ok, trying this video capture tuner card stuff in linux now.... no myth tv.... anyone recommend a good and simple program to watch tv?</span><br />
<span class="irc-date">[0:43]</span> <span class="irc-navy">* Kaik541 (~Kaik541@cpe-70-112-175-254.austin.res.rr.com) Quit (Read error: Operation timed out)</span><br />
<span class="irc-date">[0:43]</span> <span class="irc-black">&lt;atinm&gt; dunno.</span><br />
<span class="irc-date">[0:43]</span> <span class="irc-black">&lt;atinm&gt; kaik maybe.</span><br />
<span class="irc-date">[0:44]</span> <span class="irc-black">&lt;Unhelpful&gt; techmik67: xawtv (no, ui is terrible)</span><br />
<span class="irc-date">[0:44]</span> <span class="irc-black">&lt;atinm&gt; did you try it in straight windows first?</span><br />
<span class="irc-date">[0:44]</span> <span class="irc-black">&lt;Unhelpful&gt; i think xine and mplayer can both play directly from a tuner - i *know* mplayer can - but really why do you have one if you're not going to run a full PVR suite? ;)</span><br />
<span class="irc-date">[0:44]</span> <span class="irc-black">&lt;techmik67&gt; how is boxee, or xbmc and yes, in ANY program in windows, the color is blaack and white</span><br />
<span class="irc-date">[0:45]</span> <span class="irc-black">&lt;atinm&gt; that sounds like a config problem</span><br />
<span class="irc-date">[0:45]</span> <span class="irc-black">&lt;techmik67&gt; wqindows media center, avermedia player that came with the tuner...</span><br />
<span class="irc-date">[0:45]</span> <span class="irc-black">&lt;techmik67&gt; km player</span><br />
<span class="irc-date">[0:45]</span> <span class="irc-black">&lt;atinm&gt; you should just call their support - you just bought it</span><br />
<span class="irc-date">[0:45]</span> <span class="irc-black">&lt;techmik67&gt; all look the same</span><br />
<span class="irc-date">[0:45]</span> <span class="irc-black">&lt;Unhelpful&gt; maybe wrong tuning? what broadcast format is this?</span><br />
<span class="irc-date">[0:45]</span> <span class="irc-black">&lt;techmik67&gt; they only have freaking email support!!</span><br />
<span class="irc-date">[0:46]</span> <span class="irc-black">&lt;techmik67&gt; comcast digital cable box going to avermedia hybrid usb tuner</span><br />
<span class="irc-date">[0:46]</span> <span class="irc-black">&lt;atinm&gt; the problem seems common - I seem to recall getting that too. check tuning - that sounds right.</span><br />
<span class="irc-date">[0:46]</span> <span class="irc-black">&lt;atinm&gt; like what frequency band and stuff</span><br />
<span class="irc-date">[0:47]</span> <span class="irc-black">&lt;techmik67&gt; easiest to play in is kmplayer</span><br />
<span class="irc-date">[0:47]</span> <span class="irc-black">&lt;techmik67&gt; sec</span><br />
<span class="irc-date">[0:47]</span> <span class="irc-black">&lt;Unhelpful&gt; Unhelpful: so, cable box outputs what?</span><br />
<span class="irc-date">[0:47]</span> <span class="irc-black">&lt;Unhelpful&gt; let me guess, RF NTSC?</span><br />
<span class="irc-date">[0:47]</span> <span class="irc-black">&lt;techmik67&gt; this is an exaple... the actaul tv on right, same cxhannnel thru kmplayer in black n white on other monitor <a href="http://dl.dropbox.com/u/10818379/livetv2.m4v">http://dl.dropbox.com/u/10818379/livetv2.m4v</a></span><br />
<span class="irc-date">[0:48]</span> <span class="irc-black">&lt;techmik67&gt; i *think* so</span><br />
<span class="irc-date">[0:49]</span> <span class="irc-black">&lt;atinm&gt; what card is this?</span><br />
<span class="irc-date">[0:49]</span> <span class="irc-black">&lt;Unhelpful&gt; techmik67: at a guess, then, i'd say this might be a tuning issue. *probably* the box is outputting antenna frequencies, and maybe you picked cable?</span><br />
<span class="irc-date">[0:49]</span> <span class="irc-black">&lt;techmik67&gt; really? box could output antenna?</span><br />
<span class="irc-date">[0:49]</span> <span class="irc-black">&lt;atinm&gt; the tuner might think it is antenna rather.</span><br />
<span class="irc-date">[0:49]</span> <span class="irc-black">&lt;techmik67&gt; <a href="http://www.compusa.com/applications/SearchTools/item-details.asp?EdpNo=3867990&amp;CatId=4546">http://www.compusa.com/applications/SearchTools/item-details.asp?EdpNo=3867990&amp;CatId=4546</a></span><br />
<span class="irc-date">[0:49]</span> <span class="irc-black">&lt;Unhelpful&gt; techmik67: yeah, if it's supposed to be the RF input for some TV, it would be a format *any* TV can tune, so probably antenna NTSC</span><br />
<span class="irc-date">[0:50]</span> <span class="irc-black">&lt;atinm&gt; oh</span><br />
<span class="irc-date">[0:50]</span> <span class="irc-black">&lt;atinm&gt; hmm</span><br />
<span class="irc-date">[0:50]</span> <span class="irc-black">&lt;techmik67&gt; so i say antenna, not cable during setup?</span><br />
<span class="irc-date">[0:50]</span> <span class="irc-black">&lt;techmik67&gt; i can try that</span><br />
<span class="irc-date">[0:50]</span> <span class="irc-black">&lt;Unhelpful&gt; the "cable" frequencies are for recieving analog cable. and maybe that's what your box sends! but i would think antenna, myself.</span><br />
<span class="irc-date">[0:56]</span> <span class="irc-black">&lt;atinm&gt; <a href="http://support.avermedia-usa.com/kb_article.php?s=6bae040d4b848e0a33256293fc468952&amp;ref=4524-EROS-3874">http://support.avermedia-usa.com/kb_article.php?s=6bae040d4b848e0a33256293fc468952&amp;ref=4524-EROS-3874</a></span><br />
<span class="irc-date">[0:56]</span> <span class="irc-black">&lt;atinm&gt; techmik</span><br />
<span class="irc-date">[0:56]</span> <span class="irc-black">&lt;atinm&gt; you must have the latest already if you just bought it</span><br />
<span class="irc-date">[0:56]</span> <span class="irc-black">&lt;atinm&gt; but worth checking</span><br />
<span class="irc-date">[0:56]</span> <span class="irc-black">&lt;techmik67&gt; i'll check, why not....</span><br />
<span class="irc-date">[0:58]</span> <span class="irc-black">&lt;techmik67&gt; goddam driver is only for 32bit!!</span><br />
<span class="irc-date">[0:58]</span> <span class="irc-black">&lt;techmik67&gt; and its newer!!</span><br />
<span class="irc-date">[1:03]</span> <span class="irc-brick">* Unhelpful has geomagneticd starting from init.</span><br />
<span class="irc-date">[1:03]</span> <span class="irc-black">&lt;atinm&gt; koush: web interface!</span><br />
<span class="irc-date">[1:03]</span> <span class="irc-black">&lt;atinm&gt; that has to be a trick question . . .</span><br />
<span class="irc-date">[1:04]</span> <span class="irc-black">&lt;Unhelpful&gt; rotate is slow imo but orientation is correct</span><br />
<span class="irc-date">[1:04]</span> <span class="irc-black">&lt;atinm&gt; and I really should just got to bed.</span><br />
<span class="irc-date">[1:07]</span> <span class="irc-black">&lt;Unhelpful&gt; aside from whether sensor position is correct or not, north direction is not consistent.</span><br />
<span class="irc-date">[1:11]</span> <span class="irc-green">* TMC_Sherpa (~jeff@c-67-173-42-196.hsd1.il.comcast.net) has joined this channel.</span><br />
<span class="irc-date">[1:11]</span> <span class="irc-black">&lt;atinm&gt; i'm going to let you wrestle with it while I go to bed. son is more exhausting than coding.</span><br />
<span class="irc-date">[1:11]</span> <span class="irc-black">&lt;atinm&gt; and I had him all day.</span><br />
<span class="irc-date">[1:12]</span> <span class="irc-green">* atinm is now known as atinm|night</span><br />
<span class="irc-date">[1:13]</span> <span class="irc-black">&lt;TMC_Sherpa&gt; that sunw link I posted wasn't the one I wanted</span><br />
<span class="irc-date">[1:15]</span> <span class="irc-black">&lt;Unhelpful&gt; techmik67: can you check out the sensors branches for device/samsung/captivate, vendor/samsung/common, and kernel, and add this patch to frameworks/base (<a href="http://pastie.org/1832695)">http://pastie.org/1832695)</a> and try it? i want to see if this is just me, but it sure looks like what i saw before.</span><br />
<span class="irc-date">[1:15]</span> <span class="irc-black">&lt;techmik67&gt; sure</span><br />
<span class="irc-date">[1:15]</span> <span class="irc-green">* techmik_laptop (~techmik@c-76-109-173-83.hsd1.fl.comcast.net) has joined this channel.</span><br />
<span class="irc-date">[1:16]</span> <span class="irc-black">&lt;TMC_Sherpa&gt; ok, maybe it was half of what I wanted <a href="http://sunsite.uakom.sk/sunworldonline/swol-12-1996/swol-12-sysadmin.html">http://sunsite.uakom.sk/sunworldonline/swol-12-1996/swol-12-sysadmin.html</a></span><br />
<span class="irc-date">[1:16]</span> <span class="irc-black">&lt;Unhelpful&gt; that patch is to get the sensors daemons running from init</span><br />
<span class="irc-date">[1:16]</span> <span class="irc-black">&lt;techmik67&gt; k</span><br />
<span class="irc-date">[1:17]</span> <span class="irc-black">&lt;Unhelpful&gt; but it looks *to me* like i still have work to do, and not just to give us an OSS alternative. this looks, to me, and to put it technically, hosed.</span><br />
<span class="irc-date">[1:18]</span> <span class="irc-black">&lt;techmik67&gt; i saved the patch as service_manager.c, on my desktop</span><br />
<span class="irc-date">[1:18]</span> <span class="irc-black">&lt;techmik67&gt; how do i apply it?</span><br />
<span class="irc-date">[1:18]</span> <span class="irc-black">&lt;techmik67&gt; only patched 1nce</span><br />
<span class="irc-date">[1:20]</span> <span class="irc-black">&lt;TMC_Sherpa&gt; dono man, the old yamaha file had very little inside it, there is a lot more math in the yas529 files and orient</span><br />
<span class="irc-date">[1:21]</span> <span class="irc-black">&lt;TMC_Sherpa&gt; man patch :P its almost easier than explaining it</span><br />
<span class="irc-date">[1:21]</span> <span class="irc-black">&lt;Unhelpful&gt; TMC_Sherpa: um, that orientation.c driver has *no* math. i can't even figure out where the data comes from that it reports.</span><br />
<span class="irc-date">[1:22]</span> <span class="irc-black">&lt;TMC_Sherpa&gt; well yas anyway</span><br />
<span class="irc-date">[1:24]</span> <span class="irc-black">&lt;atinm|night&gt; techmik67: just cut/paste those two lines ;-)</span><br />
<span class="irc-date">[1:24]</span> <span class="irc-black">&lt;Unhelpful&gt; it, um, really looks pretty much the same to me.</span><br />
<span class="irc-date">[1:24]</span> <span class="irc-black">&lt;atinm|night&gt; without the + in front</span><br />
<span class="irc-date">[1:25]</span> <span class="irc-black">&lt;atinm|night&gt; nononono not frameworks/base.</span><br />
<span class="irc-date">[1:25]</span> <span class="irc-black">&lt;atinm|night&gt; dang it.</span><br />
<span class="irc-date">[1:25]</span> <span class="irc-black">&lt;atinm|night&gt; law of conservation of pending gerrits strikes again</span><br />
<span class="irc-date">[1:25]</span> <span class="irc-black">&lt;techmik67&gt; figures</span><br />
<span class="irc-date">[1:26]</span> <span class="irc-black">&lt;atinm|night&gt; we were *so* close to 0;.</span><br />
<span class="irc-date">[1:26]</span> <span class="irc-black">&lt;atinm|night&gt; well, g'nite guys.</span><br />
<span class="irc-date">[1:26]</span> <span class="irc-black">&lt;TMC_Sherpa&gt; yas vs the old yamaha? way more functions in yas although I haven't looked at them very hard</span><br />
<span class="irc-date">[1:26]</span> <span class="irc-black">&lt;TMC_Sherpa&gt; O7</span><br />
<span class="irc-date">[1:26]</span> <span class="irc-black">&lt;atinm|night&gt; leave you to hold the fort :)</span><br />
<span class="irc-date">[1:27]</span> <span class="irc-black">&lt;Unhelpful&gt; TMC_Sherpa: no, vs the yas529.c we've *been* using - it's basically the same, just in drivers/input/misc instead of drivers/misc</span><br />
<span class="irc-date">[1:27]</span> <span class="irc-black">&lt;TMC_Sherpa&gt; oooh gotcha</span><br />
<span class="irc-date">[1:28]</span> <span class="irc-black">&lt;Unhelpful&gt; and none of the correction stuff has ever been in-kernel.</span><br />
<span class="irc-date">[1:30]</span> <span class="irc-black">&lt;Unhelpful&gt; i don't know what method they used for bias estimation, i think it's different from the ones i've been toying with, but either is clearly not fit for kernelspace. ;)</span><br />
<span class="irc-date">[1:32]</span> <span class="irc-black">&lt;TMC_Sherpa&gt; oh I know, it just looked to me like they added a bunch of function calls you could hook into rather than trying to figure out what math they used</span><br />
<span class="irc-date">[1:33]</span> <span class="irc-black">&lt;TMC_Sherpa&gt; you've stared at it much longer than i have</span><br />
<span class="irc-date">[1:35]</span> <span class="irc-black">&lt;Unhelpful&gt; nah, not really. the userspace component has *all* of the calibration stuff. i can get through where it reads data and then OPAQUE WALL OF MATHS</span><br />
<span class="irc-date">[1:35]</span> <span class="irc-black">&lt;TMC_Sherpa&gt; thats the best kind of maths</span><br />
<span class="irc-date">[1:37]</span> <span class="irc-black">&lt;Unhelpful&gt; ...yeah, BLUH BLUH EIGENVECTOR THINGY...</span><br />
<span class="irc-date">[1:41]</span> <span class="irc-black">&lt;techmik67&gt; sorry about the delay, i am still syncing from when atinm told me to rm kernel, device and vendor =)</span><br />
<span class="irc-date">[1:42]</span> <span class="irc-black">&lt;TMC_Sherpa&gt; takes for ever, not much you can do about it</span><br />
<span class="irc-date">[1:42]</span> <span class="irc-black">&lt;techmik67&gt; i know</span><br />
<span class="irc-date">[1:42]</span> <span class="irc-black">&lt;techmik67&gt; not much longer</span><br />
<span class="irc-date">[1:42]</span> <span class="irc-black">&lt;techmik67&gt; but i gotta build clean cause i already cleaned</span><br />
<span class="irc-date">[1:43]</span> <span class="irc-black">&lt;TMC_Sherpa&gt; *shrug* the test isn't going to go anywhere with out you :P</span><br />
<span class="irc-date">[1:49]</span> <span class="irc-brick">* Unhelpful is rather curious because guiper seemed to feel he, you know, had something working.</span><br />
<span class="irc-date">[1:50]</span> <span class="irc-black">&lt;techmik67&gt; well, i will say that thew last build i used maps when io went to the store and it was perfect</span><br />
<span class="irc-date">[1:50]</span> <span class="irc-black">&lt;TMC_Sherpa&gt; he has a i9000 tho right?</span><br />
<span class="irc-date">[1:50]</span> <span class="irc-black">&lt;techmik67&gt; i think so</span><br />
<span class="irc-date">[1:54]</span> <span class="irc-black">&lt;Unhelpful&gt; yeah, but compass is same. :)</span><br />
<span class="irc-date">[1:55]</span> <span class="irc-black">&lt;TMC_Sherpa&gt; but is it hooked to the same gpio :P</span><br />
<span class="irc-date">[1:55]</span> <span class="irc-black">&lt;TMC_Sherpa&gt; if it worked back in froyo and eclair days it should stil work in GB</span><br />
<span class="irc-date">[1:58]</span> <span class="irc-black">&lt;Unhelpful&gt; yeah, i know.... assuming the driver works the way it's supposed to, and we really have *all* of the components needed. :)</span><br />
<span class="irc-date">[1:59]</span> <span class="irc-black">&lt;TMC_Sherpa&gt; ....no bet</span><br />
<span class="irc-date">[1:59]</span> <span class="irc-black">&lt;Unhelpful&gt; "i don't take sucker bets", eh?</span><br />
<span class="irc-date">[2:01]</span> <span class="irc-black">&lt;TMC_Sherpa&gt; been burned a few times by sammy already thank you very much</span><br />
<span class="irc-date">[2:02]</span> <span class="irc-black">&lt;TMC_Sherpa&gt; I'd ask if they could have done anything to make this any harder but I'm sure I don't want to know the answer</span><br />
<span class="irc-date">[2:02]</span> <span class="irc-black">&lt;TMC_Sherpa&gt; bin.hex files for everyone woooooo</span><br />
<span class="irc-date">[2:03]</span> <span class="irc-black">&lt;Unhelpful&gt; they could still do the i2c reading in userspace too (the reason there is more math in this driver is that there *was no driver* in eclair), the sensor output could be encrypted, it could be in some bizarre and obscure format, do i need to come up with any more?</span><br />
<span class="irc-date">[2:04]</span> <span class="irc-black">&lt;TMC_Sherpa&gt; I hope not</span><br />
<span class="irc-date">[2:07]</span> <span class="irc-black">&lt;Unhelpful&gt; the data could be encrypted, and only provided after the driver is authenticated via a private-key challenge? ;)</span><br />
<span class="irc-date">[2:08]</span> <span class="irc-black">&lt;TMC_Sherpa&gt; well, its a boch/yamaha part or they share output or something.  neither of those companies jumps out as 'hey we make compass chips' to me so god only knows</span><br />
<span class="irc-date">[2:11]</span> <span class="irc-black">&lt;Unhelpful&gt; ... doesn't yamaha make *everything*? :P</span><br />
<span class="irc-date">[2:12]</span> <span class="irc-black">&lt;Unhelpful&gt; anyway, the calibration code is not really samsung's fault, aiui it comes from yamaha and is proprietary</span><br />
<span class="irc-date">[2:13]</span> <span class="irc-black">&lt;TMC_Sherpa&gt; I think yamaha and I think keyboards and motorcycles</span><br />
<span class="irc-date">[2:15]</span> <span class="irc-black">&lt;Unhelpful&gt; and you don't think "those are very very different things, i wonder what else they make?"</span><br />
<span class="irc-date">[2:16]</span> <span class="irc-black">&lt;Unhelpful&gt; i used to have a pen from the company that made my printer. they also sell knives!</span><br />
<span class="irc-date">[2:16]</span> <span class="irc-black">&lt;TMC_Sherpa&gt; no not really :P</span><br />
<span class="irc-date">[2:16]</span> <span class="irc-black">&lt;Unhelpful&gt; that is because kyocera is a ceramics company ;)</span><br />
<span class="irc-date">[2:19]</span> <span class="irc-black">&lt;techmik67&gt; ok, 3 directories checked out to sensors, now i apply your 2 lines and build</span><br />
<span class="irc-date">[2:25]</span> <span class="irc-navy">* designfears (~df@cpe-71-64-204-109.cinci.res.rr.com) Quit (Ping timeout: 246 seconds)</span><br />
<span class="irc-date">[2:30]</span> <span class="irc-black">&lt;techmik67&gt; building</span><br />
<span class="irc-date">[2:36]</span> <span class="irc-green">* designfears (~df@71.64.204.109) has joined this channel.</span><br />
<span class="irc-date">[2:44]</span> <span class="irc-black">&lt;techmik67&gt; damn... everyone seems to like myth tv but i am not understanding the setup at all</span><br />
<span class="irc-date">[2:45]</span> <span class="irc-black">&lt;techmik67&gt; and it would be so much easier if it would just work in windows somehow....</span><br />
<span class="irc-date">[2:50]</span> <span class="irc-black">&lt;TMC_Sherpa&gt; <a href="http://www.anandtech.com/show/1458">http://www.anandtech.com/show/1458</a></span><br />
<span class="irc-date">[2:51]</span> <span class="irc-black">&lt;TMC_Sherpa&gt; 2004...maybe it's a little out of date</span><br />
<span class="irc-date">[2:52]</span> <span class="irc-black">&lt;TMC_Sherpa&gt; I knew I read something about it but I didn't think it was that long ago</span><br />
<span class="irc-date">[2:53]</span> <span class="irc-black">&lt;techmik67&gt; i'm just massively pissed that the freaking built in windows media center, supposed to be exactly for this, gives me shit.....</span><br />
<span class="irc-date">[3:04]</span> <span class="irc-navy">* wwyvern (~wwyvern@adsl-074-167-175-227.sip.jax.bellsouth.net) Quit (Quit: Ex-Chat)</span><br />
<span class="irc-date">[3:07]</span> <span class="irc-black">&lt;techmik_laptop&gt; almost done building....... am i also testingnew kernel stuff tonite, Unhelpful? or is that tomorrow?</span><br />
<span class="irc-date">[3:07]</span> <span class="irc-black">&lt;techmik_laptop&gt; done</span><br />
<span class="irc-date">[3:07]</span> <span class="irc-black">&lt;techmik_laptop&gt; oo</span><br />
<span class="irc-date">[3:07]</span> <span class="irc-black">&lt;techmik_laptop&gt; error</span><br />
<span class="irc-date">[3:07]</span> <span class="irc-black">&lt;techmik_laptop&gt; sec</span><br />
<span class="irc-date">[3:10]</span> <span class="irc-black">&lt;techmik_laptop&gt; <a href="http://www.pastie.org/1833764">http://www.pastie.org/1833764</a></span><br />
<span class="irc-date">[3:11]</span> <span class="irc-black">&lt;techmik_laptop&gt; thats upstream, isnt it?</span><br />
<span class="irc-date">[3:11]</span> <span class="irc-black">&lt;TMC_Sherpa&gt; CMParts</span><br />
<span class="irc-date">[3:14]</span> <span class="irc-black">&lt;TMC_Sherpa&gt; /vendor/cyanogen/overlay/captivate/packages/apps/CMParts</span><br />
<span class="irc-date">[3:15]</span> <span class="irc-black">&lt;TMC_Sherpa&gt; ./packages/apps/CMParts</span><br />
<span class="irc-date">[3:24]</span> <span class="irc-black">&lt;TMC_Sherpa&gt; <a href="http://dl.dropbox.com/u/12136464/CMParts.tar.gz">http://dl.dropbox.com/u/12136464/CMParts.tar.gz</a> this is from...a while ago</span><br />
<span class="irc-date">[3:25]</span> <span class="irc-black">&lt;TMC_Sherpa&gt; but if the directory is screwed up now that may be a quick fix</span><br />
<span class="irc-date">[3:34]</span> <span class="irc-navy">* chaembian (~chaembian@122.174.82.208) Quit (Read error: Connection reset by peer)</span><br />
<span class="irc-date">[3:53]</span> <span class="irc-black">&lt;techmik67&gt; retrying</span><br />
<span class="irc-date">[4:03]</span> <span class="irc-black">&lt;techmik67&gt; ok, its upstream i'm pretty sure</span><br />
<span class="irc-date">[4:04]</span> <span class="irc-black">&lt;TMC_Sherpa&gt; the thingy I posted is packages/apps/CMParts, if you replace the directory and it compiles we know they borked us...again</span><br />
<span class="irc-date">[4:05]</span> <span class="irc-black">&lt;techmik_laptop&gt; cant extract</span><br />
<span class="irc-date">[4:05]</span> <span class="irc-black">&lt;techmik_laptop&gt; error</span><br />
<span class="irc-date">[4:06]</span> <span class="irc-black">&lt;techmik_laptop&gt; i can see it with archive mounter</span><br />
<span class="irc-date">[4:06]</span> <span class="irc-black">&lt;TMC_Sherpa&gt; hrm, I can open it if I download it</span><br />
<span class="irc-date">[4:07]</span> <span class="irc-black">&lt;techmik67&gt; hmmm... i can in windows, not linux....</span><br />
<span class="irc-date">[4:07]</span> <span class="irc-black">&lt;TMC_Sherpa&gt; weird</span><br />
<span class="irc-date">[4:07]</span> <span class="irc-green">* mersault (~mersault@home.nullpointer.ca) has joined this channel.</span><br />
<span class="irc-date">[4:08]</span> <span class="irc-black">&lt;TMC_Sherpa&gt; I can push it up again</span><br />
<span class="irc-date">[4:08]</span> <span class="irc-black">&lt;mersault&gt; quick question, what's the trick for pulling logcat for say, the last 5 min?</span><br />
<span class="irc-date">[4:08]</span> <span class="irc-black">&lt;techmik67&gt; duh, 7zip wasnt installed =/</span><br />
<span class="irc-date">[4:08]</span> <span class="irc-black">&lt;techmik67&gt; i'm an idiot</span><br />
<span class="irc-date">[4:08]</span> <span class="irc-black">&lt;TMC_Sherpa&gt; its a tar.gz gunzip should be all you need</span><br />
<span class="irc-date">[4:09]</span> <span class="irc-black">&lt;TMC_Sherpa&gt; you can tail the output but that works with # lines</span><br />
<span class="irc-date">[4:09]</span> <span class="irc-black">&lt;mersault&gt; ah, -n 100 or something?</span><br />
<span class="irc-date">[4:10]</span> <span class="irc-black">&lt;mersault&gt; hmmm... oh wow, the device isn't even recognized</span><br />
<span class="irc-date">[4:10]</span> <span class="irc-black">&lt;mersault&gt; I'm trying to sync 13GB of music to my external SD, and getting a lot of grief.</span><br />
<span class="irc-date">[4:10]</span> <span class="irc-black">&lt;mersault&gt; both SD cards just unmount partway through, and the whole device gets wonky.</span><br />
<span class="irc-date">[4:12]</span> <span class="irc-black">&lt;TMC_Sherpa&gt; no clue</span><br />
<span class="irc-date">[4:14]</span> <span class="irc-black">&lt;mersault&gt; it's pretty weird. figure there's still something finicky in the code for mounting both SD cards over USB. either that, or my sd card is dying, which would be a pity as it's only a couple of months old.</span><br />
<span class="irc-date">[4:14]</span> <span class="irc-black">&lt;TMC_Sherpa&gt; afaik we're still messing with vold</span><br />
<span class="irc-date">[4:15]</span> <span class="irc-black">&lt;TMC_Sherpa&gt; you get it tech or should I just put up a tar?</span><br />
<span class="irc-date">[4:15]</span> <span class="irc-black">&lt;techmik67&gt; i got it</span><br />
<span class="irc-date">[4:16]</span> <span class="irc-black">&lt;TMC_Sherpa&gt; k</span><br />
<span class="irc-date">[4:16]</span> <span class="irc-black">&lt;techmik67&gt; building</span><br />
<span class="irc-date">[4:16]</span> <span class="irc-black">&lt;techmik67&gt; should i have been using "extract here" in the gui? or a cli command?</span><br />
<span class="irc-date">[4:16]</span> <span class="irc-black">&lt;techmik67&gt; to unzip that?</span><br />
<span class="irc-date">[4:16]</span> <span class="irc-black">&lt;techmik67&gt; never had a prob before</span><br />
<span class="irc-date">[4:17]</span> <span class="irc-black">&lt;TMC_Sherpa&gt; dono, I never un-anything in the gui</span><br />
<span class="irc-date">[4:18]</span> <span class="irc-black">&lt;techmik67&gt; lol, then, perhaps you might tll me the proper command? =)</span><br />
<span class="irc-date">[4:18]</span> <span class="irc-black">&lt;techmik67&gt; looks like your files fixed......</span><br />
<span class="irc-date">[4:18]</span> <span class="irc-black">&lt;techmik67&gt; they borked us</span><br />
<span class="irc-date">[4:19]</span> <span class="irc-black">&lt;TMC_Sherpa&gt; sweet</span><br />
<span class="irc-date">[4:19]</span> <span class="irc-black">&lt;techmik67&gt; lets diff the 6 make errorsa and submit the patch =)</span><br />
<span class="irc-date">[4:20]</span> <span class="irc-black">&lt;TMC_Sherpa&gt; tar -xvfz file_to_gunzip_tar_to_extract</span><br />
<span class="irc-date">[4:20]</span> <span class="irc-black">&lt;techmik67&gt; i never know the right switches to use</span><br />
<span class="irc-date">[4:20]</span> <span class="irc-black">&lt;techmik67&gt; thx</span><br />
<span class="irc-date">[4:21]</span> <span class="irc-black">&lt;TMC_Sherpa&gt; x tract v erify f ile z un...um..ip</span><br />
<span class="irc-date">[4:22]</span> <span class="irc-black">&lt;techmik67&gt; ah!</span><br />
<span class="irc-date">[4:22]</span> <span class="irc-black">&lt;techmik67&gt; thx much!</span><br />
<span class="irc-date">[4:22]</span> <span class="irc-black">&lt;TMC_Sherpa&gt; c reate</span><br />
<span class="irc-date">[4:23]</span> <span class="irc-black">&lt;techmik67&gt; hmmm</span><br />
<span class="irc-date">[4:23]</span> <span class="irc-black">&lt;TMC_Sherpa&gt; I usually gunzip and then tar xvf after but thats an old habit from my sun days iirc -z is a GNU extension</span><br />
<span class="irc-date">[4:24]</span> <span class="irc-black">&lt;techmik67&gt; CMParts not updated in 17 hours</span><br />
<span class="irc-date">[4:24]</span> <span class="irc-black">&lt;techmik67&gt; oh, maybe just pushed recently, tho</span><br />
<span class="irc-date">[4:25]</span> <span class="irc-black">&lt;TMC_Sherpa&gt; dono did they add....I can see what I sent you, hang on</span><br />
<span class="irc-date">[4:26]</span> <span class="irc-black">&lt;techmik67&gt; i wanna fugure out the make errors... it said 6</span><br />
<span class="irc-date">[4:26]</span> <span class="irc-black">&lt;techmik67&gt; figure*</span><br />
<span class="irc-date">[4:26]</span> <span class="irc-black">&lt;techmik67&gt; cmparts/activities/SoundActivity.java:99: cannot find symbol</span><br />
<span class="irc-date">[4:26]</span> <span class="irc-black">&lt;techmik67&gt; symbol  : variable VIBRATE_IN_CALL</span><br />
<span class="irc-date">[4:26]</span> <span class="irc-black">&lt;techmik67&gt; location: class android.provider.Settings.System</span><br />
<span class="irc-date">[4:26]</span> <span class="irc-black">&lt;techmik67&gt;                 Settings.System.VIBRATE_IN_CALL, 1) != 0);</span><br />
<span class="irc-date">[4:26]</span> <span class="irc-black">&lt;techmik67&gt; thats the 1st error</span><br />
<span class="irc-date">[4:27]</span> <span class="irc-black">&lt;techmik67&gt; isaved the old, bad dir i replaced</span><br />
<span class="irc-date">[4:27]</span> <span class="irc-black">&lt;TMC_Sherpa&gt; is that a new thing we need to add to our vendor files?</span><br />
<span class="irc-date">[4:27]</span> <span class="irc-black">&lt;techmik67&gt; so i can look</span><br />
<span class="irc-date">[4:27]</span> <span class="irc-black">&lt;TMC_Sherpa&gt; 'cus its not in the files I sent you</span><br />
<span class="irc-date">[4:27]</span> <span class="irc-black">&lt;techmik67&gt; full pastie</span><br />
<span class="irc-date">[4:27]</span> <span class="irc-black">&lt;techmik67&gt; <a href="http://www.pastie.org/1833764">http://www.pastie.org/1833764</a></span><br />
<span class="irc-date">[4:28]</span> <span class="irc-black">&lt;techmik67&gt; its all cannot find symbol</span><br />
<span class="irc-date">[4:29]</span> <span class="irc-black">&lt;techmik67&gt; ah</span><br />
<span class="irc-date">[4:29]</span> <span class="irc-black">&lt;techmik67&gt; i see</span><br />
<span class="irc-date">[4:29]</span> <span class="irc-black">&lt;techmik67&gt; its a bunch of "."</span><br />
<span class="irc-date">[4:29]</span> <span class="irc-black">&lt;techmik67&gt; 6x</span><br />
<span class="irc-date">[4:30]</span> <span class="irc-black">&lt;TMC_Sherpa&gt; VIBRATE_IN_CALL isn't in the files I sent you</span><br />
<span class="irc-date">[4:30]</span> <span class="irc-navy">* zacharias|away (~zacharias@chello084114179145.16.15.vie.surfer.at) Quit (Ping timeout: 240 seconds)</span><br />
<span class="irc-date">[4:31]</span> <span class="irc-black">&lt;techmik67&gt; i see it in the replaced folder</span><br />
<span class="irc-date">[4:31]</span> <span class="irc-black">&lt;techmik67&gt; sytax wrong, perhaps?</span><br />
<span class="irc-date">[4:31]</span> <span class="irc-black">&lt;TMC_Sherpa&gt; it looks like it's not in the source I have (kinda old) but it's still chuging</span><br />
<span class="irc-date">[4:33]</span> <span class="irc-black">&lt;TMC_Sherpa&gt; cd into /vendor/cyanogen/overlay and grep -r VIBRATE_IN_CALL *</span><br />
<span class="irc-date">[4:33]</span> <span class="irc-black">&lt;TMC_Sherpa&gt; there is some stuff in front of vendor :)</span><br />
<span class="irc-date">[4:35]</span> <span class="irc-black">&lt;techmik67&gt; koush: ping</span><br />
<span class="irc-date">[4:36]</span> <span class="irc-black">&lt;TMC_Sherpa&gt; I wonder if they added crap into the overlay files, like we need to add VIBRATE_IN_CALL or something</span><br />
<span class="irc-date">[4:38]</span> <span class="irc-black">&lt;TMC_Sherpa&gt; its just going to take ages to sync so I'm asking you to look :)</span><br />
<span class="irc-date">[4:38]</span> <span class="irc-black">&lt;techmik67&gt; forgive my lack of coding knowledge, but isnt the pastie showing its like a typo? the "^" pointing at the "cannot find symbol"?</span><br />
<span class="irc-date">[4:39]</span> <span class="irc-black">&lt;techmik67&gt; Settings.System.VIBRATE_IN_CALL, 1) != 0);</span><br />
<span class="irc-date">[4:39]</span> <span class="irc-black">&lt;techmik67&gt;                                ^</span><br />
<span class="irc-date">[4:39]</span> <span class="irc-black">&lt;techmik67&gt; means th e"." is bad, no?</span><br />
<span class="irc-date">[4:39]</span> <span class="irc-black">&lt;TMC_Sherpa&gt; checking some stuff, gimme a sec</span><br />
<span class="irc-date">[4:39]</span> <span class="irc-black">&lt;techmik67&gt; k</span><br />
<span class="irc-date">[4:40]</span> <span class="irc-black">&lt;techmik67&gt; booting with unhelpful's changes</span><br />
<span class="irc-date">[4:43]</span> <span class="irc-black">&lt;TMC_Sherpa&gt; I'm wondering if they added stuff to /overlay/packages/apps/CMParts/res/values/config.xml that we don't know about to it isn't set to true/false to the check dies</span><br />
<span class="irc-date">[4:43]</span> <span class="irc-black">&lt;TMC_Sherpa&gt; so it</span><br />
<span class="irc-date">[4:43]</span> <span class="irc-black">&lt;TMC_Sherpa&gt; so the</span><br />
<span class="irc-date">[4:44]</span> <span class="irc-black">&lt;TMC_Sherpa&gt; jebus s/to/so/g</span><br />
<span class="irc-date">[4:44]</span> <span class="irc-black">&lt;techmik67&gt; the compass is ok at 1st, but got confused as i walked around in the house</span><br />
<span class="irc-date">[4:50]</span> <span class="irc-black">&lt;TMC_Sherpa&gt; hrm, android_vendor_cyanogen is still a fork</span><br />
<span class="irc-date">[4:54]</span> <span class="irc-navy">* designfears (~df@71.64.204.109) Quit (Quit: Leaving)</span><br />
<span class="irc-date">[4:54]</span> <span class="irc-green">* AndChat- (~AndChat@c-8fd3e455.04-17-73746f2.cust.bredbandsbolaget.se) has joined this channel.</span><br />
<span class="irc-date">[4:57]</span> <span class="irc-black">&lt;TMC_Sherpa&gt; no clue tech which git does that folder come from?</span><br />
<span class="irc-date">[4:57]</span> <span class="irc-navy">* blyfoten (~AndChat@m80-170-55-242.cust.tele2.se) Quit (Ping timeout: 252 seconds)</span><br />
<span class="irc-date">[5:02]</span> <span class="irc-black">&lt;techmik67&gt; sec</span><br />
<span class="irc-date">[5:02]</span> <span class="irc-black">&lt;koush&gt; techmik67: ?</span><br />
<span class="irc-date">[5:02]</span> <span class="irc-black">&lt;techmik67&gt; is this an us problem or upstream? <a href="http://www.pastie.org/1833764">http://www.pastie.org/1833764</a></span><br />
<span class="irc-date">[5:03]</span> <span class="irc-black">&lt;techmik67&gt; i changed nothing, just synced</span><br />
<span class="irc-date">[5:05]</span> <span class="irc-black">&lt;TMC_Sherpa&gt; I think we're forked on parts</span><br />
<span class="irc-date">[5:07]</span> <span class="irc-black">&lt;TMC_Sherpa&gt; I gotta crash lemme know how it turns out</span><br />
<span class="irc-date">[5:07]</span> <span class="irc-green">* TMC_Sherpa (~jeff@c-67-173-42-196.hsd1.il.comcast.net) has left this channel.</span><br />
<span class="irc-date">[5:21]</span> <span class="irc-black">&lt;koush&gt; you probably just need to merge from upstream</span><br />
<span class="irc-date">[5:21]</span> <span class="irc-black">&lt;koush&gt; youre missing some bits somewhere</span><br />
<span class="irc-date">[5:25]</span> <span class="irc-black">&lt;techmik67&gt; gotcha, thanks</span><br />
<span class="irc-date">[6:00]</span> <span class="irc-navy">* ciwrl|away (~ciwrl@pool-173-79-20-88.washdc.fios.verizon.net) Quit (Ping timeout: 248 seconds)</span><br />
<span class="irc-date">[6:01]</span> <span class="irc-green">* ciwrl (~ciwrl@pool-173-79-20-88.washdc.fios.verizon.net) has joined this channel.</span><br />
<span class="irc-date">[6:02]</span> <span class="irc-green">* ciwrl is now known as ciwrl|away</span><br />
<span class="irc-date">[6:05]</span> <span class="irc-navy">* AndChat- (~AndChat@c-8fd3e455.04-17-73746f2.cust.bredbandsbolaget.se) Quit (Ping timeout: 264 seconds)</span><br />
<span class="irc-date">[6:06]</span> <span class="irc-navy">* aarcane (~aarcane@c-98-238-138-177.hsd1.ca.comcast.net) Quit (Read error: Connection reset by peer)</span><br />
<span class="irc-date">[6:06]</span> <span class="irc-green">* aarcane (~aarcane@c-98-238-138-177.hsd1.ca.comcast.net) has joined this channel.</span><br />
<span class="irc-date">[6:07]</span> <span class="irc-navy">* Fire2fly (~yaaic@62.140.137.120) Quit (Quit: Yaaic - Yet another Android IRC client - <a href="http://www.yaaic.org)">http://www.yaaic.org)</a></span><br />
<span class="irc-date">[6:07]</span> <span class="irc-green">* blyfoten (~AndChat@m83-186-135-128.cust.tele2.se) has joined this channel.</span><br />
<span class="irc-date">[6:27]</span> <span class="irc-green">* techmik (~techmik@c-76-109-173-83.hsd1.fl.comcast.net) has joined this channel.</span><br />
<span class="irc-date">[6:27]</span> <span class="irc-navy">* techmik_laptop (~techmik@c-76-109-173-83.hsd1.fl.comcast.net) Quit (Read error: No route to host)</span><br />
<span class="irc-date">[6:37]</span> <span class="irc-green">* techmik is now known as techmik_laptop</span><br />
<span class="irc-date">[6:40]</span> <span class="irc-green">* GuiPer (~GuiPer@ip-86-49-25-242.net.upcbroadband.cz) has joined this channel.</span><br />
<span class="irc-date">[6:56]</span> <span class="irc-black">&lt;techmik_laptop&gt; GuiPer: all the sensors stuff now on sensors branch</span><br />
<span class="irc-date">[6:56]</span> <span class="irc-black">&lt;GuiPer&gt; thanks you moved it?</span><br />
<span class="irc-date">[6:57]</span> <span class="irc-black">&lt;techmik_laptop&gt; atinm did</span><br />
<span class="irc-date">[6:57]</span> <span class="irc-navy">* blyfoten (~AndChat@m83-186-135-128.cust.tele2.se) Quit (Quit: Bye)</span><br />
<span class="irc-date">[6:57]</span> <span class="irc-black">&lt;techmik_laptop&gt; rebased and all</span><br />
<span class="irc-date">[6:57]</span> <span class="irc-black">&lt;techmik_laptop&gt; a little beyond my git-fu=)</span><br />
<span class="irc-date">[6:57]</span> <span class="irc-green">* blyfoten (~AndChat@m83-186-135-128.cust.tele2.se) has joined this channel.</span><br />
<span class="irc-date">[6:57]</span> <span class="irc-black">&lt;GuiPer&gt; it's fully working  the main branch...</span><br />
<span class="irc-date">[6:57]</span> <span class="irc-black">&lt;GuiPer&gt; don't really understand but ok</span><br />
<span class="irc-date">[6:58]</span> <span class="irc-black">&lt;techmik_laptop&gt; we were screwy on captivate for a bit</span><br />
<span class="irc-date">[6:58]</span> <span class="irc-black">&lt;techmik_laptop&gt; but ok now</span><br />
<span class="irc-date">[6:58]</span> <span class="irc-black">&lt;techmik_laptop&gt; there's 1 thing i have that i understand is temporary</span><br />
<span class="irc-date">[6:58]</span> <span class="irc-black">&lt;techmik_laptop&gt; not on the main repo</span><br />
<span class="irc-date">[6:58]</span> <span class="irc-black">&lt;techmik_laptop&gt; 2 lines</span><br />
<span class="irc-date">[6:58]</span> <span class="irc-black">&lt;techmik_laptop&gt; sec</span><br />
<span class="irc-date">[6:59]</span> <span class="irc-black">&lt;techmik_laptop&gt; <a href="https://github.com/techmik/android_frameworks_base/commit/89a3f994adb9205a37232b457630bbed9562a1bc">https://github.com/techmik/android_frameworks_base/commit/89a3f994adb9205a37232b457630bbed9562a1bc</a></span><br />
<span class="irc-date">[6:59]</span> <span class="irc-black">&lt;techmik_laptop&gt; its a workaround?</span><br />
<span class="irc-date">[6:59]</span> <span class="irc-black">&lt;GuiPer&gt; not sure, need to check if really need it</span><br />
<span class="irc-date">[6:59]</span> <span class="irc-black">&lt;techmik_laptop&gt; i was told, i know nothing about code...</span><br />
