<span class="irc-date">[0:00]</span> <span class="irc-black">&lt;zachy_md|busy&gt; working touchkeys</span><br />
<span class="irc-date">[0:00]</span> <span class="irc-black">&lt;zachy_md|busy&gt; techmik67 are the softkeys working for ya ?</span><br />
<span class="irc-date">[0:01]</span> <span class="irc-black">&lt;atinm&gt; working touchkeys here</span><br />
<span class="irc-date">[0:01]</span> <span class="irc-black">&lt;techmik67&gt; working</span><br />
<span class="irc-date">[0:02]</span> <span class="irc-black">&lt;atinm&gt; but techmik and I are both captivate</span><br />
<span class="irc-date">[0:02]</span> <span class="irc-black">&lt;atinm&gt; you're i9000</span><br />
<span class="irc-date">[0:02]</span> <span class="irc-black">&lt;atinm&gt; right?</span><br />
<span class="irc-date">[0:02]</span> <span class="irc-black">&lt;zachy_md|busy&gt; yeah</span><br />
<span class="irc-date">[0:02]</span> <span class="irc-black">&lt;zachy_md|busy&gt; I just released new captivate + vibrant builds of my kernel</span><br />
<span class="irc-date">[0:02]</span> <span class="irc-black">&lt;atinm&gt; ping codeworkx, i doubt they're not working for him tho</span><br />
<span class="irc-date">[0:02]</span> <span class="irc-black">&lt;zachy_md|busy&gt; and vibrant seems to have non-working keys</span><br />
<span class="irc-date">[0:02]</span> <span class="irc-black">&lt;atinm&gt; oh</span><br />
<span class="irc-date">[0:02]</span> <span class="irc-black">&lt;zachy_md|busy&gt; argh</span><br />
<span class="irc-date">[0:03]</span> <span class="irc-black">&lt;atinm&gt; vibrant ppl saying on thread its fine</span><br />
<span class="irc-date">[0:03]</span> <span class="irc-black">&lt;zachy_md|busy&gt; sorry - typo: cappy</span><br />
<span class="irc-date">[0:03]</span> <span class="irc-black">&lt;zachy_md|busy&gt; has non-working touchkeys</span><br />
<span class="irc-date">[0:03]</span> <span class="irc-black">&lt;atinm&gt; same for captivate</span><br />
<span class="irc-date">[0:03]</span> <span class="irc-black">&lt;atinm&gt; or at least, not one jumping up and down</span><br />
<span class="irc-date">[0:03]</span> <span class="irc-black">&lt;zachy_md|busy&gt; atinm k, thanks</span><br />
<span class="irc-date">[0:03]</span> <span class="irc-black">&lt;atinm&gt; and it works for both me and techmik here.</span><br />
<span class="irc-date">[0:03]</span> <span class="irc-black">&lt;zachy_md|busy&gt; so it either is an issue with my kernel or user part</span><br />
<span class="irc-date">[0:04]</span> <span class="irc-black">&lt;atinm&gt; man, I can't wait for a captivate source drop . . . kaik needs to be on cm7</span><br />
<span class="irc-date">[0:04]</span> <span class="irc-black">&lt;zachy_md|busy&gt; "Boots, but absolutely no soft keys. No menu, home, back, search"</span><br />
<span class="irc-date">[0:04]</span> <span class="irc-black">&lt;techmik67&gt; lol</span><br />
<span class="irc-date">[0:04]</span> <span class="irc-black">&lt;zachy_md|busy&gt; <a href="http://forum.xda-developers.com/showpost.php?p=13099248&amp;postcount=163">http://forum.xda-developers.com/showpost.php?p=13099248&amp;postcount=163</a></span><br />
<span class="irc-date">[0:04]</span> <span class="irc-black">&lt;techmik67&gt; dowloading again to try fresh</span><br />
<span class="irc-date">[0:05]</span> <span class="irc-black">&lt;atinm&gt; lol . . . koush.</span><br />
<span class="irc-date">[0:05]</span> <span class="irc-black">&lt;atinm&gt; now he has roomba tracks in the house.</span><br />
<span class="irc-date">[0:05]</span> <span class="irc-black">&lt;codeworkx&gt; atinm: i loled very hard</span><br />
<span class="irc-date">[0:05]</span> <span class="irc-black">&lt;zachy_md|busy&gt; techmik67 k, just posted</span><br />
<span class="irc-date">[0:05]</span> <span class="irc-black">&lt;techmik67&gt; me too</span><br />
<span class="irc-date">[0:05]</span> <span class="irc-black">&lt;zachy_md|busy&gt; that could help</span><br />
<span class="irc-date">[0:06]</span> <span class="irc-black">&lt;atinm&gt; (I know, not funny - I'm a dog person, it sucks when the dog is upset, but the roomba part is!)</span><br />
<span class="irc-date">[0:06]</span> <span class="irc-black">&lt;atinm&gt; mine was afraid of the roomba</span><br />
<span class="irc-date">[0:06]</span> <span class="irc-black">&lt;zachy_md|busy&gt; the fascinate will get Froyo soon ^^</span><br />
<span class="irc-date">[0:06]</span> <span class="irc-black">&lt;atinm&gt; well, vaccums in general</span><br />
<span class="irc-date">[0:06]</span> <span class="irc-black">&lt;zachy_md|busy&gt; hope it won't take too long for the cappy</span><br />
<span class="irc-date">[0:06]</span> <span class="irc-black">&lt;zachy_md|busy&gt; so we can compare GB source for the SGS + cappy</span><br />
<span class="irc-date">[0:07]</span> <span class="irc-black">&lt;codeworkx&gt; fascinate froyo?</span><br />
<span class="irc-date">[0:07]</span> <span class="irc-black">&lt;codeworkx&gt; wth</span><br />
<span class="irc-date">[0:07]</span> <span class="irc-black">&lt;codeworkx&gt; it has no froyo?</span><br />
<span class="irc-date">[0:07]</span> <span class="irc-black">&lt;atinm&gt; our neighbors dog was way more scared of the vaccum. we were keeping him for a weekend while the owner was out of town and its crate was in the bedroom</span><br />
<span class="irc-date">[0:07]</span> <span class="irc-black">&lt;atinm&gt; and the cleaning person was dusting and had moved the crate and put the vaccum in the same spot.</span><br />
<span class="irc-date">[0:07]</span> <span class="irc-black">&lt;zachy_md|busy&gt; codeworkx afaik the source or something</span><br />
<span class="irc-date">[0:07]</span> <span class="irc-black">&lt;atinm&gt; and she dropped something - the dog ran to its crate. except the vaccum was there</span><br />
<span class="irc-date">[0:08]</span> <span class="irc-black">&lt;atinm&gt; we all fell apart at the poor dog having a heart attack</span><br />
<span class="irc-date">[0:08]</span> <span class="irc-black">&lt;zachy_md|busy&gt; <a href="http://www.talkandroid.com/37202-froyo-source-code-released-for-samsung-fascinate/">http://www.talkandroid.com/37202-froyo-source-code-released-for-samsung-fascinate/</a></span><br />
<span class="irc-date">[0:08]</span> <span class="irc-black">&lt;atinm&gt; fascinate and epic are weird phones.</span><br />
<span class="irc-date">[0:08]</span> <span class="irc-black">&lt;atinm&gt; they might as well not be aries phones.</span><br />
<span class="irc-date">[0:09]</span> <span class="irc-black">&lt;atinm&gt; if we're orphans, I dunno what they are . . .</span><br />
<span class="irc-date">[0:14]</span> <span class="irc-black">&lt;atinm&gt; unhelpful, go +1 <a href="http://review.cyanogenmod.com/#change,4579">http://review.cyanogenmod.com/#change,4579</a></span><br />
<span class="irc-date">[0:14]</span> <span class="irc-black">&lt;techmik67&gt; just reflashed and buttons work fine</span><br />
<span class="irc-date">[0:14]</span> <span class="irc-black">&lt;atinm&gt; and put in your two cents about major device number being shared is a completely valid configuration and that the code is *correct*</span><br />
<span class="irc-date">[0:15]</span> <span class="irc-black">&lt;atinm&gt; (and necessary for us anyway . . . no one else should get a vote who doesn't have BOARD_VOLD_EMMC_SHARES_DEV_MAJOR anyway . . . )</span><br />
<span class="irc-date">[0:19]</span> <span class="irc-black">&lt;Unhelpful&gt; is there a reason to make getDeviceNodes protected?</span><br />
<span class="irc-date">[0:20]</span> <span class="irc-black">&lt;Unhelpful&gt; er, oh, you're making it public, i read that diff backwards :)</span><br />
<span class="irc-date">[0:21]</span> <span class="irc-green">* acdbx (~acdbx@cpe-66-75-28-44.san.res.rr.com) has joined this channel.</span><br />
<span class="irc-date">[0:21]</span> <span class="irc-black">&lt;atinm&gt; it was private, yeah.</span><br />
<span class="irc-date">[0:21]</span> <span class="irc-black">&lt;atinm&gt; but now I need it in a different spot as well (and it should have been there already . . .)</span><br />
<span class="irc-date">[0:22]</span> <span class="irc-black">&lt;Unhelpful&gt; would it be more appropriate to use a friend class instead of changing the protection of the method?</span><br />
<span class="irc-date">[0:23]</span> <span class="irc-black">&lt;atinm&gt; it is bad enough that it is hung up in review, don't make the diffs even worse :)</span><br />
<span class="irc-date">[0:23]</span> <span class="irc-black">&lt;atinm&gt; right now they quibble is that this isn't needed</span><br />
<span class="irc-date">[0:23]</span> <span class="irc-black">&lt;atinm&gt; because it works on a phone that doesn't share major device number.</span><br />
<span class="irc-date">[0:23]</span> <span class="irc-black">&lt;atinm&gt; ...</span><br />
<span class="irc-date">[0:23]</span> <span class="irc-black">&lt;Unhelpful&gt; i don't actually see anybody saying that?</span><br />
<span class="irc-date">[0:24]</span> <span class="irc-black">&lt;atinm&gt; it was said to codeworkx somewhere</span><br />
<span class="irc-date">[0:24]</span> <span class="irc-black">&lt;atinm&gt; that's why I put in the comment</span><br />
<span class="irc-date">[0:24]</span> <span class="irc-black">&lt;atinm&gt; I think they're just busy and get a lot of reviews.</span><br />
<span class="irc-date">[0:24]</span> <span class="irc-black">&lt;atinm&gt; but still.</span><br />
<span class="irc-date">[0:25]</span> <span class="irc-black">&lt;Unhelpful&gt; busy is not the same as there being an actual problem :(</span><br />
<span class="irc-date">[0:25]</span> <span class="irc-black">&lt;atinm&gt; I assume Arcee is Ricardo, I think that was who talked to codeworkx.</span><br />
<span class="irc-date">[0:26]</span> <span class="irc-black">&lt;atinm&gt; he's well respected in the CM world, so I figured if he talked to codeworkx, I really should put in the comment.</span><br />
<span class="irc-date">[0:26]</span> <span class="irc-black">&lt;atinm&gt; I assumed it was obvious because the same problem was solved when formatting as well by putting the same block of code.</span><br />
<span class="irc-date">[0:26]</span> <span class="irc-black">&lt;atinm&gt; as if they don't, you get a bad partition number and format the wrong device.</span><br />
<span class="irc-date">[0:27]</span> <span class="irc-black">&lt;atinm&gt; and I just took the same if statement and put it in share/unshare because we need the full major/minor pair as well</span><br />
<span class="irc-date">[0:28]</span> <span class="irc-black">&lt;atinm&gt; last review . . .</span><br />
<span class="irc-date">[0:28]</span> <span class="irc-black">&lt;atinm&gt; and we'll be merged.</span><br />
<span class="irc-date">[0:28]</span> <span class="irc-black">&lt;techmik67&gt; freaking awesome....</span><br />
<span class="irc-date">[0:29]</span> <span class="irc-black">&lt;atinm&gt; well, then we will submit a few more ;)</span><br />
<span class="irc-date">[0:29]</span> <span class="irc-black">&lt;atinm&gt; like bootable/recovery</span><br />
<span class="irc-date">[0:29]</span> <span class="irc-black">&lt;atinm&gt; *then* the real work . . . SGS specific stuff like device tree, vendor stuff, etc</span><br />
<span class="irc-date">[0:29]</span> <span class="irc-black">&lt;atinm&gt; there is a law of conservation of pending gerrit reviews.</span><br />
<span class="irc-date">[0:30]</span> <span class="irc-black">&lt;atinm&gt; unhelpful, you working tonight?</span><br />
<span class="irc-date">[0:30]</span> <span class="irc-black">&lt;Unhelpful&gt; yes</span><br />
<span class="irc-date">[0:31]</span> <span class="irc-black">&lt;atinm&gt; awesome - so we will be done with 2 initramfs ;-)</span><br />
<span class="irc-date">[0:33]</span> <span class="irc-black">&lt;Unhelpful&gt; i hope so. :)</span><br />
<span class="irc-date">[0:35]</span> <span class="irc-navy">* Kaik541 (~Kaik541@cpe-70-112-175-254.austin.res.rr.com) Quit (Ping timeout: 240 seconds)</span><br />
<span class="irc-date">[0:35]</span> <span class="irc-navy">* codeworkx (~codeworkx@188-195-7-18-dynip.superkabel.de) Quit (Read error: Connection reset by peer)</span><br />
<span class="irc-date">[0:36]</span> <span class="irc-black">&lt;Unhelpful&gt; to do this right i'll need to use bml_over_mtd dump :)</span><br />
<span class="irc-date">[0:40]</span> <span class="irc-navy">* acdbx (~acdbx@cpe-66-75-28-44.san.res.rr.com) Quit (Ping timeout: 246 seconds)</span><br />
<span class="irc-date">[0:40]</span> <span class="irc-black">&lt;atinm&gt; better you than me is all I have to offer :)</span><br />
<span class="irc-date">[0:40]</span> <span class="irc-black">&lt;atinm&gt; I am good for nothing right now.</span><br />
<span class="irc-date">[0:40]</span> <span class="irc-black">&lt;atinm&gt; and tomorrow is my usual day for hacking but kid will be home sick.</span><br />
<span class="irc-date">[0:41]</span> <span class="irc-black">&lt;atinm&gt; lets see tho . . . maybe he feels better by tomorrow</span><br />
<span class="irc-date">[0:43]</span> <span class="irc-black">&lt;zachy_md|busy&gt; atinm xcaliburinhand's reoriented gingerbread kernel might be helpful with porting sammy's GB code to cm7</span><br />
<span class="irc-date">[0:43]</span> <span class="irc-black">&lt;zachy_md|busy&gt; <a href="https://github.com/xcaliburinhand/I9000-Reoriented-for-I897-Ginger">https://github.com/xcaliburinhand/I9000-Reoriented-for-I897-Ginger</a></span><br />
<span class="irc-date">[0:43]</span> <span class="irc-black">&lt;zachy_md|busy&gt; <a href="http://forum.xda-developers.com/showthread.php?t=1042543">http://forum.xda-developers.com/showthread.php?t=1042543</a></span><br />
<span class="irc-date">[0:45]</span> <span class="irc-black">&lt;atinm&gt; yes, he is usually the guy who does the reorient</span><br />
<span class="irc-date">[0:45]</span> <span class="irc-black">&lt;atinm&gt; of i9000 kernel</span><br />
<span class="irc-date">[0:45]</span> <span class="irc-black">&lt;atinm&gt; so I keep an eye on him</span><br />
<span class="irc-date">[0:45]</span> <span class="irc-black">&lt;atinm&gt; as soon as it seems stable, I'll look at it.</span><br />
<span class="irc-date">[0:47]</span> <span class="irc-black">&lt;atinm&gt; the good thing is, this will make all the ROM makers happy and captivate CM7 population will become more eclectic.</span><br />
<span class="irc-date">[0:47]</span> <span class="irc-black">&lt;atinm&gt; who actually understand the goal . . . rather than just ppl who want gingerbread</span><br />
<span class="irc-date">[0:48]</span> <span class="irc-black">&lt;zachy_md|busy&gt; yeah, when that stupid sleep-problem can be solved :(</span><br />
<span class="irc-date">[0:48]</span> <span class="irc-black">&lt;atinm&gt; its interesting that it only happens with our ROM</span><br />
<span class="irc-date">[0:48]</span> <span class="irc-black">&lt;atinm&gt; because samsungs works</span><br />
<span class="irc-date">[0:49]</span> <span class="irc-black">&lt;atinm&gt; and now it seems it works on captivate too with their kernel</span><br />
<span class="irc-date">[0:49]</span> <span class="irc-black">&lt;techmik67&gt; did you guys see the post i high;ighted last noght?</span><br />
<span class="irc-date">[0:49]</span> <span class="irc-black">&lt;techmik67&gt; night*</span><br />
<span class="irc-date">[0:49]</span> <span class="irc-black">&lt;atinm&gt; the one about radio?</span><br />
<span class="irc-date">[0:49]</span> <span class="irc-black">&lt;techmik67&gt; some guy said on airplane mode he lost 3% over 6 hrs</span><br />
<span class="irc-date">[0:49]</span> <span class="irc-black">&lt;techmik67&gt; total</span><br />
<span class="irc-date">[0:49]</span> <span class="irc-black">&lt;atinm&gt; yeah - we know the radio polling is an issue.</span><br />
<span class="irc-date">[0:49]</span> <span class="irc-black">&lt;atinm&gt; but no way to fix it yet.</span><br />
<span class="irc-date">[0:50]</span> <span class="irc-black">&lt;techmik67&gt; didnt realize it was THAT big a drain, since it never shows up as a big draw in battery stats</span><br />
<span class="irc-date">[0:50]</span> <span class="irc-navy">* thedeanius (~dean@c-24-2-24-87.hsd1.mo.comcast.net) Quit (Ping timeout: 250 seconds)</span><br />
<span class="irc-date">[0:50]</span> <span class="irc-black">&lt;atinm&gt; battery is a bigger problem in low reception areas</span><br />
<span class="irc-date">[0:50]</span> <span class="irc-black">&lt;techmik67&gt; ah</span><br />
<span class="irc-date">[0:50]</span> <span class="irc-black">&lt;techmik67&gt; maybe thats y</span><br />
<span class="irc-date">[0:50]</span> <span class="irc-black">&lt;techmik67&gt; i' always home =)</span><br />
<span class="irc-date">[0:51]</span> <span class="irc-black">&lt;atinm&gt; plus I don't know if radio/modem shows up in battery stats fully anyway</span><br />
<span class="irc-date">[0:51]</span> <span class="irc-black">&lt;atinm&gt; some of it might now be known to android</span><br />
<span class="irc-date">[0:51]</span> <span class="irc-black">&lt;atinm&gt; might not</span><br />
<span class="irc-date">[0:51]</span> <span class="irc-black">&lt;techmik67&gt; ah</span><br />
<span class="irc-date">[0:51]</span> <span class="irc-black">&lt;techmik67&gt; k</span><br />
<span class="irc-date">[0:53]</span> <span class="irc-black">&lt;atinm&gt; I don't think xcaliburinhand ever gets audience chip to work tho</span><br />
<span class="irc-date">[0:53]</span> <span class="irc-black">&lt;atinm&gt; so everyone will still be on i9000 modems</span><br />
<span class="irc-date">[0:54]</span> <span class="irc-black">&lt;atinm&gt; it'll most probably be me who finally does it if samsung doesnt' release source. not looking forward to it.</span><br />
<span class="irc-date">[0:54]</span> <span class="irc-black">&lt;atinm&gt; alright, first gingerbread jvb rom is out on captivate threads now too</span><br />
<span class="irc-date">[0:55]</span> <span class="irc-black">&lt;atinm&gt; I never look at the whole development forum, so finally checked</span><br />
<span class="irc-date">[0:56]</span> <span class="irc-black">&lt;atinm&gt; that's enough of XDA for the day</span><br />
<span class="irc-date">[0:57]</span> <span class="irc-black">&lt;atinm&gt; I'm off. Doing no work and should just rest up as pain is somewhat bad right now</span><br />
<span class="irc-date">[0:57]</span> <span class="irc-green">* atinm is now known as atinm|night</span><br />
<span class="irc-date">[0:57]</span> <span class="irc-black">&lt;atinm|night&gt; keep unhelpful company :)</span><br />
<span class="irc-date">[0:57]</span> <span class="irc-black">&lt;atinm|night&gt; in case he needs you to test</span><br />
<span class="irc-date">[0:58]</span> <span class="irc-green">* wahibdon (~wahibdon@74-134-2-235.dhcp.insightbb.com) has joined this channel.</span><br />
<span class="irc-date">[0:58]</span> <span class="irc-black">&lt;techmik67&gt; yup</span><br />
<span class="irc-date">[0:58]</span> <span class="irc-black">&lt;wahibdon&gt; Hey, I am going to flash a speedmod kernel called onix.  there is a 128 hz version and a 1000hz version. What does this mean?  both say there are an OC kernel to 1.6 GHz I am confused which I coudl pick and why.</span><br />
