<span class="irc-date">[0:12]</span> <span class="irc-black">&lt;Unhelpful&gt; wtf. :(</span><br />
<span class="irc-date">[0:12]</span> <span class="irc-navy">* Wout|afk (Wout@s559776f4.adsl.wanadoo.nl) Quit ()</span><br />
<span class="irc-date">[0:13]</span> <span class="irc-black">&lt;Unhelpful&gt; i don't see how duplicating a patch that applies in one place to two other places" is a clean merge. :P</span><br />
<span class="irc-date">[0:13]</span> <span class="irc-black">&lt;Unhelpful&gt; s/dup/"dup/ ;)</span><br />
<span class="irc-date">[0:14]</span> <span class="irc-black">&lt;atinm&gt; me no understand . . . me willing to bite it to have it mainlined.</span><br />
<span class="irc-date">[0:15]</span> <span class="irc-black">&lt;atinm&gt; my latest commit doesn't look terrible if you diff it against the original cyanogenmod makefile</span><br />
<span class="irc-date">[0:15]</span> <span class="irc-black">&lt;atinm&gt; and it'll get it approved I think.</span><br />
<span class="irc-date">[0:15]</span> <span class="irc-black">&lt;atinm&gt; since we touch *nothing*</span><br />
<span class="irc-date">[0:16]</span> <span class="irc-black">&lt;atinm&gt; just crap on our own part of the makefile ... theirs looks like it always has..</span><br />
<span class="irc-date">[0:16]</span> <span class="irc-black">&lt;atinm&gt; (walk carefully . . .)</span><br />
<span class="irc-date">[0:17]</span> <span class="irc-black">&lt;atinm&gt; given that we can't discuss this with him . . . I say we make sure it works and doesn't break anything else and try submitting again.</span><br />
<span class="irc-date">[0:17]</span> <span class="irc-black">&lt;atinm&gt; I was afraid he wasn't going to like us touching anything else . . . we're in our own world..</span><br />
<span class="irc-date">[0:21]</span> <span class="irc-black">&lt;Unhelpful&gt; atinm: i have a minimal to remove the duplication already. i think i'll put it up as another task.</span><br />
<span class="irc-date">[0:23]</span> <span class="irc-black">&lt;atinm&gt; how about we try to submit two separate ones. one that is exactly what he asked, and another that cleans up everything</span><br />
<span class="irc-date">[0:23]</span> <span class="irc-black">&lt;atinm&gt; is that what you meant?</span><br />
<span class="irc-date">[0:24]</span> <span class="irc-black">&lt;atinm&gt; ok, tournament in 30 minutes.</span><br />
<span class="irc-date">[0:24]</span> <span class="irc-black">&lt;Unhelpful&gt; atinm: this is cleanup *without* adding our options. just tested, works for one and encore. :)</span><br />
<span class="irc-date">[0:24]</span> <span class="irc-black">&lt;atinm&gt; *jogs in place*</span><br />
<span class="irc-date">[0:25]</span> <span class="irc-black">&lt;atinm&gt; *punches air* . . .</span><br />
<span class="irc-date">[0:26]</span> <span class="irc-black">&lt;atinm&gt; urk . . . you really want him to clean it up don't you :)</span><br />
<span class="irc-date">[0:26]</span> <span class="irc-black">&lt;atinm&gt; and he's just going to get mad . . .</span><br />
<span class="irc-date">[0:26]</span> <span class="irc-black">&lt;atinm&gt; can we do it in two stages? :)</span><br />
<span class="irc-date">[0:26]</span> <span class="irc-black">&lt;Unhelpful&gt; ...that's what i was *trying* to do, the cleanup will make our changes *smaller* :/</span><br />
<span class="irc-date">[0:27]</span> <span class="irc-black">&lt;atinm&gt; yes, I meant to first resubmit the patch with dup so we meet us (not concerned about duplication).</span><br />
<span class="irc-date">[0:27]</span> <span class="irc-black">&lt;atinm&gt; and get merged in</span><br />
<span class="irc-date">[0:27]</span> <span class="irc-black">&lt;atinm&gt; then send another that cleans it up.</span><br />
<span class="irc-date">[0:27]</span> <span class="irc-black">&lt;atinm&gt; he'll be more willing to listen then</span><br />
<span class="irc-date">[0:28]</span> <span class="irc-black">&lt;atinm&gt; right now he'll just think we're talking back . . .</span><br />
<span class="irc-date">[0:28]</span> <span class="irc-black">&lt;Unhelpful&gt; if you think so</span><br />
<span class="irc-date">[0:28]</span> <span class="irc-black">&lt;atinm&gt; if he took the time, it might work</span><br />
<span class="irc-date">[0:28]</span> <span class="irc-black">&lt;atinm&gt; but he doesnt seem like the type to take time right now</span><br />
<span class="irc-date">[0:28]</span> <span class="irc-brick">* Unhelpful hates when it turns into an ego thing</span><br />
<span class="irc-date">[0:28]</span> <span class="irc-black">&lt;atinm&gt; tell me about it ...</span><br />
<span class="irc-date">[0:29]</span> <span class="irc-black">&lt;atinm&gt; but given that he basically said "no, do it this way"</span><br />
<span class="irc-date">[0:29]</span> <span class="irc-black">&lt;atinm&gt; lets give him that as a first step and then send another one that cleans everyone.</span><br />
<span class="irc-date">[0:29]</span> <span class="irc-black">&lt;atinm&gt; will be harder to reject</span><br />
<span class="irc-date">[0:29]</span> <span class="irc-navy">* mersault (~mersault@67.71.2.170) Quit (Ping timeout: 246 seconds)</span><br />
<span class="irc-date">[0:31]</span> <span class="irc-black">&lt;atinm&gt; tho I would like to see what you did - commit it to a branch?</span><br />
<span class="irc-date">[0:32]</span> <span class="irc-black">&lt;atinm&gt; I'm going to let you merge CM_Version to head and resubmit if you think its fine</span><br />
<span class="irc-date">[0:32]</span> <span class="irc-black">&lt;atinm&gt; "fine"</span><br />
<span class="irc-date">[0:32]</span> <span class="irc-black">&lt;Kaik541&gt; I wonder where glitterballs is</span><br />
<span class="irc-date">[0:32]</span> <span class="irc-black">&lt;Kaik541&gt; he says he managed to port a1026 to i9000</span><br />
<span class="irc-date">[0:33]</span> <span class="irc-black">&lt;atinm&gt; when, where,</span><br />
<span class="irc-date">[0:33]</span> <span class="irc-black">&lt;Kaik541&gt; <a href="http://forum.xda-developers.com/showpost.php?p=12397646&amp;postcount=580">http://forum.xda-developers.com/showpost.php?p=12397646&amp;postcount=580</a></span><br />
<span class="irc-date">[0:33]</span> <span class="irc-black">&lt;atinm&gt; with what</span><br />
<span class="irc-date">[0:33]</span> <span class="irc-black">&lt;Kaik541&gt; today</span><br />
<span class="irc-date">[0:33]</span> <span class="irc-black">&lt;Kaik541&gt; for 2.2.1</span><br />
<span class="irc-date">[0:33]</span> <span class="irc-black">&lt;Kaik541&gt; an animated boot animation o.O</span><br />
<span class="irc-date">[0:33]</span> <span class="irc-black">&lt;Kaik541&gt; bootscreen*</span><br />
<span class="irc-date">[0:33]</span> <span class="irc-black">&lt;atinm&gt; as in froyo . . .</span><br />
<span class="irc-date">[0:34]</span> <span class="irc-black">&lt;atinm&gt; I guess it would be a start. would much prefer if he tried it on android_kernel_samsung . . .</span><br />
<span class="irc-date">[0:34]</span> <span class="irc-black">&lt;atinm&gt; teamhacksung kernel.</span><br />
<span class="irc-date">[0:34]</span> <span class="irc-black">&lt;Kaik541&gt; yes, but he ported it from cappy to i9000 kernel, so he at least has an idea of what the process is</span><br />
<span class="irc-date">[0:34]</span> <span class="irc-black">&lt;Kaik541&gt; can't hurt to try and bring him into the fold as it were</span><br />
<span class="irc-date">[0:35]</span> <span class="irc-black">&lt;atinm&gt; froyo to froyo isn't hard actually.</span><br />
<span class="irc-date">[0:35]</span> <span class="irc-black">&lt;atinm&gt; since now we have the code for both</span><br />
<span class="irc-date">[0:35]</span> <span class="irc-black">&lt;atinm&gt; cappy and i9000 - I was looking today</span><br />
<span class="irc-date">[0:35]</span> <span class="irc-black">&lt;atinm&gt; while trying to pull the froyo stuff into our kernel for A1026</span><br />
<span class="irc-date">[0:36]</span> <span class="irc-black">&lt;atinm&gt; the issue before was trying to port eclair cappy code to froyo i9000 code.</span><br />
<span class="irc-date">[0:36]</span> <span class="irc-black">&lt;atinm&gt; and now its a similar sort of issue porting froyo code to gingerbread - only more so.</span><br />
<span class="irc-date">[0:36]</span> <span class="irc-black">&lt;atinm&gt; driver has changed some.</span><br />
<span class="irc-date">[0:36]</span> <span class="irc-black">&lt;atinm&gt; has got cleaner - and the A1026 was really hacked in</span><br />
<span class="irc-date">[0:36]</span> <span class="irc-black">&lt;Kaik541&gt; I'm sure he'd be willing to try and join int he fold</span><br />
<span class="irc-date">[0:36]</span> <span class="irc-black">&lt;Kaik541&gt; just like xcalibur has</span><br />
<span class="irc-date">[0:37]</span> <span class="irc-black">&lt;atinm&gt; so I'm again wanting to just wait until samsung puts out GB for cappy</span><br />
<span class="irc-date">[0:37]</span> <span class="irc-black">&lt;atinm&gt; but would be happy for the help</span><br />
<span class="irc-date">[0:44]</span> <span class="irc-black">&lt;Kaik541&gt; I can send him a PM asking about his interest in CM7/GB</span><br />
<span class="irc-date">[0:44]</span> <span class="irc-black">&lt;Kaik541&gt; since I know he had some interest in 6.1</span><br />
<span class="irc-date">[0:45]</span> <span class="irc-black">&lt;atinm&gt; sure, yes</span><br />
<span class="irc-date">[0:45]</span> <span class="irc-black">&lt;atinm&gt; would be nice to have another captivate dev</span><br />
<span class="irc-date">[0:45]</span> <span class="irc-black">&lt;atinm&gt; (we will take over the US market anyway ;) )</span><br />
<span class="irc-date">[0:46]</span> <span class="irc-black">&lt;atinm&gt; while googling A1026, found some articles which said it is Nexus One that had the chip</span><br />
<span class="irc-date">[0:46]</span> <span class="irc-black">&lt;atinm&gt; and was the reason for the pristine sound quality.</span><br />
<span class="irc-date">[0:46]</span> <span class="irc-black">&lt;atinm&gt; did Nexus One get GB?</span><br />
<span class="irc-date">[0:47]</span> <span class="irc-black">&lt;atinm&gt; and I was mistaken about A1026 being on the Nexus S - or at least, i cannot find a reference that confirms/denies that.</span><br />
<span class="irc-date">[0:48]</span> <span class="irc-black">&lt;Kaik541&gt; yeah nexus one got gb</span><br />
<span class="irc-date">[0:48]</span> <span class="irc-black">&lt;atinm&gt; !</span><br />
<span class="irc-date">[0:48]</span> <span class="irc-black">&lt;Kaik541&gt; and it does have the chip</span><br />
<span class="irc-date">[0:48]</span> <span class="irc-black">&lt;atinm&gt; need a source ptr.</span><br />
<span class="irc-date">[0:48]</span> <span class="irc-black">&lt;atinm&gt; maybe they have a real driver for the A1026 chip</span><br />
<span class="irc-date">[0:49]</span> <span class="irc-black">&lt;atinm&gt; tho gpios etc wil lbe different, still.</span><br />
<span class="irc-date">[0:50]</span> <span class="irc-black">&lt;Kaik541&gt; <a href="http://audience.com/about/enabled-products.php">http://audience.com/about/enabled-products.php</a></span><br />
<span class="irc-date">[0:50]</span> <span class="irc-black">&lt;Kaik541&gt; all the devices with audience chip a1026</span><br />
<span class="irc-date">[0:51]</span> <span class="irc-black">&lt;atinm&gt; so have to find the code for it</span><br />
<span class="irc-date">[0:51]</span> <span class="irc-black">&lt;atinm&gt; nexus one code brb</span><br />
<span class="irc-date">[0:54]</span> <span class="irc-black">&lt;Unhelpful&gt; atinm: i'm going to stash this for now, it won't apply if a patch that adds another duplication goes in, but it won't be hard to do-over either: <a href="http://pastie.org/1720213">http://pastie.org/1720213</a></span><br />
<span class="irc-date">[0:55]</span> <span class="irc-black">&lt;atinm&gt; it does clean it up</span><br />
<span class="irc-date">[0:55]</span> <span class="irc-black">&lt;atinm&gt; want to try sending it? :)</span><br />
<span class="irc-date">[0:56]</span> <span class="irc-black">&lt;Unhelpful&gt; as a separate thing maybe. :)</span><br />
<span class="irc-date">[0:56]</span> <span class="irc-black">&lt;atinm&gt; after seeing that I don't want to send the ugly junk</span><br />
<span class="irc-date">[0:57]</span> <span class="irc-black">&lt;atinm&gt; you know, what the hell, commit that, then add our option, and send that.</span><br />
<span class="irc-date">[0:57]</span> <span class="irc-black">&lt;atinm&gt; he *has* to see its better.</span><br />
<span class="irc-date">[0:57]</span> <span class="irc-black">&lt;atinm&gt; how can he not when he sees the diff</span><br />
<span class="irc-date">[0:57]</span> <span class="irc-black">&lt;atinm&gt; in gerrit</span><br />
<span class="irc-date">[0:58]</span> <span class="irc-black">&lt;atinm&gt; it would be very very hard to argue against it...he won't.</span><br />
<span class="irc-date">[0:58]</span> <span class="irc-black">&lt;atinm&gt; would he?</span><br />
<span class="irc-date">[0:58]</span> <span class="irc-black">&lt;atinm&gt; no, he won't. he's not unreasonable.</span><br />
<span class="irc-date">[0:58]</span> <span class="irc-black">&lt;atinm&gt; I've convinced myself.</span><br />
<span class="irc-date">[0:59]</span> <span class="irc-black">&lt;atinm&gt; :)</span><br />
<span class="irc-date">[0:59]</span> <span class="irc-black">&lt;atinm&gt; (and I'm not on meds right now :) )</span><br />
<span class="irc-date">[0:59]</span> <span class="irc-black">&lt;atinm&gt; ok, see you all later</span><br />
<span class="irc-date">[0:59]</span> <span class="irc-green">* atinm is now known as atinm|away</span><br />
<span class="irc-date">[0:59]</span> <span class="irc-black">&lt;atinm|away&gt; we're seating.</span><br />
<span class="irc-date">[1:00]</span> <span class="irc-black">&lt;atinm|away&gt; time to lose some games.</span><br />
<span class="irc-date">[1:00]</span> <span class="irc-black">&lt;Unhelpful&gt; woooooo losing :/</span><br />
<span class="irc-date">[1:00]</span> <span class="irc-black">&lt;atinm|away&gt; its a freeroll that wins cash. me ok.</span><br />
<span class="irc-date">[1:07]</span> <span class="irc-brick">* Unhelpful doesn't know poker worth anything.</span><br />
<span class="irc-date">[1:08]</span> <span class="irc-black">&lt;Unhelpful&gt; i should also note that i used diff --patience to get that patch. regular diff is uglier and makes what's happening much less apparent.</span><br />
<span class="irc-date">[1:09]</span> <span class="irc-black">&lt;Unhelpful&gt; ie, the lines creating the recovery contents are removed *once* and not inserted at all, instead it decides that moving the other bits around is the "best" way to present it :(</span><br />
<span class="irc-date">[1:10]</span> <span class="irc-black">&lt;atinm|away&gt; oh. crap. then won't see</span><br />
<span class="irc-date">[1:10]</span> <span class="irc-black">&lt;atinm|away&gt; it</span><br />
<span class="irc-date">[1:11]</span> <span class="irc-black">&lt;atinm|away&gt; ppl insane all-in at holding AJ.</span><br />
<span class="irc-date">[1:13]</span> <span class="irc-black">&lt;Unhelpful&gt; although the "regular diff" patch makes it very clear what a cleanup this is. :)</span><br />
<span class="irc-date">[1:13]</span> <span class="irc-black">&lt;Unhelpful&gt; <a href="http://review.cyanogenmod.com/#change,4220">http://review.cyanogenmod.com/#change,4220</a></span><br />
<span class="irc-date">[1:14]</span> <span class="irc-black">&lt;Unhelpful&gt; the big chunk taken away says "hey a lot of duplicate code has disappeared" :)</span><br />
<span class="irc-date">[1:14]</span> <span class="irc-black">&lt;atinm|away&gt; bug. default.prop build.prop &gt; default.prop</span><br />
<span class="irc-date">[1:15]</span> <span class="irc-black">&lt;atinm|away&gt; no good for us</span><br />
<span class="irc-date">[1:15]</span> <span class="irc-black">&lt;atinm|away&gt; but fine for them</span><br />
<span class="irc-date">[1:17]</span> <span class="irc-black">&lt;Unhelpful&gt; that is how they normally do things. this patch does not yet change recovery contents, but it will enable us to change it in only one place.;)</span><br />
<span class="irc-date">[2:28]</span> <span class="irc-navy">* ytt3r (~evan@adsl-88-93-234.asm.bellsouth.net) Quit (Ping timeout: 240 seconds)</span><br />
<span class="irc-date">[3:02]</span> <span class="irc-black">&lt;Unhelpful&gt; for good or ill, it's pushed up. may koush have mercy. :)</span><br />
<span class="irc-date">[3:04]</span> <span class="irc-black">&lt;Unhelpful&gt; also it seemed like he wanted BOARD_USES_INITRAMFS, and i made the other variable BOARD_USES_COMBINED_RECOVERY</span><br />
<span class="irc-date">[3:16]</span> <span class="irc-green">* ciwrl|away is now known as ciwrl|around</span><br />
<span class="irc-date">[3:22]</span> <span class="irc-black">&lt;Kaik541&gt; I don't like that koush just said "NO" and declared it don't submit, instead of just saying "hey how about this" first</span><br />
<span class="irc-date">[3:33]</span> <span class="irc-green">* quad-home (d121029f@gateway/web/freenode/ip.209.33.2.159) has joined this channel.</span><br />
<span class="irc-date">[3:52]</span> <span class="irc-green">* nullghost (~quassel@c-76-18-157-237.hsd1.tn.comcast.net) has joined this channel.</span><br />
<span class="irc-date">[4:00]</span> <span class="irc-green">* mersault (~mersault@67.71.2.170) has joined this channel.</span><br />
<span class="irc-date">[4:03]</span> <span class="irc-navy">* mersault (~mersault@67.71.2.170) Quit (Read error: Connection reset by peer)</span><br />
<span class="irc-date">[4:03]</span> <span class="irc-green">* mersault (~mersault@67.71.2.170) has joined this channel.</span><br />
<span class="irc-date">[4:07]</span> <span class="irc-navy">* mersault (~mersault@67.71.2.170) Quit (Read error: Connection reset by peer)</span><br />
<span class="irc-date">[4:08]</span> <span class="irc-green">* mersault (~mersault@67.71.2.170) has joined this channel.</span><br />
<span class="irc-date">[4:12]</span> <span class="irc-green">* mersault_ (~mersault@67.71.2.170) has joined this channel.</span><br />
<span class="irc-date">[4:12]</span> <span class="irc-navy">* mersault (~mersault@67.71.2.170) Quit (Read error: Connection reset by peer)</span><br />
<span class="irc-date">[4:12]</span> <span class="irc-green">* mersault_ is now known as mersault</span><br />
<span class="irc-date">[4:12]</span> <span class="irc-navy">* mersault (~mersault@67.71.2.170) Quit (Client Quit)</span><br />
<span class="irc-date">[4:13]</span> <span class="irc-green">* mersault (~mersault@67.71.2.170) has joined this channel.</span><br />
<span class="irc-date">[4:13]</span> <span class="irc-navy">* nullghost (~quassel@c-76-18-157-237.hsd1.tn.comcast.net) Quit (Read error: Connection reset by peer)</span><br />
<span class="irc-date">[4:14]</span> <span class="irc-green">* nullghost (~quassel@c-76-18-157-237.hsd1.tn.comcast.net) has joined this channel.</span><br />
<span class="irc-date">[4:18]</span> <span class="irc-green">* nullghost_ (~quassel@c-76-18-157-237.hsd1.tn.comcast.net) has joined this channel.</span><br />
<span class="irc-date">[4:18]</span> <span class="irc-navy">* nullghost (~quassel@c-76-18-157-237.hsd1.tn.comcast.net) Quit (Read error: Connection reset by peer)</span><br />
<span class="irc-date">[4:25]</span> <span class="irc-navy">* nullghost_ (~quassel@c-76-18-157-237.hsd1.tn.comcast.net) Quit (Remote host closed the connection)</span><br />
<span class="irc-date">[4:26]</span> <span class="irc-green">* nullghost (~quassel@c-76-18-157-237.hsd1.tn.comcast.net) has joined this channel.</span><br />
<span class="irc-date">[4:40]</span> <span class="irc-green">* ciwrl|around is now known as Blur_sucks</span><br />
<span class="irc-date">[4:42]</span> <span class="irc-green">* crypta (~KP@port-5252.pppoe.wtnet.de) has joined this channel.</span><br />
<span class="irc-date">[4:42]</span> <span class="irc-green">* Blur_sucks is now known as ciwrl|around</span><br />
<span class="irc-date">[4:44]</span> <span class="irc-navy">* crypta1 (~KP@port-17395.pppoe.wtnet.de) Quit (Ping timeout: 246 seconds)</span><br />
<span class="irc-date">[5:07]</span> <span class="irc-navy">* nullghost (~quassel@c-76-18-157-237.hsd1.tn.comcast.net) Quit (Remote host closed the connection)</span><br />
<span class="irc-date">[5:15]</span> <span class="irc-navy">* mersault (~mersault@67.71.2.170) Quit (Ping timeout: 246 seconds)</span><br />
<span class="irc-date">[5:23]</span> <span class="irc-green">* ytt3r (~evan@adsl-88-54-77.asm.bellsouth.net) has joined this channel.</span><br />
<span class="irc-date">[5:45]</span> <span class="irc-navy">* kalpik (~kalpik@unaffiliated/kalpik) Quit (Ping timeout: 248 seconds)</span><br />
<span class="irc-date">[5:59]</span> <span class="irc-green">* kalpik (~kalpik@unaffiliated/kalpik) has joined this channel.</span><br />
<span class="irc-date">[6:01]</span> <span class="irc-green">* coolya|away is now known as coolya</span><br />
<span class="irc-date">[6:04]</span> <span class="irc-green">* techmik (~techmik@c-76-109-173-83.hsd1.fl.comcast.net) has joined this channel.</span><br />
<span class="irc-date">[6:04]</span> <span class="irc-navy">* techmik_laptop (~techmik@c-76-109-173-83.hsd1.fl.comcast.net) Quit (Read error: No route to host)</span><br />
<span class="irc-date">[6:13]</span> <span class="irc-green">* DJNgoma (~DJNgoma@41-133-207-106.dsl.mweb.co.za) has joined this channel.</span><br />
<span class="irc-date">[6:14]</span> <span class="irc-green">* Wout (~Wout@s559776f4.adsl.wanadoo.nl) has joined this channel.</span><br />
<span class="irc-date">[6:14]</span> <span class="irc-green">* stickpin (~stickpin@84.94.109.203.cable.012.net.il) has joined this channel.</span><br />
<span class="irc-date">[6:19]</span> <span class="irc-green">* techmik is now known as techmik_laptop</span><br />
<span class="irc-date">[6:24]</span> <span class="irc-navy">* stickpin (~stickpin@84.94.109.203.cable.012.net.il) Quit (Ping timeout: 240 seconds)</span><br />
<span class="irc-date">[7:13]</span> <span class="irc-green">* stickpin (~stickpin@80.178.10.184.adsl.012.net.il) has joined this channel.</span><br />
<span class="irc-date">[7:34]</span> <span class="irc-navy">* designfears (~df@cpe-184-57-163-79.cinci.res.rr.com) Quit (Ping timeout: 250 seconds)</span><br />
<span class="irc-date">[7:44]</span> <span class="irc-navy">* kalpik (~kalpik@unaffiliated/kalpik) Quit (Ping timeout: 246 seconds)</span><br />
<span class="irc-date">[8:03]</span> <span class="irc-green">* kalpik (~kalpik@unaffiliated/kalpik) has joined this channel.</span><br />
<span class="irc-date">[8:07]</span> <span class="irc-navy">* Wout (~Wout@s559776f4.adsl.wanadoo.nl) Quit (Ping timeout: 276 seconds)</span><br />
<span class="irc-date">[8:09]</span> <span class="irc-green">* Wout` (Wout@s559776f4.adsl.wanadoo.nl) has joined this channel.</span><br />
<span class="irc-date">[8:10]</span> <span class="irc-green">* coolya changes topic to 'SGS CyanogenMod - mergelist: <a href="http://kan.gd/1dt">http://kan.gd/1dt</a> ask coolya for write access  - for pastebin: <a href="http://cmsgsteam.pastebin.com">http://cmsgsteam.pastebin.com</a> - <a href="http://www.cmsgs.com/'">http://www.cmsgs.com/'</a></span><br />
<span class="irc-date">[9:15]</span> <span class="irc-black">&lt;Wout`&gt; hmm, JVK seems pretty smooth so far</span><br />
<span class="irc-date">[9:15]</span> <span class="irc-black">&lt;Wout`&gt; even for a sammy room</span><br />
<span class="irc-date">[9:15]</span> <span class="irc-black">&lt;Wout`&gt; rom</span><br />
<span class="irc-date">[9:17]</span> <span class="irc-black">&lt;Kaik541&gt; curio seemed to agree</span><br />
<span class="irc-date">[9:18]</span> <span class="irc-green">* ciwrl|around is now known as ciwrl|away</span><br />
<span class="irc-date">[9:37]</span> <span class="irc-black">&lt;coolya&gt; wait a week or two</span><br />
<span class="irc-date">[9:37]</span> <span class="irc-black">&lt;coolya&gt; and it will slow down like all sammy roms</span><br />
<span class="irc-date">[9:37]</span> <span class="irc-black">&lt;coolya&gt; 2.2.1 is pretty smooth after a fresh install</span><br />
<span class="irc-date">[9:38]</span> <span class="irc-black">&lt;Wout`&gt; are you crazy? I never stay on the same rom for two weeks :P</span><br />
<span class="irc-date">[9:38]</span> <span class="irc-black">&lt;coolya&gt; but as more services and apps are running in the background it slows down due RFS issues</span><br />
<span class="irc-date">[9:38]</span> <span class="irc-black">&lt;coolya&gt; :-D</span><br />
<span class="irc-date">[9:38]</span> <span class="irc-black">&lt;Wout`&gt; anyway, if there is anything you guys want that could be useful (grabbing files, dmesg, logcats, etc..) let me know</span><br />
<span class="irc-date">[9:39]</span> <span class="irc-black">&lt;coolya&gt; give me a source tar.gz :-P</span><br />
<span class="irc-date">[9:40]</span> <span class="irc-black">&lt;Wout`&gt; I've got a script checking the samsung opensource site every 30 mins for updates :P so when it drops, i'll let you know</span><br />
<span class="irc-date">[9:53]</span> <span class="irc-black">&lt;coolya&gt; i would love if just the opensource center from samsung would be able to send me an email if a model i subscribed too got an update</span><br />
<span class="irc-date">[9:58]</span> <span class="irc-black">&lt;Wout`&gt; suggest it to your contact ;)</span><br />
<span class="irc-date">[10:03]</span> <span class="irc-black">&lt;crypta&gt; had a look at the buglist for SGS... and uhm... number 73 "no charging while tethering". maybe I am wrong, but having a look at power consumption of radio and wan (~1.2w)... I think this "bug" is more related to the temperature limits of the CM7 SGS mod</span><br />
<span class="irc-date">[10:03]</span> <span class="irc-black">&lt;Wout`&gt; yeah, drain is prolly higher than charging rate</span><br />
<span class="irc-date">[10:03]</span> <span class="irc-black">&lt;crypta&gt; not only that</span><br />
<span class="irc-date">[10:03]</span> <span class="irc-black">&lt;crypta&gt; heat also</span><br />
<span class="irc-date">[10:04]</span> <span class="irc-black">&lt;Wout`&gt; right</span><br />
<span class="irc-date">[10:04]</span> <span class="irc-black">&lt;coolya&gt; there is a kernel branch where you can fry your phone</span><br />
<span class="irc-date">[10:04]</span> <span class="irc-black">&lt;crypta&gt; for getting along with heat limits @ cm7, I sometimes use fligtmode</span><br />
<span class="irc-date">[10:04]</span> <span class="irc-black">&lt;Wout`&gt; cool: you're using jpx values in that branch, yeah? if samsung deemed it safe for a release firmware, it should be alright  I guess</span><br />
<span class="irc-date">[10:04]</span> <span class="irc-black">&lt;coolya&gt; imho those values are insane</span><br />
<span class="irc-date">[10:05]</span> <span class="irc-black">&lt;crypta&gt; ah, I am ok with this... just wanted to show, that some bugs maybe aren't real bugs and as so.. they maybe don't have to be listed so they won't scare people away ;)</span><br />
<span class="irc-date">[10:06]</span> <span class="irc-black">&lt;coolya&gt; the battery *shouldn't* get that hot even when its charging and power is taken from it</span><br />
<span class="irc-date">[10:06]</span> <span class="irc-black">&lt;coolya&gt; i traveled a hole week on train with 4 to 7 hours tethering each day</span><br />
<span class="irc-date">[10:06]</span> <span class="irc-black">&lt;coolya&gt; never run into an overheat issue on battery</span><br />
<span class="irc-date">[10:07]</span> <span class="irc-black">&lt;coolya&gt; even when it was nearly lasted and got charged while tethering</span><br />
<span class="irc-date">[10:07]</span> <span class="irc-black">&lt;coolya&gt; all other SGS models use way lower values</span><br />
<span class="irc-date">[10:07]</span> <span class="irc-black">&lt;Wout`&gt; but what kind of environment temps were you in?</span><br />
<span class="irc-date">[10:07]</span> <span class="irc-black">&lt;crypta&gt; I did one night - the problem keeps only if some arguments come together: room temperature / sun or heavy use... e.g. 3d gaming</span><br />
<span class="irc-date">[10:07]</span> <span class="irc-black">&lt;Wout`&gt; these things have to function in hot countries too</span><br />
<span class="irc-date">[10:08]</span> <span class="irc-black">&lt;coolya&gt; Wout`: my battery temperatur increased at about 5°C on charging</span><br />
<span class="irc-date">[10:08]</span> <span class="irc-black">&lt;coolya&gt; even i you live in a area where its abot 40°C there 13°C until it will overheat and stop charging</span><br />
<span class="irc-date">[10:10]</span> <span class="irc-black">&lt;crypta&gt; wasn't the old limit 47°? and 42°C recovery?</span><br />
<span class="irc-date">[10:13]</span> <span class="irc-black">&lt;coolya&gt; #define HIGH_BLOCK_TEMP			500</span><br />
<span class="irc-date">[10:13]</span> <span class="irc-black">&lt;coolya&gt; #define HIGH_RECOVER_TEMP		420</span><br />
<span class="irc-date">[10:14]</span> <span class="irc-black">&lt;coolya&gt; those values are °C/10</span><br />
<span class="irc-date">[10:15]</span> <span class="irc-black">&lt;coolya&gt; i will write a *very* detailed blog enty about the charing logic to wipe out all the FUD flowing a round</span><br />
<span class="irc-date">[10:15]</span> <span class="irc-black">&lt;coolya&gt; hope that helps to make users understand what is going on</span><br />
<span class="irc-date">[10:16]</span> <span class="irc-black">&lt;coolya&gt; and why battery won't change in all condition just because a charger is pluged in</span><br />
<span class="irc-date">[10:17]</span> <span class="irc-black">&lt;crypta&gt; another thought I had related to the temps.. as .. if I remember correctly... the samsung temps are much higher ... maybe the tempsensor is placed somewhere else. I don't have any problems with it in current condition.. but I have to admit, I do fear the hot summer days :D</span><br />
<span class="irc-date">[10:18]</span> <span class="irc-black">&lt;coolya&gt; may vibrant and galaxys have the same battery according to the material number :-P</span><br />
<span class="irc-date">[10:19]</span> <span class="irc-black">&lt;coolya&gt; both assembles in the same week i just noticed ;-)</span><br />
<span class="irc-date">[10:24]</span> <span class="irc-black">&lt;Wout`&gt; touchkeys backlight stays on while the screen is on with JVK</span><br />
<span class="irc-date">[10:24]</span> <span class="irc-black">&lt;Wout`&gt; just like Nexus S</span><br />
<span class="irc-date">[10:24]</span> <span class="irc-black">&lt;Wout`&gt; perhaps samsung based their update on nexus s sources</span><br />
<span class="irc-date">[10:24]</span> <span class="irc-black">&lt;Wout`&gt; would be nice, prolly cleaner because google wrote them</span><br />
<span class="irc-date">[10:25]</span> <span class="irc-black">&lt;atinm|away&gt; morning</span><br />
<span class="irc-date">[10:25]</span> <span class="irc-green">* atinm|away is now known as atinm</span><br />
<span class="irc-date">[10:25]</span> <span class="irc-black">&lt;Wout`&gt; afternoon</span><br />
<span class="irc-date">[10:25]</span> <span class="irc-black">&lt;coolya&gt; samsung wrote them but google reviewed the source ;-)</span><br />
<span class="irc-date">[10:25]</span> <span class="irc-black">&lt;coolya&gt; hi atinm</span><br />
<span class="irc-date">[10:26]</span> <span class="irc-black">&lt;coolya&gt; the makefile looks good on encore aka nook color</span><br />
<span class="irc-date">[10:26]</span> <span class="irc-black">&lt;coolya&gt; flashing update.zip right now</span><br />
<span class="irc-date">[10:26]</span> <span class="irc-black">&lt;atinm&gt; sec, checking the emails from unhelpful</span><br />
<span class="irc-date">[10:29]</span> <span class="irc-black">&lt;atinm&gt; ohgad, tweet explosion from voodoo</span><br />
<span class="irc-date">[10:29]</span> <span class="irc-black">&lt;atinm&gt; err, supercurio</span><br />
<span class="irc-date">[10:29]</span> <span class="irc-black">&lt;coolya&gt; yep</span><br />
<span class="irc-date">[10:29]</span> <span class="irc-black">&lt;coolya&gt; he is tweeting every fart on lagfix</span><br />
<span class="irc-date">[10:29]</span> <span class="irc-black">&lt;atinm&gt; this is why I always remove him..</span><br />
<span class="irc-date">[10:31]</span> <span class="irc-black">&lt;atinm&gt; ok . . . did you try unhelpful's Makefile?</span><br />
<span class="irc-date">[10:32]</span> <span class="irc-black">&lt;coolya&gt; yes</span><br />
<span class="irc-date">[10:32]</span> <span class="irc-black">&lt;atinm&gt; did he push it anywhere?</span><br />
<span class="irc-date">[10:32]</span> <span class="irc-black">&lt;atinm&gt; I don't see it..</span><br />
<span class="irc-date">[10:32]</span> <span class="irc-black">&lt;coolya&gt; copying update.zip to nook color right now</span><br />
<span class="irc-date">[10:32]</span> <span class="irc-black">&lt;atinm&gt; or did it just get on gerrit?</span><br />
<span class="irc-date">[10:33]</span> <span class="irc-black">&lt;coolya&gt; it is on gerrit</span><br />
<span class="irc-date">[10:34]</span> <span class="irc-black">&lt;atinm&gt; k</span><br />
<span class="irc-date">[10:34]</span> <span class="irc-black">&lt;atinm&gt; yes, it should work..I'm afraid to ask Koush to look :)</span><br />
<span class="irc-date">[10:34]</span> <span class="irc-black">&lt;coolya&gt; ahh i missed something :-(</span><br />
<span class="irc-date">[10:35]</span> <span class="irc-black">&lt;Wout`&gt; does that mean the buildprocess is ready for mainline/</span><br />
<span class="irc-date">[10:35]</span> <span class="irc-black">&lt;Wout`&gt; ?</span><br />
<span class="irc-date">[10:35]</span> <span class="irc-black">&lt;coolya&gt; didn't pull the dependency</span><br />
<span class="irc-date">[10:35]</span> <span class="irc-black">&lt;coolya&gt; its ready when mainline says its ready :-S</span><br />
<span class="irc-date">[10:35]</span> <span class="irc-black">&lt;coolya&gt; :-D</span><br />
<span class="irc-date">[10:35]</span> <span class="irc-black">&lt;coolya&gt; s/:-S/:-D</span><br />
<span class="irc-date">[10:37]</span> <span class="irc-black">&lt;coolya&gt; once again from scratch</span><br />
<span class="irc-date">[10:38]</span> <span class="irc-black">&lt;coolya&gt; brunch galaxys &amp;&amp; brunch vibrant &amp;&amp; brunch encore</span><br />
<span class="irc-date">[10:39]</span> <span class="irc-black">&lt;atinm&gt; that changing USES_MKIMAGE to USES_INITRAMFS looks scary..</span><br />
<span class="irc-date">[10:39]</span> <span class="irc-black">&lt;coolya&gt; wtf do i have to modify encore too ?</span><br />
<span class="irc-date">[10:40]</span> <span class="irc-black">&lt;atinm&gt; no... shouldn't. only if it uses_initramfs</span><br />
<span class="irc-date">[10:40]</span> <span class="irc-black">&lt;coolya&gt; ok</span><br />
<span class="irc-date">[10:41]</span> <span class="irc-black">&lt;coolya&gt; compiling all the three rightn ow</span><br />
<span class="irc-date">[10:42]</span> <span class="irc-black">&lt;atinm&gt; :)</span><br />
<span class="irc-date">[10:42]</span> <span class="irc-black">&lt;atinm&gt; I need to coopt three of my servers..</span><br />
<span class="irc-date">[10:42]</span> <span class="irc-black">&lt;coolya&gt; i need a new hey core I7</span><br />
<span class="irc-date">[10:42]</span> <span class="irc-black">&lt;coolya&gt; s/hey/hexa</span><br />
<span class="irc-date">[10:42]</span> <span class="irc-black">&lt;atinm&gt; so I won't be working today - its my turn to let wife work on her research while I play with the kid. I hate winter.</span><br />
<span class="irc-date">[10:43]</span> <span class="irc-black">&lt;Wout`&gt; one of them sandy bridge ones, blazingly quick</span><br />
<span class="irc-date">[10:43]</span> <span class="irc-black">&lt;atinm&gt; so much mor efun if we can go outside</span><br />
<span class="irc-date">[10:43]</span> <span class="irc-black">&lt;atinm&gt; (and I sucked at poker last night too)</span><br />
<span class="irc-date">[10:44]</span> <span class="irc-black">&lt;coolya&gt; i saw the poker database on your github, what is it ?</span><br />
<span class="irc-date">[10:44]</span> <span class="irc-black">&lt;atinm&gt; it imports what you're playing in realtime, and shows statistics</span><br />
<span class="irc-date">[10:44]</span> <span class="irc-black">&lt;atinm&gt; on how many hands each opponent is playing, what % of the time they'r eraising folding etc - all legal :)</span><br />
<span class="irc-date">[10:45]</span> <span class="irc-black">&lt;atinm&gt; but gives you an idea of what cards they're playing</span><br />
<span class="irc-date">[10:45]</span> <span class="irc-black">&lt;coolya&gt; :-)</span><br />
<span class="irc-date">[10:45]</span> <span class="irc-black">&lt;atinm&gt; I only use it after tho - I want to train myself to read this realtime myself like the best players can</span><br />
<span class="irc-date">[10:45]</span> <span class="irc-black">&lt;atinm&gt; but using the hand history, I can figure out what mistakes I made (a lot..)</span><br />
<span class="irc-date">[10:45]</span> <span class="irc-black">&lt;atinm&gt; and try not to make them again</span><br />
<span class="irc-date">[10:46]</span> <span class="irc-black">&lt;coolya&gt; a friend of mine is a poker freak he playing 7 tables at a time online</span><br />
<span class="irc-date">[10:46]</span> <span class="irc-black">&lt;atinm&gt; yeah, I can barely manage one :)</span><br />
<span class="irc-date">[10:47]</span> <span class="irc-black">&lt;atinm&gt; I just started and got distracted by the coding. realized there were better people doing the coding who knew what they're doing on a table too, so I am back to just playing :)</span><br />
<span class="irc-date">[10:47]</span> <span class="irc-black">&lt;coolya&gt; :-)</span><br />
<span class="irc-date">[10:47]</span> <span class="irc-black">&lt;atinm&gt; and coding android.</span><br />
<span class="irc-date">[10:47]</span> <span class="irc-black">&lt;coolya&gt; lol i love then new VW comercial</span><br />
<span class="irc-date">[10:48]</span> <span class="irc-black">&lt;atinm&gt; I only play freerolls tho - no money. they have tournaments that let you enter for free but still pay you some small change. fine for when I'm learning</span><br />
<span class="irc-date">[10:48]</span> <span class="irc-black">&lt;coolya&gt; <a href="http://www.youtube.com/watch?v=R55e-uHQna0">http://www.youtube.com/watch?v=R55e-uHQna0</a></span><br />
<span class="irc-date">[10:49]</span> <span class="irc-black">&lt;coolya&gt; i suck at poker</span><br />
<span class="irc-date">[10:50]</span> <span class="irc-black">&lt;atinm&gt; I just tell myself I still do better at coding :)</span><br />
<span class="irc-date">[10:51]</span> <span class="irc-black">&lt;coolya&gt; Wout`: i thought of this one <a href="http://ark.intel.com/Product.aspx?id=47933&amp;processor=i7-970&amp;spec-codes=SLBVF">http://ark.intel.com/Product.aspx?id=47933&amp;processor=i7-970&amp;spec-codes=SLBVF</a></span><br />
<span class="irc-date">[10:51]</span> <span class="irc-black">&lt;coolya&gt; not sandy bridge</span><br />
<span class="irc-date">[10:55]</span> <span class="irc-black">&lt;Wout`&gt; well, if the software you're using is multithreaded, then the 970 is really nice</span><br />
<span class="irc-date">[10:57]</span> <span class="irc-black">&lt;Wout`&gt; but clock for clock the new i7's are much faster</span><br />
<span class="irc-date">[10:59]</span> <span class="irc-black">&lt;coolya&gt; compiling android is heavily multi threaded ;-)</span><br />
<span class="irc-date">[11:02]</span> <span class="irc-black">&lt;Wout`&gt; then the extra 2 cores are nice</span><br />
<span class="irc-date">[11:02]</span> <span class="irc-black">&lt;Wout`&gt; did some benchmarks on the sandy bridge chips for laptops recently for a review</span><br />
<span class="irc-date">[11:02]</span> <span class="irc-black">&lt;Wout`&gt; and those cpu's are flying</span><br />
<span class="irc-date">[11:03]</span> <span class="irc-black">&lt;coolya&gt; atinm: did you test the changes from Unhelpful? for me i get</span><br />
<span class="irc-date">[11:03]</span> <span class="irc-black">&lt;coolya&gt; an error</span><br />
<span class="irc-date">[11:03]</span> <span class="irc-black">&lt;atinm&gt; I didn't yet</span><br />
<span class="irc-date">[11:04]</span> <span class="irc-black">&lt;atinm&gt; let me start</span><br />
<span class="irc-date">[11:04]</span> <span class="irc-black">&lt;coolya&gt; I pulled both changes from gerrit</span><br />
<span class="irc-date">[11:12]</span> <span class="irc-black">&lt;atinm&gt; k, me too</span><br />
<span class="irc-date">[11:12]</span> <span class="irc-black">&lt;atinm&gt; started brunch captivate</span><br />
<span class="irc-date">[11:16]</span> <span class="irc-black">&lt;Kaik541&gt; speaking of compooters <a href="http://www.phoronix.com/scan.php?page=article&amp;item=linux_2637_video&amp;num=1">http://www.phoronix.com/scan.php?page=article&amp;item=linux_2637_video&amp;num=1</a></span><br />
<span class="irc-date">[11:20]</span> <span class="irc-black">&lt;coolya&gt; why on earth samsung added a extra FM radio chip is the BCM4329 can do FM Radio too</span><br />
<span class="irc-date">[11:20]</span> <span class="irc-black">&lt;Kaik541&gt; coolya, yeah I was under the impression that's where the FM came from until recently</span><br />
<span class="irc-date">[11:21]</span> <span class="irc-black">&lt;Kaik541&gt; which is why I was confused as to why the US variants couldn't enable it</span><br />
<span class="irc-date">[11:21]</span> <span class="irc-black">&lt;coolya&gt; i guess they didn't connect the antenna</span><br />
<span class="irc-date">[11:21]</span> <span class="irc-black">&lt;atinm&gt; wtf. Makefile error</span><br />
<span class="irc-date">[11:21]</span> <span class="irc-black">&lt;coolya&gt; atinm: yep the same here</span><br />
<span class="irc-date">[11:21]</span> <span class="irc-black">&lt;atinm&gt; fixed, let me try again</span><br />
<span class="irc-date">[11:22]</span> <span class="irc-black">&lt;atinm&gt; I'll commit it</span><br />
<span class="irc-date">[11:22]</span> <span class="irc-black">&lt;atinm&gt; combined_recovery branch</span><br />
<span class="irc-date">[11:22]</span> <span class="irc-black">&lt;coolya&gt;  k</span><br />
<span class="irc-date">[11:23]</span> <span class="irc-black">&lt;atinm&gt; up</span><br />
<span class="irc-date">[11:25]</span> <span class="irc-black">&lt;atinm&gt; dont want Koush to look at it yet.</span><br />
<span class="irc-date">[11:25]</span> <span class="irc-black">&lt;atinm&gt; going farther..</span><br />
<span class="irc-date">[11:26]</span> <span class="irc-black">&lt;atinm&gt; combined_recovery branch on build/core</span><br />
<span class="irc-date">[11:32]</span> <span class="irc-black">&lt;Unhelpful&gt; *grumble* how is there a syntax error :/</span><br />
<span class="irc-date">[11:33]</span> <span class="irc-black">&lt;atinm&gt; missing paren</span><br />
<span class="irc-date">[11:33]</span> <span class="irc-black">&lt;atinm&gt; I commited to combined_recovery branch on build/core</span><br />
<span class="irc-date">[11:33]</span> <span class="irc-black">&lt;atinm&gt; captivate built</span><br />
<span class="irc-date">[11:34]</span> <span class="irc-black">&lt;atinm&gt; hey what toddler car seat should I buy</span><br />
<span class="irc-date">[11:34]</span> <span class="irc-black">&lt;atinm&gt; kid has outgrown the one we have at 40lbs..</span><br />
<span class="irc-date">[11:34]</span> <span class="irc-black">&lt;atinm&gt; so going car seat shopping today...</span><br />
<span class="irc-date">[11:36]</span> <span class="irc-black">&lt;Unhelpful&gt; if you're still looking for rear-facing i *think* there's one that goes up to 45lb</span><br />
<span class="irc-date">[11:37]</span> <span class="irc-black">&lt;atinm&gt; nah, he's been facing front since he outgrew the age requirement at 2</span><br />
<span class="irc-date">[11:37]</span> <span class="irc-black">&lt;atinm&gt; and he had already outgrown the height and weight requirement by then ..</span><br />
<span class="irc-date">[11:37]</span> <span class="irc-black">&lt;atinm&gt; (big kid for his age, always in the 99th percentile - dunno where he gets it!)</span><br />
<span class="irc-date">[11:38]</span> <span class="irc-black">&lt;atinm&gt; so convertible car seat - tending more towards the booster range but not booster as that is too big</span><br />
<span class="irc-date">[11:39]</span> <span class="irc-black">&lt;Unhelpful&gt; where are you getting this syntax error?</span><br />
<span class="irc-date">[11:39]</span> <span class="irc-black">&lt;atinm&gt; line 343</span><br />
<span class="irc-date">[11:39]</span> <span class="irc-black">&lt;atinm&gt; missing paren at end</span><br />
<span class="irc-date">[11:40]</span> <span class="irc-black">&lt;atinm&gt; we applied both patches.</span><br />
<span class="irc-date">[11:40]</span> <span class="irc-black">&lt;atinm&gt; directly on the cyanogenmod/build/core/Makefile</span><br />
<span class="irc-date">[11:41]</span> <span class="irc-black">&lt;Unhelpful&gt; wonder what you're doing differently...  i see the error now but i just built successfully.</span><br />
<span class="irc-date">[11:41]</span> <span class="irc-black">&lt;atinm&gt; just ./build/envsetup.sh &amp;&amp; brunch captivate</span><br />
<span class="irc-date">[11:42]</span> <span class="irc-black">&lt;atinm&gt; coolya got the same</span><br />
<span class="irc-date">[11:43]</span> <span class="irc-black">&lt;coolya&gt; yep</span><br />
<span class="irc-date">[11:45]</span> <span class="irc-green">* codeworkx (~codeworkx@77-23-132-231-dynip.superkabel.de) has joined this channel.</span><br />
<span class="irc-date">[11:45]</span> <span class="irc-green">* ChanServ sets mode +o codeworkx</span><br />
<span class="irc-date">[11:45]</span> <span class="irc-black">&lt;Wout`&gt; oi codeworkx</span><br />
<span class="irc-date">[11:45]</span> <span class="irc-black">&lt;codeworkx&gt; hi</span><br />
<span class="irc-date">[11:47]</span> <span class="irc-black">&lt;Unhelpful&gt; pushed: one right-paren :P</span><br />
<span class="irc-date">[11:49]</span> <span class="irc-black">&lt;coolya&gt; jni sux</span><br />
<span class="irc-date">[11:50]</span> <span class="irc-black">&lt;coolya&gt; i spent more time on converting the jni datatype to something i can work with than on implementing FM radio driver so far</span><br />
<span class="irc-date">[11:59]</span> <span class="irc-green">* neldar (~neldar@dsl-217-175-49.pool.bitel.net) has joined this channel.</span><br />
<span class="irc-date">[11:59]</span> <span class="irc-black">&lt;- *neldar* Bot Sentry eingeschalten:  Sie werden jetzt ignoriert!  Ihre Nachricht wird übermittelt wenn sie die folgenden Fragen innerhalb von 10 Minuten richtig beantworten:  How do you spell the result of ten div_ided by 2?</span><br />
<span class="irc-date">[13:27]</span> <span class="irc-navy">* Kaik541 (~Rawr@cpe-66-68-164-213.austin.res.rr.com) Quit (Ping timeout: 240 seconds)</span><br />
<span class="irc-date">[13:50]</span> <span class="irc-navy">* kalpik (~kalpik@unaffiliated/kalpik) Quit (Ping timeout: 250 seconds)</span><br />
<span class="irc-date">[14:03]</span> <span class="irc-black">&lt;coolya&gt; i love xda <a href="http://forum.xda-developers.com/showpost.php?p=12428973&amp;postcount=5466">http://forum.xda-developers.com/showpost.php?p=12428973&amp;postcount=5466</a></span><br />
<span class="irc-date">[14:06]</span> <span class="irc-black">&lt;kang&gt; s/xda/humans/</span><br />
<span class="irc-date">[14:07]</span> <span class="irc-navy">* techmik_laptop (~techmik@c-76-109-173-83.hsd1.fl.comcast.net) Quit (Ping timeout: 252 seconds)</span><br />
<span class="irc-date">[14:11]</span> <span class="irc-green">* techmik_laptop (~techmik@c-76-109-173-83.hsd1.fl.comcast.net) has joined this channel.</span><br />
<span class="irc-date">[14:17]</span> <span class="irc-green">* kalpik (~kalpik@unaffiliated/kalpik) has joined this channel.</span><br />
<span class="irc-date">[14:22]</span> <span class="irc-black">&lt;techmik67&gt; hi all</span><br />
<span class="irc-date">[14:23]</span> <span class="irc-black">&lt;coolya&gt; hi</span><br />
<span class="irc-date">[14:23]</span> <span class="irc-black">&lt;Wout`&gt; oi</span><br />
<span class="irc-date">[14:24]</span> <span class="irc-black">&lt;Wout`&gt; According to latest rumours/news, JVK will be sent out this week to users</span><br />
<span class="irc-date">[14:24]</span> <span class="irc-black">&lt;Wout`&gt; so I'm guessing source within 2 weeks</span><br />
<span class="irc-date">[14:24]</span> <span class="irc-black">&lt;techmik67&gt; was compiling, after pulling in the code review changes.... got this error:</span><br />
<span class="irc-date">[14:24]</span> <span class="irc-black">&lt;techmik_laptop&gt; <a href="http://www.pastie.org/1722136">http://www.pastie.org/1722136</a></span><br />
<span class="irc-date">[14:25]</span> <span class="irc-black">&lt;techmik67&gt; coolya: holy!! what asses on xda..... i thought the captivate people were bad....</span><br />
<span class="irc-date">[14:26]</span> <span class="irc-black">&lt;coolya&gt; lol it's funny i like that guy :-D</span><br />
<span class="irc-date">[14:26]</span> <span class="irc-black">&lt;techmik67&gt; we need to get kaikan i9000 so he can patrol i9000 also =P</span><br />
<span class="irc-date">[14:31]</span> <span class="irc-black">&lt;kang&gt; theres smth "funny" on the touchkey</span><br />
<span class="irc-date">[14:31]</span> <span class="irc-black">&lt;kang&gt; if u force it on</span><br />
<span class="irc-date">[14:31]</span> <span class="irc-black">&lt;kang&gt; and u tape menu + back quickly</span><br />
<span class="irc-date">[14:31]</span> <span class="irc-black">&lt;kang&gt; back will go off for like 5ms then back on</span><br />
<span class="irc-date">[14:31]</span> <span class="irc-black">&lt;kang&gt; prolly firmware stuff lol</span><br />
<span class="irc-date">[14:33]</span> <span class="irc-black">&lt;coolya&gt; kang: that is normal</span><br />
<span class="irc-date">[14:33]</span> <span class="irc-navy">* kalpik (~kalpik@unaffiliated/kalpik) Quit (Quit: WeeChat 0.3.4)</span><br />
<span class="irc-date">[14:33]</span> <span class="irc-black">&lt;coolya&gt; they turn off shortly when you tab them</span><br />
<span class="irc-date">[14:35]</span> <span class="irc-black">&lt;kang&gt; only back ^^</span><br />
<span class="irc-date">[14:35]</span> <span class="irc-black">&lt;coolya&gt; lol</span><br />
<span class="irc-date">[14:35]</span> <span class="irc-black">&lt;coolya&gt; both for me</span><br />
<span class="irc-date">[14:36]</span> <span class="irc-green">* kalpik (~kalpik@unaffiliated/kalpik) has joined this channel.</span><br />
<span class="irc-date">[14:49]</span> <span class="irc-black">&lt;coolya&gt; atinm: Unhelpful did you sucessfully boot a build with the new buildsystem ?</span><br />
<span class="irc-date">[14:49]</span> <span class="irc-black">&lt;atinm&gt; I just built, haven't tried.</span><br />
<span class="irc-date">[14:49]</span> <span class="irc-black">&lt;atinm&gt; hiding in study</span><br />
<span class="irc-date">[14:49]</span> <span class="irc-black">&lt;atinm&gt; but have to go soon</span><br />
<span class="irc-date">[14:49]</span> <span class="irc-black">&lt;coolya&gt; my initramfs is screwed</span><br />
<span class="irc-date">[14:50]</span> <span class="irc-black">&lt;coolya&gt; it uses the original recovery initramdisc not the one with recovery and normal</span><br />
<span class="irc-date">[14:51]</span> <span class="irc-green">* designfears (~df@cpe-184-57-163-79.cinci.res.rr.com) has joined this channel.</span><br />
<span class="irc-date">[14:51]</span> <span class="irc-black">&lt;atinm&gt; well. crap.</span><br />
<span class="irc-date">[14:51]</span> <span class="irc-black">&lt;coolya&gt; and i'm sure i have BOARD_USES_COMBINED_RECOVERY</span><br />
<span class="irc-date">[14:51]</span> <span class="irc-black">&lt;atinm&gt; i can't try -- wife will demand my presence soon</span><br />
<span class="irc-date">[14:51]</span> <span class="irc-black">&lt;coolya&gt; ok i will wait for Unhelpful</span><br />
<span class="irc-date">[14:51]</span> <span class="irc-black">&lt;atinm&gt; did you try the CM_Version Makefile - that works I think. FUGLY tho.</span><br />
<span class="irc-date">[14:52]</span> <span class="irc-black">&lt;atinm&gt; would prefer unhelpful's</span><br />
<span class="irc-date">[14:52]</span> <span class="irc-black">&lt;atinm&gt; crap, have to go ...</span><br />
<span class="irc-date">[14:52]</span> <span class="irc-black">&lt;coolya&gt; ok</span><br />
<span class="irc-date">[14:53]</span> <span class="irc-black">&lt;atinm&gt; think the makefile is backwards..</span><br />
<span class="irc-date">[14:53]</span> <span class="irc-black">&lt;atinm&gt; sec</span><br />
<span class="irc-date">[14:53]</span> <span class="irc-black">&lt;atinm&gt; (she will divorce me..)</span><br />
<span class="irc-date">[14:54]</span> <span class="irc-black">&lt;atinm&gt; ifneq ($(BOARD_USES_MKIMAGE),true)</span><br />
<span class="irc-date">[14:54]</span> <span class="irc-black">&lt;atinm&gt; ifneq ($(BOARD_USES_INITRAMFS),true)</span><br />
<span class="irc-date">[14:54]</span> <span class="irc-black">&lt;coolya&gt; for me it looks like the kernel was build before the stuff from "root" was copied over</span><br />
<span class="irc-date">[14:54]</span> <span class="irc-black">&lt;atinm&gt; think the second line should be ifeq</span><br />
<span class="irc-date">[14:54]</span> <span class="irc-black">&lt;coolya&gt; because in the end "recovery" looks fine</span><br />
<span class="irc-date">[14:55]</span> <span class="irc-black">&lt;coolya&gt; but it got attached to the kernel to early</span><br />
<span class="irc-date">[14:56]</span> <span class="irc-black">&lt;atinm&gt; I think both places should be ifeq</span><br />
<span class="irc-date">[14:56]</span> <span class="irc-black">&lt;atinm&gt; both BOARD_USES_INITRAMFS places should be ifeq</span><br />
<span class="irc-date">[14:56]</span> <span class="irc-black">&lt;atinm&gt; I think</span><br />
<span class="irc-date">[14:56]</span> <span class="irc-black">&lt;atinm&gt; I'm trying to look quickly :)</span><br />
<span class="irc-date">[14:57]</span> <span class="irc-black">&lt;atinm&gt; no.. crap.</span><br />
<span class="irc-date">[14:57]</span> <span class="irc-black">&lt;atinm&gt; se</span><br />
<span class="irc-date">[14:57]</span> <span class="irc-black">&lt;atinm&gt; c</span><br />
<span class="irc-date">[14:58]</span> <span class="irc-black">&lt;coolya&gt; encore works with our changes</span><br />
<span class="irc-date">[14:59]</span> <span class="irc-black">&lt;coolya&gt; something is wrong here</span><br />
<span class="irc-date">[14:59]</span> <span class="irc-black">&lt;atinm&gt; yeah..</span><br />
<span class="irc-date">[15:00]</span> <span class="irc-black">&lt;atinm&gt; not making sense now that I'm looking at it</span><br />
<span class="irc-date">[15:00]</span> <span class="irc-black">&lt;coolya&gt; if i look in "recovery" in out/ blah</span><br />
