<span class="irc-date">[0:00]</span> <span class="irc-black">&lt;Kaik541&gt; how's that?</span><br />
<span class="irc-date">[0:00]</span> <span class="irc-navy">* kalpik (~kalpik@unaffiliated/kalpik) Quit (Ping timeout: 255 seconds)</span><br />
<span class="irc-date">[0:00]</span> <span class="irc-black">&lt;techmik67&gt; you are fast =)</span><br />
<span class="irc-date">[0:00]</span> <span class="irc-black">&lt;techmik67&gt; nice</span><br />
<span class="irc-date">[0:00]</span> <span class="irc-black">&lt;Kaik541&gt; I know where to get thea ssets I need</span><br />
<span class="irc-date">[0:00]</span> <span class="irc-black">&lt;techmik67&gt; i was making the same thing</span><br />
<span class="irc-date">[0:01]</span> <span class="irc-black">&lt;Kaik541&gt; <a href="http://dl.dropbox.com/u/10640272/cyano-galaxy.png">http://dl.dropbox.com/u/10640272/cyano-galaxy.png</a> &lt;--- input? recommended changes? total and complete bashing?</span><br />
<span class="irc-date">[0:02]</span> <span class="irc-black">&lt;atinm|night&gt; hrm.</span><br />
<span class="irc-date">[0:02]</span> <span class="irc-black">&lt;techmik67&gt; i like it</span><br />
<span class="irc-date">[0:02]</span> <span class="irc-black">&lt;atinm|night&gt; maybe CyanogenMod a little higher</span><br />
<span class="irc-date">[0:02]</span> <span class="irc-black">&lt;techmik67&gt; maybe a little higher on te cm logo</span><br />
<span class="irc-date">[0:02]</span> <span class="irc-black">&lt;techmik67&gt; lol</span><br />
<span class="irc-date">[0:04]</span> <span class="irc-black">&lt;mersault&gt; Kaik541: I like that one</span><br />
<span class="irc-date">[0:05]</span> <span class="irc-black">&lt;mersault&gt; also, bluetooth headphones are fine as of 0318</span><br />
<span class="irc-date">[0:05]</span> <span class="irc-black">&lt;Kaik541&gt; hwo much higher is higher?</span><br />
<span class="irc-date">[0:05]</span> <span class="irc-black">&lt;mersault&gt; maybe centre it between the bottom of the s and the bottom of the image?</span><br />
<span class="irc-date">[0:06]</span> <span class="irc-black">&lt;techmik67&gt; a touch below that</span><br />
<span class="irc-date">[0:06]</span> <span class="irc-black">&lt;techmik67&gt; yes</span><br />
<span class="irc-date">[0:06]</span> <span class="irc-black">&lt;Kaik541&gt; <a href="http://dl.dropbox.com/u/10640272/cyano-galaxy-higher.png">http://dl.dropbox.com/u/10640272/cyano-galaxy-higher.png</a></span><br />
<span class="irc-date">[0:06]</span> <span class="irc-black">&lt;techmik67&gt; yupyup</span><br />
<span class="irc-date">[0:07]</span> <span class="irc-black">&lt;techmik67&gt; (it does stuff) reallysmall? =P</span><br />
<span class="irc-date">[0:07]</span> <span class="irc-black">&lt;mersault&gt; yeah, nice</span><br />
<span class="irc-date">[0:07]</span> <span class="irc-black">&lt;atinm|night&gt; techmik67: no.</span><br />
<span class="irc-date">[0:07]</span> <span class="irc-black">&lt;atinm|night&gt; :)</span><br />
<span class="irc-date">[0:07]</span> <span class="irc-black">&lt;techmik67&gt; lol</span><br />
<span class="irc-date">[0:07]</span> <span class="irc-black">&lt;techmik67&gt; kidding</span><br />
<span class="irc-date">[0:07]</span> <span class="irc-black">&lt;atinm|night&gt; you can't even sneak it in.</span><br />
<span class="irc-date">[0:07]</span> <span class="irc-black">&lt;techmik67&gt; imaginetrying to get THAT past koush</span><br />
<span class="irc-date">[0:07]</span> <span class="irc-black">&lt;atinm|night&gt; you could sneak it in</span><br />
<span class="irc-date">[0:07]</span> <span class="irc-black">&lt;mersault&gt; Kaik541: I would use this boot logo. For sure.</span><br />
<span class="irc-date">[0:08]</span> <span class="irc-black">&lt;atinm|night&gt; this koush doesnt' have any say over</span><br />
<span class="irc-date">[0:08]</span> <span class="irc-black">&lt;atinm|night&gt; its the kernel.</span><br />
<span class="irc-date">[0:08]</span> <span class="irc-black">&lt;atinm|night&gt; kernels are ours</span><br />
<span class="irc-date">[0:08]</span> <span class="irc-black">&lt;techmik67&gt; ah... whenever i look at code review it seems like i see his name</span><br />
<span class="irc-date">[0:08]</span> <span class="irc-black">&lt;Kaik541&gt; I'll convert it to the .h file in a bit, monitor currently being used up by vidya games (unless anyone else wants to convert it now)</span><br />
<span class="irc-date">[0:08]</span> <span class="irc-black">&lt;techmik67&gt; oh, kernels arent mainline</span><br />
<span class="irc-date">[0:08]</span> <span class="irc-black">&lt;techmik67&gt; duh</span><br />
<span class="irc-date">[0:09]</span> <span class="irc-black">&lt;atinm|night&gt; no kernel stuff. just android stuff</span><br />
<span class="irc-date">[0:09]</span> <span class="irc-black">&lt;techmik67&gt; i got it Kaik541</span><br />
<span class="irc-date">[0:09]</span> <span class="irc-black">&lt;techmik67&gt; i'll make logo</span><br />
<span class="irc-date">[0:09]</span> <span class="irc-black">&lt;atinm|night&gt; ok, goot night for real</span><br />
<span class="irc-date">[0:09]</span> <span class="irc-black">&lt;techmik67&gt; night again</span><br />
<span class="irc-date">[0:13]</span> <span class="irc-green">* kalpik (~kalpik@unaffiliated/kalpik) has joined this channel.</span><br />
<span class="irc-date">[0:17]</span> <span class="irc-black">&lt;mersault&gt; techmik67: anything new with the sdcard_test stuff?</span><br />
<span class="irc-date">[0:17]</span> <span class="irc-black">&lt;techmik67&gt; not afaik</span><br />
<span class="irc-date">[0:18]</span> <span class="irc-black">&lt;techmik67&gt; it still is working like it was... everything except access from pc and no link from sdcard/extewrnal_sd to /emmc</span><br />
<span class="irc-date">[0:18]</span> <span class="irc-black">&lt;mersault&gt; alright. then I'm gonna do another fresh build and then I think I'll check out TheEscapist's kernel</span><br />
<span class="irc-date">[0:21]</span> <span class="irc-black">&lt;Kaik541&gt; the settings change either needs to be approved or canceled &gt;_&gt;</span><br />
<span class="irc-date">[0:23]</span> <span class="irc-black">&lt;techmik67&gt; any new reviews or no?</span><br />
<span class="irc-date">[0:24]</span> <span class="irc-black">&lt;Kaik541&gt; nope, evaluate is still waiting on an answer I think</span><br />
<span class="irc-date">[0:24]</span> <span class="irc-black">&lt;techmik67&gt; geez</span><br />
<span class="irc-date">[0:25]</span> <span class="irc-black">&lt;Kaik541&gt; it's not like using the review process should, you know, tell us how and what to fix instead of just saying "I'd rather you didn't submit this"</span><br />
<span class="irc-date">[0:27]</span> <span class="irc-black">&lt;techmik67&gt; just booted the logo.... looks good</span><br />
<span class="irc-date">[0:28]</span> <span class="irc-black">&lt;mersault&gt; techmik67: which one? the one kaik posted, or one of the ones you were posting earlier?</span><br />
<span class="irc-date">[0:28]</span> <span class="irc-black">&lt;techmik67&gt; kaiks newest</span><br />
<span class="irc-date">[0:28]</span> <span class="irc-black">&lt;mersault&gt; hmm...</span><br />
<span class="irc-date">[0:28]</span> <span class="irc-black">&lt;mersault&gt; what do I need to do to make that my boot logo?</span><br />
<span class="irc-date">[0:28]</span> <span class="irc-black">&lt;techmik67&gt; ez</span><br />
<span class="irc-date">[0:28]</span> <span class="irc-black">&lt;mersault&gt; ie, is it in git somewhere?</span><br />
<span class="irc-date">[0:28]</span> <span class="irc-black">&lt;mersault&gt; or just drop it in manually</span><br />
<span class="irc-date">[0:28]</span> <span class="irc-black">&lt;Kaik541&gt; I like my bootlogos like I like my women, fresh, clean, and quiet</span><br />
<span class="irc-date">[0:29]</span> <span class="irc-black">&lt;mersault&gt; I'm mid-build, but if someone wants boot logos tested I guess I could do that now.</span><br />
<span class="irc-date">[0:29]</span> <span class="irc-black">&lt;techmik67&gt; sec</span><br />
<span class="irc-date">[0:29]</span> <span class="irc-black">&lt;mersault&gt; I like my women like I like my whisky. 12 years old and mixed up in coke.</span><br />
<span class="irc-date">[0:30]</span> <span class="irc-black">&lt;mersault&gt; speaking of which, I need a refill.</span><br />
<span class="irc-date">[0:30]</span> <span class="irc-black">&lt;Kaik541&gt; I like my women like I like my coffee, full of whisky</span><br />
<span class="irc-date">[0:31]</span> <span class="irc-black">&lt;techmik67&gt; <a href="http://dl.dropbox.com/u/10818379/logo_rgb24_wvga_portrait.h">http://dl.dropbox.com/u/10818379/logo_rgb24_wvga_portrait.h</a></span><br />
<span class="irc-date">[0:31]</span> <span class="irc-black">&lt;techmik67&gt; download that file</span><br />
<span class="irc-date">[0:31]</span> <span class="irc-black">&lt;techmik67&gt; do not rename it</span><br />
<span class="irc-date">[0:31]</span> <span class="irc-black">&lt;mersault&gt; jesus, 12.7MB?</span><br />
<span class="irc-date">[0:31]</span> <span class="irc-black">&lt;techmik67&gt; and put it in kernel/sasmsung/2.6.35/drivers/video/samsung</span><br />
<span class="irc-date">[0:32]</span> <span class="irc-black">&lt;techmik67&gt; and put it in kernel/samsung/2.6.35/drivers/video/samsung</span><br />
<span class="irc-date">[0:32]</span> <span class="irc-black">&lt;techmik67&gt; then build</span><br />
<span class="irc-date">[0:33]</span> <span class="irc-black">&lt;mersault&gt; doh, build just finished.</span><br />
<span class="irc-date">[0:33]</span> <span class="irc-black">&lt;DAGr8&gt; wow I d take a nice 30 yr old WOMEN with areal nice 30 Yr Old whiskey any day</span><br />
<span class="irc-date">[0:33]</span> <span class="irc-black">&lt;mersault&gt; should it be fine if I just slip it into the dir and redo the brunch?</span><br />
<span class="irc-date">[0:33]</span> <span class="irc-black">&lt;techmik67&gt; yup</span><br />
<span class="irc-date">[0:33]</span> <span class="irc-black">&lt;techmik67&gt; i think so</span><br />
<span class="irc-date">[0:34]</span> <span class="irc-black">&lt;mersault&gt; DAGr8: best whisky I had was a 40 year old highland park.</span><br />
<span class="irc-date">[0:34]</span> <span class="irc-black">&lt;DAGr8&gt; damn</span><br />
<span class="irc-date">[0:34]</span> <span class="irc-black">&lt;DAGr8&gt; I bought my brother  a30 yr old same exact brand for his 40th bday</span><br />
<span class="irc-date">[0:34]</span> <span class="irc-black">&lt;mersault&gt; dinner time</span><br />
<span class="irc-date">[0:34]</span> <span class="irc-black">&lt;mersault&gt; will bbiab</span><br />
<span class="irc-date">[0:34]</span> <span class="irc-black">&lt;DAGr8&gt; how much is a bottle of 40 yr old ?</span><br />
<span class="irc-date">[0:35]</span> <span class="irc-black">&lt;Kaik541&gt; a million billion dollars</span><br />
<span class="irc-date">[0:39]</span> <span class="irc-black">&lt;uberushaximus&gt; buy a x years old and keep it 40-x years</span><br />
<span class="irc-date">[0:39]</span> <span class="irc-black">&lt;uberushaximus&gt; presto, 40 year old</span><br />
<span class="irc-date">[0:39]</span> <span class="irc-navy">* stickpin (~stickpin@84.94.109.203.cable.012.net.il) Quit (Ping timeout: 255 seconds)</span><br />
