<span class="irc-date">[0:01]</span> <span class="irc-black">&lt;TMC_Sherpa&gt; hell I've gotten tracking numbers sent to me after the package already arrived</span><br />
<span class="irc-date">[0:01]</span> <span class="irc-black">&lt;Unhelpful&gt; the product is generally nice. not really their fault that they sold me something right before it was discovered it would need RMA'd. but, um, customer service could be better. ;)</span><br />
<span class="irc-date">[0:02]</span> <span class="irc-black">&lt;Unhelpful&gt; well, service from my reseller has been very good. but he's not running the RMA. clearly sager makes it easy to be a *very* light reseller... i suspect you just pass orders on to them, and are only responsible for sales and bumping customer svc stuff over to them.</span><br />
<span class="irc-date">[0:03]</span> <span class="irc-green">* atinm (~atin@unaffiliated/atinm) has joined this channel.</span><br />
<span class="irc-date">[0:03]</span> <span class="irc-green">* ChanServ sets mode +o atinm</span><br />
<span class="irc-date">[0:03]</span> <span class="irc-green">* atinm is now known as atinm|night</span><br />
<span class="irc-date">[0:03]</span> <span class="irc-black">&lt;atinm|night&gt; side-effects from this mornings shot hurting badly</span><br />
<span class="irc-date">[0:03]</span> <span class="irc-black">&lt;atinm|night&gt; so can someone who can build, and has friends with iphones</span><br />
<span class="irc-date">[0:03]</span> <span class="irc-black">&lt;atinm|night&gt; sync and build and test MMS?</span><br />
<span class="irc-date">[0:03]</span> <span class="irc-black">&lt;atinm|night&gt; they might work now</span><br />
<span class="irc-date">[0:04]</span> <span class="irc-black">&lt;uberushaximus&gt; my mom has a 3GS, on 4.1 or something</span><br />
<span class="irc-date">[0:04]</span> <span class="irc-black">&lt;uberushaximus&gt; would that be alright?</span><br />
<span class="irc-date">[0:04]</span> <span class="irc-black">&lt;Unhelpful&gt; so the interferon is what, for keeping the hep c from making a comeback?</span><br />
<span class="irc-date">[0:05]</span> <span class="irc-black">&lt;atinm|night&gt; yes, interferon is fighting the virus</span><br />
<span class="irc-date">[0:05]</span> <span class="irc-black">&lt;atinm|night&gt; since I am not cured of the hep C</span><br />
<span class="irc-date">[0:05]</span> <span class="irc-black">&lt;atinm|night&gt; but interferon can keep it to undetectable levels</span><br />
<span class="irc-date">[0:05]</span> <span class="irc-black">&lt;nullghost&gt; atinm|night: how'd you end up with hep, if you don't mind my asking?</span><br />
<span class="irc-date">[0:05]</span> <span class="irc-black">&lt;atinm|night&gt; so it isn't hurting the liver, but I have to stay on it</span><br />
<span class="irc-date">[0:05]</span> <span class="irc-black">&lt;atinm|night&gt; blood transfusion as a child before there were tests for hep c</span><br />
<span class="irc-date">[0:06]</span> <span class="irc-black">&lt;nullghost&gt; aww :&lt; sorry to hear that</span><br />
<span class="irc-date">[0:06]</span> <span class="irc-black">&lt;uberushaximus&gt; Were you in an accident or something?</span><br />
<span class="irc-date">[0:06]</span> <span class="irc-black">&lt;atinm|night&gt; surgery</span><br />
<span class="irc-date">[0:06]</span> <span class="irc-black">&lt;atinm|night&gt; to fix my nose after I broke it</span><br />
<span class="irc-date">[0:06]</span> <span class="irc-black">&lt;atinm|night&gt; so yeah - accident I guess</span><br />
<span class="irc-date">[0:06]</span> <span class="irc-black">&lt;uberushaximus&gt; Oh, that's super scary, I'm glad that didn't happen to me</span><br />
<span class="irc-date">[0:06]</span> <span class="irc-black">&lt;atinm|night&gt; since I bled a lot and had to get transfusion</span><br />
<span class="irc-date">[0:07]</span> <span class="irc-black">&lt;atinm|night&gt; so the interferon fights the hep c</span><br />
<span class="irc-date">[0:07]</span> <span class="irc-black">&lt;atinm|night&gt; but causes bone marrow suppression</span><br />
<span class="irc-date">[0:07]</span> <span class="irc-black">&lt;atinm|night&gt; which causes low white cells and platelets</span><br />
<span class="irc-date">[0:07]</span> <span class="irc-black">&lt;atinm|night&gt; so I get another shot in combination</span><br />
<span class="irc-date">[0:07]</span> <span class="irc-black">&lt;atinm|night&gt; on thursday and monday morning</span><br />
<span class="irc-date">[0:07]</span> <span class="irc-black">&lt;atinm|night&gt; that boosts the bone marrow</span><br />
<span class="irc-date">[0:07]</span> <span class="irc-black">&lt;atinm|night&gt; and its side-effects are body ache and bone pain</span><br />
<span class="irc-date">[0:07]</span> <span class="irc-black">&lt;atinm|night&gt; I didn't even know bones could hurt before this..</span><br />
<span class="irc-date">[0:07]</span> <span class="irc-black">&lt;Unhelpful&gt; lemme guess, neupogen? or something like it?</span><br />
<span class="irc-date">[0:08]</span> <span class="irc-black">&lt;atinm|night&gt; yes</span><br />
<span class="irc-date">[0:08]</span> <span class="irc-black">&lt;atinm|night&gt; neupogen</span><br />
<span class="irc-date">[0:08]</span> <span class="irc-black">&lt;atinm|night&gt; shots thursday night and monday morning</span><br />
<span class="irc-date">[0:08]</span> <span class="irc-black">&lt;atinm|night&gt; interferon shots thursday night</span><br />
<span class="irc-date">[0:08]</span> <span class="irc-black">&lt;atinm|night&gt; how do you know neupogen?</span><br />
<span class="irc-date">[0:09]</span> <span class="irc-black">&lt;atinm|night&gt; I was also on the other one for red count, but that is done now</span><br />
<span class="irc-date">[0:09]</span> <span class="irc-black">&lt;atinm|night&gt; forget the name</span><br />
<span class="irc-date">[0:09]</span> <span class="irc-black">&lt;Unhelpful&gt; father had it when he had cancer, his chemo had his white counts down.</span><br />
<span class="irc-date">[0:09]</span> <span class="irc-black">&lt;atinm|night&gt; yes</span><br />
<span class="irc-date">[0:09]</span> <span class="irc-black">&lt;atinm|night&gt; I figured..</span><br />
<span class="irc-date">[0:09]</span> <span class="irc-black">&lt;atinm|night&gt; sorry.</span><br />
<span class="irc-date">[0:10]</span> <span class="irc-black">&lt;Unhelpful&gt; huh? he still exists, he *had* cancer, and he *had* neupogen... but those are both not part of his life any more. so far. ;)</span><br />
<span class="irc-date">[0:10]</span> <span class="irc-black">&lt;atinm|night&gt; interferon is considered something like the chemo in its effects - but I think it isn't as bad</span><br />
<span class="irc-date">[0:10]</span> <span class="irc-black">&lt;atinm|night&gt; oh, awesome. I figured he was on it still or well, lost.</span><br />
<span class="irc-date">[0:11]</span> <span class="irc-black">&lt;atinm|night&gt; when you said "had", first assumption in relation to cancer is the worst kind.</span><br />
<span class="irc-date">[0:11]</span> <span class="irc-black">&lt;atinm|night&gt; I'm glad :)</span><br />
<span class="irc-date">[0:11]</span> <span class="irc-black">&lt;atinm|night&gt; FDA approved the new drugs for Hep C.</span><br />
<span class="irc-date">[0:11]</span> <span class="irc-black">&lt;atinm|night&gt; yesterday</span><br />
<span class="irc-date">[0:11]</span> <span class="irc-black">&lt;uberushaximus&gt; woot woot</span><br />
<span class="irc-date">[0:11]</span> <span class="irc-black">&lt;atinm|night&gt; that will cure a lot of people - something like 80%</span><br />
<span class="irc-date">[0:11]</span> <span class="irc-black">&lt;Unhelpful&gt; yay.... what do they do? will they get you off of anything you're on now, or on less of it?</span><br />
<span class="irc-date">[0:12]</span> <span class="irc-black">&lt;atinm|night&gt; but I can't get it.</span><br />
<span class="irc-date">[0:12]</span> <span class="irc-black">&lt;uberushaximus&gt; atinm|night: are you on autoimmune suppresants too?</span><br />
<span class="irc-date">[0:12]</span> <span class="irc-black">&lt;atinm|night&gt; since it reacts very badly with immuno-suppressants</span><br />
<span class="irc-date">[0:12]</span> <span class="irc-black">&lt;atinm|night&gt; so non-transplant it is great for</span><br />
<span class="irc-date">[0:12]</span> <span class="irc-black">&lt;atinm|night&gt; transplant, not so much</span><br />
<span class="irc-date">[0:12]</span> <span class="irc-black">&lt;atinm|night&gt; so I have to keep waiting</span><br />
<span class="irc-date">[0:13]</span> <span class="irc-black">&lt;atinm|night&gt; it also has bad resistance characteristics</span><br />
<span class="irc-date">[0:13]</span> <span class="irc-black">&lt;atinm|night&gt; if you are in the 20% that aren't cure, the HCV is more resistant</span><br />
<span class="irc-date">[0:13]</span> <span class="irc-black">&lt;atinm|night&gt; not something an immuno-suppressed patient can do</span><br />
<span class="irc-date">[0:13]</span> <span class="irc-black">&lt;atinm|night&gt; there are other drugs that are very good in the pipeline, but about 2 years out</span><br />
<span class="irc-date">[0:14]</span> <span class="irc-black">&lt;atinm|night&gt; tho my doctors are trying to get the drug companies to set up trials with transplant patients</span><br />
<span class="irc-date">[0:14]</span> <span class="irc-black">&lt;atinm|night&gt; since they're already behind by 2 years and need a foothold</span><br />
<span class="irc-date">[0:14]</span> <span class="irc-black">&lt;atinm|night&gt; and transplant population is it.</span><br />
<span class="irc-date">[0:14]</span> <span class="irc-black">&lt;atinm|night&gt; hep c is the largest cause for liver transplants now</span><br />
<span class="irc-date">[0:14]</span> <span class="irc-black">&lt;atinm|night&gt; so my docs want me on it.</span><br />
<span class="irc-date">[0:15]</span> <span class="irc-black">&lt;atinm|night&gt; and since all trials do involve them (Harvard . . .)</span><br />
<span class="irc-date">[0:15]</span> <span class="irc-black">&lt;atinm|night&gt; I should be on them if they succeed</span><br />
<span class="irc-date">[0:15]</span> <span class="irc-black">&lt;atinm|night&gt; so that's what I'm hoping for right now</span><br />
<span class="irc-date">[0:15]</span> <span class="irc-black">&lt;atinm|night&gt; in the meantime, at least the virus is suppressed</span><br />
<span class="irc-date">[0:15]</span> <span class="irc-black">&lt;atinm|night&gt; just have to deal with bad side-effects</span><br />
<span class="irc-date">[0:15]</span> <span class="irc-black">&lt;atinm|night&gt; so anyway - hurting badly now</span><br />
<span class="irc-date">[0:15]</span> <span class="irc-black">&lt;atinm|night&gt; so going to bed</span><br />
<span class="irc-date">[0:16]</span> <span class="irc-black">&lt;atinm|night&gt; someone with iphone toting friends, sync, build and test MMS</span><br />
<span class="irc-date">[0:16]</span> <span class="irc-black">&lt;uberushaximus&gt; that 3gs should be good atinm|night?</span><br />
<span class="irc-date">[0:16]</span> <span class="irc-black">&lt;atinm|night&gt; anything iphone I think</span><br />
<span class="irc-date">[0:16]</span> <span class="irc-black">&lt;atinm|night&gt; I know iphone4 - but they all have basically the same software</span><br />
<span class="irc-date">[0:16]</span> <span class="irc-black">&lt;uberushaximus&gt; and I'll mms my iphone4 toting cousin</span><br />
<span class="irc-date">[0:16]</span> <span class="irc-black">&lt;atinm|night&gt; so most probably any</span><br />
<span class="irc-date">[0:16]</span> <span class="irc-black">&lt;atinm|night&gt; ok</span><br />
<span class="irc-date">[0:16]</span> <span class="irc-black">&lt;atinm|night&gt; well, it is more that he has to mms you :)</span><br />
<span class="irc-date">[0:17]</span> <span class="irc-black">&lt;h8rift&gt; curious, what was the symptom? could receive mms but it would not de-crypt the media sent on the receiving handset?</span><br />
<span class="irc-date">[0:18]</span> <span class="irc-black">&lt;nullghost&gt; I also need someone to build a kernel for me with one minor change, any takers?</span><br />
<span class="irc-date">[0:18]</span> <span class="irc-black">&lt;nullghost&gt; I need anyone with a gsm sgs device, doesn't matter which</span><br />
<span class="irc-date">[0:19]</span> <span class="irc-black">&lt;Unhelpful&gt; erm, the kernel is *such* a small piece of build time :)</span><br />
<span class="irc-date">[0:19]</span> <span class="irc-black">&lt;atinm|night&gt; h8rift: right.</span><br />
<span class="irc-date">[0:19]</span> <span class="irc-black">&lt;h8rift&gt; k. what was the proposed fix?</span><br />
<span class="irc-date">[0:19]</span> <span class="irc-black">&lt;h8rift&gt; im curious bc on my ATrix, on stock 2.2.2, it does the same thing with iPhone users</span><br />
<span class="irc-date">[0:19]</span> <span class="irc-black">&lt;h8rift&gt; like, identical.</span><br />
<span class="irc-date">[0:20]</span> <span class="irc-black">&lt;h8rift&gt; im curious if i can use the same fix, assuming this fixes it for the SGS</span><br />
<span class="irc-date">[0:20]</span> <span class="irc-green">* wwyvern (~wwyvern@adsl-074-167-175-227.sip.jax.bellsouth.net) has joined this channel.</span><br />
<span class="irc-date">[0:20]</span> <span class="irc-green">* ChanServ sets mode +v wwyvern</span><br />
<span class="irc-date">[0:21]</span> <span class="irc-black">&lt;atinm|night&gt; its a fix in framework</span><br />
<span class="irc-date">[0:21]</span> <span class="irc-black">&lt;h8rift&gt; i get "Your phone is not compatible with this message type or size. Portions of this message will not be displayed"</span><br />
<span class="irc-date">[0:21]</span> <span class="irc-black">&lt;atinm|night&gt; I haven't looked at it closely</span><br />
<span class="irc-date">[0:21]</span> <span class="irc-black">&lt;h8rift&gt; same message from SGS?</span><br />
<span class="irc-date">[0:21]</span> <span class="irc-black">&lt;atinm|night&gt; basically, except not as nice</span><br />
<span class="irc-date">[0:21]</span> <span class="irc-black">&lt;atinm|night&gt; we just crash ;)</span><br />
<span class="irc-date">[0:21]</span> <span class="irc-black">&lt;h8rift&gt; lol nice.</span><br />
<span class="irc-date">[0:21]</span> <span class="irc-black">&lt;h8rift&gt; ew</span><br />
<span class="irc-date">[0:21]</span> <span class="irc-black">&lt;atinm|night&gt; but in the same place</span><br />
<span class="irc-date">[0:21]</span> <span class="irc-black">&lt;h8rift&gt; not graceful at all :P</span><br />
<span class="irc-date">[0:21]</span> <span class="irc-black">&lt;atinm|night&gt; when trying to figure out the size</span><br />
<span class="irc-date">[0:21]</span> <span class="irc-black">&lt;atinm|night&gt; well, actually it is not visible</span><br />
<span class="irc-date">[0:21]</span> <span class="irc-black">&lt;atinm|night&gt; you just get blank box</span><br />
<span class="irc-date">[0:21]</span> <span class="irc-black">&lt;atinm|night&gt; it shows in logcat</span><br />
<span class="irc-date">[0:21]</span> <span class="irc-black">&lt;uberushaximus&gt; so is iphone mms currently broken?</span><br />
<span class="irc-date">[0:22]</span> <span class="irc-black">&lt;h8rift&gt; same, with the text</span><br />
<span class="irc-date">[0:22]</span> <span class="irc-black">&lt;h8rift&gt; it works on my GST if i remember</span><br />
<span class="irc-date">[0:22]</span> <span class="irc-black">&lt;atinm|night&gt; no, I think it might be us. I don't really know - haven't looked at the fix closely</span><br />
<span class="irc-date">[0:22]</span> <span class="irc-black">&lt;atinm|night&gt; it is upstream from us</span><br />
<span class="irc-date">[0:22]</span> <span class="irc-green">* TMC_Sherpa (~TMC_Sherp@c-24-15-177-87.hsd1.il.comcast.net) has left this channel.</span><br />
<span class="irc-date">[0:22]</span> <span class="irc-black">&lt;uberushaximus&gt; go to bed!</span><br />
<span class="irc-date">[0:22]</span> <span class="irc-black">&lt;h8rift&gt; yes please do :P</span><br />
<span class="irc-date">[0:23]</span> <span class="irc-black">&lt;h8rift&gt; thanks for the answers though</span><br />
<span class="irc-date">[0:24]</span> <span class="irc-green">* TMC_Sherpa_ (~TMC_Sherp@c-24-15-177-87.hsd1.il.comcast.net) has joined this channel.</span><br />
<span class="irc-date">[0:25]</span> <span class="irc-black">&lt;nullghost&gt; I need someone willing to build and boot a kernel with FIQ debugging disabled.</span><br />
<span class="irc-date">[0:25]</span> <span class="irc-black">&lt;techmik_laptop&gt; i can in a litle while</span><br />
<span class="irc-date">[0:25]</span> <span class="irc-black">&lt;uberushaximus&gt; synkin</span><br />
<span class="irc-date">[0:26]</span> <span class="irc-black">&lt;Unhelpful&gt; checkout *still* in progress. :/</span><br />
<span class="irc-date">[0:26]</span> <span class="irc-black">&lt;nullghost&gt; just menuconfig and turn off FIQ debugging on the main screen, you'll also need to change the cmdline from console=ttyFIQ0,115200 to console=ttySAC2,115200</span><br />
<span class="irc-date">[0:27]</span> <span class="irc-black">&lt;nullghost&gt; I know the bootloader supposedly overrides the kernel cmdline, I just want it to be the same as what I did</span><br />
<span class="irc-date">[0:27]</span> <span class="irc-black">&lt;techmik&gt; rrrr still here on laptoe</span><br />
<span class="irc-date">[0:27]</span> <span class="irc-black">&lt;techmik&gt; laptop</span><br />
<span class="irc-date">[0:27]</span> <span class="irc-navy">* techmik (~techmik@c-76-109-173-83.hsd1.fl.comcast.net) Quit (Remote host closed the connection)</span><br />
<span class="irc-date">[0:30]</span> <span class="irc-black">&lt;uberushaximus&gt; buildin kernel</span><br />
<span class="irc-date">[0:36]</span> <span class="irc-black">&lt;atinm|night&gt; ok, good night</span><br />
<span class="irc-date">[0:37]</span> <span class="irc-black">&lt;TMC_Sherpa_&gt; night atin</span><br />
<span class="irc-date">[0:37]</span> <span class="irc-black">&lt;atinm|night&gt; techmik_laptop: edit the aries_captivate_defconfig</span><br />
<span class="irc-date">[0:37]</span> <span class="irc-black">&lt;atinm|night&gt; search for FIQ, replace y with n in CONFIG_FIQ</span><br />
<span class="irc-date">[0:38]</span> <span class="irc-black">&lt;techmik_laptop&gt; ik</span><br />
<span class="irc-date">[0:38]</span> <span class="irc-black">&lt;techmik_laptop&gt; k</span><br />
<span class="irc-date">[0:38]</span> <span class="irc-black">&lt;atinm|night&gt; and search again and replace FIQ with whatever Unhelpful tells you it should be</span><br />
<span class="irc-date">[0:38]</span> <span class="irc-black">&lt;atinm|night&gt; SAC something</span><br />
<span class="irc-date">[0:38]</span> <span class="irc-black">&lt;atinm|night&gt; forget what number</span><br />
<span class="irc-date">[0:38]</span> <span class="irc-black">&lt;atinm|night&gt; g'nite</span><br />
<span class="irc-date">[0:38]</span> <span class="irc-black">&lt;atinm|night&gt; (we avoid menuconfig ;) )</span><br />
<span class="irc-date">[0:38]</span> <span class="irc-black">&lt;techmik_laptop&gt; nite</span><br />
<span class="irc-date">[0:39]</span> <span class="irc-black">&lt;TMC_Sherpa_&gt; its 7:30 and I'm still at work so... I'm leaving :D back eventually</span><br />
<span class="irc-date">[0:39]</span> <span class="irc-black">&lt;techmik_laptop&gt; k</span><br />
<span class="irc-date">[0:39]</span> <span class="irc-navy">* TMC_Sherpa_ (~TMC_Sherp@c-24-15-177-87.hsd1.il.comcast.net) Quit (Read error: Connection reset by peer)</span><br />
<span class="irc-date">[0:45]</span> <span class="irc-black">&lt;Unhelpful&gt; atinm|night: ...probably we shouldn't, so much (we should use it to edit our defconfigs)</span><br />
<span class="irc-date">[0:49]</span> <span class="irc-green">* techmik (~techmik@c-76-109-173-83.hsd1.fl.comcast.net) has joined this channel.</span><br />
<span class="irc-date">[0:49]</span> <span class="irc-green">* ChanServ sets mode +o techmik</span><br />
<span class="irc-date">[0:54]</span> <span class="irc-black">&lt;techmik_laptop&gt; ok, Unhelpful, do what to aries_captivate_defconfig?</span><br />
<span class="irc-date">[0:55]</span> <span class="irc-black">&lt;Unhelpful&gt; me? ME?</span><br />
<span class="irc-date">[0:55]</span> <span class="irc-navy">* techmik (~techmik@c-76-109-173-83.hsd1.fl.comcast.net) Quit (Remote host closed the connection)</span><br />
<span class="irc-date">[0:55]</span> <span class="irc-black">&lt;techmik_laptop&gt;  &lt;atinm|night&gt; and search again and replace FIQ with whatever Unhelpful tells you it should be</span><br />
<span class="irc-date">[0:55]</span> <span class="irc-black">&lt;techmik_laptop&gt; SAC something?</span><br />
<span class="irc-date">[0:55]</span> <span class="irc-black">&lt;Unhelpful&gt; erm, but, that was nullghost!</span><br />
<span class="irc-date">[0:56]</span> <span class="irc-black">&lt;techmik_laptop&gt; you mean atinm meant nullghost, not you?</span><br />
<span class="irc-date">[0:57]</span> <span class="irc-green">* techmik67 (~techmik@c-76-109-173-83.hsd1.fl.comcast.net) has joined this channel.</span><br />
<span class="irc-date">[0:57]</span> <span class="irc-green">* ChanServ sets mode +o techmik67</span><br />
<span class="irc-date">[0:58]</span> <span class="irc-black">&lt;Unhelpful&gt; nullghost is the one asking?</span><br />
<span class="irc-date">[1:02]</span> <span class="irc-black">&lt;techmik_laptop&gt; umm.... the settings are already set, except for</span><br />
<span class="irc-date">[1:02]</span> <span class="irc-black">&lt;techmik_laptop&gt; CONFIG_FIQ_GLUE=y</span><br />
<span class="irc-date">[1:03]</span> <span class="irc-black">&lt;techmik_laptop&gt; # CONFIG_FIQ_DEBUGGER is not set</span><br />
<span class="irc-date">[1:03]</span> <span class="irc-black">&lt;techmik_laptop&gt; # CONFIG_FIQ_DEBUGGER_NO_SLEEP is not set</span><br />
<span class="irc-date">[1:03]</span> <span class="irc-black">&lt;techmik_laptop&gt; # CONFIG_FIQ_DEBUGGER_WAKEUP_IRQ_ALWAYS_ON is not set</span><br />
<span class="irc-date">[1:03]</span> <span class="irc-black">&lt;techmik_laptop&gt; # CONFIG_FIQ_DEBUGGER_CONSOLE is not set</span><br />
<span class="irc-date">[1:03]</span> <span class="irc-black">&lt;techmik_laptop&gt; i changed 2 to not set</span><br />
<span class="irc-date">[1:03]</span> <span class="irc-black">&lt;techmik_laptop&gt; debugger and console were y</span><br />
<span class="irc-date">[1:06]</span> <span class="irc-black">&lt;techmik67&gt; <a href="http://bit.ly/jl2H10">http://bit.ly/jl2H10</a></span><br />
<span class="irc-date">[1:10]</span> <span class="irc-black">&lt;Unhelpful&gt; also change kernel command line</span><br />
<span class="irc-date">[1:10]</span> <span class="irc-black">&lt;techmik67&gt; it already is SAC</span><br />
<span class="irc-date">[1:10]</span> <span class="irc-black">&lt;Unhelpful&gt; ah, so i see</span><br />
<span class="irc-date">[1:11]</span> <span class="irc-black">&lt;techmik67&gt; so just those changes and i build?</span><br />
<span class="irc-date">[1:11]</span> <span class="irc-black">&lt;Unhelpful&gt; i guess?</span><br />
<span class="irc-date">[1:11]</span> <span class="irc-black">&lt;techmik67&gt; k</span><br />
<span class="irc-date">[1:11]</span> <span class="irc-black">&lt;techmik67&gt; testing</span><br />
<span class="irc-date">[1:11]</span> <span class="irc-black">&lt;techmik67&gt; now</span><br />
<span class="irc-date">[1:11]</span> <span class="irc-black">&lt;techmik67&gt; anyone in herer know perl scripts?</span><br />
<span class="irc-date">[1:12]</span> <span class="irc-black">&lt;koush_&gt; Unhelpful: yoiu need help from me?</span><br />
<span class="irc-date">[1:12]</span> <span class="irc-black">&lt;koush_&gt; Unhelpful: i'd like to get everything merged asap</span><br />
<span class="irc-date">[1:12]</span> <span class="irc-black">&lt;koush_&gt; how are you guys modifying updater-script?</span><br />
<span class="irc-date">[1:13]</span> <span class="irc-green">* Charkey (~Laurent@cpe-76-175-105-20.socal.res.rr.com) has joined this channel.</span><br />
<span class="irc-date">[1:16]</span> <span class="irc-black">&lt;techmik67&gt; well, i found out why 1 of the perl scripts wasnt working in xchat for windows.... looked at the script and found a section commented "EDIT ME" with your username and pass =))</span><br />
<span class="irc-date">[1:16]</span> <span class="irc-black">&lt;techmik67&gt; it had "user" and "password"</span><br />
<span class="irc-date">[1:17]</span> <span class="irc-black">&lt;techmik67&gt; lets see if it worked</span><br />
<span class="irc-date">[1:17]</span> <span class="irc-navy">* techmik67 (~techmik@c-76-109-173-83.hsd1.fl.comcast.net) Quit (Quit: Leaving)</span><br />
<span class="irc-date">[1:17]</span> <span class="irc-green">* techmik67 (~techmik@c-76-109-173-83.hsd1.fl.comcast.net) has joined this channel.</span><br />
<span class="irc-date">[1:17]</span> <span class="irc-green">* ChanServ sets mode +o techmik67</span><br />
<span class="irc-date">[1:18]</span> <span class="irc-black">&lt;techmik67&gt; damn, window disappeared too fast to check</span><br />
<span class="irc-date">[1:20]</span> <span class="irc-green">* chaembian (~chaembian@122.174.92.117) has joined this channel.</span><br />
<span class="irc-date">[1:20]</span> <span class="irc-green">* ChanServ sets mode +v chaembian</span><br />
<span class="irc-date">[1:20]</span> <span class="irc-black">&lt;chaembian&gt; Good morning all!</span><br />
<span class="irc-date">[1:20]</span> <span class="irc-black">&lt;uberushaximus&gt; Evening</span><br />
<span class="irc-date">[1:25]</span> <span class="irc-navy">* techmik67 (~techmik@c-76-109-173-83.hsd1.fl.comcast.net) Quit (Quit: Leaving)</span><br />
<span class="irc-date">[1:25]</span> <span class="irc-green">* techmik67 (~techmik@c-76-109-173-83.hsd1.fl.comcast.net) has joined this channel.</span><br />
<span class="irc-date">[1:25]</span> <span class="irc-green">* ChanServ sets mode +o techmik67</span><br />
<span class="irc-date">[1:26]</span> <span class="irc-navy">* techmik67 (~techmik@c-76-109-173-83.hsd1.fl.comcast.net) Quit (Client Quit)</span><br />
<span class="irc-date">[1:26]</span> <span class="irc-green">* techmik67 (~techmik@c-76-109-173-83.hsd1.fl.comcast.net) has joined this channel.</span><br />
<span class="irc-date">[1:26]</span> <span class="irc-green">* ChanServ sets mode +o techmik67</span><br />
<span class="irc-date">[1:27]</span> <span class="irc-navy">* techmik67 (~techmik@c-76-109-173-83.hsd1.fl.comcast.net) Quit (Client Quit)</span><br />
<span class="irc-date">[1:46]</span> <span class="irc-black">&lt;wwyvern&gt; Hi chaembian :)</span><br />
<span class="irc-date">[1:49]</span> <span class="irc-green">* Kaik541 (~yaaic@32.150.13.97) has joined this channel.</span><br />
<span class="irc-date">[1:49]</span> <span class="irc-green">* ChanServ sets mode +o Kaik541</span><br />
<span class="irc-date">[1:52]</span> <span class="irc-black">&lt;Kaik541&gt; Can someone be my personal google and send me a link to either rage against the cage or anything else that can root stock 2.2?</span><br />
<span class="irc-date">[1:53]</span> <span class="irc-black">&lt;Kaik541&gt; Stuck in an airport without tethering for two hours is surprisingly boring</span><br />
<span class="irc-date">[1:53]</span> <span class="irc-green">* techmik67 (~techmik@c-76-109-173-83.hsd1.fl.comcast.net) has joined this channel.</span><br />
<span class="irc-date">[1:53]</span> <span class="irc-green">* ChanServ sets mode +o techmik67</span><br />
<span class="irc-date">[2:03]</span> <span class="irc-black">&lt;uberushaximus&gt; Kaik541: flash cyanogenmod?</span><br />
<span class="irc-date">[2:03]</span> <span class="irc-black">&lt;uberushaximus&gt; <a href="http://www.mediafire.com/?d2wqkcdjc2lhx25">http://www.mediafire.com/?d2wqkcdjc2lhx25</a></span><br />
<span class="irc-date">[2:05]</span> <span class="irc-navy">* techmik67 (~techmik@c-76-109-173-83.hsd1.fl.comcast.net) Quit (Quit: Leaving)</span><br />
<span class="irc-date">[2:06]</span> <span class="irc-black">&lt;techmik_laptop&gt; nullghost: did you see the changes i made?</span><br />
<span class="irc-date">[2:12]</span> <span class="irc-navy">* gehzumteufel (~gehzumteu@adsl-76-252-171-187.dsl.lsan03.sbcglobal.net) Quit (Quit: leaving work.)</span><br />
<span class="irc-date">[2:19]</span> <span class="irc-navy">* Kaik541 (~yaaic@32.150.13.97) Quit (Ping timeout: 258 seconds)</span><br />
<span class="irc-date">[2:23]</span> <span class="irc-green">* TMC_Sherpa_ (~jeff@c-67-173-42-196.hsd1.il.comcast.net) has joined this channel.</span><br />
<span class="irc-date">[2:24]</span> <span class="irc-green">* TMC_Sherpa_ is now known as TMC_Sherpa</span><br />
<span class="irc-date">[2:31]</span> <span class="irc-green">* techmik67 (~techmik@c-76-109-173-83.hsd1.fl.comcast.net) has joined this channel.</span><br />
<span class="irc-date">[2:31]</span> <span class="irc-green">* ChanServ sets mode +o techmik67</span><br />
<span class="irc-date">[2:33]</span> <span class="irc-navy">* techmik67 (~techmik@c-76-109-173-83.hsd1.fl.comcast.net) Quit (Client Quit)</span><br />
<span class="irc-date">[2:33]</span> <span class="irc-black">&lt;nullghost&gt; techmik_laptop: I haven't yet, I'm sorry</span><br />
<span class="irc-date">[2:33]</span> <span class="irc-black">&lt;nullghost&gt; I had to leave for a bit</span><br />
<span class="irc-date">[2:33]</span> <span class="irc-black">&lt;techmik_laptop&gt; it bootlooped</span><br />
<span class="irc-date">[2:33]</span> <span class="irc-black">&lt;techmik_laptop&gt; assuming i did what you wanted</span><br />
<span class="irc-date">[2:33]</span> <span class="irc-black">&lt;techmik_laptop&gt; sec</span><br />
<span class="irc-date">[2:34]</span> <span class="irc-black">&lt;nullghost&gt; really, it bootlooped? with FIQ debugging turned off?</span><br />
<span class="irc-date">[2:34]</span> <span class="irc-black">&lt;nullghost&gt; I wish one of you guys had a uart debugger so you could see why</span><br />
<span class="irc-date">[2:34]</span> <span class="irc-black">&lt;techmik_laptop&gt; <a href="http://bit.ly/mHg4VZ">http://bit.ly/mHg4VZ</a></span><br />
<span class="irc-date">[2:34]</span> <span class="irc-black">&lt;techmik_laptop&gt; check out the file</span><br />
<span class="irc-date">[2:35]</span> <span class="irc-black">&lt;techmik_laptop&gt; make sure i didnt miss some thing</span><br />
<span class="irc-date">[2:38]</span> <span class="irc-black">&lt;nullghost&gt; techmik_laptop: CONFIG_FIQ = y and CONFIG_FIQ_GLUE = y</span><br />
<span class="irc-date">[2:38]</span> <span class="irc-black">&lt;nullghost&gt; lemme check my defconfig</span><br />
<span class="irc-date">[2:38]</span> <span class="irc-black">&lt;techmik_laptop&gt; k</span><br />
<span class="irc-date">[2:39]</span> <span class="irc-black">&lt;chaembian&gt; wwyvern: Hi! :)</span><br />
<span class="irc-date">[2:41]</span> <span class="irc-black">&lt;techmik_laptop&gt; and CONFIG_CMDLINE="console=ttySAC2,115200 init=/init"</span><br />
<span class="irc-date">[2:45]</span> <span class="irc-black">&lt;TMC_Sherpa&gt; ah man, you pulled Y_U_NO_WORK</span><br />
<span class="irc-date">[2:45]</span> <span class="irc-black">&lt;nullghost&gt; techmik_laptop: first obvious question, did you check that it booted before changing the FIQ option?</span><br />
<span class="irc-date">[2:46]</span> <span class="irc-black">&lt;techmik_laptop&gt; my regular build was fine</span><br />
<span class="irc-date">[2:46]</span> <span class="irc-black">&lt;techmik_laptop&gt; i made these changes: <a href="http://bit.ly/jl2H10">http://bit.ly/jl2H10</a></span><br />
<span class="irc-date">[2:47]</span> <span class="irc-black">&lt;techmik_laptop&gt; to endup with the file in the previous link</span><br />
<span class="irc-date">[2:47]</span> <span class="irc-black">&lt;nullghost&gt; ok, let me see where CONFIG_FIQ_GLUE and CONFIG_FIQ come from, because I don't have those in my .config</span><br />
<span class="irc-date">[2:48]</span> <span class="irc-black">&lt;nullghost&gt; something strange is going on.</span><br />
<span class="irc-date">[2:48]</span> <span class="irc-black">&lt;nullghost&gt; CONFIG_FIQ and CONFIG_FIQ_GLUE aren't even showing up in my aries_epic_defconfig</span><br />
<span class="irc-date">[2:49]</span> <span class="irc-black">&lt;nullghost&gt; even after a make defconfig and make oldconfig</span><br />
<span class="irc-date">[2:50]</span> <span class="irc-black">&lt;nullghost&gt; ok now they're showing up, strange.</span><br />
<span class="irc-date">[2:50]</span> <span class="irc-black">&lt;nullghost&gt; techmik_laptop: also unset CONFIG_FIQ and CONFIG_FIQ_GLUE</span><br />
<span class="irc-date">[2:51]</span> <span class="irc-black">&lt;chaembian&gt; Modem doesn't seem to get a lock and I'm getting lots of FCs</span><br />
<span class="irc-date">[2:52]</span> <span class="irc-black">&lt;techmik_laptop&gt; ok</span><br />
<span class="irc-date">[2:56]</span> <span class="irc-black">&lt;techmik_laptop&gt;  trying to configure tor and sasl to no avail... its looping on "couldnt look up your host name" timed out......... you need to identify via sasl to use this server"</span><br />
<span class="irc-date">[2:57]</span> <span class="irc-black">&lt;chaembian&gt; I went into airplane mode yesterday for conserving battery. I was using the camera more than I was using phone. And phone shutdown eventually, when it ran out of juice.</span><br />
<span class="irc-date">[2:57]</span> <span class="irc-black">&lt;TMC_Sherpa&gt; no joy on Konvo?</span><br />
<span class="irc-date">[2:58]</span> <span class="irc-black">&lt;chaembian&gt; But I'm not able to get it off airplane mode ever since. When I try, I'm just getting lots of FCs on android.phone.</span><br />
<span class="irc-date">[2:58]</span> <span class="irc-black">&lt;chaembian&gt; If I'm on the power menu, I can see airplane mode getting switched on and off.</span><br />
<span class="irc-date">[2:58]</span> <span class="irc-black">&lt;techmik_laptop&gt; i'm using xcat2 wdk in windows now</span><br />
<span class="irc-date">[2:58]</span> <span class="irc-black">&lt;techmik_laptop&gt; chat</span><br />
<span class="irc-date">[2:59]</span> <span class="irc-black">&lt;TMC_Sherpa&gt; chaembian: which build are you running?</span><br />
<span class="irc-date">[2:59]</span> <span class="irc-black">&lt;chaembian&gt; the mainline</span><br />
