<span class="irc-date">[0:02]</span> <span class="irc-black">&lt;Kaik541&gt; normal shaders! EVERYWHERE!</span><br />
<span class="irc-date">[0:03]</span> <span class="irc-black">&lt;rhcp&gt; koush_: <a href="https://www.dropbox.com/gallery/2708097/1/macbook?h=0e90aa#/">https://www.dropbox.com/gallery/2708097/1/macbook?h=0e90aa#/</a></span><br />
<span class="irc-date">[0:03]</span> <span class="irc-black">&lt;rhcp&gt; got today</span><br />
<span class="irc-date">[0:04]</span> <span class="irc-black">&lt;koush_&gt; rhcp: just report the same thing every time for RM</span><br />
<span class="irc-date">[0:04]</span> <span class="irc-black">&lt;koush_&gt; can still hac kit</span><br />
<span class="irc-date">[0:04]</span> <span class="irc-black">&lt;Unhelpful&gt; koush_: yes, we don't really have a choice about that, our bootloaders are proprietary and don't support a separate initramfs.</span><br />
<span class="irc-date">[0:04]</span> <span class="irc-black">&lt;koush_&gt; Unhelpful: what i was talking about in #cwr is this</span><br />
<span class="irc-date">[0:04]</span> <span class="irc-black">&lt;koush_&gt; currently your packed zImage looks something like:</span><br />
<span class="irc-date">[0:04]</span> <span class="irc-black">&lt;koush_&gt; header|initramfs|zimage</span><br />
<span class="irc-date">[0:05]</span> <span class="irc-black">&lt;koush_&gt; what i'm proposing is this:</span><br />
<span class="irc-date">[0:05]</span> <span class="irc-black">&lt;koush_&gt; header|stub-loader-initramfs|zImage|recovery|boot</span><br />
<span class="irc-date">[0:05]</span> <span class="irc-green">* atinm (~atin@unaffiliated/atinm) has joined this channel.</span><br />
<span class="irc-date">[0:05]</span> <span class="irc-green">* ChanServ sets mode +o atinm</span><br />
<span class="irc-date">[0:05]</span> <span class="irc-black">&lt;koush_&gt; the stub loader just looks at the end of the image for what it realy wants to load</span><br />
<span class="irc-date">[0:05]</span> <span class="irc-black">&lt;koush_&gt; loads it, then continues</span><br />
<span class="irc-date">[0:05]</span> <span class="irc-black">&lt;koush_&gt; so a secondary initramfs loading process</span><br />
<span class="irc-date">[0:06]</span> <span class="irc-black">&lt;Kaik541&gt; I think we've done something like that before</span><br />
<span class="irc-date">[0:06]</span> <span class="irc-black">&lt;Kaik541&gt; atinm, you created a multi-stage init right?</span><br />
<span class="irc-date">[0:06]</span> <span class="irc-black">&lt;atinm&gt; wassup?</span><br />
<span class="irc-date">[0:06]</span> <span class="irc-green">* acdbx (~acdbx@cpe-66-75-28-44.san.res.rr.com) has joined this channel.</span><br />
<span class="irc-date">[0:06]</span> <span class="irc-black">&lt;atinm&gt; yes</span><br />
<span class="irc-date">[0:06]</span> <span class="irc-black">&lt;atinm&gt; in froyo days</span><br />
<span class="irc-date">[0:06]</span> <span class="irc-black">&lt;atinm&gt; I'm coming in the middle of this - what's going on?</span><br />
<span class="irc-date">[0:06]</span> <span class="irc-black">&lt;Unhelpful&gt; i like that idea a lot. i assume the stub just reads from the mtd device?</span><br />
<span class="irc-date">[0:08]</span> <span class="irc-black">&lt;atinm&gt; I'm sorry - I have to go for a few minutes</span><br />
<span class="irc-date">[0:08]</span> <span class="irc-black">&lt;koush_&gt; atinm: Unhelpful: why was that idea dropped?</span><br />
<span class="irc-date">[0:08]</span> <span class="irc-black">&lt;atinm&gt; kid has to be put to bed ...</span><br />
<span class="irc-date">[0:08]</span> <span class="irc-black">&lt;atinm&gt; back in 10-15min.</span><br />
<span class="irc-date">[0:08]</span> <span class="irc-black">&lt;koush_&gt; np</span><br />
<span class="irc-date">[0:08]</span> <span class="irc-black">&lt;Unhelpful&gt; the "multi-stage" init was iirc only part of the voodoo script-as-init business.</span><br />
<span class="irc-date">[0:09]</span> <span class="irc-black">&lt;Kaik541&gt; I think it was only used because it wouldn't fit by default</span><br />
<span class="irc-date">[0:10]</span> <span class="irc-black">&lt;Kaik541&gt; so he used extra space elsewhere on the device (he ended up using sdcard I think, but is there any reason we couldn't use bml8 since ours is empty?)</span><br />
<span class="irc-date">[0:10]</span> <span class="irc-black">&lt;koush_&gt; why would a multistage take more than a normal init?</span><br />
<span class="irc-date">[0:10]</span> <span class="irc-black">&lt;koush_&gt; take more space* rather</span><br />
<span class="irc-date">[0:11]</span> <span class="irc-black">&lt;Kaik541&gt; it was used for packaging CWM+voodoo+a few other things, I wasn't very knowledgeable (not that I really am now) back then, so I may be misremembering</span><br />
<span class="irc-date">[0:12]</span> <span class="irc-black">&lt;techmik67&gt; brb</span><br />
<span class="irc-date">[0:17]</span> <span class="irc-black">&lt;atinm&gt; sorry. at the time we didn't have source for the kernel</span><br />
<span class="irc-date">[0:17]</span> <span class="irc-navy">* neldar (~neldar@217.25.166.97) Quit (Quit: Leaving.)</span><br />
<span class="irc-date">[0:17]</span> <span class="irc-black">&lt;atinm&gt; all we had was the kernel from samsung, so wrote a script to extract the initramfs from it, and insert it back into it. but we couldnt' have a bigger initramfs than what the kernel started with</span><br />
<span class="irc-date">[0:18]</span> <span class="irc-black">&lt;atinm&gt; so when we wanted more space, I ended up creating a 2 step one, the first just loaded the initramfs from the sdcard at init time</span><br />
<span class="irc-date">[0:18]</span> <span class="irc-black">&lt;atinm&gt; (still don't know what we're talking about - reading back the logs)</span><br />
<span class="irc-date">[0:18]</span> <span class="irc-black">&lt;Unhelpful&gt; koush_: 1) voodoo added a *lot* to the initramfs 2) we had to fit it in original initramfs space - so it loaded the "real" contents via script.</span><br />
<span class="irc-date">[0:19]</span> <span class="irc-green">* TMC_Sherpa (~jeff@c-67-173-42-196.hsd1.il.comcast.net) has joined this channel.</span><br />
<span class="irc-date">[0:20]</span> <span class="irc-black">&lt;Unhelpful&gt; and it still doesn't solve the problem of detecting requested boot mode, we need to mess w/ the parameter filesystem for that, since it's what bootloader uses for lpm.</span><br />
<span class="irc-date">[0:20]</span> <span class="irc-black">&lt;Unhelpful&gt; i guess the "pre-init" could have that code, too, so it needn't "pollute" the init source ;)</span><br />
<span class="irc-date">[0:22]</span> <span class="irc-black">&lt;atinm&gt; dang, I need to catch up, both here and #cwr.</span><br />
<span class="irc-date">[0:23]</span> <span class="irc-black">&lt;atinm&gt; why are we still talking rfs ..</span><br />
<span class="irc-date">[0:23]</span> <span class="irc-black">&lt;atinm&gt; or is the idea to try to keep samsung roms working</span><br />
<span class="irc-date">[0:24]</span> <span class="irc-black">&lt;koush_&gt; well, my goal is to get a cwr that doesnt suck fucking dick on samsung</span><br />
<span class="irc-date">[0:24]</span> <span class="irc-black">&lt;koush_&gt; and that means rfs support sadly</span><br />
<span class="irc-date">[0:24]</span> <span class="irc-black">&lt;koush_&gt; even though i hate it</span><br />
<span class="irc-date">[0:24]</span> <span class="irc-black">&lt;atinm&gt; yes, the one good thing about doing cm7 for samsung has been the lack of rfs in my life</span><br />
<span class="irc-date">[0:25]</span> <span class="irc-black">&lt;atinm&gt; and therefore lack of every damn lagfix crap on the planet . . .</span><br />
<span class="irc-date">[0:25]</span> <span class="irc-black">&lt;atinm&gt; but I see your point.</span><br />
<span class="irc-date">[0:25]</span> <span class="irc-black">&lt;Unhelpful&gt; we would really, *really* rather be able to move away from rfs as the base filesystem for cm on sgs.</span><br />
<span class="irc-date">[0:25]</span> <span class="irc-black">&lt;atinm&gt; we basically have it. our biggest issue is the param.lfs. not rfs.</span><br />
<span class="irc-date">[0:25]</span> <span class="irc-black">&lt;koush_&gt; Unhelpful: i 100% agree</span><br />
<span class="irc-date">[0:25]</span> <span class="irc-black">&lt;koush_&gt; atinm: elaborate?</span><br />
<span class="irc-date">[0:26]</span> <span class="irc-black">&lt;atinm&gt; we don't have rfs. koush_ have you actually tried CM7 on sgs? :)</span><br />
<span class="irc-date">[0:26]</span> <span class="irc-black">&lt;atinm&gt; we basically complete replaced it with mtd/yaffs2/ext4.</span><br />
<span class="irc-date">[0:26]</span> <span class="irc-black">&lt;Unhelpful&gt; param.lfs is where the boot stuff is stored. it's not rfs, it's j4fs, and as near as we can tell, essentially a fixed on-disk structure.</span><br />
<span class="irc-date">[0:26]</span> <span class="irc-black">&lt;atinm&gt; after you flash the first update kernel, we convert the filesystems and never have to deal with rfs again.</span><br />
<span class="irc-date">[0:27]</span> <span class="irc-black">&lt;atinm&gt; param.lfs is the only open issue for us - that's where the boot params to the kernel come in at</span><br />
<span class="irc-date">[0:27]</span> <span class="irc-black">&lt;atinm&gt; so next thing is going to be to just read it block wise.</span><br />
<span class="irc-date">[0:27]</span> <span class="irc-black">&lt;atinm&gt; and get at them.</span><br />
<span class="irc-date">[0:27]</span> <span class="irc-black">&lt;atinm&gt; its supercurio etc who are not CM7 that are still in rfs world.</span><br />
<span class="irc-date">[0:28]</span> <span class="irc-black">&lt;atinm&gt; CM7 is clean. :)</span><br />
<span class="irc-date">[0:28]</span> <span class="irc-black">&lt;Unhelpful&gt; and horrid compass sensor crap, i'm talking with somebody in #eigen about how to finish the job there. :)</span><br />
<span class="irc-date">[0:29]</span> <span class="irc-black">&lt;atinm&gt; you should get your captivate out of the drawer and flash CM7 on it :)</span><br />
<span class="irc-date">[0:29]</span> <span class="irc-black">&lt;atinm&gt; (you used to have a captivate if I remember right)</span><br />
<span class="irc-date">[0:30]</span> <span class="irc-black">&lt;atinm&gt; (which is why I'm not contributing to the discussion in #cwr - to me is it unrelated to CM7.x for SGS . . .)</span><br />
<span class="irc-date">[0:30]</span> <span class="irc-black">&lt;atinm&gt; lagfix discussions are so last year.</span><br />
<span class="irc-date">[0:30]</span> <span class="irc-black">&lt;atinm&gt; ;)</span><br />
<span class="irc-date">[0:31]</span> <span class="irc-brick">* Unhelpful had a good laugh the other day at a big deal being made on twitter of adding no_auto_da_alloc to ext4 mount options</span><br />
<span class="irc-date">[0:31]</span> <span class="irc-black">&lt;atinm&gt; oh god . . .</span><br />
<span class="irc-date">[0:31]</span> <span class="irc-black">&lt;atinm&gt; btw, anyone made any more progress on the kernel?</span><br />
<span class="irc-date">[0:32]</span> <span class="irc-black">&lt;atinm&gt; I had to leave for work related stuff</span><br />
<span class="irc-date">[0:32]</span> <span class="irc-black">&lt;atinm&gt; but I'm getting tired of the SGX crap - using the new libraries just kills the captivate dead black.</span><br />
<span class="irc-date">[0:32]</span> <span class="irc-black">&lt;atinm&gt; I am thinking of attacking it in the other direction.</span><br />
<span class="irc-date">[0:33]</span> <span class="irc-black">&lt;atinm&gt; we have working CM7 now. pull in pieces of the samsung GB dump for the parts we need to fix/update. leave the rest alone.</span><br />
<span class="irc-date">[0:33]</span> <span class="irc-black">&lt;atinm&gt; ANDROID_PMEM seems to be needed on captivate for some reason I haven't figured out yet.</span><br />
<span class="irc-date">[0:34]</span> <span class="irc-black">&lt;techmik67&gt; atinm: i didnt get black screen, i got theh multicolor screen forever</span><br />
<span class="irc-date">[0:34]</span> <span class="irc-black">&lt;techmik67&gt; the*</span><br />
<span class="irc-date">[0:34]</span> <span class="irc-black">&lt;techmik67&gt; with the laast build attempt</span><br />
<span class="irc-date">[0:34]</span> <span class="irc-black">&lt;atinm&gt; techmik67: I reverted a couple of my commits</span><br />
<span class="irc-date">[0:34]</span> <span class="irc-black">&lt;techmik67&gt; ah</span><br />
<span class="irc-date">[0:34]</span> <span class="irc-black">&lt;atinm&gt; haven't pushed yet.</span><br />
<span class="irc-date">[0:35]</span> <span class="irc-black">&lt;techmik67&gt; k</span><br />
<span class="irc-date">[0:35]</span> <span class="irc-black">&lt;atinm&gt; was trying a few different things. I hate just playing in the defconfig which is all we seem to be doing right now. I am back to the state I was in last night where kernel comes up, but framebuffers are fucked.</span><br />
<span class="irc-date">[0:35]</span> <span class="irc-black">&lt;Unhelpful&gt; atinm: i'm of the opinion we should make any merges of the samsung source drops selective. a wholesale merge will only make it harder to track nexus-s and mainline android kernels, where we see updates *with usable history*</span><br />
<span class="irc-date">[0:35]</span> <span class="irc-black">&lt;atinm&gt; recovery comes up tho</span><br />
<span class="irc-date">[0:36]</span> <span class="irc-black">&lt;atinm&gt; yeah, starting to think the same.</span><br />
<span class="irc-date">[0:36]</span> <span class="irc-black">&lt;Unhelpful&gt; this just seems to me a lot of work to basically make our kernel hard to merge.</span><br />
<span class="irc-date">[0:36]</span> <span class="irc-black">&lt;atinm&gt; was hoping that Samsung dropping GB source would mean it would "just" work if we added mtd and yaffs2 and our initramfs</span><br />
<span class="irc-date">[0:36]</span> <span class="irc-black">&lt;atinm&gt; but no such luck.</span><br />
<span class="irc-date">[0:37]</span> <span class="irc-black">&lt;Unhelpful&gt; what is in their gb sources that we need so badly? what are we missing?</span><br />
<span class="irc-date">[0:37]</span> <span class="irc-black">&lt;atinm&gt; I only really care about the mach-s5pv210 tree</span><br />
<span class="irc-date">[0:37]</span> <span class="irc-black">&lt;atinm&gt; the gpios.</span><br />
<span class="irc-date">[0:37]</span> <span class="irc-black">&lt;atinm&gt; since we still don't have sleep working completely.</span><br />
<span class="irc-date">[0:37]</span> <span class="irc-black">&lt;atinm&gt; as seen by the battery complaints.</span><br />
<span class="irc-date">[0:38]</span> <span class="irc-black">&lt;atinm&gt; I'll also go into the sound ASoc for wm8994 and pull what we need.</span><br />
<span class="irc-date">[0:38]</span> <span class="irc-black">&lt;Unhelpful&gt; right, butthere we really just need to go over what *any* kernel for sgs shuts off on sleep, and make sure we do the same.</span><br />
<span class="irc-date">[0:38]</span> <span class="irc-black">&lt;atinm&gt; the rndis/ums seems to be implemented correctly now too.</span><br />
<span class="irc-date">[0:38]</span> <span class="irc-black">&lt;Unhelpful&gt; which i thought TMC_Sherpa started already?</span><br />
<span class="irc-date">[0:38]</span> <span class="irc-black">&lt;Unhelpful&gt; yeah, but you already fixed that. ;)</span><br />
<span class="irc-date">[0:38]</span> <span class="irc-black">&lt;atinm&gt; he has.</span><br />
<span class="irc-date">[0:39]</span> <span class="irc-black">&lt;atinm&gt; crap, kid just woke up - back in a few</span><br />
<span class="irc-date">[0:40]</span> <span class="irc-black">&lt;atinm&gt; I did - but will compare to theirs anyway. they also enable MTP</span><br />
<span class="irc-date">[0:40]</span> <span class="irc-black">&lt;atinm&gt; I guess for kies or something</span><br />
<span class="irc-date">[0:40]</span> <span class="irc-black">&lt;TMC_Sherpa&gt; I have gpio diffs in froyo land, working on lining things up with our source</span><br />
<span class="irc-date">[0:40]</span> <span class="irc-black">&lt;TMC_Sherpa&gt; in cm7</span><br />
<span class="irc-date">[0:41]</span> <span class="irc-black">&lt;atinm&gt; koush_: whatever you do . . . remember that we have merges that are CM7 based as well. I think we've got recovery merged now.</span><br />
<span class="irc-date">[0:41]</span> <span class="irc-black">&lt;atinm&gt; so maybe not important.</span><br />
<span class="irc-date">[0:42]</span> <span class="irc-black">&lt;Unhelpful&gt; atinm: well, i don't know if kies uses it, but stock fw also supports transfer of media files via mtp. i don't really care about that. ;)</span><br />
<span class="irc-date">[0:42]</span> <span class="irc-black">&lt;koush_&gt; atinm: gotcha</span><br />
<span class="irc-date">[0:42]</span> <span class="irc-black">&lt;atinm&gt; the rest of the folks on #cwr aren't really thinking of SGS as a CM7 phone . . . what with lagfix etc . . .</span><br />
<span class="irc-date">[0:42]</span> <span class="irc-black">&lt;koush_&gt; signal to noise is a little low</span><br />
<span class="irc-date">[0:42]</span> <span class="irc-black">&lt;koush_&gt; i just want a way to fakeflash really</span><br />
<span class="irc-date">[0:44]</span> <span class="irc-black">&lt;atinm&gt; wow . . . funny really, voodoo lagfix on gingerbread. funny and sad. Samsung really sucks donkeys.</span><br />
<span class="irc-date">[0:45]</span> <span class="irc-black">&lt;atinm&gt; we have to get param.lfs working . . .</span><br />
<span class="irc-date">[0:46]</span> <span class="irc-black">&lt;atinm&gt; or at least, our kernel reading the damn thing.</span><br />
<span class="irc-date">[0:46]</span> <span class="irc-black">&lt;Unhelpful&gt; or some utility, anyway.</span><br />
<span class="irc-date">[0:46]</span> <span class="irc-black">&lt;atinm&gt; and we can be completely clear of samsung issues related to file systems.</span><br />
<span class="irc-date">[0:47]</span> <span class="irc-black">&lt;atinm&gt; I'm hoping coolya comes back now that I'm coming to my senses and are just going to take pieces of Samsung gingerbread code</span><br />
<span class="irc-date">[0:47]</span> <span class="irc-black">&lt;atinm&gt; rather than attempting to make it play nice with CM7 as is.</span><br />
<span class="irc-date">[0:47]</span> <span class="irc-black">&lt;atinm&gt; *am just going</span><br />
<span class="irc-date">[0:48]</span> <span class="irc-black">&lt;atinm&gt; which is not happening. SGX stuff is crazy weird.</span><br />
<span class="irc-date">[0:48]</span> <span class="irc-black">&lt;atinm&gt; koush_: hate to ask - who looks at frameworks/base and system/vold?</span><br />
<span class="irc-date">[0:48]</span> <span class="irc-brick">* Unhelpful is sorry about any part he played in convincing you to throw work away ;)</span><br />
<span class="irc-date">[0:48]</span> <span class="irc-black">&lt;atinm&gt; have a couple of pending merges on review related to mounting dual sd cards</span><br />
<span class="irc-date">[0:49]</span> <span class="irc-black">&lt;koush_&gt; atinm: i can look at that</span><br />
<span class="irc-date">[0:49]</span> <span class="irc-black">&lt;koush_&gt; what has two sd cards?</span><br />
<span class="irc-date">[0:49]</span> <span class="irc-black">&lt;atinm&gt; well, SGS with internal/external. we weren;t able to  mount external over USB</span><br />
<span class="irc-date">[0:49]</span> <span class="irc-black">&lt;atinm&gt; in CM7</span><br />
<span class="irc-date">[0:49]</span> <span class="irc-black">&lt;koush_&gt; oh that</span><br />
<span class="irc-date">[0:49]</span> <span class="irc-black">&lt;koush_&gt; i added support for that</span><br />
<span class="irc-date">[0:49]</span> <span class="irc-black">&lt;koush_&gt; htc inc has internal external as well</span><br />
<span class="irc-date">[0:49]</span> <span class="irc-black">&lt;koush_&gt; you just need to use ro.additionalmounts</span><br />
<span class="irc-date">[0:49]</span> <span class="irc-black">&lt;koush_&gt; grep for that in both</span><br />
<span class="irc-date">[0:49]</span> <span class="irc-black">&lt;atinm&gt; no no - there's more.</span><br />
<span class="irc-date">[0:49]</span> <span class="irc-black">&lt;koush_&gt; o</span><br />
<span class="irc-date">[0:50]</span> <span class="irc-black">&lt;atinm&gt; there was a vold change needed.</span><br />
<span class="irc-date">[0:50]</span> <span class="irc-black">&lt;atinm&gt; because we share a major device</span><br />
<span class="irc-date">[0:50]</span> <span class="irc-black">&lt;atinm&gt; let me find the reviews.</span><br />
<span class="irc-date">[0:50]</span> <span class="irc-black">&lt;atinm&gt; techmik - you have the links?</span><br />
<span class="irc-date">[0:50]</span> <span class="irc-black">&lt;techmik67&gt; yup</span><br />
<span class="irc-date">[0:50]</span> <span class="irc-black">&lt;techmik67&gt; <a href="http://review.cyanogenmod.com/4578">http://review.cyanogenmod.com/4578</a></span><br />
<span class="irc-date">[0:51]</span> <span class="irc-black">&lt;techmik67&gt; <a href="http://review.cyanogenmod.com/4579">http://review.cyanogenmod.com/4579</a></span><br />
<span class="irc-date">[0:51]</span> <span class="irc-black">&lt;atinm&gt; my guys are awesome ;)</span><br />
<span class="irc-date">[0:51]</span> <span class="irc-black">&lt;techmik67&gt; i was looking at where they were on the list as you asked =)</span><br />
<span class="irc-date">[0:52]</span> <span class="irc-black">&lt;atinm&gt; koush_: vold needed another #ifdef VOLD_EMMC_SHARES_DEV_MAJOR like it does in another place.</span><br />
<span class="irc-date">[0:52]</span> <span class="irc-black">&lt;atinm&gt; otherwise it was going to the wrong partition.</span><br />
<span class="irc-date">[0:53]</span> <span class="irc-black">&lt;Unhelpful&gt; true, certain persons here can fetch links in less time than it takes me to remember that somebody linked it. :)</span><br />
<span class="irc-date">[0:53]</span> <span class="irc-black">&lt;techmik67&gt; i have like 14 windows/tabs open =)</span><br />
<span class="irc-date">[0:53]</span> <span class="irc-black">&lt;atinm&gt; yeah, that's why I always ask techmik or Kaik541 rather than go look myself ;)</span><br />
<span class="irc-date">[0:54]</span> <span class="irc-brick">* Unhelpful doesn't really even know why VOLD_EMMC_SHARES_DEV_MAJOR is anything but default behavior - partitions are very much allowed to share a major device number with their disk.</span><br />
<span class="irc-date">[0:54]</span> <span class="irc-black">&lt;Unhelpful&gt; techmik67: ...that's all?</span><br />
<span class="irc-date">[0:54]</span> <span class="irc-black">&lt;atinm&gt; I think that's the only pending merges at the moment</span><br />
<span class="irc-date">[0:55]</span> <span class="irc-black">&lt;atinm&gt; everything else is SGS specific</span><br />
<span class="irc-date">[0:55]</span> <span class="irc-black">&lt;techmik67&gt; lol... all the xda tabs = 1 window, code review window (lotsa F5), github window with all the tabs, twitter.....</span><br />
<span class="irc-date">[0:55]</span> <span class="irc-black">&lt;atinm&gt; so we get these, I'm calling us good and send all SGS stuff upstream! ;-)</span><br />
<span class="irc-date">[0:55]</span> <span class="irc-black">&lt;Unhelpful&gt; atinm: and get something solved re:param.lfs ;)</span><br />
<span class="irc-date">[0:55]</span> <span class="irc-black">&lt;atinm&gt; well yeah . . .</span><br />
<span class="irc-date">[0:56]</span> <span class="irc-black">&lt;atinm&gt; but that would be kernel doing it, so doesn't need the same reviews.</span><br />
<span class="irc-date">[0:56]</span> <span class="irc-black">&lt;atinm&gt; I didn't say "supported"</span><br />
<span class="irc-date">[0:56]</span> <span class="irc-black">&lt;atinm&gt; I realized that to be officially supported we need to "just work"</span><br />
<span class="irc-date">[0:56]</span> <span class="irc-black">&lt;Unhelpful&gt; tbh, it would be just plain nifty if we could fake up *just* the reservoir and param, and maybe boot, recovery partitions w/ tinyfsr and use samsung stl/bml on them.</span><br />
<span class="irc-date">[0:57]</span> <span class="irc-black">&lt;Unhelpful&gt; could...could we *do* something like that, and still use mtd for the other partitions?</span><br />
<span class="irc-date">[0:57]</span> <span class="irc-black">&lt;atinm&gt; koush_: we do have a question tho . . . say we are never able to do a first install of CM7 straight via a ROM Manager update. That make us forever unsupported?</span><br />
<span class="irc-date">[0:57]</span> <span class="irc-black">&lt;koush_&gt; atinm: why cant you do it via RM&gt;</span><br />
<span class="irc-date">[0:57]</span> <span class="irc-black">&lt;atinm&gt; Unhelpful: if we could, then we could just be in RM then.</span><br />
<span class="irc-date">[0:58]</span> <span class="irc-black">&lt;koush_&gt; atinm: why cant your zip work via RM is my question</span><br />
<span class="irc-date">[0:58]</span> <span class="irc-black">&lt;atinm&gt; koush_: right now we have to install a new kernel that goes and converts all the filesystems etc to start using MTD devices</span><br />
<span class="irc-date">[0:58]</span> <span class="irc-black">&lt;Unhelpful&gt; koush_: because coming from a stock kernel, you can't even use mtd/yaffs2, for one.</span><br />
<span class="irc-date">[0:58]</span> <span class="irc-black">&lt;atinm&gt; then we install a second update that does the real install.</span><br />
<span class="irc-date">[0:58]</span> <span class="irc-black">&lt;koush_&gt; atinm: RM supports that :)</span><br />
<span class="irc-date">[0:59]</span> <span class="irc-black">&lt;Unhelpful&gt; koush_: that's a happy thing for us to hear. ;)</span><br />
<span class="irc-date">[0:59]</span> <span class="irc-black">&lt;atinm&gt; :)</span><br />
<span class="irc-date">[0:59]</span> <span class="irc-black">&lt;techmik67&gt; wow... the xda users will be in love =)</span><br />
<span class="irc-date">[0:59]</span> <span class="irc-black">&lt;TMC_Sherpa&gt; yeah so dont tell them</span><br />
<span class="irc-date">[0:59]</span> <span class="irc-black">&lt;koush_&gt; can you elaborate on the process a bit more</span><br />
<span class="irc-date">[0:59]</span> <span class="irc-black">&lt;koush_&gt; what exactly happens</span><br />
<span class="irc-date">[1:00]</span> <span class="irc-black">&lt;atinm&gt; unhelpful, you do it.</span><br />
<span class="irc-date">[1:00]</span> <span class="irc-black">&lt;atinm&gt; you understand that better than I do.</span><br />
<span class="irc-date">[1:00]</span> <span class="irc-black">&lt;koush_&gt; i dont need tehcnical details on how its converted</span><br />
<span class="irc-date">[1:00]</span> <span class="irc-black">&lt;koush_&gt; just the genrael workflow</span><br />
<span class="irc-date">[1:01]</span> <span class="irc-black">&lt;atinm&gt; 1. install a kernel that is running CWM 3.x; 2. install an update that backs up efs data</span><br />
<span class="irc-date">[1:01]</span> <span class="irc-black">&lt;Unhelpful&gt; koush_: afaik first boot w/ a mtd kernel just tries to mount the partitions as yaffs2, and they get formatted when they fail. the point is mainly that the kernel and the rest of the update must be in separate updates for the first install.</span><br />
<span class="irc-date">[1:02]</span> <span class="irc-black">&lt;atinm&gt; then boot with custom initial kernel that converts to mtd/yaffs2</span><br />
<span class="irc-date">[1:02]</span> <span class="irc-black">&lt;koush_&gt; Unhelpful: can you just say: package1.zip does the update</span><br />
<span class="irc-date">[1:02]</span> <span class="irc-black">&lt;koush_&gt; package2.zip does another CM install?&gt;</span><br />
<span class="irc-date">[1:02]</span> <span class="irc-black">&lt;koush_&gt; in the samerecovery session?</span><br />
<span class="irc-date">[1:03]</span> <span class="irc-black">&lt;Unhelpful&gt; koush_: no, because we can not write yaffs2 filesystems without booting a new kernel.</span><br />
<span class="irc-date">[1:03]</span> <span class="irc-black">&lt;koush_&gt; Unhelpful: derp yeah that makes sense.</span><br />
<span class="irc-date">[1:03]</span> <span class="irc-black">&lt;Unhelpful&gt; unless we work up a module to do mtd access to the onenand while tinyfsr/stl/bml are still in place...i guess *maybe* that might be possible?</span><br />
<span class="irc-date">[1:04]</span> <span class="irc-black">&lt;atinm&gt; urk ...</span><br />
<span class="irc-date">[1:04]</span> <span class="irc-black">&lt;Unhelpful&gt; koush_: so, what we can do in one go is to unpack a stage2 update, back up efs, and write the new kernel.</span><br />
<span class="irc-date">[1:05]</span> <span class="irc-black">&lt;Unhelpful&gt; the new kernel can format things as yaffs2, install th backed-up efs, and write the rest of th system files.</span><br />
<span class="irc-date">[1:05]</span> <span class="irc-black">&lt;zacharias|busy&gt; with the new sammy-based kernel it resulted in bootloops mtd (?) and tinyfsr enabled at the same time</span><br />
<span class="irc-date">[1:05]</span> <span class="irc-black">&lt;zacharias|busy&gt; so it likely would be difficult</span><br />
<span class="irc-date">[1:05]</span> <span class="irc-black">&lt;atinm&gt; don't want.</span><br />
<span class="irc-date">[1:05]</span> <span class="irc-black">&lt;atinm&gt; lets see if we can first try to figure a way without having to go that route.</span><br />
<span class="irc-date">[1:07]</span> <span class="irc-black">&lt;Unhelpful&gt; we could just use a custom kernel for the firstboot, with the "real" kernel in the second stage.</span><br />
<span class="irc-date">[1:08]</span> <span class="irc-black">&lt;TMC_Sherpa&gt; ls</span><br />
<span class="irc-date">[1:08]</span> <span class="irc-black">&lt;TMC_Sherpa&gt; frick'n window focus</span><br />
<span class="irc-date">[1:08]</span> <span class="irc-black">&lt;Unhelpful&gt; the firstboot kernel could just have a recovery initramfs w/ the init script modified to write instructions to /cache for recovery to install the second-stage update</span><br />
<span class="irc-date">[1:09]</span> <span class="irc-black">&lt;atinm&gt; supercurio is hogging koush right now. :)</span><br />
<span class="irc-date">[1:11]</span> <span class="irc-black">&lt;koush_&gt; im reading :)</span><br />
<span class="irc-date">[1:11]</span> <span class="irc-black">&lt;koush_&gt; multitasking</span><br />
<span class="irc-date">[1:11]</span> <span class="irc-black">&lt;atinm&gt; wait, yeah . . . I guess we can do that in recovery</span><br />
<span class="irc-date">[1:11]</span> <span class="irc-black">&lt;Kaik541&gt; oh god single zip install.. so many happy noobs :D</span><br />
<span class="irc-date">[1:12]</span> <span class="irc-black">&lt;koush_&gt; how does your recovery work</span><br />
<span class="irc-date">[1:12]</span> <span class="irc-black">&lt;koush_&gt; i imagine you arent using mine../.</span><br />
<span class="irc-date">[1:12]</span> <span class="irc-black">&lt;atinm&gt; oh we are.</span><br />
<span class="irc-date">[1:12]</span> <span class="irc-black">&lt;atinm&gt; :)</span><br />
<span class="irc-date">[1:12]</span> <span class="irc-black">&lt;koush_&gt; wait whaaat</span><br />
<span class="irc-date">[1:12]</span> <span class="irc-black">&lt;atinm&gt; we're actually merged too</span><br />
<span class="irc-date">[1:12]</span> <span class="irc-black">&lt;koush_&gt; different device vendor?</span><br />
<span class="irc-date">[1:12]</span> <span class="irc-black">&lt;DAGr8&gt; [21:11] &lt;Kaik541&gt; oh god single zip install.. so many happy noobs :D</span><br />
<span class="irc-date">[1:12]</span> <span class="irc-black">&lt;DAGr8&gt; actually I resent that</span><br />
<span class="irc-date">[1:12]</span> <span class="irc-black">&lt;DAGr8&gt; LO</span><br />
<span class="irc-date">[1:12]</span> <span class="irc-black">&lt;DAGr8&gt; L</span><br />
<span class="irc-date">[1:12]</span> <span class="irc-black">&lt;techmik67&gt; we need those last 2 that we share then all shared are merged i think</span><br />
<span class="irc-date">[1:13]</span> <span class="irc-black">&lt;atinm&gt; yes</span><br />
<span class="irc-date">[1:13]</span> <span class="irc-black">&lt;techmik67&gt; vold and frameworks_base</span><br />
<span class="irc-date">[1:13]</span> <span class="irc-black">&lt;techmik67&gt; woot</span><br />
<span class="irc-date">[1:13]</span> <span class="irc-black">&lt;atinm&gt; we have new vendor files for each device now.</span><br />
<span class="irc-date">[1:13]</span> <span class="irc-black">&lt;atinm&gt; cyanogen_captivate etc.</span><br />
<span class="irc-date">[1:13]</span> <span class="irc-black">&lt;atinm&gt; sec.</span><br />
<span class="irc-date">[1:13]</span> <span class="irc-black">&lt;atinm&gt; <a href="https://github.com/teamhacksung">https://github.com/teamhacksung</a> that be us. let me see if we're still forked on bootable/recovery</span><br />
<span class="irc-date">[1:14]</span> <span class="irc-black">&lt;atinm&gt; crap, we are.</span><br />
<span class="irc-date">[1:14]</span> <span class="irc-black">&lt;atinm&gt; tho I thought we were merged.</span><br />
<span class="irc-date">[1:14]</span> <span class="irc-black">&lt;atinm&gt; hrm.</span><br />
<span class="irc-date">[1:14]</span> <span class="irc-black">&lt;techmik67&gt; i thought unhelpfuls last commit was merged too</span><br />
<span class="irc-date">[1:14]</span> <span class="irc-black">&lt;atinm&gt; <a href="https://github.com/teamhacksung/android_bootable_recovery">https://github.com/teamhacksung/android_bootable_recovery</a></span><br />
<span class="irc-date">[1:15]</span> <span class="irc-black">&lt;atinm&gt; unhelpfuls makefile stuff is merged.</span><br />
<span class="irc-date">[1:15]</span> <span class="irc-black">&lt;atinm&gt; so coolya still needs to send up bootable/recovery to gerrit.</span><br />
<span class="irc-date">[1:15]</span> <span class="irc-black">&lt;atinm&gt; and we need the two sd card reviews on gerrit already</span><br />
<span class="irc-date">[1:15]</span> <span class="irc-black">&lt;atinm&gt; and we should be done with all pending things</span><br />
<span class="irc-date">[1:15]</span> <span class="irc-black">&lt;atinm&gt; all pending "common" things.</span><br />
<span class="irc-date">[1:16]</span> <span class="irc-black">&lt;Unhelpful&gt; atinm: well, if we have koush's multi-stage initramfs we won't even need those makefile changes any more... hah. :/</span><br />
<span class="irc-date">[1:16]</span> <span class="irc-black">&lt;atinm&gt; and vendor/samsung/common, device/samsung/captivate etc etc all.</span><br />
<span class="irc-date">[1:17]</span> <span class="irc-black">&lt;techmik67&gt; and... the kernel, mwahaha.....</span><br />
<span class="irc-date">[1:17]</span> <span class="irc-black">&lt;atinm&gt; you'll have to get me up to speed on what koush is doing multistage. same idea as mine for froyo roms?</span><br />
<span class="irc-date">[1:19]</span> <span class="irc-black">&lt;atinm&gt; (I do like being able to build kernel as I'm building all of CM7 - but that's cause we on SGS are used to building our own kernels)</span><br />
<span class="irc-date">[1:19]</span> <span class="irc-black">&lt;atinm&gt; (and I try to only work in the kernel..)</span><br />
<span class="irc-date">[1:20]</span> <span class="irc-navy">* thedeanius (~dean@c-24-2-24-87.hsd1.mo.comcast.net) Quit (Quit: thedeanius)</span><br />
<span class="irc-date">[1:20]</span> <span class="irc-black">&lt;atinm&gt; it just hit me - we're going to have most favored status with RM and clockworkmod since we're CM ;-)</span><br />
<span class="irc-date">[1:21]</span> <span class="irc-black">&lt;atinm&gt; so I'm going to not worry about what they're proposing doing (mostly because its too hard to keep up on cwr)</span><br />
<span class="irc-date">[1:21]</span> <span class="irc-black">&lt;atinm&gt; because everytime they say RFS, a brain cell dies somewhere.</span><br />
<span class="irc-date">[1:21]</span> <span class="irc-black">&lt;techmik67&gt; lol</span><br />
<span class="irc-date">[1:23]</span> <span class="irc-black">&lt;atinm&gt; Unhelpful: but we need to think about how we're going to support clean install for real via RM.</span><br />
<span class="irc-date">[1:23]</span> <span class="irc-black">&lt;atinm&gt; I'm going to take a break from samsung GB porting.</span><br />
<span class="irc-date">[1:23]</span> <span class="irc-black">&lt;atinm&gt; because it is going nowhere. codeworkx has the right idea, go the other way</span><br />
<span class="irc-date">[1:23]</span> <span class="irc-black">&lt;atinm&gt; pull in the pieces we need. and he's already started.</span><br />
<span class="irc-date">[1:23]</span> <span class="irc-black">&lt;Unhelpful&gt; atinm: yes, we do, but if it's a goal to have in-kernl initramfs go away, and that is *also* a mainline blocker, we need to work on both.</span><br />
<span class="irc-date">[1:24]</span> <span class="irc-black">&lt;atinm&gt; I'm going to leave the samsung_cm7_merge branch there</span><br />
<span class="irc-date">[1:24]</span> <span class="irc-black">&lt;atinm&gt; for spare time hacking.</span><br />
<span class="irc-date">[1:24]</span> <span class="irc-black">&lt;atinm&gt; ah! now I get why 2 stage.</span><br />
<span class="irc-date">[1:25]</span> <span class="irc-black">&lt;atinm&gt; lol, so then we won't need to build the kernel . . . ok, finally caught up :)</span><br />
<span class="irc-date">[1:26]</span> <span class="irc-black">&lt;Unhelpful&gt; atinm: yes, the idea is to use a prebuilt kernel w/ a stub initramfs, that only has enough in it to extract either the boot or recovery initramfs from after the kernel image, and then we can just build kernel when we update it, and use a binary kernel like every other target.</span><br />
<span class="irc-date">[1:26]</span> <span class="irc-black">&lt;atinm&gt; and the initramfs will be shoved in after the kernel image like in other phones?</span><br />
<span class="irc-date">[1:26]</span> <span class="irc-black">&lt;atinm&gt; the 2nd initramfs</span><br />
<span class="irc-date">[1:26]</span> <span class="irc-black">&lt;Unhelpful&gt; probably not *precisely* like other phones, is what i expect.</span><br />
<span class="irc-date">[1:27]</span> <span class="irc-black">&lt;Unhelpful&gt; afaik they use boot.img, and it looks like that has a header before the actual kernel, and we need the actual kernel first, or no boot.</span><br />
<span class="irc-date">[1:27]</span> <span class="irc-black">&lt;atinm&gt; right.</span><br />
<span class="irc-date">[1:28]</span> <span class="irc-black">&lt;atinm&gt; the bootloader bites us in the ass again.</span><br />
<span class="irc-date">[1:28]</span> <span class="irc-black">&lt;atinm&gt; but close enough approximation</span><br />
<span class="irc-date">[1:28]</span> <span class="irc-black">&lt;atinm&gt; (what is the problem we're trying to solve tho . . . it is really that painful to have an in-kernel initramfs?)</span><br />
<span class="irc-date">[1:28]</span> <span class="irc-black">&lt;atinm&gt; is it</span><br />
<span class="irc-date">[1:29]</span> <span class="irc-black">&lt;atinm&gt; guess now I should read what #cwr is talking about</span><br />
<span class="irc-date">[1:29]</span> <span class="irc-black">&lt;Unhelpful&gt; but yeah, not that big a deal. we could honestly just concatenate a boot and then recovery initramfs, w/ some marker that makes it clear that's what they are, and extract those.</span><br />
<span class="irc-date">[1:29]</span> <span class="irc-black">&lt;Unhelpful&gt; well, no other device does, and it means we *have to* build kernel to build a boot image.</span><br />
<span class="irc-date">[1:30]</span> <span class="irc-navy">* zerojay (~jay@Maemo/community/contributor/zerojay) Quit (Ping timeout: 246 seconds)</span><br />
<span class="irc-date">[1:31]</span> <span class="irc-black">&lt;atinm&gt; yes, that's what I was thinking. my extract scripts were using the gzip markers.</span><br />
<span class="irc-date">[1:31]</span> <span class="irc-black">&lt;atinm&gt; ok, 2 stage it is.</span><br />
<span class="irc-date">[1:32]</span> <span class="irc-black">&lt;Unhelpful&gt; even better, since our kernel is lzma there shouldn't be false gzip markers ;)</span><br />
<span class="irc-date">[1:32]</span> <span class="irc-black">&lt;atinm&gt; for now (until we're fully merged), I think higher priority is reading params</span><br />
<span class="irc-date">[1:32]</span> <span class="irc-black">&lt;atinm&gt; so coolya better get back to android soon.</span><br />
<span class="irc-date">[1:32]</span> <span class="irc-black">&lt;atinm&gt; I'm getting burnt out@</span><br />
<span class="irc-date">[1:34]</span> <span class="irc-black">&lt;atinm&gt; btw koush, we need a way to *stop* ppl from flashing SGS clockworkmod when in CM7 . . . temporarily . . .</span><br />
<span class="irc-date">[1:34]</span> <span class="irc-black">&lt;atinm&gt; not many people do, but the ones that do really have a good time . . .</span><br />
<span class="irc-date">[1:35]</span> <span class="irc-black">&lt;atinm&gt; since it flashes the froyo 2.x clockworkmod, except is doesn't reboot (because we dont/cant read param) - just all kinds of fail.</span><br />
<span class="irc-date">[1:35]</span> <span class="irc-black">&lt;atinm&gt; almost painful to hear about.</span><br />
<span class="irc-date">[1:35]</span> <span class="irc-black">&lt;Kaik541&gt; atinm, it doesn't actually "flash" anything</span><br />
<span class="irc-date">[1:35]</span> <span class="irc-black">&lt;Kaik541&gt; it just puts a file named update.zip on the sd card</span><br />
<span class="irc-date">[1:36]</span> <span class="irc-black">&lt;atinm&gt; yeah, I know - but this guy was very upset with me because he couldn't flash it :)</span><br />
<span class="irc-date">[1:36]</span> <span class="irc-black">&lt;Kaik541&gt; then it must suck to be that stupid :D</span><br />
<span class="irc-date">[1:36]</span> <span class="irc-black">&lt;atinm&gt; maybe there needs to be a version check.</span><br />
<span class="irc-date">[1:36]</span> <span class="irc-black">&lt;atinm&gt; I've started ignoring PMs on XDA now.</span><br />
<span class="irc-date">[1:36]</span> <span class="irc-black">&lt;atinm&gt; and twitter.</span><br />
<span class="irc-date">[1:36]</span> <span class="irc-black">&lt;techmik67&gt; lol</span><br />
<span class="irc-date">[1:37]</span> <span class="irc-black">&lt;atinm&gt; ok, basically today has been a lot of fail.</span><br />
<span class="irc-date">[1:37]</span> <span class="irc-black">&lt;atinm&gt; Samsung still sucks. even after they drop Gingerbread.</span><br />
<span class="irc-date">[1:37]</span> <span class="irc-black">&lt;atinm&gt; who'd have thunk it.</span><br />
<span class="irc-date">[1:37]</span> <span class="irc-black">&lt;atinm&gt; I think getting sued by Apple is going to be good for them.</span><br />
<span class="irc-date">[1:38]</span> <span class="irc-black">&lt;atinm&gt; they'll come to us and request we port CM7 to Galaxy S.</span><br />
<span class="irc-date">[1:38]</span> <span class="irc-black">&lt;atinm&gt; and actually give us the code we requested.</span><br />
<span class="irc-date">[1:39]</span> <span class="irc-black">&lt;atinm&gt; its funny - they put all that effort in trying to look like iPhone. they could have just gone AOSP/CM7 and been better off.</span><br />
<span class="irc-date">[1:39]</span> <span class="irc-black">&lt;atinm&gt; and now they're getting their ass sued.</span><br />
<span class="irc-date">[1:39]</span> <span class="irc-black">&lt;atinm&gt; idiots.</span><br />
<span class="irc-date">[1:40]</span> <span class="irc-black">&lt;atinm&gt; so pending list right now:</span><br />
<span class="irc-date">[1:40]</span> <span class="irc-black">&lt;TMC_Sherpa&gt; stuff like that happens all the time.  they wave their patent penis in each others face, settle out of court and live happily ever after</span><br />
<span class="irc-date">[1:40]</span> <span class="irc-black">&lt;atinm&gt; 1. gpios from mach-s5pv210 tree</span><br />
<span class="irc-date">[1:40]</span> <span class="irc-black">&lt;TMC_Sherpa&gt; with some cross license deal</span><br />
<span class="irc-date">[1:41]</span> <span class="irc-black">&lt;atinm&gt; 2. look into params.lfs block read to get at the damn kernel arguments</span><br />
<span class="irc-date">[1:41]</span> <span class="irc-black">&lt;atinm&gt; 3. 2 level initramfs.</span><br />
<span class="irc-date">[1:41]</span> <span class="irc-black">&lt;atinm&gt; a lot more fun than trying to get Samsung code to work by futzing with CONFIG variables</span><br />
<span class="irc-date">[1:42]</span> <span class="irc-black">&lt;atinm&gt; 1. TMC_Sherpa.</span><br />
<span class="irc-date">[1:42]</span> <span class="irc-black">&lt;atinm&gt; 2. Coolya.</span><br />
<span class="irc-date">[1:42]</span> <span class="irc-black">&lt;atinm&gt; 3. hrm . .. crap. me.</span><br />
<span class="irc-date">[1:42]</span> <span class="irc-black">&lt;TMC_Sherpa&gt; do you just want that dir?</span><br />
<span class="irc-date">[1:42]</span> <span class="irc-black">&lt;atinm&gt; unhelpful keeps on doing eigen :)</span><br />
<span class="irc-date">[1:42]</span> <span class="irc-black">&lt;atinm&gt; eigen == black hole.</span><br />
<span class="irc-date">[1:42]</span> <span class="irc-black">&lt;koush_&gt; ok im back</span><br />
<span class="irc-date">[1:42]</span> <span class="irc-black">&lt;koush_&gt; i just read scrollback</span><br />
<span class="irc-date">[1:43]</span> <span class="irc-black">&lt;koush_&gt; i dont see where you guys explained how my current recovery works on cmsgs?</span><br />
<span class="irc-date">[1:43]</span> <span class="irc-black">&lt;koush_&gt; is it a complete rebuild?</span><br />
<span class="irc-date">[1:43]</span> <span class="irc-black">&lt;koush_&gt; from source?</span><br />
<span class="irc-date">[1:43]</span> <span class="irc-black">&lt;koush_&gt; can i see your device vendor?</span><br />
<span class="irc-date">[1:43]</span> <span class="irc-black">&lt;atinm&gt; yes</span><br />
<span class="irc-date">[1:43]</span> <span class="irc-black">&lt;TMC_Sherpa&gt; unicorns</span><br />
<span class="irc-date">[1:43]</span> <span class="irc-black">&lt;Unhelpful&gt; we have everything on github :)</span><br />
<span class="irc-date">[1:43]</span> <span class="irc-black">&lt;koush_&gt; link me!</span><br />
<span class="irc-date">[1:43]</span> <span class="irc-black">&lt;atinm&gt; <a href="https://github.com/teamhacksung">https://github.com/teamhacksung</a></span><br />
<span class="irc-date">[1:43]</span> <span class="irc-black">&lt;atinm&gt; everything</span><br />
<span class="irc-date">[1:43]</span> <span class="irc-black">&lt;koush_&gt; oh shit</span><br />
<span class="irc-date">[1:43]</span> <span class="irc-black">&lt;koush_&gt; mtd :)</span><br />
<span class="irc-date">[1:43]</span> <span class="irc-black">&lt;koush_&gt; loool</span><br />
<span class="irc-date">[1:43]</span> <span class="irc-black">&lt;koush_&gt; i love you guys</span><br />
<span class="irc-date">[1:44]</span> <span class="irc-black">&lt;atinm&gt; we aim to please.</span><br />
<span class="irc-date">[1:44]</span> <span class="irc-black">&lt;techmik67&gt; brb, dog walk.....</span><br />
<span class="irc-date">[1:44]</span> <span class="irc-black">&lt;koush_&gt; ok, so here's what i just finished implementing...</span><br />
<span class="irc-date">[1:44]</span> <span class="irc-black">&lt;koush_&gt; samsung is fragemnted to fucking hell</span><br />
<span class="irc-date">[1:44]</span> <span class="irc-black">&lt;koush_&gt; so i give up :)</span><br />
<span class="irc-date">[1:44]</span> <span class="irc-black">&lt;koush_&gt; i cant support every fragment/fork</span><br />
<span class="irc-date">[1:44]</span> <span class="irc-black">&lt;TMC_Sherpa&gt; tell us about it</span><br />
<span class="irc-date">[1:44]</span> <span class="irc-black">&lt;atinm&gt; we have completely ignored everyone but CM7 now.</span><br />
<span class="irc-date">[1:44]</span> <span class="irc-black">&lt;atinm&gt; everyone.</span><br />
<span class="irc-date">[1:44]</span> <span class="irc-black">&lt;koush_&gt; i added something to RM that basically lets me flag a device as unsupported</span><br />
<span class="irc-date">[1:45]</span> <span class="irc-black">&lt;koush_&gt; here lemme just give you the apok</span><br />
<span class="irc-date">[1:45]</span> <span class="irc-black">&lt;koush_&gt; apk</span><br />
<span class="irc-date">[1:45]</span> <span class="irc-black">&lt;koush_&gt; whats the init.rc you guys use</span><br />
<span class="irc-date">[1:45]</span> <span class="irc-black">&lt;TMC_Sherpa&gt; logged channel</span><br />
<span class="irc-date">[1:45]</span> <span class="irc-black">&lt;koush_&gt; is it still init.smdk1000.rc or whatever</span><br />
<span class="irc-date">[1:45]</span> <span class="irc-black">&lt;atinm&gt; each device has - sec.</span><br />
<span class="irc-date">[1:45]</span> <span class="irc-black">&lt;koush_&gt; i see init.aries.rc now</span><br />
<span class="irc-date">[1:45]</span> <span class="irc-black">&lt;ytt3r&gt; init.aries.rc and init.herring.rc</span><br />
<span class="irc-date">[1:45]</span> <span class="irc-black">&lt;ytt3r&gt; I see both</span><br />
<span class="irc-date">[1:45]</span> <span class="irc-black">&lt;atinm&gt; <a href="https://github.com/teamhacksung/android_device_samsung_captivate">https://github.com/teamhacksung/android_device_samsung_captivate</a> - and yes, init.aries.rc</span><br />
<span class="irc-date">[1:45]</span> <span class="irc-black">&lt;koush_&gt; oh my this is perfect.</span><br />
<span class="irc-date">[1:45]</span> <span class="irc-black">&lt;atinm&gt; similar for galaxys, vibrant, etc</span><br />
<span class="irc-date">[1:46]</span> <span class="irc-black">&lt;ytt3r&gt; ah wait herring is gone, had it earlier &gt;_&lt;</span><br />
<span class="irc-date">[1:46]</span> <span class="irc-black">&lt;koush_&gt; aries == vibrant, captivate, galaxys?</span><br />
<span class="irc-date">[1:46]</span> <span class="irc-green">* zerojay (~jay@blk-138-9-123.eastlink.ca) has joined this channel.</span><br />
<span class="irc-date">[1:46]</span> <span class="irc-black">&lt;atinm&gt; yes</span><br />
<span class="irc-date">[1:46]</span> <span class="irc-black">&lt;koush_&gt; awesome</span><br />
<span class="irc-date">[1:46]</span> <span class="irc-black">&lt;koush_&gt; let me do this</span><br />
<span class="irc-date">[1:46]</span> <span class="irc-black">&lt;atinm&gt; we're ignoring epic and fascinate for now - their devs aren't working with us</span><br />
<span class="irc-date">[1:46]</span> <span class="irc-black">&lt;koush_&gt; <a href="http://mirror.kanged.net//recoveries/RomManager.apk">http://mirror.kanged.net//recoveries/RomManager.apk</a></span><br />
<span class="irc-date">[1:46]</span> <span class="irc-black">&lt;koush_&gt; install that :)</span><br />
<span class="irc-date">[1:46]</span> <span class="irc-black">&lt;koush_&gt; include it in your builds</span><br />
<span class="irc-date">[1:46]</span> <span class="irc-black">&lt;koush_&gt; and let me add the appriate entries</span><br />
<span class="irc-date">[1:47]</span> <span class="irc-black">&lt;koush_&gt; appropriate*</span><br />
<span class="irc-date">[1:47]</span> <span class="irc-black">&lt;atinm&gt; k</span><br />
<span class="irc-date">[1:47]</span> <span class="irc-black">&lt;koush_&gt; and it  will show up</span><br />
<span class="irc-date">[1:47]</span> <span class="irc-black">&lt;koush_&gt; gimme as ec</span><br />
<span class="irc-date">[1:47]</span> <span class="irc-black">&lt;koush_&gt; so... is your recovery different?</span><br />
<span class="irc-date">[1:47]</span> <span class="irc-black">&lt;koush_&gt; is there any reason i cant just fork your shit and add it to cM?</span><br />
<span class="irc-date">[1:47]</span> <span class="irc-black">&lt;koush_&gt; your devices</span><br />
<span class="irc-date">[1:47]</span> <span class="irc-black">&lt;koush_&gt; for recovery at least</span><br />
<span class="irc-date">[1:48]</span> <span class="irc-black">&lt;atinm&gt; :)</span><br />
<span class="irc-date">[1:48]</span> <span class="irc-black">&lt;atinm&gt; no. go ahead.</span><br />
<span class="irc-date">[1:48]</span> <span class="irc-black">&lt;koush_&gt; k lets see what happens</span><br />
<span class="irc-date">[1:48]</span> <span class="irc-black">&lt;koush_&gt; atinm: whats your device</span><br />
<span class="irc-date">[1:48]</span> <span class="irc-black">&lt;koush_&gt; i'll build yours first</span><br />
<span class="irc-date">[1:48]</span> <span class="irc-black">&lt;atinm&gt; captivate</span><br />
<span class="irc-date">[1:49]</span> <span class="irc-black">&lt;freat&gt; yeah I need to build for captivate so I can install CM7</span><br />
<span class="irc-date">[1:49]</span> <span class="irc-black">&lt;Unhelpful&gt; i don't think we *have* great big changes in recovery @ present.</span><br />
<span class="irc-date">[1:51]</span> <span class="irc-green">* thedeanius (~dean@c-24-2-24-87.hsd1.mo.comcast.net) has joined this channel.</span><br />
<span class="irc-date">[1:51]</span> <span class="irc-black">&lt;koush_&gt; atinm: ahh it needs a kernel build</span><br />
<span class="irc-date">[1:51]</span> <span class="irc-black">&lt;Unhelpful&gt; and tbh i don't have anywhere further to go w/ compass atm, so maybe i'll look into secondary initramfs soon. :)</span><br />
<span class="irc-date">[1:52]</span> <span class="irc-black">&lt;atinm&gt; ok</span><br />
<span class="irc-date">[1:52]</span> <span class="irc-black">&lt;atinm&gt; koush_: no problem. I need to reset some branches back to mainline stuff. gimme a few</span><br />
<span class="irc-date">[1:52]</span> <span class="irc-navy">* kalpik (~kalpik@unaffiliated/kalpik) Quit (Ping timeout: 240 seconds)</span><br />
<span class="irc-date">[1:53]</span> <span class="irc-black">&lt;Unhelpful&gt; maybe at work, where i'm less able to stick to code for long periods, i'll be able to track down all the bits i need for the next job.</span><br />
<span class="irc-date">[1:53]</span> <span class="irc-black">&lt;koush_&gt; atinm: ok, here's the plan</span><br />
<span class="irc-date">[1:53]</span> <span class="irc-black">&lt;koush_&gt; users can do your current migration-to-cm process</span><br />
<span class="irc-date">[1:53]</span> <span class="irc-black">&lt;koush_&gt; i'm gonna treat these mtd samsungs as different phones</span><br />
<span class="irc-date">[1:53]</span> <span class="irc-black">&lt;koush_&gt; so you wont even see the normal SGS roms in your list</span><br />
<span class="irc-date">[1:54]</span> <span class="irc-black">&lt;atinm&gt; great.</span><br />
<span class="irc-date">[1:54]</span> <span class="irc-black">&lt;koush_&gt; so you can use RM</span><br />
<span class="irc-date">[1:54]</span> <span class="irc-black">&lt;koush_&gt; do i need just the kernel source to ubild the recovery then?</span><br />
<span class="irc-date">[1:54]</span> <span class="irc-black">&lt;koush_&gt; you mentioned saomething about resetting branches?</span><br />
<span class="irc-date">[1:54]</span> <span class="irc-black">&lt;koush_&gt; or is there a way i can build without having to pull down the entire kernel....</span><br />
<span class="irc-date">[1:54]</span> <span class="irc-black">&lt;atinm&gt; branches was just for me locally. you cna just build</span><br />
<span class="irc-date">[1:55]</span> <span class="irc-black">&lt;atinm&gt; you do need it tho .. sorry.</span><br />
<span class="irc-date">[1:55]</span> <span class="irc-black">&lt;atinm&gt; we dont post a kernel image with initramfs into github</span><br />
<span class="irc-date">[1:55]</span> <span class="irc-black">&lt;atinm&gt; we used to</span><br />
<span class="irc-date">[1:55]</span> <span class="irc-black">&lt;atinm&gt; you should first just install CM7 from us. then build so you can just install updates.</span><br />
<span class="irc-date">[1:55]</span> <span class="irc-black">&lt;atinm&gt; (you have a captivate?)</span><br />
<span class="irc-date">[1:55]</span> <span class="irc-black">&lt;atinm&gt; or just building</span><br />
<span class="irc-date">[1:56]</span> <span class="irc-black">&lt;koush_&gt; atinm: not anymore</span><br />
<span class="irc-date">[1:56]</span> <span class="irc-black">&lt;atinm&gt; its basically the same process as building CM7 mainline</span><br />
<span class="irc-date">[1:56]</span> <span class="irc-black">&lt;atinm&gt; our build just builds kernel as well</span><br />
<span class="irc-date">[1:56]</span> <span class="irc-black">&lt;atinm&gt; since we modified the Makefile to handle inkernel initramfs</span><br />
<span class="irc-date">[1:57]</span> <span class="irc-navy">* thedeanius (~dean@c-24-2-24-87.hsd1.mo.comcast.net) Quit (Quit: thedeanius)</span><br />
<span class="irc-date">[1:58]</span> <span class="irc-black">&lt;atinm&gt; techmik, which dirs did I tell you to checkout the samsung_cm7_merge branches on? :)</span><br />
<span class="irc-date">[1:58]</span> <span class="irc-black">&lt;atinm&gt; kernel, device/samsung/captivate, vendor/samsung/common</span><br />
<span class="irc-date">[1:58]</span> <span class="irc-black">&lt;atinm&gt; right?</span><br />
<span class="irc-date">[1:58]</span> <span class="irc-black">&lt;atinm&gt; guess I can look on github to see what all I committed to</span><br />
<span class="irc-date">[1:59]</span> <span class="irc-black">&lt;koush_&gt; atinm: your cpativate.mk doesnt support captivat-eng or full_captivate-eng?</span><br />
<span class="irc-date">[1:59]</span> <span class="irc-black">&lt;koush_&gt; i need the cm vendor too i think</span><br />
<span class="irc-date">[1:59]</span> <span class="irc-black">&lt;atinm&gt; yeah</span><br />
