<span class="irc-date">[0:05]</span> <span class="irc-green">* skeeterslint (~skeetersl@c-71-192-215-99.hsd1.ma.comcast.net) has joined this channel.</span><br />
<span class="irc-date">[0:06]</span> <span class="irc-navy">* neldar (~neldar@dsl109-189.pool.bitel.net) Quit (Quit: Leaving.)</span><br />
<span class="irc-date">[0:47]</span> <span class="irc-green">* thedeanius (~dean@c-24-2-24-87.hsd1.mo.comcast.net) has joined this channel.</span><br />
<span class="irc-date">[0:49]</span> <span class="irc-navy">* gdanko (~gdanko@66-162-32-185.static.twtelecom.net) Quit (Ping timeout: 255 seconds)</span><br />
<span class="irc-date">[0:49]</span> <span class="irc-navy">* thedeanius (~dean@c-24-2-24-87.hsd1.mo.comcast.net) Quit (Client Quit)</span><br />
<span class="irc-date">[1:24]</span> <span class="irc-green">* thedeanius (~dean@c-24-2-24-87.hsd1.mo.comcast.net) has joined this channel.</span><br />
<span class="irc-date">[1:44]</span> <span class="irc-green">* jt1134 (~jt1134@c-71-207-226-80.hsd1.al.comcast.net) has joined this channel.</span><br />
<span class="irc-date">[1:57]</span> <span class="irc-green">* TCMAN-web_ (8b5ffb16@gateway/web/freenode/ip.139.95.251.22) has left this channel.</span><br />
<span class="irc-date">[3:09]</span> <span class="irc-navy">* jt1134 (~jt1134@c-71-207-226-80.hsd1.al.comcast.net) Quit (Quit: Leaving)</span><br />
<span class="irc-date">[3:22]</span> <span class="irc-green">* jt1134 (~jt1134@c-71-207-226-80.hsd1.al.comcast.net) has joined this channel.</span><br />
<span class="irc-date">[3:41]</span> <span class="irc-green">* gdanko (~gdanko@99-33-178-151.lightspeed.simica.sbcglobal.net) has joined this channel.</span><br />
<span class="irc-date">[3:54]</span> <span class="irc-navy">* skeeterslint (~skeetersl@c-71-192-215-99.hsd1.ma.comcast.net) Quit (Quit: Leaving)</span><br />
<span class="irc-date">[4:05]</span> <span class="irc-green">* UberPinguin (~uber@gentoo/user/uberpinguin) has joined this channel.</span><br />
<span class="irc-date">[4:06]</span> <span class="irc-navy">* gdanko (~gdanko@99-33-178-151.lightspeed.simica.sbcglobal.net) Quit (Quit: Get MacIrssi - <a href="http://www.sysctl.co.uk/projects/macirssi/)">http://www.sysctl.co.uk/projects/macirssi/)</a></span><br />
<span class="irc-date">[10:31]</span> <span class="irc-brown">-anthony.freenode.net- *** Looking up your hostname...</span><br />
<span class="irc-date">[10:31]</span> <span class="irc-brown">-anthony.freenode.net- *** Checking Ident</span><br />
<span class="irc-date">[10:31]</span> <span class="irc-brown">-anthony.freenode.net- *** No Ident response</span><br />
<span class="irc-date">[10:31]</span> <span class="irc-brown">-anthony.freenode.net- *** Found your hostname</span><br />
<span class="irc-date">[10:31]</span> <span class="irc-green">* cmsgsteam-logger (~PircBot@cmsgs.com) has joined this channel.</span><br />
<span class="irc-date">[10:31]</span> <span class="irc-green">* Topic is 'SGS CyanogenMod developers and testers (and other kernel and android hackers) - <a href="http://www.cmsgs.com/'">http://www.cmsgs.com/'</a></span><br />
<span class="irc-date">[10:31]</span> <span class="irc-green">* Set by atinm|night!~atin@unaffiliated/atinm on Sun Dec 19 02:05:32 GMT 2010</span><br />
<span class="irc-date">[10:31]</span> <span class="irc-brown">-ChanServ- [#__topsecret__] SGS-CM6 developers and testers only pls. Others could be kickbanned if not contributing to the channel's function.</span><br />
<span class="irc-date">[10:31]</span> <span class="irc-green">* ChanServ sets mode +o cmsgsteam-logger</span><br />
<span class="irc-date">[13:24]</span> <span class="irc-navy">* GuiPer (~GuiPer@ip-86-49-25-242.net.upcbroadband.cz) Quit (Ping timeout: 240 seconds)</span><br />
<span class="irc-date">[13:25]</span> <span class="irc-green">* kalpik (~kalpik@unaffiliated/kalpik) has joined this channel.</span><br />
<span class="irc-date">[13:27]</span> <span class="irc-navy">* kalpik (~kalpik@unaffiliated/kalpik) Quit (Client Quit)</span><br />
<span class="irc-date">[13:46]</span> <span class="irc-green">* kalpik (~kalpik@unaffiliated/kalpik) has joined this channel.</span><br />
<span class="irc-date">[14:12]</span> <span class="irc-green">* GuiPer (~GuiPer@94.230.152.2) has joined this channel.</span><br />
<span class="irc-date">[14:13]</span> <span class="irc-green">* skeeterslint (~skeetersl@c-71-192-215-99.hsd1.ma.comcast.net) has joined this channel.</span><br />
<span class="irc-date">[14:29]</span> <span class="irc-navy">* skeeterslint (~skeetersl@c-71-192-215-99.hsd1.ma.comcast.net) Quit (Quit: Leaving)</span><br />
<span class="irc-date">[15:00]</span> <span class="irc-green">* gdanko (~gdanko@66-162-32-185.static.twtelecom.net) has joined this channel.</span><br />
<span class="irc-date">[15:10]</span> <span class="irc-green">* neldar (~neldar@dsl-217-162-71.pool.bitel.net) has joined this channel.</span><br />
<span class="irc-date">[15:10]</span> <span class="irc-black">&lt;- *neldar* Bot Sentry eingeschalten:  Sie werden jetzt ignoriert!  Ihre Nachricht wird 端bermittelt wenn sie die folgenden Fragen innerhalb von 10 Minuten richtig beantworten:  How do you spell the result of ten div_ided by 2?</span><br />
<span class="irc-date">[15:31]</span> <span class="irc-green">* codeworkx (~codeworkx@95-89-111-251-dynip.superkabel.de) has joined this channel.</span><br />
<span class="irc-date">[16:00]</span> <span class="irc-green">* thedeanius (~dean@64.151.21.178) has joined this channel.</span><br />
<span class="irc-date">[16:49]</span> <span class="irc-navy">* birdman (~Steven@24.246.130.106) Quit (Ping timeout: 240 seconds)</span><br />
<span class="irc-date">[17:17]</span> <span class="irc-navy">* magote (~magote@a79-169-106-110.cpe.netcabo.pt) Quit (Ping timeout: 240 seconds)</span><br />
<span class="irc-date">[17:18]</span> <span class="irc-navy">* kalpik (~kalpik@unaffiliated/kalpik) Quit (Ping timeout: 240 seconds)</span><br />
<span class="irc-date">[17:27]</span> <span class="irc-green">* kalpik (~kalpik@unaffiliated/kalpik) has joined this channel.</span><br />
<span class="irc-date">[17:53]</span> <span class="irc-navy">* neldar (~neldar@dsl-217-162-71.pool.bitel.net) Quit (Quit: Leaving.)</span><br />
<span class="irc-date">[18:01]</span> <span class="irc-green">* magote (~magote@a79-169-102-73.cpe.netcabo.pt) has joined this channel.</span><br />
<span class="irc-date">[18:08]</span> <span class="irc-navy">* magote (~magote@a79-169-102-73.cpe.netcabo.pt) Quit ()</span><br />
<span class="irc-date">[18:19]</span> <span class="irc-green">* neldar (~neldar@dsl-217-162-71.pool.bitel.net) has joined this channel.</span><br />
<span class="irc-date">[18:19]</span> <span class="irc-black">&lt;- *neldar* Bot Sentry eingeschalten:  Sie werden jetzt ignoriert!  Ihre Nachricht wird 端bermittelt wenn sie die folgenden Fragen innerhalb von 10 Minuten richtig beantworten:  How do you spell the result of ten div_ided by 2?</span><br />
<span class="irc-date">[18:25]</span> <span class="irc-navy">* neldar (~neldar@dsl-217-162-71.pool.bitel.net) Quit (Quit: Leaving.)</span><br />
<span class="irc-date">[18:31]</span> <span class="irc-green">* neldar (~neldar@dsl-217-162-71.pool.bitel.net) has joined this channel.</span><br />
<span class="irc-date">[18:31]</span> <span class="irc-black">&lt;- *neldar* Bot Sentry eingeschalten:  Sie werden jetzt ignoriert!  Ihre Nachricht wird 端bermittelt wenn sie die folgenden Fragen innerhalb von 10 Minuten richtig beantworten:  How do you spell the result of ten div_ided by 2?</span><br />
<span class="irc-date">[18:40]</span> <span class="irc-navy">* neldar (~neldar@dsl-217-162-71.pool.bitel.net) Quit (Quit: Leaving.)</span><br />
<span class="irc-date">[18:44]</span> <span class="irc-green">* coolya|away is now known as coolya</span><br />
<span class="irc-date">[18:50]</span> <span class="irc-green">* neldar (~neldar@dsl-217-162-71.pool.bitel.net) has joined this channel.</span><br />
<span class="irc-date">[18:50]</span> <span class="irc-black">&lt;- *neldar* Bot Sentry eingeschalten:  Sie werden jetzt ignoriert!  Ihre Nachricht wird 端bermittelt wenn sie die folgenden Fragen innerhalb von 10 Minuten richtig beantworten:  How do you spell the result of ten div_ided by 2?</span><br />
<span class="irc-date">[18:52]</span> <span class="irc-navy">* GuiPer (~GuiPer@94.230.152.2) Quit (Quit: GuiPer)</span><br />
<span class="irc-date">[18:52]</span> <span class="irc-green">* GuiPer (~GuiPer@94.230.152.2) has joined this channel.</span><br />
<span class="irc-date">[18:55]</span> <span class="irc-navy">* neldar (~neldar@dsl-217-162-71.pool.bitel.net) Quit (Client Quit)</span><br />
<span class="irc-date">[19:02]</span> <span class="irc-navy">* GuiPer (~GuiPer@94.230.152.2) Quit (Ping timeout: 265 seconds)</span><br />
<span class="irc-date">[19:28]</span> <span class="irc-navy">* thedeanius (~dean@64.151.21.178) Quit (Ping timeout: 240 seconds)</span><br />
<span class="irc-date">[19:58]</span> <span class="irc-green">* coolya is now known as coolya|away</span><br />
