<span class="irc-date">[0:01]</span> <span class="irc-brown">-RichiH- [Global Notice]  ♥♥♥ freenode loves you and you want to check out <a href="http://blog.freenode.net/2011/04/important-service-announcement-regarding-defocus/">http://blog.freenode.net/2011/04/important-service-announcement-regarding-defocus/</a> ♥♥♥</span><br />
<span class="irc-date">[0:13]</span> <span class="irc-black">&lt;atinm&gt; Kaik, do you follow me?</span><br />
<span class="irc-date">[0:13]</span> <span class="irc-black">&lt;atinm&gt; some guy decided to send me a Theme apk . . .</span><br />
<span class="irc-date">[0:13]</span> <span class="irc-black">&lt;Kaik541&gt; I don't really follow people on twitter, I haven't really used twitter in ages</span><br />
<span class="irc-date">[0:13]</span> <span class="irc-black">&lt;atinm&gt; what exactly do I tell him, create something for Theme Manager?</span><br />
<span class="irc-date">[0:14]</span> <span class="irc-black">&lt;atinm&gt; and don't bother me? :)</span><br />
<span class="irc-date">[0:14]</span> <span class="irc-black">&lt;Kaik541&gt; that's what I'd say personally... not quite sure why he would send it to you?</span><br />
<span class="irc-date">[0:14]</span> <span class="irc-black">&lt;TMC_Sherpa&gt; depends, is it any good :P</span><br />
<span class="irc-date">[0:14]</span> <span class="irc-black">&lt;atinm&gt; I have no idea - its an apk.</span><br />
<span class="irc-date">[0:15]</span> <span class="irc-black">&lt;atinm&gt; as far as I'm concerned, its a virus.</span><br />
<span class="irc-date">[0:15]</span> <span class="irc-black">&lt;atinm&gt; :)</span><br />
<span class="irc-date">[0:15]</span> <span class="irc-black">&lt;atinm&gt; and I have my anti-virus meds on.</span><br />
<span class="irc-date">[0:15]</span> <span class="irc-green">* lisa__ (~wwyvern@adsl-074-167-175-227.sip.jax.bellsouth.net) has joined this channel.</span><br />
<span class="irc-date">[0:15]</span> <span class="irc-black">&lt;atinm&gt; naww...</span><br />
<span class="irc-date">[0:16]</span> <span class="irc-black">&lt;atinm&gt; not here too. anyway - back in a bit. audience chip requires my attention.</span><br />
<span class="irc-date">[0:18]</span> <span class="irc-navy">* wwyvern (~wwyvern@adsl-074-167-175-227.sip.jax.bellsouth.net) Quit (Ping timeout: 276 seconds)</span><br />
<span class="irc-date">[0:18]</span> <span class="irc-navy">* lisa__ (~wwyvern@adsl-074-167-175-227.sip.jax.bellsouth.net) Quit (Client Quit)</span><br />
<span class="irc-date">[0:20]</span> <span class="irc-black">&lt;atinm&gt; :)</span><br />
<span class="irc-date">[0:23]</span> <span class="irc-black">&lt;TMC_Sherpa&gt; what did you d..... nah I don't really want to know</span><br />
<span class="irc-date">[0:32]</span> <span class="irc-black">&lt;Kaik541&gt; I gave rajendra a decent tongue lashing I think</span><br />
<span class="irc-date">[0:34]</span> <span class="irc-black">&lt;Kaik541&gt; I am honestly shocked mods haven't told me to tone it down or even a temporary ban</span><br />
<span class="irc-date">[0:46]</span> <span class="irc-black">&lt;TMC_Sherpa&gt; forums are going to hell all over lately I'm not sure if the smart people are leaving or if they are tired of taking the high road or what</span><br />
<span class="irc-date">[0:48]</span> <span class="irc-black">&lt;atinm&gt; I just tired.</span><br />
<span class="irc-date">[0:48]</span> <span class="irc-black">&lt;atinm&gt; I can deal with normal questions, I dont' ask for much.</span><br />
<span class="irc-date">[0:48]</span> <span class="irc-black">&lt;atinm&gt; just respect, and a little politeness.</span><br />
<span class="irc-date">[0:48]</span> <span class="irc-black">&lt;Kaik541&gt; that's the same for me... I'm happy to help people out if they ask legitimate questions</span><br />
<span class="irc-date">[0:48]</span> <span class="irc-black">&lt;Kaik541&gt; but if they don't read the Q&amp;A or bug list, I get a bit annoyed</span><br />
<span class="irc-date">[0:48]</span> <span class="irc-black">&lt;Kaik541&gt; if they're rude to the devs, they can die in a fire</span><br />
<span class="irc-date">[0:48]</span> <span class="irc-black">&lt;atinm&gt; and a little bit of sweat on their end.</span><br />
<span class="irc-date">[0:49]</span> <span class="irc-black">&lt;atinm&gt; but demands I don't need.</span><br />
<span class="irc-date">[0:49]</span> <span class="irc-black">&lt;atinm&gt; nor the backseat devs.</span><br />
<span class="irc-date">[0:49]</span> <span class="irc-black">&lt;atinm&gt; (good name btw)</span><br />
<span class="irc-date">[0:51]</span> <span class="irc-black">&lt;Unhelpful&gt; Kaik541 &lt;3</span><br />
<span class="irc-date">[0:52]</span> <span class="irc-black">&lt;Kaik541&gt; my anger rises exponentially :D</span><br />
<span class="irc-date">[0:53]</span> <span class="irc-black">&lt;atinm&gt; hey unhelpful</span><br />
<span class="irc-date">[0:53]</span> <span class="irc-black">&lt;atinm&gt; I decided to become a drama queen today :)</span><br />
<span class="irc-date">[0:53]</span> <span class="irc-black">&lt;atinm&gt; was fun. but now for real work . . . A1026 hell.</span><br />
<span class="irc-date">[0:54]</span> <span class="irc-brick">* Unhelpful will at some point be trying to compile TNT for android ;/</span><br />
<span class="irc-date">[0:55]</span> <span class="irc-black">&lt;Kaik541&gt; I'm gonna guess you're not meaning the explosive or the TV channel</span><br />
<span class="irc-date">[0:55]</span> <span class="irc-black">&lt;Unhelpful&gt; <a href="http://math.nist.gov/tnt/overview.html">http://math.nist.gov/tnt/overview.html</a></span><br />
<span class="irc-date">[0:55]</span> <span class="irc-black">&lt;Kaik541&gt; yay maths</span><br />
<span class="irc-date">[0:55]</span> <span class="irc-black">&lt;Unhelpful&gt; a numerical methods toolkit for C++. i need a linear least-squares solver.</span><br />
<span class="irc-date">[0:55]</span> <span class="irc-black">&lt;atinm&gt; yow..</span><br />
<span class="irc-date">[0:56]</span> <span class="irc-black">&lt;Unhelpful&gt; it's part of fixing up the @#$% compass ;)</span><br />
<span class="irc-date">[0:57]</span> <span class="irc-black">&lt;Kaik541&gt; one day, you'll get it working flawlessly and then accidentally change one thing</span><br />
<span class="irc-date">[0:57]</span> <span class="irc-black">&lt;Kaik541&gt; and then kill a kitten</span><br />
<span class="irc-date">[0:57]</span> <span class="irc-black">&lt;atinm&gt; figured. no matlab ;)</span><br />
<span class="irc-date">[0:57]</span> <span class="irc-black">&lt;Unhelpful&gt; in essence, the compass has a sensor bias. we can determine *what* it is, fairly simply. since the external magnetic field is roughly constant in magnitude, as the compass rotates the readings will trace out a line on the surface of a sphere.</span><br />
<span class="irc-date">[0:58]</span> <span class="irc-black">&lt;atinm&gt; hmm....my antenna is a little low powered for this.</span><br />
<span class="irc-date">[0:59]</span> <span class="irc-black">&lt;atinm&gt; on a sphere?</span><br />
<span class="irc-date">[0:59]</span> <span class="irc-black">&lt;Unhelpful&gt; the bias is the center of that sphere. i've been a few days looking for existing software that fit a sphere with a series of points on its surface.</span><br />
