<span class="irc-date">[0:02]</span> <span class="irc-green">* nullghost (~justin@c-76-18-157-237.hsd1.tn.comcast.net) has joined this channel.</span><br />
<span class="irc-date">[0:02]</span> <span class="irc-green">* Kaik541 sets mode +I nullghost!*@*</span><br />
<span class="irc-date">[0:02]</span> <span class="irc-black">&lt;Kaik541&gt; so now you can come back in here whenever</span><br />
<span class="irc-date">[0:02]</span> <span class="irc-black">&lt;nullghost&gt; ah ha, I wasn't sure if it was this one or #teamhacksung, but either way.</span><br />
<span class="irc-date">[0:02]</span> <span class="irc-black">&lt;nullghost&gt; thank you.</span><br />
<span class="irc-date">[0:03]</span> <span class="irc-black">&lt;Kaik541&gt; so ask the question you're having issues with and if they don't get back to you immediately it's probably because they're afk</span><br />
<span class="irc-date">[0:03]</span> <span class="irc-black">&lt;Kaik541&gt; but this channel is logged so they'll most likely see it</span><br />
<span class="irc-date">[0:05]</span> <span class="irc-black">&lt;nullghost&gt; I'm having issues with the build script. it wants android build vars set, but running envsetup from the android environment isn't setting them or something.</span><br />
<span class="irc-date">[0:05]</span> <span class="irc-black">&lt;nullghost&gt; UberPinguin: hai2u lawl.</span><br />
<span class="irc-date">[0:05]</span> <span class="irc-black">&lt;Kaik541&gt; . build/envsetup.sh isn't doing it?</span><br />
<span class="irc-date">[0:05]</span> <span class="irc-black">&lt;nullghost&gt; let me repo sync and run it again</span><br />
<span class="irc-date">[0:05]</span> <span class="irc-black">&lt;gehzumteufel&gt; Are you sure you're not missing something?</span><br />
<span class="irc-date">[0:06]</span> <span class="irc-black">&lt;gehzumteufel&gt; Like some dependency?</span><br />
<span class="irc-date">[0:06]</span> <span class="irc-black">&lt;Kaik541&gt; nullghost, can I see your manifest?</span><br />
<span class="irc-date">[0:06]</span> <span class="irc-black">&lt;nullghost&gt; I might be, that's why I'm syncing again :p</span><br />
<span class="irc-date">[0:06]</span> <span class="irc-black">&lt;gehzumteufel&gt; well a dependency wouldn't come from the repo</span><br />
<span class="irc-date">[0:06]</span> <span class="irc-black">&lt;gehzumteufel&gt; Not the git repo anyway</span><br />
<span class="irc-date">[0:06]</span> <span class="irc-black">&lt;nullghost&gt; eh, might as well be up to date</span><br />
<span class="irc-date">[0:06]</span> <span class="irc-black">&lt;Kaik541&gt; (tbh best idea would be to fork teamhacksung and just add your device kernel/vendor/etc)</span><br />
<span class="irc-date">[0:06]</span> <span class="irc-black">&lt;nullghost&gt; we did, actually.</span><br />
<span class="irc-date">[0:06]</span> <span class="irc-black">&lt;Kaik541&gt; oh ok</span><br />
<span class="irc-date">[0:07]</span> <span class="irc-black">&lt;Kaik541&gt; then smart man :)</span><br />
<span class="irc-date">[0:07]</span> <span class="irc-black">&lt;nullghost&gt; i'm working on getting us ported to 2.6.35</span><br />
<span class="irc-date">[0:07]</span> <span class="irc-black">&lt;nullghost&gt; we had done some kernel work in the past, but we didn't have enough uart debuggers to continue</span><br />
<span class="irc-date">[0:07]</span> <span class="irc-black">&lt;gehzumteufel&gt; We're on 32 right now, right?</span><br />
<span class="irc-date">[0:07]</span> <span class="irc-black">&lt;gehzumteufel&gt; .32</span><br />
<span class="irc-date">[0:07]</span> <span class="irc-black">&lt;Kaik541&gt; gehzumteufel, no, GSM is on .35</span><br />
<span class="irc-date">[0:07]</span> <span class="irc-black">&lt;gehzumteufel&gt; Ah</span><br />
<span class="irc-date">[0:07]</span> <span class="irc-black">&lt;nullghost&gt; ^ this, epic and fascinate are on .32</span><br />
<span class="irc-date">[0:08]</span> <span class="irc-black">&lt;gehzumteufel&gt; Were you ever able to build?</span><br />
<span class="irc-date">[0:08]</span> <span class="irc-black">&lt;nullghost&gt; TEMPEST-PC ~/android/system $ . build/envsetup.sh</span><br />
<span class="irc-date">[0:08]</span> <span class="irc-black">&lt;Kaik541&gt; nullghost, gaaaah you forked from cmsgs</span><br />
<span class="irc-date">[0:08]</span> <span class="irc-black">&lt;nullghost&gt; (device spam)</span><br />
<span class="irc-date">[0:08]</span> <span class="irc-black">&lt;nullghost&gt; TEMPEST-PC ~/android/system $ echo $ANDROID_TOOLCHAIN</span><br />
<span class="irc-date">[0:08]</span> <span class="irc-black">&lt;nullghost&gt; (nothing)</span><br />
<span class="irc-date">[0:09]</span> <span class="irc-black">&lt;Kaik541&gt; hmm... is envsetup.sh somehow not executable? or is it empty? o.O</span><br />
<span class="irc-date">[0:09]</span> <span class="irc-black">&lt;nullghost&gt; no, envsetup ran just fine, it included all the other stuffs</span><br />
<span class="irc-date">[0:10]</span> <span class="irc-black">&lt;nullghost&gt; why are we avoiding the cmsgs/android?</span><br />
<span class="irc-date">[0:10]</span> <span class="irc-black">&lt;Kaik541&gt; perhaps you should consider reforking based on the stuff we're actually using</span><br />
<span class="irc-date">[0:10]</span> <span class="irc-black">&lt;Kaik541&gt; <a href="https://github.com/teamhacksung/android/blob/gingerbread/default.xml">https://github.com/teamhacksung/android/blob/gingerbread/default.xml</a></span><br />
<span class="irc-date">[0:11]</span> <span class="irc-black">&lt;nullghost&gt; haha, well let's get that fixed. :P</span><br />
<span class="irc-date">[0:11]</span> <span class="irc-black">&lt;Kaik541&gt; yeah we switched off of cmsgs a while back because it was horribly broken</span><br />
<span class="irc-date">[0:11]</span> <span class="irc-black">&lt;Kaik541&gt; ideally you should be able to just add your device at the end (and if it works even merge with us)</span><br />
<span class="irc-date">[0:12]</span> <span class="irc-black">&lt;nullghost&gt; that's what I want to do, but we need .35 booting to merge with you</span><br />
<span class="irc-date">[0:12]</span> <span class="irc-black">&lt;nullghost&gt; and then there's the issue, will our modem even work with .35</span><br />
<span class="irc-date">[0:12]</span> <span class="irc-black">&lt;nullghost&gt; jt says he got .35 booting on fascinate, but modem was a bust.</span><br />
<span class="irc-date">[0:12]</span> <span class="irc-black">&lt;Kaik541&gt; well CDMA support just landed</span><br />
<span class="irc-date">[0:12]</span> <span class="irc-black">&lt;Kaik541&gt; because of crespo4g</span><br />
<span class="irc-date">[0:12]</span> <span class="irc-black">&lt;nullghost&gt; yeah i'm hoping that does the trick</span><br />
<span class="irc-date">[0:13]</span> <span class="irc-black">&lt;Kaik541&gt; so if it exists upstream it should *hopefully* help</span><br />
<span class="irc-date">[0:13]</span> <span class="irc-black">&lt;nullghost&gt; and doesn't require any cdma modemctl garbage</span><br />
<span class="irc-date">[0:13]</span> <span class="irc-black">&lt;Kaik541&gt; ah fuck I just realized, we just switched back to samsung modemctl didn't we? that might have to change for you</span><br />
<span class="irc-date">[0:13]</span> <span class="irc-black">&lt;nullghost&gt; I think the modemctl module is gpl anyway, so there might be source for it</span><br />
<span class="irc-date">[0:13]</span> <span class="irc-black">&lt;Kaik541&gt; or at least steal the one from your kernel</span><br />
<span class="irc-date">[0:13]</span> <span class="irc-black">&lt;nullghost&gt; we'll cross that bridge.</span><br />
<span class="irc-date">[0:14]</span> <span class="irc-black">&lt;nullghost&gt; if we can get everything but ril working, that's enough for a merge imo.</span><br />
<span class="irc-date">[0:14]</span> <span class="irc-black">&lt;Kaik541&gt; we were using AOSP, but had a reason for switching to sammy, but I think it would be possible for you to switch back to AOSP CDMA worst case</span><br />
<span class="irc-date">[0:14]</span> <span class="irc-black">&lt;Kaik541&gt; so there *might* have to be a GSM kernel and CDMA kernel, but that's not too much to ask for</span><br />
<span class="irc-date">[0:14]</span> <span class="irc-black">&lt;nullghost&gt; nothing a little trial and error won't solve.</span><br />
<span class="irc-date">[0:14]</span> <span class="irc-black">&lt;Kaik541&gt; but come to that when the time comes</span><br />
<span class="irc-date">[0:15]</span> <span class="irc-black">&lt;nullghost&gt; nah man, that's what #ifdefs are for</span><br />
<span class="irc-date">[0:15]</span> <span class="irc-black">&lt;Kaik541&gt; or that</span><br />
<span class="irc-date">[0:15]</span> <span class="irc-black">&lt;nullghost&gt; :p</span><br />
<span class="irc-date">[0:18]</span> <span class="irc-black">&lt;nullghost&gt; I think I'll just fork it to my personal repo for now</span><br />
<span class="irc-date">[1:03]</span> <span class="irc-green">* TMC_Sherpa_ (~jeff@c-67-173-42-196.hsd1.il.comcast.net) has joined this channel.</span><br />
<span class="irc-date">[1:03]</span> <span class="irc-green">* TMC_Sherpa_ is now known as TMC_Sherpa</span><br />
<span class="irc-date">[1:07]</span> <span class="irc-black">&lt;atinm|away&gt; and if it finds an enable_lagfix on there, it aborts installation and plays a banshee laugh instead.</span><br />
<span class="irc-date">[1:08]</span> <span class="irc-black">&lt;atinm|away&gt; ...</span><br />
<span class="irc-date">[1:08]</span> <span class="irc-black">&lt;atinm|away&gt; I'm with coolya|away. I don't like users today.</span><br />
<span class="irc-date">[1:09]</span> <span class="irc-black">&lt;atinm|away&gt; *I* hate when I insult someone and they don't even get it.</span><br />
<span class="irc-date">[1:09]</span> <span class="irc-black">&lt;atinm|away&gt; such a waste of a good insult.</span><br />
<span class="irc-date">[1:09]</span> <span class="irc-black">&lt;TMC_Sherpa&gt; just change the OP, step one reflash to stock sammy ROM.....there is no step two</span><br />
<span class="irc-date">[1:09]</span> <span class="irc-black">&lt;gehzumteufel&gt; LOL</span><br />
<span class="irc-date">[1:09]</span> <span class="irc-black">&lt;atinm|away&gt; lol</span><br />
<span class="irc-date">[1:10]</span> <span class="irc-black">&lt;TMC_Sherpa&gt; if they can't figure out how to get it on their own right now I don't trust that we can get good feedback</span><br />
<span class="irc-date">[1:10]</span> <span class="irc-black">&lt;TMC_Sherpa&gt; from them</span><br />
<span class="irc-date">[1:11]</span> <span class="irc-black">&lt;atinm|away&gt; is true.</span><br />
<span class="irc-date">[1:11]</span> <span class="irc-black">&lt;atinm|away&gt; ok, I'm off hacking.</span><br />
<span class="irc-date">[1:11]</span> <span class="irc-black">&lt;atinm|away&gt; back later</span><br />
<span class="irc-date">[1:11]</span> <span class="irc-black">&lt;uberushaximus&gt; HEY ATINM</span><br />
<span class="irc-date">[1:11]</span> <span class="irc-black">&lt;uberushaximus&gt; just kidding :)</span><br />
<span class="irc-date">[1:23]</span> <span class="irc-green">* codeworkx (~codeworkx@188-195-7-18-dynip.superkabel.de) has joined this channel.</span><br />
<span class="irc-date">[1:23]</span> <span class="irc-green">* ChanServ sets mode +o codeworkx</span><br />
<span class="irc-date">[1:24]</span> <span class="irc-black">&lt;codeworkx&gt; wtf</span><br />
<span class="irc-date">[1:25]</span> <span class="irc-black">&lt;uberushaximus&gt; what is it?</span><br />
<span class="irc-date">[1:26]</span> <span class="irc-black">&lt;Kaik541&gt; codeworkx, wtf</span><br />
<span class="irc-date">[1:26]</span> <span class="irc-black">&lt;codeworkx&gt; slept 4 hours. now its 3:25 am -.-</span><br />
<span class="irc-date">[1:27]</span> <span class="irc-black">&lt;codeworkx&gt; I'M FUCT</span><br />
<span class="irc-date">[1:27]</span> <span class="irc-black">&lt;Kaik541&gt; codeworkx, MORNING SUNSHINE</span><br />
<span class="irc-date">[1:27]</span> <span class="irc-black">&lt;uberushaximus&gt; Think of it as extra time for cmsgs?</span><br />
<span class="irc-date">[1:27]</span> <span class="irc-black">&lt;uberushaximus&gt; &lt;3</span><br />
<span class="irc-date">[1:27]</span> <span class="irc-black">&lt;Kaik541&gt; or more time for booze</span><br />
<span class="irc-date">[1:28]</span> <span class="irc-black">&lt;Kaik541&gt; nullghost, any luck?</span><br />
<span class="irc-date">[1:31]</span> <span class="irc-black">&lt;codeworkx&gt; changelog 0509?</span><br />
<span class="irc-date">[1:31]</span> <span class="irc-black">&lt;techmik_laptop&gt; i need a good, free file and folder backup tool</span><br />
<span class="irc-date">[1:31]</span> <span class="irc-black">&lt;codeworkx&gt; Kaik541</span><br />
<span class="irc-date">[1:31]</span> <span class="irc-black">&lt;Kaik541&gt; codeworkx, 720p and gtalk hack?</span><br />
<span class="irc-date">[1:31]</span> <span class="irc-black">&lt;Kaik541&gt; techmik_laptop, rsync</span><br />
<span class="irc-date">[1:31]</span> <span class="irc-black">&lt;techmik_laptop&gt; windows</span><br />
<span class="irc-date">[1:32]</span> <span class="irc-black">&lt;uberushaximus&gt; rsync is what I was thinking, but remember, mirroring isn't backup</span><br />
<span class="irc-date">[1:32]</span> <span class="irc-black">&lt;codeworkx&gt; oh, i've already written it xD</span><br />
<span class="irc-date">[1:32]</span> <span class="irc-black">&lt;Kaik541&gt; techmik_laptop, prayer</span><br />
<span class="irc-date">[1:32]</span> <span class="irc-black">&lt;codeworkx&gt; techmik_laptop: own root server + synctool or something xD</span><br />
<span class="irc-date">[1:32]</span> <span class="irc-black">&lt;Kaik541&gt; uberushaximus, for when I'm lazy: <a href="http://code.google.com/p/flyback/">http://code.google.com/p/flyback/</a></span><br />
<span class="irc-date">[1:32]</span> <span class="irc-black">&lt;techmik_laptop&gt; no, i want to copy all my pics, vids, etc and save em and restore on a new hdd</span><br />
<span class="irc-date">[1:33]</span> <span class="irc-black">&lt;gehzumteufel&gt; nas</span><br />
<span class="irc-date">[1:33]</span> <span class="irc-black">&lt;codeworkx&gt; techmik_laptop: usb stick?</span><br />
<span class="irc-date">[1:33]</span> <span class="irc-black">&lt;techmik_laptop&gt; codeworkx: about 100gb of stuff =)</span><br />
<span class="irc-date">[1:33]</span> <span class="irc-black">&lt;codeworkx&gt; techmik_laptop: hmm</span><br />
<span class="irc-date">[1:33]</span> <span class="irc-black">&lt;codeworkx&gt; techmik_laptop: nas</span><br />
<span class="irc-date">[1:33]</span> <span class="irc-black">&lt;uberushaximus&gt; really large usb stick</span><br />
<span class="irc-date">[1:34]</span> <span class="irc-black">&lt;codeworkx&gt; the mother of usb-sticks!</span><br />
<span class="irc-date">[1:34]</span> <span class="irc-black">&lt;Kaik541&gt; "arconis true image" is apparently good</span><br />
<span class="irc-date">[1:34]</span> <span class="irc-black">&lt;Kaik541&gt; but I don't know any windows ones personally</span><br />
<span class="irc-date">[1:34]</span> <span class="irc-black">&lt;techmik_laptop&gt; i may jusy copy the shit across the network</span><br />
<span class="irc-date">[1:34]</span> <span class="irc-black">&lt;codeworkx&gt; techmik_laptop: n1</span><br />
<span class="irc-date">[1:34]</span> <span class="irc-black">&lt;Kaik541&gt; oh and carbonite</span><br />
<span class="irc-date">[1:35]</span> <span class="irc-black">&lt;Kaik541&gt; the only non linux one I know of is carbon copy cloner for os x</span><br />
<span class="irc-date">[1:41]</span> <span class="irc-black">&lt;codeworkx&gt; techmik_laptop: <a href="http://www.microsoft.com/downloads/en/details.aspx?FamilyID=c26efa36-98e0-4ee9-a7c5-98d0592d8c52">http://www.microsoft.com/downloads/en/details.aspx?FamilyID=c26efa36-98e0-4ee9-a7c5-98d0592d8c52</a> works over lan</span><br />
<span class="irc-date">[1:41]</span> <span class="irc-black">&lt;codeworkx&gt; lol</span><br />
<span class="irc-date">[1:41]</span> <span class="irc-black">&lt;techmik_laptop&gt; excellent, thanks!</span><br />
<span class="irc-date">[1:41]</span> <span class="irc-black">&lt;codeworkx&gt; does someone own a tvout cable?</span><br />
<span class="irc-date">[1:42]</span> <span class="irc-brick">* gehzumteufel does not</span><br />
<span class="irc-date">[1:42]</span> <span class="irc-black">&lt;TMC_Sherpa&gt; yes but I'm not sure I can throw it that far</span><br />
<span class="irc-date">[1:43]</span> <span class="irc-black">&lt;Kaik541&gt; codeworkx, I do</span><br />
<span class="irc-date">[1:43]</span> <span class="irc-black">&lt;Kaik541&gt; but the TV I would test on is in use</span><br />
<span class="irc-date">[1:43]</span> <span class="irc-black">&lt;codeworkx&gt; Kaik541: if i put the tvout driver into the kernel you can probably test?</span><br />
<span class="irc-date">[1:44]</span> <span class="irc-black">&lt;Kaik541&gt; sure</span><br />
<span class="irc-date">[1:44]</span> <span class="irc-black">&lt;Kaik541&gt; but not for a couple hours</span><br />
<span class="irc-date">[1:44]</span> <span class="irc-black">&lt;Kaik541&gt; since my roommate watches TV until god knows when at night</span><br />
<span class="irc-date">[1:45]</span> <span class="irc-black">&lt;uberushaximus&gt; is there anything more to the cable other than a 3.5 jack and an rca jack?</span><br />
<span class="irc-date">[1:45]</span> <span class="irc-black">&lt;Kaik541&gt; probably a converter somewhere in there xD</span><br />
<span class="irc-date">[1:46]</span> <span class="irc-black">&lt;uberushaximus&gt; why would it need one?</span><br />
<span class="irc-date">[1:46]</span> <span class="irc-black">&lt;gehzumteufel&gt; No there isn't from what I am aware of</span><br />
<span class="irc-date">[1:47]</span> <span class="irc-black">&lt;uberushaximus&gt; it should be pretty easy to fashion one then</span><br />
<span class="irc-date">[1:47]</span> <span class="irc-black">&lt;TMC_Sherpa&gt; I got a cheap on somewhere, the colors are wrong (red is video) but it works</span><br />
<span class="irc-date">[1:47]</span> <span class="irc-black">&lt;Kaik541&gt; TMC_Sherpa, same</span><br />
<span class="irc-date">[1:47]</span> <span class="irc-black">&lt;Kaik541&gt; think I got mine from either amazon or dealextreme</span><br />
<span class="irc-date">[1:47]</span> <span class="irc-black">&lt;TMC_Sherpa&gt; amazon sounds about right it was like 1.50 or soemthing stupid so I added it to a book order</span><br />
<span class="irc-date">[1:48]</span> <span class="irc-black">&lt;Kaik541&gt; pretty sure that's exactly what I did, ordered just enough to put it over that $25 free shipping mark</span><br />
<span class="irc-date">[1:48]</span> <span class="irc-black">&lt;Kaik541&gt; (stuff I was gonna buy anyway)</span><br />
<span class="irc-date">[1:50]</span> <span class="irc-black">&lt;Kaik541&gt; speaking of amazon, codeworkx ping me when you want me to flash/pull something... until then back to the hobbit</span><br />
<span class="irc-date">[1:52]</span> <span class="irc-black">&lt;gehzumteufel&gt; If you ever need cables, check out monoprice.com</span><br />
<span class="irc-date">[1:52]</span> <span class="irc-black">&lt;gehzumteufel&gt; One of the best places to shop for cables imho</span><br />
<span class="irc-date">[1:53]</span> <span class="irc-black">&lt;gehzumteufel&gt; How does the tvout work anyway? Repurposes the headphone jack I presume?</span><br />
<span class="irc-date">[1:54]</span> <span class="irc-black">&lt;Kaik541&gt; iono, plug in headphone jack output to RCA</span><br />
<span class="irc-date">[1:54]</span> <span class="irc-black">&lt;Kaik541&gt; aka demon magic</span><br />
<span class="irc-date">[1:55]</span> <span class="irc-black">&lt;atinm|away&gt; so now I have a choice.</span><br />
<span class="irc-date">[1:55]</span> <span class="irc-black">&lt;atinm|away&gt; I can really fux with sound and remove sysfs</span><br />
<span class="irc-date">[1:55]</span> <span class="irc-black">&lt;atinm|away&gt; so certain apps stop working</span><br />
<span class="irc-date">[1:55]</span> <span class="irc-black">&lt;atinm|away&gt; while keeping defaults.</span><br />
<span class="irc-date">[1:55]</span> <span class="irc-black">&lt;atinm|away&gt; I can leave sysfs and get certain ppl off my back</span><br />
<span class="irc-date">[1:56]</span> <span class="irc-black">&lt;atinm|away&gt; I can just sit on it and do the conversion of the configurable things to alsa</span><br />
<span class="irc-date">[1:56]</span> <span class="irc-black">&lt;atinm|away&gt; on my time and ignore the ppl</span><br />
<span class="irc-date">[1:56]</span> <span class="irc-black">&lt;TMC_Sherpa&gt; if you take it out he can always fork and put it back in if he wishes</span><br />
<span class="irc-date">[1:56]</span> <span class="irc-black">&lt;gehzumteufel&gt; Here's my advice....do what makes you least stressed</span><br />
<span class="irc-date">[1:57]</span> <span class="irc-black">&lt;atinm|away&gt; gehzumteufel: that's the hard one.</span><br />
<span class="irc-date">[1:57]</span> <span class="irc-black">&lt;Kaik541&gt; TMC_Sherpa, exactly, put it on him to support his work</span><br />
<span class="irc-date">[1:57]</span> <span class="irc-black">&lt;atinm|away&gt; on one had the person stresses me</span><br />
<span class="irc-date">[1:57]</span> <span class="irc-black">&lt;atinm|away&gt; on the other, bad design really stresses me</span><br />
<span class="irc-date">[1:57]</span> <span class="irc-black">&lt;TMC_Sherpa&gt; um... I think that involved buying a different phone gehzumteufel....so ixnay on the onphay</span><br />
<span class="irc-date">[1:57]</span> <span class="irc-black">&lt;gehzumteufel&gt; LOL</span><br />
<span class="irc-date">[1:57]</span> <span class="irc-black">&lt;gehzumteufel&gt; :p</span><br />
<span class="irc-date">[1:57]</span> <span class="irc-black">&lt;gehzumteufel&gt; atinm|away: Well, which one stresses you more?</span><br />
<span class="irc-date">[1:58]</span> <span class="irc-black">&lt;atinm|away&gt; depends. I think overall I'll not like myself if I leave it as is.</span><br />
<span class="irc-date">[1:58]</span> <span class="irc-black">&lt;atinm|away&gt; so I'm going to sit on it</span><br />
<span class="irc-date">[1:58]</span> <span class="irc-black">&lt;gehzumteufel&gt; Well then your decision is pretty much made</span><br />
<span class="irc-date">[1:58]</span> <span class="irc-black">&lt;atinm|away&gt; and work on alsa.</span><br />
<span class="irc-date">[1:58]</span> <span class="irc-black">&lt;atinm|away&gt; <a href="http://opensource.wolfsonmicro.com/cgi-bin/gitweb.cgi?p=linux-2.6-asoc.git;a=blob;f=sound/soc/codecs/wm8994.c;h=5fd0143318b4a4dc27d9a0cd636ee7a84cf8d119;hb=40c0b5626423d7c468b333b0ba82a4ceca0a7bb1">http://opensource.wolfsonmicro.com/cgi-bin/gitweb.cgi?p=linux-2.6-asoc.git;a=blob;f=sound/soc/codecs/wm8994.c;h=5fd0143318b4a4dc27d9a0cd636ee7a84cf8d119;hb=40c0b5626423d7c468b333b0ba82a4ceca0a7bb1</a></span><br />
<span class="irc-date">[1:58]</span> <span class="irc-black">&lt;TMC_Sherpa&gt; the new sounds source looks pretty nice, I would prolly base it on that</span><br />
