<span class="irc-date">[0:20]</span> <span class="irc-green">* GuiPer (~GuiPer@94.230.144.39) has joined this channel.</span><br />
<span class="irc-date">[0:30]</span> <span class="irc-green">* neldar (~neldar@dsl104-68.pool.bitel.net) has joined this channel.</span><br />
<span class="irc-date">[0:30]</span> <span class="irc-black">&lt;- *neldar* Bot Sentry eingeschalten:  Sie werden jetzt ignoriert!  Ihre Nachricht wird 端bermittelt wenn sie die folgenden Fragen innerhalb von 10 Minuten richtig beantworten:  How do you spell the result of ten div_ided by 2?</span><br />
<span class="irc-date">[0:30]</span> <span class="irc-navy">* GuiPer (~GuiPer@94.230.144.39) Quit (Ping timeout: 276 seconds)</span><br />
<span class="irc-date">[0:37]</span> <span class="irc-green">* thedeanius (~dean@c-24-2-24-87.hsd1.mo.comcast.net) has joined this channel.</span><br />
<span class="irc-date">[0:38]</span> <span class="irc-navy">* neldar (~neldar@dsl104-68.pool.bitel.net) Quit (Quit: Leaving.)</span><br />
<span class="irc-date">[0:50]</span> <span class="irc-navy">* codeworkx (~codeworkx@95-89-111-251-dynip.superkabel.de) Quit (Read error: Connection reset by peer)</span><br />
<span class="irc-date">[1:01]</span> <span class="irc-green">* neldar (~neldar@dsl104-68.pool.bitel.net) has joined this channel.</span><br />
<span class="irc-date">[1:01]</span> <span class="irc-black">&lt;- *neldar* Bot Sentry eingeschalten:  Sie werden jetzt ignoriert!  Ihre Nachricht wird 端bermittelt wenn sie die folgenden Fragen innerhalb von 10 Minuten richtig beantworten:  How do you spell the result of ten div_ided by 2?</span><br />
<span class="irc-date">[1:39]</span> <span class="irc-navy">* neldar (~neldar@dsl104-68.pool.bitel.net) Quit (Quit: Leaving.)</span><br />
<span class="irc-date">[1:41]</span> <span class="irc-green">* neldar (~neldar@dsl104-68.pool.bitel.net) has joined this channel.</span><br />
<span class="irc-date">[1:41]</span> <span class="irc-black">&lt;- *neldar* Bot Sentry eingeschalten:  Sie werden jetzt ignoriert!  Ihre Nachricht wird 端bermittelt wenn sie die folgenden Fragen innerhalb von 10 Minuten richtig beantworten:  How do you spell the result of ten div_ided by 2?</span><br />
<span class="irc-date">[1:47]</span> <span class="irc-navy">* neldar (~neldar@dsl104-68.pool.bitel.net) Quit (Quit: Leaving.)</span><br />
<span class="irc-date">[1:52]</span> <span class="irc-green">* neldar (~neldar@dsl104-68.pool.bitel.net) has joined this channel.</span><br />
<span class="irc-date">[1:52]</span> <span class="irc-black">&lt;- *neldar* Bot Sentry eingeschalten:  Sie werden jetzt ignoriert!  Ihre Nachricht wird 端bermittelt wenn sie die folgenden Fragen innerhalb von 10 Minuten richtig beantworten:  How do you spell the result of ten div_ided by 2?</span><br />
<span class="irc-date">[1:54]</span> <span class="irc-green">* UberPinguin is now known as MrDopeMan</span><br />
<span class="irc-date">[1:55]</span> <span class="irc-navy">* neldar (~neldar@dsl104-68.pool.bitel.net) Quit (Client Quit)</span><br />
<span class="irc-date">[1:56]</span> <span class="irc-green">* MrDopeMan is now known as UberPinguin</span><br />
<span class="irc-date">[2:14]</span> <span class="irc-green">* atinm_ (~atin@c-65-96-163-78.hsd1.ma.comcast.net) has joined this channel.</span><br />
<span class="irc-date">[2:14]</span> <span class="irc-navy">* atinm_ (~atin@c-65-96-163-78.hsd1.ma.comcast.net) Quit (Changing host)</span><br />
<span class="irc-date">[2:14]</span> <span class="irc-green">* atinm_ (~atin@unaffiliated/atinm) has joined this channel.</span><br />
<span class="irc-date">[2:14]</span> <span class="irc-green">* ChanServ sets mode +o atinm_</span><br />
<span class="irc-date">[2:15]</span> <span class="irc-black">&lt;atinm_&gt; hrm, cmsgs.com is dead.</span><br />
<span class="irc-date">[2:16]</span> <span class="irc-black">&lt;atinm_&gt; if anyone sees thedood - ask him to look - it has been dead since morning</span><br />
<span class="irc-date">[2:16]</span> <span class="irc-black">&lt;atinm_&gt; at least.</span><br />
<span class="irc-date">[2:16]</span> <span class="irc-black">&lt;atinm_&gt; I have to reboot stuff . . .</span><br />
<span class="irc-date">[2:16]</span> <span class="irc-navy">* atinm_ (~atin@unaffiliated/atinm) Quit (Client Quit)</span><br />
<span class="irc-date">[10:59]</span> <span class="irc-brown">-anthony.freenode.net- *** Looking up your hostname...</span><br />
<span class="irc-date">[10:59]</span> <span class="irc-brown">-anthony.freenode.net- *** Checking Ident</span><br />
<span class="irc-date">[10:59]</span> <span class="irc-brown">-anthony.freenode.net- *** Found your hostname</span><br />
<span class="irc-date">[10:59]</span> <span class="irc-brown">-anthony.freenode.net- *** No Ident response</span><br />
<span class="irc-date">[10:59]</span> <span class="irc-green">* cmsgsteam-logger (~PircBot@cmsgs.com) has joined this channel.</span><br />
<span class="irc-date">[10:59]</span> <span class="irc-green">* Topic is 'SGS CyanogenMod developers and testers (and other kernel and android hackers) - <a href="http://www.cmsgs.com/'">http://www.cmsgs.com/'</a></span><br />
<span class="irc-date">[10:59]</span> <span class="irc-green">* Set by atinm|night!~atin@unaffiliated/atinm on Sun Dec 19 02:05:32 GMT 2010</span><br />
<span class="irc-date">[10:59]</span> <span class="irc-brown">-ChanServ- [#__topsecret__] SGS-CM6 developers and testers only pls. Others could be kickbanned if not contributing to the channel's function.</span><br />
<span class="irc-date">[10:59]</span> <span class="irc-green">* ChanServ sets mode +o cmsgsteam-logger</span><br />
<span class="irc-date">[12:22]</span> <span class="irc-green">* codeworkx (~codeworkx@95-89-111-251-dynip.superkabel.de) has joined this channel.</span><br />
