<span class="irc-date">[0:00]</span> <span class="irc-black">&lt;Unhelpful&gt; PEW PEW!</span><br />
<span class="irc-date">[0:01]</span> <span class="irc-black">&lt;codeworkx&gt; Unhelpful: <a href="http://www.youtube.com/watch?v=udlxr8t1nZM">http://www.youtube.com/watch?v=udlxr8t1nZM</a> enable english sub title. think you'll enjoy it</span><br />
<span class="irc-date">[0:03]</span> <span class="irc-brick">* Unhelpful is pretty sure there is proper german for things like "high resolution" and "touch screen"?</span><br />
<span class="irc-date">[0:03]</span> <span class="irc-black">&lt;codeworkx&gt; yes but we're using mostly english</span><br />
<span class="irc-date">[0:03]</span> <span class="irc-black">&lt;Unhelpful&gt; bahahahaha</span><br />
<span class="irc-date">[0:04]</span> <span class="irc-black">&lt;codeworkx&gt; technology made in germany xD</span><br />
<span class="irc-date">[0:04]</span> <span class="irc-black">&lt;Unhelpful&gt; &lt;3 the animation of media physically larger than the phone just disappearing into it</span><br />
<span class="irc-date">[0:05]</span> <span class="irc-brick">* Unhelpful really doesn't get why VW dropped the "german engineering" series of ads where they made fun of aftermarket mods on other cars :/</span><br />
<span class="irc-date">[0:05]</span> <span class="irc-black">&lt;codeworkx&gt; techmik: data mounted now?</span><br />
<span class="irc-date">[0:05]</span> <span class="irc-black">&lt;techmik&gt; yes</span><br />
<span class="irc-date">[0:05]</span> <span class="irc-black">&lt;codeworkx&gt; so it worked like a charm</span><br />
<span class="irc-date">[0:06]</span> <span class="irc-black">&lt;techmik&gt; hwat are the errors in the log?</span><br />
<span class="irc-date">[0:06]</span> <span class="irc-black">&lt;codeworkx&gt; no errors</span><br />
<span class="irc-date">[0:06]</span> <span class="irc-black">&lt;codeworkx&gt; except cannot unmount because it's not mounted</span><br />
<span class="irc-date">[0:06]</span> <span class="irc-black">&lt;codeworkx&gt; thats only to make sure</span><br />
<span class="irc-date">[0:06]</span> <span class="irc-black">&lt;techmik&gt; ah</span><br />
<span class="irc-date">[0:06]</span> <span class="irc-black">&lt;techmik&gt; k</span><br />
<span class="irc-date">[0:06]</span> <span class="irc-black">&lt;codeworkx&gt; ok. finally we got a pew pew initial</span><br />
<span class="irc-date">[0:07]</span> <span class="irc-black">&lt;codeworkx&gt; hope this is easy enough now</span><br />
<span class="irc-date">[0:07]</span> <span class="irc-black">&lt;codeworkx&gt; woks from 2e and cwm</span><br />
<span class="irc-date">[0:07]</span> <span class="irc-black">&lt;codeworkx&gt; with only 1 file</span><br />
<span class="irc-date">[0:07]</span> <span class="irc-black">&lt;techmik&gt; yup</span><br />
<span class="irc-date">[0:07]</span> <span class="irc-black">&lt;Unhelpful&gt; apparently launching a ricer car w/ a trebuchet didn't sell many VWs, i guess</span><br />
<span class="irc-date">[0:08]</span> <span class="irc-navy">* Kaik541 (~IWasNever@cpe-174-111-246-012.triad.res.rr.com) Quit (Ping timeout: 246 seconds)</span><br />
<span class="irc-date">[0:09]</span> <span class="irc-black">&lt;gehzumteufel&gt; There's this phone that seems to be vaporware</span><br />
<span class="irc-date">[0:09]</span> <span class="irc-black">&lt;gehzumteufel&gt; <a href="http://synapse-phones.com/">http://synapse-phones.com/</a></span><br />
<span class="irc-date">[0:09]</span> <span class="irc-black">&lt;Unhelpful&gt; heheheh... "do you know vat time it is?" "uh...." "time to un-pimp ze auto"</span><br />
<span class="irc-date">[0:12]</span> <span class="irc-black">&lt;codeworkx&gt; gehzumteufel: wtf</span><br />
<span class="irc-date">[0:12]</span> <span class="irc-black">&lt;codeworkx&gt; need</span><br />
<span class="irc-date">[0:12]</span> <span class="irc-black">&lt;gehzumteufel&gt; codeworkx: A DE company too!</span><br />
<span class="irc-date">[0:12]</span> <span class="irc-black">&lt;gehzumteufel&gt; codeworkx: Sadly, like I said, seems to be vaporware</span><br />
<span class="irc-date">[0:12]</span> <span class="irc-black">&lt;codeworkx&gt; wanna buy one</span><br />
<span class="irc-date">[0:13]</span> <span class="irc-brick">* gehzumteufel wants one too</span><br />
<span class="irc-date">[0:16]</span> <span class="irc-black">&lt;codeworkx&gt; dual core + 1024 mb + 12mp + 4g + everything else = win</span><br />
<span class="irc-date">[0:16]</span> <span class="irc-black">&lt;codeworkx&gt; but its only single</span><br />
<span class="irc-date">[0:16]</span> <span class="irc-black">&lt;gehzumteufel&gt; Yeah that's the problem</span><br />
<span class="irc-date">[0:16]</span> <span class="irc-black">&lt;codeworkx&gt; they're to slow</span><br />
<span class="irc-date">[0:17]</span> <span class="irc-black">&lt;gehzumteufel&gt; They announced this in Oct of last year</span><br />
<span class="irc-date">[0:17]</span> <span class="irc-black">&lt;gehzumteufel&gt; err Sept</span><br />
<span class="irc-date">[0:18]</span> <span class="irc-black">&lt;TMC_Sherpa_&gt; alright, I need to get out of here gehzumteufel were you able to test voice quality on a call?</span><br />
<span class="irc-date">[0:18]</span> <span class="irc-black">&lt;gehzumteufel&gt; I haven't yet.</span><br />
<span class="irc-date">[0:18]</span> <span class="irc-black">&lt;gehzumteufel&gt; Just been busy at work</span><br />
<span class="irc-date">[0:18]</span> <span class="irc-black">&lt;gehzumteufel&gt; Will get to it soon though</span><br />
<span class="irc-date">[0:18]</span> <span class="irc-black">&lt;TMC_Sherpa_&gt; k lemme know how it goes, that was the main problem with version1</span><br />
<span class="irc-date">[0:19]</span> <span class="irc-black">&lt;gehzumteufel&gt; Alright for sure. I'll call my sister soon and ask to make sure.</span><br />
<span class="irc-date">[0:19]</span> <span class="irc-black">&lt;TMC_Sherpa_&gt; well, that and techs phone hung, not sure what thats all about yet</span><br />
<span class="irc-date">[0:19]</span> <span class="irc-black">&lt;TMC_Sherpa_&gt; anyway, back later</span><br />
<span class="irc-date">[0:19]</span> <span class="irc-green">* TMC_Sherpa_ (~TMC_Sherp@c-24-15-177-87.hsd1.il.comcast.net) has left this channel.</span><br />
<span class="irc-date">[0:20]</span> <span class="irc-black">&lt;Unhelpful&gt; couldn't you just call voicemail? or dial-a-song? ;)</span><br />
<span class="irc-date">[0:21]</span> <span class="irc-brick">* Unhelpful doesn't think tmbg dial-a-song actually works right now... :/</span><br />
<span class="irc-date">[0:23]</span> <span class="irc-black">&lt;gehzumteufel&gt; The voicemail can't tell you how you sound on the other end</span><br />
<span class="irc-date">[0:23]</span> <span class="irc-black">&lt;gehzumteufel&gt; Plus, I use Google Voice. I don't even know what to do to access that shit without the app.</span><br />
<span class="irc-date">[0:23]</span> <span class="irc-black">&lt;gehzumteufel&gt; lol</span><br />
<span class="irc-date">[0:24]</span> <span class="irc-black">&lt;codeworkx&gt; uhh, hope nobody reads my last tweet</span><br />
<span class="irc-date">[0:24]</span> <span class="irc-black">&lt;codeworkx&gt; this would burn like hell xD</span><br />
<span class="irc-date">[0:24]</span> <span class="irc-black">&lt;gehzumteufel&gt; LOL</span><br />
<span class="irc-date">[0:25]</span> <span class="irc-black">&lt;gehzumteufel&gt; codeworkx: now != know :p</span><br />
<span class="irc-date">[0:27]</span> <span class="irc-black">&lt;codeworkx&gt; i think i'm going to release the new initial to confuse some users</span><br />
<span class="irc-date">[0:27]</span> <span class="irc-black">&lt;codeworkx&gt; as a test package</span><br />
<span class="irc-date">[0:44]</span> <span class="irc-black">&lt;gehzumteufel&gt; Do it</span><br />
<span class="irc-date">[0:44]</span> <span class="irc-black">&lt;gehzumteufel&gt; hahaha</span><br />
<span class="irc-date">[0:46]</span> <span class="irc-green">* Scepterr|AFK is now known as Scepterr</span><br />
<span class="irc-date">[0:51]</span> <span class="irc-black">&lt;codeworkx&gt; techmik: <a href="http://forum.xda-developers.com/showpost.php?p=13772430&amp;postcount=2167">http://forum.xda-developers.com/showpost.php?p=13772430&amp;postcount=2167</a></span><br />
<span class="irc-date">[0:51]</span> <span class="irc-black">&lt;codeworkx&gt; techmik: if it goes wrong, you're the bad guy</span><br />
<span class="irc-date">[0:52]</span> <span class="irc-black">&lt;techmik&gt; nice =)</span><br />
<span class="irc-date">[0:54]</span> <span class="irc-black">&lt;zachy_md&gt; codeworkx, that's way too easy XD</span><br />
<span class="irc-date">[0:55]</span> <span class="irc-black">&lt;codeworkx&gt; lawl</span><br />
<span class="irc-date">[0:55]</span> <span class="irc-black">&lt;codeworkx&gt; this zip is a beast</span><br />
<span class="irc-date">[0:57]</span> <span class="irc-black">&lt;codeworkx&gt; why is installing miui so complicated?</span><br />
<span class="irc-date">[0:57]</span> <span class="irc-black">&lt;codeworkx&gt; hrhr</span><br />
<span class="irc-date">[0:57]</span> <span class="irc-black">&lt;techmik&gt; lolol</span><br />
<span class="irc-date">[0:58]</span> <span class="irc-black">&lt;codeworkx&gt; next? if user is on samsung 2.3, flashz0r bootloaders</span><br />
<span class="irc-date">[0:58]</span> <span class="irc-black">&lt;codeworkx&gt; this is not going to happen</span><br />
