<span class="irc-date">[0:18]</span> <span class="irc-navy">* gdanko (~gdanko@66-162-32-185.static.twtelecom.net) Quit (Quit: gdanko)</span><br />
<span class="irc-date">[0:19]</span> <span class="irc-black">&lt;Mish12&gt; dasunsrule32: Pft, CM9 is where it's at.</span><br />
<span class="irc-date">[12:04]</span> <span class="irc-brown">-anthony.freenode.net- *** Looking up your hostname...</span><br />
<span class="irc-date">[12:04]</span> <span class="irc-brown">-anthony.freenode.net- *** Checking Ident</span><br />
<span class="irc-date">[12:04]</span> <span class="irc-brown">-anthony.freenode.net- *** No Ident response</span><br />
<span class="irc-date">[12:04]</span> <span class="irc-brown">-anthony.freenode.net- *** Found your hostname</span><br />
<span class="irc-date">[12:05]</span> <span class="irc-green">* cmsgsteam-logger (~PircBot@cmsgs.com) has joined this channel.</span><br />
<span class="irc-date">[12:05]</span> <span class="irc-green">* Topic is 'SGS CyanogenMod developers and testers (and other kernel and android hackers) - <a href="http://www.cmsgs.com/'">http://www.cmsgs.com/'</a></span><br />
<span class="irc-date">[12:05]</span> <span class="irc-green">* Set by atinm|night!~atin@unaffiliated/atinm on Sun Dec 19 02:05:32 GMT 2010</span><br />
<span class="irc-date">[12:05]</span> <span class="irc-brown">-ChanServ- [#__topsecret__] SGS-CM6 developers and testers only pls. Others could be kickbanned if not contributing to the channel's function.</span><br />
<span class="irc-date">[12:05]</span> <span class="irc-green">* ChanServ sets mode +o cmsgsteam-logger</span><br />
<span class="irc-date">[13:53]</span> <span class="irc-navy">* noobnl (~noob@unaffiliated/noobnl) Quit ()</span><br />
<span class="irc-date">[13:53]</span> <span class="irc-green">* noobnl (~noob@unaffiliated/noobnl) has joined this channel.</span><br />
<span class="irc-date">[13:54]</span> <span class="irc-navy">* noobnl (~noob@unaffiliated/noobnl) Quit (Client Quit)</span><br />
<span class="irc-date">[13:55]</span> <span class="irc-green">* noobnl (~noob@unaffiliated/noobnl) has joined this channel.</span><br />
<span class="irc-date">[14:23]</span> <span class="irc-green">* gdanko (~gdanko@66-162-32-185.static.twtelecom.net) has joined this channel.</span><br />
<span class="irc-date">[14:50]</span> <span class="irc-green">* neldar (~neldar@dsl-217-175-231.pool.bitel.net) has joined this channel.</span><br />
<span class="irc-date">[14:50]</span> <span class="irc-black">&lt;- *neldar* Bot Sentry eingeschalten:  Sie werden jetzt ignoriert!  Ihre Nachricht wird übermittelt wenn sie die folgenden Fragen innerhalb von 10 Minuten richtig beantworten:  How do you spell the result of ten div_ided by 2?</span><br />
<span class="irc-date">[15:32]</span> <span class="irc-green">* codeworkx (~codeworkx@95-89-111-251-dynip.superkabel.de) has joined this channel.</span><br />
<span class="irc-date">[15:36]</span> <span class="irc-black">&lt;UberPinguin&gt; Am I incorrect in thinking all the GX phones are based around the same SoC?</span><br />
<span class="irc-date">[16:11]</span> <span class="irc-navy">* neldar (~neldar@dsl-217-175-231.pool.bitel.net) Quit (Quit: Leaving.)</span><br />
<span class="irc-date">[16:52]</span> <span class="irc-green">* skeeterslint (~skeetersl@c-71-192-215-99.hsd1.ma.comcast.net) has joined this channel.</span><br />
<span class="irc-date">[17:36]</span> <span class="irc-green">* GuiPer (~GuiPer@ip-86-49-25-242.net.upcbroadband.cz) has joined this channel.</span><br />
<span class="irc-date">[17:59]</span> <span class="irc-green">* GuiPer (~GuiPer@ip-86-49-25-242.net.upcbroadband.cz) has left this channel.</span><br />
<span class="irc-date">[18:10]</span> <span class="irc-green">* dasunsrule32 (~dasunsrul@christiantechsaz.com) has joined this channel.</span><br />
<span class="irc-date">[18:19]</span> <span class="irc-green">* thedood is now known as thedood|away</span><br />
<span class="irc-date">[18:28]</span> <span class="irc-green">* thedood|away is now known as thedood</span><br />
<span class="irc-date">[18:32]</span> <span class="irc-navy">* dasunsrule32 (~dasunsrul@christiantechsaz.com) Quit (Read error: Operation timed out)</span><br />
<span class="irc-date">[18:49]</span> <span class="irc-black">&lt;UberPinguin&gt; <a href="http://dpaste.com/310434/">http://dpaste.com/310434/</a>  Has anyone else run into these errors when building the GT-i9000 JPX sources?  I can't find the relevant kernel options to enable to get these symbols</span><br />
<span class="irc-date">[19:02]</span> <span class="irc-green">* GuiPer (~GuiPer@ip-86-49-25-242.net.upcbroadband.cz) has joined this channel.</span><br />
<span class="irc-date">[19:06]</span> <span class="irc-navy">* GuiPer (~GuiPer@ip-86-49-25-242.net.upcbroadband.cz) Quit (Ping timeout: 240 seconds)</span><br />
<span class="irc-date">[19:21]</span> <span class="irc-green">* coolya|away is now known as coolya</span><br />
<span class="irc-date">[19:42]</span> <span class="irc-green">* coolya is now known as coolya|away</span><br />
<span class="irc-date">[20:03]</span> <span class="irc-green">* coolya|away is now known as coolya</span><br />
<span class="irc-date">[21:17]</span> <span class="irc-navy">* jt1134 (~jt1134@c-71-207-226-80.hsd1.al.comcast.net) Quit (Quit: Leaving)</span><br />
<span class="irc-date">[21:24]</span> <span class="irc-green">* jt1134 (~jt1134@c-71-207-226-80.hsd1.al.comcast.net) has joined this channel.</span><br />
<span class="irc-date">[21:35]</span> <span class="irc-green">* dasunsrule32 (~dasunsrul@christiantechsaz.com) has joined this channel.</span><br />
<span class="irc-date">[21:36]</span> <span class="irc-navy">* codeworkx (~codeworkx@95-89-111-251-dynip.superkabel.de) Quit (Read error: Connection reset by peer)</span><br />
<span class="irc-date">[21:36]</span> <span class="irc-navy">* jt1134 (~jt1134@c-71-207-226-80.hsd1.al.comcast.net) Quit (Quit: Leaving)</span><br />
