<span class="irc-date">[0:04]</span> <span class="irc-green">* Kaik541 (~Rawr@cpe-66-68-164-213.austin.res.rr.com) has joined this channel.</span><br />
<span class="irc-date">[0:06]</span> <span class="irc-green">* ciwrl|food is now known as ciwrl</span><br />
<span class="irc-date">[1:11]</span> <span class="irc-black">&lt;chaembian_&gt; With respect to Vibrant, the GPIOs used in the function panel_cfg_gpio() // CMSGS is different from the GPIOs used in the function tl2796_cfg_gpio() // KA6</span><br />
<span class="irc-date">[1:12]</span> <span class="irc-black">&lt;techmik&gt; cool <a href="http://www.xda-developers.com/android/boot-animation-resident-evil-umbrella-for-android/">http://www.xda-developers.com/android/boot-animation-resident-evil-umbrella-for-android/</a></span><br />
<span class="irc-date">[1:14]</span> <span class="irc-green">* Zilch25 (Zilch25@c-76-109-50-219.hsd1.fl.comcast.net) has joined this channel.</span><br />
<span class="irc-date">[1:20]</span> <span class="irc-black">&lt;Kaik541&gt; <a href="http://forum.xda-developers.com/showthread.php?t=1019244">http://forum.xda-developers.com/showthread.php?t=1019244</a></span><br />
<span class="irc-date">[1:21]</span> <span class="irc-black">&lt;Kaik541&gt; woops wrong link</span><br />
<span class="irc-date">[1:21]</span> <span class="irc-black">&lt;Kaik541&gt; <a href="https://github.com/daryelv/android_frameworks_base/blob/gingerbread/packages/SystemUI/src/com/android/systemui/statusbar/StatusBarService.java">https://github.com/daryelv/android_frameworks_base/blob/gingerbread/packages/SystemUI/src/com/android/systemui/statusbar/StatusBarService.java</a></span><br />
<span class="irc-date">[1:21]</span> <span class="irc-black">&lt;Kaik541&gt; slide for brightness :O</span><br />
<span class="irc-date">[1:24]</span> <span class="irc-green">* crypta (~KP@port-2885.pppoe.wtnet.de) has joined this channel.</span><br />
<span class="irc-date">[1:25]</span> <span class="irc-green">* nullghost (~quassel@c-76-18-157-237.hsd1.tn.comcast.net) has joined this channel.</span><br />
<span class="irc-date">[1:25]</span> <span class="irc-black">&lt;chaembian_&gt; I'll take back that. Both functions sets  S5PV210_GPF0, S5PV210_GPF1, S5PV210_GPF2 and S5PV210_GPF3 the same way.</span><br />
<span class="irc-date">[1:32]</span> <span class="irc-navy">* crypta1 (~KP@port-2885.pppoe.wtnet.de) Quit (Ping timeout: 240 seconds)</span><br />
<span class="irc-date">[1:46]</span> <span class="irc-navy">* Zilch25 (Zilch25@c-76-109-50-219.hsd1.fl.comcast.net) Quit (Ping timeout: 258 seconds)</span><br />
<span class="irc-date">[1:51]</span> <span class="irc-navy">* coolya|away (~coolya@microdoof.net) Quit (Ping timeout: 248 seconds)</span><br />
<span class="irc-date">[1:51]</span> <span class="irc-green">* coolya|away (~coolya@microdoof.net) has joined this channel.</span><br />
<span class="irc-date">[2:07]</span> <span class="irc-navy">* ciwrl (~ciwrl@pool-173-79-48-3.washdc.fios.verizon.net) Quit (Ping timeout: 260 seconds)</span><br />
<span class="irc-date">[2:07]</span> <span class="irc-green">* ciwrl (~ciwrl@pool-173-79-48-3.washdc.fios.verizon.net) has joined this channel.</span><br />
<span class="irc-date">[2:25]</span> <span class="irc-black">&lt;chaembian_&gt; Will it help if I list the differences on GPIOs I find?</span><br />
<span class="irc-date">[2:26]</span> <span class="irc-black">&lt;chaembian_&gt; It'll be a dumb listing of sorts with some commentary that hopefully adds wee little more value than a diff :)</span><br />
<span class="irc-date">[2:26]</span> <span class="irc-black">&lt;Kaik541&gt; I'm betting atinm would love that, since he planned on doing something similar</span><br />
<span class="irc-date">[2:28]</span> <span class="irc-black">&lt;techmik&gt; i agree</span><br />
<span class="irc-date">[2:42]</span> <span class="irc-black">&lt;chaembian_&gt; OK!</span><br />
<span class="irc-date">[2:43]</span> <span class="irc-black">&lt;techmik&gt; he'll be very happy</span><br />
<span class="irc-date">[2:43]</span> <span class="irc-black">&lt;techmik&gt; he was avoiding that very task</span><br />
<span class="irc-date">[2:43]</span> <span class="irc-black">&lt;techmik&gt; but he knew  it was necessary</span><br />
<span class="irc-date">[2:43]</span> <span class="irc-black">&lt;chaembian_&gt; Yeah, I saw his notes on this earlier. I thought I'll do it though I was not sure about the value I could bring in.</span><br />
<span class="irc-date">[2:44]</span> <span class="irc-black">&lt;chaembian_&gt; I'll just throw in what I find. If more info is required, just steer me on the approach.</span><br />
<span class="irc-date">[2:45]</span> <span class="irc-black">&lt;techmik&gt; i just know what he said in here.... he needed to go thru them all 1 by 1</span><br />
<span class="irc-date">[2:53]</span> <span class="irc-navy">* birdman (~Steven@24.246.130.106) Quit (Ping timeout: 246 seconds)</span><br />
<span class="irc-date">[2:54]</span> <span class="irc-green">* birdman (~Steven@24.246.130.106) has joined this channel.</span><br />
