<span class="irc-date">[0:02]</span> <span class="irc-green">* techmik_captivat (~techmik@32.128.23.210) has joined this channel.</span><br />
<span class="irc-date">[0:02]</span> <span class="irc-black">&lt;techmik_captivat&gt; I'm in my car using voice chat</span><br />
<span class="irc-date">[0:03]</span> <span class="irc-green">* kalpik (~kalpik@unaffiliated/kalpik) has joined this channel.</span><br />
<span class="irc-date">[0:05]</span> <span class="irc-green">* codeworkx (~codeworkx@188-195-7-18-dynip.superkabel.de) has joined this channel.</span><br />
<span class="irc-date">[0:05]</span> <span class="irc-green">* ChanServ sets mode +o codeworkx</span><br />
<span class="irc-date">[0:05]</span> <span class="irc-black">&lt;techmik_captivat&gt; I'll be home in 45 minutes</span><br />
<span class="irc-date">[0:13]</span> <span class="irc-navy">* kalpik (~kalpik@unaffiliated/kalpik) Quit (Ping timeout: 260 seconds)</span><br />
<span class="irc-date">[0:13]</span> <span class="irc-black">&lt;gehzumteufel&gt; I tried the video chat yesterday. It works quite well</span><br />
<span class="irc-date">[0:13]</span> <span class="irc-black">&lt;gehzumteufel&gt; Especially considering all I have is a rear camera.</span><br />
<span class="irc-date">[0:14]</span> <span class="irc-black">&lt;Unhelpful&gt; how does that work, use a mirror?</span><br />
<span class="irc-date">[0:16]</span> <span class="irc-navy">* Wout|sleep (~Wout@s559776f4.adsl.wanadoo.nl) Quit (Ping timeout: 240 seconds)</span><br />
<span class="irc-date">[0:21]</span> <span class="irc-black">&lt;gehzumteufel&gt; I could</span><br />
<span class="irc-date">[0:22]</span> <span class="irc-black">&lt;gehzumteufel&gt; My friend was on via his computer</span><br />
<span class="irc-date">[0:22]</span> <span class="irc-green">* Wout` (~Wout@s559776f4.adsl.wanadoo.nl) has joined this channel.</span><br />
<span class="irc-date">[0:22]</span> <span class="irc-black">&lt;gehzumteufel&gt; So I saw him fine.</span><br />
<span class="irc-date">[0:22]</span> <span class="irc-black">&lt;gehzumteufel&gt; The latest that codeworkx linked me last night</span><br />
<span class="irc-date">[0:22]</span> <span class="irc-black">&lt;gehzumteufel&gt; Yeah</span><br />
<span class="irc-date">[0:22]</span> <span class="irc-black">&lt;gehzumteufel&gt; For computers, you have to install the video plugin</span><br />
<span class="irc-date">[0:22]</span> <span class="irc-black">&lt;gehzumteufel&gt; It's not automatic</span><br />
<span class="irc-date">[0:23]</span> <span class="irc-black">&lt;gehzumteufel&gt; Yeah</span><br />
<span class="irc-date">[0:23]</span> <span class="irc-black">&lt;gehzumteufel&gt; Doubt it. I was signed on from computer and phone. Worked fine.</span><br />
<span class="irc-date">[0:25]</span> <span class="irc-black">&lt;atinm&gt; &lt;6&gt;[ 6722.861162] PM: late suspend of devices complete after 0.279 msecs</span><br />
<span class="irc-date">[0:25]</span> <span class="irc-black">&lt;atinm&gt; &lt;7&gt;[ 6722.861162] S5P_WAKEUP_STAT 0x2</span><br />
<span class="irc-date">[0:25]</span> <span class="irc-black">&lt;atinm&gt; &lt;7&gt;[ 6722.861162] EINT_PEND 0x0, 0x0, 0x20, 0x0</span><br />
<span class="irc-date">[0:25]</span> <span class="irc-black">&lt;atinm&gt; &lt;6&gt;[ 6722.861460] PM: early resume of devices complete after 0.182 msecs</span><br />
<span class="irc-date">[0:26]</span> <span class="irc-black">&lt;atinm&gt; damn it, what is that external interrupt</span><br />
<span class="irc-date">[0:26]</span> <span class="irc-black">&lt;atinm&gt; won't let our cpu sleep</span><br />
<span class="irc-date">[0:26]</span> <span class="irc-black">&lt;atinm&gt; suspend</span><br />
<span class="irc-date">[0:26]</span> <span class="irc-green">* kalpik (~kalpik@unaffiliated/kalpik) has joined this channel.</span><br />
<span class="irc-date">[0:26]</span> <span class="irc-black">&lt;codeworkx&gt; dont know</span><br />
<span class="irc-date">[0:26]</span> <span class="irc-black">&lt;Unhelpful&gt; /proc/interrupts iirc? ;)</span><br />
<span class="irc-date">[0:27]</span> <span class="irc-black">&lt;atinm&gt; don't now how to convert that</span><br />
<span class="irc-date">[0:28]</span> <span class="irc-black">&lt;atinm&gt; I think it is usb</span><br />
<span class="irc-date">[0:28]</span> <span class="irc-black">&lt;atinm&gt; but not 100%</span><br />
<span class="irc-date">[0:28]</span> <span class="irc-black">&lt;atinm&gt; WAKEUP_STAT 0x2 means eint</span><br />
<span class="irc-date">[0:28]</span> <span class="irc-black">&lt;atinm&gt; and 0x20 means ...</span><br />
<span class="irc-date">[0:28]</span> <span class="irc-black">&lt;atinm&gt; ?</span><br />
<span class="irc-date">[0:28]</span> <span class="irc-black">&lt;atinm&gt; 0000 0000 0010 0000</span><br />
<span class="irc-date">[0:28]</span> <span class="irc-black">&lt;atinm&gt; or actually, 0000 0010 0000 0000</span><br />
<span class="irc-date">[0:29]</span> <span class="irc-black">&lt;codeworkx&gt; Unhelpful: a sleep 3 doesn't solve my problem -.-</span><br />
<span class="irc-date">[0:30]</span> <span class="irc-black">&lt;atinm&gt; rtc-tick</span><br />
<span class="irc-date">[0:30]</span> <span class="irc-black">&lt;Unhelpful&gt; codeworkx: and if you *don't* do this check in kernel, and just boot straight to recovery... what do you see in /system?</span><br />
<span class="irc-date">[0:30]</span> <span class="irc-black">&lt;atinm&gt; so a clock interrupt wakes the cpu?</span><br />
<span class="irc-date">[0:31]</span> <span class="irc-green">* ericdet (~eric@74-136-162-133.dhcp.insightbb.com) has left this channel.</span><br />
<span class="irc-date">[0:31]</span> <span class="irc-navy">* kalpik (~kalpik@unaffiliated/kalpik) Quit (Ping timeout: 240 seconds)</span><br />
<span class="irc-date">[0:31]</span> <span class="irc-black">&lt;codeworkx&gt; Unhelpful: flashed latest update, removed battery, 3button recovery, system is fuct</span><br />
<span class="irc-date">[0:32]</span> <span class="irc-black">&lt;Unhelpful&gt; codeworkx: ...right, so, what you're seeing is apparently what is actually there. :/</span><br />
<span class="irc-date">[0:32]</span> <span class="irc-black">&lt;Unhelpful&gt; wipe it and try again? :/</span><br />
<span class="irc-date">[0:32]</span> <span class="irc-black">&lt;atinm&gt; <a href="http://pastebin.com/jC6p4w0T">http://pastebin.com/jC6p4w0T</a></span><br />
<span class="irc-date">[0:35]</span> <span class="irc-green">* wwyvern (~wwyvern@adsl-074-167-175-227.sip.jax.bellsouth.net) has joined this channel.</span><br />
<span class="irc-date">[0:35]</span> <span class="irc-black">&lt;atinm&gt; nah, not rtc</span><br />
<span class="irc-date">[0:36]</span> <span class="irc-black">&lt;wwyvern&gt; Hi all...</span><br />
<span class="irc-date">[0:36]</span> <span class="irc-black">&lt;wwyvern&gt; 5/4 update did very nice things for my battery...THANKS!</span><br />
<span class="irc-date">[0:39]</span> <span class="irc-black">&lt;wwyvern&gt; anything to test yet?</span><br />
<span class="irc-date">[0:39]</span> <span class="irc-black">&lt;codeworkx&gt; selling sgs, anyone interested?</span><br />
<span class="irc-date">[0:39]</span> <span class="irc-black">&lt;wwyvern&gt; not I..put too much work into my vibrant</span><br />
<span class="irc-date">[0:40]</span> <span class="irc-black">&lt;wwyvern&gt; but if I see anyone looking, I'll point them your way</span><br />
<span class="irc-date">[0:40]</span> <span class="irc-black">&lt;gehzumteufel&gt; codeworkx: lol why? :p</span><br />
<span class="irc-date">[0:40]</span> <span class="irc-black">&lt;atinm&gt; he is kidding</span><br />
<span class="irc-date">[0:40]</span> <span class="irc-black">&lt;atinm&gt; he is mad at it</span><br />
<span class="irc-date">[0:40]</span> <span class="irc-black">&lt;gehzumteufel&gt; haha yeah I know</span><br />
<span class="irc-date">[0:41]</span> <span class="irc-black">&lt;codeworkx&gt; a) mtd is crap b) onenand is crap c) samsung sucks</span><br />
<span class="irc-date">[0:41]</span> <span class="irc-brick">* gehzumteufel wants a G2x/O2x</span><br />
<span class="irc-date">[0:41]</span> <span class="irc-black">&lt;atinm&gt; answer is C</span><br />
<span class="irc-date">[0:41]</span> <span class="irc-black">&lt;codeworkx&gt; i think its b+c</span><br />
<span class="irc-date">[0:41]</span> <span class="irc-black">&lt;wwyvern&gt; 42</span><br />
<span class="irc-date">[0:41]</span> <span class="irc-black">&lt;gehzumteufel&gt; lol</span><br />
<span class="irc-date">[0:42]</span> <span class="irc-black">&lt;atinm&gt; useless bloody bastard thing</span><br />
<span class="irc-date">[0:42]</span> <span class="irc-black">&lt;atinm&gt; FSA9480 micro USB switch device driver</span><br />
<span class="irc-date">[0:42]</span> <span class="irc-black">&lt;atinm&gt; it won't let our cpu suspend</span><br />
<span class="irc-date">[0:43]</span> <span class="irc-black">&lt;atinm&gt; even tho no usb is plugged in</span><br />
<span class="irc-date">[0:44]</span> <span class="irc-green">* DocMAX2 (~docmax@g224154243.adsl.alicedsl.de) has joined this channel.</span><br />
<span class="irc-date">[0:44]</span> <span class="irc-black">&lt;atinm&gt; ah ... maybe.</span><br />
<span class="irc-date">[0:44]</span> <span class="irc-black">&lt;codeworkx&gt; Unhelpful: sometimes it's corrupted, sometimes not. dont know whats going on</span><br />
<span class="irc-date">[0:44]</span> <span class="irc-black">&lt;codeworkx&gt; had the same crap on cm6 and ext4 ontop of bml</span><br />
<span class="irc-date">[0:45]</span> <span class="irc-black">&lt;gehzumteufel&gt; defective nand controller?</span><br />
<span class="irc-date">[0:45]</span> <span class="irc-black">&lt;atinm&gt; I think so tho</span><br />
<span class="irc-date">[0:45]</span> <span class="irc-black">&lt;codeworkx&gt; must be these crappy onenand</span><br />
<span class="irc-date">[0:45]</span> <span class="irc-navy">* DocMAX (~docmax@g224154084.adsl.alicedsl.de) Quit (Ping timeout: 260 seconds)</span><br />
<span class="irc-date">[0:45]</span> <span class="irc-navy">* techmik_captivat (~techmik@32.128.23.210) Quit (Quit: Bye)</span><br />
<span class="irc-date">[0:45]</span> <span class="irc-black">&lt;codeworkx&gt; doesn't matter. sgs = toy</span><br />
<span class="irc-date">[0:45]</span> <span class="irc-black">&lt;gehzumteufel&gt; what's your primary device?</span><br />
<span class="irc-date">[0:45]</span> <span class="irc-black">&lt;codeworkx&gt; lg2x</span><br />
<span class="irc-date">[0:46]</span> <span class="irc-black">&lt;Unhelpful&gt; codeworkx: so, to test, you're flashing rfs and a stock firmware w/ odin or heimdall?</span><br />
<span class="irc-date">[0:46]</span> <span class="irc-brick">* gehzumteufel is envious</span><br />
<span class="irc-date">[0:46]</span> <span class="irc-black">&lt;codeworkx&gt; Unhelpful: why should i do it?</span><br />
<span class="irc-date">[0:46]</span> <span class="irc-black">&lt;Unhelpful&gt; codeworkx: well, i mean,you're testing initial flash, right? so i assume you're coming from a stock fw?</span><br />
<span class="irc-date">[0:47]</span> <span class="irc-black">&lt;codeworkx&gt; Unhelpful: no, did it once today. i'm flashing a update, and rebooting to recovery. sometimes system is ok, sometimes not</span><br />
<span class="irc-date">[0:48]</span> <span class="irc-black">&lt;codeworkx&gt; Unhelpful: if it's ok and i'm doing a normal reboot it doesn't find the build.prop. but don't know why.</span><br />
<span class="irc-date">[0:50]</span> <span class="irc-black">&lt;codeworkx&gt; seems mounting in 1st stage init kills system</span><br />
<span class="irc-date">[0:50]</span> <span class="irc-green">* kalpik (~kalpik@unaffiliated/kalpik) has joined this channel.</span><br />
<span class="irc-date">[0:50]</span> <span class="irc-black">&lt;Unhelpful&gt; that makes *no* sense, though :(</span><br />
<span class="irc-date">[0:51]</span> <span class="irc-black">&lt;codeworkx&gt; it does. its samsung</span><br />
<span class="irc-date">[0:51]</span> <span class="irc-black">&lt;codeworkx&gt; Unhelpful: think it's not fully ready or something.</span><br />
<span class="irc-date">[0:52]</span> <span class="irc-black">&lt;Unhelpful&gt; and yet, if there is no stage1, and init just runs and mounts /system, it's fine? :/</span><br />
<span class="irc-date">[0:52]</span> <span class="irc-black">&lt;codeworkx&gt; same shit as on cm6 with bml and ext4.</span><br />
<span class="irc-date">[0:52]</span> <span class="irc-black">&lt;codeworkx&gt; Unhelpful: i think it's simply a timing thing</span><br />
<span class="irc-date">[0:52]</span> <span class="irc-black">&lt;codeworkx&gt; Unhelpful: 1stage does it very early. normal init not</span><br />
<span class="irc-date">[0:53]</span> <span class="irc-black">&lt;codeworkx&gt; Unhelpful: think curio had a similar problem too</span><br />
<span class="irc-date">[0:53]</span> <span class="irc-black">&lt;codeworkx&gt; Unhelpful: look at his 2 stage voodoo stuff ;-)</span><br />
<span class="irc-date">[0:53]</span> <span class="irc-black">&lt;Unhelpful&gt; i'm not really sure about that, how much time actually passes before /system mounts in init.rc? it just doesn't seem like it can be much.</span><br />
<span class="irc-date">[0:53]</span> <span class="irc-black">&lt;codeworkx&gt; gimme dmesg of you device</span><br />
<span class="irc-date">[0:54]</span> <span class="irc-black">&lt;codeworkx&gt; oh oh</span><br />
<span class="irc-date">[0:54]</span> <span class="irc-black">&lt;codeworkx&gt; &lt;6&gt;[    5.404080] yaffs: dev is 32505859 name is "mtdblock3" rw</span><br />
<span class="irc-date">[0:55]</span> <span class="irc-black">&lt;codeworkx&gt; &lt;6&gt;[    5.404220] yaffs: passed flags ""</span><br />
<span class="irc-date">[0:55]</span> <span class="irc-black">&lt;codeworkx&gt; &lt;7&gt;[    5.404333] yaffs: Attempting MTD mount of 31.3,"mtdblock3"</span><br />
<span class="irc-date">[0:55]</span> <span class="irc-black">&lt;codeworkx&gt; this is your cache mount</span><br />
<span class="irc-date">[0:55]</span> <span class="irc-black">&lt;Unhelpful&gt; that would be a lot easier w/ adb. i backed up and wiped my laptop last night.</span><br />
<span class="irc-date">[0:55]</span> <span class="irc-black">&lt;codeworkx&gt; and one second later</span><br />
<span class="irc-date">[0:55]</span> <span class="irc-black">&lt;codeworkx&gt; &lt;6&gt;[    6.000835] init: processing action 0x26fb8 (fs)</span><br />
<span class="irc-date">[0:55]</span> <span class="irc-black">&lt;codeworkx&gt; &lt;6&gt;[    6.001031] init: mtd partition 0, boot</span><br />
<span class="irc-date">[0:55]</span> <span class="irc-black">&lt;codeworkx&gt; &lt;6&gt;[    6.001225] init: mtd partition 1, recovery</span><br />
<span class="irc-date">[0:55]</span> <span class="irc-black">&lt;codeworkx&gt; &lt;6&gt;[    6.001348] init: mtd partition 2, system</span><br />
<span class="irc-date">[0:55]</span> <span class="irc-black">&lt;codeworkx&gt; &lt;6&gt;[    6.001470] init: mtd partition 3, cache</span><br />
<span class="irc-date">[0:55]</span> <span class="irc-black">&lt;codeworkx&gt; &lt;6&gt;[    6.001659] init: mtd partition 4, efs</span><br />
<span class="irc-date">[0:55]</span> <span class="irc-black">&lt;codeworkx&gt; &lt;6&gt;[    6.001779] init: mtd partition 5, radio</span><br />
<span class="irc-date">[0:55]</span> <span class="irc-black">&lt;codeworkx&gt; &lt;6&gt;[    6.001899] init: mtd partition 6, datadata</span><br />
<span class="irc-date">[0:55]</span> <span class="irc-black">&lt;codeworkx&gt; &lt;6&gt;[    6.002093] init: mtd partition 7, reservoir</span><br />
<span class="irc-date">[0:55]</span> <span class="irc-black">&lt;Unhelpful&gt; that would be the real init starting, right?</span><br />
<span class="irc-date">[0:56]</span> <span class="irc-black">&lt;codeworkx&gt; real init comes at 6.00</span><br />
<span class="irc-date">[0:57]</span> <span class="irc-black">&lt;codeworkx&gt; but this partition info at 6.000835 comes after we've tried to mount</span><br />
<span class="irc-date">[0:57]</span> <span class="irc-black">&lt;codeworkx&gt; it's simply not fully ready</span><br />
<span class="irc-date">[0:57]</span> <span class="irc-black">&lt;codeworkx&gt; i think</span><br />
<span class="irc-date">[0:57]</span> <span class="irc-black">&lt;Unhelpful&gt; really, that looks to me like init is reporting the mtd partitions, for some reason.</span><br />
<span class="irc-date">[0:59]</span> <span class="irc-navy">* kalpik (~kalpik@unaffiliated/kalpik) Quit (Ping timeout: 260 seconds)</span><br />
